2022-05-15 00:03:31 There were 284 links that passed the next "Link Alive Check" confirmation date and time.
2022-05-15 00:03:31 [1] Confirmed the "Link Alive Check". (NextTime=1970-01-01 00:00:00 Result= URL=)
2022-05-15 00:03:31 [2] Confirmed the "Link Alive Check". (NextTime=1970-01-01 00:00:00 Result= URL=)
2022-05-15 00:03:32 [3] Confirmed the "Link Alive Check". (NextTime=1970-01-01 00:00:00 Result= URL=)
2022-05-15 00:03:32 [4] Confirmed the "Link Alive Check". (NextTime=1970-01-01 00:00:00 Result= URL=)
2022-05-15 00:03:32 [5] Confirmed the "Link Alive Check". (NextTime=1970-01-01 00:00:00 Result= URL=)
2022-05-15 00:25:28 There were 2 links that passed the next "Check SNS Count" confirmation date and time.
2022-05-15 00:25:28 [1] Confirmed the "Check SNS Count". (NextTime=2021-03-20 22:02:44 URL=https://www.amazon.co.jp/gp/product/B07QNVHMFC/ref=as_li_ss_il?ie=UTF8&#038;psc=1&#038;linkCode=li2&#038;tag=drunkar-22&#038;linkId=d9dcb66a676446c9063f6fa75839ce05)
2022-05-15 00:25:28 [2] Confirmed the "Check SNS Count". (NextTime=2021-04-15 05:51:09 URL=https://www.amazon.co.jp/gp/product/B01M7TY9VR/ref=as_li_ss_il?ie=UTF8&#038;psc=1&#038;linkCode=li2&#038;tag=drunkar-22&#038;linkId=06abe48d395e49adf8dce51f8326505a&#038;language=ja_JP)
2022-05-15 00:43:13 There were 284 links that passed the next "Link Alive Check" confirmation date and time.
2022-05-15 00:43:13 [1] Confirmed the "Link Alive Check". (NextTime=1970-01-01 00:00:00 Result= URL=)
2022-05-15 00:43:13 [2] Confirmed the "Link Alive Check". (NextTime=1970-01-01 00:00:00 Result= URL=)
2022-05-15 00:43:13 [3] Confirmed the "Link Alive Check". (NextTime=1970-01-01 00:00:00 Result= URL=)
2022-05-15 00:43:14 [4] Confirmed the "Link Alive Check". (NextTime=1970-01-01 00:00:00 Result= URL=)
2022-05-15 00:43:14 [5] Confirmed the "Link Alive Check". (NextTime=1970-01-01 00:00:00 Result= URL=)
2022-05-15 01:07:57 There were 284 links that passed the next "Link Alive Check" confirmation date and time.
2022-05-15 01:07:57 [1] Confirmed the "Link Alive Check". (NextTime=1970-01-01 00:00:00 Result= URL=)
2022-05-15 01:07:57 [2] Confirmed the "Link Alive Check". (NextTime=1970-01-01 00:00:00 Result= URL=)
2022-05-15 01:07:57 [3] Confirmed the "Link Alive Check". (NextTime=1970-01-01 00:00:00 Result= URL=)
2022-05-15 01:07:58 [4] Confirmed the "Link Alive Check". (NextTime=1970-01-01 00:00:00 Result= URL=)
2022-05-15 01:07:58 [5] Confirmed the "Link Alive Check". (NextTime=1970-01-01 00:00:00 Result= URL=)
2022-05-15 01:23:45 There were 2 links that passed the next "Check SNS Count" confirmation date and time.
2022-05-15 01:23:45 [1] Confirmed the "Check SNS Count". (NextTime=2021-04-15 04:16:50 URL=https://sekailab.com/wp/2019/05/08/google-translation-with-kindle-cloud-reader)
2022-05-15 01:23:45 [2] Confirmed the "Check SNS Count". (NextTime=2021-03-20 10:53:21 URL=https://sekailab.com/wp/2018/02/03/watch-process-to-send-gmail-with-python3/)
2022-05-15 01:43:25 There were 284 links that passed the next "Link Alive Check" confirmation date and time.
2022-05-15 01:43:25 [1] Confirmed the "Link Alive Check". (NextTime=1970-01-01 00:00:00 Result= URL=)
2022-05-15 01:43:25 [2] Confirmed the "Link Alive Check". (NextTime=1970-01-01 00:00:00 Result= URL=)
2022-05-15 01:43:26 [3] Confirmed the "Link Alive Check". (NextTime=1970-01-01 00:00:00 Result= URL=)
2022-05-15 01:43:26 [4] Confirmed the "Link Alive Check". (NextTime=1970-01-01 00:00:00 Result= URL=)
2022-05-15 01:43:26 [5] Confirmed the "Link Alive Check". (NextTime=1970-01-01 00:00:00 Result= URL=)
2022-05-15 02:11:32 There were 284 links that passed the next "Link Alive Check" confirmation date and time.
2022-05-15 02:11:32 [1] Confirmed the "Link Alive Check". (NextTime=1970-01-01 00:00:00 Result= URL=)
2022-05-15 02:11:32 [2] Confirmed the "Link Alive Check". (NextTime=1970-01-01 00:00:00 Result= URL=)
2022-05-15 02:11:33 [3] Confirmed the "Link Alive Check". (NextTime=1970-01-01 00:00:00 Result= URL=)
2022-05-15 02:11:33 [4] Confirmed the "Link Alive Check". (NextTime=1970-01-01 00:00:00 Result= URL=)
2022-05-15 02:11:33 [5] Confirmed the "Link Alive Check". (NextTime=1970-01-01 00:00:00 Result= URL=)
2022-05-15 02:23:09 There were 1 links that passed the next "Check SNS Count" confirmation date and time.
2022-05-15 02:23:09 [1] Confirmed the "Check SNS Count". (NextTime=2021-04-15 21:59:51 URL=https://sekailab.com/wp/2018/01/01/crawl-anyway-2018)
2022-05-15 02:44:33 There were 284 links that passed the next "Link Alive Check" confirmation date and time.
2022-05-15 02:44:33 [1] Confirmed the "Link Alive Check". (NextTime=1970-01-01 00:00:00 Result= URL=)
2022-05-15 02:44:33 [2] Confirmed the "Link Alive Check". (NextTime=1970-01-01 00:00:00 Result= URL=)
2022-05-15 02:44:33 [3] Confirmed the "Link Alive Check". (NextTime=1970-01-01 00:00:00 Result= URL=)
2022-05-15 02:44:34 [4] Confirmed the "Link Alive Check". (NextTime=1970-01-01 00:00:00 Result= URL=)
2022-05-15 02:44:34 [5] Confirmed the "Link Alive Check". (NextTime=1970-01-01 00:00:00 Result= URL=)
2022-05-15 03:11:48 There were 284 links that passed the next "Link Alive Check" confirmation date and time.
2022-05-15 03:11:48 [1] Confirmed the "Link Alive Check". (NextTime=1970-01-01 00:00:00 Result= URL=)
2022-05-15 03:11:48 [2] Confirmed the "Link Alive Check". (NextTime=1970-01-01 00:00:00 Result= URL=)
2022-05-15 03:11:48 [3] Confirmed the "Link Alive Check". (NextTime=1970-01-01 00:00:00 Result= URL=)
2022-05-15 03:11:49 [4] Confirmed the "Link Alive Check". (NextTime=1970-01-01 00:00:00 Result= URL=)
2022-05-15 03:11:49 [5] Confirmed the "Link Alive Check". (NextTime=1970-01-01 00:00:00 Result= URL=)
2022-05-15 03:23:11 There were 3 links that passed the next "Check SNS Count" confirmation date and time.
2022-05-15 03:23:11 [1] Confirmed the "Check SNS Count". (NextTime=2021-03-22 13:10:32 URL=https://www.banggood.com/Lenovo-Watch-9-Smart-Watch-Sapphire-Glass-5ATM-Sleep-Monitor-Remote-Camera-Constellation-Edition-p-1397778.html?p=K226105168701201606R)
2022-05-15 03:23:11 [2] Confirmed the "Check SNS Count". (NextTime=2021-03-21 16:59:15 URL=https://www.amazon.co.jp/3M-%E3%82%B9%E3%82%B3%E3%83%83%E3%83%81-%E5%BC%B7%E5%8A%9B%E4%B8%A1%E9%9D%A2%E3%83%86%E3%83%BC%E3%83%97-20mm%C3%9710m-PSD-20/dp/B002YMQILC/ref=as_li_ss_il?ie=UTF8&#038;qid=1523532084&#038;sr=8-6&#038;keywords=scotch+%E5%BC%B7%E5%8A%9B%E4%B8%A1%E9%9D%A2%E3%83%86%E3%83%BC%E3%83%97+20mm&#038;linkCode=li2&#038;tag=drunkar-22&#038;linkId=7d553de20ef02ada7021590e02dc4672)
2022-05-15 03:23:11 [3] Confirmed the "Check SNS Count". (NextTime=2021-04-11 22:18:15 URL=http://akizukidenshi.com/catalog/g/gP-07598/)
2022-05-15 03:45:28 There were 284 links that passed the next "Link Alive Check" confirmation date and time.
2022-05-15 03:45:28 [1] Confirmed the "Link Alive Check". (NextTime=1970-01-01 00:00:00 Result= URL=)
2022-05-15 03:45:29 [2] Confirmed the "Link Alive Check". (NextTime=1970-01-01 00:00:00 Result= URL=)
2022-05-15 03:45:29 [3] Confirmed the "Link Alive Check". (NextTime=1970-01-01 00:00:00 Result= URL=)
2022-05-15 03:45:29 [4] Confirmed the "Link Alive Check". (NextTime=1970-01-01 00:00:00 Result= URL=)
2022-05-15 03:45:29 [5] Confirmed the "Link Alive Check". (NextTime=1970-01-01 00:00:00 Result= URL=)
2022-05-15 04:13:01 There were 284 links that passed the next "Link Alive Check" confirmation date and time.
2022-05-15 04:13:01 [1] Confirmed the "Link Alive Check". (NextTime=1970-01-01 00:00:00 Result= URL=)
2022-05-15 04:13:02 [2] Confirmed the "Link Alive Check". (NextTime=1970-01-01 00:00:00 Result= URL=)
2022-05-15 04:13:02 [3] Confirmed the "Link Alive Check". (NextTime=1970-01-01 00:00:00 Result= URL=)
2022-05-15 04:13:02 [4] Confirmed the "Link Alive Check". (NextTime=1970-01-01 00:00:00 Result= URL=)
2022-05-15 04:13:02 [5] Confirmed the "Link Alive Check". (NextTime=1970-01-01 00:00:00 Result= URL=)
2022-05-15 04:24:13 There were 2 links that passed the next "Check SNS Count" confirmation date and time.
2022-05-15 04:24:13 [1] Confirmed the "Check SNS Count". (NextTime=2021-03-19 21:34:14 URL=https://sekailab.com/wp/2018/01/04/15w-chinese-laser-cutter-1/)
2022-05-15 04:24:14 [2] Confirmed the "Check SNS Count". (NextTime=2021-04-15 15:59:20 URL=https://sekailab.com/wp/2018/08/31/review-mistel-barocco-md650l)
2022-05-15 04:45:43 There were 284 links that passed the next "Link Alive Check" confirmation date and time.
2022-05-15 04:45:43 [1] Confirmed the "Link Alive Check". (NextTime=1970-01-01 00:00:00 Result= URL=)
2022-05-15 04:45:44 [2] Confirmed the "Link Alive Check". (NextTime=1970-01-01 00:00:00 Result= URL=)
2022-05-15 04:45:44 [3] Confirmed the "Link Alive Check". (NextTime=1970-01-01 00:00:00 Result= URL=)
2022-05-15 04:45:44 [4] Confirmed the "Link Alive Check". (NextTime=1970-01-01 00:00:00 Result= URL=)
2022-05-15 04:45:44 [5] Confirmed the "Link Alive Check". (NextTime=1970-01-01 00:00:00 Result= URL=)
2022-05-15 05:13:36 There were 284 links that passed the next "Link Alive Check" confirmation date and time.
2022-05-15 05:13:36 [1] Confirmed the "Link Alive Check". (NextTime=1970-01-01 00:00:00 Result= URL=)
2022-05-15 05:13:36 [2] Confirmed the "Link Alive Check". (NextTime=1970-01-01 00:00:00 Result= URL=)
2022-05-15 05:13:36 [3] Confirmed the "Link Alive Check". (NextTime=1970-01-01 00:00:00 Result= URL=)
2022-05-15 05:13:37 [4] Confirmed the "Link Alive Check". (NextTime=1970-01-01 00:00:00 Result= URL=)
2022-05-15 05:13:37 [5] Confirmed the "Link Alive Check". (NextTime=1970-01-01 00:00:00 Result= URL=)
2022-05-15 05:24:18 There were 1 links that passed the next "Check SNS Count" confirmation date and time.
2022-05-15 05:24:18 [1] Confirmed the "Check SNS Count". (NextTime=2021-03-24 23:08:57 URL=https://amzn.to/2GTEzKk)
2022-05-15 05:46:35 There were 284 links that passed the next "Link Alive Check" confirmation date and time.
2022-05-15 05:46:35 [1] Confirmed the "Link Alive Check". (NextTime=1970-01-01 00:00:00 Result= URL=)
2022-05-15 05:46:35 [2] Confirmed the "Link Alive Check". (NextTime=1970-01-01 00:00:00 Result= URL=)
2022-05-15 05:46:35 [3] Confirmed the "Link Alive Check". (NextTime=1970-01-01 00:00:00 Result= URL=)
2022-05-15 05:46:36 [4] Confirmed the "Link Alive Check". (NextTime=1970-01-01 00:00:00 Result= URL=)
2022-05-15 05:46:36 [5] Confirmed the "Link Alive Check". (NextTime=1970-01-01 00:00:00 Result= URL=)
2022-05-15 06:14:58 There were 284 links that passed the next "Link Alive Check" confirmation date and time.
2022-05-15 06:14:58 [1] Confirmed the "Link Alive Check". (NextTime=1970-01-01 00:00:00 Result= URL=)
2022-05-15 06:14:58 [2] Confirmed the "Link Alive Check". (NextTime=1970-01-01 00:00:00 Result= URL=)
2022-05-15 06:14:59 [3] Confirmed the "Link Alive Check". (NextTime=1970-01-01 00:00:00 Result= URL=)
2022-05-15 06:14:59 [4] Confirmed the "Link Alive Check". (NextTime=1970-01-01 00:00:00 Result= URL=)
2022-05-15 06:14:59 [5] Confirmed the "Link Alive Check". (NextTime=1970-01-01 00:00:00 Result= URL=)
2022-05-15 06:23:22 There were 0 links that passed the next "Check SNS Count" confirmation date and time.
2022-05-15 06:46:42 There were 284 links that passed the next "Link Alive Check" confirmation date and time.
2022-05-15 06:46:42 [1] Confirmed the "Link Alive Check". (NextTime=1970-01-01 00:00:00 Result= URL=)
2022-05-15 06:46:42 [2] Confirmed the "Link Alive Check". (NextTime=1970-01-01 00:00:00 Result= URL=)
2022-05-15 06:46:43 [3] Confirmed the "Link Alive Check". (NextTime=1970-01-01 00:00:00 Result= URL=)
2022-05-15 06:46:43 [4] Confirmed the "Link Alive Check". (NextTime=1970-01-01 00:00:00 Result= URL=)
2022-05-15 06:46:43 [5] Confirmed the "Link Alive Check". (NextTime=1970-01-01 00:00:00 Result= URL=)
2022-05-15 07:15:53 There were 284 links that passed the next "Link Alive Check" confirmation date and time.
2022-05-15 07:15:53 [1] Confirmed the "Link Alive Check". (NextTime=1970-01-01 00:00:00 Result= URL=)
2022-05-15 07:15:53 [2] Confirmed the "Link Alive Check". (NextTime=1970-01-01 00:00:00 Result= URL=)
2022-05-15 07:15:53 [3] Confirmed the "Link Alive Check". (NextTime=1970-01-01 00:00:00 Result= URL=)
2022-05-15 07:15:54 [4] Confirmed the "Link Alive Check". (NextTime=1970-01-01 00:00:00 Result= URL=)
2022-05-15 07:15:54 [5] Confirmed the "Link Alive Check". (NextTime=1970-01-01 00:00:00 Result= URL=)
2022-05-15 07:23:03 There were 1 links that passed the next "Check SNS Count" confirmation date and time.
2022-05-15 07:23:03 [1] Confirmed the "Check SNS Count". (NextTime=2021-03-21 04:44:20 URL=https://sekailab.com/wp/2018/08/27/review-waterproof-bluetooth-earphone/)
2022-05-15 07:46:54 There were 284 links that passed the next "Link Alive Check" confirmation date and time.
2022-05-15 07:46:54 [1] Confirmed the "Link Alive Check". (NextTime=1970-01-01 00:00:00 Result= URL=)
2022-05-15 07:46:54 [2] Confirmed the "Link Alive Check". (NextTime=1970-01-01 00:00:00 Result= URL=)
2022-05-15 07:46:55 [3] Confirmed the "Link Alive Check". (NextTime=1970-01-01 00:00:00 Result= URL=)
2022-05-15 07:46:55 [4] Confirmed the "Link Alive Check". (NextTime=1970-01-01 00:00:00 Result= URL=)
2022-05-15 07:46:55 [5] Confirmed the "Link Alive Check". (NextTime=1970-01-01 00:00:00 Result= URL=)
2022-05-15 08:16:47 There were 284 links that passed the next "Link Alive Check" confirmation date and time.
2022-05-15 08:16:48 [1] Confirmed the "Link Alive Check". (NextTime=1970-01-01 00:00:00 Result= URL=)
2022-05-15 08:16:48 [2] Confirmed the "Link Alive Check". (NextTime=1970-01-01 00:00:00 Result= URL=)
2022-05-15 08:16:48 [3] Confirmed the "Link Alive Check". (NextTime=1970-01-01 00:00:00 Result= URL=)
2022-05-15 08:16:48 [4] Confirmed the "Link Alive Check". (NextTime=1970-01-01 00:00:00 Result= URL=)
2022-05-15 08:16:49 [5] Confirmed the "Link Alive Check". (NextTime=1970-01-01 00:00:00 Result= URL=)
2022-05-15 08:24:47 There were 2 links that passed the next "Check SNS Count" confirmation date and time.
2022-05-15 08:24:47 [1] Confirmed the "Check SNS Count". (NextTime=2021-04-16 02:20:40 URL=https://sekailab.com/wp/2018/02/03/watch-process-to-send-gmail-with-python3)
2022-05-15 08:24:47 [2] Confirmed the "Check SNS Count". (NextTime=2021-04-05 01:16:25 URL=https://sekailab.com/wp/2019/02/06/rtx2080ti-i9-9900k-failure-mother-dram/)
2022-05-15 08:47:54 There were 284 links that passed the next "Link Alive Check" confirmation date and time.
2022-05-15 08:47:54 [1] Confirmed the "Link Alive Check". (NextTime=1970-01-01 00:00:00 Result= URL=)
2022-05-15 08:47:54 [2] Confirmed the "Link Alive Check". (NextTime=1970-01-01 00:00:00 Result= URL=)
2022-05-15 08:47:55 [3] Confirmed the "Link Alive Check". (NextTime=1970-01-01 00:00:00 Result= URL=)
2022-05-15 08:47:55 [4] Confirmed the "Link Alive Check". (NextTime=1970-01-01 00:00:00 Result= URL=)
2022-05-15 08:47:55 [5] Confirmed the "Link Alive Check". (NextTime=1970-01-01 00:00:00 Result= URL=)
2022-05-15 09:17:41 There were 284 links that passed the next "Link Alive Check" confirmation date and time.
2022-05-15 09:17:41 [1] Confirmed the "Link Alive Check". (NextTime=1970-01-01 00:00:00 Result= URL=)
2022-05-15 09:17:41 [2] Confirmed the "Link Alive Check". (NextTime=1970-01-01 00:00:00 Result= URL=)
2022-05-15 09:17:41 [3] Confirmed the "Link Alive Check". (NextTime=1970-01-01 00:00:00 Result= URL=)
2022-05-15 09:17:42 [4] Confirmed the "Link Alive Check". (NextTime=1970-01-01 00:00:00 Result= URL=)
2022-05-15 09:17:42 [5] Confirmed the "Link Alive Check". (NextTime=1970-01-01 00:00:00 Result= URL=)
2022-05-15 09:29:25 There were 1 links that passed the next "Check SNS Count" confirmation date and time.
2022-05-15 09:29:25 [1] Confirmed the "Check SNS Count". (NextTime=2021-04-14 17:31:53 URL=https://sekailab.com/wp/2019/03/10/execute-windows-binary-on-wsl)
2022-05-15 09:48:23 There were 284 links that passed the next "Link Alive Check" confirmation date and time.
2022-05-15 09:48:23 [1] Confirmed the "Link Alive Check". (NextTime=1970-01-01 00:00:00 Result= URL=)
2022-05-15 09:48:24 [2] Confirmed the "Link Alive Check". (NextTime=1970-01-01 00:00:00 Result= URL=)
2022-05-15 09:48:24 [3] Confirmed the "Link Alive Check". (NextTime=1970-01-01 00:00:00 Result= URL=)
2022-05-15 09:48:24 [4] Confirmed the "Link Alive Check". (NextTime=1970-01-01 00:00:00 Result= URL=)
2022-05-15 09:48:24 [5] Confirmed the "Link Alive Check". (NextTime=1970-01-01 00:00:00 Result= URL=)
2022-05-15 10:23:54 There were 284 links that passed the next "Link Alive Check" confirmation date and time.
2022-05-15 10:23:55 [1] Confirmed the "Link Alive Check". (NextTime=1970-01-01 00:00:00 Result= URL=)
2022-05-15 10:23:55 [2] Confirmed the "Link Alive Check". (NextTime=1970-01-01 00:00:00 Result= URL=)
2022-05-15 10:23:55 [3] Confirmed the "Link Alive Check". (NextTime=1970-01-01 00:00:00 Result= URL=)
2022-05-15 10:23:55 [4] Confirmed the "Link Alive Check". (NextTime=1970-01-01 00:00:00 Result= URL=)
2022-05-15 10:23:55 [5] Confirmed the "Link Alive Check". (NextTime=1970-01-01 00:00:00 Result= URL=)
2022-05-15 10:26:58 There were 3 links that passed the next "Check SNS Count" confirmation date and time.
2022-05-15 10:26:58 [1] Confirmed the "Check SNS Count". (NextTime=2021-03-21 20:42:31 URL=https://sekailab.com/wp/2013/02/23/%e5%bb%ba%e7%af%89%e6%89%b9%e8%a9%95%e7%a9%ba%e9%96%93%e3%82%92%e5%8f%af%e8%a6%96%e5%8c%96%e3%81%97%e3%81%a6%e3%81%bf%e3%81%9f/)
2022-05-15 10:26:59 [2] Confirmed the "Check SNS Count". (NextTime=2021-04-15 03:19:17 URL=https://sekailab.com/wp/2016/07/19/python-logging)
2022-05-15 10:26:59 [3] Confirmed the "Check SNS Count". (NextTime=2021-04-18 06:24:07 URL=https://www.amazon.co.jp/%E3%82%B7%E3%83%AA%E3%82%B3%E3%83%B3%E3%83%90%E3%83%AC%E3%83%BC%E5%BC%8F-%E8%87%AA%E5%88%86%E3%82%92%E5%A4%89%E3%81%88%E3%82%8B%E6%9C%80%E5%BC%B7%E3%81%AE%E9%A3%9F%E4%BA%8B-%E3%83%87%E3%82%A4%E3%83%B4%E3%83%BB%E3%82%A2%E3%82%B9%E3%83%97%E3%83%AA%E3%83%BC-ebook/dp/B015S5545W/ref=as_li_ss_il?_encoding=UTF8&#038;qid=1585582879&#038;sr=8-1&#038;linkCode=li2&#038;tag=drunkar-22&#038;linkId=fb2fbcce469bf88077c26ea066860d62)
2022-05-15 10:54:42 There were 284 links that passed the next "Link Alive Check" confirmation date and time.
2022-05-15 10:54:42 [1] Confirmed the "Link Alive Check". (NextTime=1970-01-01 00:00:00 Result= URL=)
2022-05-15 10:54:43 [2] Confirmed the "Link Alive Check". (NextTime=1970-01-01 00:00:00 Result= URL=)
2022-05-15 10:54:43 [3] Confirmed the "Link Alive Check". (NextTime=1970-01-01 00:00:00 Result= URL=)
2022-05-15 10:54:43 [4] Confirmed the "Link Alive Check". (NextTime=1970-01-01 00:00:00 Result= URL=)
2022-05-15 10:54:43 [5] Confirmed the "Link Alive Check". (NextTime=1970-01-01 00:00:00 Result= URL=)
2022-05-15 11:24:40 There were 0 links that passed the next "Check SNS Count" confirmation date and time.
2022-05-15 11:25:50 There were 284 links that passed the next "Link Alive Check" confirmation date and time.
2022-05-15 11:25:50 [1] Confirmed the "Link Alive Check". (NextTime=1970-01-01 00:00:00 Result= URL=)
2022-05-15 11:25:50 [2] Confirmed the "Link Alive Check". (NextTime=1970-01-01 00:00:00 Result= URL=)
2022-05-15 11:25:50 [3] Confirmed the "Link Alive Check". (NextTime=1970-01-01 00:00:00 Result= URL=)
2022-05-15 11:25:51 [4] Confirmed the "Link Alive Check". (NextTime=1970-01-01 00:00:00 Result= URL=)
2022-05-15 11:25:51 [5] Confirmed the "Link Alive Check". (NextTime=1970-01-01 00:00:00 Result= URL=)
2022-05-15 11:54:58 There were 284 links that passed the next "Link Alive Check" confirmation date and time.
2022-05-15 11:54:58 [1] Confirmed the "Link Alive Check". (NextTime=1970-01-01 00:00:00 Result= URL=)
2022-05-15 11:54:58 [2] Confirmed the "Link Alive Check". (NextTime=1970-01-01 00:00:00 Result= URL=)
2022-05-15 11:54:58 [3] Confirmed the "Link Alive Check". (NextTime=1970-01-01 00:00:00 Result= URL=)
2022-05-15 11:54:58 [4] Confirmed the "Link Alive Check". (NextTime=1970-01-01 00:00:00 Result= URL=)
2022-05-15 11:54:59 [5] Confirmed the "Link Alive Check". (NextTime=1970-01-01 00:00:00 Result= URL=)
2022-05-15 12:23:17 There were 3 links that passed the next "Check SNS Count" confirmation date and time.
2022-05-15 12:23:17 [1] Confirmed the "Check SNS Count". (NextTime=2021-03-25 06:30:50 URL=https://github.com/nara256/mhz19_uart)
2022-05-15 12:23:17 [2] Confirmed the "Check SNS Count". (NextTime=2021-04-14 19:44:58 URL=https://sekailab.com/wp/2018/08/12/sakura-vps-nem-supernode-4)
2022-05-15 12:23:17 [3] Confirmed the "Check SNS Count". (NextTime=2021-03-23 01:55:31 URL=https://www.banggood.com/Original-Xiaomi-WPC01ZM-10W-MAX-Quick-Charge-Qi-Wireless-Charger-Type-C-for-iPhone-for-Samsung-p-1346797.html?p=K226105168701201606R)
2022-05-15 12:26:40 There were 284 links that passed the next "Link Alive Check" confirmation date and time.
2022-05-15 12:26:40 [1] Confirmed the "Link Alive Check". (NextTime=1970-01-01 00:00:00 Result= URL=)
2022-05-15 12:26:40 [2] Confirmed the "Link Alive Check". (NextTime=1970-01-01 00:00:00 Result= URL=)
2022-05-15 12:26:41 [3] Confirmed the "Link Alive Check". (NextTime=1970-01-01 00:00:00 Result= URL=)
2022-05-15 12:26:41 [4] Confirmed the "Link Alive Check". (NextTime=1970-01-01 00:00:00 Result= URL=)
2022-05-15 12:26:41 [5] Confirmed the "Link Alive Check". (NextTime=1970-01-01 00:00:00 Result= URL=)
2022-05-15 12:55:26 There were 284 links that passed the next "Link Alive Check" confirmation date and time.
2022-05-15 12:55:27 [1] Confirmed the "Link Alive Check". (NextTime=1970-01-01 00:00:00 Result= URL=)
2022-05-15 12:55:27 [2] Confirmed the "Link Alive Check". (NextTime=1970-01-01 00:00:00 Result= URL=)
2022-05-15 12:55:27 [3] Confirmed the "Link Alive Check". (NextTime=1970-01-01 00:00:00 Result= URL=)
2022-05-15 12:55:27 [4] Confirmed the "Link Alive Check". (NextTime=1970-01-01 00:00:00 Result= URL=)
2022-05-15 12:55:28 [5] Confirmed the "Link Alive Check". (NextTime=1970-01-01 00:00:00 Result= URL=)
2022-05-15 13:23:04 There were 3 links that passed the next "Check SNS Count" confirmation date and time.
2022-05-15 13:23:04 [1] Confirmed the "Check SNS Count". (NextTime=2021-03-21 23:30:41 URL=https://www.amazon.co.jp/%E3%82%A8%E3%83%AC%E3%82%B3%E3%83%A0-%E3%83%90%E3%83%83%E3%82%B0%E3%82%A4%E3%83%B3%E3%83%90%E3%83%83%E3%82%B0-%E3%82%AC%E3%82%B8%E3%82%A7%E3%83%83%E3%83%88%E5%8F%8E%E7%B4%8D-%E3%82%B9%E3%83%88%E3%83%AC%E3%83%83%E3%83%81%E7%B4%A0%E6%9D%90-BMA-GP10BK/dp/B013J9F684/ref=as_li_ss_il?_encoding=UTF8&#038;pd_rd_i=B013J9F68Y&#038;pd_rd_r=040641d8-8122-11e8-bb0c-dd50569c438f&#038;pd_rd_w=I4EYc&#038;pd_rd_wg=0Wqto&#038;pf_rd_i=desktop-dp-sims&#038;pf_rd_m=AN1VRQENFRJN5&#038;pf_rd_p=3472031948783866574&#038;pf_rd_r=VQKKKEAD2YHT0SNXC6G2&#038;pf_rd_s=desktop-dp-sims&#038;pf_rd_t=40701&#038;refRID=VQKKKEAD2YHT0SNXC6G2&#038;th=1&#038;linkCode=li2&#038;tag=drunkar-22&#038;linkId=7ef50d437e6ccbc5406dae6740defcb5)
2022-05-15 13:23:04 [2] Confirmed the "Check SNS Count". (NextTime=2021-04-06 23:27:45 URL=https://github.com/Drunkar/tensor2tensor-optuna)
2022-05-15 13:23:04 [3] Confirmed the "Check SNS Count". (NextTime=2021-04-07 02:02:59 URL=https://www.madopro.net/entry/t2t_seq2seq)
2022-05-15 13:31:05 There were 284 links that passed the next "Link Alive Check" confirmation date and time.
2022-05-15 13:31:05 [1] Confirmed the "Link Alive Check". (NextTime=1970-01-01 00:00:00 Result= URL=)
2022-05-15 13:31:06 [2] Confirmed the "Link Alive Check". (NextTime=1970-01-01 00:00:00 Result= URL=)
2022-05-15 13:31:06 [3] Confirmed the "Link Alive Check". (NextTime=1970-01-01 00:00:00 Result= URL=)
2022-05-15 13:31:06 [4] Confirmed the "Link Alive Check". (NextTime=1970-01-01 00:00:00 Result= URL=)
2022-05-15 13:31:06 [5] Confirmed the "Link Alive Check". (NextTime=1970-01-01 00:00:00 Result= URL=)
2022-05-15 13:58:07 There were 284 links that passed the next "Link Alive Check" confirmation date and time.
2022-05-15 13:58:07 [1] Confirmed the "Link Alive Check". (NextTime=1970-01-01 00:00:00 Result= URL=)
2022-05-15 13:58:07 [2] Confirmed the "Link Alive Check". (NextTime=1970-01-01 00:00:00 Result= URL=)
2022-05-15 13:58:07 [3] Confirmed the "Link Alive Check". (NextTime=1970-01-01 00:00:00 Result= URL=)
2022-05-15 13:58:07 [4] Confirmed the "Link Alive Check". (NextTime=1970-01-01 00:00:00 Result= URL=)
2022-05-15 13:58:08 [5] Confirmed the "Link Alive Check". (NextTime=1970-01-01 00:00:00 Result= URL=)
2022-05-15 14:25:14 There were 1 links that passed the next "Check SNS Count" confirmation date and time.
2022-05-15 14:25:14 [1] Confirmed the "Check SNS Count". (NextTime=2021-03-23 01:39:12 URL=https://www.banggood.com/Original-Xiaomi-Airdots-TWS-Bluetooth-5_0-Earphone-Youth-Version-Touch-Control-with-Charging-Box-Mic-p-1389033.html?p=K226105168701201606R)
2022-05-15 14:31:26 There were 284 links that passed the next "Link Alive Check" confirmation date and time.
2022-05-15 14:31:26 [1] Confirmed the "Link Alive Check". (NextTime=1970-01-01 00:00:00 Result= URL=)
2022-05-15 14:31:27 [2] Confirmed the "Link Alive Check". (NextTime=1970-01-01 00:00:00 Result= URL=)
2022-05-15 14:31:27 [3] Confirmed the "Link Alive Check". (NextTime=1970-01-01 00:00:00 Result= URL=)
2022-05-15 14:31:27 [4] Confirmed the "Link Alive Check". (NextTime=1970-01-01 00:00:00 Result= URL=)
2022-05-15 14:31:27 [5] Confirmed the "Link Alive Check". (NextTime=1970-01-01 00:00:00 Result= URL=)
2022-05-15 15:01:26 There were 284 links that passed the next "Link Alive Check" confirmation date and time.
2022-05-15 15:01:26 [1] Confirmed the "Link Alive Check". (NextTime=1970-01-01 00:00:00 Result= URL=)
2022-05-15 15:01:26 [2] Confirmed the "Link Alive Check". (NextTime=1970-01-01 00:00:00 Result= URL=)
2022-05-15 15:01:27 [3] Confirmed the "Link Alive Check". (NextTime=1970-01-01 00:00:00 Result= URL=)
2022-05-15 15:01:27 [4] Confirmed the "Link Alive Check". (NextTime=1970-01-01 00:00:00 Result= URL=)
2022-05-15 15:01:27 [5] Confirmed the "Link Alive Check". (NextTime=1970-01-01 00:00:00 Result= URL=)
2022-05-15 15:25:02 There were 1 links that passed the next "Check SNS Count" confirmation date and time.
2022-05-15 15:25:03 [1] Confirmed the "Check SNS Count". (NextTime=2021-03-20 11:13:12 URL=https://sekailab.com/wp/2020/03/02/17inch-mobile-monitor-usb-c/)
2022-05-15 15:31:30 There were 284 links that passed the next "Link Alive Check" confirmation date and time.
2022-05-15 15:31:30 [1] Confirmed the "Link Alive Check". (NextTime=1970-01-01 00:00:00 Result= URL=)
2022-05-15 15:31:30 [2] Confirmed the "Link Alive Check". (NextTime=1970-01-01 00:00:00 Result= URL=)
2022-05-15 15:31:30 [3] Confirmed the "Link Alive Check". (NextTime=1970-01-01 00:00:00 Result= URL=)
2022-05-15 15:31:30 [4] Confirmed the "Link Alive Check". (NextTime=1970-01-01 00:00:00 Result= URL=)
2022-05-15 15:31:31 [5] Confirmed the "Link Alive Check". (NextTime=1970-01-01 00:00:00 Result= URL=)
2022-05-15 15:53:01 There were 284 links that passed the next "Link Alive Check" confirmation date and time.
2022-05-15 15:53:01 [1] Confirmed the "Link Alive Check". (NextTime=1970-01-01 00:00:00 Result= URL=)
2022-05-15 15:53:01 [2] Confirmed the "Link Alive Check". (NextTime=1970-01-01 00:00:00 Result= URL=)
2022-05-15 15:53:02 [3] Confirmed the "Link Alive Check". (NextTime=1970-01-01 00:00:00 Result= URL=)
2022-05-15 15:53:02 [4] Confirmed the "Link Alive Check". (NextTime=1970-01-01 00:00:00 Result= URL=)
2022-05-15 15:53:02 [5] Confirmed the "Link Alive Check". (NextTime=1970-01-01 00:00:00 Result= URL=)
2022-05-15 16:23:55 There were 1 links that passed the next "Check SNS Count" confirmation date and time.
2022-05-15 16:23:56 [1] Confirmed the "Check SNS Count". (NextTime=2021-04-15 05:42:12 URL=https://sekailab.com/wp/2018/08/14/librealsense-with-armbian-on-orangepi-pc2)
2022-05-15 16:32:23 There were 284 links that passed the next "Link Alive Check" confirmation date and time.
2022-05-15 16:32:23 [1] Confirmed the "Link Alive Check". (NextTime=1970-01-01 00:00:00 Result= URL=)
2022-05-15 16:32:23 [2] Confirmed the "Link Alive Check". (NextTime=1970-01-01 00:00:00 Result= URL=)
2022-05-15 16:32:24 [3] Confirmed the "Link Alive Check". (NextTime=1970-01-01 00:00:00 Result= URL=)
2022-05-15 16:32:24 [4] Confirmed the "Link Alive Check". (NextTime=1970-01-01 00:00:00 Result= URL=)
2022-05-15 16:32:24 [5] Confirmed the "Link Alive Check". (NextTime=1970-01-01 00:00:00 Result= URL=)
2022-05-15 16:54:35 There were 284 links that passed the next "Link Alive Check" confirmation date and time.
2022-05-15 16:54:35 [1] Confirmed the "Link Alive Check". (NextTime=1970-01-01 00:00:00 Result= URL=)
2022-05-15 16:54:35 [2] Confirmed the "Link Alive Check". (NextTime=1970-01-01 00:00:00 Result= URL=)
2022-05-15 16:54:35 [3] Confirmed the "Link Alive Check". (NextTime=1970-01-01 00:00:00 Result= URL=)
2022-05-15 16:54:35 [4] Confirmed the "Link Alive Check". (NextTime=1970-01-01 00:00:00 Result= URL=)
2022-05-15 16:54:36 [5] Confirmed the "Link Alive Check". (NextTime=1970-01-01 00:00:00 Result= URL=)
2022-05-15 17:23:50 There were 2 links that passed the next "Check SNS Count" confirmation date and time.
2022-05-15 17:23:50 [1] Confirmed the "Check SNS Count". (NextTime=2021-03-25 15:35:35 URL=https://www.thingiverse.com/thing:3083203)
2022-05-15 17:23:50 [2] Confirmed the "Check SNS Count". (NextTime=2021-03-20 07:05:20 URL=http://mizunashi-rin.hatenablog.jp/entry/2017/02/15/002342)
2022-05-15 17:32:43 There were 284 links that passed the next "Link Alive Check" confirmation date and time.
2022-05-15 17:32:43 [1] Confirmed the "Link Alive Check". (NextTime=1970-01-01 00:00:00 Result= URL=)
2022-05-15 17:32:44 [2] Confirmed the "Link Alive Check". (NextTime=1970-01-01 00:00:00 Result= URL=)
2022-05-15 17:32:44 [3] Confirmed the "Link Alive Check". (NextTime=1970-01-01 00:00:00 Result= URL=)
2022-05-15 17:32:44 [4] Confirmed the "Link Alive Check". (NextTime=1970-01-01 00:00:00 Result= URL=)
2022-05-15 17:32:44 [5] Confirmed the "Link Alive Check". (NextTime=1970-01-01 00:00:00 Result= URL=)
2022-05-15 17:56:56 There were 284 links that passed the next "Link Alive Check" confirmation date and time.
2022-05-15 17:56:56 [1] Confirmed the "Link Alive Check". (NextTime=1970-01-01 00:00:00 Result= URL=)
2022-05-15 17:56:56 [2] Confirmed the "Link Alive Check". (NextTime=1970-01-01 00:00:00 Result= URL=)
2022-05-15 17:56:57 [3] Confirmed the "Link Alive Check". (NextTime=1970-01-01 00:00:00 Result= URL=)
2022-05-15 17:56:57 [4] Confirmed the "Link Alive Check". (NextTime=1970-01-01 00:00:00 Result= URL=)
2022-05-15 17:56:57 [5] Confirmed the "Link Alive Check". (NextTime=1970-01-01 00:00:00 Result= URL=)
2022-05-15 18:23:17 There were 1 links that passed the next "Check SNS Count" confirmation date and time.
2022-05-15 18:23:17 [1] Confirmed the "Check SNS Count". (NextTime=2021-03-26 12:07:04 URL=https://developer.nvidia.com/cuda/wsl)
2022-05-15 18:33:15 There were 284 links that passed the next "Link Alive Check" confirmation date and time.
2022-05-15 18:33:16 [1] Confirmed the "Link Alive Check". (NextTime=1970-01-01 00:00:00 Result= URL=)
2022-05-15 18:33:16 [2] Confirmed the "Link Alive Check". (NextTime=1970-01-01 00:00:00 Result= URL=)
2022-05-15 18:33:16 [3] Confirmed the "Link Alive Check". (NextTime=1970-01-01 00:00:00 Result= URL=)
2022-05-15 18:33:16 [4] Confirmed the "Link Alive Check". (NextTime=1970-01-01 00:00:00 Result= URL=)
2022-05-15 18:33:16 [5] Confirmed the "Link Alive Check". (NextTime=1970-01-01 00:00:00 Result= URL=)
2022-05-15 18:57:50 There were 284 links that passed the next "Link Alive Check" confirmation date and time.
2022-05-15 18:57:51 [1] Confirmed the "Link Alive Check". (NextTime=1970-01-01 00:00:00 Result= URL=)
2022-05-15 18:57:51 [2] Confirmed the "Link Alive Check". (NextTime=1970-01-01 00:00:00 Result= URL=)
2022-05-15 18:57:51 [3] Confirmed the "Link Alive Check". (NextTime=1970-01-01 00:00:00 Result= URL=)
2022-05-15 18:57:52 [4] Confirmed the "Link Alive Check". (NextTime=1970-01-01 00:00:00 Result= URL=)
2022-05-15 18:57:52 [5] Confirmed the "Link Alive Check". (NextTime=1970-01-01 00:00:00 Result= URL=)
2022-05-15 19:23:12 There were 1 links that passed the next "Check SNS Count" confirmation date and time.
2022-05-15 19:23:13 [1] Confirmed the "Check SNS Count". (NextTime=2021-04-14 22:33:14 URL=https://www.amazon.co.jp/Gold-Standard-100-%E3%82%A8%E3%82%AF%E3%82%B9%E3%83%88%E3%83%AA%E3%83%BC%E3%83%A0%E3%83%81%E3%83%A7%E3%82%B3%E3%83%AC%E3%83%BC%E3%83%88-2-27kg/dp/B01L1NX32Q/ref=as_li_ss_il?ie=UTF8&#038;qid=1483631295&#038;sr=8-2&#038;keywords=Gold+Standard+100%&#038;linkCode=li2&#038;tag=drunkar-22&#038;linkId=1e8286abc92678776dfd2dfeef1b05e3)
2022-05-15 19:33:18 There were 284 links that passed the next "Link Alive Check" confirmation date and time.
2022-05-15 19:33:19 [1] Confirmed the "Link Alive Check". (NextTime=1970-01-01 00:00:00 Result= URL=)
2022-05-15 19:33:19 [2] Confirmed the "Link Alive Check". (NextTime=1970-01-01 00:00:00 Result= URL=)
2022-05-15 19:33:19 [3] Confirmed the "Link Alive Check". (NextTime=1970-01-01 00:00:00 Result= URL=)
2022-05-15 19:33:19 [4] Confirmed the "Link Alive Check". (NextTime=1970-01-01 00:00:00 Result= URL=)
2022-05-15 19:33:20 [5] Confirmed the "Link Alive Check". (NextTime=1970-01-01 00:00:00 Result= URL=)
2022-05-15 19:59:09 There were 284 links that passed the next "Link Alive Check" confirmation date and time.
2022-05-15 19:59:10 [1] Confirmed the "Link Alive Check". (NextTime=1970-01-01 00:00:00 Result= URL=)
2022-05-15 19:59:10 [2] Confirmed the "Link Alive Check". (NextTime=1970-01-01 00:00:00 Result= URL=)
2022-05-15 19:59:10 [3] Confirmed the "Link Alive Check". (NextTime=1970-01-01 00:00:00 Result= URL=)
2022-05-15 19:59:10 [4] Confirmed the "Link Alive Check". (NextTime=1970-01-01 00:00:00 Result= URL=)
2022-05-15 19:59:10 [5] Confirmed the "Link Alive Check". (NextTime=1970-01-01 00:00:00 Result= URL=)
2022-05-15 20:25:03 There were 4 links that passed the next "Check SNS Count" confirmation date and time.
2022-05-15 20:25:03 [1] Confirmed the "Check SNS Count". (NextTime=2021-03-22 15:52:44 URL=https://www.banggood.com/Xiaomi-Redmi-Airdots-TWS-Bluetooth-5_0-Earphone-DSP-Noise-Cancelling-Auto-Pairing-Bilateral-Call-Stereo-Headphones-p-1450592.html?p=K226105168701201606R)
2022-05-15 20:25:03 [2] Confirmed the "Check SNS Count". (NextTime=2021-03-24 17:14:03 URL=https://sekailab.com/wp/2014/02/24/gitlab-gitlab_ci-jenkins-in-the-same-server/)
2022-05-15 20:25:03 [3] Confirmed the "Check SNS Count". (NextTime=2021-04-16 18:03:34 URL=https://sekailab.com/wp/2018/05/28/4000-yen-bluetooth-earphone-for-bath-time)
2022-05-15 20:25:03 [4] Confirmed the "Check SNS Count". (NextTime=2021-03-25 10:23:57 URL=https://play.google.com/store/apps/details?id=com.xodo.pdf.reader&#038;hl=ja)
2022-05-15 20:34:25 There were 284 links that passed the next "Link Alive Check" confirmation date and time.
2022-05-15 20:34:25 [1] Confirmed the "Link Alive Check". (NextTime=1970-01-01 00:00:00 Result= URL=)
2022-05-15 20:34:25 [2] Confirmed the "Link Alive Check". (NextTime=1970-01-01 00:00:00 Result= URL=)
2022-05-15 20:34:26 [3] Confirmed the "Link Alive Check". (NextTime=1970-01-01 00:00:00 Result= URL=)
2022-05-15 20:34:26 [4] Confirmed the "Link Alive Check". (NextTime=1970-01-01 00:00:00 Result= URL=)
2022-05-15 20:34:26 [5] Confirmed the "Link Alive Check". (NextTime=1970-01-01 00:00:00 Result= URL=)
2022-05-15 21:01:13 There were 284 links that passed the next "Link Alive Check" confirmation date and time.
2022-05-15 21:01:13 [1] Confirmed the "Link Alive Check". (NextTime=1970-01-01 00:00:00 Result= URL=)
2022-05-15 21:01:13 [2] Confirmed the "Link Alive Check". (NextTime=1970-01-01 00:00:00 Result= URL=)
2022-05-15 21:01:13 [3] Confirmed the "Link Alive Check". (NextTime=1970-01-01 00:00:00 Result= URL=)
2022-05-15 21:01:14 [4] Confirmed the "Link Alive Check". (NextTime=1970-01-01 00:00:00 Result= URL=)
2022-05-15 21:01:14 [5] Confirmed the "Link Alive Check". (NextTime=1970-01-01 00:00:00 Result= URL=)
2022-05-15 21:23:15 There were 2 links that passed the next "Check SNS Count" confirmation date and time.
2022-05-15 21:23:15 [1] Confirmed the "Check SNS Count". (NextTime=2021-03-24 11:04:11 URL=https://www.amazon.co.jp/%E6%B5%B7%E5%A4%96%E7%9B%B4%E9%80%81%E5%93%81-Supplements-Chocolate-Brownie-2-18kg/dp/B00DCNIGS0/ref=as_li_ss_il?s=hpc&#038;ie=UTF8&#038;qid=1483631751&#038;sr=1-14&#038;keywords=%E3%83%97%E3%83%AD%E3%83%86%E3%82%A4%E3%83%B3&#038;linkCode=li2&#038;tag=drunkar-22&#038;linkId=2e1a1e5a1a859065e9cab108a67a9c6b)
2022-05-15 21:23:15 [2] Confirmed the "Check SNS Count". (NextTime=2021-03-22 15:39:21 URL=http://www.orangepi.org/downloadresources/)
2022-05-15 21:34:57 There were 284 links that passed the next "Link Alive Check" confirmation date and time.
2022-05-15 21:34:57 [1] Confirmed the "Link Alive Check". (NextTime=1970-01-01 00:00:00 Result= URL=)
2022-05-15 21:34:57 [2] Confirmed the "Link Alive Check". (NextTime=1970-01-01 00:00:00 Result= URL=)
2022-05-15 21:34:57 [3] Confirmed the "Link Alive Check". (NextTime=1970-01-01 00:00:00 Result= URL=)
2022-05-15 21:34:58 [4] Confirmed the "Link Alive Check". (NextTime=1970-01-01 00:00:00 Result= URL=)
2022-05-15 21:34:58 [5] Confirmed the "Link Alive Check". (NextTime=1970-01-01 00:00:00 Result= URL=)
2022-05-15 22:01:22 There were 284 links that passed the next "Link Alive Check" confirmation date and time.
2022-05-15 22:01:22 [1] Confirmed the "Link Alive Check". (NextTime=1970-01-01 00:00:00 Result= URL=)
2022-05-15 22:01:23 [2] Confirmed the "Link Alive Check". (NextTime=1970-01-01 00:00:00 Result= URL=)
2022-05-15 22:01:23 [3] Confirmed the "Link Alive Check". (NextTime=1970-01-01 00:00:00 Result= URL=)
2022-05-15 22:01:23 [4] Confirmed the "Link Alive Check". (NextTime=1970-01-01 00:00:00 Result= URL=)
2022-05-15 22:01:23 [5] Confirmed the "Link Alive Check". (NextTime=1970-01-01 00:00:00 Result= URL=)
2022-05-15 22:24:53 There were 3 links that passed the next "Check SNS Count" confirmation date and time.
2022-05-15 22:24:53 [1] Confirmed the "Check SNS Count". (NextTime=2021-04-14 19:41:24 URL=https://sekailab.com/wp/2018/08/27/review-waterproof-bluetooth-earphone)
2022-05-15 22:24:53 [2] Confirmed the "Check SNS Count". (NextTime=2021-04-14 14:03:57 URL=https://sekailab.com/wp/2018/01/04/15w-chinese-laser-cutter-1)
2022-05-15 22:24:53 [3] Confirmed the "Check SNS Count". (NextTime=2021-04-06 16:27:15 URL=https://github.com/Drunkar/crawler-base)
2022-05-15 22:37:24 There were 284 links that passed the next "Link Alive Check" confirmation date and time.
2022-05-15 22:37:24 [1] Confirmed the "Link Alive Check". (NextTime=1970-01-01 00:00:00 Result= URL=)
2022-05-15 22:37:24 [2] Confirmed the "Link Alive Check". (NextTime=1970-01-01 00:00:00 Result= URL=)
2022-05-15 22:37:25 [3] Confirmed the "Link Alive Check". (NextTime=1970-01-01 00:00:00 Result= URL=)
2022-05-15 22:37:25 [4] Confirmed the "Link Alive Check". (NextTime=1970-01-01 00:00:00 Result= URL=)
2022-05-15 22:37:25 [5] Confirmed the "Link Alive Check". (NextTime=1970-01-01 00:00:00 Result= URL=)
2022-05-15 23:01:31 There were 284 links that passed the next "Link Alive Check" confirmation date and time.
2022-05-15 23:01:31 [1] Confirmed the "Link Alive Check". (NextTime=1970-01-01 00:00:00 Result= URL=)
2022-05-15 23:01:31 [2] Confirmed the "Link Alive Check". (NextTime=1970-01-01 00:00:00 Result= URL=)
2022-05-15 23:01:31 [3] Confirmed the "Link Alive Check". (NextTime=1970-01-01 00:00:00 Result= URL=)
2022-05-15 23:01:32 [4] Confirmed the "Link Alive Check". (NextTime=1970-01-01 00:00:00 Result= URL=)
2022-05-15 23:01:32 [5] Confirmed the "Link Alive Check". (NextTime=1970-01-01 00:00:00 Result= URL=)
2022-05-15 23:23:07 There were 3 links that passed the next "Check SNS Count" confirmation date and time.
2022-05-15 23:23:07 [1] Confirmed the "Check SNS Count". (NextTime=2021-04-14 16:19:46 URL=https://sekailab.com/wp/2015/01/04/about-the-beauty)
2022-05-15 23:23:07 [2] Confirmed the "Check SNS Count". (NextTime=2021-04-15 19:36:32 URL=https://sekailab.com/wp/2012/10/26/c%E3%81%A7%E3%80%8C%E3%81%AF%E3%81%98%E3%82%81%E3%81%A6%E3%81%AE%E6%A9%9F%E6%A2%B0%E5%AD%A6%E7%BF%92%E3%80%8D2%E7%AB%A0-3%E7%AB%A0)
2022-05-15 23:23:07 [3] Confirmed the "Check SNS Count". (NextTime=2021-03-23 03:28:45 URL=https://www.banggood.com/International-Version-Xiaomi-AMAZFIT-Huami-Stratos-Sports-Smart-Watch-2-GPS-1_34inch-2_5D-Screen-5ATM-p-1240814.html?p=K226105168701201606R)
2022-05-15 23:37:56 There were 284 links that passed the next "Link Alive Check" confirmation date and time.
2022-05-15 23:37:56 [1] Confirmed the "Link Alive Check". (NextTime=1970-01-01 00:00:00 Result= URL=)
2022-05-15 23:37:57 [2] Confirmed the "Link Alive Check". (NextTime=1970-01-01 00:00:00 Result= URL=)
2022-05-15 23:37:57 [3] Confirmed the "Link Alive Check". (NextTime=1970-01-01 00:00:00 Result= URL=)
2022-05-15 23:37:57 [4] Confirmed the "Link Alive Check". (NextTime=1970-01-01 00:00:00 Result= URL=)
2022-05-15 23:37:57 [5] Confirmed the "Link Alive Check". (NextTime=1970-01-01 00:00:00 Result= URL=)
