2024-06-06 06:25:39 There were 318 links that passed the next "Link Alive Check" confirmation date and time.
2024-06-06 06:25:39 [1] Confirmed the "Link Alive Check". (NextTime=1970-01-01 00:00:00 Result= URL=)
2024-06-06 06:25:40 [2] Confirmed the "Link Alive Check". (NextTime=1970-01-01 00:00:00 Result= URL=)
2024-06-06 06:25:40 [3] Confirmed the "Link Alive Check". (NextTime=1970-01-01 00:00:00 Result= URL=)
2024-06-06 06:25:40 [4] Confirmed the "Link Alive Check". (NextTime=1970-01-01 00:00:00 Result= URL=)
2024-06-06 06:25:41 [5] Confirmed the "Link Alive Check". (NextTime=1970-01-01 00:00:00 Result= URL=)
2024-06-06 06:28:16 There were 82 links that passed the next "Check SNS Count" confirmation date and time.
2024-06-06 06:28:16 [1] Confirmed the "Check SNS Count". (NextTime=2021-03-26 13:04:58 URL=https://anaconda.org/anaconda/tensorflow-gpu)
2024-06-06 06:28:16 [2] Confirmed the "Check SNS Count". (NextTime=2021-03-22 15:39:21 URL=http://www.orangepi.org/downloadresources/)
2024-06-06 06:28:16 [3] Confirmed the "Check SNS Count". (NextTime=2024-04-23 09:55:15 URL=https://www.amazon.co.jp/Roost-%E3%83%8E%E3%83%BC%E3%83%88%E3%83%91%E3%82%BD%E3%82%B3%E3%83%B3%E7%94%A8%E3%82%B9%E3%82%BF%E3%83%B3%E3%83%89-MacBook-%E4%BA%BA%E9%96%93%E5%B7%A5%E5%AD%A6%E3%81%AB%E5%9F%BA%E3%81%A5%E3%81%84%E3%81%9F%E3%83%87%E3%82%B6%E3%82%A4%E3%83%B3-%E3%83%A6%E3%83%8B%E3%83%90%E3%83%BC%E3%82%B5%E3%83%AB%E3%83%87%E3%82%B6%E3%82%A4%E3%83%B3/dp/B01C9KG8IG/ref=as_li_ss_il?s=computers&amp;#038;ie=UTF8&amp;#038;qid=1528530127&amp;#038;sr=1-1&amp;#038;keywords=roost&amp;#038;linkCode=li2&amp;#038;tag=drunkar-22&amp;#038;linkId=a49e099ec421875d90549a4cbdb3dce3)
2024-06-06 06:28:16 [4] Confirmed the "Check SNS Count". (NextTime=2021-03-25 23:02:22 URL=https://www.amazon.co.jp/dp/B07C1ZW28H/ref=as_li_ss_il?ie=UTF8&#038;linkCode=li2&#038;tag=drunkar-22&#038;linkId=e7ccaf49fba76116034a2d3086a2d581)
2024-06-06 06:28:16 [5] Confirmed the "Check SNS Count". (NextTime=2021-03-26 04:50:27 URL=https://insider.windows.com/ja-jp/)
2024-06-06 06:28:16 [6] Confirmed the "Check SNS Count". (NextTime=2021-04-14 17:42:35 URL=https://sekailab.com/wp/2013/02/23/%E5%BB%BA%E7%AF%89%E6%89%B9%E8%A9%95%E7%A9%BA%E9%96%93%E3%82%92%E5%8F%AF%E8%A6%96%E5%8C%96%E3%81%97%E3%81%A6%E3%81%BF%E3%81%9F)
2024-06-06 06:28:16 [7] Confirmed the "Check SNS Count". (NextTime=2024-04-22 21:32:32 URL=https://www.amazon.co.jp/%E3%81%AF%E3%81%98%E3%82%81%E3%81%A6%E3%81%AE%E6%A9%9F%E6%A2%B0%E5%AD%A6%E7%BF%92-%E5%B0%8F%E9%AB%98-%E7%9F%A5%E5%AE%8F/dp/4274068463/ref=as_li_ss_il?s=books&amp;#038;ie=UTF8&amp;#038;qid=1516557616&amp;#038;sr=1-1&amp;#038;keywords=%E3%81%AF%E3%81%98%E3%82%81%E3%81%A6%E3%81%AE%E6%A9%9F%E6%A2%B0%E5%AD%A6%E7%BF%92&amp;#038;linkCode=li2&amp;#038;tag=drunkar-22&amp;#038;linkId=6695be54c6a85bf00717196c8fe85cea)
2024-06-06 06:28:16 [8] Confirmed the "Check SNS Count". (NextTime=2024-04-24 02:25:26 URL=https://www.amazon.co.jp/Roost-%E3%83%8E%E3%83%BC%E3%83%88%E3%83%91%E3%82%BD%E3%82%B3%E3%83%B3%E7%94%A8%E3%82%B9%E3%82%BF%E3%83%B3%E3%83%89-MacBook-%E4%BA%BA%E9%96%93%E5%B7%A5%E5%AD%A6%E3%81%AB%E5%9F%BA%E3%81%A5%E3%81%84%E3%81%9F%E3%83%87%E3%82%B6%E3%82%A4%E3%83%B3-%E3%83%A6%E3%83%8B%E3%83%90%E3%83%BC%E3%82%B5%E3%83%AB%E3%83%87%E3%82%B6%E3%82%A4%E3%83%B3/dp/B01C9KG8IG/ref=as_li_ss_il?ie=UTF8&amp;#038;qid=1530874117&amp;#038;sr=8-1&amp;#038;keywords=roost&amp;#038;linkCode=li2&amp;#038;tag=drunkar-22&amp;#038;linkId=100d961f17d3946bcfe8a8e9392f2401)
2024-06-06 06:28:16 [9] Confirmed the "Check SNS Count". (NextTime=2021-04-15 08:54:57 URL=https://sekailab.com/wp/2018/06/09/best-practice-of-cooling-razer-blade)
2024-06-06 06:28:16 [10] Confirmed the "Check SNS Count". (NextTime=2024-04-24 20:01:32 URL=https://www.amazon.co.jp/%E6%B5%B7%E5%A4%96%E7%9B%B4%E9%80%81%E5%93%81-Supplements-Chocolate-Brownie-2-18kg/dp/B00DCNIGS0/ref=as_li_ss_il?s=hpc&amp;#038;ie=UTF8&amp;#038;qid=1483631751&amp;#038;sr=1-14&amp;#038;keywords=%E3%83%97%E3%83%AD%E3%83%86%E3%82%A4%E3%83%B3&amp;#038;linkCode=li2&amp;#038;tag=drunkar-22&amp;#038;linkId=2e1a1e5a1a859065e9cab108a67a9c6b)
2024-06-06 06:28:18 There were 318 links that passed the next "Link Alive Check" confirmation date and time.
2024-06-06 06:28:19 [1] Confirmed the "Link Alive Check". (NextTime=1970-01-01 00:00:00 Result= URL=)
2024-06-06 06:28:19 [2] Confirmed the "Link Alive Check". (NextTime=1970-01-01 00:00:00 Result= URL=)
2024-06-06 06:28:19 [3] Confirmed the "Link Alive Check". (NextTime=1970-01-01 00:00:00 Result= URL=)
2024-06-06 06:28:27 [4] Confirmed the "Link Alive Check". (NextTime=1970-01-01 00:00:00 Result= URL=)
2024-06-06 06:28:27 [5] Confirmed the "Link Alive Check". (NextTime=1970-01-01 00:00:00 Result= URL=)
2024-06-06 08:28:25 There were 75 links that passed the next "Check SNS Count" confirmation date and time.
2024-06-06 08:28:25 [1] Confirmed the "Check SNS Count". (NextTime=2021-04-16 02:20:40 URL=https://sekailab.com/wp/2018/02/03/watch-process-to-send-gmail-with-python3)
2024-06-06 08:28:25 [2] Confirmed the "Check SNS Count". (NextTime=2024-04-25 05:41:47 URL=https://www.amazon.co.jp/ZORTRAX-%E3%80%90%E6%AD%A3%E8%A6%8F%E4%BB%A3%E7%90%86%E5%BA%97%E3%80%91ZORTRAX-M200-3D%E3%83%97%E3%83%AA%E3%83%B3%E3%82%BF%E3%83%BC-FDM/dp/B00UWEZ8RE/ref=as_li_ss_il?ie=UTF8&amp;#038;qid=1514638656&amp;#038;sr=8-1&amp;#038;keywords=zortrax+m200&amp;#038;linkCode=li2&amp;#038;tag=drunkar-22&amp;#038;linkId=8b8050f533516d0f9f8e07e71693bd99)
2024-06-06 08:28:25 [3] Confirmed the "Check SNS Count". (NextTime=2021-03-24 11:04:11 URL=https://www.amazon.co.jp/%E6%B5%B7%E5%A4%96%E7%9B%B4%E9%80%81%E5%93%81-Supplements-Chocolate-Brownie-2-18kg/dp/B00DCNIGS0/ref=as_li_ss_il?s=hpc&#038;ie=UTF8&#038;qid=1483631751&#038;sr=1-14&#038;keywords=%E3%83%97%E3%83%AD%E3%83%86%E3%82%A4%E3%83%B3&#038;linkCode=li2&#038;tag=drunkar-22&#038;linkId=2e1a1e5a1a859065e9cab108a67a9c6b)
2024-06-06 08:28:26 [4] Confirmed the "Check SNS Count". (NextTime=2021-04-17 12:18:52 URL=https://www.amazon.co.jp/%E3%83%84%E3%82%A4%E3%83%B3%E3%83%90%E3%83%BC%E3%83%89%E5%B7%A5%E6%A5%AD-Twinbird-CM-D457B-%E5%85%A8%E8%87%AA%E5%8B%95%E3%82%B3%E3%83%BC%E3%83%92%E3%83%BC%E3%83%A1%E3%83%BC%E3%82%AB%E3%83%BC-%E3%83%96%E3%83%A9%E3%83%83%E3%82%AFTWINBIRD/dp/B07HFP6H3L/ref=as_li_ss_il?__mk_ja_JP=%E3%82%AB%E3%82%BF%E3%82%AB%E3%83%8A&#038;keywords=%E3%83%84%E3%82%A4%E3%83%B3%E3%83%90%E3%83%BC%E3%83%89+%E3%82%B3%E3%83%BC%E3%83%92%E3%83%BC%E3%83%A1%E3%83%BC%E3%82%AB%E3%83%BC&#038;qid=1585585285&#038;sr=8-4&#038;linkCode=li2&#038;tag=drunkar-22&#038;linkId=21fdfffb9a1385593abbf880369e6a7e)
2024-06-06 08:28:26 [5] Confirmed the "Check SNS Count". (NextTime=2021-03-20 10:53:21 URL=https://sekailab.com/wp/2018/02/03/watch-process-to-send-gmail-with-python3/)
2024-06-06 08:28:26 [6] Confirmed the "Check SNS Count". (NextTime=2021-03-23 05:56:56 URL=https://www.banggood.com/Jumper-EZBOOK-3-PRO-13_3-Inch-Notebook-Windows-10-Intel-Apollo-Lake-N3450-Quad-Core-6GB-RAM-64G-eMMC-p-1184679.html?p=K226105168701201606R)
2024-06-06 08:28:26 [7] Confirmed the "Check SNS Count". (NextTime=2024-04-24 01:18:18 URL=https://www.amazon.co.jp/%E3%82%A8%E3%83%AC%E3%82%B3%E3%83%A0-%E3%83%90%E3%83%83%E3%82%B0%E3%82%A4%E3%83%B3%E3%83%90%E3%83%83%E3%82%B0-%E3%82%AC%E3%82%B8%E3%82%A7%E3%83%83%E3%83%88%E5%8F%8E%E7%B4%8D-%E3%82%B9%E3%83%88%E3%83%AC%E3%83%83%E3%83%81%E7%B4%A0%E6%9D%90-BMA-GP10BK/dp/B013J9F684/ref=as_li_ss_il?_encoding=UTF8&amp;#038;pd_rd_i=B013J9F68Y&amp;#038;pd_rd_r=040641d8-8122-11e8-bb0c-dd50569c438f&amp;#038;pd_rd_w=I4EYc&amp;#038;pd_rd_wg=0Wqto&amp;#038;pf_rd_i=desktop-dp-sims&amp;#038;pf_rd_m=AN1VRQENFRJN5&amp;#038;pf_rd_p=3472031948783866574&amp;#038;pf_rd_r=VQKKKEAD2YHT0SNXC6G2&amp;#038;pf_rd_s=desktop-dp-sims&amp;#038;pf_rd_t=40701&amp;#038;refRID=VQKKKEAD2YHT0SNXC6G2&amp;#038;th=1&amp;#038;linkCode=li2&amp;#038;tag=drunkar-22&amp;#038;linkId=7ef50d437e6ccbc5406dae6740defcb5)
2024-06-06 08:28:26 [8] Confirmed the "Check SNS Count". (NextTime=2021-04-14 19:41:24 URL=https://sekailab.com/wp/2018/08/27/review-waterproof-bluetooth-earphone)
2024-06-06 08:28:26 [9] Confirmed the "Check SNS Count". (NextTime=2021-06-25 03:04:11 URL=https://www.amazon.co.jp/gp/product/B08SMBN7ZB?ie=UTF8&#038;psc=1&#038;linkCode=li2&#038;tag=drunkar-22&#038;linkId=d793effed22f9dc70b1c21e3f16e0bc8&#038;language=ja_JP&#038;ref_=as_li_ss_il)
2024-06-06 08:28:27 [10] Confirmed the "Check SNS Count". (NextTime=2021-04-14 22:33:14 URL=https://www.amazon.co.jp/Gold-Standard-100-%E3%82%A8%E3%82%AF%E3%82%B9%E3%83%88%E3%83%AA%E3%83%BC%E3%83%A0%E3%83%81%E3%83%A7%E3%82%B3%E3%83%AC%E3%83%BC%E3%83%88-2-27kg/dp/B01L1NX32Q/ref=as_li_ss_il?ie=UTF8&#038;qid=1483631295&#038;sr=8-2&#038;keywords=Gold+Standard+100%&#038;linkCode=li2&#038;tag=drunkar-22&#038;linkId=1e8286abc92678776dfd2dfeef1b05e3)
