2021-05-07 00:24:57 There were 279 links that passed the next "Link Alive Check" confirmation date and time.
2021-05-07 00:24:58 [1] Confirmed the "Link Alive Check". (NextTime=1970-01-01 00:00:00 Result= URL=)
2021-05-07 00:24:58 [2] Confirmed the "Link Alive Check". (NextTime=1970-01-01 00:00:00 Result= URL=)
2021-05-07 00:24:58 [3] Confirmed the "Link Alive Check". (NextTime=1970-01-01 00:00:00 Result= URL=)
2021-05-07 00:24:59 [4] Confirmed the "Link Alive Check". (NextTime=1970-01-01 00:00:00 Result= URL=)
2021-05-07 00:24:59 [5] Confirmed the "Link Alive Check". (NextTime=1970-01-01 00:00:00 Result= URL=)
2021-05-07 00:35:22 There were 2 links that passed the next "Check SNS Count" confirmation date and time.
2021-05-07 00:35:22 [1] Confirmed the "Check SNS Count". (NextTime=2021-03-28 21:34:13 URL=https://sekailab.com/wp/2019/05/08/google-translation-with-kindle-cloud-reader/)
2021-05-07 00:35:22 [2] Confirmed the "Check SNS Count". (NextTime=2021-03-20 06:10:49 URL=https://www.amazon.co.jp/gp/product/B077R9R4Y4/ref=as_li_ss_il?ie=UTF8&#038;psc=1&#038;linkCode=li2&#038;tag=drunkar-22&#038;linkId=6b2240196fb9eedbc1594687fc949fc8)
2021-05-07 00:49:34 There were 279 links that passed the next "Link Alive Check" confirmation date and time.
2021-05-07 00:49:35 [1] Confirmed the "Link Alive Check". (NextTime=1970-01-01 00:00:00 Result= URL=)
2021-05-07 00:49:35 [2] Confirmed the "Link Alive Check". (NextTime=1970-01-01 00:00:00 Result= URL=)
2021-05-07 00:49:36 [3] Confirmed the "Link Alive Check". (NextTime=1970-01-01 00:00:00 Result= URL=)
2021-05-07 00:49:36 [4] Confirmed the "Link Alive Check". (NextTime=1970-01-01 00:00:00 Result= URL=)
2021-05-07 00:49:36 [5] Confirmed the "Link Alive Check". (NextTime=1970-01-01 00:00:00 Result= URL=)
2021-05-07 01:25:59 There were 279 links that passed the next "Link Alive Check" confirmation date and time.
2021-05-07 01:25:59 [1] Confirmed the "Link Alive Check". (NextTime=1970-01-01 00:00:00 Result= URL=)
2021-05-07 01:26:00 [2] Confirmed the "Link Alive Check". (NextTime=1970-01-01 00:00:00 Result= URL=)
2021-05-07 01:26:00 [3] Confirmed the "Link Alive Check". (NextTime=1970-01-01 00:00:00 Result= URL=)
2021-05-07 01:26:00 [4] Confirmed the "Link Alive Check". (NextTime=1970-01-01 00:00:00 Result= URL=)
2021-05-07 01:26:01 [5] Confirmed the "Link Alive Check". (NextTime=1970-01-01 00:00:00 Result= URL=)
2021-05-07 01:34:52 There were 2 links that passed the next "Check SNS Count" confirmation date and time.
2021-05-07 01:34:53 [1] Confirmed the "Check SNS Count". (NextTime=2021-04-14 23:36:28 URL=https://sekailab.com/wp/2020/03/25/deepl-translation-with-kindle-cloud-reader)
2021-05-07 01:34:53 [2] Confirmed the "Check SNS Count". (NextTime=2021-03-26 08:44:23 URL=https://www.switch-science.com/catalog/5760/)
2021-05-07 01:49:59 There were 279 links that passed the next "Link Alive Check" confirmation date and time.
2021-05-07 01:49:59 [1] Confirmed the "Link Alive Check". (NextTime=1970-01-01 00:00:00 Result= URL=)
2021-05-07 01:49:59 [2] Confirmed the "Link Alive Check". (NextTime=1970-01-01 00:00:00 Result= URL=)
2021-05-07 01:50:00 [3] Confirmed the "Link Alive Check". (NextTime=1970-01-01 00:00:00 Result= URL=)
2021-05-07 01:50:00 [4] Confirmed the "Link Alive Check". (NextTime=1970-01-01 00:00:00 Result= URL=)
2021-05-07 01:50:00 [5] Confirmed the "Link Alive Check". (NextTime=1970-01-01 00:00:00 Result= URL=)
2021-05-07 02:04:13 There were 279 links that passed the next "Link Alive Check" confirmation date and time.
2021-05-07 02:04:14 [1] Confirmed the "Link Alive Check". (NextTime=1970-01-01 00:00:00 Result= URL=)
2021-05-07 02:04:14 [2] Confirmed the "Link Alive Check". (NextTime=1970-01-01 00:00:00 Result= URL=)
2021-05-07 02:04:14 [3] Confirmed the "Link Alive Check". (NextTime=1970-01-01 00:00:00 Result= URL=)
2021-05-07 02:04:15 [4] Confirmed the "Link Alive Check". (NextTime=1970-01-01 00:00:00 Result= URL=)
2021-05-07 02:04:15 [5] Confirmed the "Link Alive Check". (NextTime=1970-01-01 00:00:00 Result= URL=)
2021-05-07 02:26:10 There were 279 links that passed the next "Link Alive Check" confirmation date and time.
2021-05-07 02:26:10 [1] Confirmed the "Link Alive Check". (NextTime=1970-01-01 00:00:00 Result= URL=)
2021-05-07 02:26:10 [2] Confirmed the "Link Alive Check". (NextTime=1970-01-01 00:00:00 Result= URL=)
2021-05-07 02:26:11 [3] Confirmed the "Link Alive Check". (NextTime=1970-01-01 00:00:00 Result= URL=)
2021-05-07 02:26:11 [4] Confirmed the "Link Alive Check". (NextTime=1970-01-01 00:00:00 Result= URL=)
2021-05-07 02:26:11 [5] Confirmed the "Link Alive Check". (NextTime=1970-01-01 00:00:00 Result= URL=)
2021-05-07 02:34:05 There were 1 links that passed the next "Check SNS Count" confirmation date and time.
2021-05-07 02:34:05 [1] Confirmed the "Check SNS Count". (NextTime=2021-03-22 09:38:25 URL=https://www.amazon.co.jp/gp/product/B00068KUX8/ref=as_li_ss_il?ie=UTF8&#038;psc=1&#038;linkCode=li2&#038;tag=drunkar-22&#038;linkId=8957e9bc35d841131d680de25b42acaf&#038;language=ja_JP)
2021-05-07 02:50:01 There were 279 links that passed the next "Link Alive Check" confirmation date and time.
2021-05-07 02:50:01 [1] Confirmed the "Link Alive Check". (NextTime=1970-01-01 00:00:00 Result= URL=)
2021-05-07 02:50:02 [2] Confirmed the "Link Alive Check". (NextTime=1970-01-01 00:00:00 Result= URL=)
2021-05-07 02:50:02 [3] Confirmed the "Link Alive Check". (NextTime=1970-01-01 00:00:00 Result= URL=)
2021-05-07 02:50:02 [4] Confirmed the "Link Alive Check". (NextTime=1970-01-01 00:00:00 Result= URL=)
2021-05-07 02:50:02 [5] Confirmed the "Link Alive Check". (NextTime=1970-01-01 00:00:00 Result= URL=)
2021-05-07 03:04:16 There were 279 links that passed the next "Link Alive Check" confirmation date and time.
2021-05-07 03:04:16 [1] Confirmed the "Link Alive Check". (NextTime=1970-01-01 00:00:00 Result= URL=)
2021-05-07 03:04:16 [2] Confirmed the "Link Alive Check". (NextTime=1970-01-01 00:00:00 Result= URL=)
2021-05-07 03:04:17 [3] Confirmed the "Link Alive Check". (NextTime=1970-01-01 00:00:00 Result= URL=)
2021-05-07 03:04:17 [4] Confirmed the "Link Alive Check". (NextTime=1970-01-01 00:00:00 Result= URL=)
2021-05-07 03:04:17 [5] Confirmed the "Link Alive Check". (NextTime=1970-01-01 00:00:00 Result= URL=)
2021-05-07 03:27:03 There were 279 links that passed the next "Link Alive Check" confirmation date and time.
2021-05-07 03:27:03 [1] Confirmed the "Link Alive Check". (NextTime=1970-01-01 00:00:00 Result= URL=)
2021-05-07 03:27:04 [2] Confirmed the "Link Alive Check". (NextTime=1970-01-01 00:00:00 Result= URL=)
2021-05-07 03:27:04 [3] Confirmed the "Link Alive Check". (NextTime=1970-01-01 00:00:00 Result= URL=)
2021-05-07 03:27:05 [4] Confirmed the "Link Alive Check". (NextTime=1970-01-01 00:00:00 Result= URL=)
2021-05-07 03:27:05 [5] Confirmed the "Link Alive Check". (NextTime=1970-01-01 00:00:00 Result= URL=)
2021-05-07 03:34:08 There were 1 links that passed the next "Check SNS Count" confirmation date and time.
2021-05-07 03:34:08 [1] Confirmed the "Check SNS Count". (NextTime=2021-03-21 15:27:00 URL=https://sekailab.com/wp/2018/08/10/build-opencv-on-orangepi-pc2/)
2021-05-07 03:50:34 There were 279 links that passed the next "Link Alive Check" confirmation date and time.
2021-05-07 03:50:35 [1] Confirmed the "Link Alive Check". (NextTime=1970-01-01 00:00:00 Result= URL=)
2021-05-07 03:50:35 [2] Confirmed the "Link Alive Check". (NextTime=1970-01-01 00:00:00 Result= URL=)
2021-05-07 03:50:35 [3] Confirmed the "Link Alive Check". (NextTime=1970-01-01 00:00:00 Result= URL=)
2021-05-07 03:50:36 [4] Confirmed the "Link Alive Check". (NextTime=1970-01-01 00:00:00 Result= URL=)
2021-05-07 03:50:36 [5] Confirmed the "Link Alive Check". (NextTime=1970-01-01 00:00:00 Result= URL=)
2021-05-07 04:04:36 There were 279 links that passed the next "Link Alive Check" confirmation date and time.
2021-05-07 04:04:36 [1] Confirmed the "Link Alive Check". (NextTime=1970-01-01 00:00:00 Result= URL=)
2021-05-07 04:04:37 [2] Confirmed the "Link Alive Check". (NextTime=1970-01-01 00:00:00 Result= URL=)
2021-05-07 04:04:37 [3] Confirmed the "Link Alive Check". (NextTime=1970-01-01 00:00:00 Result= URL=)
2021-05-07 04:04:37 [4] Confirmed the "Link Alive Check". (NextTime=1970-01-01 00:00:00 Result= URL=)
2021-05-07 04:04:38 [5] Confirmed the "Link Alive Check". (NextTime=1970-01-01 00:00:00 Result= URL=)
2021-05-07 04:28:40 There were 279 links that passed the next "Link Alive Check" confirmation date and time.
2021-05-07 04:28:40 [1] Confirmed the "Link Alive Check". (NextTime=1970-01-01 00:00:00 Result= URL=)
2021-05-07 04:28:41 [2] Confirmed the "Link Alive Check". (NextTime=1970-01-01 00:00:00 Result= URL=)
2021-05-07 04:28:41 [3] Confirmed the "Link Alive Check". (NextTime=1970-01-01 00:00:00 Result= URL=)
2021-05-07 04:28:41 [4] Confirmed the "Link Alive Check". (NextTime=1970-01-01 00:00:00 Result= URL=)
2021-05-07 04:28:42 [5] Confirmed the "Link Alive Check". (NextTime=1970-01-01 00:00:00 Result= URL=)
2021-05-07 04:34:27 There were 3 links that passed the next "Check SNS Count" confirmation date and time.
2021-05-07 04:34:27 [1] Confirmed the "Check SNS Count". (NextTime=2021-04-05 02:04:04 URL=https://sekailab.com/wp/2018/04/10/python-2-79-anaconda-python/)
2021-05-07 04:34:27 [2] Confirmed the "Check SNS Count". (NextTime=2021-03-21 10:49:03 URL=https://gist.github.com/Drunkar/d3be687b0eb03c3f341f5d4b8edfbf07)
2021-05-07 04:34:27 [3] Confirmed the "Check SNS Count". (NextTime=2021-03-21 23:30:41 URL=https://www.amazon.co.jp/%E3%82%A8%E3%83%AC%E3%82%B3%E3%83%A0-%E3%83%90%E3%83%83%E3%82%B0%E3%82%A4%E3%83%B3%E3%83%90%E3%83%83%E3%82%B0-%E3%82%AC%E3%82%B8%E3%82%A7%E3%83%83%E3%83%88%E5%8F%8E%E7%B4%8D-%E3%82%B9%E3%83%88%E3%83%AC%E3%83%83%E3%83%81%E7%B4%A0%E6%9D%90-BMA-GP10BK/dp/B013J9F684/ref=as_li_ss_il?_encoding=UTF8&#038;pd_rd_i=B013J9F68Y&#038;pd_rd_r=040641d8-8122-11e8-bb0c-dd50569c438f&#038;pd_rd_w=I4EYc&#038;pd_rd_wg=0Wqto&#038;pf_rd_i=desktop-dp-sims&#038;pf_rd_m=AN1VRQENFRJN5&#038;pf_rd_p=3472031948783866574&#038;pf_rd_r=VQKKKEAD2YHT0SNXC6G2&#038;pf_rd_s=desktop-dp-sims&#038;pf_rd_t=40701&#038;refRID=VQKKKEAD2YHT0SNXC6G2&#038;th=1&#038;linkCode=li2&#038;tag=drunkar-22&#038;linkId=7ef50d437e6ccbc5406dae6740defcb5)
2021-05-07 04:50:37 There were 279 links that passed the next "Link Alive Check" confirmation date and time.
2021-05-07 04:50:38 [1] Confirmed the "Link Alive Check". (NextTime=1970-01-01 00:00:00 Result= URL=)
2021-05-07 04:50:38 [2] Confirmed the "Link Alive Check". (NextTime=1970-01-01 00:00:00 Result= URL=)
2021-05-07 04:50:38 [3] Confirmed the "Link Alive Check". (NextTime=1970-01-01 00:00:00 Result= URL=)
2021-05-07 04:50:39 [4] Confirmed the "Link Alive Check". (NextTime=1970-01-01 00:00:00 Result= URL=)
2021-05-07 04:50:39 [5] Confirmed the "Link Alive Check". (NextTime=1970-01-01 00:00:00 Result= URL=)
2021-05-07 05:04:53 There were 279 links that passed the next "Link Alive Check" confirmation date and time.
2021-05-07 05:04:53 [1] Confirmed the "Link Alive Check". (NextTime=1970-01-01 00:00:00 Result= URL=)
2021-05-07 05:04:54 [2] Confirmed the "Link Alive Check". (NextTime=1970-01-01 00:00:00 Result= URL=)
2021-05-07 05:04:54 [3] Confirmed the "Link Alive Check". (NextTime=1970-01-01 00:00:00 Result= URL=)
2021-05-07 05:04:54 [4] Confirmed the "Link Alive Check". (NextTime=1970-01-01 00:00:00 Result= URL=)
2021-05-07 05:04:55 [5] Confirmed the "Link Alive Check". (NextTime=1970-01-01 00:00:00 Result= URL=)
2021-05-07 05:28:43 There were 279 links that passed the next "Link Alive Check" confirmation date and time.
2021-05-07 05:28:44 [1] Confirmed the "Link Alive Check". (NextTime=1970-01-01 00:00:00 Result= URL=)
2021-05-07 05:28:44 [2] Confirmed the "Link Alive Check". (NextTime=1970-01-01 00:00:00 Result= URL=)
2021-05-07 05:28:45 [3] Confirmed the "Link Alive Check". (NextTime=1970-01-01 00:00:00 Result= URL=)
2021-05-07 05:28:45 [4] Confirmed the "Link Alive Check". (NextTime=1970-01-01 00:00:00 Result= URL=)
2021-05-07 05:28:45 [5] Confirmed the "Link Alive Check". (NextTime=1970-01-01 00:00:00 Result= URL=)
2021-05-07 05:34:33 There were 1 links that passed the next "Check SNS Count" confirmation date and time.
2021-05-07 05:34:33 [1] Confirmed the "Check SNS Count". (NextTime=2021-03-23 19:32:51 URL=https://sekailab.com/wp/2016/06/27/100%E5%86%86%E3%81%A7arduino%E3%81%8C%E8%B2%B7%E3%81%88%E3%81%9F%E9%80%81%E6%96%99%E5%88%A5%E3%80%82%E4%BA%92%E6%8F%9B%E6%A9%9F%E3%81%A0%E3%81%91%E3%81%A9/)
2021-05-07 05:50:49 There were 279 links that passed the next "Link Alive Check" confirmation date and time.
2021-05-07 05:50:50 [1] Confirmed the "Link Alive Check". (NextTime=1970-01-01 00:00:00 Result= URL=)
2021-05-07 05:50:50 [2] Confirmed the "Link Alive Check". (NextTime=1970-01-01 00:00:00 Result= URL=)
2021-05-07 05:50:50 [3] Confirmed the "Link Alive Check". (NextTime=1970-01-01 00:00:00 Result= URL=)
2021-05-07 05:50:51 [4] Confirmed the "Link Alive Check". (NextTime=1970-01-01 00:00:00 Result= URL=)
2021-05-07 05:50:51 [5] Confirmed the "Link Alive Check". (NextTime=1970-01-01 00:00:00 Result= URL=)
2021-05-07 06:07:40 There were 279 links that passed the next "Link Alive Check" confirmation date and time.
2021-05-07 06:07:40 [1] Confirmed the "Link Alive Check". (NextTime=1970-01-01 00:00:00 Result= URL=)
2021-05-07 06:07:40 [2] Confirmed the "Link Alive Check". (NextTime=1970-01-01 00:00:00 Result= URL=)
2021-05-07 06:07:41 [3] Confirmed the "Link Alive Check". (NextTime=1970-01-01 00:00:00 Result= URL=)
2021-05-07 06:07:41 [4] Confirmed the "Link Alive Check". (NextTime=1970-01-01 00:00:00 Result= URL=)
2021-05-07 06:07:41 [5] Confirmed the "Link Alive Check". (NextTime=1970-01-01 00:00:00 Result= URL=)
2021-05-07 06:31:07 There were 279 links that passed the next "Link Alive Check" confirmation date and time.
2021-05-07 06:31:08 [1] Confirmed the "Link Alive Check". (NextTime=1970-01-01 00:00:00 Result= URL=)
2021-05-07 06:31:08 [2] Confirmed the "Link Alive Check". (NextTime=1970-01-01 00:00:00 Result= URL=)
2021-05-07 06:31:09 [3] Confirmed the "Link Alive Check". (NextTime=1970-01-01 00:00:00 Result= URL=)
2021-05-07 06:31:09 [4] Confirmed the "Link Alive Check". (NextTime=1970-01-01 00:00:00 Result= URL=)
2021-05-07 06:31:09 [5] Confirmed the "Link Alive Check". (NextTime=1970-01-01 00:00:00 Result= URL=)
2021-05-07 06:34:12 There were 0 links that passed the next "Check SNS Count" confirmation date and time.
2021-05-07 06:51:01 There were 279 links that passed the next "Link Alive Check" confirmation date and time.
2021-05-07 06:51:01 [1] Confirmed the "Link Alive Check". (NextTime=1970-01-01 00:00:00 Result= URL=)
2021-05-07 06:51:02 [2] Confirmed the "Link Alive Check". (NextTime=1970-01-01 00:00:00 Result= URL=)
2021-05-07 06:51:02 [3] Confirmed the "Link Alive Check". (NextTime=1970-01-01 00:00:00 Result= URL=)
2021-05-07 06:51:02 [4] Confirmed the "Link Alive Check". (NextTime=1970-01-01 00:00:00 Result= URL=)
2021-05-07 06:51:03 [5] Confirmed the "Link Alive Check". (NextTime=1970-01-01 00:00:00 Result= URL=)
2021-05-07 07:07:43 There were 279 links that passed the next "Link Alive Check" confirmation date and time.
2021-05-07 07:07:43 [1] Confirmed the "Link Alive Check". (NextTime=1970-01-01 00:00:00 Result= URL=)
2021-05-07 07:07:44 [2] Confirmed the "Link Alive Check". (NextTime=1970-01-01 00:00:00 Result= URL=)
2021-05-07 07:07:44 [3] Confirmed the "Link Alive Check". (NextTime=1970-01-01 00:00:00 Result= URL=)
2021-05-07 07:07:44 [4] Confirmed the "Link Alive Check". (NextTime=1970-01-01 00:00:00 Result= URL=)
2021-05-07 07:07:45 [5] Confirmed the "Link Alive Check". (NextTime=1970-01-01 00:00:00 Result= URL=)
2021-05-07 07:31:22 There were 279 links that passed the next "Link Alive Check" confirmation date and time.
2021-05-07 07:31:22 [1] Confirmed the "Link Alive Check". (NextTime=1970-01-01 00:00:00 Result= URL=)
2021-05-07 07:31:23 [2] Confirmed the "Link Alive Check". (NextTime=1970-01-01 00:00:00 Result= URL=)
2021-05-07 07:31:23 [3] Confirmed the "Link Alive Check". (NextTime=1970-01-01 00:00:00 Result= URL=)
2021-05-07 07:31:23 [4] Confirmed the "Link Alive Check". (NextTime=1970-01-01 00:00:00 Result= URL=)
2021-05-07 07:31:24 [5] Confirmed the "Link Alive Check". (NextTime=1970-01-01 00:00:00 Result= URL=)
2021-05-07 07:34:26 There were 1 links that passed the next "Check SNS Count" confirmation date and time.
2021-05-07 07:34:26 [1] Confirmed the "Check SNS Count". (NextTime=2021-04-15 01:59:14 URL=https://twitter.com/search?q=from%3Agoroman%20since%3A2020-07-06%20until%3A2020-07-07&#038;src=typed_query&#038;f=live)
2021-05-07 07:51:30 There were 279 links that passed the next "Link Alive Check" confirmation date and time.
2021-05-07 07:51:30 [1] Confirmed the "Link Alive Check". (NextTime=1970-01-01 00:00:00 Result= URL=)
2021-05-07 07:51:30 [2] Confirmed the "Link Alive Check". (NextTime=1970-01-01 00:00:00 Result= URL=)
2021-05-07 07:51:31 [3] Confirmed the "Link Alive Check". (NextTime=1970-01-01 00:00:00 Result= URL=)
2021-05-07 07:51:31 [4] Confirmed the "Link Alive Check". (NextTime=1970-01-01 00:00:00 Result= URL=)
2021-05-07 07:51:31 [5] Confirmed the "Link Alive Check". (NextTime=1970-01-01 00:00:00 Result= URL=)
2021-05-07 08:08:25 There were 279 links that passed the next "Link Alive Check" confirmation date and time.
2021-05-07 08:08:26 [1] Confirmed the "Link Alive Check". (NextTime=1970-01-01 00:00:00 Result= URL=)
2021-05-07 08:08:26 [2] Confirmed the "Link Alive Check". (NextTime=1970-01-01 00:00:00 Result= URL=)
2021-05-07 08:08:26 [3] Confirmed the "Link Alive Check". (NextTime=1970-01-01 00:00:00 Result= URL=)
2021-05-07 08:08:27 [4] Confirmed the "Link Alive Check". (NextTime=1970-01-01 00:00:00 Result= URL=)
2021-05-07 08:08:27 [5] Confirmed the "Link Alive Check". (NextTime=1970-01-01 00:00:00 Result= URL=)
2021-05-07 08:31:52 There were 279 links that passed the next "Link Alive Check" confirmation date and time.
2021-05-07 08:31:52 [1] Confirmed the "Link Alive Check". (NextTime=1970-01-01 00:00:00 Result= URL=)
2021-05-07 08:31:53 [2] Confirmed the "Link Alive Check". (NextTime=1970-01-01 00:00:00 Result= URL=)
2021-05-07 08:31:53 [3] Confirmed the "Link Alive Check". (NextTime=1970-01-01 00:00:00 Result= URL=)
2021-05-07 08:31:53 [4] Confirmed the "Link Alive Check". (NextTime=1970-01-01 00:00:00 Result= URL=)
2021-05-07 08:31:54 [5] Confirmed the "Link Alive Check". (NextTime=1970-01-01 00:00:00 Result= URL=)
2021-05-07 08:34:17 There were 0 links that passed the next "Check SNS Count" confirmation date and time.
2021-05-07 08:52:19 There were 279 links that passed the next "Link Alive Check" confirmation date and time.
2021-05-07 08:52:20 [1] Confirmed the "Link Alive Check". (NextTime=1970-01-01 00:00:00 Result= URL=)
2021-05-07 08:52:20 [2] Confirmed the "Link Alive Check". (NextTime=1970-01-01 00:00:00 Result= URL=)
2021-05-07 08:52:20 [3] Confirmed the "Link Alive Check". (NextTime=1970-01-01 00:00:00 Result= URL=)
2021-05-07 08:52:21 [4] Confirmed the "Link Alive Check". (NextTime=1970-01-01 00:00:00 Result= URL=)
2021-05-07 08:52:21 [5] Confirmed the "Link Alive Check". (NextTime=1970-01-01 00:00:00 Result= URL=)
2021-05-07 09:08:33 There were 279 links that passed the next "Link Alive Check" confirmation date and time.
2021-05-07 09:08:33 [1] Confirmed the "Link Alive Check". (NextTime=1970-01-01 00:00:00 Result= URL=)
2021-05-07 09:08:34 [2] Confirmed the "Link Alive Check". (NextTime=1970-01-01 00:00:00 Result= URL=)
2021-05-07 09:08:34 [3] Confirmed the "Link Alive Check". (NextTime=1970-01-01 00:00:00 Result= URL=)
2021-05-07 09:08:34 [4] Confirmed the "Link Alive Check". (NextTime=1970-01-01 00:00:00 Result= URL=)
2021-05-07 09:08:35 [5] Confirmed the "Link Alive Check". (NextTime=1970-01-01 00:00:00 Result= URL=)
2021-05-07 09:32:17 There were 279 links that passed the next "Link Alive Check" confirmation date and time.
2021-05-07 09:32:17 [1] Confirmed the "Link Alive Check". (NextTime=1970-01-01 00:00:00 Result= URL=)
2021-05-07 09:32:17 [2] Confirmed the "Link Alive Check". (NextTime=1970-01-01 00:00:00 Result= URL=)
2021-05-07 09:32:18 [3] Confirmed the "Link Alive Check". (NextTime=1970-01-01 00:00:00 Result= URL=)
2021-05-07 09:32:18 [4] Confirmed the "Link Alive Check". (NextTime=1970-01-01 00:00:00 Result= URL=)
2021-05-07 09:32:18 [5] Confirmed the "Link Alive Check". (NextTime=1970-01-01 00:00:00 Result= URL=)
2021-05-07 09:34:18 There were 2 links that passed the next "Check SNS Count" confirmation date and time.
2021-05-07 09:34:19 [1] Confirmed the "Check SNS Count". (NextTime=2021-04-17 03:50:01 URL=https://www.amazon.co.jp/HARIO-%E3%83%8F%E3%83%AA%E3%82%AA-%E3%83%89%E3%83%AA%E3%83%83%E3%83%91%E3%83%BC-%E3%82%AB%E3%83%95%E3%82%A7%E3%82%AA%E3%83%BC%E3%83%AB-CFOD-02B/dp/B0040VIN18/ref=as_li_ss_il?__mk_ja_JP=%E3%82%AB%E3%82%BF%E3%82%AB%E3%83%8A&#038;keywords=%E3%82%B3%E3%83%BC%E3%83%92%E3%83%BC%E3%83%95%E3%82%A3%E3%83%AB%E3%82%BF%E3%83%BC+%E9%87%91%E5%B1%9E&#038;qid=1585584028&#038;sr=8-7&#038;linkCode=li2&#038;tag=drunkar-22&#038;linkId=c03c53ade732daac257ada12735145a2)
2021-05-07 09:34:19 [2] Confirmed the "Check SNS Count". (NextTime=2021-03-26 04:14:37 URL=https://www.atmarkit.co.jp/ait/articles/1812/06/news040.html)
2021-05-07 09:54:37 There were 279 links that passed the next "Link Alive Check" confirmation date and time.
2021-05-07 09:54:38 [1] Confirmed the "Link Alive Check". (NextTime=1970-01-01 00:00:00 Result= URL=)
2021-05-07 09:54:38 [2] Confirmed the "Link Alive Check". (NextTime=1970-01-01 00:00:00 Result= URL=)
2021-05-07 09:54:38 [3] Confirmed the "Link Alive Check". (NextTime=1970-01-01 00:00:00 Result= URL=)
2021-05-07 09:54:38 [4] Confirmed the "Link Alive Check". (NextTime=1970-01-01 00:00:00 Result= URL=)
2021-05-07 09:54:39 [5] Confirmed the "Link Alive Check". (NextTime=1970-01-01 00:00:00 Result= URL=)
2021-05-07 10:08:52 There were 279 links that passed the next "Link Alive Check" confirmation date and time.
2021-05-07 10:08:53 [1] Confirmed the "Link Alive Check". (NextTime=1970-01-01 00:00:00 Result= URL=)
2021-05-07 10:08:53 [2] Confirmed the "Link Alive Check". (NextTime=1970-01-01 00:00:00 Result= URL=)
2021-05-07 10:08:53 [3] Confirmed the "Link Alive Check". (NextTime=1970-01-01 00:00:00 Result= URL=)
2021-05-07 10:08:54 [4] Confirmed the "Link Alive Check". (NextTime=1970-01-01 00:00:00 Result= URL=)
2021-05-07 10:08:54 [5] Confirmed the "Link Alive Check". (NextTime=1970-01-01 00:00:00 Result= URL=)
2021-05-07 10:34:47 There were 279 links that passed the next "Link Alive Check" confirmation date and time.
2021-05-07 10:34:48 [1] Confirmed the "Link Alive Check". (NextTime=1970-01-01 00:00:00 Result= URL=)
2021-05-07 10:34:48 [2] Confirmed the "Link Alive Check". (NextTime=1970-01-01 00:00:00 Result= URL=)
2021-05-07 10:34:48 [3] Confirmed the "Link Alive Check". (NextTime=1970-01-01 00:00:00 Result= URL=)
2021-05-07 10:34:49 [4] Confirmed the "Link Alive Check". (NextTime=1970-01-01 00:00:00 Result= URL=)
2021-05-07 10:34:49 [5] Confirmed the "Link Alive Check". (NextTime=1970-01-01 00:00:00 Result= URL=)
2021-05-07 10:34:49 There were 1 links that passed the next "Check SNS Count" confirmation date and time.
2021-05-07 10:34:49 [1] Confirmed the "Check SNS Count". (NextTime=2021-04-15 11:01:06 URL=https://sekailab.com/wp/2013/12/11/watch-process-to-send-gmail)
2021-05-07 10:57:39 There were 279 links that passed the next "Link Alive Check" confirmation date and time.
2021-05-07 10:57:39 [1] Confirmed the "Link Alive Check". (NextTime=1970-01-01 00:00:00 Result= URL=)
2021-05-07 10:57:40 [2] Confirmed the "Link Alive Check". (NextTime=1970-01-01 00:00:00 Result= URL=)
2021-05-07 10:57:40 [3] Confirmed the "Link Alive Check". (NextTime=1970-01-01 00:00:00 Result= URL=)
2021-05-07 10:57:40 [4] Confirmed the "Link Alive Check". (NextTime=1970-01-01 00:00:00 Result= URL=)
2021-05-07 10:57:41 [5] Confirmed the "Link Alive Check". (NextTime=1970-01-01 00:00:00 Result= URL=)
2021-05-07 11:09:07 There were 279 links that passed the next "Link Alive Check" confirmation date and time.
2021-05-07 11:09:07 [1] Confirmed the "Link Alive Check". (NextTime=1970-01-01 00:00:00 Result= URL=)
2021-05-07 11:09:08 [2] Confirmed the "Link Alive Check". (NextTime=1970-01-01 00:00:00 Result= URL=)
2021-05-07 11:09:08 [3] Confirmed the "Link Alive Check". (NextTime=1970-01-01 00:00:00 Result= URL=)
2021-05-07 11:09:08 [4] Confirmed the "Link Alive Check". (NextTime=1970-01-01 00:00:00 Result= URL=)
2021-05-07 11:09:09 [5] Confirmed the "Link Alive Check". (NextTime=1970-01-01 00:00:00 Result= URL=)
2021-05-07 11:35:38 There were 0 links that passed the next "Check SNS Count" confirmation date and time.
2021-05-07 11:35:38 There were 279 links that passed the next "Link Alive Check" confirmation date and time.
2021-05-07 11:35:38 [1] Confirmed the "Link Alive Check". (NextTime=1970-01-01 00:00:00 Result= URL=)
2021-05-07 11:35:39 [2] Confirmed the "Link Alive Check". (NextTime=1970-01-01 00:00:00 Result= URL=)
2021-05-07 11:35:39 [3] Confirmed the "Link Alive Check". (NextTime=1970-01-01 00:00:00 Result= URL=)
2021-05-07 11:35:40 [4] Confirmed the "Link Alive Check". (NextTime=1970-01-01 00:00:00 Result= URL=)
2021-05-07 11:35:40 [5] Confirmed the "Link Alive Check". (NextTime=1970-01-01 00:00:00 Result= URL=)
2021-05-07 11:57:53 There were 279 links that passed the next "Link Alive Check" confirmation date and time.
2021-05-07 11:57:53 [1] Confirmed the "Link Alive Check". (NextTime=1970-01-01 00:00:00 Result= URL=)
2021-05-07 11:57:54 [2] Confirmed the "Link Alive Check". (NextTime=1970-01-01 00:00:00 Result= URL=)
2021-05-07 11:57:54 [3] Confirmed the "Link Alive Check". (NextTime=1970-01-01 00:00:00 Result= URL=)
2021-05-07 11:57:54 [4] Confirmed the "Link Alive Check". (NextTime=1970-01-01 00:00:00 Result= URL=)
2021-05-07 11:57:55 [5] Confirmed the "Link Alive Check". (NextTime=1970-01-01 00:00:00 Result= URL=)
2021-05-07 12:09:34 There were 279 links that passed the next "Link Alive Check" confirmation date and time.
2021-05-07 12:09:35 [1] Confirmed the "Link Alive Check". (NextTime=1970-01-01 00:00:00 Result= URL=)
2021-05-07 12:09:35 [2] Confirmed the "Link Alive Check". (NextTime=1970-01-01 00:00:00 Result= URL=)
2021-05-07 12:09:35 [3] Confirmed the "Link Alive Check". (NextTime=1970-01-01 00:00:00 Result= URL=)
2021-05-07 12:09:36 [4] Confirmed the "Link Alive Check". (NextTime=1970-01-01 00:00:00 Result= URL=)
2021-05-07 12:09:36 [5] Confirmed the "Link Alive Check". (NextTime=1970-01-01 00:00:00 Result= URL=)
2021-05-07 12:34:05 There were 2 links that passed the next "Check SNS Count" confirmation date and time.
2021-05-07 12:34:05 [1] Confirmed the "Check SNS Count". (NextTime=2021-03-24 17:31:08 URL=https://sekailab.com/wp/2018/08/14/librealsense-with-armbian-on-orangepi-pc2/)
2021-05-07 12:34:05 [2] Confirmed the "Check SNS Count". (NextTime=2021-03-21 02:10:55 URL=https://www.amazon.co.jp/gp/product/B00IOCHYSC/ref=as_li_ss_il?ie=UTF8&#038;psc=1&#038;linkCode=li2&#038;tag=drunkar-22&#038;linkId=65d814f38195e71beb65eb99b804b275&#038;language=ja_JP)
2021-05-07 12:36:03 There were 279 links that passed the next "Link Alive Check" confirmation date and time.
2021-05-07 12:36:04 [1] Confirmed the "Link Alive Check". (NextTime=1970-01-01 00:00:00 Result= URL=)
2021-05-07 12:36:04 [2] Confirmed the "Link Alive Check". (NextTime=1970-01-01 00:00:00 Result= URL=)
2021-05-07 12:36:04 [3] Confirmed the "Link Alive Check". (NextTime=1970-01-01 00:00:00 Result= URL=)
2021-05-07 12:36:05 [4] Confirmed the "Link Alive Check". (NextTime=1970-01-01 00:00:00 Result= URL=)
2021-05-07 12:36:05 [5] Confirmed the "Link Alive Check". (NextTime=1970-01-01 00:00:00 Result= URL=)
2021-05-07 13:01:03 There were 279 links that passed the next "Link Alive Check" confirmation date and time.
2021-05-07 13:01:03 [1] Confirmed the "Link Alive Check". (NextTime=1970-01-01 00:00:00 Result= URL=)
2021-05-07 13:01:04 [2] Confirmed the "Link Alive Check". (NextTime=1970-01-01 00:00:00 Result= URL=)
2021-05-07 13:01:04 [3] Confirmed the "Link Alive Check". (NextTime=1970-01-01 00:00:00 Result= URL=)
2021-05-07 13:01:04 [4] Confirmed the "Link Alive Check". (NextTime=1970-01-01 00:00:00 Result= URL=)
2021-05-07 13:01:05 [5] Confirmed the "Link Alive Check". (NextTime=1970-01-01 00:00:00 Result= URL=)
2021-05-07 13:13:13 There were 279 links that passed the next "Link Alive Check" confirmation date and time.
2021-05-07 13:13:14 [1] Confirmed the "Link Alive Check". (NextTime=1970-01-01 00:00:00 Result= URL=)
2021-05-07 13:13:14 [2] Confirmed the "Link Alive Check". (NextTime=1970-01-01 00:00:00 Result= URL=)
2021-05-07 13:13:14 [3] Confirmed the "Link Alive Check". (NextTime=1970-01-01 00:00:00 Result= URL=)
2021-05-07 13:13:15 [4] Confirmed the "Link Alive Check". (NextTime=1970-01-01 00:00:00 Result= URL=)
2021-05-07 13:13:15 [5] Confirmed the "Link Alive Check". (NextTime=1970-01-01 00:00:00 Result= URL=)
2021-05-07 13:34:07 There were 1 links that passed the next "Check SNS Count" confirmation date and time.
2021-05-07 13:34:07 [1] Confirmed the "Check SNS Count". (NextTime=2021-04-15 01:43:04 URL=https://gumroad.com/l/japanese_talk_api_transformer)
2021-05-07 13:37:43 There were 279 links that passed the next "Link Alive Check" confirmation date and time.
2021-05-07 13:37:43 [1] Confirmed the "Link Alive Check". (NextTime=1970-01-01 00:00:00 Result= URL=)
2021-05-07 13:37:44 [2] Confirmed the "Link Alive Check". (NextTime=1970-01-01 00:00:00 Result= URL=)
2021-05-07 13:37:44 [3] Confirmed the "Link Alive Check". (NextTime=1970-01-01 00:00:00 Result= URL=)
2021-05-07 13:37:44 [4] Confirmed the "Link Alive Check". (NextTime=1970-01-01 00:00:00 Result= URL=)
2021-05-07 13:37:45 [5] Confirmed the "Link Alive Check". (NextTime=1970-01-01 00:00:00 Result= URL=)
2021-05-07 14:01:56 There were 279 links that passed the next "Link Alive Check" confirmation date and time.
2021-05-07 14:01:57 [1] Confirmed the "Link Alive Check". (NextTime=1970-01-01 00:00:00 Result= URL=)
2021-05-07 14:01:57 [2] Confirmed the "Link Alive Check". (NextTime=1970-01-01 00:00:00 Result= URL=)
2021-05-07 14:01:57 [3] Confirmed the "Link Alive Check". (NextTime=1970-01-01 00:00:00 Result= URL=)
2021-05-07 14:01:57 [4] Confirmed the "Link Alive Check". (NextTime=1970-01-01 00:00:00 Result= URL=)
2021-05-07 14:01:58 [5] Confirmed the "Link Alive Check". (NextTime=1970-01-01 00:00:00 Result= URL=)
2021-05-07 14:13:16 There were 279 links that passed the next "Link Alive Check" confirmation date and time.
2021-05-07 14:13:16 [1] Confirmed the "Link Alive Check". (NextTime=1970-01-01 00:00:00 Result= URL=)
2021-05-07 14:13:17 [2] Confirmed the "Link Alive Check". (NextTime=1970-01-01 00:00:00 Result= URL=)
2021-05-07 14:13:17 [3] Confirmed the "Link Alive Check". (NextTime=1970-01-01 00:00:00 Result= URL=)
2021-05-07 14:13:17 [4] Confirmed the "Link Alive Check". (NextTime=1970-01-01 00:00:00 Result= URL=)
2021-05-07 14:13:18 [5] Confirmed the "Link Alive Check". (NextTime=1970-01-01 00:00:00 Result= URL=)
2021-05-07 14:34:15 There were 1 links that passed the next "Check SNS Count" confirmation date and time.
2021-05-07 14:34:15 [1] Confirmed the "Check SNS Count". (NextTime=2021-04-06 15:02:23 URL=https://sekailab.com/wp/2018/01/01/crawl-anyway-2018/)
2021-05-07 14:38:18 There were 279 links that passed the next "Link Alive Check" confirmation date and time.
2021-05-07 14:38:18 [1] Confirmed the "Link Alive Check". (NextTime=1970-01-01 00:00:00 Result= URL=)
2021-05-07 14:38:18 [2] Confirmed the "Link Alive Check". (NextTime=1970-01-01 00:00:00 Result= URL=)
2021-05-07 14:38:19 [3] Confirmed the "Link Alive Check". (NextTime=1970-01-01 00:00:00 Result= URL=)
2021-05-07 14:38:19 [4] Confirmed the "Link Alive Check". (NextTime=1970-01-01 00:00:00 Result= URL=)
2021-05-07 14:38:20 [5] Confirmed the "Link Alive Check". (NextTime=1970-01-01 00:00:00 Result= URL=)
2021-05-07 15:02:01 There were 279 links that passed the next "Link Alive Check" confirmation date and time.
2021-05-07 15:02:02 [1] Confirmed the "Link Alive Check". (NextTime=1970-01-01 00:00:00 Result= URL=)
2021-05-07 15:02:02 [2] Confirmed the "Link Alive Check". (NextTime=1970-01-01 00:00:00 Result= URL=)
2021-05-07 15:02:02 [3] Confirmed the "Link Alive Check". (NextTime=1970-01-01 00:00:00 Result= URL=)
2021-05-07 15:02:02 [4] Confirmed the "Link Alive Check". (NextTime=1970-01-01 00:00:00 Result= URL=)
2021-05-07 15:02:03 [5] Confirmed the "Link Alive Check". (NextTime=1970-01-01 00:00:00 Result= URL=)
2021-05-07 15:13:27 There were 279 links that passed the next "Link Alive Check" confirmation date and time.
2021-05-07 15:13:28 [1] Confirmed the "Link Alive Check". (NextTime=1970-01-01 00:00:00 Result= URL=)
2021-05-07 15:13:28 [2] Confirmed the "Link Alive Check". (NextTime=1970-01-01 00:00:00 Result= URL=)
2021-05-07 15:13:28 [3] Confirmed the "Link Alive Check". (NextTime=1970-01-01 00:00:00 Result= URL=)
2021-05-07 15:13:29 [4] Confirmed the "Link Alive Check". (NextTime=1970-01-01 00:00:00 Result= URL=)
2021-05-07 15:13:29 [5] Confirmed the "Link Alive Check". (NextTime=1970-01-01 00:00:00 Result= URL=)
2021-05-07 15:34:06 There were 1 links that passed the next "Check SNS Count" confirmation date and time.
2021-05-07 15:34:06 [1] Confirmed the "Check SNS Count". (NextTime=2021-04-15 17:04:05 URL=https://de.wikipedia.org/wiki/Liste_der_Kulturdenkm%C3%A4ler_in_Frankfurt-Innenstadt)
2021-05-07 15:38:25 There were 279 links that passed the next "Link Alive Check" confirmation date and time.
2021-05-07 15:38:25 [1] Confirmed the "Link Alive Check". (NextTime=1970-01-01 00:00:00 Result= URL=)
2021-05-07 15:38:25 [2] Confirmed the "Link Alive Check". (NextTime=1970-01-01 00:00:00 Result= URL=)
2021-05-07 15:38:26 [3] Confirmed the "Link Alive Check". (NextTime=1970-01-01 00:00:00 Result= URL=)
2021-05-07 15:38:26 [4] Confirmed the "Link Alive Check". (NextTime=1970-01-01 00:00:00 Result= URL=)
2021-05-07 15:38:26 [5] Confirmed the "Link Alive Check". (NextTime=1970-01-01 00:00:00 Result= URL=)
2021-05-07 16:02:16 There were 279 links that passed the next "Link Alive Check" confirmation date and time.
2021-05-07 16:02:17 [1] Confirmed the "Link Alive Check". (NextTime=1970-01-01 00:00:00 Result= URL=)
2021-05-07 16:02:17 [2] Confirmed the "Link Alive Check". (NextTime=1970-01-01 00:00:00 Result= URL=)
2021-05-07 16:02:17 [3] Confirmed the "Link Alive Check". (NextTime=1970-01-01 00:00:00 Result= URL=)
2021-05-07 16:02:18 [4] Confirmed the "Link Alive Check". (NextTime=1970-01-01 00:00:00 Result= URL=)
2021-05-07 16:02:18 [5] Confirmed the "Link Alive Check". (NextTime=1970-01-01 00:00:00 Result= URL=)
2021-05-07 16:13:41 There were 279 links that passed the next "Link Alive Check" confirmation date and time.
2021-05-07 16:13:41 [1] Confirmed the "Link Alive Check". (NextTime=1970-01-01 00:00:00 Result= URL=)
2021-05-07 16:13:42 [2] Confirmed the "Link Alive Check". (NextTime=1970-01-01 00:00:00 Result= URL=)
2021-05-07 16:13:42 [3] Confirmed the "Link Alive Check". (NextTime=1970-01-01 00:00:00 Result= URL=)
2021-05-07 16:13:42 [4] Confirmed the "Link Alive Check". (NextTime=1970-01-01 00:00:00 Result= URL=)
2021-05-07 16:13:43 [5] Confirmed the "Link Alive Check". (NextTime=1970-01-01 00:00:00 Result= URL=)
2021-05-07 16:34:13 There were 2 links that passed the next "Check SNS Count" confirmation date and time.
2021-05-07 16:34:13 [1] Confirmed the "Check SNS Count". (NextTime=2021-03-21 02:41:25 URL=https://www.amazon.co.jp/gp/product/B07BJYR3SZ/ref=as_li_ss_il?ie=UTF8&#038;psc=1&#038;linkCode=li2&#038;tag=drunkar-22&#038;linkId=4133038b601dde9d986c8c0f24b19ec9&#038;language=ja_JP)
2021-05-07 16:34:13 [2] Confirmed the "Check SNS Count". (NextTime=2021-04-14 18:51:01 URL=http://jikohtei.ciao.jp/drip/swissgold_test.html)
2021-05-07 16:38:35 There were 279 links that passed the next "Link Alive Check" confirmation date and time.
2021-05-07 16:38:36 [1] Confirmed the "Link Alive Check". (NextTime=1970-01-01 00:00:00 Result= URL=)
2021-05-07 16:38:36 [2] Confirmed the "Link Alive Check". (NextTime=1970-01-01 00:00:00 Result= URL=)
2021-05-07 16:38:36 [3] Confirmed the "Link Alive Check". (NextTime=1970-01-01 00:00:00 Result= URL=)
2021-05-07 16:38:37 [4] Confirmed the "Link Alive Check". (NextTime=1970-01-01 00:00:00 Result= URL=)
2021-05-07 16:38:37 [5] Confirmed the "Link Alive Check". (NextTime=1970-01-01 00:00:00 Result= URL=)
2021-05-07 17:02:18 There were 279 links that passed the next "Link Alive Check" confirmation date and time.
2021-05-07 17:02:18 [1] Confirmed the "Link Alive Check". (NextTime=1970-01-01 00:00:00 Result= URL=)
2021-05-07 17:02:18 [2] Confirmed the "Link Alive Check". (NextTime=1970-01-01 00:00:00 Result= URL=)
2021-05-07 17:02:19 [3] Confirmed the "Link Alive Check". (NextTime=1970-01-01 00:00:00 Result= URL=)
2021-05-07 17:02:19 [4] Confirmed the "Link Alive Check". (NextTime=1970-01-01 00:00:00 Result= URL=)
2021-05-07 17:02:19 [5] Confirmed the "Link Alive Check". (NextTime=1970-01-01 00:00:00 Result= URL=)
2021-05-07 17:13:45 There were 279 links that passed the next "Link Alive Check" confirmation date and time.
2021-05-07 17:13:46 [1] Confirmed the "Link Alive Check". (NextTime=1970-01-01 00:00:00 Result= URL=)
2021-05-07 17:13:46 [2] Confirmed the "Link Alive Check". (NextTime=1970-01-01 00:00:00 Result= URL=)
2021-05-07 17:13:47 [3] Confirmed the "Link Alive Check". (NextTime=1970-01-01 00:00:00 Result= URL=)
2021-05-07 17:13:47 [4] Confirmed the "Link Alive Check". (NextTime=1970-01-01 00:00:00 Result= URL=)
2021-05-07 17:13:47 [5] Confirmed the "Link Alive Check". (NextTime=1970-01-01 00:00:00 Result= URL=)
2021-05-07 17:34:12 There were 1 links that passed the next "Check SNS Count" confirmation date and time.
2021-05-07 17:34:12 [1] Confirmed the "Check SNS Count". (NextTime=2021-03-21 00:43:30 URL=https://www.amazon.co.jp/gp/product/B075DCVQC5/ref=as_li_ss_il?ie=UTF8&#038;th=1&#038;linkCode=li2&#038;tag=drunkar-22&#038;linkId=a5e6477cdc20f78703f077db59aabbd2)
2021-05-07 17:39:16 There were 279 links that passed the next "Link Alive Check" confirmation date and time.
2021-05-07 17:39:17 [1] Confirmed the "Link Alive Check". (NextTime=1970-01-01 00:00:00 Result= URL=)
2021-05-07 17:39:17 [2] Confirmed the "Link Alive Check". (NextTime=1970-01-01 00:00:00 Result= URL=)
2021-05-07 17:39:17 [3] Confirmed the "Link Alive Check". (NextTime=1970-01-01 00:00:00 Result= URL=)
2021-05-07 17:39:18 [4] Confirmed the "Link Alive Check". (NextTime=1970-01-01 00:00:00 Result= URL=)
2021-05-07 17:39:18 [5] Confirmed the "Link Alive Check". (NextTime=1970-01-01 00:00:00 Result= URL=)
2021-05-07 18:04:22 There were 279 links that passed the next "Link Alive Check" confirmation date and time.
2021-05-07 18:04:23 [1] Confirmed the "Link Alive Check". (NextTime=1970-01-01 00:00:00 Result= URL=)
2021-05-07 18:04:23 [2] Confirmed the "Link Alive Check". (NextTime=1970-01-01 00:00:00 Result= URL=)
2021-05-07 18:04:24 [3] Confirmed the "Link Alive Check". (NextTime=1970-01-01 00:00:00 Result= URL=)
2021-05-07 18:04:24 [4] Confirmed the "Link Alive Check". (NextTime=1970-01-01 00:00:00 Result= URL=)
2021-05-07 18:04:25 [5] Confirmed the "Link Alive Check". (NextTime=1970-01-01 00:00:00 Result= URL=)
2021-05-07 18:13:47 There were 279 links that passed the next "Link Alive Check" confirmation date and time.
2021-05-07 18:13:47 [1] Confirmed the "Link Alive Check". (NextTime=1970-01-01 00:00:00 Result= URL=)
2021-05-07 18:13:47 [2] Confirmed the "Link Alive Check". (NextTime=1970-01-01 00:00:00 Result= URL=)
2021-05-07 18:13:48 [3] Confirmed the "Link Alive Check". (NextTime=1970-01-01 00:00:00 Result= URL=)
2021-05-07 18:13:48 [4] Confirmed the "Link Alive Check". (NextTime=1970-01-01 00:00:00 Result= URL=)
2021-05-07 18:13:48 [5] Confirmed the "Link Alive Check". (NextTime=1970-01-01 00:00:00 Result= URL=)
2021-05-07 18:34:17 There were 1 links that passed the next "Check SNS Count" confirmation date and time.
2021-05-07 18:34:17 [1] Confirmed the "Check SNS Count". (NextTime=2021-03-26 03:29:39 URL=https://www.amazon.co.jp/aceyoon-%E3%82%BF%E3%83%96%E3%83%AC%E3%83%83%E3%83%88%E3%82%B9%E3%82%BF%E3%83%B3%E3%83%89-4-13%E3%82%A4%E3%83%B3%E3%83%81-%E3%82%B9%E3%83%9E%E3%83%9B%E3%82%B9%E3%82%BF%E3%83%B3%E3%83%89-%E3%82%BF%E3%83%96%E3%83%AC%E3%83%83%E3%83%88%E3%81%AB%E5%AF%BE%E5%BF%9C/dp/B07GZJPW7D/ref=as_li_ss_il?_encoding=UTF8&#038;pd_rd_i=B07GZJPW7D&#038;pd_rd_r=69ac8820-a8ba-4bfe-9fd4-48a8068f1240&#038;pd_rd_w=2EwEV&#038;pd_rd_wg=bOs7O&#038;pf_rd_p=587b16be-0f5e-4017-ba4e-8771a0be2909&#038;pf_rd_r=JEZEJVFX37T038S9MCT6&#038;psc=1&#038;refRID=JEZEJVFX37T038S9MCT6&#038;linkCode=li2&#038;tag=drunkar-22&#038;linkId=529300a58525bc616e80a33d50eb1446&#038;language=ja_JP)
2021-05-07 18:39:50 There were 279 links that passed the next "Link Alive Check" confirmation date and time.
2021-05-07 18:39:50 [1] Confirmed the "Link Alive Check". (NextTime=1970-01-01 00:00:00 Result= URL=)
2021-05-07 18:39:51 [2] Confirmed the "Link Alive Check". (NextTime=1970-01-01 00:00:00 Result= URL=)
2021-05-07 18:39:51 [3] Confirmed the "Link Alive Check". (NextTime=1970-01-01 00:00:00 Result= URL=)
2021-05-07 18:39:52 [4] Confirmed the "Link Alive Check". (NextTime=1970-01-01 00:00:00 Result= URL=)
2021-05-07 18:39:52 [5] Confirmed the "Link Alive Check". (NextTime=1970-01-01 00:00:00 Result= URL=)
2021-05-07 19:04:38 There were 279 links that passed the next "Link Alive Check" confirmation date and time.
2021-05-07 19:04:38 [1] Confirmed the "Link Alive Check". (NextTime=1970-01-01 00:00:00 Result= URL=)
2021-05-07 19:04:39 [2] Confirmed the "Link Alive Check". (NextTime=1970-01-01 00:00:00 Result= URL=)
2021-05-07 19:04:39 [3] Confirmed the "Link Alive Check". (NextTime=1970-01-01 00:00:00 Result= URL=)
2021-05-07 19:04:39 [4] Confirmed the "Link Alive Check". (NextTime=1970-01-01 00:00:00 Result= URL=)
2021-05-07 19:04:40 [5] Confirmed the "Link Alive Check". (NextTime=1970-01-01 00:00:00 Result= URL=)
2021-05-07 19:35:08 There were 1 links that passed the next "Check SNS Count" confirmation date and time.
2021-05-07 19:35:08 [1] Confirmed the "Check SNS Count". (NextTime=2021-04-15 07:57:07 URL=https://twitter.com/search?q=from:goroman%20since:2020-07-06%20until:2020-07-07&#038;src=typed_query&#038;f=live)
2021-05-07 19:40:10 There were 279 links that passed the next "Link Alive Check" confirmation date and time.
2021-05-07 19:40:11 [1] Confirmed the "Link Alive Check". (NextTime=1970-01-01 00:00:00 Result= URL=)
2021-05-07 19:40:11 [2] Confirmed the "Link Alive Check". (NextTime=1970-01-01 00:00:00 Result= URL=)
2021-05-07 19:40:12 [3] Confirmed the "Link Alive Check". (NextTime=1970-01-01 00:00:00 Result= URL=)
2021-05-07 19:40:12 [4] Confirmed the "Link Alive Check". (NextTime=1970-01-01 00:00:00 Result= URL=)
2021-05-07 19:40:12 [5] Confirmed the "Link Alive Check". (NextTime=1970-01-01 00:00:00 Result= URL=)
2021-05-07 20:05:27 There were 279 links that passed the next "Link Alive Check" confirmation date and time.
2021-05-07 20:05:28 [1] Confirmed the "Link Alive Check". (NextTime=1970-01-01 00:00:00 Result= URL=)
2021-05-07 20:05:28 [2] Confirmed the "Link Alive Check". (NextTime=1970-01-01 00:00:00 Result= URL=)
2021-05-07 20:05:28 [3] Confirmed the "Link Alive Check". (NextTime=1970-01-01 00:00:00 Result= URL=)
2021-05-07 20:05:29 [4] Confirmed the "Link Alive Check". (NextTime=1970-01-01 00:00:00 Result= URL=)
2021-05-07 20:05:29 [5] Confirmed the "Link Alive Check". (NextTime=1970-01-01 00:00:00 Result= URL=)
2021-05-07 20:35:45 There were 0 links that passed the next "Check SNS Count" confirmation date and time.
2021-05-07 20:40:24 There were 279 links that passed the next "Link Alive Check" confirmation date and time.
2021-05-07 20:40:25 [1] Confirmed the "Link Alive Check". (NextTime=1970-01-01 00:00:00 Result= URL=)
2021-05-07 20:40:25 [2] Confirmed the "Link Alive Check". (NextTime=1970-01-01 00:00:00 Result= URL=)
2021-05-07 20:40:25 [3] Confirmed the "Link Alive Check". (NextTime=1970-01-01 00:00:00 Result= URL=)
2021-05-07 20:40:26 [4] Confirmed the "Link Alive Check". (NextTime=1970-01-01 00:00:00 Result= URL=)
2021-05-07 20:40:26 [5] Confirmed the "Link Alive Check". (NextTime=1970-01-01 00:00:00 Result= URL=)
2021-05-07 21:07:38 There were 279 links that passed the next "Link Alive Check" confirmation date and time.
2021-05-07 21:07:38 [1] Confirmed the "Link Alive Check". (NextTime=1970-01-01 00:00:00 Result= URL=)
2021-05-07 21:07:39 [2] Confirmed the "Link Alive Check". (NextTime=1970-01-01 00:00:00 Result= URL=)
2021-05-07 21:07:39 [3] Confirmed the "Link Alive Check". (NextTime=1970-01-01 00:00:00 Result= URL=)
2021-05-07 21:07:39 [4] Confirmed the "Link Alive Check". (NextTime=1970-01-01 00:00:00 Result= URL=)
2021-05-07 21:07:40 [5] Confirmed the "Link Alive Check". (NextTime=1970-01-01 00:00:00 Result= URL=)
2021-05-07 21:34:22 There were 4 links that passed the next "Check SNS Count" confirmation date and time.
2021-05-07 21:34:22 [1] Confirmed the "Check SNS Count". (NextTime=2021-03-25 13:32:55 URL=https://docs.nvidia.com/cuda/wsl-user-guide/index.html#getting-started)
2021-05-07 21:34:22 [2] Confirmed the "Check SNS Count". (NextTime=2021-03-25 05:57:44 URL=https://www.amazon.co.jp/gp/product/B013QRN40G/ref=as_li_ss_il?ie=UTF8&#038;psc=1&#038;linkCode=li2&#038;tag=drunkar-22&#038;linkId=242413e9dcc9f72045c62d6c1ccc1a51)
2021-05-07 21:34:22 [3] Confirmed the "Check SNS Count". (NextTime=2021-03-30 00:50:19 URL=http://www.erogol.com/using-windows-wsl-for-deep-learning-development/)
2021-05-07 21:34:22 [4] Confirmed the "Check SNS Count". (NextTime=2021-03-24 13:30:28 URL=https://sekailab.com/wp/2014/02/16/gitlab_ce-6-5_gitlab_ci-4-2/)
2021-05-07 21:41:01 There were 279 links that passed the next "Link Alive Check" confirmation date and time.
2021-05-07 21:41:02 [1] Confirmed the "Link Alive Check". (NextTime=1970-01-01 00:00:00 Result= URL=)
2021-05-07 21:41:02 [2] Confirmed the "Link Alive Check". (NextTime=1970-01-01 00:00:00 Result= URL=)
2021-05-07 21:41:02 [3] Confirmed the "Link Alive Check". (NextTime=1970-01-01 00:00:00 Result= URL=)
2021-05-07 21:41:03 [4] Confirmed the "Link Alive Check". (NextTime=1970-01-01 00:00:00 Result= URL=)
2021-05-07 21:41:03 [5] Confirmed the "Link Alive Check". (NextTime=1970-01-01 00:00:00 Result= URL=)
2021-05-07 22:07:42 There were 279 links that passed the next "Link Alive Check" confirmation date and time.
2021-05-07 22:07:42 [1] Confirmed the "Link Alive Check". (NextTime=1970-01-01 00:00:00 Result= URL=)
2021-05-07 22:07:42 [2] Confirmed the "Link Alive Check". (NextTime=1970-01-01 00:00:00 Result= URL=)
2021-05-07 22:07:43 [3] Confirmed the "Link Alive Check". (NextTime=1970-01-01 00:00:00 Result= URL=)
2021-05-07 22:07:43 [4] Confirmed the "Link Alive Check". (NextTime=1970-01-01 00:00:00 Result= URL=)
2021-05-07 22:07:43 [5] Confirmed the "Link Alive Check". (NextTime=1970-01-01 00:00:00 Result= URL=)
2021-05-07 22:34:54 There were 1 links that passed the next "Check SNS Count" confirmation date and time.
2021-05-07 22:34:54 [1] Confirmed the "Check SNS Count". (NextTime=2021-03-22 15:39:21 URL=http://www.orangepi.org/downloadresources/)
2021-05-07 22:41:15 There were 279 links that passed the next "Link Alive Check" confirmation date and time.
2021-05-07 22:41:15 [1] Confirmed the "Link Alive Check". (NextTime=1970-01-01 00:00:00 Result= URL=)
2021-05-07 22:41:16 [2] Confirmed the "Link Alive Check". (NextTime=1970-01-01 00:00:00 Result= URL=)
2021-05-07 22:41:16 [3] Confirmed the "Link Alive Check". (NextTime=1970-01-01 00:00:00 Result= URL=)
2021-05-07 22:41:16 [4] Confirmed the "Link Alive Check". (NextTime=1970-01-01 00:00:00 Result= URL=)
2021-05-07 22:41:17 [5] Confirmed the "Link Alive Check". (NextTime=1970-01-01 00:00:00 Result= URL=)
2021-05-07 23:09:33 There were 279 links that passed the next "Link Alive Check" confirmation date and time.
2021-05-07 23:09:34 [1] Confirmed the "Link Alive Check". (NextTime=1970-01-01 00:00:00 Result= URL=)
2021-05-07 23:09:34 [2] Confirmed the "Link Alive Check". (NextTime=1970-01-01 00:00:00 Result= URL=)
2021-05-07 23:09:35 [3] Confirmed the "Link Alive Check". (NextTime=1970-01-01 00:00:00 Result= URL=)
2021-05-07 23:09:35 [4] Confirmed the "Link Alive Check". (NextTime=1970-01-01 00:00:00 Result= URL=)
2021-05-07 23:09:35 [5] Confirmed the "Link Alive Check". (NextTime=1970-01-01 00:00:00 Result= URL=)
2021-05-07 23:34:46 There were 1 links that passed the next "Check SNS Count" confirmation date and time.
2021-05-07 23:34:46 [1] Confirmed the "Check SNS Count". (NextTime=2021-04-06 16:27:15 URL=https://github.com/Drunkar/crawler-base)
2021-05-07 23:41:22 There were 279 links that passed the next "Link Alive Check" confirmation date and time.
2021-05-07 23:41:23 [1] Confirmed the "Link Alive Check". (NextTime=1970-01-01 00:00:00 Result= URL=)
2021-05-07 23:41:23 [2] Confirmed the "Link Alive Check". (NextTime=1970-01-01 00:00:00 Result= URL=)
2021-05-07 23:41:24 [3] Confirmed the "Link Alive Check". (NextTime=1970-01-01 00:00:00 Result= URL=)
2021-05-07 23:41:24 [4] Confirmed the "Link Alive Check". (NextTime=1970-01-01 00:00:00 Result= URL=)
2021-05-07 23:41:24 [5] Confirmed the "Link Alive Check". (NextTime=1970-01-01 00:00:00 Result= URL=)
