2023-11-09 00:07:01 There were 284 links that passed the next "Link Alive Check" confirmation date and time.
2023-11-09 00:07:02 [1] Confirmed the "Link Alive Check". (NextTime=1970-01-01 00:00:00 Result= URL=)
2023-11-09 00:07:02 [2] Confirmed the "Link Alive Check". (NextTime=1970-01-01 00:00:00 Result= URL=)
2023-11-09 00:07:02 [3] Confirmed the "Link Alive Check". (NextTime=1970-01-01 00:00:00 Result= URL=)
2023-11-09 00:07:02 [4] Confirmed the "Link Alive Check". (NextTime=1970-01-01 00:00:00 Result= URL=)
2023-11-09 00:07:03 [5] Confirmed the "Link Alive Check". (NextTime=1970-01-01 00:00:00 Result= URL=)
2023-11-09 00:24:31 There were 2 links that passed the next "Check SNS Count" confirmation date and time.
2023-11-09 00:24:31 [1] Confirmed the "Check SNS Count". (NextTime=2021-04-16 06:53:34 URL=https://sekailab.com/wp/2018/09/04/mistel-barocco-mag-feet)
2023-11-09 00:24:31 [2] Confirmed the "Check SNS Count". (NextTime=2021-04-15 08:07:48 URL=https://sekailab.com/?s=300%E3%83%89%E3%83%AB15W%E4%B8%AD%E8%8F%AF%E5%8D%8A%E5%B0%8E%E4%BD%93%E3%83%AC%E3%83%BC%E3%82%B6%E3%83%BC%E3%82%AB%E3%83%83%E3%82%BF%E3%83%BC)
2023-11-09 00:24:31 There were 284 links that passed the next "Link Alive Check" confirmation date and time.
2023-11-09 00:24:32 [1] Confirmed the "Link Alive Check". (NextTime=1970-01-01 00:00:00 Result= URL=)
2023-11-09 00:24:32 [2] Confirmed the "Link Alive Check". (NextTime=1970-01-01 00:00:00 Result= URL=)
2023-11-09 00:24:32 [3] Confirmed the "Link Alive Check". (NextTime=1970-01-01 00:00:00 Result= URL=)
2023-11-09 00:24:32 [4] Confirmed the "Link Alive Check". (NextTime=1970-01-01 00:00:00 Result= URL=)
2023-11-09 00:24:33 [5] Confirmed the "Link Alive Check". (NextTime=1970-01-01 00:00:00 Result= URL=)
2023-11-09 00:41:59 There were 284 links that passed the next "Link Alive Check" confirmation date and time.
2023-11-09 00:41:59 [1] Confirmed the "Link Alive Check". (NextTime=1970-01-01 00:00:00 Result= URL=)
2023-11-09 00:41:59 [2] Confirmed the "Link Alive Check". (NextTime=1970-01-01 00:00:00 Result= URL=)
2023-11-09 00:42:00 [3] Confirmed the "Link Alive Check". (NextTime=1970-01-01 00:00:00 Result= URL=)
2023-11-09 00:42:00 [4] Confirmed the "Link Alive Check". (NextTime=1970-01-01 00:00:00 Result= URL=)
2023-11-09 00:42:01 [5] Confirmed the "Link Alive Check". (NextTime=1970-01-01 00:00:00 Result= URL=)
2023-11-09 01:07:52 There were 284 links that passed the next "Link Alive Check" confirmation date and time.
2023-11-09 01:07:52 [1] Confirmed the "Link Alive Check". (NextTime=1970-01-01 00:00:00 Result= URL=)
2023-11-09 01:07:53 [2] Confirmed the "Link Alive Check". (NextTime=1970-01-01 00:00:00 Result= URL=)
2023-11-09 01:07:53 [3] Confirmed the "Link Alive Check". (NextTime=1970-01-01 00:00:00 Result= URL=)
2023-11-09 01:07:53 [4] Confirmed the "Link Alive Check". (NextTime=1970-01-01 00:00:00 Result= URL=)
2023-11-09 01:07:53 [5] Confirmed the "Link Alive Check". (NextTime=1970-01-01 00:00:00 Result= URL=)
2023-11-09 01:24:47 There were 1 links that passed the next "Check SNS Count" confirmation date and time.
2023-11-09 01:24:47 [1] Confirmed the "Check SNS Count". (NextTime=2021-04-16 02:20:40 URL=https://sekailab.com/wp/2018/02/03/watch-process-to-send-gmail-with-python3)
2023-11-09 01:24:47 There were 284 links that passed the next "Link Alive Check" confirmation date and time.
2023-11-09 01:24:48 [1] Confirmed the "Link Alive Check". (NextTime=1970-01-01 00:00:00 Result= URL=)
2023-11-09 01:24:48 [2] Confirmed the "Link Alive Check". (NextTime=1970-01-01 00:00:00 Result= URL=)
2023-11-09 01:24:48 [3] Confirmed the "Link Alive Check". (NextTime=1970-01-01 00:00:00 Result= URL=)
2023-11-09 01:24:48 [4] Confirmed the "Link Alive Check". (NextTime=1970-01-01 00:00:00 Result= URL=)
2023-11-09 01:24:49 [5] Confirmed the "Link Alive Check". (NextTime=1970-01-01 00:00:00 Result= URL=)
2023-11-09 01:42:20 There were 284 links that passed the next "Link Alive Check" confirmation date and time.
2023-11-09 01:42:20 [1] Confirmed the "Link Alive Check". (NextTime=1970-01-01 00:00:00 Result= URL=)
2023-11-09 01:42:21 [2] Confirmed the "Link Alive Check". (NextTime=1970-01-01 00:00:00 Result= URL=)
2023-11-09 01:42:21 [3] Confirmed the "Link Alive Check". (NextTime=1970-01-01 00:00:00 Result= URL=)
2023-11-09 01:42:21 [4] Confirmed the "Link Alive Check". (NextTime=1970-01-01 00:00:00 Result= URL=)
2023-11-09 01:42:21 [5] Confirmed the "Link Alive Check". (NextTime=1970-01-01 00:00:00 Result= URL=)
2023-11-09 02:10:09 There were 284 links that passed the next "Link Alive Check" confirmation date and time.
2023-11-09 02:10:10 [1] Confirmed the "Link Alive Check". (NextTime=1970-01-01 00:00:00 Result= URL=)
2023-11-09 02:10:10 [2] Confirmed the "Link Alive Check". (NextTime=1970-01-01 00:00:00 Result= URL=)
2023-11-09 02:10:10 [3] Confirmed the "Link Alive Check". (NextTime=1970-01-01 00:00:00 Result= URL=)
2023-11-09 02:10:10 [4] Confirmed the "Link Alive Check". (NextTime=1970-01-01 00:00:00 Result= URL=)
2023-11-09 02:10:11 [5] Confirmed the "Link Alive Check". (NextTime=1970-01-01 00:00:00 Result= URL=)
2023-11-09 02:23:08 There were 2 links that passed the next "Check SNS Count" confirmation date and time.
2023-11-09 02:23:08 [1] Confirmed the "Check SNS Count". (NextTime=2021-03-26 20:21:44 URL=https://github.com/Drunkar/dockerfiles/tree/master/airflow-alpine)
2023-11-09 02:23:09 [2] Confirmed the "Check SNS Count". (NextTime=2021-04-15 07:51:20 URL=https://sekailab.com/wp/2019/03/23/white-powder-for-your-health)
2023-11-09 02:25:23 There were 284 links that passed the next "Link Alive Check" confirmation date and time.
2023-11-09 02:25:23 [1] Confirmed the "Link Alive Check". (NextTime=1970-01-01 00:00:00 Result= URL=)
2023-11-09 02:25:23 [2] Confirmed the "Link Alive Check". (NextTime=1970-01-01 00:00:00 Result= URL=)
2023-11-09 02:25:24 [3] Confirmed the "Link Alive Check". (NextTime=1970-01-01 00:00:00 Result= URL=)
2023-11-09 02:25:24 [4] Confirmed the "Link Alive Check". (NextTime=1970-01-01 00:00:00 Result= URL=)
2023-11-09 02:25:24 [5] Confirmed the "Link Alive Check". (NextTime=1970-01-01 00:00:00 Result= URL=)
2023-11-09 02:42:56 There were 284 links that passed the next "Link Alive Check" confirmation date and time.
2023-11-09 02:42:57 [1] Confirmed the "Link Alive Check". (NextTime=1970-01-01 00:00:00 Result= URL=)
2023-11-09 02:42:57 [2] Confirmed the "Link Alive Check". (NextTime=1970-01-01 00:00:00 Result= URL=)
2023-11-09 02:42:57 [3] Confirmed the "Link Alive Check". (NextTime=1970-01-01 00:00:00 Result= URL=)
2023-11-09 02:42:57 [4] Confirmed the "Link Alive Check". (NextTime=1970-01-01 00:00:00 Result= URL=)
2023-11-09 02:42:57 [5] Confirmed the "Link Alive Check". (NextTime=1970-01-01 00:00:00 Result= URL=)
2023-11-09 03:11:02 There were 284 links that passed the next "Link Alive Check" confirmation date and time.
2023-11-09 03:11:03 [1] Confirmed the "Link Alive Check". (NextTime=1970-01-01 00:00:00 Result= URL=)
2023-11-09 03:11:03 [2] Confirmed the "Link Alive Check". (NextTime=1970-01-01 00:00:00 Result= URL=)
2023-11-09 03:11:03 [3] Confirmed the "Link Alive Check". (NextTime=1970-01-01 00:00:00 Result= URL=)
2023-11-09 03:11:03 [4] Confirmed the "Link Alive Check". (NextTime=1970-01-01 00:00:00 Result= URL=)
2023-11-09 03:11:04 [5] Confirmed the "Link Alive Check". (NextTime=1970-01-01 00:00:00 Result= URL=)
2023-11-09 03:23:48 There were 2 links that passed the next "Check SNS Count" confirmation date and time.
2023-11-09 03:23:49 [1] Confirmed the "Check SNS Count". (NextTime=2021-04-18 05:12:40 URL=https://unity3d.com/jp/get-unity/download/archive)
2023-11-09 03:23:49 [2] Confirmed the "Check SNS Count". (NextTime=2021-04-16 03:26:46 URL=https://sekailab.com/wp/2016/11/29/in-this-corner-of-the-world)
2023-11-09 03:25:38 There were 284 links that passed the next "Link Alive Check" confirmation date and time.
2023-11-09 03:25:39 [1] Confirmed the "Link Alive Check". (NextTime=1970-01-01 00:00:00 Result= URL=)
2023-11-09 03:25:39 [2] Confirmed the "Link Alive Check". (NextTime=1970-01-01 00:00:00 Result= URL=)
2023-11-09 03:25:39 [3] Confirmed the "Link Alive Check". (NextTime=1970-01-01 00:00:00 Result= URL=)
2023-11-09 03:25:39 [4] Confirmed the "Link Alive Check". (NextTime=1970-01-01 00:00:00 Result= URL=)
2023-11-09 03:25:39 [5] Confirmed the "Link Alive Check". (NextTime=1970-01-01 00:00:00 Result= URL=)
2023-11-09 03:46:50 There were 284 links that passed the next "Link Alive Check" confirmation date and time.
2023-11-09 03:46:50 [1] Confirmed the "Link Alive Check". (NextTime=1970-01-01 00:00:00 Result= URL=)
2023-11-09 03:46:51 [2] Confirmed the "Link Alive Check". (NextTime=1970-01-01 00:00:00 Result= URL=)
2023-11-09 03:46:51 [3] Confirmed the "Link Alive Check". (NextTime=1970-01-01 00:00:00 Result= URL=)
2023-11-09 03:46:51 [4] Confirmed the "Link Alive Check". (NextTime=1970-01-01 00:00:00 Result= URL=)
2023-11-09 03:46:51 [5] Confirmed the "Link Alive Check". (NextTime=1970-01-01 00:00:00 Result= URL=)
2023-11-09 04:13:43 There were 284 links that passed the next "Link Alive Check" confirmation date and time.
2023-11-09 04:13:44 [1] Confirmed the "Link Alive Check". (NextTime=1970-01-01 00:00:00 Result= URL=)
2023-11-09 04:13:44 [2] Confirmed the "Link Alive Check". (NextTime=1970-01-01 00:00:00 Result= URL=)
2023-11-09 04:13:44 [3] Confirmed the "Link Alive Check". (NextTime=1970-01-01 00:00:00 Result= URL=)
2023-11-09 04:13:44 [4] Confirmed the "Link Alive Check". (NextTime=1970-01-01 00:00:00 Result= URL=)
2023-11-09 04:13:45 [5] Confirmed the "Link Alive Check". (NextTime=1970-01-01 00:00:00 Result= URL=)
2023-11-09 04:27:21 There were 1 links that passed the next "Check SNS Count" confirmation date and time.
2023-11-09 04:27:21 [1] Confirmed the "Check SNS Count". (NextTime=2021-03-25 11:57:49 URL=https://sekailab.com/wp/2013/07/29/interaction-wit-massan/)
2023-11-09 04:27:21 There were 284 links that passed the next "Link Alive Check" confirmation date and time.
2023-11-09 04:27:22 [1] Confirmed the "Link Alive Check". (NextTime=1970-01-01 00:00:00 Result= URL=)
2023-11-09 04:27:22 [2] Confirmed the "Link Alive Check". (NextTime=1970-01-01 00:00:00 Result= URL=)
2023-11-09 04:27:22 [3] Confirmed the "Link Alive Check". (NextTime=1970-01-01 00:00:00 Result= URL=)
2023-11-09 04:27:22 [4] Confirmed the "Link Alive Check". (NextTime=1970-01-01 00:00:00 Result= URL=)
2023-11-09 04:27:23 [5] Confirmed the "Link Alive Check". (NextTime=1970-01-01 00:00:00 Result= URL=)
2023-11-09 04:51:53 There were 284 links that passed the next "Link Alive Check" confirmation date and time.
2023-11-09 04:51:53 [1] Confirmed the "Link Alive Check". (NextTime=1970-01-01 00:00:00 Result= URL=)
2023-11-09 04:51:54 [2] Confirmed the "Link Alive Check". (NextTime=1970-01-01 00:00:00 Result= URL=)
2023-11-09 04:51:54 [3] Confirmed the "Link Alive Check". (NextTime=1970-01-01 00:00:00 Result= URL=)
2023-11-09 04:51:54 [4] Confirmed the "Link Alive Check". (NextTime=1970-01-01 00:00:00 Result= URL=)
2023-11-09 04:51:54 [5] Confirmed the "Link Alive Check". (NextTime=1970-01-01 00:00:00 Result= URL=)
2023-11-09 05:21:17 There were 284 links that passed the next "Link Alive Check" confirmation date and time.
2023-11-09 05:21:17 [1] Confirmed the "Link Alive Check". (NextTime=1970-01-01 00:00:00 Result= URL=)
2023-11-09 05:21:17 [2] Confirmed the "Link Alive Check". (NextTime=1970-01-01 00:00:00 Result= URL=)
2023-11-09 05:21:18 [3] Confirmed the "Link Alive Check". (NextTime=1970-01-01 00:00:00 Result= URL=)
2023-11-09 05:21:18 [4] Confirmed the "Link Alive Check". (NextTime=1970-01-01 00:00:00 Result= URL=)
2023-11-09 05:21:18 [5] Confirmed the "Link Alive Check". (NextTime=1970-01-01 00:00:00 Result= URL=)
2023-11-09 05:30:27 There were 0 links that passed the next "Check SNS Count" confirmation date and time.
2023-11-09 05:30:27 There were 284 links that passed the next "Link Alive Check" confirmation date and time.
2023-11-09 05:30:27 [1] Confirmed the "Link Alive Check". (NextTime=1970-01-01 00:00:00 Result= URL=)
2023-11-09 05:30:27 [2] Confirmed the "Link Alive Check". (NextTime=1970-01-01 00:00:00 Result= URL=)
2023-11-09 05:30:28 [3] Confirmed the "Link Alive Check". (NextTime=1970-01-01 00:00:00 Result= URL=)
2023-11-09 05:30:28 [4] Confirmed the "Link Alive Check". (NextTime=1970-01-01 00:00:00 Result= URL=)
2023-11-09 05:30:28 [5] Confirmed the "Link Alive Check". (NextTime=1970-01-01 00:00:00 Result= URL=)
2023-11-09 05:32:29 There were 0 links that passed the next "Check SNS Count" confirmation date and time.
2023-11-09 05:32:29 There were 284 links that passed the next "Link Alive Check" confirmation date and time.
2023-11-09 05:32:29 [1] Confirmed the "Link Alive Check". (NextTime=1970-01-01 00:00:00 Result= URL=)
2023-11-09 05:32:29 [2] Confirmed the "Link Alive Check". (NextTime=1970-01-01 00:00:00 Result= URL=)
2023-11-09 05:32:29 [3] Confirmed the "Link Alive Check". (NextTime=1970-01-01 00:00:00 Result= URL=)
2023-11-09 05:32:30 [4] Confirmed the "Link Alive Check". (NextTime=1970-01-01 00:00:00 Result= URL=)
2023-11-09 05:32:30 [5] Confirmed the "Link Alive Check". (NextTime=1970-01-01 00:00:00 Result= URL=)
2023-11-09 05:56:07 There were 284 links that passed the next "Link Alive Check" confirmation date and time.
2023-11-09 05:56:08 [1] Confirmed the "Link Alive Check". (NextTime=1970-01-01 00:00:00 Result= URL=)
2023-11-09 05:56:08 [2] Confirmed the "Link Alive Check". (NextTime=1970-01-01 00:00:00 Result= URL=)
2023-11-09 05:56:08 [3] Confirmed the "Link Alive Check". (NextTime=1970-01-01 00:00:00 Result= URL=)
2023-11-09 05:56:08 [4] Confirmed the "Link Alive Check". (NextTime=1970-01-01 00:00:00 Result= URL=)
2023-11-09 05:56:08 [5] Confirmed the "Link Alive Check". (NextTime=1970-01-01 00:00:00 Result= URL=)
2023-11-09 06:24:20 There were 284 links that passed the next "Link Alive Check" confirmation date and time.
2023-11-09 06:24:21 [1] Confirmed the "Link Alive Check". (NextTime=1970-01-01 00:00:00 Result= URL=)
2023-11-09 06:24:21 [2] Confirmed the "Link Alive Check". (NextTime=1970-01-01 00:00:00 Result= URL=)
2023-11-09 06:24:21 [3] Confirmed the "Link Alive Check". (NextTime=1970-01-01 00:00:00 Result= URL=)
2023-11-09 06:24:21 [4] Confirmed the "Link Alive Check". (NextTime=1970-01-01 00:00:00 Result= URL=)
2023-11-09 06:24:22 [5] Confirmed the "Link Alive Check". (NextTime=1970-01-01 00:00:00 Result= URL=)
2023-11-09 06:24:22 There were 0 links that passed the next "Check SNS Count" confirmation date and time.
2023-11-09 06:33:55 There were 284 links that passed the next "Link Alive Check" confirmation date and time.
2023-11-09 06:33:56 [1] Confirmed the "Link Alive Check". (NextTime=1970-01-01 00:00:00 Result= URL=)
2023-11-09 06:33:56 [2] Confirmed the "Link Alive Check". (NextTime=1970-01-01 00:00:00 Result= URL=)
2023-11-09 06:33:56 [3] Confirmed the "Link Alive Check". (NextTime=1970-01-01 00:00:00 Result= URL=)
2023-11-09 06:33:56 [4] Confirmed the "Link Alive Check". (NextTime=1970-01-01 00:00:00 Result= URL=)
2023-11-09 06:33:57 [5] Confirmed the "Link Alive Check". (NextTime=1970-01-01 00:00:00 Result= URL=)
2023-11-09 06:56:23 There were 284 links that passed the next "Link Alive Check" confirmation date and time.
2023-11-09 06:56:23 [1] Confirmed the "Link Alive Check". (NextTime=1970-01-01 00:00:00 Result= URL=)
2023-11-09 06:56:24 [2] Confirmed the "Link Alive Check". (NextTime=1970-01-01 00:00:00 Result= URL=)
2023-11-09 06:56:24 [3] Confirmed the "Link Alive Check". (NextTime=1970-01-01 00:00:00 Result= URL=)
2023-11-09 06:56:24 [4] Confirmed the "Link Alive Check". (NextTime=1970-01-01 00:00:00 Result= URL=)
2023-11-09 06:56:24 [5] Confirmed the "Link Alive Check". (NextTime=1970-01-01 00:00:00 Result= URL=)
2023-11-09 07:24:29 There were 1 links that passed the next "Check SNS Count" confirmation date and time.
2023-11-09 07:24:29 [1] Confirmed the "Check SNS Count". (NextTime=2021-03-21 12:12:51 URL=https://www.banggood.com/Original-Box-Xiaomi-Mi-Pad-4-Plus-CN-ROM-Snapdragon-660-4G-RAM-64G-MIUI-9_0-10_1-Inch-Tablet-Black-p-1344444.html?p=K226105168701201606R)
2023-11-09 07:24:29 There were 284 links that passed the next "Link Alive Check" confirmation date and time.
2023-11-09 07:24:29 [1] Confirmed the "Link Alive Check". (NextTime=1970-01-01 00:00:00 Result= URL=)
2023-11-09 07:24:30 [2] Confirmed the "Link Alive Check". (NextTime=1970-01-01 00:00:00 Result= URL=)
2023-11-09 07:24:30 [3] Confirmed the "Link Alive Check". (NextTime=1970-01-01 00:00:00 Result= URL=)
2023-11-09 07:24:30 [4] Confirmed the "Link Alive Check". (NextTime=1970-01-01 00:00:00 Result= URL=)
2023-11-09 07:24:30 [5] Confirmed the "Link Alive Check". (NextTime=1970-01-01 00:00:00 Result= URL=)
2023-11-09 07:57:42 There were 284 links that passed the next "Link Alive Check" confirmation date and time.
2023-11-09 07:57:43 [1] Confirmed the "Link Alive Check". (NextTime=1970-01-01 00:00:00 Result= URL=)
2023-11-09 07:57:43 [2] Confirmed the "Link Alive Check". (NextTime=1970-01-01 00:00:00 Result= URL=)
2023-11-09 07:57:43 [3] Confirmed the "Link Alive Check". (NextTime=1970-01-01 00:00:00 Result= URL=)
2023-11-09 07:57:43 [4] Confirmed the "Link Alive Check". (NextTime=1970-01-01 00:00:00 Result= URL=)
2023-11-09 07:57:43 [5] Confirmed the "Link Alive Check". (NextTime=1970-01-01 00:00:00 Result= URL=)
2023-11-09 08:24:30 There were 0 links that passed the next "Check SNS Count" confirmation date and time.
2023-11-09 08:27:35 There were 0 links that passed the next "Check SNS Count" confirmation date and time.
2023-11-09 08:27:35 There were 284 links that passed the next "Link Alive Check" confirmation date and time.
2023-11-09 08:27:35 [1] Confirmed the "Link Alive Check". (NextTime=1970-01-01 00:00:00 Result= URL=)
2023-11-09 08:27:35 [2] Confirmed the "Link Alive Check". (NextTime=1970-01-01 00:00:00 Result= URL=)
2023-11-09 08:27:35 [3] Confirmed the "Link Alive Check". (NextTime=1970-01-01 00:00:00 Result= URL=)
2023-11-09 08:27:35 [4] Confirmed the "Link Alive Check". (NextTime=1970-01-01 00:00:00 Result= URL=)
2023-11-09 08:27:36 [5] Confirmed the "Link Alive Check". (NextTime=1970-01-01 00:00:00 Result= URL=)
2023-11-09 08:58:39 There were 284 links that passed the next "Link Alive Check" confirmation date and time.
2023-11-09 08:58:39 [1] Confirmed the "Link Alive Check". (NextTime=1970-01-01 00:00:00 Result= URL=)
2023-11-09 08:58:39 [2] Confirmed the "Link Alive Check". (NextTime=1970-01-01 00:00:00 Result= URL=)
2023-11-09 08:58:39 [3] Confirmed the "Link Alive Check". (NextTime=1970-01-01 00:00:00 Result= URL=)
2023-11-09 08:58:40 [4] Confirmed the "Link Alive Check". (NextTime=1970-01-01 00:00:00 Result= URL=)
2023-11-09 08:58:40 [5] Confirmed the "Link Alive Check". (NextTime=1970-01-01 00:00:00 Result= URL=)
2023-11-09 09:29:05 There were 2 links that passed the next "Check SNS Count" confirmation date and time.
2023-11-09 09:29:05 [1] Confirmed the "Check SNS Count". (NextTime=2021-04-15 11:44:32 URL=https://sekailab.com/wp/2018/01/12/15w-chinese-laser-cutter-3)
2023-11-09 09:29:05 [2] Confirmed the "Check SNS Count". (NextTime=2021-03-20 19:30:40 URL=https://sekailab.com/wp/2012/11/01/c%e3%81%a7%e3%80%8c%e3%81%af%e3%81%98%e3%82%81%e3%81%a6%e3%81%ae%e6%a9%9f%e6%a2%b0%e5%ad%a6%e7%bf%92%e3%80%8d5%e7%ab%a0/)
2023-11-09 09:29:05 There were 284 links that passed the next "Link Alive Check" confirmation date and time.
2023-11-09 09:29:05 [1] Confirmed the "Link Alive Check". (NextTime=1970-01-01 00:00:00 Result= URL=)
2023-11-09 09:29:05 [2] Confirmed the "Link Alive Check". (NextTime=1970-01-01 00:00:00 Result= URL=)
2023-11-09 09:29:06 [3] Confirmed the "Link Alive Check". (NextTime=1970-01-01 00:00:00 Result= URL=)
2023-11-09 09:29:06 [4] Confirmed the "Link Alive Check". (NextTime=1970-01-01 00:00:00 Result= URL=)
2023-11-09 09:29:06 [5] Confirmed the "Link Alive Check". (NextTime=1970-01-01 00:00:00 Result= URL=)
2023-11-09 09:59:05 There were 284 links that passed the next "Link Alive Check" confirmation date and time.
2023-11-09 09:59:05 [1] Confirmed the "Link Alive Check". (NextTime=1970-01-01 00:00:00 Result= URL=)
2023-11-09 09:59:06 [2] Confirmed the "Link Alive Check". (NextTime=1970-01-01 00:00:00 Result= URL=)
2023-11-09 09:59:06 [3] Confirmed the "Link Alive Check". (NextTime=1970-01-01 00:00:00 Result= URL=)
2023-11-09 09:59:06 [4] Confirmed the "Link Alive Check". (NextTime=1970-01-01 00:00:00 Result= URL=)
2023-11-09 09:59:06 [5] Confirmed the "Link Alive Check". (NextTime=1970-01-01 00:00:00 Result= URL=)
2023-11-09 10:25:20 There were 1 links that passed the next "Check SNS Count" confirmation date and time.
2023-11-09 10:25:21 [1] Confirmed the "Check SNS Count". (NextTime=2021-04-15 05:51:09 URL=https://www.amazon.co.jp/gp/product/B01M7TY9VR/ref=as_li_ss_il?ie=UTF8&#038;psc=1&#038;linkCode=li2&#038;tag=drunkar-22&#038;linkId=06abe48d395e49adf8dce51f8326505a&#038;language=ja_JP)
2023-11-09 10:30:54 There were 284 links that passed the next "Link Alive Check" confirmation date and time.
2023-11-09 10:30:55 [1] Confirmed the "Link Alive Check". (NextTime=1970-01-01 00:00:00 Result= URL=)
2023-11-09 10:30:55 [2] Confirmed the "Link Alive Check". (NextTime=1970-01-01 00:00:00 Result= URL=)
2023-11-09 10:30:55 [3] Confirmed the "Link Alive Check". (NextTime=1970-01-01 00:00:00 Result= URL=)
2023-11-09 10:30:55 [4] Confirmed the "Link Alive Check". (NextTime=1970-01-01 00:00:00 Result= URL=)
2023-11-09 10:30:56 [5] Confirmed the "Link Alive Check". (NextTime=1970-01-01 00:00:00 Result= URL=)
2023-11-09 10:59:28 There were 284 links that passed the next "Link Alive Check" confirmation date and time.
2023-11-09 10:59:28 [1] Confirmed the "Link Alive Check". (NextTime=1970-01-01 00:00:00 Result= URL=)
2023-11-09 10:59:29 [2] Confirmed the "Link Alive Check". (NextTime=1970-01-01 00:00:00 Result= URL=)
2023-11-09 10:59:29 [3] Confirmed the "Link Alive Check". (NextTime=1970-01-01 00:00:00 Result= URL=)
2023-11-09 10:59:29 [4] Confirmed the "Link Alive Check". (NextTime=1970-01-01 00:00:00 Result= URL=)
2023-11-09 10:59:29 [5] Confirmed the "Link Alive Check". (NextTime=1970-01-01 00:00:00 Result= URL=)
2023-11-09 11:23:13 There were 1 links that passed the next "Check SNS Count" confirmation date and time.
2023-11-09 11:23:13 [1] Confirmed the "Check SNS Count". (NextTime=2021-04-15 19:36:32 URL=https://sekailab.com/wp/2012/10/26/c%E3%81%A7%E3%80%8C%E3%81%AF%E3%81%98%E3%82%81%E3%81%A6%E3%81%AE%E6%A9%9F%E6%A2%B0%E5%AD%A6%E7%BF%92%E3%80%8D2%E7%AB%A0-3%E7%AB%A0)
2023-11-09 11:26:04 There were 0 links that passed the next "Check SNS Count" confirmation date and time.
2023-11-09 11:31:27 There were 284 links that passed the next "Link Alive Check" confirmation date and time.
2023-11-09 11:31:27 [1] Confirmed the "Link Alive Check". (NextTime=1970-01-01 00:00:00 Result= URL=)
2023-11-09 11:31:27 [2] Confirmed the "Link Alive Check". (NextTime=1970-01-01 00:00:00 Result= URL=)
2023-11-09 11:31:27 [3] Confirmed the "Link Alive Check". (NextTime=1970-01-01 00:00:00 Result= URL=)
2023-11-09 11:31:28 [4] Confirmed the "Link Alive Check". (NextTime=1970-01-01 00:00:00 Result= URL=)
2023-11-09 11:31:28 [5] Confirmed the "Link Alive Check". (NextTime=1970-01-01 00:00:00 Result= URL=)
2023-11-09 12:01:08 There were 284 links that passed the next "Link Alive Check" confirmation date and time.
2023-11-09 12:01:08 [1] Confirmed the "Link Alive Check". (NextTime=1970-01-01 00:00:00 Result= URL=)
2023-11-09 12:01:09 [2] Confirmed the "Link Alive Check". (NextTime=1970-01-01 00:00:00 Result= URL=)
2023-11-09 12:01:09 [3] Confirmed the "Link Alive Check". (NextTime=1970-01-01 00:00:00 Result= URL=)
2023-11-09 12:01:09 [4] Confirmed the "Link Alive Check". (NextTime=1970-01-01 00:00:00 Result= URL=)
2023-11-09 12:01:09 [5] Confirmed the "Link Alive Check". (NextTime=1970-01-01 00:00:00 Result= URL=)
2023-11-09 12:25:21 There were 0 links that passed the next "Check SNS Count" confirmation date and time.
2023-11-09 12:32:27 There were 284 links that passed the next "Link Alive Check" confirmation date and time.
2023-11-09 12:32:27 [1] Confirmed the "Link Alive Check". (NextTime=1970-01-01 00:00:00 Result= URL=)
2023-11-09 12:32:28 [2] Confirmed the "Link Alive Check". (NextTime=1970-01-01 00:00:00 Result= URL=)
2023-11-09 12:32:28 [3] Confirmed the "Link Alive Check". (NextTime=1970-01-01 00:00:00 Result= URL=)
2023-11-09 12:32:28 [4] Confirmed the "Link Alive Check". (NextTime=1970-01-01 00:00:00 Result= URL=)
2023-11-09 12:32:28 [5] Confirmed the "Link Alive Check". (NextTime=1970-01-01 00:00:00 Result= URL=)
2023-11-09 13:01:37 There were 284 links that passed the next "Link Alive Check" confirmation date and time.
2023-11-09 13:01:38 [1] Confirmed the "Link Alive Check". (NextTime=1970-01-01 00:00:00 Result= URL=)
2023-11-09 13:01:38 [2] Confirmed the "Link Alive Check". (NextTime=1970-01-01 00:00:00 Result= URL=)
2023-11-09 13:01:38 [3] Confirmed the "Link Alive Check". (NextTime=1970-01-01 00:00:00 Result= URL=)
2023-11-09 13:01:38 [4] Confirmed the "Link Alive Check". (NextTime=1970-01-01 00:00:00 Result= URL=)
2023-11-09 13:01:38 [5] Confirmed the "Link Alive Check". (NextTime=1970-01-01 00:00:00 Result= URL=)
2023-11-09 13:25:26 There were 1 links that passed the next "Check SNS Count" confirmation date and time.
2023-11-09 13:25:26 [1] Confirmed the "Check SNS Count". (NextTime=2021-07-01 19:10:11 URL=https://www.amazon.co.jp/gp/product/B075L94Z5H?ie=UTF8&#038;psc=1&#038;linkCode=li2&#038;tag=drunkar-22&#038;linkId=229a03e7eec9f2482057702d957cf06b&#038;language=ja_JP&#038;ref_=as_li_ss_il)
2023-11-09 13:26:04 There were 0 links that passed the next "Check SNS Count" confirmation date and time.
2023-11-09 13:35:12 There were 284 links that passed the next "Link Alive Check" confirmation date and time.
2023-11-09 13:35:12 [1] Confirmed the "Link Alive Check". (NextTime=1970-01-01 00:00:00 Result= URL=)
2023-11-09 13:35:12 [2] Confirmed the "Link Alive Check". (NextTime=1970-01-01 00:00:00 Result= URL=)
2023-11-09 13:35:12 [3] Confirmed the "Link Alive Check". (NextTime=1970-01-01 00:00:00 Result= URL=)
2023-11-09 13:35:13 [4] Confirmed the "Link Alive Check". (NextTime=1970-01-01 00:00:00 Result= URL=)
2023-11-09 13:35:13 [5] Confirmed the "Link Alive Check". (NextTime=1970-01-01 00:00:00 Result= URL=)
2023-11-09 14:01:40 There were 284 links that passed the next "Link Alive Check" confirmation date and time.
2023-11-09 14:01:40 [1] Confirmed the "Link Alive Check". (NextTime=1970-01-01 00:00:00 Result= URL=)
2023-11-09 14:01:40 [2] Confirmed the "Link Alive Check". (NextTime=1970-01-01 00:00:00 Result= URL=)
2023-11-09 14:01:41 [3] Confirmed the "Link Alive Check". (NextTime=1970-01-01 00:00:00 Result= URL=)
2023-11-09 14:01:41 [4] Confirmed the "Link Alive Check". (NextTime=1970-01-01 00:00:00 Result= URL=)
2023-11-09 14:01:41 [5] Confirmed the "Link Alive Check". (NextTime=1970-01-01 00:00:00 Result= URL=)
2023-11-09 14:23:37 There were 0 links that passed the next "Check SNS Count" confirmation date and time.
2023-11-09 14:35:18 There were 284 links that passed the next "Link Alive Check" confirmation date and time.
2023-11-09 14:35:19 [1] Confirmed the "Link Alive Check". (NextTime=1970-01-01 00:00:00 Result= URL=)
2023-11-09 14:35:19 [2] Confirmed the "Link Alive Check". (NextTime=1970-01-01 00:00:00 Result= URL=)
2023-11-09 14:35:19 [3] Confirmed the "Link Alive Check". (NextTime=1970-01-01 00:00:00 Result= URL=)
2023-11-09 14:35:19 [4] Confirmed the "Link Alive Check". (NextTime=1970-01-01 00:00:00 Result= URL=)
2023-11-09 14:35:19 [5] Confirmed the "Link Alive Check". (NextTime=1970-01-01 00:00:00 Result= URL=)
2023-11-09 15:02:32 There were 284 links that passed the next "Link Alive Check" confirmation date and time.
2023-11-09 15:02:32 [1] Confirmed the "Link Alive Check". (NextTime=1970-01-01 00:00:00 Result= URL=)
2023-11-09 15:02:32 [2] Confirmed the "Link Alive Check". (NextTime=1970-01-01 00:00:00 Result= URL=)
2023-11-09 15:02:32 [3] Confirmed the "Link Alive Check". (NextTime=1970-01-01 00:00:00 Result= URL=)
2023-11-09 15:02:33 [4] Confirmed the "Link Alive Check". (NextTime=1970-01-01 00:00:00 Result= URL=)
2023-11-09 15:02:33 [5] Confirmed the "Link Alive Check". (NextTime=1970-01-01 00:00:00 Result= URL=)
2023-11-09 15:24:44 There were 0 links that passed the next "Check SNS Count" confirmation date and time.
2023-11-09 15:36:15 There were 284 links that passed the next "Link Alive Check" confirmation date and time.
2023-11-09 15:36:16 [1] Confirmed the "Link Alive Check". (NextTime=1970-01-01 00:00:00 Result= URL=)
2023-11-09 15:36:16 [2] Confirmed the "Link Alive Check". (NextTime=1970-01-01 00:00:00 Result= URL=)
2023-11-09 15:36:16 [3] Confirmed the "Link Alive Check". (NextTime=1970-01-01 00:00:00 Result= URL=)
2023-11-09 15:36:17 [4] Confirmed the "Link Alive Check". (NextTime=1970-01-01 00:00:00 Result= URL=)
2023-11-09 15:36:17 [5] Confirmed the "Link Alive Check". (NextTime=1970-01-01 00:00:00 Result= URL=)
2023-11-09 15:55:59 There were 284 links that passed the next "Link Alive Check" confirmation date and time.
2023-11-09 15:55:59 [1] Confirmed the "Link Alive Check". (NextTime=1970-01-01 00:00:00 Result= URL=)
2023-11-09 15:56:00 [2] Confirmed the "Link Alive Check". (NextTime=1970-01-01 00:00:00 Result= URL=)
2023-11-09 15:56:00 [3] Confirmed the "Link Alive Check". (NextTime=1970-01-01 00:00:00 Result= URL=)
2023-11-09 15:56:00 [4] Confirmed the "Link Alive Check". (NextTime=1970-01-01 00:00:00 Result= URL=)
2023-11-09 15:56:00 [5] Confirmed the "Link Alive Check". (NextTime=1970-01-01 00:00:00 Result= URL=)
2023-11-09 16:23:14 There were 0 links that passed the next "Check SNS Count" confirmation date and time.
2023-11-09 16:27:47 There were 0 links that passed the next "Check SNS Count" confirmation date and time.
2023-11-09 16:36:26 There were 284 links that passed the next "Link Alive Check" confirmation date and time.
2023-11-09 16:36:26 [1] Confirmed the "Link Alive Check". (NextTime=1970-01-01 00:00:00 Result= URL=)
2023-11-09 16:36:26 [2] Confirmed the "Link Alive Check". (NextTime=1970-01-01 00:00:00 Result= URL=)
2023-11-09 16:36:27 [3] Confirmed the "Link Alive Check". (NextTime=1970-01-01 00:00:00 Result= URL=)
2023-11-09 16:36:27 [4] Confirmed the "Link Alive Check". (NextTime=1970-01-01 00:00:00 Result= URL=)
2023-11-09 16:36:27 [5] Confirmed the "Link Alive Check". (NextTime=1970-01-01 00:00:00 Result= URL=)
2023-11-09 16:58:22 There were 284 links that passed the next "Link Alive Check" confirmation date and time.
2023-11-09 16:58:23 [1] Confirmed the "Link Alive Check". (NextTime=1970-01-01 00:00:00 Result= URL=)
2023-11-09 16:58:23 [2] Confirmed the "Link Alive Check". (NextTime=1970-01-01 00:00:00 Result= URL=)
2023-11-09 16:58:23 [3] Confirmed the "Link Alive Check". (NextTime=1970-01-01 00:00:00 Result= URL=)
2023-11-09 16:58:23 [4] Confirmed the "Link Alive Check". (NextTime=1970-01-01 00:00:00 Result= URL=)
2023-11-09 16:58:24 [5] Confirmed the "Link Alive Check". (NextTime=1970-01-01 00:00:00 Result= URL=)
2023-11-09 17:25:15 There were 0 links that passed the next "Check SNS Count" confirmation date and time.
2023-11-09 17:38:43 There were 284 links that passed the next "Link Alive Check" confirmation date and time.
2023-11-09 17:38:43 [1] Confirmed the "Link Alive Check". (NextTime=1970-01-01 00:00:00 Result= URL=)
2023-11-09 17:38:43 [2] Confirmed the "Link Alive Check". (NextTime=1970-01-01 00:00:00 Result= URL=)
2023-11-09 17:38:44 [3] Confirmed the "Link Alive Check". (NextTime=1970-01-01 00:00:00 Result= URL=)
2023-11-09 17:38:44 [4] Confirmed the "Link Alive Check". (NextTime=1970-01-01 00:00:00 Result= URL=)
2023-11-09 17:38:44 [5] Confirmed the "Link Alive Check". (NextTime=1970-01-01 00:00:00 Result= URL=)
2023-11-09 17:58:42 There were 284 links that passed the next "Link Alive Check" confirmation date and time.
2023-11-09 17:58:42 [1] Confirmed the "Link Alive Check". (NextTime=1970-01-01 00:00:00 Result= URL=)
2023-11-09 17:58:43 [2] Confirmed the "Link Alive Check". (NextTime=1970-01-01 00:00:00 Result= URL=)
2023-11-09 17:58:43 [3] Confirmed the "Link Alive Check". (NextTime=1970-01-01 00:00:00 Result= URL=)
2023-11-09 17:58:43 [4] Confirmed the "Link Alive Check". (NextTime=1970-01-01 00:00:00 Result= URL=)
2023-11-09 17:58:43 [5] Confirmed the "Link Alive Check". (NextTime=1970-01-01 00:00:00 Result= URL=)
2023-11-09 18:24:43 There were 0 links that passed the next "Check SNS Count" confirmation date and time.
2023-11-09 18:40:04 There were 284 links that passed the next "Link Alive Check" confirmation date and time.
2023-11-09 18:40:04 [1] Confirmed the "Link Alive Check". (NextTime=1970-01-01 00:00:00 Result= URL=)
2023-11-09 18:40:04 [2] Confirmed the "Link Alive Check". (NextTime=1970-01-01 00:00:00 Result= URL=)
2023-11-09 18:40:05 [3] Confirmed the "Link Alive Check". (NextTime=1970-01-01 00:00:00 Result= URL=)
2023-11-09 18:40:05 [4] Confirmed the "Link Alive Check". (NextTime=1970-01-01 00:00:00 Result= URL=)
2023-11-09 18:40:05 [5] Confirmed the "Link Alive Check". (NextTime=1970-01-01 00:00:00 Result= URL=)
2023-11-09 19:00:22 There were 284 links that passed the next "Link Alive Check" confirmation date and time.
2023-11-09 19:00:22 [1] Confirmed the "Link Alive Check". (NextTime=1970-01-01 00:00:00 Result= URL=)
2023-11-09 19:00:23 [2] Confirmed the "Link Alive Check". (NextTime=1970-01-01 00:00:00 Result= URL=)
2023-11-09 19:00:23 [3] Confirmed the "Link Alive Check". (NextTime=1970-01-01 00:00:00 Result= URL=)
2023-11-09 19:00:23 [4] Confirmed the "Link Alive Check". (NextTime=1970-01-01 00:00:00 Result= URL=)
2023-11-09 19:00:23 [5] Confirmed the "Link Alive Check". (NextTime=1970-01-01 00:00:00 Result= URL=)
2023-11-09 19:23:38 There were 2 links that passed the next "Check SNS Count" confirmation date and time.
2023-11-09 19:23:39 [1] Confirmed the "Check SNS Count". (NextTime=2021-06-24 22:17:06 URL=https://www.amazon.co.jp/Anker-PowerExpand-Delivery%E5%AF%BE%E5%BF%9CUSB-C%E3%83%9D%E3%83%BC%E3%83%88-3-5mm%E3%82%AA%E3%83%BC%E3%83%87%E3%82%A3%E3%82%AA%E3%82%B8%E3%83%A3%E3%83%83%E3%82%AF-USB-A%E3%83%9D%E3%83%BC%E3%83%88/dp/B0873ZMH7R?dchild=1&#038;keywords=ipad+usb-c+%E3%83%8F%E3%83%96&#038;qid=1622107345&#038;sr=8-5&#038;linkCode=li2&#038;tag=drunkar-22&#038;linkId=0df103fa2f4aa7a671e20244059b3e53&#038;language=ja_JP&#038;ref_=as_li_ss_il)
2023-11-09 19:23:39 [2] Confirmed the "Check SNS Count". (NextTime=2021-03-21 15:31:15 URL=https://qiita.com/TomokIshii/items/95c49d5e86f2eae61720)
2023-11-09 19:43:11 There were 284 links that passed the next "Link Alive Check" confirmation date and time.
2023-11-09 19:43:11 [1] Confirmed the "Link Alive Check". (NextTime=1970-01-01 00:00:00 Result= URL=)
2023-11-09 19:43:11 [2] Confirmed the "Link Alive Check". (NextTime=1970-01-01 00:00:00 Result= URL=)
2023-11-09 19:43:11 [3] Confirmed the "Link Alive Check". (NextTime=1970-01-01 00:00:00 Result= URL=)
2023-11-09 19:43:12 [4] Confirmed the "Link Alive Check". (NextTime=1970-01-01 00:00:00 Result= URL=)
2023-11-09 19:43:12 [5] Confirmed the "Link Alive Check". (NextTime=1970-01-01 00:00:00 Result= URL=)
2023-11-09 20:02:37 There were 284 links that passed the next "Link Alive Check" confirmation date and time.
2023-11-09 20:02:38 [1] Confirmed the "Link Alive Check". (NextTime=1970-01-01 00:00:00 Result= URL=)
2023-11-09 20:02:38 [2] Confirmed the "Link Alive Check". (NextTime=1970-01-01 00:00:00 Result= URL=)
2023-11-09 20:02:38 [3] Confirmed the "Link Alive Check". (NextTime=1970-01-01 00:00:00 Result= URL=)
2023-11-09 20:02:38 [4] Confirmed the "Link Alive Check". (NextTime=1970-01-01 00:00:00 Result= URL=)
2023-11-09 20:02:38 [5] Confirmed the "Link Alive Check". (NextTime=1970-01-01 00:00:00 Result= URL=)
2023-11-09 20:23:12 There were 0 links that passed the next "Check SNS Count" confirmation date and time.
2023-11-09 21:06:43 There were 284 links that passed the next "Link Alive Check" confirmation date and time.
2023-11-09 21:06:44 [1] Confirmed the "Link Alive Check". (NextTime=1970-01-01 00:00:00 Result= URL=)
2023-11-09 21:06:44 [2] Confirmed the "Link Alive Check". (NextTime=1970-01-01 00:00:00 Result= URL=)
2023-11-09 21:06:44 [3] Confirmed the "Link Alive Check". (NextTime=1970-01-01 00:00:00 Result= URL=)
2023-11-09 21:06:44 [4] Confirmed the "Link Alive Check". (NextTime=1970-01-01 00:00:00 Result= URL=)
2023-11-09 21:06:45 [5] Confirmed the "Link Alive Check". (NextTime=1970-01-01 00:00:00 Result= URL=)
2023-11-09 21:24:57 There were 1 links that passed the next "Check SNS Count" confirmation date and time.
2023-11-09 21:24:57 [1] Confirmed the "Check SNS Count". (NextTime=2021-03-22 06:43:26 URL=https://www.amazon.co.jp/gp/product/B07DFY1ZQ9/ref=as_li_ss_il?ie=UTF8&#038;psc=1&#038;linkCode=li2&#038;tag=drunkar-22&#038;linkId=6047f7c55894774b9d53b51bb2119ae6&#038;language=ja_JP)
2023-11-09 22:09:55 There were 284 links that passed the next "Link Alive Check" confirmation date and time.
2023-11-09 22:09:55 [1] Confirmed the "Link Alive Check". (NextTime=1970-01-01 00:00:00 Result= URL=)
2023-11-09 22:09:55 [2] Confirmed the "Link Alive Check". (NextTime=1970-01-01 00:00:00 Result= URL=)
2023-11-09 22:09:55 [3] Confirmed the "Link Alive Check". (NextTime=1970-01-01 00:00:00 Result= URL=)
2023-11-09 22:09:56 [4] Confirmed the "Link Alive Check". (NextTime=1970-01-01 00:00:00 Result= URL=)
2023-11-09 22:09:56 [5] Confirmed the "Link Alive Check". (NextTime=1970-01-01 00:00:00 Result= URL=)
2023-11-09 22:23:23 There were 0 links that passed the next "Check SNS Count" confirmation date and time.
2023-11-09 22:24:39 There were 0 links that passed the next "Check SNS Count" confirmation date and time.
2023-11-09 23:09:59 There were 284 links that passed the next "Link Alive Check" confirmation date and time.
2023-11-09 23:09:59 [1] Confirmed the "Link Alive Check". (NextTime=1970-01-01 00:00:00 Result= URL=)
2023-11-09 23:09:59 [2] Confirmed the "Link Alive Check". (NextTime=1970-01-01 00:00:00 Result= URL=)
2023-11-09 23:09:59 [3] Confirmed the "Link Alive Check". (NextTime=1970-01-01 00:00:00 Result= URL=)
2023-11-09 23:10:00 [4] Confirmed the "Link Alive Check". (NextTime=1970-01-01 00:00:00 Result= URL=)
2023-11-09 23:10:00 [5] Confirmed the "Link Alive Check". (NextTime=1970-01-01 00:00:00 Result= URL=)
2023-11-09 23:24:41 There were 0 links that passed the next "Check SNS Count" confirmation date and time.
2023-11-09 23:25:24 There were 0 links that passed the next "Check SNS Count" confirmation date and time.
