2021-10-25 00:00:48 There were 284 links that passed the next "Link Alive Check" confirmation date and time.
2021-10-25 00:00:49 [1] Confirmed the "Link Alive Check". (NextTime=1970-01-01 00:00:00 Result= URL=)
2021-10-25 00:00:49 [2] Confirmed the "Link Alive Check". (NextTime=1970-01-01 00:00:00 Result= URL=)
2021-10-25 00:00:49 [3] Confirmed the "Link Alive Check". (NextTime=1970-01-01 00:00:00 Result= URL=)
2021-10-25 00:00:49 [4] Confirmed the "Link Alive Check". (NextTime=1970-01-01 00:00:00 Result= URL=)
2021-10-25 00:00:50 [5] Confirmed the "Link Alive Check". (NextTime=1970-01-01 00:00:00 Result= URL=)
2021-10-25 00:25:50 There were 2 links that passed the next "Check SNS Count" confirmation date and time.
2021-10-25 00:25:50 [1] Confirmed the "Check SNS Count". (NextTime=2021-03-23 18:26:11 URL=https://www.banggood.com/Eachine-E32HW-WiFi-FPV-With-720P-HD-Camera-Altitude-Hold-RC-Drone-Quadcopter-RTF-p-1293499.html?p=K226105168701201606R)
2021-10-25 00:25:50 [2] Confirmed the "Check SNS Count". (NextTime=2021-04-14 21:41:47 URL=https://sekailab.com/wp/2018/11/15/build-1755-mhz-oc-rtx-20180-ti-pc-in-280000-jpy)
2021-10-25 01:01:48 There were 284 links that passed the next "Link Alive Check" confirmation date and time.
2021-10-25 01:01:48 [1] Confirmed the "Link Alive Check". (NextTime=1970-01-01 00:00:00 Result= URL=)
2021-10-25 01:01:48 [2] Confirmed the "Link Alive Check". (NextTime=1970-01-01 00:00:00 Result= URL=)
2021-10-25 01:01:49 [3] Confirmed the "Link Alive Check". (NextTime=1970-01-01 00:00:00 Result= URL=)
2021-10-25 01:01:49 [4] Confirmed the "Link Alive Check". (NextTime=1970-01-01 00:00:00 Result= URL=)
2021-10-25 01:01:49 [5] Confirmed the "Link Alive Check". (NextTime=1970-01-01 00:00:00 Result= URL=)
2021-10-25 01:23:10 There were 4 links that passed the next "Check SNS Count" confirmation date and time.
2021-10-25 01:23:10 [1] Confirmed the "Check SNS Count". (NextTime=2021-03-25 13:59:46 URL=https://github.com/Drunkar/USB-PD_Adapter/blob/master/PD_Adapter_Case.stl)
2021-10-25 01:23:11 [2] Confirmed the "Check SNS Count". (NextTime=2021-04-15 10:48:43 URL=https://sekailab.com/wp/2014/02/16/gitlab_ce-6-5_gitlab_ci-4-2)
2021-10-25 01:23:11 [3] Confirmed the "Check SNS Count". (NextTime=2021-03-22 15:52:44 URL=https://www.banggood.com/Xiaomi-Redmi-Airdots-TWS-Bluetooth-5_0-Earphone-DSP-Noise-Cancelling-Auto-Pairing-Bilateral-Call-Stereo-Headphones-p-1450592.html?p=K226105168701201606R)
2021-10-25 01:23:11 [4] Confirmed the "Check SNS Count". (NextTime=2021-06-24 22:17:06 URL=https://www.amazon.co.jp/Anker-PowerExpand-Delivery%E5%AF%BE%E5%BF%9CUSB-C%E3%83%9D%E3%83%BC%E3%83%88-3-5mm%E3%82%AA%E3%83%BC%E3%83%87%E3%82%A3%E3%82%AA%E3%82%B8%E3%83%A3%E3%83%83%E3%82%AF-USB-A%E3%83%9D%E3%83%BC%E3%83%88/dp/B0873ZMH7R?dchild=1&#038;keywords=ipad+usb-c+%E3%83%8F%E3%83%96&#038;qid=1622107345&#038;sr=8-5&#038;linkCode=li2&#038;tag=drunkar-22&#038;linkId=0df103fa2f4aa7a671e20244059b3e53&#038;language=ja_JP&#038;ref_=as_li_ss_il)
2021-10-25 02:02:12 There were 284 links that passed the next "Link Alive Check" confirmation date and time.
2021-10-25 02:02:12 [1] Confirmed the "Link Alive Check". (NextTime=1970-01-01 00:00:00 Result= URL=)
2021-10-25 02:02:13 [2] Confirmed the "Link Alive Check". (NextTime=1970-01-01 00:00:00 Result= URL=)
2021-10-25 02:02:13 [3] Confirmed the "Link Alive Check". (NextTime=1970-01-01 00:00:00 Result= URL=)
2021-10-25 02:02:13 [4] Confirmed the "Link Alive Check". (NextTime=1970-01-01 00:00:00 Result= URL=)
2021-10-25 02:02:13 [5] Confirmed the "Link Alive Check". (NextTime=1970-01-01 00:00:00 Result= URL=)
2021-10-25 02:23:42 There were 4 links that passed the next "Check SNS Count" confirmation date and time.
2021-10-25 02:23:42 [1] Confirmed the "Check SNS Count". (NextTime=2021-03-21 13:10:58 URL=https://sekailab.com/wp/2018/09/04/mistel-barocco-mag-feet/)
2021-10-25 02:23:42 [2] Confirmed the "Check SNS Count". (NextTime=2021-03-20 13:30:24 URL=https://sekailab.com/wp/2018/09/05/mistel-barocco-md650l-bluetooth/)
2021-10-25 02:23:42 [3] Confirmed the "Check SNS Count". (NextTime=2021-03-24 13:30:28 URL=https://sekailab.com/wp/2014/02/16/gitlab_ce-6-5_gitlab_ci-4-2/)
2021-10-25 02:23:42 [4] Confirmed the "Check SNS Count". (NextTime=2021-03-21 05:02:21 URL=https://www.amazon.co.jp/Taulman3D-PC-Alloy910-Taulman3D-Alloy-910-%E3%82%A2%E3%83%AD%E3%82%A4910-1-75mm/dp/B01AY71K5M/ref=as_li_ss_il?ie=UTF8&#038;qid=1523541968&#038;sr=8-1&#038;keywords=alloy+910&#038;linkCode=li2&#038;tag=drunkar-22&#038;linkId=d8e9041dfc8c404620294b339eb3f493)
2021-10-25 03:03:09 There were 284 links that passed the next "Link Alive Check" confirmation date and time.
2021-10-25 03:03:09 [1] Confirmed the "Link Alive Check". (NextTime=1970-01-01 00:00:00 Result= URL=)
2021-10-25 03:03:09 [2] Confirmed the "Link Alive Check". (NextTime=1970-01-01 00:00:00 Result= URL=)
2021-10-25 03:03:10 [3] Confirmed the "Link Alive Check". (NextTime=1970-01-01 00:00:00 Result= URL=)
2021-10-25 03:03:10 [4] Confirmed the "Link Alive Check". (NextTime=1970-01-01 00:00:00 Result= URL=)
2021-10-25 03:03:10 [5] Confirmed the "Link Alive Check". (NextTime=1970-01-01 00:00:00 Result= URL=)
2021-10-25 03:23:54 There were 7 links that passed the next "Check SNS Count" confirmation date and time.
2021-10-25 03:23:54 [1] Confirmed the "Check SNS Count". (NextTime=2021-03-13 21:45:58 URL=https://sekailab.com/wp/2020/03/25/deepl-translation-with-kindle-cloud-reader/)
2021-10-25 03:23:54 [2] Confirmed the "Check SNS Count". (NextTime=2021-04-14 18:51:01 URL=http://jikohtei.ciao.jp/drip/swissgold_test.html)
2021-10-25 03:23:54 [3] Confirmed the "Check SNS Count". (NextTime=2021-03-25 15:35:35 URL=https://www.thingiverse.com/thing:3083203)
2021-10-25 03:23:54 [4] Confirmed the "Check SNS Count". (NextTime=2021-03-25 09:55:52 URL=https://stackoverflow.com/questions/3230067/numpy-minimum-in-row-column-format)
2021-10-25 03:23:54 [5] Confirmed the "Check SNS Count". (NextTime=2021-03-21 15:55:19 URL=https://sekailab.com/wp/2018/01/06/15w-chinese-laser-cutter-2/)
2021-10-25 03:23:55 [6] Confirmed the "Check SNS Count". (NextTime=2021-04-15 08:54:57 URL=https://sekailab.com/wp/2018/06/09/best-practice-of-cooling-razer-blade)
2021-10-25 03:23:55 [7] Confirmed the "Check SNS Count". (NextTime=2021-03-22 06:32:20 URL=https://www.amazon.co.jp/gp/product/B01J74UUD6/ref=as_li_ss_il?ie=UTF8&#038;psc=1&#038;linkCode=li2&#038;tag=drunkar-22&#038;linkId=34401a05e76588a8b541312ea31a2a71)
2021-10-25 04:05:08 There were 284 links that passed the next "Link Alive Check" confirmation date and time.
2021-10-25 04:05:09 [1] Confirmed the "Link Alive Check". (NextTime=1970-01-01 00:00:00 Result= URL=)
2021-10-25 04:05:09 [2] Confirmed the "Link Alive Check". (NextTime=1970-01-01 00:00:00 Result= URL=)
2021-10-25 04:05:09 [3] Confirmed the "Link Alive Check". (NextTime=1970-01-01 00:00:00 Result= URL=)
2021-10-25 04:05:09 [4] Confirmed the "Link Alive Check". (NextTime=1970-01-01 00:00:00 Result= URL=)
2021-10-25 04:05:10 [5] Confirmed the "Link Alive Check". (NextTime=1970-01-01 00:00:00 Result= URL=)
2021-10-25 04:23:20 There were 4 links that passed the next "Check SNS Count" confirmation date and time.
2021-10-25 04:23:20 [1] Confirmed the "Check SNS Count". (NextTime=2021-03-24 10:51:03 URL=https://sekailab.com/wp/2016/11/29/in-this-corner-of-the-world/)
2021-10-25 04:23:20 [2] Confirmed the "Check SNS Count". (NextTime=2021-04-06 23:27:45 URL=https://github.com/Drunkar/tensor2tensor-optuna)
2021-10-25 04:23:20 [3] Confirmed the "Check SNS Count". (NextTime=2021-04-15 02:00:47 URL=https://sekailab.com/wp/2018/04/16/sakura-vps-nem-supernode-2)
2021-10-25 04:23:20 [4] Confirmed the "Check SNS Count". (NextTime=2021-04-06 19:40:18 URL=https://www.amazon.co.jp/SIGMA-%E5%8D%98%E7%84%A6%E7%82%B9%E8%B6%85%E5%BA%83%E8%A7%92%E3%83%AC%E3%83%B3%E3%82%BA-14mm-%E3%82%AD%E3%83%A4%E3%83%8E%E3%83%B3%E7%94%A8-%E3%83%95%E3%83%AB%E3%82%B5%E3%82%A4%E3%82%BA%E5%AF%BE%E5%BF%9C/dp/B072KTCV4D/ref=as_li_ss_il?__mk_ja_JP=%E3%82%AB%E3%82%BF%E3%82%AB%E3%83%8A&#038;keywords=SIGMA%E3%81%AE14mm+F1.8+DG+HSM&#038;qid=1556022655&#038;s=gateway&#038;sr=8-1-fkmr0&#038;linkCode=li2&#038;tag=drunkar-22&#038;linkId=d92b94824677fb5602d02799be9e75c3)
2021-10-25 05:06:08 There were 284 links that passed the next "Link Alive Check" confirmation date and time.
2021-10-25 05:06:09 [1] Confirmed the "Link Alive Check". (NextTime=1970-01-01 00:00:00 Result= URL=)
2021-10-25 05:06:09 [2] Confirmed the "Link Alive Check". (NextTime=1970-01-01 00:00:00 Result= URL=)
2021-10-25 05:06:09 [3] Confirmed the "Link Alive Check". (NextTime=1970-01-01 00:00:00 Result= URL=)
2021-10-25 05:06:09 [4] Confirmed the "Link Alive Check". (NextTime=1970-01-01 00:00:00 Result= URL=)
2021-10-25 05:06:10 [5] Confirmed the "Link Alive Check". (NextTime=1970-01-01 00:00:00 Result= URL=)
2021-10-25 05:23:02 There were 6 links that passed the next "Check SNS Count" confirmation date and time.
2021-10-25 05:23:02 [1] Confirmed the "Check SNS Count". (NextTime=2021-04-06 15:52:33 URL=https://cloud.google.com/blog/products/gcp/cloud-poetry-training-and-hyperparameter-tuning-custom-text-models-on-cloud-ml-engine)
2021-10-25 05:23:02 [2] Confirmed the "Check SNS Count". (NextTime=2021-03-20 10:53:21 URL=https://sekailab.com/wp/2018/02/03/watch-process-to-send-gmail-with-python3/)
2021-10-25 05:23:02 [3] Confirmed the "Check SNS Count". (NextTime=2021-03-22 00:13:21 URL=https://www.amazon.co.jp/ZORTRAX-%E3%80%90%E6%AD%A3%E8%A6%8F%E4%BB%A3%E7%90%86%E5%BA%97%E3%80%91ZORTRAX-M200-3D%E3%83%97%E3%83%AA%E3%83%B3%E3%82%BF%E3%83%BC-FDM/dp/B00UWEZ8RE/ref=as_li_ss_il?ie=UTF8&#038;qid=1514638656&#038;sr=8-1&#038;keywords=zortrax+m200&#038;linkCode=li2&#038;tag=drunkar-22&#038;linkId=8b8050f533516d0f9f8e07e71693bd99)
2021-10-25 05:23:02 [4] Confirmed the "Check SNS Count". (NextTime=2021-04-06 18:46:30 URL=https://www.quora.com/How-does-Distil-Networks-Bot-and-Scraper-Detection-work-Are-there-advantages-to-its-technology-as-compared-to-other-competitors)
2021-10-25 05:23:02 [5] Confirmed the "Check SNS Count". (NextTime=2021-03-24 17:31:08 URL=https://sekailab.com/wp/2018/08/14/librealsense-with-armbian-on-orangepi-pc2/)
2021-10-25 05:23:02 [6] Confirmed the "Check SNS Count". (NextTime=2021-04-11 22:18:15 URL=http://akizukidenshi.com/catalog/g/gP-07598/)
2021-10-25 06:06:22 There were 284 links that passed the next "Link Alive Check" confirmation date and time.
2021-10-25 06:06:23 [1] Confirmed the "Link Alive Check". (NextTime=1970-01-01 00:00:00 Result= URL=)
2021-10-25 06:06:23 [2] Confirmed the "Link Alive Check". (NextTime=1970-01-01 00:00:00 Result= URL=)
2021-10-25 06:06:23 [3] Confirmed the "Link Alive Check". (NextTime=1970-01-01 00:00:00 Result= URL=)
2021-10-25 06:06:23 [4] Confirmed the "Link Alive Check". (NextTime=1970-01-01 00:00:00 Result= URL=)
2021-10-25 06:06:24 [5] Confirmed the "Link Alive Check". (NextTime=1970-01-01 00:00:00 Result= URL=)
2021-10-25 06:24:24 There were 5 links that passed the next "Check SNS Count" confirmation date and time.
2021-10-25 06:24:24 [1] Confirmed the "Check SNS Count". (NextTime=2021-03-25 10:23:57 URL=https://play.google.com/store/apps/details?id=com.xodo.pdf.reader&#038;hl=ja)
2021-10-25 06:24:24 [2] Confirmed the "Check SNS Count". (NextTime=2021-04-06 01:15:34 URL=https://www.kanzen-creditcard.com/knowledge/exchange_rate.html)
2021-10-25 06:24:24 [3] Confirmed the "Check SNS Count". (NextTime=2021-03-24 11:04:11 URL=https://www.amazon.co.jp/%E6%B5%B7%E5%A4%96%E7%9B%B4%E9%80%81%E5%93%81-Supplements-Chocolate-Brownie-2-18kg/dp/B00DCNIGS0/ref=as_li_ss_il?s=hpc&#038;ie=UTF8&#038;qid=1483631751&#038;sr=1-14&#038;keywords=%E3%83%97%E3%83%AD%E3%83%86%E3%82%A4%E3%83%B3&#038;linkCode=li2&#038;tag=drunkar-22&#038;linkId=2e1a1e5a1a859065e9cab108a67a9c6b)
2021-10-25 06:24:24 [4] Confirmed the "Check SNS Count". (NextTime=2021-03-23 01:47:51 URL=https://www.amazon.co.jp/dp/B07TGKQV2X/ref=as_li_ss_il?_encoding=UTF8&#038;psc=1&#038;linkCode=li2&#038;tag=drunkar-22&#038;linkId=dd7f6044dfb46becb60e273dcabd963c)
2021-10-25 06:24:24 [5] Confirmed the "Check SNS Count". (NextTime=2021-04-15 15:59:20 URL=https://sekailab.com/wp/2018/08/31/review-mistel-barocco-md650l)
2021-10-25 07:06:56 There were 284 links that passed the next "Link Alive Check" confirmation date and time.
2021-10-25 07:06:57 [1] Confirmed the "Link Alive Check". (NextTime=1970-01-01 00:00:00 Result= URL=)
2021-10-25 07:06:57 [2] Confirmed the "Link Alive Check". (NextTime=1970-01-01 00:00:00 Result= URL=)
2021-10-25 07:06:57 [3] Confirmed the "Link Alive Check". (NextTime=1970-01-01 00:00:00 Result= URL=)
2021-10-25 07:06:57 [4] Confirmed the "Link Alive Check". (NextTime=1970-01-01 00:00:00 Result= URL=)
2021-10-25 07:06:58 [5] Confirmed the "Link Alive Check". (NextTime=1970-01-01 00:00:00 Result= URL=)
2021-10-25 07:23:08 There were 3 links that passed the next "Check SNS Count" confirmation date and time.
2021-10-25 07:23:08 [1] Confirmed the "Check SNS Count". (NextTime=2021-03-20 19:30:40 URL=https://sekailab.com/wp/2012/11/01/c%e3%81%a7%e3%80%8c%e3%81%af%e3%81%98%e3%82%81%e3%81%a6%e3%81%ae%e6%a9%9f%e6%a2%b0%e5%ad%a6%e7%bf%92%e3%80%8d5%e7%ab%a0/)
2021-10-25 07:23:08 [2] Confirmed the "Check SNS Count". (NextTime=2021-03-21 15:31:15 URL=https://qiita.com/TomokIshii/items/95c49d5e86f2eae61720)
2021-10-25 07:23:09 [3] Confirmed the "Check SNS Count". (NextTime=2021-04-14 16:19:46 URL=https://sekailab.com/wp/2015/01/04/about-the-beauty)
2021-10-25 08:07:22 There were 284 links that passed the next "Link Alive Check" confirmation date and time.
2021-10-25 08:07:23 [1] Confirmed the "Link Alive Check". (NextTime=1970-01-01 00:00:00 Result= URL=)
2021-10-25 08:07:23 [2] Confirmed the "Link Alive Check". (NextTime=1970-01-01 00:00:00 Result= URL=)
2021-10-25 08:07:23 [3] Confirmed the "Link Alive Check". (NextTime=1970-01-01 00:00:00 Result= URL=)
2021-10-25 08:07:23 [4] Confirmed the "Link Alive Check". (NextTime=1970-01-01 00:00:00 Result= URL=)
2021-10-25 08:07:24 [5] Confirmed the "Link Alive Check". (NextTime=1970-01-01 00:00:00 Result= URL=)
2021-10-25 08:25:03 There were 2 links that passed the next "Check SNS Count" confirmation date and time.
2021-10-25 08:25:03 [1] Confirmed the "Check SNS Count". (NextTime=2021-03-24 06:32:18 URL=https://sekailab.com/wp/2018/01/13/15w-chinese-laser-cutter-4/)
2021-10-25 08:25:03 [2] Confirmed the "Check SNS Count". (NextTime=2021-04-14 22:59:04 URL=https://sekailab.com/wp/2018/11/29/chongqing-mansion-currency-exchange)
2021-10-25 09:07:24 There were 284 links that passed the next "Link Alive Check" confirmation date and time.
2021-10-25 09:07:24 [1] Confirmed the "Link Alive Check". (NextTime=1970-01-01 00:00:00 Result= URL=)
2021-10-25 09:07:24 [2] Confirmed the "Link Alive Check". (NextTime=1970-01-01 00:00:00 Result= URL=)
2021-10-25 09:07:24 [3] Confirmed the "Link Alive Check". (NextTime=1970-01-01 00:00:00 Result= URL=)
2021-10-25 09:07:25 [4] Confirmed the "Link Alive Check". (NextTime=1970-01-01 00:00:00 Result= URL=)
2021-10-25 09:07:25 [5] Confirmed the "Link Alive Check". (NextTime=1970-01-01 00:00:00 Result= URL=)
2021-10-25 09:23:16 There were 5 links that passed the next "Check SNS Count" confirmation date and time.
2021-10-25 09:23:17 [1] Confirmed the "Check SNS Count". (NextTime=2021-04-16 10:17:04 URL=https://sekailab.com/wp/2012/11/01/c%E3%81%A7%E3%80%8C%E3%81%AF%E3%81%98%E3%82%81%E3%81%A6%E3%81%AE%E6%A9%9F%E6%A2%B0%E5%AD%A6%E7%BF%92%E3%80%8D5%E7%AB%A0)
2021-10-25 09:23:17 [2] Confirmed the "Check SNS Count". (NextTime=2021-03-19 19:02:52 URL=https://www.sbcr.jp/support/48965/)
2021-10-25 09:23:17 [3] Confirmed the "Check SNS Count". (NextTime=2021-04-16 18:03:34 URL=https://sekailab.com/wp/2018/05/28/4000-yen-bluetooth-earphone-for-bath-time)
2021-10-25 09:23:17 [4] Confirmed the "Check SNS Count". (NextTime=2021-03-21 23:30:41 URL=https://www.amazon.co.jp/%E3%82%A8%E3%83%AC%E3%82%B3%E3%83%A0-%E3%83%90%E3%83%83%E3%82%B0%E3%82%A4%E3%83%B3%E3%83%90%E3%83%83%E3%82%B0-%E3%82%AC%E3%82%B8%E3%82%A7%E3%83%83%E3%83%88%E5%8F%8E%E7%B4%8D-%E3%82%B9%E3%83%88%E3%83%AC%E3%83%83%E3%83%81%E7%B4%A0%E6%9D%90-BMA-GP10BK/dp/B013J9F684/ref=as_li_ss_il?_encoding=UTF8&#038;pd_rd_i=B013J9F68Y&#038;pd_rd_r=040641d8-8122-11e8-bb0c-dd50569c438f&#038;pd_rd_w=I4EYc&#038;pd_rd_wg=0Wqto&#038;pf_rd_i=desktop-dp-sims&#038;pf_rd_m=AN1VRQENFRJN5&#038;pf_rd_p=3472031948783866574&#038;pf_rd_r=VQKKKEAD2YHT0SNXC6G2&#038;pf_rd_s=desktop-dp-sims&#038;pf_rd_t=40701&#038;refRID=VQKKKEAD2YHT0SNXC6G2&#038;th=1&#038;linkCode=li2&#038;tag=drunkar-22&#038;linkId=7ef50d437e6ccbc5406dae6740defcb5)
2021-10-25 09:23:17 [5] Confirmed the "Check SNS Count". (NextTime=2021-04-15 11:44:32 URL=https://sekailab.com/wp/2018/01/12/15w-chinese-laser-cutter-3)
2021-10-25 10:09:05 There were 284 links that passed the next "Link Alive Check" confirmation date and time.
2021-10-25 10:09:05 [1] Confirmed the "Link Alive Check". (NextTime=1970-01-01 00:00:00 Result= URL=)
2021-10-25 10:09:05 [2] Confirmed the "Link Alive Check". (NextTime=1970-01-01 00:00:00 Result= URL=)
2021-10-25 10:09:05 [3] Confirmed the "Link Alive Check". (NextTime=1970-01-01 00:00:00 Result= URL=)
2021-10-25 10:09:05 [4] Confirmed the "Link Alive Check". (NextTime=1970-01-01 00:00:00 Result= URL=)
2021-10-25 10:09:06 [5] Confirmed the "Link Alive Check". (NextTime=1970-01-01 00:00:00 Result= URL=)
2021-10-25 10:23:29 There were 1 links that passed the next "Check SNS Count" confirmation date and time.
2021-10-25 10:23:29 [1] Confirmed the "Check SNS Count". (NextTime=2021-03-25 15:46:01 URL=https://www.amazon.co.jp/%E3%82%B5%E3%83%B3%E3%82%B3%E3%83%BC-USBWATC2-USB%E6%B0%B4%E5%86%B7%E9%9D%99%E9%9F%B3%E3%82%AF%E3%83%BC%E3%83%AA%E3%83%B3%E3%82%B0%E3%83%9E%E3%83%83%E3%83%88/dp/B01GR6XRIC/ref=as_li_ss_il?ie=UTF8&#038;qid=1528535057&#038;sr=8-11&#038;keywords=%E6%B0%B4%E5%86%B7&#038;linkCode=li2&#038;tag=drunkar-22&#038;linkId=3d0a276dcbde2abf7dd0f82cccbcc9be)
2021-10-25 11:09:21 There were 284 links that passed the next "Link Alive Check" confirmation date and time.
2021-10-25 11:09:22 [1] Confirmed the "Link Alive Check". (NextTime=1970-01-01 00:00:00 Result= URL=)
2021-10-25 11:09:22 [2] Confirmed the "Link Alive Check". (NextTime=1970-01-01 00:00:00 Result= URL=)
2021-10-25 11:09:22 [3] Confirmed the "Link Alive Check". (NextTime=1970-01-01 00:00:00 Result= URL=)
2021-10-25 11:09:22 [4] Confirmed the "Link Alive Check". (NextTime=1970-01-01 00:00:00 Result= URL=)
2021-10-25 11:09:22 [5] Confirmed the "Link Alive Check". (NextTime=1970-01-01 00:00:00 Result= URL=)
2021-10-25 11:27:46 There were 8 links that passed the next "Check SNS Count" confirmation date and time.
2021-10-25 11:27:46 [1] Confirmed the "Check SNS Count". (NextTime=2021-03-26 00:34:32 URL=https://sekailab.com/wp/2018/04/14/sakura-vps-nem-supernode-2/)
2021-10-25 11:27:46 [2] Confirmed the "Check SNS Count". (NextTime=2021-03-20 11:13:12 URL=https://sekailab.com/wp/2020/03/02/17inch-mobile-monitor-usb-c/)
2021-10-25 11:27:47 [3] Confirmed the "Check SNS Count". (NextTime=2021-04-15 05:51:09 URL=https://www.amazon.co.jp/gp/product/B01M7TY9VR/ref=as_li_ss_il?ie=UTF8&#038;psc=1&#038;linkCode=li2&#038;tag=drunkar-22&#038;linkId=06abe48d395e49adf8dce51f8326505a&#038;language=ja_JP)
2021-10-25 11:27:47 [4] Confirmed the "Check SNS Count". (NextTime=2021-04-14 22:22:27 URL=https://www.thingiverse.com/thing:3283620)
2021-10-25 11:27:47 [5] Confirmed the "Check SNS Count". (NextTime=2021-03-21 10:14:03 URL=https://sekailab.com/wp/2012/10/26/c%e3%81%a7%e3%80%8c%e3%81%af%e3%81%98%e3%82%81%e3%81%a6%e3%81%ae%e6%a9%9f%e6%a2%b0%e5%ad%a6%e7%bf%92%e3%80%8d2%e7%ab%a0-3%e7%ab%a0/)
2021-10-25 11:27:47 [6] Confirmed the "Check SNS Count". (NextTime=2021-04-08 18:54:26 URL=https://sekailab.com/wp/2019/03/23/white-powder-for-your-health/)
2021-10-25 11:27:47 [7] Confirmed the "Check SNS Count". (NextTime=2021-03-23 13:44:56 URL=https://sekailab.com/wp/2016/07/18/python-test/)
2021-10-25 11:27:47 [8] Confirmed the "Check SNS Count". (NextTime=2021-03-21 05:55:58 URL=https://www.amazon.co.jp/Razer-DeathAdder-Elite-%E3%82%A8%E3%83%AB%E3%82%B4%E3%83%8E%E3%83%9F%E3%83%83%E3%82%AF-%E3%82%B2%E3%83%BC%E3%83%9F%E3%83%B3%E3%82%B0%E3%83%9E%E3%82%A6%E3%82%B9%E3%80%90%E6%97%A5%E6%9C%AC%E6%AD%A3%E8%A6%8F%E4%BB%A3%E7%90%86%E5%BA%97%E4%BF%9D%E8%A8%BC%E5%93%81%E3%80%91RZ01-02010100-R3A1/dp/B01MXVFVJO/ref=as_li_ss_il?ie=UTF8&#038;qid=1530884170&#038;sr=8-1&#038;keywords=razer+deathadder+elite&#038;linkCode=li2&#038;tag=drunkar-22&#038;linkId=b7b39d54dd3488e4a6a5ba54d283ec3f)
2021-10-25 12:09:33 There were 284 links that passed the next "Link Alive Check" confirmation date and time.
2021-10-25 12:09:34 [1] Confirmed the "Link Alive Check". (NextTime=1970-01-01 00:00:00 Result= URL=)
2021-10-25 12:09:34 [2] Confirmed the "Link Alive Check". (NextTime=1970-01-01 00:00:00 Result= URL=)
2021-10-25 12:09:34 [3] Confirmed the "Link Alive Check". (NextTime=1970-01-01 00:00:00 Result= URL=)
2021-10-25 12:09:34 [4] Confirmed the "Link Alive Check". (NextTime=1970-01-01 00:00:00 Result= URL=)
2021-10-25 12:09:34 [5] Confirmed the "Link Alive Check". (NextTime=1970-01-01 00:00:00 Result= URL=)
2021-10-25 12:23:58 There were 7 links that passed the next "Check SNS Count" confirmation date and time.
2021-10-25 12:23:58 [1] Confirmed the "Check SNS Count". (NextTime=2021-03-26 19:43:34 URL=https://forum.nem.io/t/nem-beta-0-6-96/18726)
2021-10-25 12:23:58 [2] Confirmed the "Check SNS Count". (NextTime=2021-03-23 13:47:19 URL=https://www.amazon.co.jp/gp/product/B081PQ7KSL/ref=as_li_ss_il?ie=UTF8&#038;psc=1&#038;linkCode=li2&#038;tag=drunkar-22&#038;linkId=5b39d8bcffa366750b6939e0c6914e0e)
2021-10-25 12:23:58 [3] Confirmed the "Check SNS Count". (NextTime=2021-03-25 06:11:22 URL=https://www.amazon.co.jp/Opolar-LC06%E5%90%B8%E5%BC%95%E5%BC%8F%E3%83%8E%E3%83%BC%E3%83%88PC%E5%86%B7%E5%8D%B4%E3%83%95%E3%82%A1%E3%83%B3-%E4%BB%BB%E5%A4%A9%E5%A0%82-Nintendo-Switch%E5%86%B7%E5%8D%B4%E3%83%8E%E3%83%BC%E3%83%88%E3%82%AF%E3%83%BC%E3%83%A9%E3%83%BC-pc%E3%82%AF%E3%83%BC%E3%83%A9%E3%83%BC%E3%83%95%E3%82%A1%E3%83%B3-%E3%82%B3%E3%83%B3%E3%83%91%E3%82%AF%E3%83%88-%E9%9D%99%E9%9F%B3-%E6%B8%A9%E5%BA%A6%E3%81%8C%E8%A1%A8%E7%A4%BA%E3%81%95%E3%82%8C-%E3%83%95%E3%82%A1%E3%83%B3%E3%82%B9%E3%83%94%E3%83%BC%E3%83%89%E8%AA%BF%E6%95%B4%E3%81%8C%E3%81%A7%E3%81%8D-%E3%83%8E%E3%83%BC%E3%83%88PC%E3%81%AE%E5%86%B7%E5%8D%B4%E5%8F%B0-PS4-%E3%83%8B%E3%83%B3%E3%83%86%E3%83%B3%E3%83%89%E3%83%BC%E3%82%B9%E3%82%A4%E3%83%83%E3%83%81%E3%81%AE%E5%86%B7%E5%8D%B4/dp/B01LWN5LTV/ref=as_li_ss_il?ie=UTF8&#038;qid=1528536509&#038;sr=8-6&#038;keywords=%E3%83%8E%E3%83%BC%E3%83%88pc+%E5%86%B7%E5%8D%B4&#038;linkCode=li2&#038;tag=drunkar-22&#038;linkId=160e8cbd24da9a792e255e7af25be6c7)
2021-10-25 12:23:58 [4] Confirmed the "Check SNS Count". (NextTime=2021-04-15 08:07:35 URL=https://sekailab.com/wp/2014/02/24/gitlab-gitlab_ci-jenkins-in-the-same-server)
2021-10-25 12:23:58 [5] Confirmed the "Check SNS Count". (NextTime=2021-03-25 11:57:49 URL=https://sekailab.com/wp/2013/07/29/interaction-wit-massan/)
2021-10-25 12:23:59 [6] Confirmed the "Check SNS Count". (NextTime=2021-04-16 02:18:56 URL=https://sekailab.com/wp/2018/09/05/mistel-barocco-md650l-bluetooth)
2021-10-25 12:23:59 [7] Confirmed the "Check SNS Count". (NextTime=2021-03-25 11:34:23 URL=https://www.amazon.co.jp/dp/B07X37WWV2/ref=as_li_ss_il?_encoding=UTF8&#038;psc=1&#038;linkCode=li2&#038;tag=drunkar-22&#038;linkId=e9c9a5b2ef13df006a8643907b926818&#038;language=ja_JP)
2021-10-25 13:09:34 There were 284 links that passed the next "Link Alive Check" confirmation date and time.
2021-10-25 13:09:35 [1] Confirmed the "Link Alive Check". (NextTime=1970-01-01 00:00:00 Result= URL=)
2021-10-25 13:09:35 [2] Confirmed the "Link Alive Check". (NextTime=1970-01-01 00:00:00 Result= URL=)
2021-10-25 13:09:35 [3] Confirmed the "Link Alive Check". (NextTime=1970-01-01 00:00:00 Result= URL=)
2021-10-25 13:09:35 [4] Confirmed the "Link Alive Check". (NextTime=1970-01-01 00:00:00 Result= URL=)
2021-10-25 13:09:36 [5] Confirmed the "Link Alive Check". (NextTime=1970-01-01 00:00:00 Result= URL=)
2021-10-25 13:24:47 There were 7 links that passed the next "Check SNS Count" confirmation date and time.
2021-10-25 13:24:47 [1] Confirmed the "Check SNS Count". (NextTime=2021-03-25 14:52:52 URL=https://www.amazon.co.jp/uxcell-%E8%80%90%E7%86%B1%E3%82%AB%E3%83%97%E3%83%88%E3%83%B3%E3%83%86%E3%83%BC%E3%83%97-%E3%83%9D%E3%83%AA%E3%82%A4%E3%83%9F%E3%83%89-BGA-%E9%AB%98%E6%B8%A9-25mm/dp/B01HTF92YS/ref=as_li_ss_il?ie=UTF8&#038;qid=1527414817&#038;sr=8-2&#038;keywords=%E3%82%AB%E3%83%97%E3%83%88%E3%83%B3%E3%83%86%E3%83%BC%E3%83%97+25mm&#038;linkCode=li2&#038;tag=drunkar-22&#038;linkId=5c160aed08e16dc5d77fb3bb1a348f9a)
2021-10-25 13:24:47 [2] Confirmed the "Check SNS Count". (NextTime=2021-04-05 02:04:04 URL=https://sekailab.com/wp/2018/04/10/python-2-79-anaconda-python/)
2021-10-25 13:24:47 [3] Confirmed the "Check SNS Count". (NextTime=2021-03-21 09:07:53 URL=https://www.amazon.co.jp/gp/product/B003CFKLLS/ref=as_li_ss_il?ie=UTF8&#038;psc=1&#038;linkCode=li2&#038;tag=drunkar-22&#038;linkId=f6daf09c395a2a8368e952ab551ddb08)
2021-10-25 13:24:47 [4] Confirmed the "Check SNS Count". (NextTime=2021-04-08 13:43:51 URL=https://www.banggood.com/ViviBright-C80UP-Mini-LED-Projector-Android-WIFI-Bluetooth-Video-Game-Projector-Home-Cinema-Beamer-p-1381618.html?p=DR062131921252201904&#038;cur_warehouse=CN)
2021-10-25 13:24:47 [5] Confirmed the "Check SNS Count". (NextTime=2021-03-21 16:59:15 URL=https://www.amazon.co.jp/3M-%E3%82%B9%E3%82%B3%E3%83%83%E3%83%81-%E5%BC%B7%E5%8A%9B%E4%B8%A1%E9%9D%A2%E3%83%86%E3%83%BC%E3%83%97-20mm%C3%9710m-PSD-20/dp/B002YMQILC/ref=as_li_ss_il?ie=UTF8&#038;qid=1523532084&#038;sr=8-6&#038;keywords=scotch+%E5%BC%B7%E5%8A%9B%E4%B8%A1%E9%9D%A2%E3%83%86%E3%83%BC%E3%83%97+20mm&#038;linkCode=li2&#038;tag=drunkar-22&#038;linkId=7d553de20ef02ada7021590e02dc4672)
2021-10-25 13:24:47 [6] Confirmed the "Check SNS Count". (NextTime=2021-03-26 12:14:34 URL=https://sekailab.com/wp/2019/03/31/deep-learning-framworks-windows10/)
2021-10-25 13:24:47 [7] Confirmed the "Check SNS Count". (NextTime=2021-04-15 03:14:07 URL=https://www.amazon.co.jp/gp/product/B004X4JPBE/ref=as_li_ss_il?ie=UTF8&#038;psc=1&#038;linkCode=li2&#038;tag=drunkar-22&#038;linkId=63f758e8c2595a9e11843e3a4f23b83d)
2021-10-25 14:10:02 There were 284 links that passed the next "Link Alive Check" confirmation date and time.
2021-10-25 14:10:02 [1] Confirmed the "Link Alive Check". (NextTime=1970-01-01 00:00:00 Result= URL=)
2021-10-25 14:10:03 [2] Confirmed the "Link Alive Check". (NextTime=1970-01-01 00:00:00 Result= URL=)
2021-10-25 14:10:03 [3] Confirmed the "Link Alive Check". (NextTime=1970-01-01 00:00:00 Result= URL=)
2021-10-25 14:10:03 [4] Confirmed the "Link Alive Check". (NextTime=1970-01-01 00:00:00 Result= URL=)
2021-10-25 14:10:03 [5] Confirmed the "Link Alive Check". (NextTime=1970-01-01 00:00:00 Result= URL=)
2021-10-25 14:23:14 There were 5 links that passed the next "Check SNS Count" confirmation date and time.
2021-10-25 14:23:14 [1] Confirmed the "Check SNS Count". (NextTime=2021-03-20 12:45:25 URL=http://jikainoyokoku.blog23.fc2.com/blog-entry-729.html)
2021-10-25 14:23:14 [2] Confirmed the "Check SNS Count". (NextTime=2021-03-24 13:40:40 URL=https://www.amazon.co.jp/gp/product/B01G3ERI6U/ref=as_li_ss_il?ie=UTF8&#038;psc=1&#038;linkCode=li2&#038;tag=drunkar-22&#038;linkId=998da7875e65d27078483f0cfd9852f8)
2021-10-25 14:23:14 [3] Confirmed the "Check SNS Count". (NextTime=2021-03-25 09:08:18 URL=https://www.amazon.co.jp/%E3%83%9C%E3%83%87%E3%82%A3%E3%82%A6%E3%82%A4%E3%83%B3%E3%82%B0-%E3%83%9B%E3%82%A8%E3%82%A4%E3%83%97%E3%83%AD%E3%83%86%E3%82%A4%E3%83%B3-1kg-%E7%84%A1%E6%B7%BB%E5%8A%A0-%E3%83%8A%E3%83%81%E3%83%A5%E3%83%A9%E3%83%AB/dp/B01COZY3VK/ref=as_li_ss_il?s=hpc&#038;ie=UTF8&#038;qid=1483631751&#038;sr=1-11&#038;keywords=%E3%83%97%E3%83%AD%E3%83%86%E3%82%A4%E3%83%B3&#038;linkCode=li2&#038;tag=drunkar-22&#038;linkId=ef06cf2c8c30b70091f64dd4bdd79619)
2021-10-25 14:23:14 [4] Confirmed the "Check SNS Count". (NextTime=2021-03-20 17:57:15 URL=https://github.com/lwfinger/rtl8188eu)
2021-10-25 14:23:14 [5] Confirmed the "Check SNS Count". (NextTime=2021-03-25 05:57:44 URL=https://www.amazon.co.jp/gp/product/B013QRN40G/ref=as_li_ss_il?ie=UTF8&#038;psc=1&#038;linkCode=li2&#038;tag=drunkar-22&#038;linkId=242413e9dcc9f72045c62d6c1ccc1a51)
2021-10-25 15:10:28 There were 284 links that passed the next "Link Alive Check" confirmation date and time.
2021-10-25 15:10:28 [1] Confirmed the "Link Alive Check". (NextTime=1970-01-01 00:00:00 Result= URL=)
2021-10-25 15:10:29 [2] Confirmed the "Link Alive Check". (NextTime=1970-01-01 00:00:00 Result= URL=)
2021-10-25 15:10:29 [3] Confirmed the "Link Alive Check". (NextTime=1970-01-01 00:00:00 Result= URL=)
2021-10-25 15:10:29 [4] Confirmed the "Link Alive Check". (NextTime=1970-01-01 00:00:00 Result= URL=)
2021-10-25 15:10:29 [5] Confirmed the "Link Alive Check". (NextTime=1970-01-01 00:00:00 Result= URL=)
2021-10-25 15:23:05 There were 5 links that passed the next "Check SNS Count" confirmation date and time.
2021-10-25 15:23:05 [1] Confirmed the "Check SNS Count". (NextTime=2021-04-10 22:28:01 URL=https://www.banggood.com/Emax-Babyhawk-R-RACER-Edition-112mm-F3-Magnum-Mini-5_8G-FPV-Racing-RC-Drone-3S4S-PNPBNF-p-1237259.html?p=DR062131921252201904&#038;ID=523399&#038;cur_warehouse=CN)
2021-10-25 15:23:05 [2] Confirmed the "Check SNS Count". (NextTime=2021-04-15 11:01:06 URL=https://sekailab.com/wp/2013/12/11/watch-process-to-send-gmail)
2021-10-25 15:23:05 [3] Confirmed the "Check SNS Count". (NextTime=2021-03-25 22:07:02 URL=https://www.amazon.co.jp/gp/product/B0018O10OW/ref=as_li_ss_il?ie=UTF8&#038;psc=1&#038;linkCode=li2&#038;tag=drunkar-22&#038;linkId=5f8eb590e22ac072f26ba7a6ef60007f)
2021-10-25 15:23:05 [4] Confirmed the "Check SNS Count". (NextTime=2021-04-06 16:27:15 URL=https://github.com/Drunkar/crawler-base)
2021-10-25 15:23:06 [5] Confirmed the "Check SNS Count". (NextTime=2021-04-18 06:24:07 URL=https://www.amazon.co.jp/%E3%82%B7%E3%83%AA%E3%82%B3%E3%83%B3%E3%83%90%E3%83%AC%E3%83%BC%E5%BC%8F-%E8%87%AA%E5%88%86%E3%82%92%E5%A4%89%E3%81%88%E3%82%8B%E6%9C%80%E5%BC%B7%E3%81%AE%E9%A3%9F%E4%BA%8B-%E3%83%87%E3%82%A4%E3%83%B4%E3%83%BB%E3%82%A2%E3%82%B9%E3%83%97%E3%83%AA%E3%83%BC-ebook/dp/B015S5545W/ref=as_li_ss_il?_encoding=UTF8&#038;qid=1585582879&#038;sr=8-1&#038;linkCode=li2&#038;tag=drunkar-22&#038;linkId=fb2fbcce469bf88077c26ea066860d62)
2021-10-25 15:54:04 There were 284 links that passed the next "Link Alive Check" confirmation date and time.
2021-10-25 15:54:04 [1] Confirmed the "Link Alive Check". (NextTime=1970-01-01 00:00:00 Result= URL=)
2021-10-25 15:54:04 [2] Confirmed the "Link Alive Check". (NextTime=1970-01-01 00:00:00 Result= URL=)
2021-10-25 15:54:05 [3] Confirmed the "Link Alive Check". (NextTime=1970-01-01 00:00:00 Result= URL=)
2021-10-25 15:54:05 [4] Confirmed the "Link Alive Check". (NextTime=1970-01-01 00:00:00 Result= URL=)
2021-10-25 15:54:05 [5] Confirmed the "Link Alive Check". (NextTime=1970-01-01 00:00:00 Result= URL=)
2021-10-25 16:10:52 There were 284 links that passed the next "Link Alive Check" confirmation date and time.
2021-10-25 16:10:53 [1] Confirmed the "Link Alive Check". (NextTime=1970-01-01 00:00:00 Result= URL=)
2021-10-25 16:10:53 [2] Confirmed the "Link Alive Check". (NextTime=1970-01-01 00:00:00 Result= URL=)
2021-10-25 16:10:53 [3] Confirmed the "Link Alive Check". (NextTime=1970-01-01 00:00:00 Result= URL=)
2021-10-25 16:10:53 [4] Confirmed the "Link Alive Check". (NextTime=1970-01-01 00:00:00 Result= URL=)
2021-10-25 16:10:53 [5] Confirmed the "Link Alive Check". (NextTime=1970-01-01 00:00:00 Result= URL=)
2021-10-25 16:23:36 There were 7 links that passed the next "Check SNS Count" confirmation date and time.
2021-10-25 16:23:36 [1] Confirmed the "Check SNS Count". (NextTime=2021-03-20 18:34:47 URL=https://www.amazon.co.jp/Roost-%E3%83%8E%E3%83%BC%E3%83%88%E3%83%91%E3%82%BD%E3%82%B3%E3%83%B3%E7%94%A8%E3%82%B9%E3%82%BF%E3%83%B3%E3%83%89-MacBook-%E4%BA%BA%E9%96%93%E5%B7%A5%E5%AD%A6%E3%81%AB%E5%9F%BA%E3%81%A5%E3%81%84%E3%81%9F%E3%83%87%E3%82%B6%E3%82%A4%E3%83%B3-%E3%83%A6%E3%83%8B%E3%83%90%E3%83%BC%E3%82%B5%E3%83%AB%E3%83%87%E3%82%B6%E3%82%A4%E3%83%B3/dp/B01C9KG8IG/ref=as_li_ss_il?ie=UTF8&#038;qid=1530874117&#038;sr=8-1&#038;keywords=roost&#038;linkCode=li2&#038;tag=drunkar-22&#038;linkId=100d961f17d3946bcfe8a8e9392f2401)
2021-10-25 16:23:37 [2] Confirmed the "Check SNS Count". (NextTime=2021-04-14 19:41:24 URL=https://sekailab.com/wp/2018/08/27/review-waterproof-bluetooth-earphone)
2021-10-25 16:23:37 [3] Confirmed the "Check SNS Count". (NextTime=2021-04-05 01:16:25 URL=https://sekailab.com/wp/2019/02/06/rtx2080ti-i9-9900k-failure-mother-dram/)
2021-10-25 16:23:37 [4] Confirmed the "Check SNS Count". (NextTime=2021-04-06 15:02:23 URL=https://sekailab.com/wp/2018/01/01/crawl-anyway-2018/)
2021-10-25 16:23:37 [5] Confirmed the "Check SNS Count". (NextTime=2021-03-22 14:11:04 URL=https://www.amazon.co.jp/gp/product/B07734P6SX/ref=as_li_ss_il?ie=UTF8&#038;psc=1&#038;linkCode=li2&#038;tag=drunkar-22&#038;linkId=254598ec2dd11787382140fae995052f&#038;language=ja_JP)
2021-10-25 16:23:37 [6] Confirmed the "Check SNS Count". (NextTime=2021-04-14 14:44:38 URL=https://github.com/binzume/altglyph)
2021-10-25 16:23:37 [7] Confirmed the "Check SNS Count". (NextTime=2021-04-06 07:43:26 URL=https://www.thingiverse.com/thing:2256659)
2021-10-25 16:54:21 There were 284 links that passed the next "Link Alive Check" confirmation date and time.
2021-10-25 16:54:22 [1] Confirmed the "Link Alive Check". (NextTime=1970-01-01 00:00:00 Result= URL=)
2021-10-25 16:54:22 [2] Confirmed the "Link Alive Check". (NextTime=1970-01-01 00:00:00 Result= URL=)
2021-10-25 16:54:22 [3] Confirmed the "Link Alive Check". (NextTime=1970-01-01 00:00:00 Result= URL=)
2021-10-25 16:54:22 [4] Confirmed the "Link Alive Check". (NextTime=1970-01-01 00:00:00 Result= URL=)
2021-10-25 16:54:23 [5] Confirmed the "Link Alive Check". (NextTime=1970-01-01 00:00:00 Result= URL=)
2021-10-25 17:11:06 There were 284 links that passed the next "Link Alive Check" confirmation date and time.
2021-10-25 17:11:06 [1] Confirmed the "Link Alive Check". (NextTime=1970-01-01 00:00:00 Result= URL=)
2021-10-25 17:11:06 [2] Confirmed the "Link Alive Check". (NextTime=1970-01-01 00:00:00 Result= URL=)
2021-10-25 17:11:07 [3] Confirmed the "Link Alive Check". (NextTime=1970-01-01 00:00:00 Result= URL=)
2021-10-25 17:11:07 [4] Confirmed the "Link Alive Check". (NextTime=1970-01-01 00:00:00 Result= URL=)
2021-10-25 17:11:07 [5] Confirmed the "Link Alive Check". (NextTime=1970-01-01 00:00:00 Result= URL=)
2021-10-25 17:23:16 There were 5 links that passed the next "Check SNS Count" confirmation date and time.
2021-10-25 17:23:16 [1] Confirmed the "Check SNS Count". (NextTime=2021-04-14 14:03:57 URL=https://sekailab.com/wp/2018/01/04/15w-chinese-laser-cutter-1)
2021-10-25 17:23:16 [2] Confirmed the "Check SNS Count". (NextTime=2021-03-20 16:04:00 URL=https://sekailab.com/wp/2018/11/15/build-1755-mhz-oc-rtx-20180-ti-pc-in-280000-jpy/)
2021-10-25 17:23:16 [3] Confirmed the "Check SNS Count". (NextTime=2021-03-22 15:57:50 URL=https://popozure.info)
2021-10-25 17:23:16 [4] Confirmed the "Check SNS Count". (NextTime=2021-03-25 23:02:13 URL=https://gist.github.com/Drunkar/1773aacfe5e17110973dcd5bf4e25a81)
2021-10-25 17:23:17 [5] Confirmed the "Check SNS Count". (NextTime=2021-04-15 21:59:51 URL=https://sekailab.com/wp/2018/01/01/crawl-anyway-2018)
2021-10-25 17:57:21 There were 284 links that passed the next "Link Alive Check" confirmation date and time.
2021-10-25 17:57:22 [1] Confirmed the "Link Alive Check". (NextTime=1970-01-01 00:00:00 Result= URL=)
2021-10-25 17:57:22 [2] Confirmed the "Link Alive Check". (NextTime=1970-01-01 00:00:00 Result= URL=)
2021-10-25 17:57:22 [3] Confirmed the "Link Alive Check". (NextTime=1970-01-01 00:00:00 Result= URL=)
2021-10-25 17:57:22 [4] Confirmed the "Link Alive Check". (NextTime=1970-01-01 00:00:00 Result= URL=)
2021-10-25 17:57:23 [5] Confirmed the "Link Alive Check". (NextTime=1970-01-01 00:00:00 Result= URL=)
2021-10-25 18:11:25 There were 284 links that passed the next "Link Alive Check" confirmation date and time.
2021-10-25 18:11:25 [1] Confirmed the "Link Alive Check". (NextTime=1970-01-01 00:00:00 Result= URL=)
2021-10-25 18:11:25 [2] Confirmed the "Link Alive Check". (NextTime=1970-01-01 00:00:00 Result= URL=)
2021-10-25 18:11:25 [3] Confirmed the "Link Alive Check". (NextTime=1970-01-01 00:00:00 Result= URL=)
2021-10-25 18:11:25 [4] Confirmed the "Link Alive Check". (NextTime=1970-01-01 00:00:00 Result= URL=)
2021-10-25 18:11:26 [5] Confirmed the "Link Alive Check". (NextTime=1970-01-01 00:00:00 Result= URL=)
2021-10-25 18:24:21 There were 6 links that passed the next "Check SNS Count" confirmation date and time.
2021-10-25 18:24:21 [1] Confirmed the "Check SNS Count". (NextTime=2021-03-20 22:02:44 URL=https://www.amazon.co.jp/gp/product/B07QNVHMFC/ref=as_li_ss_il?ie=UTF8&#038;psc=1&#038;linkCode=li2&#038;tag=drunkar-22&#038;linkId=d9dcb66a676446c9063f6fa75839ce05)
2021-10-25 18:24:21 [2] Confirmed the "Check SNS Count". (NextTime=2021-03-23 01:39:12 URL=https://www.banggood.com/Original-Xiaomi-Airdots-TWS-Bluetooth-5_0-Earphone-Youth-Version-Touch-Control-with-Charging-Box-Mic-p-1389033.html?p=K226105168701201606R)
2021-10-25 18:24:21 [3] Confirmed the "Check SNS Count". (NextTime=2021-04-07 14:47:21 URL=https://www.banggood.com/Vivibright-GP100UP-Android-6_01-WIFI-Smart-LED-Projector-3500-Lumens-1280x800p-1080P-HD-Home-Theater-p-1203164.html?p=YT180431296767201903&#038;cur_warehouse=CN)
2021-10-25 18:24:21 [4] Confirmed the "Check SNS Count". (NextTime=2021-03-26 16:53:27 URL=https://sekailab.com/wp/2018/10/15/mistel-barocco-md650l-case/)
2021-10-25 18:24:21 [5] Confirmed the "Check SNS Count". (NextTime=2021-03-22 02:49:43 URL=https://www.amazon.co.jp/%EF%BC%A2%EF%BC%A5%EF%BC%A1%EF%BC%B4%EF%BC%AC%EF%BC%A5%EF%BC%B3%EF%BC%B3-%E9%9B%BB%E5%AD%90%E7%89%B9%E5%88%A5%E7%89%88-%E3%80%8A%E5%89%8D%E3%80%8B-%E8%A7%92%E5%B7%9D%E6%9B%B8%E5%BA%97%E5%8D%98%E8%A1%8C%E6%9C%AC-%E9%95%B7%E8%B0%B7-%E6%95%8F%E5%8F%B8-ebook/dp/B00C7P0AL0/ref=as_li_ss_il?ie=UTF8&#038;qid=1516557419&#038;sr=8-5&#038;keywords=beatless&#038;linkCode=li2&#038;tag=drunkar-22&#038;linkId=e64252b0fdd97c261f7ea9d68856a554)
2021-10-25 18:24:21 [6] Confirmed the "Check SNS Count". (NextTime=2021-03-21 04:44:20 URL=https://sekailab.com/wp/2018/08/27/review-waterproof-bluetooth-earphone/)
2021-10-25 18:58:28 There were 284 links that passed the next "Link Alive Check" confirmation date and time.
2021-10-25 18:58:28 [1] Confirmed the "Link Alive Check". (NextTime=1970-01-01 00:00:00 Result= URL=)
2021-10-25 18:58:28 [2] Confirmed the "Link Alive Check". (NextTime=1970-01-01 00:00:00 Result= URL=)
2021-10-25 18:58:29 [3] Confirmed the "Link Alive Check". (NextTime=1970-01-01 00:00:00 Result= URL=)
2021-10-25 18:58:29 [4] Confirmed the "Link Alive Check". (NextTime=1970-01-01 00:00:00 Result= URL=)
2021-10-25 18:58:29 [5] Confirmed the "Link Alive Check". (NextTime=1970-01-01 00:00:00 Result= URL=)
2021-10-25 19:13:17 There were 284 links that passed the next "Link Alive Check" confirmation date and time.
2021-10-25 19:13:17 [1] Confirmed the "Link Alive Check". (NextTime=1970-01-01 00:00:00 Result= URL=)
2021-10-25 19:13:18 [2] Confirmed the "Link Alive Check". (NextTime=1970-01-01 00:00:00 Result= URL=)
2021-10-25 19:13:18 [3] Confirmed the "Link Alive Check". (NextTime=1970-01-01 00:00:00 Result= URL=)
2021-10-25 19:13:18 [4] Confirmed the "Link Alive Check". (NextTime=1970-01-01 00:00:00 Result= URL=)
2021-10-25 19:13:18 [5] Confirmed the "Link Alive Check". (NextTime=1970-01-01 00:00:00 Result= URL=)
2021-10-25 19:24:30 There were 4 links that passed the next "Check SNS Count" confirmation date and time.
2021-10-25 19:24:30 [1] Confirmed the "Check SNS Count". (NextTime=2021-04-14 08:33:27 URL=https://www.razer.com/Gaming-System/Razer-Blade-B5/p/RZ09-01952E33-R3U1)
2021-10-25 19:24:30 [2] Confirmed the "Check SNS Count". (NextTime=2021-04-14 20:21:36 URL=https://sekailab.com/wp/2018/04/14/sakura-vps-nem-supernode-1)
2021-10-25 19:24:30 [3] Confirmed the "Check SNS Count". (NextTime=2021-03-14 18:08:55 URL=https://sekailab.com/wp/2019/01/08/google-translate-tools-for-english-papers/)
2021-10-25 19:24:30 [4] Confirmed the "Check SNS Count". (NextTime=2021-03-21 08:59:01 URL=https://www.amazon.co.jp/gp/product/B06ZYZMCD3/ref=as_li_ss_il?ie=UTF8&#038;psc=1&#038;linkCode=li2&#038;tag=drunkar-22&#038;linkId=c32f160016a1b2922132601ed8f805d2)
2021-10-25 19:58:39 There were 284 links that passed the next "Link Alive Check" confirmation date and time.
2021-10-25 19:58:39 [1] Confirmed the "Link Alive Check". (NextTime=1970-01-01 00:00:00 Result= URL=)
2021-10-25 19:58:39 [2] Confirmed the "Link Alive Check". (NextTime=1970-01-01 00:00:00 Result= URL=)
2021-10-25 19:58:40 [3] Confirmed the "Link Alive Check". (NextTime=1970-01-01 00:00:00 Result= URL=)
2021-10-25 19:58:40 [4] Confirmed the "Link Alive Check". (NextTime=1970-01-01 00:00:00 Result= URL=)
2021-10-25 19:58:40 [5] Confirmed the "Link Alive Check". (NextTime=1970-01-01 00:00:00 Result= URL=)
2021-10-25 20:17:56 There were 284 links that passed the next "Link Alive Check" confirmation date and time.
2021-10-25 20:17:56 [1] Confirmed the "Link Alive Check". (NextTime=1970-01-01 00:00:00 Result= URL=)
2021-10-25 20:17:57 [2] Confirmed the "Link Alive Check". (NextTime=1970-01-01 00:00:00 Result= URL=)
2021-10-25 20:17:57 [3] Confirmed the "Link Alive Check". (NextTime=1970-01-01 00:00:00 Result= URL=)
2021-10-25 20:17:57 [4] Confirmed the "Link Alive Check". (NextTime=1970-01-01 00:00:00 Result= URL=)
2021-10-25 20:17:57 [5] Confirmed the "Link Alive Check". (NextTime=1970-01-01 00:00:00 Result= URL=)
2021-10-25 20:24:25 There were 2 links that passed the next "Check SNS Count" confirmation date and time.
2021-10-25 20:24:25 [1] Confirmed the "Check SNS Count". (NextTime=2021-03-20 05:30:55 URL=https://console.cloud.google.com)
2021-10-25 20:24:25 [2] Confirmed the "Check SNS Count". (NextTime=2021-03-22 03:43:27 URL=https://sekailab.com/wp/2012/10/27/c%e3%81%a7%e3%80%8c%e3%81%af%e3%81%98%e3%82%81%e3%81%a6%e3%81%ae%e6%a9%9f%e6%a2%b0%e5%ad%a6%e7%bf%92%e3%80%8d4%e7%ab%a0/)
2021-10-25 20:59:11 There were 284 links that passed the next "Link Alive Check" confirmation date and time.
2021-10-25 20:59:11 [1] Confirmed the "Link Alive Check". (NextTime=1970-01-01 00:00:00 Result= URL=)
2021-10-25 20:59:12 [2] Confirmed the "Link Alive Check". (NextTime=1970-01-01 00:00:00 Result= URL=)
2021-10-25 20:59:12 [3] Confirmed the "Link Alive Check". (NextTime=1970-01-01 00:00:00 Result= URL=)
2021-10-25 20:59:12 [4] Confirmed the "Link Alive Check". (NextTime=1970-01-01 00:00:00 Result= URL=)
2021-10-25 20:59:12 [5] Confirmed the "Link Alive Check". (NextTime=1970-01-01 00:00:00 Result= URL=)
2021-10-25 21:19:44 There were 284 links that passed the next "Link Alive Check" confirmation date and time.
2021-10-25 21:19:45 [1] Confirmed the "Link Alive Check". (NextTime=1970-01-01 00:00:00 Result= URL=)
2021-10-25 21:19:45 [2] Confirmed the "Link Alive Check". (NextTime=1970-01-01 00:00:00 Result= URL=)
2021-10-25 21:19:45 [3] Confirmed the "Link Alive Check". (NextTime=1970-01-01 00:00:00 Result= URL=)
2021-10-25 21:19:45 [4] Confirmed the "Link Alive Check". (NextTime=1970-01-01 00:00:00 Result= URL=)
2021-10-25 21:19:46 [5] Confirmed the "Link Alive Check". (NextTime=1970-01-01 00:00:00 Result= URL=)
2021-10-25 21:25:47 There were 6 links that passed the next "Check SNS Count" confirmation date and time.
2021-10-25 21:25:47 [1] Confirmed the "Check SNS Count". (NextTime=2021-03-26 12:07:04 URL=https://developer.nvidia.com/cuda/wsl)
2021-10-25 21:25:47 [2] Confirmed the "Check SNS Count". (NextTime=2021-03-24 23:08:57 URL=https://amzn.to/2GTEzKk)
2021-10-25 21:25:47 [3] Confirmed the "Check SNS Count". (NextTime=2021-04-18 05:41:41 URL=https://www.amazon.co.jp/HARIO-%E3%83%8F%E3%83%AA%E3%82%AA-%E3%82%AB%E3%83%95%E3%82%A7%E3%82%AA%E3%83%BC%E3%83%AB-%E3%82%B3%E3%83%BC%E3%83%92%E3%83%BC%E3%83%89%E3%83%AA%E3%83%83%E3%83%97-CFO-1B/dp/B001LROSZ4/ref=as_li_ss_il?__mk_ja_JP=%E3%82%AB%E3%82%BF%E3%82%AB%E3%83%8A&#038;keywords=%E3%82%AB%E3%83%95%E3%82%A7%E3%82%AA%E3%83%BC%E3%83%AB&#038;qid=1585585674&#038;sr=8-2&#038;linkCode=li2&#038;tag=drunkar-22&#038;linkId=f1f43f6cec9554c6f2b4a4e8d5f43619)
2021-10-25 21:25:47 [4] Confirmed the "Check SNS Count". (NextTime=2021-04-15 19:36:32 URL=https://sekailab.com/wp/2012/10/26/c%E3%81%A7%E3%80%8C%E3%81%AF%E3%81%98%E3%82%81%E3%81%A6%E3%81%AE%E6%A9%9F%E6%A2%B0%E5%AD%A6%E7%BF%92%E3%80%8D2%E7%AB%A0-3%E7%AB%A0)
2021-10-25 21:25:48 [5] Confirmed the "Check SNS Count". (NextTime=2021-04-15 07:57:07 URL=https://twitter.com/search?q=from:goroman%20since:2020-07-06%20until:2020-07-07&#038;src=typed_query&#038;f=live)
2021-10-25 21:25:48 [6] Confirmed the "Check SNS Count". (NextTime=2021-04-16 06:53:34 URL=https://sekailab.com/wp/2018/09/04/mistel-barocco-mag-feet)
2021-10-25 22:00:12 There were 284 links that passed the next "Link Alive Check" confirmation date and time.
2021-10-25 22:00:12 [1] Confirmed the "Link Alive Check". (NextTime=1970-01-01 00:00:00 Result= URL=)
2021-10-25 22:00:12 [2] Confirmed the "Link Alive Check". (NextTime=1970-01-01 00:00:00 Result= URL=)
2021-10-25 22:00:12 [3] Confirmed the "Link Alive Check". (NextTime=1970-01-01 00:00:00 Result= URL=)
2021-10-25 22:00:12 [4] Confirmed the "Link Alive Check". (NextTime=1970-01-01 00:00:00 Result= URL=)
2021-10-25 22:00:13 [5] Confirmed the "Link Alive Check". (NextTime=1970-01-01 00:00:00 Result= URL=)
2021-10-25 22:21:25 There were 284 links that passed the next "Link Alive Check" confirmation date and time.
2021-10-25 22:21:25 [1] Confirmed the "Link Alive Check". (NextTime=1970-01-01 00:00:00 Result= URL=)
2021-10-25 22:21:26 [2] Confirmed the "Link Alive Check". (NextTime=1970-01-01 00:00:00 Result= URL=)
2021-10-25 22:21:26 [3] Confirmed the "Link Alive Check". (NextTime=1970-01-01 00:00:00 Result= URL=)
2021-10-25 22:21:26 [4] Confirmed the "Link Alive Check". (NextTime=1970-01-01 00:00:00 Result= URL=)
2021-10-25 22:21:26 [5] Confirmed the "Link Alive Check". (NextTime=1970-01-01 00:00:00 Result= URL=)
2021-10-25 22:23:27 There were 4 links that passed the next "Check SNS Count" confirmation date and time.
2021-10-25 22:23:27 [1] Confirmed the "Check SNS Count". (NextTime=2021-03-25 06:30:50 URL=https://github.com/nara256/mhz19_uart)
2021-10-25 22:23:27 [2] Confirmed the "Check SNS Count". (NextTime=2021-04-15 08:45:47 URL=https://sekailab.com/wp/2015/11/02/lstm-general-responce-bot)
2021-10-25 22:23:27 [3] Confirmed the "Check SNS Count". (NextTime=2021-03-26 12:38:31 URL=https://github.com/facebookresearch/detectron2)
2021-10-25 22:23:27 [4] Confirmed the "Check SNS Count". (NextTime=2021-04-15 03:19:17 URL=https://sekailab.com/wp/2016/07/19/python-logging)
2021-10-25 23:00:14 There were 284 links that passed the next "Link Alive Check" confirmation date and time.
2021-10-25 23:00:15 [1] Confirmed the "Link Alive Check". (NextTime=1970-01-01 00:00:00 Result= URL=)
2021-10-25 23:00:15 [2] Confirmed the "Link Alive Check". (NextTime=1970-01-01 00:00:00 Result= URL=)
2021-10-25 23:00:15 [3] Confirmed the "Link Alive Check". (NextTime=1970-01-01 00:00:00 Result= URL=)
2021-10-25 23:00:15 [4] Confirmed the "Link Alive Check". (NextTime=1970-01-01 00:00:00 Result= URL=)
2021-10-25 23:00:16 [5] Confirmed the "Link Alive Check". (NextTime=1970-01-01 00:00:00 Result= URL=)
2021-10-25 23:21:59 There were 284 links that passed the next "Link Alive Check" confirmation date and time.
2021-10-25 23:21:59 [1] Confirmed the "Link Alive Check". (NextTime=1970-01-01 00:00:00 Result= URL=)
2021-10-25 23:21:59 [2] Confirmed the "Link Alive Check". (NextTime=1970-01-01 00:00:00 Result= URL=)
2021-10-25 23:22:00 [3] Confirmed the "Link Alive Check". (NextTime=1970-01-01 00:00:00 Result= URL=)
2021-10-25 23:22:01 [4] Confirmed the "Link Alive Check". (NextTime=1970-01-01 00:00:00 Result= URL=)
2021-10-25 23:22:02 [5] Confirmed the "Link Alive Check". (NextTime=1970-01-01 00:00:00 Result= URL=)
2021-10-25 23:23:09 There were 6 links that passed the next "Check SNS Count" confirmation date and time.
2021-10-25 23:23:10 [1] Confirmed the "Check SNS Count". (NextTime=2021-04-15 04:30:30 URL=https://sekailab.com/wp/2013/07/29/interaction-wit-massan)
2021-10-25 23:23:10 [2] Confirmed the "Check SNS Count". (NextTime=2021-03-22 11:39:06 URL=https://www.amazon.co.jp/%E3%80%90Amazon-co-jp%E9%99%90%E5%AE%9A%E3%80%91TRUSCO-%E3%83%88%E3%83%A9%E3%82%B9%E3%82%B3-%E8%96%84%E5%9E%8B%E6%8A%98%E3%82%8A%E3%81%9F%E3%81%9F%E3%81%BF%E3%82%B3%E3%83%B3%E3%83%86%E3%83%8A-%E3%83%AD%E3%83%83%E3%82%AF%E3%83%95%E3%82%BF%E4%BB%98-TR-C50B/dp/B06WGM5851/ref=as_li_ss_il?s=diy&#038;ie=UTF8&#038;qid=1515698630&#038;sr=1-3&#038;keywords=%E6%8A%98%E3%82%8A%E3%81%9F%E3%81%9F%E3%81%BF%E3%82%B3%E3%83%B3%E3%83%86%E3%83%8A&#038;linkCode=li2&#038;tag=drunkar-22&#038;linkId=eb387d804019c9d51cacebc4e24ef7f0)
2021-10-25 23:23:10 [3] Confirmed the "Check SNS Count". (NextTime=2021-03-23 13:12:07 URL=https://sekailab.com/wp/2014/12/07/guggenheim-helsinki-image-processing/)
2021-10-25 23:23:10 [4] Confirmed the "Check SNS Count". (NextTime=2021-04-15 03:56:35 URL=https://sekailab.com/wp/2019/03/19/optuna-tensor2tensor)
2021-10-25 23:23:10 [5] Confirmed the "Check SNS Count". (NextTime=2021-04-14 17:31:53 URL=https://sekailab.com/wp/2019/03/10/execute-windows-binary-on-wsl)
2021-10-25 23:23:10 [6] Confirmed the "Check SNS Count". (NextTime=2021-03-20 14:58:34 URL=https://www.tensorflow.org/install/install_sources)
