2021-11-29 00:03:20 There were 284 links that passed the next "Link Alive Check" confirmation date and time.
2021-11-29 00:03:20 [1] Confirmed the "Link Alive Check". (NextTime=1970-01-01 00:00:00 Result= URL=)
2021-11-29 00:03:20 [2] Confirmed the "Link Alive Check". (NextTime=1970-01-01 00:00:00 Result= URL=)
2021-11-29 00:03:20 [3] Confirmed the "Link Alive Check". (NextTime=1970-01-01 00:00:00 Result= URL=)
2021-11-29 00:03:21 [4] Confirmed the "Link Alive Check". (NextTime=1970-01-01 00:00:00 Result= URL=)
2021-11-29 00:03:21 [5] Confirmed the "Link Alive Check". (NextTime=1970-01-01 00:00:00 Result= URL=)
2021-11-29 01:01:55 There were 0 links that passed the next "Check SNS Count" confirmation date and time.
2021-11-29 01:04:47 There were 284 links that passed the next "Link Alive Check" confirmation date and time.
2021-11-29 01:04:47 [1] Confirmed the "Link Alive Check". (NextTime=1970-01-01 00:00:00 Result= URL=)
2021-11-29 01:04:47 [2] Confirmed the "Link Alive Check". (NextTime=1970-01-01 00:00:00 Result= URL=)
2021-11-29 01:04:47 [3] Confirmed the "Link Alive Check". (NextTime=1970-01-01 00:00:00 Result= URL=)
2021-11-29 01:04:48 [4] Confirmed the "Link Alive Check". (NextTime=1970-01-01 00:00:00 Result= URL=)
2021-11-29 01:04:48 [5] Confirmed the "Link Alive Check". (NextTime=1970-01-01 00:00:00 Result= URL=)
2021-11-29 01:25:46 There were 0 links that passed the next "Check SNS Count" confirmation date and time.
2021-11-29 03:02:55 There were 284 links that passed the next "Link Alive Check" confirmation date and time.
2021-11-29 03:02:55 [1] Confirmed the "Link Alive Check". (NextTime=1970-01-01 00:00:00 Result= URL=)
2021-11-29 03:02:56 [2] Confirmed the "Link Alive Check". (NextTime=1970-01-01 00:00:00 Result= URL=)
2021-11-29 03:02:56 [3] Confirmed the "Link Alive Check". (NextTime=1970-01-01 00:00:00 Result= URL=)
2021-11-29 03:02:56 [4] Confirmed the "Link Alive Check". (NextTime=1970-01-01 00:00:00 Result= URL=)
2021-11-29 03:02:56 [5] Confirmed the "Link Alive Check". (NextTime=1970-01-01 00:00:00 Result= URL=)
2021-11-29 03:02:56 There were 0 links that passed the next "Check SNS Count" confirmation date and time.
2021-11-29 03:28:41 There were 0 links that passed the next "Check SNS Count" confirmation date and time.
2021-11-29 05:03:20 There were 284 links that passed the next "Link Alive Check" confirmation date and time.
2021-11-29 05:03:21 [1] Confirmed the "Link Alive Check". (NextTime=1970-01-01 00:00:00 Result= URL=)
2021-11-29 05:03:21 [2] Confirmed the "Link Alive Check". (NextTime=1970-01-01 00:00:00 Result= URL=)
2021-11-29 05:03:21 [3] Confirmed the "Link Alive Check". (NextTime=1970-01-01 00:00:00 Result= URL=)
2021-11-29 05:03:21 [4] Confirmed the "Link Alive Check". (NextTime=1970-01-01 00:00:00 Result= URL=)
2021-11-29 05:03:21 [5] Confirmed the "Link Alive Check". (NextTime=1970-01-01 00:00:00 Result= URL=)
2021-11-29 05:03:21 There were 0 links that passed the next "Check SNS Count" confirmation date and time.
2021-11-29 05:31:33 There were 0 links that passed the next "Check SNS Count" confirmation date and time.
2021-11-29 06:25:38 There were 284 links that passed the next "Link Alive Check" confirmation date and time.
2021-11-29 06:25:39 [1] Confirmed the "Link Alive Check". (NextTime=1970-01-01 00:00:00 Result= URL=)
2021-11-29 06:25:39 [2] Confirmed the "Link Alive Check". (NextTime=1970-01-01 00:00:00 Result= URL=)
2021-11-29 06:25:39 [3] Confirmed the "Link Alive Check". (NextTime=1970-01-01 00:00:00 Result= URL=)
2021-11-29 06:25:39 [4] Confirmed the "Link Alive Check". (NextTime=1970-01-01 00:00:00 Result= URL=)
2021-11-29 06:25:40 [5] Confirmed the "Link Alive Check". (NextTime=1970-01-01 00:00:00 Result= URL=)
2021-11-29 06:25:40 There were 0 links that passed the next "Check SNS Count" confirmation date and time.
2021-11-29 07:23:20 There were 0 links that passed the next "Check SNS Count" confirmation date and time.
2021-11-29 07:26:58 There were 284 links that passed the next "Link Alive Check" confirmation date and time.
2021-11-29 07:26:58 [1] Confirmed the "Link Alive Check". (NextTime=1970-01-01 00:00:00 Result= URL=)
2021-11-29 07:26:58 [2] Confirmed the "Link Alive Check". (NextTime=1970-01-01 00:00:00 Result= URL=)
2021-11-29 07:26:59 [3] Confirmed the "Link Alive Check". (NextTime=1970-01-01 00:00:00 Result= URL=)
2021-11-29 07:26:59 [4] Confirmed the "Link Alive Check". (NextTime=1970-01-01 00:00:00 Result= URL=)
2021-11-29 07:26:59 [5] Confirmed the "Link Alive Check". (NextTime=1970-01-01 00:00:00 Result= URL=)
2021-11-29 08:23:02 There were 0 links that passed the next "Check SNS Count" confirmation date and time.
2021-11-29 08:28:04 There were 284 links that passed the next "Link Alive Check" confirmation date and time.
2021-11-29 08:28:05 [1] Confirmed the "Link Alive Check". (NextTime=1970-01-01 00:00:00 Result= URL=)
2021-11-29 08:28:05 [2] Confirmed the "Link Alive Check". (NextTime=1970-01-01 00:00:00 Result= URL=)
2021-11-29 08:28:05 [3] Confirmed the "Link Alive Check". (NextTime=1970-01-01 00:00:00 Result= URL=)
2021-11-29 08:28:05 [4] Confirmed the "Link Alive Check". (NextTime=1970-01-01 00:00:00 Result= URL=)
2021-11-29 08:28:06 [5] Confirmed the "Link Alive Check". (NextTime=1970-01-01 00:00:00 Result= URL=)
2021-11-29 09:24:10 There were 0 links that passed the next "Check SNS Count" confirmation date and time.
2021-11-29 09:32:31 There were 284 links that passed the next "Link Alive Check" confirmation date and time.
2021-11-29 09:32:32 [1] Confirmed the "Link Alive Check". (NextTime=1970-01-01 00:00:00 Result= URL=)
2021-11-29 09:32:32 [2] Confirmed the "Link Alive Check". (NextTime=1970-01-01 00:00:00 Result= URL=)
2021-11-29 09:32:32 [3] Confirmed the "Link Alive Check". (NextTime=1970-01-01 00:00:00 Result= URL=)
2021-11-29 09:32:33 [4] Confirmed the "Link Alive Check". (NextTime=1970-01-01 00:00:00 Result= URL=)
2021-11-29 09:32:33 [5] Confirmed the "Link Alive Check". (NextTime=1970-01-01 00:00:00 Result= URL=)
2021-11-29 10:24:05 There were 1 links that passed the next "Check SNS Count" confirmation date and time.
2021-11-29 10:24:05 [1] Confirmed the "Check SNS Count". (NextTime=2021-03-22 10:43:45 URL=https://sekailab.com/wp/2016/07/19/python-logging/)
2021-11-29 10:33:38 There were 284 links that passed the next "Link Alive Check" confirmation date and time.
2021-11-29 10:33:38 [1] Confirmed the "Link Alive Check". (NextTime=1970-01-01 00:00:00 Result= URL=)
2021-11-29 10:33:38 [2] Confirmed the "Link Alive Check". (NextTime=1970-01-01 00:00:00 Result= URL=)
2021-11-29 10:33:39 [3] Confirmed the "Link Alive Check". (NextTime=1970-01-01 00:00:00 Result= URL=)
2021-11-29 10:33:39 [4] Confirmed the "Link Alive Check". (NextTime=1970-01-01 00:00:00 Result= URL=)
2021-11-29 10:33:39 [5] Confirmed the "Link Alive Check". (NextTime=1970-01-01 00:00:00 Result= URL=)
2021-11-29 11:24:28 There were 0 links that passed the next "Check SNS Count" confirmation date and time.
2021-11-29 11:28:52 There were 0 links that passed the next "Check SNS Count" confirmation date and time.
2021-11-29 11:36:40 There were 284 links that passed the next "Link Alive Check" confirmation date and time.
2021-11-29 11:36:40 [1] Confirmed the "Link Alive Check". (NextTime=1970-01-01 00:00:00 Result= URL=)
2021-11-29 11:36:40 [2] Confirmed the "Link Alive Check". (NextTime=1970-01-01 00:00:00 Result= URL=)
2021-11-29 11:36:40 [3] Confirmed the "Link Alive Check". (NextTime=1970-01-01 00:00:00 Result= URL=)
2021-11-29 11:36:41 [4] Confirmed the "Link Alive Check". (NextTime=1970-01-01 00:00:00 Result= URL=)
2021-11-29 11:36:41 [5] Confirmed the "Link Alive Check". (NextTime=1970-01-01 00:00:00 Result= URL=)
2021-11-29 12:23:04 There were 0 links that passed the next "Check SNS Count" confirmation date and time.
2021-11-29 12:37:14 There were 284 links that passed the next "Link Alive Check" confirmation date and time.
2021-11-29 12:37:14 [1] Confirmed the "Link Alive Check". (NextTime=1970-01-01 00:00:00 Result= URL=)
2021-11-29 12:37:14 [2] Confirmed the "Link Alive Check". (NextTime=1970-01-01 00:00:00 Result= URL=)
2021-11-29 12:37:14 [3] Confirmed the "Link Alive Check". (NextTime=1970-01-01 00:00:00 Result= URL=)
2021-11-29 12:37:15 [4] Confirmed the "Link Alive Check". (NextTime=1970-01-01 00:00:00 Result= URL=)
2021-11-29 12:37:15 [5] Confirmed the "Link Alive Check". (NextTime=1970-01-01 00:00:00 Result= URL=)
2021-11-29 13:25:03 There were 0 links that passed the next "Check SNS Count" confirmation date and time.
2021-11-29 13:37:29 There were 284 links that passed the next "Link Alive Check" confirmation date and time.
2021-11-29 13:37:29 [1] Confirmed the "Link Alive Check". (NextTime=1970-01-01 00:00:00 Result= URL=)
2021-11-29 13:37:30 [2] Confirmed the "Link Alive Check". (NextTime=1970-01-01 00:00:00 Result= URL=)
2021-11-29 13:37:30 [3] Confirmed the "Link Alive Check". (NextTime=1970-01-01 00:00:00 Result= URL=)
2021-11-29 13:37:30 [4] Confirmed the "Link Alive Check". (NextTime=1970-01-01 00:00:00 Result= URL=)
2021-11-29 13:37:30 [5] Confirmed the "Link Alive Check". (NextTime=1970-01-01 00:00:00 Result= URL=)
2021-11-29 14:23:29 There were 0 links that passed the next "Check SNS Count" confirmation date and time.
2021-11-29 14:37:42 There were 284 links that passed the next "Link Alive Check" confirmation date and time.
2021-11-29 14:37:43 [1] Confirmed the "Link Alive Check". (NextTime=1970-01-01 00:00:00 Result= URL=)
2021-11-29 14:37:43 [2] Confirmed the "Link Alive Check". (NextTime=1970-01-01 00:00:00 Result= URL=)
2021-11-29 14:37:43 [3] Confirmed the "Link Alive Check". (NextTime=1970-01-01 00:00:00 Result= URL=)
2021-11-29 14:37:43 [4] Confirmed the "Link Alive Check". (NextTime=1970-01-01 00:00:00 Result= URL=)
2021-11-29 14:37:44 [5] Confirmed the "Link Alive Check". (NextTime=1970-01-01 00:00:00 Result= URL=)
2021-11-29 15:23:20 There were 0 links that passed the next "Check SNS Count" confirmation date and time.
2021-11-29 15:37:55 There were 284 links that passed the next "Link Alive Check" confirmation date and time.
2021-11-29 15:37:56 [1] Confirmed the "Link Alive Check". (NextTime=1970-01-01 00:00:00 Result= URL=)
2021-11-29 15:37:56 [2] Confirmed the "Link Alive Check". (NextTime=1970-01-01 00:00:00 Result= URL=)
2021-11-29 15:37:56 [3] Confirmed the "Link Alive Check". (NextTime=1970-01-01 00:00:00 Result= URL=)
2021-11-29 15:37:56 [4] Confirmed the "Link Alive Check". (NextTime=1970-01-01 00:00:00 Result= URL=)
2021-11-29 15:37:56 [5] Confirmed the "Link Alive Check". (NextTime=1970-01-01 00:00:00 Result= URL=)
2021-11-29 15:52:59 There were 284 links that passed the next "Link Alive Check" confirmation date and time.
2021-11-29 15:53:00 [1] Confirmed the "Link Alive Check". (NextTime=1970-01-01 00:00:00 Result= URL=)
2021-11-29 15:53:00 [2] Confirmed the "Link Alive Check". (NextTime=1970-01-01 00:00:00 Result= URL=)
2021-11-29 15:53:00 [3] Confirmed the "Link Alive Check". (NextTime=1970-01-01 00:00:00 Result= URL=)
2021-11-29 15:53:00 [4] Confirmed the "Link Alive Check". (NextTime=1970-01-01 00:00:00 Result= URL=)
2021-11-29 15:53:01 [5] Confirmed the "Link Alive Check". (NextTime=1970-01-01 00:00:00 Result= URL=)
2021-11-29 16:23:32 There were 0 links that passed the next "Check SNS Count" confirmation date and time.
2021-11-29 16:37:58 There were 284 links that passed the next "Link Alive Check" confirmation date and time.
2021-11-29 16:37:58 [1] Confirmed the "Link Alive Check". (NextTime=1970-01-01 00:00:00 Result= URL=)
2021-11-29 16:37:59 [2] Confirmed the "Link Alive Check". (NextTime=1970-01-01 00:00:00 Result= URL=)
2021-11-29 16:37:59 [3] Confirmed the "Link Alive Check". (NextTime=1970-01-01 00:00:00 Result= URL=)
2021-11-29 16:37:59 [4] Confirmed the "Link Alive Check". (NextTime=1970-01-01 00:00:00 Result= URL=)
2021-11-29 16:37:59 [5] Confirmed the "Link Alive Check". (NextTime=1970-01-01 00:00:00 Result= URL=)
2021-11-29 16:53:07 There were 284 links that passed the next "Link Alive Check" confirmation date and time.
2021-11-29 16:53:07 [1] Confirmed the "Link Alive Check". (NextTime=1970-01-01 00:00:00 Result= URL=)
2021-11-29 16:53:08 [2] Confirmed the "Link Alive Check". (NextTime=1970-01-01 00:00:00 Result= URL=)
2021-11-29 16:53:08 [3] Confirmed the "Link Alive Check". (NextTime=1970-01-01 00:00:00 Result= URL=)
2021-11-29 16:53:08 [4] Confirmed the "Link Alive Check". (NextTime=1970-01-01 00:00:00 Result= URL=)
2021-11-29 16:53:08 [5] Confirmed the "Link Alive Check". (NextTime=1970-01-01 00:00:00 Result= URL=)
2021-11-29 17:25:00 There were 0 links that passed the next "Check SNS Count" confirmation date and time.
2021-11-29 17:41:55 There were 284 links that passed the next "Link Alive Check" confirmation date and time.
2021-11-29 17:41:55 [1] Confirmed the "Link Alive Check". (NextTime=1970-01-01 00:00:00 Result= URL=)
2021-11-29 17:41:55 [2] Confirmed the "Link Alive Check". (NextTime=1970-01-01 00:00:00 Result= URL=)
2021-11-29 17:41:56 [3] Confirmed the "Link Alive Check". (NextTime=1970-01-01 00:00:00 Result= URL=)
2021-11-29 17:41:56 [4] Confirmed the "Link Alive Check". (NextTime=1970-01-01 00:00:00 Result= URL=)
2021-11-29 17:41:56 [5] Confirmed the "Link Alive Check". (NextTime=1970-01-01 00:00:00 Result= URL=)
2021-11-29 17:53:12 There were 284 links that passed the next "Link Alive Check" confirmation date and time.
2021-11-29 17:53:12 [1] Confirmed the "Link Alive Check". (NextTime=1970-01-01 00:00:00 Result= URL=)
2021-11-29 17:53:12 [2] Confirmed the "Link Alive Check". (NextTime=1970-01-01 00:00:00 Result= URL=)
2021-11-29 17:53:12 [3] Confirmed the "Link Alive Check". (NextTime=1970-01-01 00:00:00 Result= URL=)
2021-11-29 17:53:12 [4] Confirmed the "Link Alive Check". (NextTime=1970-01-01 00:00:00 Result= URL=)
2021-11-29 17:53:13 [5] Confirmed the "Link Alive Check". (NextTime=1970-01-01 00:00:00 Result= URL=)
2021-11-29 18:24:20 There were 0 links that passed the next "Check SNS Count" confirmation date and time.
2021-11-29 18:42:17 There were 284 links that passed the next "Link Alive Check" confirmation date and time.
2021-11-29 18:42:17 [1] Confirmed the "Link Alive Check". (NextTime=1970-01-01 00:00:00 Result= URL=)
2021-11-29 18:42:17 [2] Confirmed the "Link Alive Check". (NextTime=1970-01-01 00:00:00 Result= URL=)
2021-11-29 18:42:17 [3] Confirmed the "Link Alive Check". (NextTime=1970-01-01 00:00:00 Result= URL=)
2021-11-29 18:42:18 [4] Confirmed the "Link Alive Check". (NextTime=1970-01-01 00:00:00 Result= URL=)
2021-11-29 18:42:18 [5] Confirmed the "Link Alive Check". (NextTime=1970-01-01 00:00:00 Result= URL=)
2021-11-29 18:55:38 There were 284 links that passed the next "Link Alive Check" confirmation date and time.
2021-11-29 18:55:38 [1] Confirmed the "Link Alive Check". (NextTime=1970-01-01 00:00:00 Result= URL=)
2021-11-29 18:55:38 [2] Confirmed the "Link Alive Check". (NextTime=1970-01-01 00:00:00 Result= URL=)
2021-11-29 18:55:39 [3] Confirmed the "Link Alive Check". (NextTime=1970-01-01 00:00:00 Result= URL=)
2021-11-29 18:55:39 [4] Confirmed the "Link Alive Check". (NextTime=1970-01-01 00:00:00 Result= URL=)
2021-11-29 18:55:39 [5] Confirmed the "Link Alive Check". (NextTime=1970-01-01 00:00:00 Result= URL=)
2021-11-29 19:24:28 There were 0 links that passed the next "Check SNS Count" confirmation date and time.
2021-11-29 19:42:18 There were 284 links that passed the next "Link Alive Check" confirmation date and time.
2021-11-29 19:42:18 [1] Confirmed the "Link Alive Check". (NextTime=1970-01-01 00:00:00 Result= URL=)
2021-11-29 19:42:19 [2] Confirmed the "Link Alive Check". (NextTime=1970-01-01 00:00:00 Result= URL=)
2021-11-29 19:42:19 [3] Confirmed the "Link Alive Check". (NextTime=1970-01-01 00:00:00 Result= URL=)
2021-11-29 19:42:19 [4] Confirmed the "Link Alive Check". (NextTime=1970-01-01 00:00:00 Result= URL=)
2021-11-29 19:42:19 [5] Confirmed the "Link Alive Check". (NextTime=1970-01-01 00:00:00 Result= URL=)
2021-11-29 19:56:19 There were 284 links that passed the next "Link Alive Check" confirmation date and time.
2021-11-29 19:56:19 [1] Confirmed the "Link Alive Check". (NextTime=1970-01-01 00:00:00 Result= URL=)
2021-11-29 19:56:20 [2] Confirmed the "Link Alive Check". (NextTime=1970-01-01 00:00:00 Result= URL=)
2021-11-29 19:56:20 [3] Confirmed the "Link Alive Check". (NextTime=1970-01-01 00:00:00 Result= URL=)
2021-11-29 19:56:20 [4] Confirmed the "Link Alive Check". (NextTime=1970-01-01 00:00:00 Result= URL=)
2021-11-29 19:56:20 [5] Confirmed the "Link Alive Check". (NextTime=1970-01-01 00:00:00 Result= URL=)
2021-11-29 20:26:05 There were 0 links that passed the next "Check SNS Count" confirmation date and time.
2021-11-29 20:42:35 There were 284 links that passed the next "Link Alive Check" confirmation date and time.
2021-11-29 20:42:35 [1] Confirmed the "Link Alive Check". (NextTime=1970-01-01 00:00:00 Result= URL=)
2021-11-29 20:42:35 [2] Confirmed the "Link Alive Check". (NextTime=1970-01-01 00:00:00 Result= URL=)
2021-11-29 20:42:36 [3] Confirmed the "Link Alive Check". (NextTime=1970-01-01 00:00:00 Result= URL=)
2021-11-29 20:42:36 [4] Confirmed the "Link Alive Check". (NextTime=1970-01-01 00:00:00 Result= URL=)
2021-11-29 20:42:36 [5] Confirmed the "Link Alive Check". (NextTime=1970-01-01 00:00:00 Result= URL=)
2021-11-29 20:57:07 There were 284 links that passed the next "Link Alive Check" confirmation date and time.
2021-11-29 20:57:07 [1] Confirmed the "Link Alive Check". (NextTime=1970-01-01 00:00:00 Result= URL=)
2021-11-29 20:57:08 [2] Confirmed the "Link Alive Check". (NextTime=1970-01-01 00:00:00 Result= URL=)
2021-11-29 20:57:08 [3] Confirmed the "Link Alive Check". (NextTime=1970-01-01 00:00:00 Result= URL=)
2021-11-29 20:57:08 [4] Confirmed the "Link Alive Check". (NextTime=1970-01-01 00:00:00 Result= URL=)
2021-11-29 20:57:08 [5] Confirmed the "Link Alive Check". (NextTime=1970-01-01 00:00:00 Result= URL=)
2021-11-29 21:26:36 There were 1 links that passed the next "Check SNS Count" confirmation date and time.
2021-11-29 21:26:36 [1] Confirmed the "Check SNS Count". (NextTime=2021-03-26 03:29:39 URL=https://www.amazon.co.jp/aceyoon-%E3%82%BF%E3%83%96%E3%83%AC%E3%83%83%E3%83%88%E3%82%B9%E3%82%BF%E3%83%B3%E3%83%89-4-13%E3%82%A4%E3%83%B3%E3%83%81-%E3%82%B9%E3%83%9E%E3%83%9B%E3%82%B9%E3%82%BF%E3%83%B3%E3%83%89-%E3%82%BF%E3%83%96%E3%83%AC%E3%83%83%E3%83%88%E3%81%AB%E5%AF%BE%E5%BF%9C/dp/B07GZJPW7D/ref=as_li_ss_il?_encoding=UTF8&#038;pd_rd_i=B07GZJPW7D&#038;pd_rd_r=69ac8820-a8ba-4bfe-9fd4-48a8068f1240&#038;pd_rd_w=2EwEV&#038;pd_rd_wg=bOs7O&#038;pf_rd_p=587b16be-0f5e-4017-ba4e-8771a0be2909&#038;pf_rd_r=JEZEJVFX37T038S9MCT6&#038;psc=1&#038;refRID=JEZEJVFX37T038S9MCT6&#038;linkCode=li2&#038;tag=drunkar-22&#038;linkId=529300a58525bc616e80a33d50eb1446&#038;language=ja_JP)
2021-11-29 21:42:54 There were 284 links that passed the next "Link Alive Check" confirmation date and time.
2021-11-29 21:42:55 [1] Confirmed the "Link Alive Check". (NextTime=1970-01-01 00:00:00 Result= URL=)
2021-11-29 21:42:55 [2] Confirmed the "Link Alive Check". (NextTime=1970-01-01 00:00:00 Result= URL=)
2021-11-29 21:42:55 [3] Confirmed the "Link Alive Check". (NextTime=1970-01-01 00:00:00 Result= URL=)
2021-11-29 21:42:55 [4] Confirmed the "Link Alive Check". (NextTime=1970-01-01 00:00:00 Result= URL=)
2021-11-29 21:42:56 [5] Confirmed the "Link Alive Check". (NextTime=1970-01-01 00:00:00 Result= URL=)
2021-11-29 21:57:29 There were 284 links that passed the next "Link Alive Check" confirmation date and time.
2021-11-29 21:57:29 [1] Confirmed the "Link Alive Check". (NextTime=1970-01-01 00:00:00 Result= URL=)
2021-11-29 21:57:29 [2] Confirmed the "Link Alive Check". (NextTime=1970-01-01 00:00:00 Result= URL=)
2021-11-29 21:57:30 [3] Confirmed the "Link Alive Check". (NextTime=1970-01-01 00:00:00 Result= URL=)
2021-11-29 21:57:30 [4] Confirmed the "Link Alive Check". (NextTime=1970-01-01 00:00:00 Result= URL=)
2021-11-29 21:57:30 [5] Confirmed the "Link Alive Check". (NextTime=1970-01-01 00:00:00 Result= URL=)
2021-11-29 22:23:04 There were 1 links that passed the next "Check SNS Count" confirmation date and time.
2021-11-29 22:23:05 [1] Confirmed the "Check SNS Count". (NextTime=2021-04-15 12:55:42 URL=https://ja.aliexpress.com/item/Wholesale-camera-flash-bracket-L-bracket-bilateral-frame-twin-double-L-bracket-L-bracket/32323286127.html)
2021-11-29 22:43:47 There were 284 links that passed the next "Link Alive Check" confirmation date and time.
2021-11-29 22:43:48 [1] Confirmed the "Link Alive Check". (NextTime=1970-01-01 00:00:00 Result= URL=)
2021-11-29 22:43:48 [2] Confirmed the "Link Alive Check". (NextTime=1970-01-01 00:00:00 Result= URL=)
2021-11-29 22:43:48 [3] Confirmed the "Link Alive Check". (NextTime=1970-01-01 00:00:00 Result= URL=)
2021-11-29 22:43:49 [4] Confirmed the "Link Alive Check". (NextTime=1970-01-01 00:00:00 Result= URL=)
2021-11-29 22:43:49 [5] Confirmed the "Link Alive Check". (NextTime=1970-01-01 00:00:00 Result= URL=)
2021-11-29 22:57:39 There were 284 links that passed the next "Link Alive Check" confirmation date and time.
2021-11-29 22:57:39 [1] Confirmed the "Link Alive Check". (NextTime=1970-01-01 00:00:00 Result= URL=)
2021-11-29 22:57:39 [2] Confirmed the "Link Alive Check". (NextTime=1970-01-01 00:00:00 Result= URL=)
2021-11-29 22:57:40 [3] Confirmed the "Link Alive Check". (NextTime=1970-01-01 00:00:00 Result= URL=)
2021-11-29 22:57:40 [4] Confirmed the "Link Alive Check". (NextTime=1970-01-01 00:00:00 Result= URL=)
2021-11-29 22:57:40 [5] Confirmed the "Link Alive Check". (NextTime=1970-01-01 00:00:00 Result= URL=)
2021-11-29 23:25:24 There were 0 links that passed the next "Check SNS Count" confirmation date and time.
2021-11-29 23:44:56 There were 284 links that passed the next "Link Alive Check" confirmation date and time.
2021-11-29 23:44:56 [1] Confirmed the "Link Alive Check". (NextTime=1970-01-01 00:00:00 Result= URL=)
2021-11-29 23:44:56 [2] Confirmed the "Link Alive Check". (NextTime=1970-01-01 00:00:00 Result= URL=)
2021-11-29 23:44:57 [3] Confirmed the "Link Alive Check". (NextTime=1970-01-01 00:00:00 Result= URL=)
2021-11-29 23:44:57 [4] Confirmed the "Link Alive Check". (NextTime=1970-01-01 00:00:00 Result= URL=)
2021-11-29 23:44:57 [5] Confirmed the "Link Alive Check". (NextTime=1970-01-01 00:00:00 Result= URL=)
2021-11-29 23:57:59 There were 284 links that passed the next "Link Alive Check" confirmation date and time.
2021-11-29 23:57:59 [1] Confirmed the "Link Alive Check". (NextTime=1970-01-01 00:00:00 Result= URL=)
2021-11-29 23:57:59 [2] Confirmed the "Link Alive Check". (NextTime=1970-01-01 00:00:00 Result= URL=)
2021-11-29 23:57:59 [3] Confirmed the "Link Alive Check". (NextTime=1970-01-01 00:00:00 Result= URL=)
2021-11-29 23:58:00 [4] Confirmed the "Link Alive Check". (NextTime=1970-01-01 00:00:00 Result= URL=)
2021-11-29 23:58:00 [5] Confirmed the "Link Alive Check". (NextTime=1970-01-01 00:00:00 Result= URL=)
