2023-06-24 00:00:30 There were 284 links that passed the next "Link Alive Check" confirmation date and time.
2023-06-24 00:00:31 [1] Confirmed the "Link Alive Check". (NextTime=1970-01-01 00:00:00 Result= URL=)
2023-06-24 00:00:31 [2] Confirmed the "Link Alive Check". (NextTime=1970-01-01 00:00:00 Result= URL=)
2023-06-24 00:00:31 [3] Confirmed the "Link Alive Check". (NextTime=1970-01-01 00:00:00 Result= URL=)
2023-06-24 00:00:31 [4] Confirmed the "Link Alive Check". (NextTime=1970-01-01 00:00:00 Result= URL=)
2023-06-24 00:00:32 [5] Confirmed the "Link Alive Check". (NextTime=1970-01-01 00:00:00 Result= URL=)
2023-06-24 00:20:33 There were 284 links that passed the next "Link Alive Check" confirmation date and time.
2023-06-24 00:20:33 [1] Confirmed the "Link Alive Check". (NextTime=1970-01-01 00:00:00 Result= URL=)
2023-06-24 00:20:33 [2] Confirmed the "Link Alive Check". (NextTime=1970-01-01 00:00:00 Result= URL=)
2023-06-24 00:20:34 [3] Confirmed the "Link Alive Check". (NextTime=1970-01-01 00:00:00 Result= URL=)
2023-06-24 00:20:34 [4] Confirmed the "Link Alive Check". (NextTime=1970-01-01 00:00:00 Result= URL=)
2023-06-24 00:20:34 [5] Confirmed the "Link Alive Check". (NextTime=1970-01-01 00:00:00 Result= URL=)
2023-06-24 00:25:12 There were 3 links that passed the next "Check SNS Count" confirmation date and time.
2023-06-24 00:25:13 [1] Confirmed the "Check SNS Count". (NextTime=2021-04-14 19:41:24 URL=https://sekailab.com/wp/2018/08/27/review-waterproof-bluetooth-earphone)
2023-06-24 00:25:13 [2] Confirmed the "Check SNS Count". (NextTime=2021-03-20 16:04:00 URL=https://sekailab.com/wp/2018/11/15/build-1755-mhz-oc-rtx-20180-ti-pc-in-280000-jpy/)
2023-06-24 00:25:13 [3] Confirmed the "Check SNS Count". (NextTime=2021-04-13 14:45:55 URL=https://github.com/Drunkar/docker-alpine-hubot)
2023-06-24 00:47:15 There were 284 links that passed the next "Link Alive Check" confirmation date and time.
2023-06-24 00:47:16 [1] Confirmed the "Link Alive Check". (NextTime=1970-01-01 00:00:00 Result= URL=)
2023-06-24 00:47:16 [2] Confirmed the "Link Alive Check". (NextTime=1970-01-01 00:00:00 Result= URL=)
2023-06-24 00:47:16 [3] Confirmed the "Link Alive Check". (NextTime=1970-01-01 00:00:00 Result= URL=)
2023-06-24 00:47:16 [4] Confirmed the "Link Alive Check". (NextTime=1970-01-01 00:00:00 Result= URL=)
2023-06-24 00:47:16 [5] Confirmed the "Link Alive Check". (NextTime=1970-01-01 00:00:00 Result= URL=)
2023-06-24 01:00:35 There were 284 links that passed the next "Link Alive Check" confirmation date and time.
2023-06-24 01:00:35 [1] Confirmed the "Link Alive Check". (NextTime=1970-01-01 00:00:00 Result= URL=)
2023-06-24 01:00:35 [2] Confirmed the "Link Alive Check". (NextTime=1970-01-01 00:00:00 Result= URL=)
2023-06-24 01:00:36 [3] Confirmed the "Link Alive Check". (NextTime=1970-01-01 00:00:00 Result= URL=)
2023-06-24 01:00:36 [4] Confirmed the "Link Alive Check". (NextTime=1970-01-01 00:00:00 Result= URL=)
2023-06-24 01:00:36 [5] Confirmed the "Link Alive Check". (NextTime=1970-01-01 00:00:00 Result= URL=)
2023-06-24 01:20:35 There were 284 links that passed the next "Link Alive Check" confirmation date and time.
2023-06-24 01:20:36 [1] Confirmed the "Link Alive Check". (NextTime=1970-01-01 00:00:00 Result= URL=)
2023-06-24 01:20:36 [2] Confirmed the "Link Alive Check". (NextTime=1970-01-01 00:00:00 Result= URL=)
2023-06-24 01:20:36 [3] Confirmed the "Link Alive Check". (NextTime=1970-01-01 00:00:00 Result= URL=)
2023-06-24 01:20:36 [4] Confirmed the "Link Alive Check". (NextTime=1970-01-01 00:00:00 Result= URL=)
2023-06-24 01:20:36 [5] Confirmed the "Link Alive Check". (NextTime=1970-01-01 00:00:00 Result= URL=)
2023-06-24 01:23:36 There were 1 links that passed the next "Check SNS Count" confirmation date and time.
2023-06-24 01:23:36 [1] Confirmed the "Check SNS Count". (NextTime=2021-03-21 03:12:44 URL=https://www.amazon.co.jp/%E3%82%A8%E3%83%AC%E3%82%B3%E3%83%A0-150Mbps-2-4GHz%E5%B0%82%E7%94%A8-%E3%82%B3%E3%83%B3%E3%83%91%E3%82%AF%E3%83%88%E3%83%A2%E3%83%87%E3%83%AB-WDC-150SU2MBK/dp/B00JTSF7DY/ref=as_li_ss_il?ie=UTF8&#038;linkCode=li2&#038;tag=drunkar-22&#038;linkId=68e85a82df1130f6e44bb9e226d4dce6&#038;language=ja_JP)
2023-06-24 01:48:10 There were 284 links that passed the next "Link Alive Check" confirmation date and time.
2023-06-24 01:48:11 [1] Confirmed the "Link Alive Check". (NextTime=1970-01-01 00:00:00 Result= URL=)
2023-06-24 01:48:11 [2] Confirmed the "Link Alive Check". (NextTime=1970-01-01 00:00:00 Result= URL=)
2023-06-24 01:48:11 [3] Confirmed the "Link Alive Check". (NextTime=1970-01-01 00:00:00 Result= URL=)
2023-06-24 01:48:11 [4] Confirmed the "Link Alive Check". (NextTime=1970-01-01 00:00:00 Result= URL=)
2023-06-24 01:48:11 [5] Confirmed the "Link Alive Check". (NextTime=1970-01-01 00:00:00 Result= URL=)
2023-06-24 02:02:04 There were 284 links that passed the next "Link Alive Check" confirmation date and time.
2023-06-24 02:02:05 [1] Confirmed the "Link Alive Check". (NextTime=1970-01-01 00:00:00 Result= URL=)
2023-06-24 02:02:05 [2] Confirmed the "Link Alive Check". (NextTime=1970-01-01 00:00:00 Result= URL=)
2023-06-24 02:02:05 [3] Confirmed the "Link Alive Check". (NextTime=1970-01-01 00:00:00 Result= URL=)
2023-06-24 02:02:05 [4] Confirmed the "Link Alive Check". (NextTime=1970-01-01 00:00:00 Result= URL=)
2023-06-24 02:02:05 [5] Confirmed the "Link Alive Check". (NextTime=1970-01-01 00:00:00 Result= URL=)
2023-06-24 02:21:39 There were 284 links that passed the next "Link Alive Check" confirmation date and time.
2023-06-24 02:21:39 [1] Confirmed the "Link Alive Check". (NextTime=1970-01-01 00:00:00 Result= URL=)
2023-06-24 02:21:39 [2] Confirmed the "Link Alive Check". (NextTime=1970-01-01 00:00:00 Result= URL=)
2023-06-24 02:21:40 [3] Confirmed the "Link Alive Check". (NextTime=1970-01-01 00:00:00 Result= URL=)
2023-06-24 02:21:40 [4] Confirmed the "Link Alive Check". (NextTime=1970-01-01 00:00:00 Result= URL=)
2023-06-24 02:21:40 [5] Confirmed the "Link Alive Check". (NextTime=1970-01-01 00:00:00 Result= URL=)
2023-06-24 02:23:54 There were 1 links that passed the next "Check SNS Count" confirmation date and time.
2023-06-24 02:23:54 [1] Confirmed the "Check SNS Count". (NextTime=2021-04-14 22:33:14 URL=https://www.amazon.co.jp/Gold-Standard-100-%E3%82%A8%E3%82%AF%E3%82%B9%E3%83%88%E3%83%AA%E3%83%BC%E3%83%A0%E3%83%81%E3%83%A7%E3%82%B3%E3%83%AC%E3%83%BC%E3%83%88-2-27kg/dp/B01L1NX32Q/ref=as_li_ss_il?ie=UTF8&#038;qid=1483631295&#038;sr=8-2&#038;keywords=Gold+Standard+100%&#038;linkCode=li2&#038;tag=drunkar-22&#038;linkId=1e8286abc92678776dfd2dfeef1b05e3)
2023-06-24 02:48:21 There were 284 links that passed the next "Link Alive Check" confirmation date and time.
2023-06-24 02:48:21 [1] Confirmed the "Link Alive Check". (NextTime=1970-01-01 00:00:00 Result= URL=)
2023-06-24 02:48:21 [2] Confirmed the "Link Alive Check". (NextTime=1970-01-01 00:00:00 Result= URL=)
2023-06-24 02:48:22 [3] Confirmed the "Link Alive Check". (NextTime=1970-01-01 00:00:00 Result= URL=)
2023-06-24 02:48:22 [4] Confirmed the "Link Alive Check". (NextTime=1970-01-01 00:00:00 Result= URL=)
2023-06-24 02:48:22 [5] Confirmed the "Link Alive Check". (NextTime=1970-01-01 00:00:00 Result= URL=)
2023-06-24 03:09:17 There were 284 links that passed the next "Link Alive Check" confirmation date and time.
2023-06-24 03:09:17 [1] Confirmed the "Link Alive Check". (NextTime=1970-01-01 00:00:00 Result= URL=)
2023-06-24 03:09:17 [2] Confirmed the "Link Alive Check". (NextTime=1970-01-01 00:00:00 Result= URL=)
2023-06-24 03:09:18 [3] Confirmed the "Link Alive Check". (NextTime=1970-01-01 00:00:00 Result= URL=)
2023-06-24 03:09:18 [4] Confirmed the "Link Alive Check". (NextTime=1970-01-01 00:00:00 Result= URL=)
2023-06-24 03:09:18 [5] Confirmed the "Link Alive Check". (NextTime=1970-01-01 00:00:00 Result= URL=)
2023-06-24 03:23:47 There were 284 links that passed the next "Link Alive Check" confirmation date and time.
2023-06-24 03:23:48 [1] Confirmed the "Link Alive Check". (NextTime=1970-01-01 00:00:00 Result= URL=)
2023-06-24 03:23:48 [2] Confirmed the "Link Alive Check". (NextTime=1970-01-01 00:00:00 Result= URL=)
2023-06-24 03:23:48 [3] Confirmed the "Link Alive Check". (NextTime=1970-01-01 00:00:00 Result= URL=)
2023-06-24 03:23:48 [4] Confirmed the "Link Alive Check". (NextTime=1970-01-01 00:00:00 Result= URL=)
2023-06-24 03:23:48 [5] Confirmed the "Link Alive Check". (NextTime=1970-01-01 00:00:00 Result= URL=)
2023-06-24 03:23:48 There were 0 links that passed the next "Check SNS Count" confirmation date and time.
2023-06-24 03:48:36 There were 284 links that passed the next "Link Alive Check" confirmation date and time.
2023-06-24 03:48:36 [1] Confirmed the "Link Alive Check". (NextTime=1970-01-01 00:00:00 Result= URL=)
2023-06-24 03:48:36 [2] Confirmed the "Link Alive Check". (NextTime=1970-01-01 00:00:00 Result= URL=)
2023-06-24 03:48:36 [3] Confirmed the "Link Alive Check". (NextTime=1970-01-01 00:00:00 Result= URL=)
2023-06-24 03:48:37 [4] Confirmed the "Link Alive Check". (NextTime=1970-01-01 00:00:00 Result= URL=)
2023-06-24 03:48:37 [5] Confirmed the "Link Alive Check". (NextTime=1970-01-01 00:00:00 Result= URL=)
2023-06-24 04:13:14 There were 284 links that passed the next "Link Alive Check" confirmation date and time.
2023-06-24 04:13:14 [1] Confirmed the "Link Alive Check". (NextTime=1970-01-01 00:00:00 Result= URL=)
2023-06-24 04:13:15 [2] Confirmed the "Link Alive Check". (NextTime=1970-01-01 00:00:00 Result= URL=)
2023-06-24 04:13:15 [3] Confirmed the "Link Alive Check". (NextTime=1970-01-01 00:00:00 Result= URL=)
2023-06-24 04:13:15 [4] Confirmed the "Link Alive Check". (NextTime=1970-01-01 00:00:00 Result= URL=)
2023-06-24 04:13:15 [5] Confirmed the "Link Alive Check". (NextTime=1970-01-01 00:00:00 Result= URL=)
2023-06-24 04:25:32 There were 2 links that passed the next "Check SNS Count" confirmation date and time.
2023-06-24 04:25:33 [1] Confirmed the "Check SNS Count". (NextTime=2021-04-18 06:24:07 URL=https://www.amazon.co.jp/%E3%82%B7%E3%83%AA%E3%82%B3%E3%83%B3%E3%83%90%E3%83%AC%E3%83%BC%E5%BC%8F-%E8%87%AA%E5%88%86%E3%82%92%E5%A4%89%E3%81%88%E3%82%8B%E6%9C%80%E5%BC%B7%E3%81%AE%E9%A3%9F%E4%BA%8B-%E3%83%87%E3%82%A4%E3%83%B4%E3%83%BB%E3%82%A2%E3%82%B9%E3%83%97%E3%83%AA%E3%83%BC-ebook/dp/B015S5545W/ref=as_li_ss_il?_encoding=UTF8&#038;qid=1585582879&#038;sr=8-1&#038;linkCode=li2&#038;tag=drunkar-22&#038;linkId=fb2fbcce469bf88077c26ea066860d62)
2023-06-24 04:25:33 [2] Confirmed the "Check SNS Count". (NextTime=2021-04-06 07:43:26 URL=https://www.thingiverse.com/thing:2256659)
2023-06-24 04:25:33 There were 284 links that passed the next "Link Alive Check" confirmation date and time.
2023-06-24 04:25:33 [1] Confirmed the "Link Alive Check". (NextTime=1970-01-01 00:00:00 Result= URL=)
2023-06-24 04:25:33 [2] Confirmed the "Link Alive Check". (NextTime=1970-01-01 00:00:00 Result= URL=)
2023-06-24 04:25:34 [3] Confirmed the "Link Alive Check". (NextTime=1970-01-01 00:00:00 Result= URL=)
2023-06-24 04:25:34 [4] Confirmed the "Link Alive Check". (NextTime=1970-01-01 00:00:00 Result= URL=)
2023-06-24 04:25:34 [5] Confirmed the "Link Alive Check". (NextTime=1970-01-01 00:00:00 Result= URL=)
2023-06-24 04:51:14 There were 284 links that passed the next "Link Alive Check" confirmation date and time.
2023-06-24 04:51:14 [1] Confirmed the "Link Alive Check". (NextTime=1970-01-01 00:00:00 Result= URL=)
2023-06-24 04:51:15 [2] Confirmed the "Link Alive Check". (NextTime=1970-01-01 00:00:00 Result= URL=)
2023-06-24 04:51:15 [3] Confirmed the "Link Alive Check". (NextTime=1970-01-01 00:00:00 Result= URL=)
2023-06-24 04:51:15 [4] Confirmed the "Link Alive Check". (NextTime=1970-01-01 00:00:00 Result= URL=)
2023-06-24 04:51:15 [5] Confirmed the "Link Alive Check". (NextTime=1970-01-01 00:00:00 Result= URL=)
2023-06-24 05:15:00 There were 284 links that passed the next "Link Alive Check" confirmation date and time.
2023-06-24 05:15:01 [1] Confirmed the "Link Alive Check". (NextTime=1970-01-01 00:00:00 Result= URL=)
2023-06-24 05:15:01 [2] Confirmed the "Link Alive Check". (NextTime=1970-01-01 00:00:00 Result= URL=)
2023-06-24 05:15:01 [3] Confirmed the "Link Alive Check". (NextTime=1970-01-01 00:00:00 Result= URL=)
2023-06-24 05:15:01 [4] Confirmed the "Link Alive Check". (NextTime=1970-01-01 00:00:00 Result= URL=)
2023-06-24 05:15:02 [5] Confirmed the "Link Alive Check". (NextTime=1970-01-01 00:00:00 Result= URL=)
2023-06-24 05:23:19 There were 1 links that passed the next "Check SNS Count" confirmation date and time.
2023-06-24 05:23:19 [1] Confirmed the "Check SNS Count". (NextTime=2021-03-22 08:07:22 URL=https://www.amazon.co.jp/gp/product/B001D2Z2S4/ref=as_li_ss_il?ie=UTF8&#038;psc=1&#038;linkCode=li2&#038;tag=drunkar-22&#038;linkId=c90ca85b4004d7080a44c2fbf8baa85d)
2023-06-24 05:33:54 There were 284 links that passed the next "Link Alive Check" confirmation date and time.
2023-06-24 05:33:54 [1] Confirmed the "Link Alive Check". (NextTime=1970-01-01 00:00:00 Result= URL=)
2023-06-24 05:33:54 [2] Confirmed the "Link Alive Check". (NextTime=1970-01-01 00:00:00 Result= URL=)
2023-06-24 05:33:54 [3] Confirmed the "Link Alive Check". (NextTime=1970-01-01 00:00:00 Result= URL=)
2023-06-24 05:33:55 [4] Confirmed the "Link Alive Check". (NextTime=1970-01-01 00:00:00 Result= URL=)
2023-06-24 05:33:55 [5] Confirmed the "Link Alive Check". (NextTime=1970-01-01 00:00:00 Result= URL=)
2023-06-24 05:51:48 There were 284 links that passed the next "Link Alive Check" confirmation date and time.
2023-06-24 05:51:49 [1] Confirmed the "Link Alive Check". (NextTime=1970-01-01 00:00:00 Result= URL=)
2023-06-24 05:51:49 [2] Confirmed the "Link Alive Check". (NextTime=1970-01-01 00:00:00 Result= URL=)
2023-06-24 05:51:49 [3] Confirmed the "Link Alive Check". (NextTime=1970-01-01 00:00:00 Result= URL=)
2023-06-24 05:51:49 [4] Confirmed the "Link Alive Check". (NextTime=1970-01-01 00:00:00 Result= URL=)
2023-06-24 05:51:49 [5] Confirmed the "Link Alive Check". (NextTime=1970-01-01 00:00:00 Result= URL=)
2023-06-24 06:16:18 There were 284 links that passed the next "Link Alive Check" confirmation date and time.
2023-06-24 06:16:19 [1] Confirmed the "Link Alive Check". (NextTime=1970-01-01 00:00:00 Result= URL=)
2023-06-24 06:16:19 [2] Confirmed the "Link Alive Check". (NextTime=1970-01-01 00:00:00 Result= URL=)
2023-06-24 06:16:19 [3] Confirmed the "Link Alive Check". (NextTime=1970-01-01 00:00:00 Result= URL=)
2023-06-24 06:16:19 [4] Confirmed the "Link Alive Check". (NextTime=1970-01-01 00:00:00 Result= URL=)
2023-06-24 06:16:20 [5] Confirmed the "Link Alive Check". (NextTime=1970-01-01 00:00:00 Result= URL=)
2023-06-24 06:23:55 There were 1 links that passed the next "Check SNS Count" confirmation date and time.
2023-06-24 06:23:55 [1] Confirmed the "Check SNS Count". (NextTime=2021-03-20 09:05:33 URL=https://assetstore.unity.com/packages/essentials/unity-recorder-94079)
2023-06-24 06:24:22 There were 0 links that passed the next "Check SNS Count" confirmation date and time.
2023-06-24 06:34:04 There were 284 links that passed the next "Link Alive Check" confirmation date and time.
2023-06-24 06:34:05 [1] Confirmed the "Link Alive Check". (NextTime=1970-01-01 00:00:00 Result= URL=)
2023-06-24 06:34:05 [2] Confirmed the "Link Alive Check". (NextTime=1970-01-01 00:00:00 Result= URL=)
2023-06-24 06:34:05 [3] Confirmed the "Link Alive Check". (NextTime=1970-01-01 00:00:00 Result= URL=)
2023-06-24 06:34:05 [4] Confirmed the "Link Alive Check". (NextTime=1970-01-01 00:00:00 Result= URL=)
2023-06-24 06:34:06 [5] Confirmed the "Link Alive Check". (NextTime=1970-01-01 00:00:00 Result= URL=)
2023-06-24 06:53:56 There were 284 links that passed the next "Link Alive Check" confirmation date and time.
2023-06-24 06:53:56 [1] Confirmed the "Link Alive Check". (NextTime=1970-01-01 00:00:00 Result= URL=)
2023-06-24 06:53:57 [2] Confirmed the "Link Alive Check". (NextTime=1970-01-01 00:00:00 Result= URL=)
2023-06-24 06:53:57 [3] Confirmed the "Link Alive Check". (NextTime=1970-01-01 00:00:00 Result= URL=)
2023-06-24 06:53:57 [4] Confirmed the "Link Alive Check". (NextTime=1970-01-01 00:00:00 Result= URL=)
2023-06-24 06:53:57 [5] Confirmed the "Link Alive Check". (NextTime=1970-01-01 00:00:00 Result= URL=)
2023-06-24 07:18:57 There were 284 links that passed the next "Link Alive Check" confirmation date and time.
2023-06-24 07:18:57 [1] Confirmed the "Link Alive Check". (NextTime=1970-01-01 00:00:00 Result= URL=)
2023-06-24 07:18:57 [2] Confirmed the "Link Alive Check". (NextTime=1970-01-01 00:00:00 Result= URL=)
2023-06-24 07:18:58 [3] Confirmed the "Link Alive Check". (NextTime=1970-01-01 00:00:00 Result= URL=)
2023-06-24 07:18:58 [4] Confirmed the "Link Alive Check". (NextTime=1970-01-01 00:00:00 Result= URL=)
2023-06-24 07:18:58 [5] Confirmed the "Link Alive Check". (NextTime=1970-01-01 00:00:00 Result= URL=)
2023-06-24 07:24:12 There were 4 links that passed the next "Check SNS Count" confirmation date and time.
2023-06-24 07:24:12 [1] Confirmed the "Check SNS Count". (NextTime=2021-04-15 07:21:12 URL=https://sekailab.com/wp/2018/08/10/build-opencv-on-orangepi-pc2)
2023-06-24 07:24:12 [2] Confirmed the "Check SNS Count". (NextTime=2021-04-17 12:18:52 URL=https://www.amazon.co.jp/%E3%83%84%E3%82%A4%E3%83%B3%E3%83%90%E3%83%BC%E3%83%89%E5%B7%A5%E6%A5%AD-Twinbird-CM-D457B-%E5%85%A8%E8%87%AA%E5%8B%95%E3%82%B3%E3%83%BC%E3%83%92%E3%83%BC%E3%83%A1%E3%83%BC%E3%82%AB%E3%83%BC-%E3%83%96%E3%83%A9%E3%83%83%E3%82%AFTWINBIRD/dp/B07HFP6H3L/ref=as_li_ss_il?__mk_ja_JP=%E3%82%AB%E3%82%BF%E3%82%AB%E3%83%8A&#038;keywords=%E3%83%84%E3%82%A4%E3%83%B3%E3%83%90%E3%83%BC%E3%83%89+%E3%82%B3%E3%83%BC%E3%83%92%E3%83%BC%E3%83%A1%E3%83%BC%E3%82%AB%E3%83%BC&#038;qid=1585585285&#038;sr=8-4&#038;linkCode=li2&#038;tag=drunkar-22&#038;linkId=21fdfffb9a1385593abbf880369e6a7e)
2023-06-24 07:24:12 [3] Confirmed the "Check SNS Count". (NextTime=2021-03-21 12:12:51 URL=https://www.banggood.com/Original-Box-Xiaomi-Mi-Pad-4-Plus-CN-ROM-Snapdragon-660-4G-RAM-64G-MIUI-9_0-10_1-Inch-Tablet-Black-p-1344444.html?p=K226105168701201606R)
2023-06-24 07:24:12 [4] Confirmed the "Check SNS Count". (NextTime=2021-04-07 14:47:21 URL=https://www.banggood.com/Vivibright-GP100UP-Android-6_01-WIFI-Smart-LED-Projector-3500-Lumens-1280x800p-1080P-HD-Home-Theater-p-1203164.html?p=YT180431296767201903&#038;cur_warehouse=CN)
2023-06-24 07:34:15 There were 284 links that passed the next "Link Alive Check" confirmation date and time.
2023-06-24 07:34:15 [1] Confirmed the "Link Alive Check". (NextTime=1970-01-01 00:00:00 Result= URL=)
2023-06-24 07:34:16 [2] Confirmed the "Link Alive Check". (NextTime=1970-01-01 00:00:00 Result= URL=)
2023-06-24 07:34:16 [3] Confirmed the "Link Alive Check". (NextTime=1970-01-01 00:00:00 Result= URL=)
2023-06-24 07:34:16 [4] Confirmed the "Link Alive Check". (NextTime=1970-01-01 00:00:00 Result= URL=)
2023-06-24 07:34:16 [5] Confirmed the "Link Alive Check". (NextTime=1970-01-01 00:00:00 Result= URL=)
2023-06-24 07:54:14 There were 284 links that passed the next "Link Alive Check" confirmation date and time.
2023-06-24 07:54:14 [1] Confirmed the "Link Alive Check". (NextTime=1970-01-01 00:00:00 Result= URL=)
2023-06-24 07:54:15 [2] Confirmed the "Link Alive Check". (NextTime=1970-01-01 00:00:00 Result= URL=)
2023-06-24 07:54:15 [3] Confirmed the "Link Alive Check". (NextTime=1970-01-01 00:00:00 Result= URL=)
2023-06-24 07:54:15 [4] Confirmed the "Link Alive Check". (NextTime=1970-01-01 00:00:00 Result= URL=)
2023-06-24 07:54:15 [5] Confirmed the "Link Alive Check". (NextTime=1970-01-01 00:00:00 Result= URL=)
2023-06-24 08:20:27 There were 284 links that passed the next "Link Alive Check" confirmation date and time.
2023-06-24 08:20:28 [1] Confirmed the "Link Alive Check". (NextTime=1970-01-01 00:00:00 Result= URL=)
2023-06-24 08:20:28 [2] Confirmed the "Link Alive Check". (NextTime=1970-01-01 00:00:00 Result= URL=)
2023-06-24 08:20:28 [3] Confirmed the "Link Alive Check". (NextTime=1970-01-01 00:00:00 Result= URL=)
2023-06-24 08:20:28 [4] Confirmed the "Link Alive Check". (NextTime=1970-01-01 00:00:00 Result= URL=)
2023-06-24 08:20:29 [5] Confirmed the "Link Alive Check". (NextTime=1970-01-01 00:00:00 Result= URL=)
2023-06-24 08:24:43 There were 2 links that passed the next "Check SNS Count" confirmation date and time.
2023-06-24 08:24:43 [1] Confirmed the "Check SNS Count". (NextTime=2021-03-25 03:48:57 URL=http://yamada.daiji.ro/blog/?p=382)
2023-06-24 08:24:43 [2] Confirmed the "Check SNS Count". (NextTime=2021-04-06 16:27:15 URL=https://github.com/Drunkar/crawler-base)
2023-06-24 08:25:26 There were 0 links that passed the next "Check SNS Count" confirmation date and time.
2023-06-24 08:38:05 There were 284 links that passed the next "Link Alive Check" confirmation date and time.
2023-06-24 08:38:05 [1] Confirmed the "Link Alive Check". (NextTime=1970-01-01 00:00:00 Result= URL=)
2023-06-24 08:38:05 [2] Confirmed the "Link Alive Check". (NextTime=1970-01-01 00:00:00 Result= URL=)
2023-06-24 08:38:05 [3] Confirmed the "Link Alive Check". (NextTime=1970-01-01 00:00:00 Result= URL=)
2023-06-24 08:38:05 [4] Confirmed the "Link Alive Check". (NextTime=1970-01-01 00:00:00 Result= URL=)
2023-06-24 08:38:06 [5] Confirmed the "Link Alive Check". (NextTime=1970-01-01 00:00:00 Result= URL=)
2023-06-24 08:54:36 There were 284 links that passed the next "Link Alive Check" confirmation date and time.
2023-06-24 08:54:37 [1] Confirmed the "Link Alive Check". (NextTime=1970-01-01 00:00:00 Result= URL=)
2023-06-24 08:54:37 [2] Confirmed the "Link Alive Check". (NextTime=1970-01-01 00:00:00 Result= URL=)
2023-06-24 08:54:37 [3] Confirmed the "Link Alive Check". (NextTime=1970-01-01 00:00:00 Result= URL=)
2023-06-24 08:54:37 [4] Confirmed the "Link Alive Check". (NextTime=1970-01-01 00:00:00 Result= URL=)
2023-06-24 08:54:37 [5] Confirmed the "Link Alive Check". (NextTime=1970-01-01 00:00:00 Result= URL=)
2023-06-24 09:24:54 There were 284 links that passed the next "Link Alive Check" confirmation date and time.
2023-06-24 09:24:54 [1] Confirmed the "Link Alive Check". (NextTime=1970-01-01 00:00:00 Result= URL=)
2023-06-24 09:24:54 [2] Confirmed the "Link Alive Check". (NextTime=1970-01-01 00:00:00 Result= URL=)
2023-06-24 09:24:55 [3] Confirmed the "Link Alive Check". (NextTime=1970-01-01 00:00:00 Result= URL=)
2023-06-24 09:24:55 [4] Confirmed the "Link Alive Check". (NextTime=1970-01-01 00:00:00 Result= URL=)
2023-06-24 09:24:55 [5] Confirmed the "Link Alive Check". (NextTime=1970-01-01 00:00:00 Result= URL=)
2023-06-24 09:24:55 There were 1 links that passed the next "Check SNS Count" confirmation date and time.
2023-06-24 09:24:55 [1] Confirmed the "Check SNS Count". (NextTime=2021-04-17 03:50:01 URL=https://www.amazon.co.jp/HARIO-%E3%83%8F%E3%83%AA%E3%82%AA-%E3%83%89%E3%83%AA%E3%83%83%E3%83%91%E3%83%BC-%E3%82%AB%E3%83%95%E3%82%A7%E3%82%AA%E3%83%BC%E3%83%AB-CFOD-02B/dp/B0040VIN18/ref=as_li_ss_il?__mk_ja_JP=%E3%82%AB%E3%82%BF%E3%82%AB%E3%83%8A&#038;keywords=%E3%82%B3%E3%83%BC%E3%83%92%E3%83%BC%E3%83%95%E3%82%A3%E3%83%AB%E3%82%BF%E3%83%BC+%E9%87%91%E5%B1%9E&#038;qid=1585584028&#038;sr=8-7&#038;linkCode=li2&#038;tag=drunkar-22&#038;linkId=c03c53ade732daac257ada12735145a2)
2023-06-24 09:38:58 There were 284 links that passed the next "Link Alive Check" confirmation date and time.
2023-06-24 09:38:58 [1] Confirmed the "Link Alive Check". (NextTime=1970-01-01 00:00:00 Result= URL=)
2023-06-24 09:38:58 [2] Confirmed the "Link Alive Check". (NextTime=1970-01-01 00:00:00 Result= URL=)
2023-06-24 09:38:58 [3] Confirmed the "Link Alive Check". (NextTime=1970-01-01 00:00:00 Result= URL=)
2023-06-24 09:38:58 [4] Confirmed the "Link Alive Check". (NextTime=1970-01-01 00:00:00 Result= URL=)
2023-06-24 09:38:59 [5] Confirmed the "Link Alive Check". (NextTime=1970-01-01 00:00:00 Result= URL=)
2023-06-24 09:55:26 There were 284 links that passed the next "Link Alive Check" confirmation date and time.
2023-06-24 09:55:26 [1] Confirmed the "Link Alive Check". (NextTime=1970-01-01 00:00:00 Result= URL=)
2023-06-24 09:55:26 [2] Confirmed the "Link Alive Check". (NextTime=1970-01-01 00:00:00 Result= URL=)
2023-06-24 09:55:26 [3] Confirmed the "Link Alive Check". (NextTime=1970-01-01 00:00:00 Result= URL=)
2023-06-24 09:55:27 [4] Confirmed the "Link Alive Check". (NextTime=1970-01-01 00:00:00 Result= URL=)
2023-06-24 09:55:27 [5] Confirmed the "Link Alive Check". (NextTime=1970-01-01 00:00:00 Result= URL=)
2023-06-24 10:26:38 There were 2 links that passed the next "Check SNS Count" confirmation date and time.
2023-06-24 10:26:38 [1] Confirmed the "Check SNS Count". (NextTime=2021-03-21 05:02:21 URL=https://www.amazon.co.jp/Taulman3D-PC-Alloy910-Taulman3D-Alloy-910-%E3%82%A2%E3%83%AD%E3%82%A4910-1-75mm/dp/B01AY71K5M/ref=as_li_ss_il?ie=UTF8&#038;qid=1523541968&#038;sr=8-1&#038;keywords=alloy+910&#038;linkCode=li2&#038;tag=drunkar-22&#038;linkId=d8e9041dfc8c404620294b339eb3f493)
2023-06-24 10:26:38 [2] Confirmed the "Check SNS Count". (NextTime=2021-04-15 01:59:14 URL=https://twitter.com/search?q=from%3Agoroman%20since%3A2020-07-06%20until%3A2020-07-07&#038;src=typed_query&#038;f=live)
2023-06-24 10:26:38 There were 284 links that passed the next "Link Alive Check" confirmation date and time.
2023-06-24 10:26:38 [1] Confirmed the "Link Alive Check". (NextTime=1970-01-01 00:00:00 Result= URL=)
2023-06-24 10:26:39 [2] Confirmed the "Link Alive Check". (NextTime=1970-01-01 00:00:00 Result= URL=)
2023-06-24 10:26:39 [3] Confirmed the "Link Alive Check". (NextTime=1970-01-01 00:00:00 Result= URL=)
2023-06-24 10:26:39 [4] Confirmed the "Link Alive Check". (NextTime=1970-01-01 00:00:00 Result= URL=)
2023-06-24 10:26:39 [5] Confirmed the "Link Alive Check". (NextTime=1970-01-01 00:00:00 Result= URL=)
2023-06-24 10:38:59 There were 284 links that passed the next "Link Alive Check" confirmation date and time.
2023-06-24 10:38:59 [1] Confirmed the "Link Alive Check". (NextTime=1970-01-01 00:00:00 Result= URL=)
2023-06-24 10:38:59 [2] Confirmed the "Link Alive Check". (NextTime=1970-01-01 00:00:00 Result= URL=)
2023-06-24 10:39:00 [3] Confirmed the "Link Alive Check". (NextTime=1970-01-01 00:00:00 Result= URL=)
2023-06-24 10:39:00 [4] Confirmed the "Link Alive Check". (NextTime=1970-01-01 00:00:00 Result= URL=)
2023-06-24 10:39:00 [5] Confirmed the "Link Alive Check". (NextTime=1970-01-01 00:00:00 Result= URL=)
2023-06-24 10:56:43 There were 284 links that passed the next "Link Alive Check" confirmation date and time.
2023-06-24 10:56:43 [1] Confirmed the "Link Alive Check". (NextTime=1970-01-01 00:00:00 Result= URL=)
2023-06-24 10:56:43 [2] Confirmed the "Link Alive Check". (NextTime=1970-01-01 00:00:00 Result= URL=)
2023-06-24 10:56:43 [3] Confirmed the "Link Alive Check". (NextTime=1970-01-01 00:00:00 Result= URL=)
2023-06-24 10:56:44 [4] Confirmed the "Link Alive Check". (NextTime=1970-01-01 00:00:00 Result= URL=)
2023-06-24 10:56:44 [5] Confirmed the "Link Alive Check". (NextTime=1970-01-01 00:00:00 Result= URL=)
2023-06-24 11:24:56 There were 1 links that passed the next "Check SNS Count" confirmation date and time.
2023-06-24 11:24:56 [1] Confirmed the "Check SNS Count". (NextTime=2021-03-21 15:25:48 URL=https://www.amazon.co.jp/gp/product/B07QXMNF1X/ref=as_li_ss_il?ie=UTF8&#038;psc=1&#038;linkCode=li2&#038;tag=drunkar-22&#038;linkId=537e4ae9eb1c1d73f28520e1f2a9e9b7)
2023-06-24 11:27:17 There were 284 links that passed the next "Link Alive Check" confirmation date and time.
2023-06-24 11:27:18 [1] Confirmed the "Link Alive Check". (NextTime=1970-01-01 00:00:00 Result= URL=)
2023-06-24 11:27:18 [2] Confirmed the "Link Alive Check". (NextTime=1970-01-01 00:00:00 Result= URL=)
2023-06-24 11:27:18 [3] Confirmed the "Link Alive Check". (NextTime=1970-01-01 00:00:00 Result= URL=)
2023-06-24 11:27:18 [4] Confirmed the "Link Alive Check". (NextTime=1970-01-01 00:00:00 Result= URL=)
2023-06-24 11:27:18 [5] Confirmed the "Link Alive Check". (NextTime=1970-01-01 00:00:00 Result= URL=)
2023-06-24 11:40:30 There were 284 links that passed the next "Link Alive Check" confirmation date and time.
2023-06-24 11:40:31 [1] Confirmed the "Link Alive Check". (NextTime=1970-01-01 00:00:00 Result= URL=)
2023-06-24 11:40:31 [2] Confirmed the "Link Alive Check". (NextTime=1970-01-01 00:00:00 Result= URL=)
2023-06-24 11:40:31 [3] Confirmed the "Link Alive Check". (NextTime=1970-01-01 00:00:00 Result= URL=)
2023-06-24 11:40:31 [4] Confirmed the "Link Alive Check". (NextTime=1970-01-01 00:00:00 Result= URL=)
2023-06-24 11:40:31 [5] Confirmed the "Link Alive Check". (NextTime=1970-01-01 00:00:00 Result= URL=)
2023-06-24 11:57:04 There were 284 links that passed the next "Link Alive Check" confirmation date and time.
2023-06-24 11:57:04 [1] Confirmed the "Link Alive Check". (NextTime=1970-01-01 00:00:00 Result= URL=)
2023-06-24 11:57:04 [2] Confirmed the "Link Alive Check". (NextTime=1970-01-01 00:00:00 Result= URL=)
2023-06-24 11:57:04 [3] Confirmed the "Link Alive Check". (NextTime=1970-01-01 00:00:00 Result= URL=)
2023-06-24 11:57:05 [4] Confirmed the "Link Alive Check". (NextTime=1970-01-01 00:00:00 Result= URL=)
2023-06-24 11:57:05 [5] Confirmed the "Link Alive Check". (NextTime=1970-01-01 00:00:00 Result= URL=)
2023-06-24 12:23:25 There were 0 links that passed the next "Check SNS Count" confirmation date and time.
2023-06-24 12:27:18 There were 284 links that passed the next "Link Alive Check" confirmation date and time.
2023-06-24 12:27:18 [1] Confirmed the "Link Alive Check". (NextTime=1970-01-01 00:00:00 Result= URL=)
2023-06-24 12:27:18 [2] Confirmed the "Link Alive Check". (NextTime=1970-01-01 00:00:00 Result= URL=)
2023-06-24 12:27:19 [3] Confirmed the "Link Alive Check". (NextTime=1970-01-01 00:00:00 Result= URL=)
2023-06-24 12:27:19 [4] Confirmed the "Link Alive Check". (NextTime=1970-01-01 00:00:00 Result= URL=)
2023-06-24 12:27:19 [5] Confirmed the "Link Alive Check". (NextTime=1970-01-01 00:00:00 Result= URL=)
2023-06-24 12:40:47 There were 284 links that passed the next "Link Alive Check" confirmation date and time.
2023-06-24 12:40:48 [1] Confirmed the "Link Alive Check". (NextTime=1970-01-01 00:00:00 Result= URL=)
2023-06-24 12:40:48 [2] Confirmed the "Link Alive Check". (NextTime=1970-01-01 00:00:00 Result= URL=)
2023-06-24 12:40:48 [3] Confirmed the "Link Alive Check". (NextTime=1970-01-01 00:00:00 Result= URL=)
2023-06-24 12:40:48 [4] Confirmed the "Link Alive Check". (NextTime=1970-01-01 00:00:00 Result= URL=)
2023-06-24 12:40:49 [5] Confirmed the "Link Alive Check". (NextTime=1970-01-01 00:00:00 Result= URL=)
2023-06-24 12:57:07 There were 284 links that passed the next "Link Alive Check" confirmation date and time.
2023-06-24 12:57:07 [1] Confirmed the "Link Alive Check". (NextTime=1970-01-01 00:00:00 Result= URL=)
2023-06-24 12:57:08 [2] Confirmed the "Link Alive Check". (NextTime=1970-01-01 00:00:00 Result= URL=)
2023-06-24 12:57:08 [3] Confirmed the "Link Alive Check". (NextTime=1970-01-01 00:00:00 Result= URL=)
2023-06-24 12:57:08 [4] Confirmed the "Link Alive Check". (NextTime=1970-01-01 00:00:00 Result= URL=)
2023-06-24 12:57:08 [5] Confirmed the "Link Alive Check". (NextTime=1970-01-01 00:00:00 Result= URL=)
2023-06-24 13:25:10 There were 3 links that passed the next "Check SNS Count" confirmation date and time.
2023-06-24 13:25:10 [1] Confirmed the "Check SNS Count". (NextTime=2021-03-19 21:34:14 URL=https://sekailab.com/wp/2018/01/04/15w-chinese-laser-cutter-1/)
2023-06-24 13:25:10 [2] Confirmed the "Check SNS Count". (NextTime=2021-04-08 17:49:18 URL=https://www.kamiapp.com)
2023-06-24 13:25:11 [3] Confirmed the "Check SNS Count". (NextTime=2021-04-16 03:26:46 URL=https://sekailab.com/wp/2016/11/29/in-this-corner-of-the-world)
2023-06-24 13:27:39 There were 284 links that passed the next "Link Alive Check" confirmation date and time.
2023-06-24 13:27:39 [1] Confirmed the "Link Alive Check". (NextTime=1970-01-01 00:00:00 Result= URL=)
2023-06-24 13:27:39 [2] Confirmed the "Link Alive Check". (NextTime=1970-01-01 00:00:00 Result= URL=)
2023-06-24 13:27:40 [3] Confirmed the "Link Alive Check". (NextTime=1970-01-01 00:00:00 Result= URL=)
2023-06-24 13:27:40 [4] Confirmed the "Link Alive Check". (NextTime=1970-01-01 00:00:00 Result= URL=)
2023-06-24 13:27:40 [5] Confirmed the "Link Alive Check". (NextTime=1970-01-01 00:00:00 Result= URL=)
2023-06-24 13:44:27 There were 284 links that passed the next "Link Alive Check" confirmation date and time.
2023-06-24 13:44:27 [1] Confirmed the "Link Alive Check". (NextTime=1970-01-01 00:00:00 Result= URL=)
2023-06-24 13:44:27 [2] Confirmed the "Link Alive Check". (NextTime=1970-01-01 00:00:00 Result= URL=)
2023-06-24 13:44:27 [3] Confirmed the "Link Alive Check". (NextTime=1970-01-01 00:00:00 Result= URL=)
2023-06-24 13:44:28 [4] Confirmed the "Link Alive Check". (NextTime=1970-01-01 00:00:00 Result= URL=)
2023-06-24 13:44:28 [5] Confirmed the "Link Alive Check". (NextTime=1970-01-01 00:00:00 Result= URL=)
2023-06-24 13:57:51 There were 284 links that passed the next "Link Alive Check" confirmation date and time.
2023-06-24 13:57:51 [1] Confirmed the "Link Alive Check". (NextTime=1970-01-01 00:00:00 Result= URL=)
2023-06-24 13:57:51 [2] Confirmed the "Link Alive Check". (NextTime=1970-01-01 00:00:00 Result= URL=)
2023-06-24 13:57:52 [3] Confirmed the "Link Alive Check". (NextTime=1970-01-01 00:00:00 Result= URL=)
2023-06-24 13:57:52 [4] Confirmed the "Link Alive Check". (NextTime=1970-01-01 00:00:00 Result= URL=)
2023-06-24 13:57:52 [5] Confirmed the "Link Alive Check". (NextTime=1970-01-01 00:00:00 Result= URL=)
2023-06-24 14:24:08 There were 2 links that passed the next "Check SNS Count" confirmation date and time.
2023-06-24 14:24:08 [1] Confirmed the "Check SNS Count". (NextTime=2021-04-13 09:35:04 URL=https://www.tensorflow.org/tfx/serving/docker)
2023-06-24 14:24:08 [2] Confirmed the "Check SNS Count". (NextTime=2021-03-22 00:13:21 URL=https://www.amazon.co.jp/ZORTRAX-%E3%80%90%E6%AD%A3%E8%A6%8F%E4%BB%A3%E7%90%86%E5%BA%97%E3%80%91ZORTRAX-M200-3D%E3%83%97%E3%83%AA%E3%83%B3%E3%82%BF%E3%83%BC-FDM/dp/B00UWEZ8RE/ref=as_li_ss_il?ie=UTF8&#038;qid=1514638656&#038;sr=8-1&#038;keywords=zortrax+m200&#038;linkCode=li2&#038;tag=drunkar-22&#038;linkId=8b8050f533516d0f9f8e07e71693bd99)
2023-06-24 14:28:46 There were 284 links that passed the next "Link Alive Check" confirmation date and time.
2023-06-24 14:28:47 [1] Confirmed the "Link Alive Check". (NextTime=1970-01-01 00:00:00 Result= URL=)
2023-06-24 14:28:47 [2] Confirmed the "Link Alive Check". (NextTime=1970-01-01 00:00:00 Result= URL=)
2023-06-24 14:28:47 [3] Confirmed the "Link Alive Check". (NextTime=1970-01-01 00:00:00 Result= URL=)
2023-06-24 14:28:47 [4] Confirmed the "Link Alive Check". (NextTime=1970-01-01 00:00:00 Result= URL=)
2023-06-24 14:28:47 [5] Confirmed the "Link Alive Check". (NextTime=1970-01-01 00:00:00 Result= URL=)
2023-06-24 14:45:01 There were 284 links that passed the next "Link Alive Check" confirmation date and time.
2023-06-24 14:45:02 [1] Confirmed the "Link Alive Check". (NextTime=1970-01-01 00:00:00 Result= URL=)
2023-06-24 14:45:02 [2] Confirmed the "Link Alive Check". (NextTime=1970-01-01 00:00:00 Result= URL=)
2023-06-24 14:45:02 [3] Confirmed the "Link Alive Check". (NextTime=1970-01-01 00:00:00 Result= URL=)
2023-06-24 14:45:02 [4] Confirmed the "Link Alive Check". (NextTime=1970-01-01 00:00:00 Result= URL=)
2023-06-24 14:45:02 [5] Confirmed the "Link Alive Check". (NextTime=1970-01-01 00:00:00 Result= URL=)
2023-06-24 14:58:59 There were 284 links that passed the next "Link Alive Check" confirmation date and time.
2023-06-24 14:58:59 [1] Confirmed the "Link Alive Check". (NextTime=1970-01-01 00:00:00 Result= URL=)
2023-06-24 14:58:59 [2] Confirmed the "Link Alive Check". (NextTime=1970-01-01 00:00:00 Result= URL=)
2023-06-24 14:59:00 [3] Confirmed the "Link Alive Check". (NextTime=1970-01-01 00:00:00 Result= URL=)
2023-06-24 14:59:00 [4] Confirmed the "Link Alive Check". (NextTime=1970-01-01 00:00:00 Result= URL=)
2023-06-24 14:59:00 [5] Confirmed the "Link Alive Check". (NextTime=1970-01-01 00:00:00 Result= URL=)
2023-06-24 15:26:01 There were 1 links that passed the next "Check SNS Count" confirmation date and time.
2023-06-24 15:26:01 [1] Confirmed the "Check SNS Count". (NextTime=2021-03-24 06:32:18 URL=https://sekailab.com/wp/2018/01/13/15w-chinese-laser-cutter-4/)
2023-06-24 15:28:47 There were 284 links that passed the next "Link Alive Check" confirmation date and time.
2023-06-24 15:28:48 [1] Confirmed the "Link Alive Check". (NextTime=1970-01-01 00:00:00 Result= URL=)
2023-06-24 15:28:48 [2] Confirmed the "Link Alive Check". (NextTime=1970-01-01 00:00:00 Result= URL=)
2023-06-24 15:28:48 [3] Confirmed the "Link Alive Check". (NextTime=1970-01-01 00:00:00 Result= URL=)
2023-06-24 15:28:48 [4] Confirmed the "Link Alive Check". (NextTime=1970-01-01 00:00:00 Result= URL=)
2023-06-24 15:28:49 [5] Confirmed the "Link Alive Check". (NextTime=1970-01-01 00:00:00 Result= URL=)
2023-06-24 15:58:59 There were 284 links that passed the next "Link Alive Check" confirmation date and time.
2023-06-24 15:59:00 [1] Confirmed the "Link Alive Check". (NextTime=1970-01-01 00:00:00 Result= URL=)
2023-06-24 15:59:00 [2] Confirmed the "Link Alive Check". (NextTime=1970-01-01 00:00:00 Result= URL=)
2023-06-24 15:59:00 [3] Confirmed the "Link Alive Check". (NextTime=1970-01-01 00:00:00 Result= URL=)
2023-06-24 15:59:00 [4] Confirmed the "Link Alive Check". (NextTime=1970-01-01 00:00:00 Result= URL=)
2023-06-24 15:59:01 [5] Confirmed the "Link Alive Check". (NextTime=1970-01-01 00:00:00 Result= URL=)
2023-06-24 16:23:03 There were 1 links that passed the next "Check SNS Count" confirmation date and time.
2023-06-24 16:23:03 [1] Confirmed the "Check SNS Count". (NextTime=2021-03-21 17:50:06 URL=https://www.amazon.co.jp/%E3%83%AD%E3%82%B8%E3%82%AF%E3%83%BC%E3%83%AB-USB%E3%83%98%E3%83%83%E3%83%89%E3%82%BB%E3%83%83%E3%83%88Logicool-Headset-H390-H390R/dp/B079WKMMBM/ref=as_li_ss_il?__mk_ja_JP=%E3%82%AB%E3%82%BF%E3%82%AB%E3%83%8A&#038;dchild=1&#038;keywords=%E3%83%AD%E3%82%B8%E3%82%AF%E3%83%BC%E3%83%AB+H390&#038;qid=1598263960&#038;sr=8-2&#038;linkCode=li2&#038;tag=drunkar-22&#038;linkId=986cdeae0b10b04d9002c97aa5382f07)
2023-06-24 16:29:51 There were 284 links that passed the next "Link Alive Check" confirmation date and time.
2023-06-24 16:29:51 [1] Confirmed the "Link Alive Check". (NextTime=1970-01-01 00:00:00 Result= URL=)
2023-06-24 16:29:51 [2] Confirmed the "Link Alive Check". (NextTime=1970-01-01 00:00:00 Result= URL=)
2023-06-24 16:29:52 [3] Confirmed the "Link Alive Check". (NextTime=1970-01-01 00:00:00 Result= URL=)
2023-06-24 16:29:52 [4] Confirmed the "Link Alive Check". (NextTime=1970-01-01 00:00:00 Result= URL=)
2023-06-24 16:29:52 [5] Confirmed the "Link Alive Check". (NextTime=1970-01-01 00:00:00 Result= URL=)
2023-06-24 16:59:07 There were 284 links that passed the next "Link Alive Check" confirmation date and time.
2023-06-24 16:59:07 [1] Confirmed the "Link Alive Check". (NextTime=1970-01-01 00:00:00 Result= URL=)
2023-06-24 16:59:08 [2] Confirmed the "Link Alive Check". (NextTime=1970-01-01 00:00:00 Result= URL=)
2023-06-24 16:59:08 [3] Confirmed the "Link Alive Check". (NextTime=1970-01-01 00:00:00 Result= URL=)
2023-06-24 16:59:08 [4] Confirmed the "Link Alive Check". (NextTime=1970-01-01 00:00:00 Result= URL=)
2023-06-24 16:59:08 [5] Confirmed the "Link Alive Check". (NextTime=1970-01-01 00:00:00 Result= URL=)
2023-06-24 17:23:34 There were 0 links that passed the next "Check SNS Count" confirmation date and time.
2023-06-24 17:32:44 There were 284 links that passed the next "Link Alive Check" confirmation date and time.
2023-06-24 17:32:44 [1] Confirmed the "Link Alive Check". (NextTime=1970-01-01 00:00:00 Result= URL=)
2023-06-24 17:32:44 [2] Confirmed the "Link Alive Check". (NextTime=1970-01-01 00:00:00 Result= URL=)
2023-06-24 17:32:44 [3] Confirmed the "Link Alive Check". (NextTime=1970-01-01 00:00:00 Result= URL=)
2023-06-24 17:32:45 [4] Confirmed the "Link Alive Check". (NextTime=1970-01-01 00:00:00 Result= URL=)
2023-06-24 17:32:45 [5] Confirmed the "Link Alive Check". (NextTime=1970-01-01 00:00:00 Result= URL=)
2023-06-24 18:00:40 There were 284 links that passed the next "Link Alive Check" confirmation date and time.
2023-06-24 18:00:40 [1] Confirmed the "Link Alive Check". (NextTime=1970-01-01 00:00:00 Result= URL=)
2023-06-24 18:00:40 [2] Confirmed the "Link Alive Check". (NextTime=1970-01-01 00:00:00 Result= URL=)
2023-06-24 18:00:40 [3] Confirmed the "Link Alive Check". (NextTime=1970-01-01 00:00:00 Result= URL=)
2023-06-24 18:00:41 [4] Confirmed the "Link Alive Check". (NextTime=1970-01-01 00:00:00 Result= URL=)
2023-06-24 18:00:41 [5] Confirmed the "Link Alive Check". (NextTime=1970-01-01 00:00:00 Result= URL=)
2023-06-24 18:27:56 There were 2 links that passed the next "Check SNS Count" confirmation date and time.
2023-06-24 18:27:56 [1] Confirmed the "Check SNS Count". (NextTime=2021-03-21 13:10:58 URL=https://sekailab.com/wp/2018/09/04/mistel-barocco-mag-feet/)
2023-06-24 18:27:56 [2] Confirmed the "Check SNS Count". (NextTime=2021-04-06 11:36:30 URL=https://www.amazon.co.jp/gp/product/B078YP1ZPX/ref=as_li_ss_il?ie=UTF8&#038;psc=1&#038;linkCode=li2&#038;tag=drunkar-22&#038;linkId=1110557b26afd7bba074ac59fbb2936b&#038;language=ja_JP)
2023-06-24 18:33:05 There were 284 links that passed the next "Link Alive Check" confirmation date and time.
2023-06-24 18:33:05 [1] Confirmed the "Link Alive Check". (NextTime=1970-01-01 00:00:00 Result= URL=)
2023-06-24 18:33:05 [2] Confirmed the "Link Alive Check". (NextTime=1970-01-01 00:00:00 Result= URL=)
2023-06-24 18:33:06 [3] Confirmed the "Link Alive Check". (NextTime=1970-01-01 00:00:00 Result= URL=)
2023-06-24 18:33:06 [4] Confirmed the "Link Alive Check". (NextTime=1970-01-01 00:00:00 Result= URL=)
2023-06-24 18:33:06 [5] Confirmed the "Link Alive Check". (NextTime=1970-01-01 00:00:00 Result= URL=)
2023-06-24 19:00:44 There were 284 links that passed the next "Link Alive Check" confirmation date and time.
2023-06-24 19:00:45 [1] Confirmed the "Link Alive Check". (NextTime=1970-01-01 00:00:00 Result= URL=)
2023-06-24 19:00:45 [2] Confirmed the "Link Alive Check". (NextTime=1970-01-01 00:00:00 Result= URL=)
2023-06-24 19:00:45 [3] Confirmed the "Link Alive Check". (NextTime=1970-01-01 00:00:00 Result= URL=)
2023-06-24 19:00:45 [4] Confirmed the "Link Alive Check". (NextTime=1970-01-01 00:00:00 Result= URL=)
2023-06-24 19:00:46 [5] Confirmed the "Link Alive Check". (NextTime=1970-01-01 00:00:00 Result= URL=)
2023-06-24 19:23:51 There were 1 links that passed the next "Check SNS Count" confirmation date and time.
2023-06-24 19:23:51 [1] Confirmed the "Check SNS Count". (NextTime=2021-04-15 21:59:51 URL=https://sekailab.com/wp/2018/01/01/crawl-anyway-2018)
2023-06-24 19:34:07 There were 284 links that passed the next "Link Alive Check" confirmation date and time.
2023-06-24 19:34:07 [1] Confirmed the "Link Alive Check". (NextTime=1970-01-01 00:00:00 Result= URL=)
2023-06-24 19:34:07 [2] Confirmed the "Link Alive Check". (NextTime=1970-01-01 00:00:00 Result= URL=)
2023-06-24 19:34:08 [3] Confirmed the "Link Alive Check". (NextTime=1970-01-01 00:00:00 Result= URL=)
2023-06-24 19:34:08 [4] Confirmed the "Link Alive Check". (NextTime=1970-01-01 00:00:00 Result= URL=)
2023-06-24 19:34:08 [5] Confirmed the "Link Alive Check". (NextTime=1970-01-01 00:00:00 Result= URL=)
2023-06-24 20:00:56 There were 284 links that passed the next "Link Alive Check" confirmation date and time.
2023-06-24 20:00:56 [1] Confirmed the "Link Alive Check". (NextTime=1970-01-01 00:00:00 Result= URL=)
2023-06-24 20:00:57 [2] Confirmed the "Link Alive Check". (NextTime=1970-01-01 00:00:00 Result= URL=)
2023-06-24 20:00:57 [3] Confirmed the "Link Alive Check". (NextTime=1970-01-01 00:00:00 Result= URL=)
2023-06-24 20:00:57 [4] Confirmed the "Link Alive Check". (NextTime=1970-01-01 00:00:00 Result= URL=)
2023-06-24 20:00:57 [5] Confirmed the "Link Alive Check". (NextTime=1970-01-01 00:00:00 Result= URL=)
2023-06-24 20:23:06 There were 2 links that passed the next "Check SNS Count" confirmation date and time.
2023-06-24 20:23:06 [1] Confirmed the "Check SNS Count". (NextTime=2021-03-25 09:55:52 URL=https://stackoverflow.com/questions/3230067/numpy-minimum-in-row-column-format)
2023-06-24 20:23:06 [2] Confirmed the "Check SNS Count". (NextTime=2021-03-22 04:39:35 URL=https://www.amazon.co.jp/gp/product/B01DOWUCJO/ref=as_li_ss_il?ie=UTF8&#038;psc=1&#038;linkCode=li2&#038;tag=drunkar-22&#038;linkId=a22e97f7b179135d87b3db4692f871bc)
2023-06-24 20:35:34 There were 284 links that passed the next "Link Alive Check" confirmation date and time.
2023-06-24 20:35:34 [1] Confirmed the "Link Alive Check". (NextTime=1970-01-01 00:00:00 Result= URL=)
2023-06-24 20:35:34 [2] Confirmed the "Link Alive Check". (NextTime=1970-01-01 00:00:00 Result= URL=)
2023-06-24 20:35:35 [3] Confirmed the "Link Alive Check". (NextTime=1970-01-01 00:00:00 Result= URL=)
2023-06-24 20:35:35 [4] Confirmed the "Link Alive Check". (NextTime=1970-01-01 00:00:00 Result= URL=)
2023-06-24 20:35:35 [5] Confirmed the "Link Alive Check". (NextTime=1970-01-01 00:00:00 Result= URL=)
2023-06-24 21:02:11 There were 284 links that passed the next "Link Alive Check" confirmation date and time.
2023-06-24 21:02:11 [1] Confirmed the "Link Alive Check". (NextTime=1970-01-01 00:00:00 Result= URL=)
2023-06-24 21:02:11 [2] Confirmed the "Link Alive Check". (NextTime=1970-01-01 00:00:00 Result= URL=)
2023-06-24 21:02:11 [3] Confirmed the "Link Alive Check". (NextTime=1970-01-01 00:00:00 Result= URL=)
2023-06-24 21:02:12 [4] Confirmed the "Link Alive Check". (NextTime=1970-01-01 00:00:00 Result= URL=)
2023-06-24 21:02:12 [5] Confirmed the "Link Alive Check". (NextTime=1970-01-01 00:00:00 Result= URL=)
2023-06-24 21:23:16 There were 3 links that passed the next "Check SNS Count" confirmation date and time.
2023-06-24 21:23:17 [1] Confirmed the "Check SNS Count". (NextTime=2021-04-16 02:20:40 URL=https://sekailab.com/wp/2018/02/03/watch-process-to-send-gmail-with-python3)
2023-06-24 21:23:17 [2] Confirmed the "Check SNS Count". (NextTime=2021-03-23 13:47:19 URL=https://www.amazon.co.jp/gp/product/B081PQ7KSL/ref=as_li_ss_il?ie=UTF8&#038;psc=1&#038;linkCode=li2&#038;tag=drunkar-22&#038;linkId=5b39d8bcffa366750b6939e0c6914e0e)
2023-06-24 21:23:17 [3] Confirmed the "Check SNS Count". (NextTime=2021-03-26 12:07:04 URL=https://developer.nvidia.com/cuda/wsl)
2023-06-24 21:37:19 There were 284 links that passed the next "Link Alive Check" confirmation date and time.
2023-06-24 21:37:20 [1] Confirmed the "Link Alive Check". (NextTime=1970-01-01 00:00:00 Result= URL=)
2023-06-24 21:37:20 [2] Confirmed the "Link Alive Check". (NextTime=1970-01-01 00:00:00 Result= URL=)
2023-06-24 21:37:20 [3] Confirmed the "Link Alive Check". (NextTime=1970-01-01 00:00:00 Result= URL=)
2023-06-24 21:37:20 [4] Confirmed the "Link Alive Check". (NextTime=1970-01-01 00:00:00 Result= URL=)
2023-06-24 21:37:20 [5] Confirmed the "Link Alive Check". (NextTime=1970-01-01 00:00:00 Result= URL=)
2023-06-24 22:03:56 There were 284 links that passed the next "Link Alive Check" confirmation date and time.
2023-06-24 22:03:56 [1] Confirmed the "Link Alive Check". (NextTime=1970-01-01 00:00:00 Result= URL=)
2023-06-24 22:03:57 [2] Confirmed the "Link Alive Check". (NextTime=1970-01-01 00:00:00 Result= URL=)
2023-06-24 22:03:57 [3] Confirmed the "Link Alive Check". (NextTime=1970-01-01 00:00:00 Result= URL=)
2023-06-24 22:03:57 [4] Confirmed the "Link Alive Check". (NextTime=1970-01-01 00:00:00 Result= URL=)
2023-06-24 22:03:57 [5] Confirmed the "Link Alive Check". (NextTime=1970-01-01 00:00:00 Result= URL=)
2023-06-24 22:23:43 There were 1 links that passed the next "Check SNS Count" confirmation date and time.
2023-06-24 22:23:43 [1] Confirmed the "Check SNS Count". (NextTime=2021-04-16 06:53:34 URL=https://sekailab.com/wp/2018/09/04/mistel-barocco-mag-feet)
2023-06-24 22:40:58 There were 284 links that passed the next "Link Alive Check" confirmation date and time.
2023-06-24 22:40:59 [1] Confirmed the "Link Alive Check". (NextTime=1970-01-01 00:00:00 Result= URL=)
2023-06-24 22:40:59 [2] Confirmed the "Link Alive Check". (NextTime=1970-01-01 00:00:00 Result= URL=)
2023-06-24 22:40:59 [3] Confirmed the "Link Alive Check". (NextTime=1970-01-01 00:00:00 Result= URL=)
2023-06-24 22:40:59 [4] Confirmed the "Link Alive Check". (NextTime=1970-01-01 00:00:00 Result= URL=)
2023-06-24 22:40:59 [5] Confirmed the "Link Alive Check". (NextTime=1970-01-01 00:00:00 Result= URL=)
2023-06-24 23:05:50 There were 284 links that passed the next "Link Alive Check" confirmation date and time.
2023-06-24 23:05:50 [1] Confirmed the "Link Alive Check". (NextTime=1970-01-01 00:00:00 Result= URL=)
2023-06-24 23:05:50 [2] Confirmed the "Link Alive Check". (NextTime=1970-01-01 00:00:00 Result= URL=)
2023-06-24 23:05:51 [3] Confirmed the "Link Alive Check". (NextTime=1970-01-01 00:00:00 Result= URL=)
2023-06-24 23:05:51 [4] Confirmed the "Link Alive Check". (NextTime=1970-01-01 00:00:00 Result= URL=)
2023-06-24 23:05:51 [5] Confirmed the "Link Alive Check". (NextTime=1970-01-01 00:00:00 Result= URL=)
2023-06-24 23:28:21 There were 2 links that passed the next "Check SNS Count" confirmation date and time.
2023-06-24 23:28:21 [1] Confirmed the "Check SNS Count". (NextTime=2021-03-25 06:51:31 URL=https://stackoverflow.com/questions/38156693/is-this-the-wrong-error-message-attributeerror-int-object-has-no-attribute?noredirect=1&#038;lq=1)
2023-06-24 23:28:21 [2] Confirmed the "Check SNS Count". (NextTime=2021-04-05 01:16:25 URL=https://sekailab.com/wp/2019/02/06/rtx2080ti-i9-9900k-failure-mother-dram/)
2023-06-24 23:42:20 There were 284 links that passed the next "Link Alive Check" confirmation date and time.
2023-06-24 23:42:20 [1] Confirmed the "Link Alive Check". (NextTime=1970-01-01 00:00:00 Result= URL=)
2023-06-24 23:42:21 [2] Confirmed the "Link Alive Check". (NextTime=1970-01-01 00:00:00 Result= URL=)
2023-06-24 23:42:21 [3] Confirmed the "Link Alive Check". (NextTime=1970-01-01 00:00:00 Result= URL=)
2023-06-24 23:42:21 [4] Confirmed the "Link Alive Check". (NextTime=1970-01-01 00:00:00 Result= URL=)
2023-06-24 23:42:21 [5] Confirmed the "Link Alive Check". (NextTime=1970-01-01 00:00:00 Result= URL=)
