2021-05-14 00:09:32 There were 279 links that passed the next "Link Alive Check" confirmation date and time.
2021-05-14 00:09:33 [1] Confirmed the "Link Alive Check". (NextTime=1970-01-01 00:00:00 Result= URL=)
2021-05-14 00:09:33 [2] Confirmed the "Link Alive Check". (NextTime=1970-01-01 00:00:00 Result= URL=)
2021-05-14 00:09:33 [3] Confirmed the "Link Alive Check". (NextTime=1970-01-01 00:00:00 Result= URL=)
2021-05-14 00:09:33 [4] Confirmed the "Link Alive Check". (NextTime=1970-01-01 00:00:00 Result= URL=)
2021-05-14 00:09:34 [5] Confirmed the "Link Alive Check". (NextTime=1970-01-01 00:00:00 Result= URL=)
2021-05-14 00:25:11 There were 279 links that passed the next "Link Alive Check" confirmation date and time.
2021-05-14 00:25:11 [1] Confirmed the "Link Alive Check". (NextTime=1970-01-01 00:00:00 Result= URL=)
2021-05-14 00:25:12 [2] Confirmed the "Link Alive Check". (NextTime=1970-01-01 00:00:00 Result= URL=)
2021-05-14 00:25:12 [3] Confirmed the "Link Alive Check". (NextTime=1970-01-01 00:00:00 Result= URL=)
2021-05-14 00:25:12 [4] Confirmed the "Link Alive Check". (NextTime=1970-01-01 00:00:00 Result= URL=)
2021-05-14 00:25:12 [5] Confirmed the "Link Alive Check". (NextTime=1970-01-01 00:00:00 Result= URL=)
2021-05-14 00:34:26 There were 1 links that passed the next "Check SNS Count" confirmation date and time.
2021-05-14 00:34:26 [1] Confirmed the "Check SNS Count". (NextTime=2021-03-21 07:05:08 URL=https://sekailab.com/wp/2018/08/31/review-mistel-barocco-md650l/)
2021-05-14 00:49:29 There were 279 links that passed the next "Link Alive Check" confirmation date and time.
2021-05-14 00:49:29 [1] Confirmed the "Link Alive Check". (NextTime=1970-01-01 00:00:00 Result= URL=)
2021-05-14 00:49:30 [2] Confirmed the "Link Alive Check". (NextTime=1970-01-01 00:00:00 Result= URL=)
2021-05-14 00:49:30 [3] Confirmed the "Link Alive Check". (NextTime=1970-01-01 00:00:00 Result= URL=)
2021-05-14 00:49:30 [4] Confirmed the "Link Alive Check". (NextTime=1970-01-01 00:00:00 Result= URL=)
2021-05-14 00:49:31 [5] Confirmed the "Link Alive Check". (NextTime=1970-01-01 00:00:00 Result= URL=)
2021-05-14 01:09:59 There were 279 links that passed the next "Link Alive Check" confirmation date and time.
2021-05-14 01:10:00 [1] Confirmed the "Link Alive Check". (NextTime=1970-01-01 00:00:00 Result= URL=)
2021-05-14 01:10:00 [2] Confirmed the "Link Alive Check". (NextTime=1970-01-01 00:00:00 Result= URL=)
2021-05-14 01:10:00 [3] Confirmed the "Link Alive Check". (NextTime=1970-01-01 00:00:00 Result= URL=)
2021-05-14 01:10:01 [4] Confirmed the "Link Alive Check". (NextTime=1970-01-01 00:00:00 Result= URL=)
2021-05-14 01:10:01 [5] Confirmed the "Link Alive Check". (NextTime=1970-01-01 00:00:00 Result= URL=)
2021-05-14 01:28:41 There were 279 links that passed the next "Link Alive Check" confirmation date and time.
2021-05-14 01:28:41 [1] Confirmed the "Link Alive Check". (NextTime=1970-01-01 00:00:00 Result= URL=)
2021-05-14 01:28:42 [2] Confirmed the "Link Alive Check". (NextTime=1970-01-01 00:00:00 Result= URL=)
2021-05-14 01:28:42 [3] Confirmed the "Link Alive Check". (NextTime=1970-01-01 00:00:00 Result= URL=)
2021-05-14 01:28:42 [4] Confirmed the "Link Alive Check". (NextTime=1970-01-01 00:00:00 Result= URL=)
2021-05-14 01:28:43 [5] Confirmed the "Link Alive Check". (NextTime=1970-01-01 00:00:00 Result= URL=)
2021-05-14 01:34:45 There were 2 links that passed the next "Check SNS Count" confirmation date and time.
2021-05-14 01:34:45 [1] Confirmed the "Check SNS Count". (NextTime=2021-03-20 01:00:20 URL=https://learn.unity.com/tutorial/working-with-the-unity-recorder-2019-3#5e1efe8bedbc2a0029fbc0d6)
2021-05-14 01:34:45 [2] Confirmed the "Check SNS Count". (NextTime=2021-03-21 15:55:19 URL=https://sekailab.com/wp/2018/01/06/15w-chinese-laser-cutter-2/)
2021-05-14 01:49:41 There were 279 links that passed the next "Link Alive Check" confirmation date and time.
2021-05-14 01:49:42 [1] Confirmed the "Link Alive Check". (NextTime=1970-01-01 00:00:00 Result= URL=)
2021-05-14 01:49:42 [2] Confirmed the "Link Alive Check". (NextTime=1970-01-01 00:00:00 Result= URL=)
2021-05-14 01:49:42 [3] Confirmed the "Link Alive Check". (NextTime=1970-01-01 00:00:00 Result= URL=)
2021-05-14 01:49:43 [4] Confirmed the "Link Alive Check". (NextTime=1970-01-01 00:00:00 Result= URL=)
2021-05-14 01:49:43 [5] Confirmed the "Link Alive Check". (NextTime=1970-01-01 00:00:00 Result= URL=)
2021-05-14 02:04:09 There were 279 links that passed the next "Link Alive Check" confirmation date and time.
2021-05-14 02:04:10 [1] Confirmed the "Link Alive Check". (NextTime=1970-01-01 00:00:00 Result= URL=)
2021-05-14 02:04:10 [2] Confirmed the "Link Alive Check". (NextTime=1970-01-01 00:00:00 Result= URL=)
2021-05-14 02:04:10 [3] Confirmed the "Link Alive Check". (NextTime=1970-01-01 00:00:00 Result= URL=)
2021-05-14 02:04:10 [4] Confirmed the "Link Alive Check". (NextTime=1970-01-01 00:00:00 Result= URL=)
2021-05-14 02:04:11 [5] Confirmed the "Link Alive Check". (NextTime=1970-01-01 00:00:00 Result= URL=)
2021-05-14 02:28:53 There were 279 links that passed the next "Link Alive Check" confirmation date and time.
2021-05-14 02:28:54 [1] Confirmed the "Link Alive Check". (NextTime=1970-01-01 00:00:00 Result= URL=)
2021-05-14 02:28:54 [2] Confirmed the "Link Alive Check". (NextTime=1970-01-01 00:00:00 Result= URL=)
2021-05-14 02:28:54 [3] Confirmed the "Link Alive Check". (NextTime=1970-01-01 00:00:00 Result= URL=)
2021-05-14 02:28:55 [4] Confirmed the "Link Alive Check". (NextTime=1970-01-01 00:00:00 Result= URL=)
2021-05-14 02:28:55 [5] Confirmed the "Link Alive Check". (NextTime=1970-01-01 00:00:00 Result= URL=)
2021-05-14 02:36:27 There were 3 links that passed the next "Check SNS Count" confirmation date and time.
2021-05-14 02:36:27 [1] Confirmed the "Check SNS Count". (NextTime=2021-03-22 00:13:21 URL=https://www.amazon.co.jp/ZORTRAX-%E3%80%90%E6%AD%A3%E8%A6%8F%E4%BB%A3%E7%90%86%E5%BA%97%E3%80%91ZORTRAX-M200-3D%E3%83%97%E3%83%AA%E3%83%B3%E3%82%BF%E3%83%BC-FDM/dp/B00UWEZ8RE/ref=as_li_ss_il?ie=UTF8&#038;qid=1514638656&#038;sr=8-1&#038;keywords=zortrax+m200&#038;linkCode=li2&#038;tag=drunkar-22&#038;linkId=8b8050f533516d0f9f8e07e71693bd99)
2021-05-14 02:36:27 [2] Confirmed the "Check SNS Count". (NextTime=2021-04-05 17:53:59 URL=https://github.com/NVIDIA/vid2vid)
2021-05-14 02:36:27 [3] Confirmed the "Check SNS Count". (NextTime=2021-03-24 17:14:03 URL=https://sekailab.com/wp/2014/02/24/gitlab-gitlab_ci-jenkins-in-the-same-server/)
2021-05-14 02:50:26 There were 279 links that passed the next "Link Alive Check" confirmation date and time.
2021-05-14 02:50:26 [1] Confirmed the "Link Alive Check". (NextTime=1970-01-01 00:00:00 Result= URL=)
2021-05-14 02:50:26 [2] Confirmed the "Link Alive Check". (NextTime=1970-01-01 00:00:00 Result= URL=)
2021-05-14 02:50:27 [3] Confirmed the "Link Alive Check". (NextTime=1970-01-01 00:00:00 Result= URL=)
2021-05-14 02:50:27 [4] Confirmed the "Link Alive Check". (NextTime=1970-01-01 00:00:00 Result= URL=)
2021-05-14 02:50:27 [5] Confirmed the "Link Alive Check". (NextTime=1970-01-01 00:00:00 Result= URL=)
2021-05-14 03:04:19 There were 279 links that passed the next "Link Alive Check" confirmation date and time.
2021-05-14 03:04:20 [1] Confirmed the "Link Alive Check". (NextTime=1970-01-01 00:00:00 Result= URL=)
2021-05-14 03:04:20 [2] Confirmed the "Link Alive Check". (NextTime=1970-01-01 00:00:00 Result= URL=)
2021-05-14 03:04:20 [3] Confirmed the "Link Alive Check". (NextTime=1970-01-01 00:00:00 Result= URL=)
2021-05-14 03:04:21 [4] Confirmed the "Link Alive Check". (NextTime=1970-01-01 00:00:00 Result= URL=)
2021-05-14 03:04:21 [5] Confirmed the "Link Alive Check". (NextTime=1970-01-01 00:00:00 Result= URL=)
2021-05-14 03:31:04 There were 279 links that passed the next "Link Alive Check" confirmation date and time.
2021-05-14 03:31:04 [1] Confirmed the "Link Alive Check". (NextTime=1970-01-01 00:00:00 Result= URL=)
2021-05-14 03:31:05 [2] Confirmed the "Link Alive Check". (NextTime=1970-01-01 00:00:00 Result= URL=)
2021-05-14 03:31:05 [3] Confirmed the "Link Alive Check". (NextTime=1970-01-01 00:00:00 Result= URL=)
2021-05-14 03:31:05 [4] Confirmed the "Link Alive Check". (NextTime=1970-01-01 00:00:00 Result= URL=)
2021-05-14 03:31:06 [5] Confirmed the "Link Alive Check". (NextTime=1970-01-01 00:00:00 Result= URL=)
2021-05-14 03:34:19 There were 0 links that passed the next "Check SNS Count" confirmation date and time.
2021-05-14 03:51:03 There were 279 links that passed the next "Link Alive Check" confirmation date and time.
2021-05-14 03:51:03 [1] Confirmed the "Link Alive Check". (NextTime=1970-01-01 00:00:00 Result= URL=)
2021-05-14 03:51:03 [2] Confirmed the "Link Alive Check". (NextTime=1970-01-01 00:00:00 Result= URL=)
2021-05-14 03:51:04 [3] Confirmed the "Link Alive Check". (NextTime=1970-01-01 00:00:00 Result= URL=)
2021-05-14 03:51:04 [4] Confirmed the "Link Alive Check". (NextTime=1970-01-01 00:00:00 Result= URL=)
2021-05-14 03:51:04 [5] Confirmed the "Link Alive Check". (NextTime=1970-01-01 00:00:00 Result= URL=)
2021-05-14 04:05:51 There were 279 links that passed the next "Link Alive Check" confirmation date and time.
2021-05-14 04:05:52 [1] Confirmed the "Link Alive Check". (NextTime=1970-01-01 00:00:00 Result= URL=)
2021-05-14 04:05:52 [2] Confirmed the "Link Alive Check". (NextTime=1970-01-01 00:00:00 Result= URL=)
2021-05-14 04:05:52 [3] Confirmed the "Link Alive Check". (NextTime=1970-01-01 00:00:00 Result= URL=)
2021-05-14 04:05:53 [4] Confirmed the "Link Alive Check". (NextTime=1970-01-01 00:00:00 Result= URL=)
2021-05-14 04:05:53 [5] Confirmed the "Link Alive Check". (NextTime=1970-01-01 00:00:00 Result= URL=)
2021-05-14 04:32:05 There were 279 links that passed the next "Link Alive Check" confirmation date and time.
2021-05-14 04:32:06 [1] Confirmed the "Link Alive Check". (NextTime=1970-01-01 00:00:00 Result= URL=)
2021-05-14 04:32:06 [2] Confirmed the "Link Alive Check". (NextTime=1970-01-01 00:00:00 Result= URL=)
2021-05-14 04:32:06 [3] Confirmed the "Link Alive Check". (NextTime=1970-01-01 00:00:00 Result= URL=)
2021-05-14 04:32:07 [4] Confirmed the "Link Alive Check". (NextTime=1970-01-01 00:00:00 Result= URL=)
2021-05-14 04:32:07 [5] Confirmed the "Link Alive Check". (NextTime=1970-01-01 00:00:00 Result= URL=)
2021-05-14 04:37:13 There were 0 links that passed the next "Check SNS Count" confirmation date and time.
2021-05-14 04:51:10 There were 279 links that passed the next "Link Alive Check" confirmation date and time.
2021-05-14 04:51:11 [1] Confirmed the "Link Alive Check". (NextTime=1970-01-01 00:00:00 Result= URL=)
2021-05-14 04:51:11 [2] Confirmed the "Link Alive Check". (NextTime=1970-01-01 00:00:00 Result= URL=)
2021-05-14 04:51:12 [3] Confirmed the "Link Alive Check". (NextTime=1970-01-01 00:00:00 Result= URL=)
2021-05-14 04:51:12 [4] Confirmed the "Link Alive Check". (NextTime=1970-01-01 00:00:00 Result= URL=)
2021-05-14 04:51:12 [5] Confirmed the "Link Alive Check". (NextTime=1970-01-01 00:00:00 Result= URL=)
2021-05-14 05:07:55 There were 279 links that passed the next "Link Alive Check" confirmation date and time.
2021-05-14 05:07:55 [1] Confirmed the "Link Alive Check". (NextTime=1970-01-01 00:00:00 Result= URL=)
2021-05-14 05:07:56 [2] Confirmed the "Link Alive Check". (NextTime=1970-01-01 00:00:00 Result= URL=)
2021-05-14 05:07:56 [3] Confirmed the "Link Alive Check". (NextTime=1970-01-01 00:00:00 Result= URL=)
2021-05-14 05:07:57 [4] Confirmed the "Link Alive Check". (NextTime=1970-01-01 00:00:00 Result= URL=)
2021-05-14 05:07:57 [5] Confirmed the "Link Alive Check". (NextTime=1970-01-01 00:00:00 Result= URL=)
2021-05-14 05:34:19 There were 279 links that passed the next "Link Alive Check" confirmation date and time.
2021-05-14 05:34:19 [1] Confirmed the "Link Alive Check". (NextTime=1970-01-01 00:00:00 Result= URL=)
2021-05-14 05:34:20 [2] Confirmed the "Link Alive Check". (NextTime=1970-01-01 00:00:00 Result= URL=)
2021-05-14 05:34:20 [3] Confirmed the "Link Alive Check". (NextTime=1970-01-01 00:00:00 Result= URL=)
2021-05-14 05:34:20 [4] Confirmed the "Link Alive Check". (NextTime=1970-01-01 00:00:00 Result= URL=)
2021-05-14 05:34:21 [5] Confirmed the "Link Alive Check". (NextTime=1970-01-01 00:00:00 Result= URL=)
2021-05-14 05:34:21 There were 0 links that passed the next "Check SNS Count" confirmation date and time.
2021-05-14 05:51:54 There were 279 links that passed the next "Link Alive Check" confirmation date and time.
2021-05-14 05:51:55 [1] Confirmed the "Link Alive Check". (NextTime=1970-01-01 00:00:00 Result= URL=)
2021-05-14 05:51:55 [2] Confirmed the "Link Alive Check". (NextTime=1970-01-01 00:00:00 Result= URL=)
2021-05-14 05:51:56 [3] Confirmed the "Link Alive Check". (NextTime=1970-01-01 00:00:00 Result= URL=)
2021-05-14 05:51:56 [4] Confirmed the "Link Alive Check". (NextTime=1970-01-01 00:00:00 Result= URL=)
2021-05-14 05:51:56 [5] Confirmed the "Link Alive Check". (NextTime=1970-01-01 00:00:00 Result= URL=)
2021-05-14 06:08:05 There were 279 links that passed the next "Link Alive Check" confirmation date and time.
2021-05-14 06:08:06 [1] Confirmed the "Link Alive Check". (NextTime=1970-01-01 00:00:00 Result= URL=)
2021-05-14 06:08:06 [2] Confirmed the "Link Alive Check". (NextTime=1970-01-01 00:00:00 Result= URL=)
2021-05-14 06:08:06 [3] Confirmed the "Link Alive Check". (NextTime=1970-01-01 00:00:00 Result= URL=)
2021-05-14 06:08:06 [4] Confirmed the "Link Alive Check". (NextTime=1970-01-01 00:00:00 Result= URL=)
2021-05-14 06:08:07 [5] Confirmed the "Link Alive Check". (NextTime=1970-01-01 00:00:00 Result= URL=)
2021-05-14 06:34:17 There were 0 links that passed the next "Check SNS Count" confirmation date and time.
2021-05-14 06:34:41 There were 279 links that passed the next "Link Alive Check" confirmation date and time.
2021-05-14 06:34:42 [1] Confirmed the "Link Alive Check". (NextTime=1970-01-01 00:00:00 Result= URL=)
2021-05-14 06:34:42 [2] Confirmed the "Link Alive Check". (NextTime=1970-01-01 00:00:00 Result= URL=)
2021-05-14 06:34:42 [3] Confirmed the "Link Alive Check". (NextTime=1970-01-01 00:00:00 Result= URL=)
2021-05-14 06:34:43 [4] Confirmed the "Link Alive Check". (NextTime=1970-01-01 00:00:00 Result= URL=)
2021-05-14 06:34:43 [5] Confirmed the "Link Alive Check". (NextTime=1970-01-01 00:00:00 Result= URL=)
2021-05-14 06:51:59 There were 279 links that passed the next "Link Alive Check" confirmation date and time.
2021-05-14 06:52:00 [1] Confirmed the "Link Alive Check". (NextTime=1970-01-01 00:00:00 Result= URL=)
2021-05-14 06:52:00 [2] Confirmed the "Link Alive Check". (NextTime=1970-01-01 00:00:00 Result= URL=)
2021-05-14 06:52:01 [3] Confirmed the "Link Alive Check". (NextTime=1970-01-01 00:00:00 Result= URL=)
2021-05-14 06:52:01 [4] Confirmed the "Link Alive Check". (NextTime=1970-01-01 00:00:00 Result= URL=)
2021-05-14 06:52:01 [5] Confirmed the "Link Alive Check". (NextTime=1970-01-01 00:00:00 Result= URL=)
2021-05-14 07:08:52 There were 279 links that passed the next "Link Alive Check" confirmation date and time.
2021-05-14 07:08:52 [1] Confirmed the "Link Alive Check". (NextTime=1970-01-01 00:00:00 Result= URL=)
2021-05-14 07:08:52 [2] Confirmed the "Link Alive Check". (NextTime=1970-01-01 00:00:00 Result= URL=)
2021-05-14 07:08:53 [3] Confirmed the "Link Alive Check". (NextTime=1970-01-01 00:00:00 Result= URL=)
2021-05-14 07:08:53 [4] Confirmed the "Link Alive Check". (NextTime=1970-01-01 00:00:00 Result= URL=)
2021-05-14 07:08:53 [5] Confirmed the "Link Alive Check". (NextTime=1970-01-01 00:00:00 Result= URL=)
2021-05-14 07:34:32 There were 0 links that passed the next "Check SNS Count" confirmation date and time.
2021-05-14 07:39:45 There were 279 links that passed the next "Link Alive Check" confirmation date and time.
2021-05-14 07:39:46 [1] Confirmed the "Link Alive Check". (NextTime=1970-01-01 00:00:00 Result= URL=)
2021-05-14 07:39:46 [2] Confirmed the "Link Alive Check". (NextTime=1970-01-01 00:00:00 Result= URL=)
2021-05-14 07:39:46 [3] Confirmed the "Link Alive Check". (NextTime=1970-01-01 00:00:00 Result= URL=)
2021-05-14 07:39:47 [4] Confirmed the "Link Alive Check". (NextTime=1970-01-01 00:00:00 Result= URL=)
2021-05-14 07:39:47 [5] Confirmed the "Link Alive Check". (NextTime=1970-01-01 00:00:00 Result= URL=)
2021-05-14 07:54:24 There were 279 links that passed the next "Link Alive Check" confirmation date and time.
2021-05-14 07:54:25 [1] Confirmed the "Link Alive Check". (NextTime=1970-01-01 00:00:00 Result= URL=)
2021-05-14 07:54:25 [2] Confirmed the "Link Alive Check". (NextTime=1970-01-01 00:00:00 Result= URL=)
2021-05-14 07:54:25 [3] Confirmed the "Link Alive Check". (NextTime=1970-01-01 00:00:00 Result= URL=)
2021-05-14 07:54:25 [4] Confirmed the "Link Alive Check". (NextTime=1970-01-01 00:00:00 Result= URL=)
2021-05-14 07:54:26 [5] Confirmed the "Link Alive Check". (NextTime=1970-01-01 00:00:00 Result= URL=)
2021-05-14 08:09:31 There were 279 links that passed the next "Link Alive Check" confirmation date and time.
2021-05-14 08:09:31 [1] Confirmed the "Link Alive Check". (NextTime=1970-01-01 00:00:00 Result= URL=)
2021-05-14 08:09:32 [2] Confirmed the "Link Alive Check". (NextTime=1970-01-01 00:00:00 Result= URL=)
2021-05-14 08:09:32 [3] Confirmed the "Link Alive Check". (NextTime=1970-01-01 00:00:00 Result= URL=)
2021-05-14 08:09:32 [4] Confirmed the "Link Alive Check". (NextTime=1970-01-01 00:00:00 Result= URL=)
2021-05-14 08:09:33 [5] Confirmed the "Link Alive Check". (NextTime=1970-01-01 00:00:00 Result= URL=)
2021-05-14 08:34:22 There were 4 links that passed the next "Check SNS Count" confirmation date and time.
2021-05-14 08:34:22 [1] Confirmed the "Check SNS Count". (NextTime=2021-03-23 03:28:45 URL=https://www.banggood.com/International-Version-Xiaomi-AMAZFIT-Huami-Stratos-Sports-Smart-Watch-2-GPS-1_34inch-2_5D-Screen-5ATM-p-1240814.html?p=K226105168701201606R)
2021-05-14 08:34:22 [2] Confirmed the "Check SNS Count". (NextTime=2021-04-14 23:36:28 URL=https://sekailab.com/wp/2020/03/25/deepl-translation-with-kindle-cloud-reader)
2021-05-14 08:34:22 [3] Confirmed the "Check SNS Count". (NextTime=2021-03-21 23:30:41 URL=https://www.amazon.co.jp/%E3%82%A8%E3%83%AC%E3%82%B3%E3%83%A0-%E3%83%90%E3%83%83%E3%82%B0%E3%82%A4%E3%83%B3%E3%83%90%E3%83%83%E3%82%B0-%E3%82%AC%E3%82%B8%E3%82%A7%E3%83%83%E3%83%88%E5%8F%8E%E7%B4%8D-%E3%82%B9%E3%83%88%E3%83%AC%E3%83%83%E3%83%81%E7%B4%A0%E6%9D%90-BMA-GP10BK/dp/B013J9F684/ref=as_li_ss_il?_encoding=UTF8&#038;pd_rd_i=B013J9F68Y&#038;pd_rd_r=040641d8-8122-11e8-bb0c-dd50569c438f&#038;pd_rd_w=I4EYc&#038;pd_rd_wg=0Wqto&#038;pf_rd_i=desktop-dp-sims&#038;pf_rd_m=AN1VRQENFRJN5&#038;pf_rd_p=3472031948783866574&#038;pf_rd_r=VQKKKEAD2YHT0SNXC6G2&#038;pf_rd_s=desktop-dp-sims&#038;pf_rd_t=40701&#038;refRID=VQKKKEAD2YHT0SNXC6G2&#038;th=1&#038;linkCode=li2&#038;tag=drunkar-22&#038;linkId=7ef50d437e6ccbc5406dae6740defcb5)
2021-05-14 08:34:22 [4] Confirmed the "Check SNS Count". (NextTime=2021-04-07 14:47:21 URL=https://www.banggood.com/Vivibright-GP100UP-Android-6_01-WIFI-Smart-LED-Projector-3500-Lumens-1280x800p-1080P-HD-Home-Theater-p-1203164.html?p=YT180431296767201903&#038;cur_warehouse=CN)
2021-05-14 08:40:06 There were 279 links that passed the next "Link Alive Check" confirmation date and time.
2021-05-14 08:40:06 [1] Confirmed the "Link Alive Check". (NextTime=1970-01-01 00:00:00 Result= URL=)
2021-05-14 08:40:06 [2] Confirmed the "Link Alive Check". (NextTime=1970-01-01 00:00:00 Result= URL=)
2021-05-14 08:40:07 [3] Confirmed the "Link Alive Check". (NextTime=1970-01-01 00:00:00 Result= URL=)
2021-05-14 08:40:07 [4] Confirmed the "Link Alive Check". (NextTime=1970-01-01 00:00:00 Result= URL=)
2021-05-14 08:40:07 [5] Confirmed the "Link Alive Check". (NextTime=1970-01-01 00:00:00 Result= URL=)
2021-05-14 08:55:14 There were 279 links that passed the next "Link Alive Check" confirmation date and time.
2021-05-14 08:55:15 [1] Confirmed the "Link Alive Check". (NextTime=1970-01-01 00:00:00 Result= URL=)
2021-05-14 08:55:15 [2] Confirmed the "Link Alive Check". (NextTime=1970-01-01 00:00:00 Result= URL=)
2021-05-14 08:55:15 [3] Confirmed the "Link Alive Check". (NextTime=1970-01-01 00:00:00 Result= URL=)
2021-05-14 08:55:16 [4] Confirmed the "Link Alive Check". (NextTime=1970-01-01 00:00:00 Result= URL=)
2021-05-14 08:55:16 [5] Confirmed the "Link Alive Check". (NextTime=1970-01-01 00:00:00 Result= URL=)
2021-05-14 09:10:16 There were 279 links that passed the next "Link Alive Check" confirmation date and time.
2021-05-14 09:10:17 [1] Confirmed the "Link Alive Check". (NextTime=1970-01-01 00:00:00 Result= URL=)
2021-05-14 09:10:17 [2] Confirmed the "Link Alive Check". (NextTime=1970-01-01 00:00:00 Result= URL=)
2021-05-14 09:10:17 [3] Confirmed the "Link Alive Check". (NextTime=1970-01-01 00:00:00 Result= URL=)
2021-05-14 09:10:18 [4] Confirmed the "Link Alive Check". (NextTime=1970-01-01 00:00:00 Result= URL=)
2021-05-14 09:10:18 [5] Confirmed the "Link Alive Check". (NextTime=1970-01-01 00:00:00 Result= URL=)
2021-05-14 09:35:22 There were 1 links that passed the next "Check SNS Count" confirmation date and time.
2021-05-14 09:35:22 [1] Confirmed the "Check SNS Count". (NextTime=2021-03-26 08:44:23 URL=https://www.switch-science.com/catalog/5760/)
2021-05-14 09:40:36 There were 279 links that passed the next "Link Alive Check" confirmation date and time.
2021-05-14 09:40:36 [1] Confirmed the "Link Alive Check". (NextTime=1970-01-01 00:00:00 Result= URL=)
2021-05-14 09:40:37 [2] Confirmed the "Link Alive Check". (NextTime=1970-01-01 00:00:00 Result= URL=)
2021-05-14 09:40:37 [3] Confirmed the "Link Alive Check". (NextTime=1970-01-01 00:00:00 Result= URL=)
2021-05-14 09:40:38 [4] Confirmed the "Link Alive Check". (NextTime=1970-01-01 00:00:00 Result= URL=)
2021-05-14 09:40:38 [5] Confirmed the "Link Alive Check". (NextTime=1970-01-01 00:00:00 Result= URL=)
2021-05-14 09:56:38 There were 279 links that passed the next "Link Alive Check" confirmation date and time.
2021-05-14 09:56:38 [1] Confirmed the "Link Alive Check". (NextTime=1970-01-01 00:00:00 Result= URL=)
2021-05-14 09:56:38 [2] Confirmed the "Link Alive Check". (NextTime=1970-01-01 00:00:00 Result= URL=)
2021-05-14 09:56:39 [3] Confirmed the "Link Alive Check". (NextTime=1970-01-01 00:00:00 Result= URL=)
2021-05-14 09:56:39 [4] Confirmed the "Link Alive Check". (NextTime=1970-01-01 00:00:00 Result= URL=)
2021-05-14 09:56:39 [5] Confirmed the "Link Alive Check". (NextTime=1970-01-01 00:00:00 Result= URL=)
2021-05-14 10:13:01 There were 279 links that passed the next "Link Alive Check" confirmation date and time.
2021-05-14 10:13:02 [1] Confirmed the "Link Alive Check". (NextTime=1970-01-01 00:00:00 Result= URL=)
2021-05-14 10:13:02 [2] Confirmed the "Link Alive Check". (NextTime=1970-01-01 00:00:00 Result= URL=)
2021-05-14 10:13:02 [3] Confirmed the "Link Alive Check". (NextTime=1970-01-01 00:00:00 Result= URL=)
2021-05-14 10:13:03 [4] Confirmed the "Link Alive Check". (NextTime=1970-01-01 00:00:00 Result= URL=)
2021-05-14 10:13:03 [5] Confirmed the "Link Alive Check". (NextTime=1970-01-01 00:00:00 Result= URL=)
2021-05-14 10:34:19 There were 2 links that passed the next "Check SNS Count" confirmation date and time.
2021-05-14 10:34:19 [1] Confirmed the "Check SNS Count". (NextTime=2021-03-25 11:57:49 URL=https://sekailab.com/wp/2013/07/29/interaction-wit-massan/)
2021-05-14 10:34:19 [2] Confirmed the "Check SNS Count". (NextTime=2021-03-21 10:49:03 URL=https://gist.github.com/Drunkar/d3be687b0eb03c3f341f5d4b8edfbf07)
2021-05-14 10:40:50 There were 279 links that passed the next "Link Alive Check" confirmation date and time.
2021-05-14 10:40:50 [1] Confirmed the "Link Alive Check". (NextTime=1970-01-01 00:00:00 Result= URL=)
2021-05-14 10:40:51 [2] Confirmed the "Link Alive Check". (NextTime=1970-01-01 00:00:00 Result= URL=)
2021-05-14 10:40:51 [3] Confirmed the "Link Alive Check". (NextTime=1970-01-01 00:00:00 Result= URL=)
2021-05-14 10:40:51 [4] Confirmed the "Link Alive Check". (NextTime=1970-01-01 00:00:00 Result= URL=)
2021-05-14 10:40:52 [5] Confirmed the "Link Alive Check". (NextTime=1970-01-01 00:00:00 Result= URL=)
2021-05-14 10:58:20 There were 279 links that passed the next "Link Alive Check" confirmation date and time.
2021-05-14 10:58:21 [1] Confirmed the "Link Alive Check". (NextTime=1970-01-01 00:00:00 Result= URL=)
2021-05-14 10:58:21 [2] Confirmed the "Link Alive Check". (NextTime=1970-01-01 00:00:00 Result= URL=)
2021-05-14 10:58:21 [3] Confirmed the "Link Alive Check". (NextTime=1970-01-01 00:00:00 Result= URL=)
2021-05-14 10:58:22 [4] Confirmed the "Link Alive Check". (NextTime=1970-01-01 00:00:00 Result= URL=)
2021-05-14 10:58:22 [5] Confirmed the "Link Alive Check". (NextTime=1970-01-01 00:00:00 Result= URL=)
2021-05-14 11:13:03 There were 279 links that passed the next "Link Alive Check" confirmation date and time.
2021-05-14 11:13:04 [1] Confirmed the "Link Alive Check". (NextTime=1970-01-01 00:00:00 Result= URL=)
2021-05-14 11:13:04 [2] Confirmed the "Link Alive Check". (NextTime=1970-01-01 00:00:00 Result= URL=)
2021-05-14 11:13:04 [3] Confirmed the "Link Alive Check". (NextTime=1970-01-01 00:00:00 Result= URL=)
2021-05-14 11:13:05 [4] Confirmed the "Link Alive Check". (NextTime=1970-01-01 00:00:00 Result= URL=)
2021-05-14 11:13:05 [5] Confirmed the "Link Alive Check". (NextTime=1970-01-01 00:00:00 Result= URL=)
2021-05-14 11:34:05 There were 4 links that passed the next "Check SNS Count" confirmation date and time.
2021-05-14 11:34:05 [1] Confirmed the "Check SNS Count". (NextTime=2021-04-15 12:55:42 URL=https://ja.aliexpress.com/item/Wholesale-camera-flash-bracket-L-bracket-bilateral-frame-twin-double-L-bracket-L-bracket/32323286127.html)
2021-05-14 11:34:05 [2] Confirmed the "Check SNS Count". (NextTime=2021-04-10 20:08:11 URL=https://github.com/Drunkar/papers)
2021-05-14 11:34:05 [3] Confirmed the "Check SNS Count". (NextTime=2021-03-25 22:07:02 URL=https://www.amazon.co.jp/gp/product/B0018O10OW/ref=as_li_ss_il?ie=UTF8&#038;psc=1&#038;linkCode=li2&#038;tag=drunkar-22&#038;linkId=5f8eb590e22ac072f26ba7a6ef60007f)
2021-05-14 11:34:05 [4] Confirmed the "Check SNS Count". (NextTime=2021-03-28 21:34:13 URL=https://sekailab.com/wp/2019/05/08/google-translation-with-kindle-cloud-reader/)
2021-05-14 11:41:02 There were 279 links that passed the next "Link Alive Check" confirmation date and time.
2021-05-14 11:41:02 [1] Confirmed the "Link Alive Check". (NextTime=1970-01-01 00:00:00 Result= URL=)
2021-05-14 11:41:02 [2] Confirmed the "Link Alive Check". (NextTime=1970-01-01 00:00:00 Result= URL=)
2021-05-14 11:41:03 [3] Confirmed the "Link Alive Check". (NextTime=1970-01-01 00:00:00 Result= URL=)
2021-05-14 11:41:03 [4] Confirmed the "Link Alive Check". (NextTime=1970-01-01 00:00:00 Result= URL=)
2021-05-14 11:41:03 [5] Confirmed the "Link Alive Check". (NextTime=1970-01-01 00:00:00 Result= URL=)
2021-05-14 11:58:37 There were 279 links that passed the next "Link Alive Check" confirmation date and time.
2021-05-14 11:58:37 [1] Confirmed the "Link Alive Check". (NextTime=1970-01-01 00:00:00 Result= URL=)
2021-05-14 11:58:37 [2] Confirmed the "Link Alive Check". (NextTime=1970-01-01 00:00:00 Result= URL=)
2021-05-14 11:58:38 [3] Confirmed the "Link Alive Check". (NextTime=1970-01-01 00:00:00 Result= URL=)
2021-05-14 11:58:38 [4] Confirmed the "Link Alive Check". (NextTime=1970-01-01 00:00:00 Result= URL=)
2021-05-14 11:58:39 [5] Confirmed the "Link Alive Check". (NextTime=1970-01-01 00:00:00 Result= URL=)
2021-05-14 12:14:40 There were 279 links that passed the next "Link Alive Check" confirmation date and time.
2021-05-14 12:14:40 [1] Confirmed the "Link Alive Check". (NextTime=1970-01-01 00:00:00 Result= URL=)
2021-05-14 12:14:41 [2] Confirmed the "Link Alive Check". (NextTime=1970-01-01 00:00:00 Result= URL=)
2021-05-14 12:14:41 [3] Confirmed the "Link Alive Check". (NextTime=1970-01-01 00:00:00 Result= URL=)
2021-05-14 12:14:42 [4] Confirmed the "Link Alive Check". (NextTime=1970-01-01 00:00:00 Result= URL=)
2021-05-14 12:14:42 [5] Confirmed the "Link Alive Check". (NextTime=1970-01-01 00:00:00 Result= URL=)
2021-05-14 12:34:15 There were 2 links that passed the next "Check SNS Count" confirmation date and time.
2021-05-14 12:34:15 [1] Confirmed the "Check SNS Count". (NextTime=2021-03-25 06:11:22 URL=https://www.amazon.co.jp/Opolar-LC06%E5%90%B8%E5%BC%95%E5%BC%8F%E3%83%8E%E3%83%BC%E3%83%88PC%E5%86%B7%E5%8D%B4%E3%83%95%E3%82%A1%E3%83%B3-%E4%BB%BB%E5%A4%A9%E5%A0%82-Nintendo-Switch%E5%86%B7%E5%8D%B4%E3%83%8E%E3%83%BC%E3%83%88%E3%82%AF%E3%83%BC%E3%83%A9%E3%83%BC-pc%E3%82%AF%E3%83%BC%E3%83%A9%E3%83%BC%E3%83%95%E3%82%A1%E3%83%B3-%E3%82%B3%E3%83%B3%E3%83%91%E3%82%AF%E3%83%88-%E9%9D%99%E9%9F%B3-%E6%B8%A9%E5%BA%A6%E3%81%8C%E8%A1%A8%E7%A4%BA%E3%81%95%E3%82%8C-%E3%83%95%E3%82%A1%E3%83%B3%E3%82%B9%E3%83%94%E3%83%BC%E3%83%89%E8%AA%BF%E6%95%B4%E3%81%8C%E3%81%A7%E3%81%8D-%E3%83%8E%E3%83%BC%E3%83%88PC%E3%81%AE%E5%86%B7%E5%8D%B4%E5%8F%B0-PS4-%E3%83%8B%E3%83%B3%E3%83%86%E3%83%B3%E3%83%89%E3%83%BC%E3%82%B9%E3%82%A4%E3%83%83%E3%83%81%E3%81%AE%E5%86%B7%E5%8D%B4/dp/B01LWN5LTV/ref=as_li_ss_il?ie=UTF8&#038;qid=1528536509&#038;sr=8-6&#038;keywords=%E3%83%8E%E3%83%BC%E3%83%88pc+%E5%86%B7%E5%8D%B4&#038;linkCode=li2&#038;tag=drunkar-22&#038;linkId=160e8cbd24da9a792e255e7af25be6c7)
2021-05-14 12:34:16 [2] Confirmed the "Check SNS Count". (NextTime=2021-04-18 05:41:41 URL=https://www.amazon.co.jp/HARIO-%E3%83%8F%E3%83%AA%E3%82%AA-%E3%82%AB%E3%83%95%E3%82%A7%E3%82%AA%E3%83%BC%E3%83%AB-%E3%82%B3%E3%83%BC%E3%83%92%E3%83%BC%E3%83%89%E3%83%AA%E3%83%83%E3%83%97-CFO-1B/dp/B001LROSZ4/ref=as_li_ss_il?__mk_ja_JP=%E3%82%AB%E3%82%BF%E3%82%AB%E3%83%8A&#038;keywords=%E3%82%AB%E3%83%95%E3%82%A7%E3%82%AA%E3%83%BC%E3%83%AB&#038;qid=1585585674&#038;sr=8-2&#038;linkCode=li2&#038;tag=drunkar-22&#038;linkId=f1f43f6cec9554c6f2b4a4e8d5f43619)
2021-05-14 12:41:07 There were 279 links that passed the next "Link Alive Check" confirmation date and time.
2021-05-14 12:41:07 [1] Confirmed the "Link Alive Check". (NextTime=1970-01-01 00:00:00 Result= URL=)
2021-05-14 12:41:08 [2] Confirmed the "Link Alive Check". (NextTime=1970-01-01 00:00:00 Result= URL=)
2021-05-14 12:41:08 [3] Confirmed the "Link Alive Check". (NextTime=1970-01-01 00:00:00 Result= URL=)
2021-05-14 12:41:08 [4] Confirmed the "Link Alive Check". (NextTime=1970-01-01 00:00:00 Result= URL=)
2021-05-14 12:41:09 [5] Confirmed the "Link Alive Check". (NextTime=1970-01-01 00:00:00 Result= URL=)
2021-05-14 12:58:49 There were 279 links that passed the next "Link Alive Check" confirmation date and time.
2021-05-14 12:58:49 [1] Confirmed the "Link Alive Check". (NextTime=1970-01-01 00:00:00 Result= URL=)
2021-05-14 12:58:50 [2] Confirmed the "Link Alive Check". (NextTime=1970-01-01 00:00:00 Result= URL=)
2021-05-14 12:58:50 [3] Confirmed the "Link Alive Check". (NextTime=1970-01-01 00:00:00 Result= URL=)
2021-05-14 12:58:50 [4] Confirmed the "Link Alive Check". (NextTime=1970-01-01 00:00:00 Result= URL=)
2021-05-14 12:58:51 [5] Confirmed the "Link Alive Check". (NextTime=1970-01-01 00:00:00 Result= URL=)
2021-05-14 13:14:48 There were 279 links that passed the next "Link Alive Check" confirmation date and time.
2021-05-14 13:14:48 [1] Confirmed the "Link Alive Check". (NextTime=1970-01-01 00:00:00 Result= URL=)
2021-05-14 13:14:48 [2] Confirmed the "Link Alive Check". (NextTime=1970-01-01 00:00:00 Result= URL=)
2021-05-14 13:14:49 [3] Confirmed the "Link Alive Check". (NextTime=1970-01-01 00:00:00 Result= URL=)
2021-05-14 13:14:49 [4] Confirmed the "Link Alive Check". (NextTime=1970-01-01 00:00:00 Result= URL=)
2021-05-14 13:14:49 [5] Confirmed the "Link Alive Check". (NextTime=1970-01-01 00:00:00 Result= URL=)
2021-05-14 13:34:53 There were 2 links that passed the next "Check SNS Count" confirmation date and time.
2021-05-14 13:34:53 [1] Confirmed the "Check SNS Count". (NextTime=2021-03-26 04:05:48 URL=https://www.youtube.com/channel/UC3xg6UbFoKFcWcNd7QvbUtw/videos)
2021-05-14 13:34:53 [2] Confirmed the "Check SNS Count". (NextTime=2021-03-25 14:52:52 URL=https://www.amazon.co.jp/uxcell-%E8%80%90%E7%86%B1%E3%82%AB%E3%83%97%E3%83%88%E3%83%B3%E3%83%86%E3%83%BC%E3%83%97-%E3%83%9D%E3%83%AA%E3%82%A4%E3%83%9F%E3%83%89-BGA-%E9%AB%98%E6%B8%A9-25mm/dp/B01HTF92YS/ref=as_li_ss_il?ie=UTF8&#038;qid=1527414817&#038;sr=8-2&#038;keywords=%E3%82%AB%E3%83%97%E3%83%88%E3%83%B3%E3%83%86%E3%83%BC%E3%83%97+25mm&#038;linkCode=li2&#038;tag=drunkar-22&#038;linkId=5c160aed08e16dc5d77fb3bb1a348f9a)
2021-05-14 13:42:59 There were 279 links that passed the next "Link Alive Check" confirmation date and time.
2021-05-14 13:42:59 [1] Confirmed the "Link Alive Check". (NextTime=1970-01-01 00:00:00 Result= URL=)
2021-05-14 13:42:59 [2] Confirmed the "Link Alive Check". (NextTime=1970-01-01 00:00:00 Result= URL=)
2021-05-14 13:43:00 [3] Confirmed the "Link Alive Check". (NextTime=1970-01-01 00:00:00 Result= URL=)
2021-05-14 13:43:00 [4] Confirmed the "Link Alive Check". (NextTime=1970-01-01 00:00:00 Result= URL=)
2021-05-14 13:43:01 [5] Confirmed the "Link Alive Check". (NextTime=1970-01-01 00:00:00 Result= URL=)
2021-05-14 13:59:17 There were 279 links that passed the next "Link Alive Check" confirmation date and time.
2021-05-14 13:59:17 [1] Confirmed the "Link Alive Check". (NextTime=1970-01-01 00:00:00 Result= URL=)
2021-05-14 13:59:17 [2] Confirmed the "Link Alive Check". (NextTime=1970-01-01 00:00:00 Result= URL=)
2021-05-14 13:59:18 [3] Confirmed the "Link Alive Check". (NextTime=1970-01-01 00:00:00 Result= URL=)
2021-05-14 13:59:18 [4] Confirmed the "Link Alive Check". (NextTime=1970-01-01 00:00:00 Result= URL=)
2021-05-14 13:59:18 [5] Confirmed the "Link Alive Check". (NextTime=1970-01-01 00:00:00 Result= URL=)
2021-05-14 14:15:03 There were 279 links that passed the next "Link Alive Check" confirmation date and time.
2021-05-14 14:15:03 [1] Confirmed the "Link Alive Check". (NextTime=1970-01-01 00:00:00 Result= URL=)
2021-05-14 14:15:03 [2] Confirmed the "Link Alive Check". (NextTime=1970-01-01 00:00:00 Result= URL=)
2021-05-14 14:15:03 [3] Confirmed the "Link Alive Check". (NextTime=1970-01-01 00:00:00 Result= URL=)
2021-05-14 14:15:04 [4] Confirmed the "Link Alive Check". (NextTime=1970-01-01 00:00:00 Result= URL=)
2021-05-14 14:15:04 [5] Confirmed the "Link Alive Check". (NextTime=1970-01-01 00:00:00 Result= URL=)
2021-05-14 14:34:17 There were 1 links that passed the next "Check SNS Count" confirmation date and time.
2021-05-14 14:34:17 [1] Confirmed the "Check SNS Count". (NextTime=2021-03-20 06:10:49 URL=https://www.amazon.co.jp/gp/product/B077R9R4Y4/ref=as_li_ss_il?ie=UTF8&#038;psc=1&#038;linkCode=li2&#038;tag=drunkar-22&#038;linkId=6b2240196fb9eedbc1594687fc949fc8)
2021-05-14 14:44:58 There were 279 links that passed the next "Link Alive Check" confirmation date and time.
2021-05-14 14:44:59 [1] Confirmed the "Link Alive Check". (NextTime=1970-01-01 00:00:00 Result= URL=)
2021-05-14 14:44:59 [2] Confirmed the "Link Alive Check". (NextTime=1970-01-01 00:00:00 Result= URL=)
2021-05-14 14:44:59 [3] Confirmed the "Link Alive Check". (NextTime=1970-01-01 00:00:00 Result= URL=)
2021-05-14 14:45:00 [4] Confirmed the "Link Alive Check". (NextTime=1970-01-01 00:00:00 Result= URL=)
2021-05-14 14:45:00 [5] Confirmed the "Link Alive Check". (NextTime=1970-01-01 00:00:00 Result= URL=)
2021-05-14 15:00:28 There were 279 links that passed the next "Link Alive Check" confirmation date and time.
2021-05-14 15:00:28 [1] Confirmed the "Link Alive Check". (NextTime=1970-01-01 00:00:00 Result= URL=)
2021-05-14 15:00:28 [2] Confirmed the "Link Alive Check". (NextTime=1970-01-01 00:00:00 Result= URL=)
2021-05-14 15:00:29 [3] Confirmed the "Link Alive Check". (NextTime=1970-01-01 00:00:00 Result= URL=)
2021-05-14 15:00:29 [4] Confirmed the "Link Alive Check". (NextTime=1970-01-01 00:00:00 Result= URL=)
2021-05-14 15:00:29 [5] Confirmed the "Link Alive Check". (NextTime=1970-01-01 00:00:00 Result= URL=)
2021-05-14 15:15:17 There were 279 links that passed the next "Link Alive Check" confirmation date and time.
2021-05-14 15:15:17 [1] Confirmed the "Link Alive Check". (NextTime=1970-01-01 00:00:00 Result= URL=)
2021-05-14 15:15:18 [2] Confirmed the "Link Alive Check". (NextTime=1970-01-01 00:00:00 Result= URL=)
2021-05-14 15:15:18 [3] Confirmed the "Link Alive Check". (NextTime=1970-01-01 00:00:00 Result= URL=)
2021-05-14 15:15:18 [4] Confirmed the "Link Alive Check". (NextTime=1970-01-01 00:00:00 Result= URL=)
2021-05-14 15:15:19 [5] Confirmed the "Link Alive Check". (NextTime=1970-01-01 00:00:00 Result= URL=)
2021-05-14 15:35:10 There were 0 links that passed the next "Check SNS Count" confirmation date and time.
2021-05-14 15:46:44 There were 279 links that passed the next "Link Alive Check" confirmation date and time.
2021-05-14 15:46:45 [1] Confirmed the "Link Alive Check". (NextTime=1970-01-01 00:00:00 Result= URL=)
2021-05-14 15:46:45 [2] Confirmed the "Link Alive Check". (NextTime=1970-01-01 00:00:00 Result= URL=)
2021-05-14 15:46:45 [3] Confirmed the "Link Alive Check". (NextTime=1970-01-01 00:00:00 Result= URL=)
2021-05-14 15:46:46 [4] Confirmed the "Link Alive Check". (NextTime=1970-01-01 00:00:00 Result= URL=)
2021-05-14 15:46:46 [5] Confirmed the "Link Alive Check". (NextTime=1970-01-01 00:00:00 Result= URL=)
2021-05-14 16:01:00 There were 279 links that passed the next "Link Alive Check" confirmation date and time.
2021-05-14 16:01:00 [1] Confirmed the "Link Alive Check". (NextTime=1970-01-01 00:00:00 Result= URL=)
2021-05-14 16:01:00 [2] Confirmed the "Link Alive Check". (NextTime=1970-01-01 00:00:00 Result= URL=)
2021-05-14 16:01:01 [3] Confirmed the "Link Alive Check". (NextTime=1970-01-01 00:00:00 Result= URL=)
2021-05-14 16:01:01 [4] Confirmed the "Link Alive Check". (NextTime=1970-01-01 00:00:00 Result= URL=)
2021-05-14 16:01:01 [5] Confirmed the "Link Alive Check". (NextTime=1970-01-01 00:00:00 Result= URL=)
2021-05-14 16:15:31 There were 279 links that passed the next "Link Alive Check" confirmation date and time.
2021-05-14 16:15:31 [1] Confirmed the "Link Alive Check". (NextTime=1970-01-01 00:00:00 Result= URL=)
2021-05-14 16:15:32 [2] Confirmed the "Link Alive Check". (NextTime=1970-01-01 00:00:00 Result= URL=)
2021-05-14 16:15:32 [3] Confirmed the "Link Alive Check". (NextTime=1970-01-01 00:00:00 Result= URL=)
2021-05-14 16:15:32 [4] Confirmed the "Link Alive Check". (NextTime=1970-01-01 00:00:00 Result= URL=)
2021-05-14 16:15:33 [5] Confirmed the "Link Alive Check". (NextTime=1970-01-01 00:00:00 Result= URL=)
2021-05-14 16:34:38 There were 1 links that passed the next "Check SNS Count" confirmation date and time.
2021-05-14 16:34:39 [1] Confirmed the "Check SNS Count". (NextTime=2021-04-15 03:56:35 URL=https://sekailab.com/wp/2019/03/19/optuna-tensor2tensor)
2021-05-14 16:46:55 There were 279 links that passed the next "Link Alive Check" confirmation date and time.
2021-05-14 16:46:56 [1] Confirmed the "Link Alive Check". (NextTime=1970-01-01 00:00:00 Result= URL=)
2021-05-14 16:46:56 [2] Confirmed the "Link Alive Check". (NextTime=1970-01-01 00:00:00 Result= URL=)
2021-05-14 16:46:56 [3] Confirmed the "Link Alive Check". (NextTime=1970-01-01 00:00:00 Result= URL=)
2021-05-14 16:46:57 [4] Confirmed the "Link Alive Check". (NextTime=1970-01-01 00:00:00 Result= URL=)
2021-05-14 16:46:57 [5] Confirmed the "Link Alive Check". (NextTime=1970-01-01 00:00:00 Result= URL=)
2021-05-14 17:01:35 There were 279 links that passed the next "Link Alive Check" confirmation date and time.
2021-05-14 17:01:35 [1] Confirmed the "Link Alive Check". (NextTime=1970-01-01 00:00:00 Result= URL=)
2021-05-14 17:01:35 [2] Confirmed the "Link Alive Check". (NextTime=1970-01-01 00:00:00 Result= URL=)
2021-05-14 17:01:36 [3] Confirmed the "Link Alive Check". (NextTime=1970-01-01 00:00:00 Result= URL=)
2021-05-14 17:01:36 [4] Confirmed the "Link Alive Check". (NextTime=1970-01-01 00:00:00 Result= URL=)
2021-05-14 17:01:36 [5] Confirmed the "Link Alive Check". (NextTime=1970-01-01 00:00:00 Result= URL=)
2021-05-14 17:16:02 There were 279 links that passed the next "Link Alive Check" confirmation date and time.
2021-05-14 17:16:02 [1] Confirmed the "Link Alive Check". (NextTime=1970-01-01 00:00:00 Result= URL=)
2021-05-14 17:16:02 [2] Confirmed the "Link Alive Check". (NextTime=1970-01-01 00:00:00 Result= URL=)
2021-05-14 17:16:02 [3] Confirmed the "Link Alive Check". (NextTime=1970-01-01 00:00:00 Result= URL=)
2021-05-14 17:16:03 [4] Confirmed the "Link Alive Check". (NextTime=1970-01-01 00:00:00 Result= URL=)
2021-05-14 17:16:03 [5] Confirmed the "Link Alive Check". (NextTime=1970-01-01 00:00:00 Result= URL=)
2021-05-14 17:34:07 There were 1 links that passed the next "Check SNS Count" confirmation date and time.
2021-05-14 17:34:07 [1] Confirmed the "Check SNS Count". (NextTime=2021-04-06 15:02:23 URL=https://sekailab.com/wp/2018/01/01/crawl-anyway-2018/)
2021-05-14 17:47:01 There were 279 links that passed the next "Link Alive Check" confirmation date and time.
2021-05-14 17:47:01 [1] Confirmed the "Link Alive Check". (NextTime=1970-01-01 00:00:00 Result= URL=)
2021-05-14 17:47:01 [2] Confirmed the "Link Alive Check". (NextTime=1970-01-01 00:00:00 Result= URL=)
2021-05-14 17:47:02 [3] Confirmed the "Link Alive Check". (NextTime=1970-01-01 00:00:00 Result= URL=)
2021-05-14 17:47:02 [4] Confirmed the "Link Alive Check". (NextTime=1970-01-01 00:00:00 Result= URL=)
2021-05-14 17:47:02 [5] Confirmed the "Link Alive Check". (NextTime=1970-01-01 00:00:00 Result= URL=)
2021-05-14 18:02:11 There were 279 links that passed the next "Link Alive Check" confirmation date and time.
2021-05-14 18:02:12 [1] Confirmed the "Link Alive Check". (NextTime=1970-01-01 00:00:00 Result= URL=)
2021-05-14 18:02:12 [2] Confirmed the "Link Alive Check". (NextTime=1970-01-01 00:00:00 Result= URL=)
2021-05-14 18:02:13 [3] Confirmed the "Link Alive Check". (NextTime=1970-01-01 00:00:00 Result= URL=)
2021-05-14 18:02:13 [4] Confirmed the "Link Alive Check". (NextTime=1970-01-01 00:00:00 Result= URL=)
2021-05-14 18:02:13 [5] Confirmed the "Link Alive Check". (NextTime=1970-01-01 00:00:00 Result= URL=)
2021-05-14 18:16:58 There were 279 links that passed the next "Link Alive Check" confirmation date and time.
2021-05-14 18:16:58 [1] Confirmed the "Link Alive Check". (NextTime=1970-01-01 00:00:00 Result= URL=)
2021-05-14 18:16:58 [2] Confirmed the "Link Alive Check". (NextTime=1970-01-01 00:00:00 Result= URL=)
2021-05-14 18:16:59 [3] Confirmed the "Link Alive Check". (NextTime=1970-01-01 00:00:00 Result= URL=)
2021-05-14 18:16:59 [4] Confirmed the "Link Alive Check". (NextTime=1970-01-01 00:00:00 Result= URL=)
2021-05-14 18:16:59 [5] Confirmed the "Link Alive Check". (NextTime=1970-01-01 00:00:00 Result= URL=)
2021-05-14 18:35:34 There were 2 links that passed the next "Check SNS Count" confirmation date and time.
2021-05-14 18:35:34 [1] Confirmed the "Check SNS Count". (NextTime=2021-03-26 04:14:37 URL=https://www.atmarkit.co.jp/ait/articles/1812/06/news040.html)
2021-05-14 18:35:34 [2] Confirmed the "Check SNS Count". (NextTime=2021-04-15 11:01:06 URL=https://sekailab.com/wp/2013/12/11/watch-process-to-send-gmail)
2021-05-14 18:48:01 There were 279 links that passed the next "Link Alive Check" confirmation date and time.
2021-05-14 18:48:01 [1] Confirmed the "Link Alive Check". (NextTime=1970-01-01 00:00:00 Result= URL=)
2021-05-14 18:48:01 [2] Confirmed the "Link Alive Check". (NextTime=1970-01-01 00:00:00 Result= URL=)
2021-05-14 18:48:02 [3] Confirmed the "Link Alive Check". (NextTime=1970-01-01 00:00:00 Result= URL=)
2021-05-14 18:48:02 [4] Confirmed the "Link Alive Check". (NextTime=1970-01-01 00:00:00 Result= URL=)
2021-05-14 18:48:02 [5] Confirmed the "Link Alive Check". (NextTime=1970-01-01 00:00:00 Result= URL=)
2021-05-14 19:04:02 There were 279 links that passed the next "Link Alive Check" confirmation date and time.
2021-05-14 19:04:02 [1] Confirmed the "Link Alive Check". (NextTime=1970-01-01 00:00:00 Result= URL=)
2021-05-14 19:04:03 [2] Confirmed the "Link Alive Check". (NextTime=1970-01-01 00:00:00 Result= URL=)
2021-05-14 19:04:03 [3] Confirmed the "Link Alive Check". (NextTime=1970-01-01 00:00:00 Result= URL=)
2021-05-14 19:04:03 [4] Confirmed the "Link Alive Check". (NextTime=1970-01-01 00:00:00 Result= URL=)
2021-05-14 19:04:04 [5] Confirmed the "Link Alive Check". (NextTime=1970-01-01 00:00:00 Result= URL=)
2021-05-14 19:17:30 There were 279 links that passed the next "Link Alive Check" confirmation date and time.
2021-05-14 19:17:30 [1] Confirmed the "Link Alive Check". (NextTime=1970-01-01 00:00:00 Result= URL=)
2021-05-14 19:17:31 [2] Confirmed the "Link Alive Check". (NextTime=1970-01-01 00:00:00 Result= URL=)
2021-05-14 19:17:31 [3] Confirmed the "Link Alive Check". (NextTime=1970-01-01 00:00:00 Result= URL=)
2021-05-14 19:17:31 [4] Confirmed the "Link Alive Check". (NextTime=1970-01-01 00:00:00 Result= URL=)
2021-05-14 19:17:32 [5] Confirmed the "Link Alive Check". (NextTime=1970-01-01 00:00:00 Result= URL=)
2021-05-14 19:34:08 There were 2 links that passed the next "Check SNS Count" confirmation date and time.
2021-05-14 19:34:08 [1] Confirmed the "Check SNS Count". (NextTime=2021-03-21 00:43:30 URL=https://www.amazon.co.jp/gp/product/B075DCVQC5/ref=as_li_ss_il?ie=UTF8&#038;th=1&#038;linkCode=li2&#038;tag=drunkar-22&#038;linkId=a5e6477cdc20f78703f077db59aabbd2)
2021-05-14 19:34:08 [2] Confirmed the "Check SNS Count". (NextTime=2021-03-21 13:10:58 URL=https://sekailab.com/wp/2018/09/04/mistel-barocco-mag-feet/)
2021-05-14 19:48:08 There were 279 links that passed the next "Link Alive Check" confirmation date and time.
2021-05-14 19:48:09 [1] Confirmed the "Link Alive Check". (NextTime=1970-01-01 00:00:00 Result= URL=)
2021-05-14 19:48:09 [2] Confirmed the "Link Alive Check". (NextTime=1970-01-01 00:00:00 Result= URL=)
2021-05-14 19:48:09 [3] Confirmed the "Link Alive Check". (NextTime=1970-01-01 00:00:00 Result= URL=)
2021-05-14 19:48:10 [4] Confirmed the "Link Alive Check". (NextTime=1970-01-01 00:00:00 Result= URL=)
2021-05-14 19:48:10 [5] Confirmed the "Link Alive Check". (NextTime=1970-01-01 00:00:00 Result= URL=)
2021-05-14 20:04:20 There were 279 links that passed the next "Link Alive Check" confirmation date and time.
2021-05-14 20:04:20 [1] Confirmed the "Link Alive Check". (NextTime=1970-01-01 00:00:00 Result= URL=)
2021-05-14 20:04:21 [2] Confirmed the "Link Alive Check". (NextTime=1970-01-01 00:00:00 Result= URL=)
2021-05-14 20:04:21 [3] Confirmed the "Link Alive Check". (NextTime=1970-01-01 00:00:00 Result= URL=)
2021-05-14 20:04:21 [4] Confirmed the "Link Alive Check". (NextTime=1970-01-01 00:00:00 Result= URL=)
2021-05-14 20:04:22 [5] Confirmed the "Link Alive Check". (NextTime=1970-01-01 00:00:00 Result= URL=)
2021-05-14 20:17:41 There were 279 links that passed the next "Link Alive Check" confirmation date and time.
2021-05-14 20:17:42 [1] Confirmed the "Link Alive Check". (NextTime=1970-01-01 00:00:00 Result= URL=)
2021-05-14 20:17:42 [2] Confirmed the "Link Alive Check". (NextTime=1970-01-01 00:00:00 Result= URL=)
2021-05-14 20:17:42 [3] Confirmed the "Link Alive Check". (NextTime=1970-01-01 00:00:00 Result= URL=)
2021-05-14 20:17:42 [4] Confirmed the "Link Alive Check". (NextTime=1970-01-01 00:00:00 Result= URL=)
2021-05-14 20:17:43 [5] Confirmed the "Link Alive Check". (NextTime=1970-01-01 00:00:00 Result= URL=)
2021-05-14 20:34:16 There were 2 links that passed the next "Check SNS Count" confirmation date and time.
2021-05-14 20:34:17 [1] Confirmed the "Check SNS Count". (NextTime=2021-04-17 03:50:01 URL=https://www.amazon.co.jp/HARIO-%E3%83%8F%E3%83%AA%E3%82%AA-%E3%83%89%E3%83%AA%E3%83%83%E3%83%91%E3%83%BC-%E3%82%AB%E3%83%95%E3%82%A7%E3%82%AA%E3%83%BC%E3%83%AB-CFOD-02B/dp/B0040VIN18/ref=as_li_ss_il?__mk_ja_JP=%E3%82%AB%E3%82%BF%E3%82%AB%E3%83%8A&#038;keywords=%E3%82%B3%E3%83%BC%E3%83%92%E3%83%BC%E3%83%95%E3%82%A3%E3%83%AB%E3%82%BF%E3%83%BC+%E9%87%91%E5%B1%9E&#038;qid=1585584028&#038;sr=8-7&#038;linkCode=li2&#038;tag=drunkar-22&#038;linkId=c03c53ade732daac257ada12735145a2)
2021-05-14 20:34:17 [2] Confirmed the "Check SNS Count". (NextTime=2021-03-13 21:45:58 URL=https://sekailab.com/wp/2020/03/25/deepl-translation-with-kindle-cloud-reader/)
2021-05-14 20:48:10 There were 279 links that passed the next "Link Alive Check" confirmation date and time.
2021-05-14 20:48:10 [1] Confirmed the "Link Alive Check". (NextTime=1970-01-01 00:00:00 Result= URL=)
2021-05-14 20:48:10 [2] Confirmed the "Link Alive Check". (NextTime=1970-01-01 00:00:00 Result= URL=)
2021-05-14 20:48:11 [3] Confirmed the "Link Alive Check". (NextTime=1970-01-01 00:00:00 Result= URL=)
2021-05-14 20:48:11 [4] Confirmed the "Link Alive Check". (NextTime=1970-01-01 00:00:00 Result= URL=)
2021-05-14 20:48:12 [5] Confirmed the "Link Alive Check". (NextTime=1970-01-01 00:00:00 Result= URL=)
2021-05-14 21:05:41 There were 279 links that passed the next "Link Alive Check" confirmation date and time.
2021-05-14 21:05:42 [1] Confirmed the "Link Alive Check". (NextTime=1970-01-01 00:00:00 Result= URL=)
2021-05-14 21:05:42 [2] Confirmed the "Link Alive Check". (NextTime=1970-01-01 00:00:00 Result= URL=)
2021-05-14 21:05:42 [3] Confirmed the "Link Alive Check". (NextTime=1970-01-01 00:00:00 Result= URL=)
2021-05-14 21:05:43 [4] Confirmed the "Link Alive Check". (NextTime=1970-01-01 00:00:00 Result= URL=)
2021-05-14 21:05:43 [5] Confirmed the "Link Alive Check". (NextTime=1970-01-01 00:00:00 Result= URL=)
2021-05-14 21:18:04 There were 279 links that passed the next "Link Alive Check" confirmation date and time.
2021-05-14 21:18:04 [1] Confirmed the "Link Alive Check". (NextTime=1970-01-01 00:00:00 Result= URL=)
2021-05-14 21:18:04 [2] Confirmed the "Link Alive Check". (NextTime=1970-01-01 00:00:00 Result= URL=)
2021-05-14 21:18:05 [3] Confirmed the "Link Alive Check". (NextTime=1970-01-01 00:00:00 Result= URL=)
2021-05-14 21:18:05 [4] Confirmed the "Link Alive Check". (NextTime=1970-01-01 00:00:00 Result= URL=)
2021-05-14 21:18:05 [5] Confirmed the "Link Alive Check". (NextTime=1970-01-01 00:00:00 Result= URL=)
2021-05-14 21:34:29 There were 2 links that passed the next "Check SNS Count" confirmation date and time.
2021-05-14 21:34:29 [1] Confirmed the "Check SNS Count". (NextTime=2021-03-23 19:32:51 URL=https://sekailab.com/wp/2016/06/27/100%E5%86%86%E3%81%A7arduino%E3%81%8C%E8%B2%B7%E3%81%88%E3%81%9F%E9%80%81%E6%96%99%E5%88%A5%E3%80%82%E4%BA%92%E6%8F%9B%E6%A9%9F%E3%81%A0%E3%81%91%E3%81%A9/)
2021-05-14 21:34:29 [2] Confirmed the "Check SNS Count". (NextTime=2021-04-15 01:59:14 URL=https://twitter.com/search?q=from%3Agoroman%20since%3A2020-07-06%20until%3A2020-07-07&#038;src=typed_query&#038;f=live)
2021-05-14 21:49:04 There were 279 links that passed the next "Link Alive Check" confirmation date and time.
2021-05-14 21:49:04 [1] Confirmed the "Link Alive Check". (NextTime=1970-01-01 00:00:00 Result= URL=)
2021-05-14 21:49:04 [2] Confirmed the "Link Alive Check". (NextTime=1970-01-01 00:00:00 Result= URL=)
2021-05-14 21:49:05 [3] Confirmed the "Link Alive Check". (NextTime=1970-01-01 00:00:00 Result= URL=)
2021-05-14 21:49:05 [4] Confirmed the "Link Alive Check". (NextTime=1970-01-01 00:00:00 Result= URL=)
2021-05-14 21:49:05 [5] Confirmed the "Link Alive Check". (NextTime=1970-01-01 00:00:00 Result= URL=)
2021-05-14 22:06:46 There were 279 links that passed the next "Link Alive Check" confirmation date and time.
2021-05-14 22:06:46 [1] Confirmed the "Link Alive Check". (NextTime=1970-01-01 00:00:00 Result= URL=)
2021-05-14 22:06:46 [2] Confirmed the "Link Alive Check". (NextTime=1970-01-01 00:00:00 Result= URL=)
2021-05-14 22:06:47 [3] Confirmed the "Link Alive Check". (NextTime=1970-01-01 00:00:00 Result= URL=)
2021-05-14 22:06:47 [4] Confirmed the "Link Alive Check". (NextTime=1970-01-01 00:00:00 Result= URL=)
2021-05-14 22:06:47 [5] Confirmed the "Link Alive Check". (NextTime=1970-01-01 00:00:00 Result= URL=)
2021-05-14 22:19:06 There were 279 links that passed the next "Link Alive Check" confirmation date and time.
2021-05-14 22:19:06 [1] Confirmed the "Link Alive Check". (NextTime=1970-01-01 00:00:00 Result= URL=)
2021-05-14 22:19:06 [2] Confirmed the "Link Alive Check". (NextTime=1970-01-01 00:00:00 Result= URL=)
2021-05-14 22:19:07 [3] Confirmed the "Link Alive Check". (NextTime=1970-01-01 00:00:00 Result= URL=)
2021-05-14 22:19:07 [4] Confirmed the "Link Alive Check". (NextTime=1970-01-01 00:00:00 Result= URL=)
2021-05-14 22:19:07 [5] Confirmed the "Link Alive Check". (NextTime=1970-01-01 00:00:00 Result= URL=)
2021-05-14 22:36:02 There were 2 links that passed the next "Check SNS Count" confirmation date and time.
2021-05-14 22:36:02 [1] Confirmed the "Check SNS Count". (NextTime=2021-03-24 17:31:08 URL=https://sekailab.com/wp/2018/08/14/librealsense-with-armbian-on-orangepi-pc2/)
2021-05-14 22:36:02 [2] Confirmed the "Check SNS Count". (NextTime=2021-04-05 02:04:04 URL=https://sekailab.com/wp/2018/04/10/python-2-79-anaconda-python/)
2021-05-14 22:49:15 There were 279 links that passed the next "Link Alive Check" confirmation date and time.
2021-05-14 22:49:15 [1] Confirmed the "Link Alive Check". (NextTime=1970-01-01 00:00:00 Result= URL=)
2021-05-14 22:49:15 [2] Confirmed the "Link Alive Check". (NextTime=1970-01-01 00:00:00 Result= URL=)
2021-05-14 22:49:16 [3] Confirmed the "Link Alive Check". (NextTime=1970-01-01 00:00:00 Result= URL=)
2021-05-14 22:49:16 [4] Confirmed the "Link Alive Check". (NextTime=1970-01-01 00:00:00 Result= URL=)
2021-05-14 22:49:16 [5] Confirmed the "Link Alive Check". (NextTime=1970-01-01 00:00:00 Result= URL=)
2021-05-14 23:07:41 There were 279 links that passed the next "Link Alive Check" confirmation date and time.
2021-05-14 23:07:42 [1] Confirmed the "Link Alive Check". (NextTime=1970-01-01 00:00:00 Result= URL=)
2021-05-14 23:07:42 [2] Confirmed the "Link Alive Check". (NextTime=1970-01-01 00:00:00 Result= URL=)
2021-05-14 23:07:43 [3] Confirmed the "Link Alive Check". (NextTime=1970-01-01 00:00:00 Result= URL=)
2021-05-14 23:07:43 [4] Confirmed the "Link Alive Check". (NextTime=1970-01-01 00:00:00 Result= URL=)
2021-05-14 23:07:43 [5] Confirmed the "Link Alive Check". (NextTime=1970-01-01 00:00:00 Result= URL=)
2021-05-14 23:19:14 There were 279 links that passed the next "Link Alive Check" confirmation date and time.
2021-05-14 23:19:14 [1] Confirmed the "Link Alive Check". (NextTime=1970-01-01 00:00:00 Result= URL=)
2021-05-14 23:19:14 [2] Confirmed the "Link Alive Check". (NextTime=1970-01-01 00:00:00 Result= URL=)
2021-05-14 23:19:15 [3] Confirmed the "Link Alive Check". (NextTime=1970-01-01 00:00:00 Result= URL=)
2021-05-14 23:19:15 [4] Confirmed the "Link Alive Check". (NextTime=1970-01-01 00:00:00 Result= URL=)
2021-05-14 23:19:15 [5] Confirmed the "Link Alive Check". (NextTime=1970-01-01 00:00:00 Result= URL=)
2021-05-14 23:34:09 There were 3 links that passed the next "Check SNS Count" confirmation date and time.
2021-05-14 23:34:09 [1] Confirmed the "Check SNS Count". (NextTime=2021-03-21 15:27:00 URL=https://sekailab.com/wp/2018/08/10/build-opencv-on-orangepi-pc2/)
2021-05-14 23:34:09 [2] Confirmed the "Check SNS Count". (NextTime=2021-03-20 09:05:33 URL=https://assetstore.unity.com/packages/essentials/unity-recorder-94079)
2021-05-14 23:34:09 [3] Confirmed the "Check SNS Count". (NextTime=2021-03-23 05:56:56 URL=https://www.banggood.com/Jumper-EZBOOK-3-PRO-13_3-Inch-Notebook-Windows-10-Intel-Apollo-Lake-N3450-Quad-Core-6GB-RAM-64G-eMMC-p-1184679.html?p=K226105168701201606R)
2021-05-14 23:49:22 There were 279 links that passed the next "Link Alive Check" confirmation date and time.
2021-05-14 23:49:22 [1] Confirmed the "Link Alive Check". (NextTime=1970-01-01 00:00:00 Result= URL=)
2021-05-14 23:49:23 [2] Confirmed the "Link Alive Check". (NextTime=1970-01-01 00:00:00 Result= URL=)
2021-05-14 23:49:23 [3] Confirmed the "Link Alive Check". (NextTime=1970-01-01 00:00:00 Result= URL=)
2021-05-14 23:49:24 [4] Confirmed the "Link Alive Check". (NextTime=1970-01-01 00:00:00 Result= URL=)
2021-05-14 23:49:24 [5] Confirmed the "Link Alive Check". (NextTime=1970-01-01 00:00:00 Result= URL=)
