2023-06-10 00:06:57 There were 284 links that passed the next "Link Alive Check" confirmation date and time.
2023-06-10 00:06:58 [1] Confirmed the "Link Alive Check". (NextTime=1970-01-01 00:00:00 Result= URL=)
2023-06-10 00:06:58 [2] Confirmed the "Link Alive Check". (NextTime=1970-01-01 00:00:00 Result= URL=)
2023-06-10 00:06:58 [3] Confirmed the "Link Alive Check". (NextTime=1970-01-01 00:00:00 Result= URL=)
2023-06-10 00:06:58 [4] Confirmed the "Link Alive Check". (NextTime=1970-01-01 00:00:00 Result= URL=)
2023-06-10 00:06:58 [5] Confirmed the "Link Alive Check". (NextTime=1970-01-01 00:00:00 Result= URL=)
2023-06-10 00:23:14 There were 1 links that passed the next "Check SNS Count" confirmation date and time.
2023-06-10 00:23:14 [1] Confirmed the "Check SNS Count". (NextTime=2021-04-05 01:16:25 URL=https://sekailab.com/wp/2019/02/06/rtx2080ti-i9-9900k-failure-mother-dram/)
2023-06-10 00:45:27 There were 284 links that passed the next "Link Alive Check" confirmation date and time.
2023-06-10 00:45:28 [1] Confirmed the "Link Alive Check". (NextTime=1970-01-01 00:00:00 Result= URL=)
2023-06-10 00:45:28 [2] Confirmed the "Link Alive Check". (NextTime=1970-01-01 00:00:00 Result= URL=)
2023-06-10 00:45:28 [3] Confirmed the "Link Alive Check". (NextTime=1970-01-01 00:00:00 Result= URL=)
2023-06-10 00:45:28 [4] Confirmed the "Link Alive Check". (NextTime=1970-01-01 00:00:00 Result= URL=)
2023-06-10 00:45:29 [5] Confirmed the "Link Alive Check". (NextTime=1970-01-01 00:00:00 Result= URL=)
2023-06-10 01:07:13 There were 284 links that passed the next "Link Alive Check" confirmation date and time.
2023-06-10 01:07:13 [1] Confirmed the "Link Alive Check". (NextTime=1970-01-01 00:00:00 Result= URL=)
2023-06-10 01:07:14 [2] Confirmed the "Link Alive Check". (NextTime=1970-01-01 00:00:00 Result= URL=)
2023-06-10 01:07:14 [3] Confirmed the "Link Alive Check". (NextTime=1970-01-01 00:00:00 Result= URL=)
2023-06-10 01:07:14 [4] Confirmed the "Link Alive Check". (NextTime=1970-01-01 00:00:00 Result= URL=)
2023-06-10 01:07:14 [5] Confirmed the "Link Alive Check". (NextTime=1970-01-01 00:00:00 Result= URL=)
2023-06-10 01:23:09 There were 2 links that passed the next "Check SNS Count" confirmation date and time.
2023-06-10 01:23:09 [1] Confirmed the "Check SNS Count". (NextTime=2021-03-27 01:59:09 URL=https://forum.nem.io/t/nem-supernode-rewards-program/1735)
2023-06-10 01:23:09 [2] Confirmed the "Check SNS Count". (NextTime=2021-03-26 04:50:27 URL=https://insider.windows.com/ja-jp/)
2023-06-10 01:47:07 There were 284 links that passed the next "Link Alive Check" confirmation date and time.
2023-06-10 01:47:08 [1] Confirmed the "Link Alive Check". (NextTime=1970-01-01 00:00:00 Result= URL=)
2023-06-10 01:47:08 [2] Confirmed the "Link Alive Check". (NextTime=1970-01-01 00:00:00 Result= URL=)
2023-06-10 01:47:08 [3] Confirmed the "Link Alive Check". (NextTime=1970-01-01 00:00:00 Result= URL=)
2023-06-10 01:47:08 [4] Confirmed the "Link Alive Check". (NextTime=1970-01-01 00:00:00 Result= URL=)
2023-06-10 01:47:09 [5] Confirmed the "Link Alive Check". (NextTime=1970-01-01 00:00:00 Result= URL=)
2023-06-10 02:07:55 There were 284 links that passed the next "Link Alive Check" confirmation date and time.
2023-06-10 02:07:56 [1] Confirmed the "Link Alive Check". (NextTime=1970-01-01 00:00:00 Result= URL=)
2023-06-10 02:07:56 [2] Confirmed the "Link Alive Check". (NextTime=1970-01-01 00:00:00 Result= URL=)
2023-06-10 02:07:56 [3] Confirmed the "Link Alive Check". (NextTime=1970-01-01 00:00:00 Result= URL=)
2023-06-10 02:07:56 [4] Confirmed the "Link Alive Check". (NextTime=1970-01-01 00:00:00 Result= URL=)
2023-06-10 02:07:56 [5] Confirmed the "Link Alive Check". (NextTime=1970-01-01 00:00:00 Result= URL=)
2023-06-10 02:24:42 There were 2 links that passed the next "Check SNS Count" confirmation date and time.
2023-06-10 02:24:42 [1] Confirmed the "Check SNS Count". (NextTime=2021-03-23 13:47:19 URL=https://www.amazon.co.jp/gp/product/B081PQ7KSL/ref=as_li_ss_il?ie=UTF8&#038;psc=1&#038;linkCode=li2&#038;tag=drunkar-22&#038;linkId=5b39d8bcffa366750b6939e0c6914e0e)
2023-06-10 02:24:43 [2] Confirmed the "Check SNS Count". (NextTime=2021-04-16 02:20:40 URL=https://sekailab.com/wp/2018/02/03/watch-process-to-send-gmail-with-python3)
2023-06-10 02:47:33 There were 284 links that passed the next "Link Alive Check" confirmation date and time.
2023-06-10 02:47:33 [1] Confirmed the "Link Alive Check". (NextTime=1970-01-01 00:00:00 Result= URL=)
2023-06-10 02:47:33 [2] Confirmed the "Link Alive Check". (NextTime=1970-01-01 00:00:00 Result= URL=)
2023-06-10 02:47:34 [3] Confirmed the "Link Alive Check". (NextTime=1970-01-01 00:00:00 Result= URL=)
2023-06-10 02:47:34 [4] Confirmed the "Link Alive Check". (NextTime=1970-01-01 00:00:00 Result= URL=)
2023-06-10 02:47:34 [5] Confirmed the "Link Alive Check". (NextTime=1970-01-01 00:00:00 Result= URL=)
2023-06-10 03:11:53 There were 284 links that passed the next "Link Alive Check" confirmation date and time.
2023-06-10 03:11:53 [1] Confirmed the "Link Alive Check". (NextTime=1970-01-01 00:00:00 Result= URL=)
2023-06-10 03:11:53 [2] Confirmed the "Link Alive Check". (NextTime=1970-01-01 00:00:00 Result= URL=)
2023-06-10 03:11:53 [3] Confirmed the "Link Alive Check". (NextTime=1970-01-01 00:00:00 Result= URL=)
2023-06-10 03:11:54 [4] Confirmed the "Link Alive Check". (NextTime=1970-01-01 00:00:00 Result= URL=)
2023-06-10 03:11:54 [5] Confirmed the "Link Alive Check". (NextTime=1970-01-01 00:00:00 Result= URL=)
2023-06-10 03:25:24 There were 1 links that passed the next "Check SNS Count" confirmation date and time.
2023-06-10 03:25:24 [1] Confirmed the "Check SNS Count". (NextTime=2021-03-22 05:33:24 URL=https://www.amazon.co.jp/gp/product/B00LGAU7WO/ref=as_li_ss_il?ie=UTF8&#038;psc=1&#038;linkCode=li2&#038;tag=drunkar-22&#038;linkId=a24e4f0bb7c42a7c16b11dcd004bcdce&#038;language=ja_JP)
2023-06-10 03:29:08 There were 0 links that passed the next "Check SNS Count" confirmation date and time.
2023-06-10 03:47:46 There were 284 links that passed the next "Link Alive Check" confirmation date and time.
2023-06-10 03:47:47 [1] Confirmed the "Link Alive Check". (NextTime=1970-01-01 00:00:00 Result= URL=)
2023-06-10 03:47:47 [2] Confirmed the "Link Alive Check". (NextTime=1970-01-01 00:00:00 Result= URL=)
2023-06-10 03:47:47 [3] Confirmed the "Link Alive Check". (NextTime=1970-01-01 00:00:00 Result= URL=)
2023-06-10 03:47:47 [4] Confirmed the "Link Alive Check". (NextTime=1970-01-01 00:00:00 Result= URL=)
2023-06-10 03:47:48 [5] Confirmed the "Link Alive Check". (NextTime=1970-01-01 00:00:00 Result= URL=)
2023-06-10 04:13:17 There were 284 links that passed the next "Link Alive Check" confirmation date and time.
2023-06-10 04:13:17 [1] Confirmed the "Link Alive Check". (NextTime=1970-01-01 00:00:00 Result= URL=)
2023-06-10 04:13:18 [2] Confirmed the "Link Alive Check". (NextTime=1970-01-01 00:00:00 Result= URL=)
2023-06-10 04:13:18 [3] Confirmed the "Link Alive Check". (NextTime=1970-01-01 00:00:00 Result= URL=)
2023-06-10 04:13:18 [4] Confirmed the "Link Alive Check". (NextTime=1970-01-01 00:00:00 Result= URL=)
2023-06-10 04:13:18 [5] Confirmed the "Link Alive Check". (NextTime=1970-01-01 00:00:00 Result= URL=)
2023-06-10 04:24:10 There were 5 links that passed the next "Check SNS Count" confirmation date and time.
2023-06-10 04:24:11 [1] Confirmed the "Check SNS Count". (NextTime=2021-04-15 07:57:07 URL=https://twitter.com/search?q=from:goroman%20since:2020-07-06%20until:2020-07-07&#038;src=typed_query&#038;f=live)
2023-06-10 04:24:11 [2] Confirmed the "Check SNS Count". (NextTime=2021-03-21 17:50:06 URL=https://www.amazon.co.jp/%E3%83%AD%E3%82%B8%E3%82%AF%E3%83%BC%E3%83%AB-USB%E3%83%98%E3%83%83%E3%83%89%E3%82%BB%E3%83%83%E3%83%88Logicool-Headset-H390-H390R/dp/B079WKMMBM/ref=as_li_ss_il?__mk_ja_JP=%E3%82%AB%E3%82%BF%E3%82%AB%E3%83%8A&#038;dchild=1&#038;keywords=%E3%83%AD%E3%82%B8%E3%82%AF%E3%83%BC%E3%83%AB+H390&#038;qid=1598263960&#038;sr=8-2&#038;linkCode=li2&#038;tag=drunkar-22&#038;linkId=986cdeae0b10b04d9002c97aa5382f07)
2023-06-10 04:24:11 [3] Confirmed the "Check SNS Count". (NextTime=2021-03-22 04:39:35 URL=https://www.amazon.co.jp/gp/product/B01DOWUCJO/ref=as_li_ss_il?ie=UTF8&#038;psc=1&#038;linkCode=li2&#038;tag=drunkar-22&#038;linkId=a22e97f7b179135d87b3db4692f871bc)
2023-06-10 04:24:11 [4] Confirmed the "Check SNS Count". (NextTime=2021-03-24 06:32:18 URL=https://sekailab.com/wp/2018/01/13/15w-chinese-laser-cutter-4/)
2023-06-10 04:24:11 [5] Confirmed the "Check SNS Count". (NextTime=2021-04-08 17:49:18 URL=https://www.kamiapp.com)
2023-06-10 04:48:01 There were 284 links that passed the next "Link Alive Check" confirmation date and time.
2023-06-10 04:48:02 [1] Confirmed the "Link Alive Check". (NextTime=1970-01-01 00:00:00 Result= URL=)
2023-06-10 04:48:02 [2] Confirmed the "Link Alive Check". (NextTime=1970-01-01 00:00:00 Result= URL=)
2023-06-10 04:48:02 [3] Confirmed the "Link Alive Check". (NextTime=1970-01-01 00:00:00 Result= URL=)
2023-06-10 04:48:02 [4] Confirmed the "Link Alive Check". (NextTime=1970-01-01 00:00:00 Result= URL=)
2023-06-10 04:48:03 [5] Confirmed the "Link Alive Check". (NextTime=1970-01-01 00:00:00 Result= URL=)
2023-06-10 05:14:10 There were 284 links that passed the next "Link Alive Check" confirmation date and time.
2023-06-10 05:14:10 [1] Confirmed the "Link Alive Check". (NextTime=1970-01-01 00:00:00 Result= URL=)
2023-06-10 05:14:10 [2] Confirmed the "Link Alive Check". (NextTime=1970-01-01 00:00:00 Result= URL=)
2023-06-10 05:14:10 [3] Confirmed the "Link Alive Check". (NextTime=1970-01-01 00:00:00 Result= URL=)
2023-06-10 05:14:11 [4] Confirmed the "Link Alive Check". (NextTime=1970-01-01 00:00:00 Result= URL=)
2023-06-10 05:14:11 [5] Confirmed the "Link Alive Check". (NextTime=1970-01-01 00:00:00 Result= URL=)
2023-06-10 05:23:46 There were 1 links that passed the next "Check SNS Count" confirmation date and time.
2023-06-10 05:23:46 [1] Confirmed the "Check SNS Count". (NextTime=2021-03-24 11:04:11 URL=https://www.amazon.co.jp/%E6%B5%B7%E5%A4%96%E7%9B%B4%E9%80%81%E5%93%81-Supplements-Chocolate-Brownie-2-18kg/dp/B00DCNIGS0/ref=as_li_ss_il?s=hpc&#038;ie=UTF8&#038;qid=1483631751&#038;sr=1-14&#038;keywords=%E3%83%97%E3%83%AD%E3%83%86%E3%82%A4%E3%83%B3&#038;linkCode=li2&#038;tag=drunkar-22&#038;linkId=2e1a1e5a1a859065e9cab108a67a9c6b)
2023-06-10 05:48:15 There were 284 links that passed the next "Link Alive Check" confirmation date and time.
2023-06-10 05:48:15 [1] Confirmed the "Link Alive Check". (NextTime=1970-01-01 00:00:00 Result= URL=)
2023-06-10 05:48:15 [2] Confirmed the "Link Alive Check". (NextTime=1970-01-01 00:00:00 Result= URL=)
2023-06-10 05:48:16 [3] Confirmed the "Link Alive Check". (NextTime=1970-01-01 00:00:00 Result= URL=)
2023-06-10 05:48:16 [4] Confirmed the "Link Alive Check". (NextTime=1970-01-01 00:00:00 Result= URL=)
2023-06-10 05:48:16 [5] Confirmed the "Link Alive Check". (NextTime=1970-01-01 00:00:00 Result= URL=)
2023-06-10 06:14:30 There were 284 links that passed the next "Link Alive Check" confirmation date and time.
2023-06-10 06:14:30 [1] Confirmed the "Link Alive Check". (NextTime=1970-01-01 00:00:00 Result= URL=)
2023-06-10 06:14:30 [2] Confirmed the "Link Alive Check". (NextTime=1970-01-01 00:00:00 Result= URL=)
2023-06-10 06:14:30 [3] Confirmed the "Link Alive Check". (NextTime=1970-01-01 00:00:00 Result= URL=)
2023-06-10 06:14:31 [4] Confirmed the "Link Alive Check". (NextTime=1970-01-01 00:00:00 Result= URL=)
2023-06-10 06:14:31 [5] Confirmed the "Link Alive Check". (NextTime=1970-01-01 00:00:00 Result= URL=)
2023-06-10 06:23:38 There were 1 links that passed the next "Check SNS Count" confirmation date and time.
2023-06-10 06:23:38 [1] Confirmed the "Check SNS Count". (NextTime=2021-04-09 16:38:23 URL=https://www.banggood.com/IFlight-CineBee-75HD-2-3S-Whoop-RC-FPV-Racing-Drone-W-SucceX-mirco-F4-12A-200mW-Turtle-V2-HD-PNP-BNF-p-1433255.html?akmClientCountry=JP&#038;p=DR062131921252201904&#038;ID=565053&#038;cur_warehouse=CN)
2023-06-10 06:48:24 There were 284 links that passed the next "Link Alive Check" confirmation date and time.
2023-06-10 06:48:24 [1] Confirmed the "Link Alive Check". (NextTime=1970-01-01 00:00:00 Result= URL=)
2023-06-10 06:48:24 [2] Confirmed the "Link Alive Check". (NextTime=1970-01-01 00:00:00 Result= URL=)
2023-06-10 06:48:25 [3] Confirmed the "Link Alive Check". (NextTime=1970-01-01 00:00:00 Result= URL=)
2023-06-10 06:48:25 [4] Confirmed the "Link Alive Check". (NextTime=1970-01-01 00:00:00 Result= URL=)
2023-06-10 06:48:25 [5] Confirmed the "Link Alive Check". (NextTime=1970-01-01 00:00:00 Result= URL=)
2023-06-10 07:16:13 There were 284 links that passed the next "Link Alive Check" confirmation date and time.
2023-06-10 07:16:13 [1] Confirmed the "Link Alive Check". (NextTime=1970-01-01 00:00:00 Result= URL=)
2023-06-10 07:16:13 [2] Confirmed the "Link Alive Check". (NextTime=1970-01-01 00:00:00 Result= URL=)
2023-06-10 07:16:13 [3] Confirmed the "Link Alive Check". (NextTime=1970-01-01 00:00:00 Result= URL=)
2023-06-10 07:16:13 [4] Confirmed the "Link Alive Check". (NextTime=1970-01-01 00:00:00 Result= URL=)
2023-06-10 07:16:14 [5] Confirmed the "Link Alive Check". (NextTime=1970-01-01 00:00:00 Result= URL=)
2023-06-10 07:23:23 There were 1 links that passed the next "Check SNS Count" confirmation date and time.
2023-06-10 07:23:23 [1] Confirmed the "Check SNS Count". (NextTime=2021-03-20 13:30:24 URL=https://sekailab.com/wp/2018/09/05/mistel-barocco-md650l-bluetooth/)
2023-06-10 07:52:42 There were 284 links that passed the next "Link Alive Check" confirmation date and time.
2023-06-10 07:52:42 [1] Confirmed the "Link Alive Check". (NextTime=1970-01-01 00:00:00 Result= URL=)
2023-06-10 07:52:42 [2] Confirmed the "Link Alive Check". (NextTime=1970-01-01 00:00:00 Result= URL=)
2023-06-10 07:52:43 [3] Confirmed the "Link Alive Check". (NextTime=1970-01-01 00:00:00 Result= URL=)
2023-06-10 07:52:43 [4] Confirmed the "Link Alive Check". (NextTime=1970-01-01 00:00:00 Result= URL=)
2023-06-10 07:52:43 [5] Confirmed the "Link Alive Check". (NextTime=1970-01-01 00:00:00 Result= URL=)
2023-06-10 08:16:23 There were 284 links that passed the next "Link Alive Check" confirmation date and time.
2023-06-10 08:16:23 [1] Confirmed the "Link Alive Check". (NextTime=1970-01-01 00:00:00 Result= URL=)
2023-06-10 08:16:23 [2] Confirmed the "Link Alive Check". (NextTime=1970-01-01 00:00:00 Result= URL=)
2023-06-10 08:16:24 [3] Confirmed the "Link Alive Check". (NextTime=1970-01-01 00:00:00 Result= URL=)
2023-06-10 08:16:24 [4] Confirmed the "Link Alive Check". (NextTime=1970-01-01 00:00:00 Result= URL=)
2023-06-10 08:16:24 [5] Confirmed the "Link Alive Check". (NextTime=1970-01-01 00:00:00 Result= URL=)
2023-06-10 08:27:47 There were 2 links that passed the next "Check SNS Count" confirmation date and time.
2023-06-10 08:27:47 [1] Confirmed the "Check SNS Count". (NextTime=2021-03-25 09:55:52 URL=https://stackoverflow.com/questions/3230067/numpy-minimum-in-row-column-format)
2023-06-10 08:27:47 [2] Confirmed the "Check SNS Count". (NextTime=2021-04-16 06:53:34 URL=https://sekailab.com/wp/2018/09/04/mistel-barocco-mag-feet)
2023-06-10 08:53:46 There were 284 links that passed the next "Link Alive Check" confirmation date and time.
2023-06-10 08:53:46 [1] Confirmed the "Link Alive Check". (NextTime=1970-01-01 00:00:00 Result= URL=)
2023-06-10 08:53:46 [2] Confirmed the "Link Alive Check". (NextTime=1970-01-01 00:00:00 Result= URL=)
2023-06-10 08:53:46 [3] Confirmed the "Link Alive Check". (NextTime=1970-01-01 00:00:00 Result= URL=)
2023-06-10 08:53:47 [4] Confirmed the "Link Alive Check". (NextTime=1970-01-01 00:00:00 Result= URL=)
2023-06-10 08:53:47 [5] Confirmed the "Link Alive Check". (NextTime=1970-01-01 00:00:00 Result= URL=)
2023-06-10 09:17:37 There were 284 links that passed the next "Link Alive Check" confirmation date and time.
2023-06-10 09:17:37 [1] Confirmed the "Link Alive Check". (NextTime=1970-01-01 00:00:00 Result= URL=)
2023-06-10 09:17:37 [2] Confirmed the "Link Alive Check". (NextTime=1970-01-01 00:00:00 Result= URL=)
2023-06-10 09:17:37 [3] Confirmed the "Link Alive Check". (NextTime=1970-01-01 00:00:00 Result= URL=)
2023-06-10 09:17:38 [4] Confirmed the "Link Alive Check". (NextTime=1970-01-01 00:00:00 Result= URL=)
2023-06-10 09:17:38 [5] Confirmed the "Link Alive Check". (NextTime=1970-01-01 00:00:00 Result= URL=)
2023-06-10 09:23:44 There were 1 links that passed the next "Check SNS Count" confirmation date and time.
2023-06-10 09:23:44 [1] Confirmed the "Check SNS Count". (NextTime=2021-03-24 17:31:08 URL=https://sekailab.com/wp/2018/08/14/librealsense-with-armbian-on-orangepi-pc2/)
2023-06-10 09:54:47 There were 284 links that passed the next "Link Alive Check" confirmation date and time.
2023-06-10 09:54:47 [1] Confirmed the "Link Alive Check". (NextTime=1970-01-01 00:00:00 Result= URL=)
2023-06-10 09:54:47 [2] Confirmed the "Link Alive Check". (NextTime=1970-01-01 00:00:00 Result= URL=)
2023-06-10 09:54:48 [3] Confirmed the "Link Alive Check". (NextTime=1970-01-01 00:00:00 Result= URL=)
2023-06-10 09:54:48 [4] Confirmed the "Link Alive Check". (NextTime=1970-01-01 00:00:00 Result= URL=)
2023-06-10 09:54:48 [5] Confirmed the "Link Alive Check". (NextTime=1970-01-01 00:00:00 Result= URL=)
2023-06-10 10:19:38 There were 284 links that passed the next "Link Alive Check" confirmation date and time.
2023-06-10 10:19:39 [1] Confirmed the "Link Alive Check". (NextTime=1970-01-01 00:00:00 Result= URL=)
2023-06-10 10:19:39 [2] Confirmed the "Link Alive Check". (NextTime=1970-01-01 00:00:00 Result= URL=)
2023-06-10 10:19:39 [3] Confirmed the "Link Alive Check". (NextTime=1970-01-01 00:00:00 Result= URL=)
2023-06-10 10:19:39 [4] Confirmed the "Link Alive Check". (NextTime=1970-01-01 00:00:00 Result= URL=)
2023-06-10 10:19:39 [5] Confirmed the "Link Alive Check". (NextTime=1970-01-01 00:00:00 Result= URL=)
2023-06-10 10:24:08 There were 1 links that passed the next "Check SNS Count" confirmation date and time.
2023-06-10 10:24:08 [1] Confirmed the "Check SNS Count". (NextTime=2021-04-14 17:42:35 URL=https://sekailab.com/wp/2013/02/23/%E5%BB%BA%E7%AF%89%E6%89%B9%E8%A9%95%E7%A9%BA%E9%96%93%E3%82%92%E5%8F%AF%E8%A6%96%E5%8C%96%E3%81%97%E3%81%A6%E3%81%BF%E3%81%9F)
2023-06-10 10:56:23 There were 284 links that passed the next "Link Alive Check" confirmation date and time.
2023-06-10 10:56:24 [1] Confirmed the "Link Alive Check". (NextTime=1970-01-01 00:00:00 Result= URL=)
2023-06-10 10:56:24 [2] Confirmed the "Link Alive Check". (NextTime=1970-01-01 00:00:00 Result= URL=)
2023-06-10 10:56:24 [3] Confirmed the "Link Alive Check". (NextTime=1970-01-01 00:00:00 Result= URL=)
2023-06-10 10:56:24 [4] Confirmed the "Link Alive Check". (NextTime=1970-01-01 00:00:00 Result= URL=)
2023-06-10 10:56:24 [5] Confirmed the "Link Alive Check". (NextTime=1970-01-01 00:00:00 Result= URL=)
2023-06-10 11:24:04 There were 284 links that passed the next "Link Alive Check" confirmation date and time.
2023-06-10 11:24:04 [1] Confirmed the "Link Alive Check". (NextTime=1970-01-01 00:00:00 Result= URL=)
2023-06-10 11:24:05 [2] Confirmed the "Link Alive Check". (NextTime=1970-01-01 00:00:00 Result= URL=)
2023-06-10 11:24:05 [3] Confirmed the "Link Alive Check". (NextTime=1970-01-01 00:00:00 Result= URL=)
2023-06-10 11:24:05 [4] Confirmed the "Link Alive Check". (NextTime=1970-01-01 00:00:00 Result= URL=)
2023-06-10 11:24:05 [5] Confirmed the "Link Alive Check". (NextTime=1970-01-01 00:00:00 Result= URL=)
2023-06-10 11:24:05 There were 2 links that passed the next "Check SNS Count" confirmation date and time.
2023-06-10 11:24:06 [1] Confirmed the "Check SNS Count". (NextTime=2021-06-24 22:17:06 URL=https://www.amazon.co.jp/Anker-PowerExpand-Delivery%E5%AF%BE%E5%BF%9CUSB-C%E3%83%9D%E3%83%BC%E3%83%88-3-5mm%E3%82%AA%E3%83%BC%E3%83%87%E3%82%A3%E3%82%AA%E3%82%B8%E3%83%A3%E3%83%83%E3%82%AF-USB-A%E3%83%9D%E3%83%BC%E3%83%88/dp/B0873ZMH7R?dchild=1&#038;keywords=ipad+usb-c+%E3%83%8F%E3%83%96&#038;qid=1622107345&#038;sr=8-5&#038;linkCode=li2&#038;tag=drunkar-22&#038;linkId=0df103fa2f4aa7a671e20244059b3e53&#038;language=ja_JP&#038;ref_=as_li_ss_il)
2023-06-10 11:24:06 [2] Confirmed the "Check SNS Count". (NextTime=2021-04-17 08:51:24 URL=https://www.banggood.com/ja/IRangeX-iRX-IR8M-2_4G-8CH-Multi-Protocol-Transmitter-With-PPM-S_BUS-Mini-Receiver-p-1226058.html?p=K226105168701201606R&#038;custlinkid=129861)
2023-06-10 11:57:54 There were 284 links that passed the next "Link Alive Check" confirmation date and time.
2023-06-10 11:57:54 [1] Confirmed the "Link Alive Check". (NextTime=1970-01-01 00:00:00 Result= URL=)
2023-06-10 11:57:54 [2] Confirmed the "Link Alive Check". (NextTime=1970-01-01 00:00:00 Result= URL=)
2023-06-10 11:57:55 [3] Confirmed the "Link Alive Check". (NextTime=1970-01-01 00:00:00 Result= URL=)
2023-06-10 11:57:55 [4] Confirmed the "Link Alive Check". (NextTime=1970-01-01 00:00:00 Result= URL=)
2023-06-10 11:57:55 [5] Confirmed the "Link Alive Check". (NextTime=1970-01-01 00:00:00 Result= URL=)
2023-06-10 12:25:27 There were 3 links that passed the next "Check SNS Count" confirmation date and time.
2023-06-10 12:25:27 [1] Confirmed the "Check SNS Count". (NextTime=2021-04-15 09:18:59 URL=https://sekailab.com/wp/2020/03/02/17inch-mobile-monitor-usb-c)
2023-06-10 12:25:27 [2] Confirmed the "Check SNS Count". (NextTime=2021-04-06 15:02:23 URL=https://sekailab.com/wp/2018/01/01/crawl-anyway-2018/)
2023-06-10 12:25:27 [3] Confirmed the "Check SNS Count". (NextTime=2021-03-20 19:30:40 URL=https://sekailab.com/wp/2012/11/01/c%e3%81%a7%e3%80%8c%e3%81%af%e3%81%98%e3%82%81%e3%81%a6%e3%81%ae%e6%a9%9f%e6%a2%b0%e5%ad%a6%e7%bf%92%e3%80%8d5%e7%ab%a0/)
2023-06-10 12:25:27 There were 284 links that passed the next "Link Alive Check" confirmation date and time.
2023-06-10 12:25:27 [1] Confirmed the "Link Alive Check". (NextTime=1970-01-01 00:00:00 Result= URL=)
2023-06-10 12:25:28 [2] Confirmed the "Link Alive Check". (NextTime=1970-01-01 00:00:00 Result= URL=)
2023-06-10 12:25:28 [3] Confirmed the "Link Alive Check". (NextTime=1970-01-01 00:00:00 Result= URL=)
2023-06-10 12:25:28 [4] Confirmed the "Link Alive Check". (NextTime=1970-01-01 00:00:00 Result= URL=)
2023-06-10 12:25:28 [5] Confirmed the "Link Alive Check". (NextTime=1970-01-01 00:00:00 Result= URL=)
2023-06-10 12:58:42 There were 284 links that passed the next "Link Alive Check" confirmation date and time.
2023-06-10 12:58:43 [1] Confirmed the "Link Alive Check". (NextTime=1970-01-01 00:00:00 Result= URL=)
2023-06-10 12:58:43 [2] Confirmed the "Link Alive Check". (NextTime=1970-01-01 00:00:00 Result= URL=)
2023-06-10 12:58:43 [3] Confirmed the "Link Alive Check". (NextTime=1970-01-01 00:00:00 Result= URL=)
2023-06-10 12:58:43 [4] Confirmed the "Link Alive Check". (NextTime=1970-01-01 00:00:00 Result= URL=)
2023-06-10 12:58:44 [5] Confirmed the "Link Alive Check". (NextTime=1970-01-01 00:00:00 Result= URL=)
2023-06-10 13:25:26 There were 2 links that passed the next "Check SNS Count" confirmation date and time.
2023-06-10 13:25:26 [1] Confirmed the "Check SNS Count". (NextTime=2021-06-25 03:04:11 URL=https://www.amazon.co.jp/gp/product/B08SMBN7ZB?ie=UTF8&#038;psc=1&#038;linkCode=li2&#038;tag=drunkar-22&#038;linkId=d793effed22f9dc70b1c21e3f16e0bc8&#038;language=ja_JP&#038;ref_=as_li_ss_il)
2023-06-10 13:25:26 [2] Confirmed the "Check SNS Count". (NextTime=2021-03-26 12:14:34 URL=https://sekailab.com/wp/2019/03/31/deep-learning-framworks-windows10/)
2023-06-10 13:25:34 There were 284 links that passed the next "Link Alive Check" confirmation date and time.
2023-06-10 13:25:34 [1] Confirmed the "Link Alive Check". (NextTime=1970-01-01 00:00:00 Result= URL=)
2023-06-10 13:25:35 [2] Confirmed the "Link Alive Check". (NextTime=1970-01-01 00:00:00 Result= URL=)
2023-06-10 13:25:35 [3] Confirmed the "Link Alive Check". (NextTime=1970-01-01 00:00:00 Result= URL=)
2023-06-10 13:25:35 [4] Confirmed the "Link Alive Check". (NextTime=1970-01-01 00:00:00 Result= URL=)
2023-06-10 13:25:35 [5] Confirmed the "Link Alive Check". (NextTime=1970-01-01 00:00:00 Result= URL=)
2023-06-10 13:58:47 There were 284 links that passed the next "Link Alive Check" confirmation date and time.
2023-06-10 13:58:47 [1] Confirmed the "Link Alive Check". (NextTime=1970-01-01 00:00:00 Result= URL=)
2023-06-10 13:58:47 [2] Confirmed the "Link Alive Check". (NextTime=1970-01-01 00:00:00 Result= URL=)
2023-06-10 13:58:48 [3] Confirmed the "Link Alive Check". (NextTime=1970-01-01 00:00:00 Result= URL=)
2023-06-10 13:58:48 [4] Confirmed the "Link Alive Check". (NextTime=1970-01-01 00:00:00 Result= URL=)
2023-06-10 13:58:48 [5] Confirmed the "Link Alive Check". (NextTime=1970-01-01 00:00:00 Result= URL=)
2023-06-10 14:23:03 There were 3 links that passed the next "Check SNS Count" confirmation date and time.
2023-06-10 14:23:03 [1] Confirmed the "Check SNS Count". (NextTime=2021-03-26 20:21:44 URL=https://github.com/Drunkar/dockerfiles/tree/master/airflow-alpine)
2023-06-10 14:23:04 [2] Confirmed the "Check SNS Count". (NextTime=2021-04-15 06:52:22 URL=https://sekailab.com/wp/2018/04/10/python-2-79-anaconda-python)
2023-06-10 14:23:04 [3] Confirmed the "Check SNS Count". (NextTime=2021-04-15 11:44:32 URL=https://sekailab.com/wp/2018/01/12/15w-chinese-laser-cutter-3)
2023-06-10 14:26:14 There were 284 links that passed the next "Link Alive Check" confirmation date and time.
2023-06-10 14:26:15 [1] Confirmed the "Link Alive Check". (NextTime=1970-01-01 00:00:00 Result= URL=)
2023-06-10 14:26:15 [2] Confirmed the "Link Alive Check". (NextTime=1970-01-01 00:00:00 Result= URL=)
2023-06-10 14:26:15 [3] Confirmed the "Link Alive Check". (NextTime=1970-01-01 00:00:00 Result= URL=)
2023-06-10 14:26:15 [4] Confirmed the "Link Alive Check". (NextTime=1970-01-01 00:00:00 Result= URL=)
2023-06-10 14:26:15 [5] Confirmed the "Link Alive Check". (NextTime=1970-01-01 00:00:00 Result= URL=)
2023-06-10 14:58:54 There were 284 links that passed the next "Link Alive Check" confirmation date and time.
2023-06-10 14:58:54 [1] Confirmed the "Link Alive Check". (NextTime=1970-01-01 00:00:00 Result= URL=)
2023-06-10 14:58:55 [2] Confirmed the "Link Alive Check". (NextTime=1970-01-01 00:00:00 Result= URL=)
2023-06-10 14:58:55 [3] Confirmed the "Link Alive Check". (NextTime=1970-01-01 00:00:00 Result= URL=)
2023-06-10 14:58:55 [4] Confirmed the "Link Alive Check". (NextTime=1970-01-01 00:00:00 Result= URL=)
2023-06-10 14:58:55 [5] Confirmed the "Link Alive Check". (NextTime=1970-01-01 00:00:00 Result= URL=)
2023-06-10 15:24:33 There were 4 links that passed the next "Check SNS Count" confirmation date and time.
2023-06-10 15:24:33 [1] Confirmed the "Check SNS Count". (NextTime=2021-03-13 10:55:29 URL=https://sekailab.com/wp/2019/03/20/vid2vid-on-windows10/)
2023-06-10 15:24:34 [2] Confirmed the "Check SNS Count". (NextTime=2021-04-15 08:07:48 URL=https://sekailab.com/?s=300%E3%83%89%E3%83%AB15W%E4%B8%AD%E8%8F%AF%E5%8D%8A%E5%B0%8E%E4%BD%93%E3%83%AC%E3%83%BC%E3%82%B6%E3%83%BC%E3%82%AB%E3%83%83%E3%82%BF%E3%83%BC)
2023-06-10 15:24:34 [3] Confirmed the "Check SNS Count". (NextTime=2021-04-06 02:32:52 URL=https://sekailab.com/wp/2019/03/10/execute-windows-binary-on-wsl/)
2023-06-10 15:24:34 [4] Confirmed the "Check SNS Count". (NextTime=2021-04-11 22:18:15 URL=http://akizukidenshi.com/catalog/g/gP-07598/)
2023-06-10 15:27:11 There were 284 links that passed the next "Link Alive Check" confirmation date and time.
2023-06-10 15:27:12 [1] Confirmed the "Link Alive Check". (NextTime=1970-01-01 00:00:00 Result= URL=)
2023-06-10 15:27:12 [2] Confirmed the "Link Alive Check". (NextTime=1970-01-01 00:00:00 Result= URL=)
2023-06-10 15:27:12 [3] Confirmed the "Link Alive Check". (NextTime=1970-01-01 00:00:00 Result= URL=)
2023-06-10 15:27:12 [4] Confirmed the "Link Alive Check". (NextTime=1970-01-01 00:00:00 Result= URL=)
2023-06-10 15:27:13 [5] Confirmed the "Link Alive Check". (NextTime=1970-01-01 00:00:00 Result= URL=)
2023-06-10 15:53:35 There were 284 links that passed the next "Link Alive Check" confirmation date and time.
2023-06-10 15:53:35 [1] Confirmed the "Link Alive Check". (NextTime=1970-01-01 00:00:00 Result= URL=)
2023-06-10 15:53:35 [2] Confirmed the "Link Alive Check". (NextTime=1970-01-01 00:00:00 Result= URL=)
2023-06-10 15:53:35 [3] Confirmed the "Link Alive Check". (NextTime=1970-01-01 00:00:00 Result= URL=)
2023-06-10 15:53:36 [4] Confirmed the "Link Alive Check". (NextTime=1970-01-01 00:00:00 Result= URL=)
2023-06-10 15:53:36 [5] Confirmed the "Link Alive Check". (NextTime=1970-01-01 00:00:00 Result= URL=)
2023-06-10 16:23:50 There were 2 links that passed the next "Check SNS Count" confirmation date and time.
2023-06-10 16:23:50 [1] Confirmed the "Check SNS Count". (NextTime=2021-03-20 18:34:47 URL=https://www.amazon.co.jp/Roost-%E3%83%8E%E3%83%BC%E3%83%88%E3%83%91%E3%82%BD%E3%82%B3%E3%83%B3%E7%94%A8%E3%82%B9%E3%82%BF%E3%83%B3%E3%83%89-MacBook-%E4%BA%BA%E9%96%93%E5%B7%A5%E5%AD%A6%E3%81%AB%E5%9F%BA%E3%81%A5%E3%81%84%E3%81%9F%E3%83%87%E3%82%B6%E3%82%A4%E3%83%B3-%E3%83%A6%E3%83%8B%E3%83%90%E3%83%BC%E3%82%B5%E3%83%AB%E3%83%87%E3%82%B6%E3%82%A4%E3%83%B3/dp/B01C9KG8IG/ref=as_li_ss_il?ie=UTF8&#038;qid=1530874117&#038;sr=8-1&#038;keywords=roost&#038;linkCode=li2&#038;tag=drunkar-22&#038;linkId=100d961f17d3946bcfe8a8e9392f2401)
2023-06-10 16:23:50 [2] Confirmed the "Check SNS Count". (NextTime=2021-04-14 15:52:39 URL=https://sekailab.com/wp/2018/08/11/sakura-vps-nem-supernode-3)
2023-06-10 16:29:57 There were 284 links that passed the next "Link Alive Check" confirmation date and time.
2023-06-10 16:29:57 [1] Confirmed the "Link Alive Check". (NextTime=1970-01-01 00:00:00 Result= URL=)
2023-06-10 16:29:58 [2] Confirmed the "Link Alive Check". (NextTime=1970-01-01 00:00:00 Result= URL=)
2023-06-10 16:29:58 [3] Confirmed the "Link Alive Check". (NextTime=1970-01-01 00:00:00 Result= URL=)
2023-06-10 16:29:58 [4] Confirmed the "Link Alive Check". (NextTime=1970-01-01 00:00:00 Result= URL=)
2023-06-10 16:29:58 [5] Confirmed the "Link Alive Check". (NextTime=1970-01-01 00:00:00 Result= URL=)
2023-06-10 16:56:47 There were 284 links that passed the next "Link Alive Check" confirmation date and time.
2023-06-10 16:56:48 [1] Confirmed the "Link Alive Check". (NextTime=1970-01-01 00:00:00 Result= URL=)
2023-06-10 16:56:48 [2] Confirmed the "Link Alive Check". (NextTime=1970-01-01 00:00:00 Result= URL=)
2023-06-10 16:56:48 [3] Confirmed the "Link Alive Check". (NextTime=1970-01-01 00:00:00 Result= URL=)
2023-06-10 16:56:48 [4] Confirmed the "Link Alive Check". (NextTime=1970-01-01 00:00:00 Result= URL=)
2023-06-10 16:56:48 [5] Confirmed the "Link Alive Check". (NextTime=1970-01-01 00:00:00 Result= URL=)
2023-06-10 17:23:07 There were 0 links that passed the next "Check SNS Count" confirmation date and time.
2023-06-10 17:30:32 There were 284 links that passed the next "Link Alive Check" confirmation date and time.
2023-06-10 17:30:32 [1] Confirmed the "Link Alive Check". (NextTime=1970-01-01 00:00:00 Result= URL=)
2023-06-10 17:30:32 [2] Confirmed the "Link Alive Check". (NextTime=1970-01-01 00:00:00 Result= URL=)
2023-06-10 17:30:33 [3] Confirmed the "Link Alive Check". (NextTime=1970-01-01 00:00:00 Result= URL=)
2023-06-10 17:30:33 [4] Confirmed the "Link Alive Check". (NextTime=1970-01-01 00:00:00 Result= URL=)
2023-06-10 17:30:33 [5] Confirmed the "Link Alive Check". (NextTime=1970-01-01 00:00:00 Result= URL=)
2023-06-10 17:57:58 There were 284 links that passed the next "Link Alive Check" confirmation date and time.
2023-06-10 17:57:58 [1] Confirmed the "Link Alive Check". (NextTime=1970-01-01 00:00:00 Result= URL=)
2023-06-10 17:57:58 [2] Confirmed the "Link Alive Check". (NextTime=1970-01-01 00:00:00 Result= URL=)
2023-06-10 17:57:59 [3] Confirmed the "Link Alive Check". (NextTime=1970-01-01 00:00:00 Result= URL=)
2023-06-10 17:57:59 [4] Confirmed the "Link Alive Check". (NextTime=1970-01-01 00:00:00 Result= URL=)
2023-06-10 17:57:59 [5] Confirmed the "Link Alive Check". (NextTime=1970-01-01 00:00:00 Result= URL=)
2023-06-10 18:24:26 There were 0 links that passed the next "Check SNS Count" confirmation date and time.
2023-06-10 18:32:01 There were 284 links that passed the next "Link Alive Check" confirmation date and time.
2023-06-10 18:32:02 [1] Confirmed the "Link Alive Check". (NextTime=1970-01-01 00:00:00 Result= URL=)
2023-06-10 18:32:02 [2] Confirmed the "Link Alive Check". (NextTime=1970-01-01 00:00:00 Result= URL=)
2023-06-10 18:32:02 [3] Confirmed the "Link Alive Check". (NextTime=1970-01-01 00:00:00 Result= URL=)
2023-06-10 18:32:02 [4] Confirmed the "Link Alive Check". (NextTime=1970-01-01 00:00:00 Result= URL=)
2023-06-10 18:32:03 [5] Confirmed the "Link Alive Check". (NextTime=1970-01-01 00:00:00 Result= URL=)
2023-06-10 19:00:23 There were 284 links that passed the next "Link Alive Check" confirmation date and time.
2023-06-10 19:00:24 [1] Confirmed the "Link Alive Check". (NextTime=1970-01-01 00:00:00 Result= URL=)
2023-06-10 19:00:24 [2] Confirmed the "Link Alive Check". (NextTime=1970-01-01 00:00:00 Result= URL=)
2023-06-10 19:00:24 [3] Confirmed the "Link Alive Check". (NextTime=1970-01-01 00:00:00 Result= URL=)
2023-06-10 19:00:24 [4] Confirmed the "Link Alive Check". (NextTime=1970-01-01 00:00:00 Result= URL=)
2023-06-10 19:00:24 [5] Confirmed the "Link Alive Check". (NextTime=1970-01-01 00:00:00 Result= URL=)
2023-06-10 19:30:24 There were 1 links that passed the next "Check SNS Count" confirmation date and time.
2023-06-10 19:30:24 [1] Confirmed the "Check SNS Count". (NextTime=2021-04-15 12:55:42 URL=https://ja.aliexpress.com/item/Wholesale-camera-flash-bracket-L-bracket-bilateral-frame-twin-double-L-bracket-L-bracket/32323286127.html)
2023-06-10 19:32:31 There were 284 links that passed the next "Link Alive Check" confirmation date and time.
2023-06-10 19:32:31 [1] Confirmed the "Link Alive Check". (NextTime=1970-01-01 00:00:00 Result= URL=)
2023-06-10 19:32:31 [2] Confirmed the "Link Alive Check". (NextTime=1970-01-01 00:00:00 Result= URL=)
2023-06-10 19:32:31 [3] Confirmed the "Link Alive Check". (NextTime=1970-01-01 00:00:00 Result= URL=)
2023-06-10 19:32:32 [4] Confirmed the "Link Alive Check". (NextTime=1970-01-01 00:00:00 Result= URL=)
2023-06-10 19:32:32 [5] Confirmed the "Link Alive Check". (NextTime=1970-01-01 00:00:00 Result= URL=)
2023-06-10 20:02:42 There were 284 links that passed the next "Link Alive Check" confirmation date and time.
2023-06-10 20:02:42 [1] Confirmed the "Link Alive Check". (NextTime=1970-01-01 00:00:00 Result= URL=)
2023-06-10 20:02:42 [2] Confirmed the "Link Alive Check". (NextTime=1970-01-01 00:00:00 Result= URL=)
2023-06-10 20:02:43 [3] Confirmed the "Link Alive Check". (NextTime=1970-01-01 00:00:00 Result= URL=)
2023-06-10 20:02:43 [4] Confirmed the "Link Alive Check". (NextTime=1970-01-01 00:00:00 Result= URL=)
2023-06-10 20:02:43 [5] Confirmed the "Link Alive Check". (NextTime=1970-01-01 00:00:00 Result= URL=)
2023-06-10 20:24:45 There were 0 links that passed the next "Check SNS Count" confirmation date and time.
2023-06-10 20:32:34 There were 284 links that passed the next "Link Alive Check" confirmation date and time.
2023-06-10 20:32:34 [1] Confirmed the "Link Alive Check". (NextTime=1970-01-01 00:00:00 Result= URL=)
2023-06-10 20:32:34 [2] Confirmed the "Link Alive Check". (NextTime=1970-01-01 00:00:00 Result= URL=)
2023-06-10 20:32:34 [3] Confirmed the "Link Alive Check". (NextTime=1970-01-01 00:00:00 Result= URL=)
2023-06-10 20:32:35 [4] Confirmed the "Link Alive Check". (NextTime=1970-01-01 00:00:00 Result= URL=)
2023-06-10 20:32:35 [5] Confirmed the "Link Alive Check". (NextTime=1970-01-01 00:00:00 Result= URL=)
2023-06-10 21:07:02 There were 284 links that passed the next "Link Alive Check" confirmation date and time.
2023-06-10 21:07:02 [1] Confirmed the "Link Alive Check". (NextTime=1970-01-01 00:00:00 Result= URL=)
2023-06-10 21:07:03 [2] Confirmed the "Link Alive Check". (NextTime=1970-01-01 00:00:00 Result= URL=)
2023-06-10 21:07:03 [3] Confirmed the "Link Alive Check". (NextTime=1970-01-01 00:00:00 Result= URL=)
2023-06-10 21:07:03 [4] Confirmed the "Link Alive Check". (NextTime=1970-01-01 00:00:00 Result= URL=)
2023-06-10 21:07:03 [5] Confirmed the "Link Alive Check". (NextTime=1970-01-01 00:00:00 Result= URL=)
2023-06-10 21:23:56 There were 0 links that passed the next "Check SNS Count" confirmation date and time.
2023-06-10 21:32:51 There were 284 links that passed the next "Link Alive Check" confirmation date and time.
2023-06-10 21:32:52 [1] Confirmed the "Link Alive Check". (NextTime=1970-01-01 00:00:00 Result= URL=)
2023-06-10 21:32:52 [2] Confirmed the "Link Alive Check". (NextTime=1970-01-01 00:00:00 Result= URL=)
2023-06-10 21:32:52 [3] Confirmed the "Link Alive Check". (NextTime=1970-01-01 00:00:00 Result= URL=)
2023-06-10 21:32:52 [4] Confirmed the "Link Alive Check". (NextTime=1970-01-01 00:00:00 Result= URL=)
2023-06-10 21:32:52 [5] Confirmed the "Link Alive Check". (NextTime=1970-01-01 00:00:00 Result= URL=)
2023-06-10 22:08:26 There were 284 links that passed the next "Link Alive Check" confirmation date and time.
2023-06-10 22:08:26 [1] Confirmed the "Link Alive Check". (NextTime=1970-01-01 00:00:00 Result= URL=)
2023-06-10 22:08:26 [2] Confirmed the "Link Alive Check". (NextTime=1970-01-01 00:00:00 Result= URL=)
2023-06-10 22:08:26 [3] Confirmed the "Link Alive Check". (NextTime=1970-01-01 00:00:00 Result= URL=)
2023-06-10 22:08:27 [4] Confirmed the "Link Alive Check". (NextTime=1970-01-01 00:00:00 Result= URL=)
2023-06-10 22:08:27 [5] Confirmed the "Link Alive Check". (NextTime=1970-01-01 00:00:00 Result= URL=)
2023-06-10 22:23:32 There were 0 links that passed the next "Check SNS Count" confirmation date and time.
2023-06-10 22:34:32 There were 284 links that passed the next "Link Alive Check" confirmation date and time.
2023-06-10 22:34:33 [1] Confirmed the "Link Alive Check". (NextTime=1970-01-01 00:00:00 Result= URL=)
2023-06-10 22:34:33 [2] Confirmed the "Link Alive Check". (NextTime=1970-01-01 00:00:00 Result= URL=)
2023-06-10 22:34:33 [3] Confirmed the "Link Alive Check". (NextTime=1970-01-01 00:00:00 Result= URL=)
2023-06-10 22:34:33 [4] Confirmed the "Link Alive Check". (NextTime=1970-01-01 00:00:00 Result= URL=)
2023-06-10 22:34:34 [5] Confirmed the "Link Alive Check". (NextTime=1970-01-01 00:00:00 Result= URL=)
2023-06-10 23:08:40 There were 284 links that passed the next "Link Alive Check" confirmation date and time.
2023-06-10 23:08:41 [1] Confirmed the "Link Alive Check". (NextTime=1970-01-01 00:00:00 Result= URL=)
2023-06-10 23:08:41 [2] Confirmed the "Link Alive Check". (NextTime=1970-01-01 00:00:00 Result= URL=)
2023-06-10 23:08:41 [3] Confirmed the "Link Alive Check". (NextTime=1970-01-01 00:00:00 Result= URL=)
2023-06-10 23:08:41 [4] Confirmed the "Link Alive Check". (NextTime=1970-01-01 00:00:00 Result= URL=)
2023-06-10 23:08:42 [5] Confirmed the "Link Alive Check". (NextTime=1970-01-01 00:00:00 Result= URL=)
2023-06-10 23:24:44 There were 0 links that passed the next "Check SNS Count" confirmation date and time.
2023-06-10 23:34:47 There were 284 links that passed the next "Link Alive Check" confirmation date and time.
2023-06-10 23:34:48 [1] Confirmed the "Link Alive Check". (NextTime=1970-01-01 00:00:00 Result= URL=)
2023-06-10 23:34:48 [2] Confirmed the "Link Alive Check". (NextTime=1970-01-01 00:00:00 Result= URL=)
2023-06-10 23:34:48 [3] Confirmed the "Link Alive Check". (NextTime=1970-01-01 00:00:00 Result= URL=)
2023-06-10 23:34:48 [4] Confirmed the "Link Alive Check". (NextTime=1970-01-01 00:00:00 Result= URL=)
2023-06-10 23:34:48 [5] Confirmed the "Link Alive Check". (NextTime=1970-01-01 00:00:00 Result= URL=)
