2022-08-09 00:06:57 There were 284 links that passed the next "Link Alive Check" confirmation date and time.
2022-08-09 00:06:57 [1] Confirmed the "Link Alive Check". (NextTime=1970-01-01 00:00:00 Result= URL=)
2022-08-09 00:06:57 [2] Confirmed the "Link Alive Check". (NextTime=1970-01-01 00:00:00 Result= URL=)
2022-08-09 00:06:58 [3] Confirmed the "Link Alive Check". (NextTime=1970-01-01 00:00:00 Result= URL=)
2022-08-09 00:06:58 [4] Confirmed the "Link Alive Check". (NextTime=1970-01-01 00:00:00 Result= URL=)
2022-08-09 00:06:58 [5] Confirmed the "Link Alive Check". (NextTime=1970-01-01 00:00:00 Result= URL=)
2022-08-09 00:23:17 There were 3 links that passed the next "Check SNS Count" confirmation date and time.
2022-08-09 00:23:17 [1] Confirmed the "Check SNS Count". (NextTime=2021-04-03 04:35:19 URL=https://github.com/thunil/TecoGAN)
2022-08-09 00:23:18 [2] Confirmed the "Check SNS Count". (NextTime=2021-04-15 06:52:22 URL=https://sekailab.com/wp/2018/04/10/python-2-79-anaconda-python)
2022-08-09 00:23:18 [3] Confirmed the "Check SNS Count". (NextTime=2021-03-24 16:50:43 URL=https://akizukidenshi.com/catalog/g/gM-16142/)
2022-08-09 00:44:04 There were 284 links that passed the next "Link Alive Check" confirmation date and time.
2022-08-09 00:44:04 [1] Confirmed the "Link Alive Check". (NextTime=1970-01-01 00:00:00 Result= URL=)
2022-08-09 00:44:05 [2] Confirmed the "Link Alive Check". (NextTime=1970-01-01 00:00:00 Result= URL=)
2022-08-09 00:44:05 [3] Confirmed the "Link Alive Check". (NextTime=1970-01-01 00:00:00 Result= URL=)
2022-08-09 00:44:05 [4] Confirmed the "Link Alive Check". (NextTime=1970-01-01 00:00:00 Result= URL=)
2022-08-09 00:44:05 [5] Confirmed the "Link Alive Check". (NextTime=1970-01-01 00:00:00 Result= URL=)
2022-08-09 01:10:51 There were 284 links that passed the next "Link Alive Check" confirmation date and time.
2022-08-09 01:10:51 [1] Confirmed the "Link Alive Check". (NextTime=1970-01-01 00:00:00 Result= URL=)
2022-08-09 01:10:51 [2] Confirmed the "Link Alive Check". (NextTime=1970-01-01 00:00:00 Result= URL=)
2022-08-09 01:10:51 [3] Confirmed the "Link Alive Check". (NextTime=1970-01-01 00:00:00 Result= URL=)
2022-08-09 01:10:52 [4] Confirmed the "Link Alive Check". (NextTime=1970-01-01 00:00:00 Result= URL=)
2022-08-09 01:10:52 [5] Confirmed the "Link Alive Check". (NextTime=1970-01-01 00:00:00 Result= URL=)
2022-08-09 01:23:09 There were 1 links that passed the next "Check SNS Count" confirmation date and time.
2022-08-09 01:23:09 [1] Confirmed the "Check SNS Count". (NextTime=2021-03-26 04:20:29 URL=https://www.amazon.co.jp/cocopar-17-3%E3%82%A4%E3%83%B3%E3%83%81-FHD1920x1080-%E3%83%A2%E3%83%90%E3%82%A4%E3%83%AB%E3%83%A2%E3%83%8B%E3%82%BF%E3%83%BC-%E3%83%A2%E3%83%90%E3%82%A4%E3%83%AB%E3%83%87%E3%82%A3%E3%82%B9%E3%83%97%E3%83%AC%E3%82%A4/dp/B07WX7XRR7/ref=as_li_ss_il?__mk_ja_JP=%E3%82%AB%E3%82%BF%E3%82%AB%E3%83%8A&#038;crid=2NYCM0P4V7RPF&#038;keywords=%E3%83%A2%E3%83%90%E3%82%A4%E3%83%AB%E3%83%A2%E3%83%8B%E3%82%BF%E3%83%BC+17.3&#038;qid=1583144641&#038;sprefix=%E3%83%A2%E3%83%90%E3%82%A4%E3%83%AB%E3%83%A2%E3%83%8B%E3%82%BF%E3%83%BC,aps,271&#038;sr=8-10&#038;linkCode=li2&#038;tag=drunkar-22&#038;linkId=a7488d8a6dae8ad4af11c69b0b3dd44d&#038;language=ja_JP)
2022-08-09 01:23:47 There were 0 links that passed the next "Check SNS Count" confirmation date and time.
2022-08-09 01:53:39 There were 284 links that passed the next "Link Alive Check" confirmation date and time.
2022-08-09 01:53:40 [1] Confirmed the "Link Alive Check". (NextTime=1970-01-01 00:00:00 Result= URL=)
2022-08-09 01:53:40 [2] Confirmed the "Link Alive Check". (NextTime=1970-01-01 00:00:00 Result= URL=)
2022-08-09 01:53:40 [3] Confirmed the "Link Alive Check". (NextTime=1970-01-01 00:00:00 Result= URL=)
2022-08-09 01:53:40 [4] Confirmed the "Link Alive Check". (NextTime=1970-01-01 00:00:00 Result= URL=)
2022-08-09 01:53:40 [5] Confirmed the "Link Alive Check". (NextTime=1970-01-01 00:00:00 Result= URL=)
2022-08-09 02:13:26 There were 284 links that passed the next "Link Alive Check" confirmation date and time.
2022-08-09 02:13:26 [1] Confirmed the "Link Alive Check". (NextTime=1970-01-01 00:00:00 Result= URL=)
2022-08-09 02:13:26 [2] Confirmed the "Link Alive Check". (NextTime=1970-01-01 00:00:00 Result= URL=)
2022-08-09 02:13:26 [3] Confirmed the "Link Alive Check". (NextTime=1970-01-01 00:00:00 Result= URL=)
2022-08-09 02:13:27 [4] Confirmed the "Link Alive Check". (NextTime=1970-01-01 00:00:00 Result= URL=)
2022-08-09 02:13:27 [5] Confirmed the "Link Alive Check". (NextTime=1970-01-01 00:00:00 Result= URL=)
2022-08-09 02:23:34 There were 0 links that passed the next "Check SNS Count" confirmation date and time.
2022-08-09 03:02:23 There were 284 links that passed the next "Link Alive Check" confirmation date and time.
2022-08-09 03:02:23 [1] Confirmed the "Link Alive Check". (NextTime=1970-01-01 00:00:00 Result= URL=)
2022-08-09 03:02:23 [2] Confirmed the "Link Alive Check". (NextTime=1970-01-01 00:00:00 Result= URL=)
2022-08-09 03:02:24 [3] Confirmed the "Link Alive Check". (NextTime=1970-01-01 00:00:00 Result= URL=)
2022-08-09 03:02:24 [4] Confirmed the "Link Alive Check". (NextTime=1970-01-01 00:00:00 Result= URL=)
2022-08-09 03:02:24 [5] Confirmed the "Link Alive Check". (NextTime=1970-01-01 00:00:00 Result= URL=)
2022-08-09 03:18:00 There were 284 links that passed the next "Link Alive Check" confirmation date and time.
2022-08-09 03:18:00 [1] Confirmed the "Link Alive Check". (NextTime=1970-01-01 00:00:00 Result= URL=)
2022-08-09 03:18:01 [2] Confirmed the "Link Alive Check". (NextTime=1970-01-01 00:00:00 Result= URL=)
2022-08-09 03:18:01 [3] Confirmed the "Link Alive Check". (NextTime=1970-01-01 00:00:00 Result= URL=)
2022-08-09 03:18:01 [4] Confirmed the "Link Alive Check". (NextTime=1970-01-01 00:00:00 Result= URL=)
2022-08-09 03:18:01 [5] Confirmed the "Link Alive Check". (NextTime=1970-01-01 00:00:00 Result= URL=)
2022-08-09 03:24:12 There were 0 links that passed the next "Check SNS Count" confirmation date and time.
2022-08-09 04:02:35 There were 284 links that passed the next "Link Alive Check" confirmation date and time.
2022-08-09 04:02:35 [1] Confirmed the "Link Alive Check". (NextTime=1970-01-01 00:00:00 Result= URL=)
2022-08-09 04:02:35 [2] Confirmed the "Link Alive Check". (NextTime=1970-01-01 00:00:00 Result= URL=)
2022-08-09 04:02:36 [3] Confirmed the "Link Alive Check". (NextTime=1970-01-01 00:00:00 Result= URL=)
2022-08-09 04:02:36 [4] Confirmed the "Link Alive Check". (NextTime=1970-01-01 00:00:00 Result= URL=)
2022-08-09 04:02:36 [5] Confirmed the "Link Alive Check". (NextTime=1970-01-01 00:00:00 Result= URL=)
2022-08-09 04:19:44 There were 284 links that passed the next "Link Alive Check" confirmation date and time.
2022-08-09 04:19:44 [1] Confirmed the "Link Alive Check". (NextTime=1970-01-01 00:00:00 Result= URL=)
2022-08-09 04:19:44 [2] Confirmed the "Link Alive Check". (NextTime=1970-01-01 00:00:00 Result= URL=)
2022-08-09 04:19:45 [3] Confirmed the "Link Alive Check". (NextTime=1970-01-01 00:00:00 Result= URL=)
2022-08-09 04:19:45 [4] Confirmed the "Link Alive Check". (NextTime=1970-01-01 00:00:00 Result= URL=)
2022-08-09 04:19:45 [5] Confirmed the "Link Alive Check". (NextTime=1970-01-01 00:00:00 Result= URL=)
2022-08-09 04:23:09 There were 1 links that passed the next "Check SNS Count" confirmation date and time.
2022-08-09 04:23:10 [1] Confirmed the "Check SNS Count". (NextTime=2021-04-14 23:02:13 URL=http://movidius-neural-compute-stick-with-orangepi-pc2)
2022-08-09 05:09:19 There were 284 links that passed the next "Link Alive Check" confirmation date and time.
2022-08-09 05:09:19 [1] Confirmed the "Link Alive Check". (NextTime=1970-01-01 00:00:00 Result= URL=)
2022-08-09 05:09:19 [2] Confirmed the "Link Alive Check". (NextTime=1970-01-01 00:00:00 Result= URL=)
2022-08-09 05:09:20 [3] Confirmed the "Link Alive Check". (NextTime=1970-01-01 00:00:00 Result= URL=)
2022-08-09 05:09:20 [4] Confirmed the "Link Alive Check". (NextTime=1970-01-01 00:00:00 Result= URL=)
2022-08-09 05:09:20 [5] Confirmed the "Link Alive Check". (NextTime=1970-01-01 00:00:00 Result= URL=)
2022-08-09 05:19:59 There were 284 links that passed the next "Link Alive Check" confirmation date and time.
2022-08-09 05:19:59 [1] Confirmed the "Link Alive Check". (NextTime=1970-01-01 00:00:00 Result= URL=)
2022-08-09 05:19:59 [2] Confirmed the "Link Alive Check". (NextTime=1970-01-01 00:00:00 Result= URL=)
2022-08-09 05:20:00 [3] Confirmed the "Link Alive Check". (NextTime=1970-01-01 00:00:00 Result= URL=)
2022-08-09 05:20:00 [4] Confirmed the "Link Alive Check". (NextTime=1970-01-01 00:00:00 Result= URL=)
2022-08-09 05:20:00 [5] Confirmed the "Link Alive Check". (NextTime=1970-01-01 00:00:00 Result= URL=)
2022-08-09 05:23:32 There were 1 links that passed the next "Check SNS Count" confirmation date and time.
2022-08-09 05:23:32 [1] Confirmed the "Check SNS Count". (NextTime=2021-04-08 15:12:13 URL=https://www.banggood.com/J3-Cub-MinimumRC-Bankyard-Flyer-360mm-Wingspan-RC-Airplane-KITPNP-p-1403039.html?p=DR062131921252201904&#038;ID=556226&#038;cur_warehouse=CN)
2022-08-09 06:11:03 There were 284 links that passed the next "Link Alive Check" confirmation date and time.
2022-08-09 06:11:03 [1] Confirmed the "Link Alive Check". (NextTime=1970-01-01 00:00:00 Result= URL=)
2022-08-09 06:11:03 [2] Confirmed the "Link Alive Check". (NextTime=1970-01-01 00:00:00 Result= URL=)
2022-08-09 06:11:04 [3] Confirmed the "Link Alive Check". (NextTime=1970-01-01 00:00:00 Result= URL=)
2022-08-09 06:11:04 [4] Confirmed the "Link Alive Check". (NextTime=1970-01-01 00:00:00 Result= URL=)
2022-08-09 06:11:04 [5] Confirmed the "Link Alive Check". (NextTime=1970-01-01 00:00:00 Result= URL=)
2022-08-09 06:22:27 There were 284 links that passed the next "Link Alive Check" confirmation date and time.
2022-08-09 06:22:27 [1] Confirmed the "Link Alive Check". (NextTime=1970-01-01 00:00:00 Result= URL=)
2022-08-09 06:22:27 [2] Confirmed the "Link Alive Check". (NextTime=1970-01-01 00:00:00 Result= URL=)
2022-08-09 06:22:28 [3] Confirmed the "Link Alive Check". (NextTime=1970-01-01 00:00:00 Result= URL=)
2022-08-09 06:22:28 [4] Confirmed the "Link Alive Check". (NextTime=1970-01-01 00:00:00 Result= URL=)
2022-08-09 06:22:28 [5] Confirmed the "Link Alive Check". (NextTime=1970-01-01 00:00:00 Result= URL=)
2022-08-09 06:24:58 There were 3 links that passed the next "Check SNS Count" confirmation date and time.
2022-08-09 06:24:58 [1] Confirmed the "Check SNS Count". (NextTime=2021-03-25 05:57:44 URL=https://www.amazon.co.jp/gp/product/B013QRN40G/ref=as_li_ss_il?ie=UTF8&#038;psc=1&#038;linkCode=li2&#038;tag=drunkar-22&#038;linkId=242413e9dcc9f72045c62d6c1ccc1a51)
2022-08-09 06:24:58 [2] Confirmed the "Check SNS Count". (NextTime=2021-03-23 18:37:33 URL=https://www.banggood.com/Original-Xiaomi-Air-TWS-True-Wireless-bluetooth-Earphone-Active-Noise-Cancelling-Smart-Touch-Bilateral-Call-Headphone-p-1410116.html?p=K226105168701201606R)
2022-08-09 06:24:58 [3] Confirmed the "Check SNS Count". (NextTime=2021-04-06 23:50:43 URL=https://medium.com/@sfujiwara/tensorflow-%E3%81%AE-sessionrunhook-%E3%81%A7-optuna-%E3%81%AE%E6%9E%9D%E5%88%88%E3%82%8A-56efd096cbd3)
2022-08-09 07:11:28 There were 284 links that passed the next "Link Alive Check" confirmation date and time.
2022-08-09 07:11:28 [1] Confirmed the "Link Alive Check". (NextTime=1970-01-01 00:00:00 Result= URL=)
2022-08-09 07:11:28 [2] Confirmed the "Link Alive Check". (NextTime=1970-01-01 00:00:00 Result= URL=)
2022-08-09 07:11:29 [3] Confirmed the "Link Alive Check". (NextTime=1970-01-01 00:00:00 Result= URL=)
2022-08-09 07:11:29 [4] Confirmed the "Link Alive Check". (NextTime=1970-01-01 00:00:00 Result= URL=)
2022-08-09 07:11:29 [5] Confirmed the "Link Alive Check". (NextTime=1970-01-01 00:00:00 Result= URL=)
2022-08-09 07:23:31 There were 284 links that passed the next "Link Alive Check" confirmation date and time.
2022-08-09 07:23:31 [1] Confirmed the "Link Alive Check". (NextTime=1970-01-01 00:00:00 Result= URL=)
2022-08-09 07:23:31 [2] Confirmed the "Link Alive Check". (NextTime=1970-01-01 00:00:00 Result= URL=)
2022-08-09 07:23:31 [3] Confirmed the "Link Alive Check". (NextTime=1970-01-01 00:00:00 Result= URL=)
2022-08-09 07:23:32 [4] Confirmed the "Link Alive Check". (NextTime=1970-01-01 00:00:00 Result= URL=)
2022-08-09 07:23:32 [5] Confirmed the "Link Alive Check". (NextTime=1970-01-01 00:00:00 Result= URL=)
2022-08-09 07:23:32 There were 4 links that passed the next "Check SNS Count" confirmation date and time.
2022-08-09 07:23:32 [1] Confirmed the "Check SNS Count". (NextTime=2021-04-15 08:45:47 URL=https://sekailab.com/wp/2015/11/02/lstm-general-responce-bot)
2022-08-09 07:23:32 [2] Confirmed the "Check SNS Count". (NextTime=2021-03-21 08:59:01 URL=https://www.amazon.co.jp/gp/product/B06ZYZMCD3/ref=as_li_ss_il?ie=UTF8&#038;psc=1&#038;linkCode=li2&#038;tag=drunkar-22&#038;linkId=c32f160016a1b2922132601ed8f805d2)
2022-08-09 07:23:32 [3] Confirmed the "Check SNS Count". (NextTime=2021-03-20 05:30:55 URL=https://console.cloud.google.com)
2022-08-09 07:23:32 [4] Confirmed the "Check SNS Count". (NextTime=2021-03-26 20:55:33 URL=https://docs.nvidia.com/cuda/wsl-user-guide/index.html#setting-containers)
2022-08-09 08:16:40 There were 284 links that passed the next "Link Alive Check" confirmation date and time.
2022-08-09 08:16:40 [1] Confirmed the "Link Alive Check". (NextTime=1970-01-01 00:00:00 Result= URL=)
2022-08-09 08:16:40 [2] Confirmed the "Link Alive Check". (NextTime=1970-01-01 00:00:00 Result= URL=)
2022-08-09 08:16:40 [3] Confirmed the "Link Alive Check". (NextTime=1970-01-01 00:00:00 Result= URL=)
2022-08-09 08:16:41 [4] Confirmed the "Link Alive Check". (NextTime=1970-01-01 00:00:00 Result= URL=)
2022-08-09 08:16:41 [5] Confirmed the "Link Alive Check". (NextTime=1970-01-01 00:00:00 Result= URL=)
2022-08-09 08:25:50 There were 2 links that passed the next "Check SNS Count" confirmation date and time.
2022-08-09 08:25:50 [1] Confirmed the "Check SNS Count". (NextTime=2021-04-14 03:47:27 URL=https://sekailab.com/wp/2015/11/02/lstm-general-responce-bot/)
2022-08-09 08:25:50 [2] Confirmed the "Check SNS Count". (NextTime=2021-04-06 19:40:18 URL=https://www.amazon.co.jp/SIGMA-%E5%8D%98%E7%84%A6%E7%82%B9%E8%B6%85%E5%BA%83%E8%A7%92%E3%83%AC%E3%83%B3%E3%82%BA-14mm-%E3%82%AD%E3%83%A4%E3%83%8E%E3%83%B3%E7%94%A8-%E3%83%95%E3%83%AB%E3%82%B5%E3%82%A4%E3%82%BA%E5%AF%BE%E5%BF%9C/dp/B072KTCV4D/ref=as_li_ss_il?__mk_ja_JP=%E3%82%AB%E3%82%BF%E3%82%AB%E3%83%8A&#038;keywords=SIGMA%E3%81%AE14mm+F1.8+DG+HSM&#038;qid=1556022655&#038;s=gateway&#038;sr=8-1-fkmr0&#038;linkCode=li2&#038;tag=drunkar-22&#038;linkId=d92b94824677fb5602d02799be9e75c3)
2022-08-09 08:28:28 There were 284 links that passed the next "Link Alive Check" confirmation date and time.
2022-08-09 08:28:29 [1] Confirmed the "Link Alive Check". (NextTime=1970-01-01 00:00:00 Result= URL=)
2022-08-09 08:28:29 [2] Confirmed the "Link Alive Check". (NextTime=1970-01-01 00:00:00 Result= URL=)
2022-08-09 08:28:29 [3] Confirmed the "Link Alive Check". (NextTime=1970-01-01 00:00:00 Result= URL=)
2022-08-09 08:28:29 [4] Confirmed the "Link Alive Check". (NextTime=1970-01-01 00:00:00 Result= URL=)
2022-08-09 08:28:30 [5] Confirmed the "Link Alive Check". (NextTime=1970-01-01 00:00:00 Result= URL=)
2022-08-09 09:17:32 There were 284 links that passed the next "Link Alive Check" confirmation date and time.
2022-08-09 09:17:32 [1] Confirmed the "Link Alive Check". (NextTime=1970-01-01 00:00:00 Result= URL=)
2022-08-09 09:17:32 [2] Confirmed the "Link Alive Check". (NextTime=1970-01-01 00:00:00 Result= URL=)
2022-08-09 09:17:32 [3] Confirmed the "Link Alive Check". (NextTime=1970-01-01 00:00:00 Result= URL=)
2022-08-09 09:17:32 [4] Confirmed the "Link Alive Check". (NextTime=1970-01-01 00:00:00 Result= URL=)
2022-08-09 09:17:33 [5] Confirmed the "Link Alive Check". (NextTime=1970-01-01 00:00:00 Result= URL=)
2022-08-09 09:23:07 There were 0 links that passed the next "Check SNS Count" confirmation date and time.
2022-08-09 09:31:30 There were 284 links that passed the next "Link Alive Check" confirmation date and time.
2022-08-09 09:31:31 [1] Confirmed the "Link Alive Check". (NextTime=1970-01-01 00:00:00 Result= URL=)
2022-08-09 09:31:31 [2] Confirmed the "Link Alive Check". (NextTime=1970-01-01 00:00:00 Result= URL=)
2022-08-09 09:31:31 [3] Confirmed the "Link Alive Check". (NextTime=1970-01-01 00:00:00 Result= URL=)
2022-08-09 09:31:31 [4] Confirmed the "Link Alive Check". (NextTime=1970-01-01 00:00:00 Result= URL=)
2022-08-09 09:31:31 [5] Confirmed the "Link Alive Check". (NextTime=1970-01-01 00:00:00 Result= URL=)
2022-08-09 10:20:53 There were 284 links that passed the next "Link Alive Check" confirmation date and time.
2022-08-09 10:20:54 [1] Confirmed the "Link Alive Check". (NextTime=1970-01-01 00:00:00 Result= URL=)
2022-08-09 10:20:54 [2] Confirmed the "Link Alive Check". (NextTime=1970-01-01 00:00:00 Result= URL=)
2022-08-09 10:20:54 [3] Confirmed the "Link Alive Check". (NextTime=1970-01-01 00:00:00 Result= URL=)
2022-08-09 10:20:54 [4] Confirmed the "Link Alive Check". (NextTime=1970-01-01 00:00:00 Result= URL=)
2022-08-09 10:20:55 [5] Confirmed the "Link Alive Check". (NextTime=1970-01-01 00:00:00 Result= URL=)
2022-08-09 10:23:09 There were 4 links that passed the next "Check SNS Count" confirmation date and time.
2022-08-09 10:23:09 [1] Confirmed the "Check SNS Count". (NextTime=2021-03-26 20:02:20 URL=https://hub.docker.com/r/drunkar/airflow-alpine/)
2022-08-09 10:23:09 [2] Confirmed the "Check SNS Count". (NextTime=2021-04-15 01:43:04 URL=https://gumroad.com/l/japanese_talk_api_transformer)
2022-08-09 10:23:09 [3] Confirmed the "Check SNS Count". (NextTime=2021-03-26 13:04:58 URL=https://anaconda.org/anaconda/tensorflow-gpu)
2022-08-09 10:23:09 [4] Confirmed the "Check SNS Count". (NextTime=2021-04-16 02:18:56 URL=https://sekailab.com/wp/2018/09/05/mistel-barocco-md650l-bluetooth)
2022-08-09 10:32:35 There were 284 links that passed the next "Link Alive Check" confirmation date and time.
2022-08-09 10:32:36 [1] Confirmed the "Link Alive Check". (NextTime=1970-01-01 00:00:00 Result= URL=)
2022-08-09 10:32:36 [2] Confirmed the "Link Alive Check". (NextTime=1970-01-01 00:00:00 Result= URL=)
2022-08-09 10:32:36 [3] Confirmed the "Link Alive Check". (NextTime=1970-01-01 00:00:00 Result= URL=)
2022-08-09 10:32:36 [4] Confirmed the "Link Alive Check". (NextTime=1970-01-01 00:00:00 Result= URL=)
2022-08-09 10:32:36 [5] Confirmed the "Link Alive Check". (NextTime=1970-01-01 00:00:00 Result= URL=)
2022-08-09 11:21:57 There were 284 links that passed the next "Link Alive Check" confirmation date and time.
2022-08-09 11:21:57 [1] Confirmed the "Link Alive Check". (NextTime=1970-01-01 00:00:00 Result= URL=)
2022-08-09 11:21:58 [2] Confirmed the "Link Alive Check". (NextTime=1970-01-01 00:00:00 Result= URL=)
2022-08-09 11:21:58 [3] Confirmed the "Link Alive Check". (NextTime=1970-01-01 00:00:00 Result= URL=)
2022-08-09 11:21:58 [4] Confirmed the "Link Alive Check". (NextTime=1970-01-01 00:00:00 Result= URL=)
2022-08-09 11:21:58 [5] Confirmed the "Link Alive Check". (NextTime=1970-01-01 00:00:00 Result= URL=)
2022-08-09 11:25:44 There were 0 links that passed the next "Check SNS Count" confirmation date and time.
2022-08-09 11:33:44 There were 284 links that passed the next "Link Alive Check" confirmation date and time.
2022-08-09 11:33:44 [1] Confirmed the "Link Alive Check". (NextTime=1970-01-01 00:00:00 Result= URL=)
2022-08-09 11:33:44 [2] Confirmed the "Link Alive Check". (NextTime=1970-01-01 00:00:00 Result= URL=)
2022-08-09 11:33:45 [3] Confirmed the "Link Alive Check". (NextTime=1970-01-01 00:00:00 Result= URL=)
2022-08-09 11:33:45 [4] Confirmed the "Link Alive Check". (NextTime=1970-01-01 00:00:00 Result= URL=)
2022-08-09 11:33:45 [5] Confirmed the "Link Alive Check". (NextTime=1970-01-01 00:00:00 Result= URL=)
2022-08-09 12:22:47 There were 284 links that passed the next "Link Alive Check" confirmation date and time.
2022-08-09 12:22:48 [1] Confirmed the "Link Alive Check". (NextTime=1970-01-01 00:00:00 Result= URL=)
2022-08-09 12:22:48 [2] Confirmed the "Link Alive Check". (NextTime=1970-01-01 00:00:00 Result= URL=)
2022-08-09 12:22:48 [3] Confirmed the "Link Alive Check". (NextTime=1970-01-01 00:00:00 Result= URL=)
2022-08-09 12:22:48 [4] Confirmed the "Link Alive Check". (NextTime=1970-01-01 00:00:00 Result= URL=)
2022-08-09 12:22:48 [5] Confirmed the "Link Alive Check". (NextTime=1970-01-01 00:00:00 Result= URL=)
2022-08-09 12:23:09 There were 2 links that passed the next "Check SNS Count" confirmation date and time.
2022-08-09 12:23:09 [1] Confirmed the "Check SNS Count". (NextTime=2021-04-15 00:39:00 URL=https://github.com/Drunkar/hubot-japanese-talk-transformer)
2022-08-09 12:23:09 [2] Confirmed the "Check SNS Count". (NextTime=2021-04-17 01:42:03 URL=https://en.wikipedia.org/wiki/Dom-R%C3%B6mer_Project)
2022-08-09 12:39:12 There were 284 links that passed the next "Link Alive Check" confirmation date and time.
2022-08-09 12:39:12 [1] Confirmed the "Link Alive Check". (NextTime=1970-01-01 00:00:00 Result= URL=)
2022-08-09 12:39:12 [2] Confirmed the "Link Alive Check". (NextTime=1970-01-01 00:00:00 Result= URL=)
2022-08-09 12:39:12 [3] Confirmed the "Link Alive Check". (NextTime=1970-01-01 00:00:00 Result= URL=)
2022-08-09 12:39:13 [4] Confirmed the "Link Alive Check". (NextTime=1970-01-01 00:00:00 Result= URL=)
2022-08-09 12:39:13 [5] Confirmed the "Link Alive Check". (NextTime=1970-01-01 00:00:00 Result= URL=)
2022-08-09 13:25:07 There were 284 links that passed the next "Link Alive Check" confirmation date and time.
2022-08-09 13:25:07 [1] Confirmed the "Link Alive Check". (NextTime=1970-01-01 00:00:00 Result= URL=)
2022-08-09 13:25:08 [2] Confirmed the "Link Alive Check". (NextTime=1970-01-01 00:00:00 Result= URL=)
2022-08-09 13:25:08 [3] Confirmed the "Link Alive Check". (NextTime=1970-01-01 00:00:00 Result= URL=)
2022-08-09 13:25:08 [4] Confirmed the "Link Alive Check". (NextTime=1970-01-01 00:00:00 Result= URL=)
2022-08-09 13:25:08 [5] Confirmed the "Link Alive Check". (NextTime=1970-01-01 00:00:00 Result= URL=)
2022-08-09 13:25:08 There were 3 links that passed the next "Check SNS Count" confirmation date and time.
2022-08-09 13:25:09 [1] Confirmed the "Check SNS Count". (NextTime=2021-04-15 10:00:06 URL=https://sekailab.com/wp/2019/03/31/deep-learning-framworks-windows10)
2022-08-09 13:25:09 [2] Confirmed the "Check SNS Count". (NextTime=2021-03-23 10:10:19 URL=https://sekailab.com/wp/2018/05/16/windows10-chainer3-cuda-cudnn/#Chainer)
2022-08-09 13:25:09 [3] Confirmed the "Check SNS Count". (NextTime=2021-03-24 13:40:40 URL=https://www.amazon.co.jp/gp/product/B01G3ERI6U/ref=as_li_ss_il?ie=UTF8&#038;psc=1&#038;linkCode=li2&#038;tag=drunkar-22&#038;linkId=998da7875e65d27078483f0cfd9852f8)
2022-08-09 13:40:26 There were 284 links that passed the next "Link Alive Check" confirmation date and time.
2022-08-09 13:40:26 [1] Confirmed the "Link Alive Check". (NextTime=1970-01-01 00:00:00 Result= URL=)
2022-08-09 13:40:26 [2] Confirmed the "Link Alive Check". (NextTime=1970-01-01 00:00:00 Result= URL=)
2022-08-09 13:40:27 [3] Confirmed the "Link Alive Check". (NextTime=1970-01-01 00:00:00 Result= URL=)
2022-08-09 13:40:27 [4] Confirmed the "Link Alive Check". (NextTime=1970-01-01 00:00:00 Result= URL=)
2022-08-09 13:40:27 [5] Confirmed the "Link Alive Check". (NextTime=1970-01-01 00:00:00 Result= URL=)
2022-08-09 14:25:34 There were 2 links that passed the next "Check SNS Count" confirmation date and time.
2022-08-09 14:25:34 [1] Confirmed the "Check SNS Count". (NextTime=2021-04-14 14:44:38 URL=https://github.com/binzume/altglyph)
2022-08-09 14:25:34 [2] Confirmed the "Check SNS Count". (NextTime=2021-03-26 12:38:31 URL=https://github.com/facebookresearch/detectron2)
2022-08-09 14:27:36 There were 284 links that passed the next "Link Alive Check" confirmation date and time.
2022-08-09 14:27:36 [1] Confirmed the "Link Alive Check". (NextTime=1970-01-01 00:00:00 Result= URL=)
2022-08-09 14:27:36 [2] Confirmed the "Link Alive Check". (NextTime=1970-01-01 00:00:00 Result= URL=)
2022-08-09 14:27:37 [3] Confirmed the "Link Alive Check". (NextTime=1970-01-01 00:00:00 Result= URL=)
2022-08-09 14:27:37 [4] Confirmed the "Link Alive Check". (NextTime=1970-01-01 00:00:00 Result= URL=)
2022-08-09 14:27:37 [5] Confirmed the "Link Alive Check". (NextTime=1970-01-01 00:00:00 Result= URL=)
2022-08-09 14:40:44 There were 284 links that passed the next "Link Alive Check" confirmation date and time.
2022-08-09 14:40:44 [1] Confirmed the "Link Alive Check". (NextTime=1970-01-01 00:00:00 Result= URL=)
2022-08-09 14:40:44 [2] Confirmed the "Link Alive Check". (NextTime=1970-01-01 00:00:00 Result= URL=)
2022-08-09 14:40:44 [3] Confirmed the "Link Alive Check". (NextTime=1970-01-01 00:00:00 Result= URL=)
2022-08-09 14:40:45 [4] Confirmed the "Link Alive Check". (NextTime=1970-01-01 00:00:00 Result= URL=)
2022-08-09 14:40:45 [5] Confirmed the "Link Alive Check". (NextTime=1970-01-01 00:00:00 Result= URL=)
2022-08-09 15:24:35 There were 1 links that passed the next "Check SNS Count" confirmation date and time.
2022-08-09 15:24:35 [1] Confirmed the "Check SNS Count". (NextTime=2021-03-20 09:05:33 URL=https://assetstore.unity.com/packages/essentials/unity-recorder-94079)
2022-08-09 15:31:28 There were 284 links that passed the next "Link Alive Check" confirmation date and time.
2022-08-09 15:31:28 [1] Confirmed the "Link Alive Check". (NextTime=1970-01-01 00:00:00 Result= URL=)
2022-08-09 15:31:29 [2] Confirmed the "Link Alive Check". (NextTime=1970-01-01 00:00:00 Result= URL=)
2022-08-09 15:31:29 [3] Confirmed the "Link Alive Check". (NextTime=1970-01-01 00:00:00 Result= URL=)
2022-08-09 15:31:29 [4] Confirmed the "Link Alive Check". (NextTime=1970-01-01 00:00:00 Result= URL=)
2022-08-09 15:31:30 [5] Confirmed the "Link Alive Check". (NextTime=1970-01-01 00:00:00 Result= URL=)
2022-08-09 15:42:35 There were 284 links that passed the next "Link Alive Check" confirmation date and time.
2022-08-09 15:42:36 [1] Confirmed the "Link Alive Check". (NextTime=1970-01-01 00:00:00 Result= URL=)
2022-08-09 15:42:36 [2] Confirmed the "Link Alive Check". (NextTime=1970-01-01 00:00:00 Result= URL=)
2022-08-09 15:42:36 [3] Confirmed the "Link Alive Check". (NextTime=1970-01-01 00:00:00 Result= URL=)
2022-08-09 15:42:36 [4] Confirmed the "Link Alive Check". (NextTime=1970-01-01 00:00:00 Result= URL=)
2022-08-09 15:42:37 [5] Confirmed the "Link Alive Check". (NextTime=1970-01-01 00:00:00 Result= URL=)
2022-08-09 15:55:30 There were 284 links that passed the next "Link Alive Check" confirmation date and time.
2022-08-09 15:55:30 [1] Confirmed the "Link Alive Check". (NextTime=1970-01-01 00:00:00 Result= URL=)
2022-08-09 15:55:30 [2] Confirmed the "Link Alive Check". (NextTime=1970-01-01 00:00:00 Result= URL=)
2022-08-09 15:55:30 [3] Confirmed the "Link Alive Check". (NextTime=1970-01-01 00:00:00 Result= URL=)
2022-08-09 15:55:30 [4] Confirmed the "Link Alive Check". (NextTime=1970-01-01 00:00:00 Result= URL=)
2022-08-09 15:55:31 [5] Confirmed the "Link Alive Check". (NextTime=1970-01-01 00:00:00 Result= URL=)
2022-08-09 16:23:20 There were 5 links that passed the next "Check SNS Count" confirmation date and time.
2022-08-09 16:23:20 [1] Confirmed the "Check SNS Count". (NextTime=2021-03-23 13:11:35 URL=https://developer.nvidia.com/cuda-80-download-archive)
2022-08-09 16:23:20 [2] Confirmed the "Check SNS Count". (NextTime=2021-03-21 09:08:14 URL=https://sekailab.com/wp/2018/08/14/movidius-neural-compute-stick-with-orangepi-pc2/)
2022-08-09 16:23:20 [3] Confirmed the "Check SNS Count". (NextTime=2021-04-05 17:53:59 URL=https://github.com/NVIDIA/vid2vid)
2022-08-09 16:23:20 [4] Confirmed the "Check SNS Count". (NextTime=2021-03-23 05:56:56 URL=https://www.banggood.com/Jumper-EZBOOK-3-PRO-13_3-Inch-Notebook-Windows-10-Intel-Apollo-Lake-N3450-Quad-Core-6GB-RAM-64G-eMMC-p-1184679.html?p=K226105168701201606R)
2022-08-09 16:23:20 [5] Confirmed the "Check SNS Count". (NextTime=2021-04-05 06:43:56 URL=https://sekailab.com/wp/2018/11/29/chongqing-mansion-currency-exchange/)
2022-08-09 16:32:04 There were 284 links that passed the next "Link Alive Check" confirmation date and time.
2022-08-09 16:32:04 [1] Confirmed the "Link Alive Check". (NextTime=1970-01-01 00:00:00 Result= URL=)
2022-08-09 16:32:04 [2] Confirmed the "Link Alive Check". (NextTime=1970-01-01 00:00:00 Result= URL=)
2022-08-09 16:32:04 [3] Confirmed the "Link Alive Check". (NextTime=1970-01-01 00:00:00 Result= URL=)
2022-08-09 16:32:04 [4] Confirmed the "Link Alive Check". (NextTime=1970-01-01 00:00:00 Result= URL=)
2022-08-09 16:32:05 [5] Confirmed the "Link Alive Check". (NextTime=1970-01-01 00:00:00 Result= URL=)
2022-08-09 16:44:23 There were 284 links that passed the next "Link Alive Check" confirmation date and time.
2022-08-09 16:44:23 [1] Confirmed the "Link Alive Check". (NextTime=1970-01-01 00:00:00 Result= URL=)
2022-08-09 16:44:24 [2] Confirmed the "Link Alive Check". (NextTime=1970-01-01 00:00:00 Result= URL=)
2022-08-09 16:44:24 [3] Confirmed the "Link Alive Check". (NextTime=1970-01-01 00:00:00 Result= URL=)
2022-08-09 16:44:24 [4] Confirmed the "Link Alive Check". (NextTime=1970-01-01 00:00:00 Result= URL=)
2022-08-09 16:44:24 [5] Confirmed the "Link Alive Check". (NextTime=1970-01-01 00:00:00 Result= URL=)
2022-08-09 16:56:35 There were 284 links that passed the next "Link Alive Check" confirmation date and time.
2022-08-09 16:56:36 [1] Confirmed the "Link Alive Check". (NextTime=1970-01-01 00:00:00 Result= URL=)
2022-08-09 16:56:36 [2] Confirmed the "Link Alive Check". (NextTime=1970-01-01 00:00:00 Result= URL=)
2022-08-09 16:56:36 [3] Confirmed the "Link Alive Check". (NextTime=1970-01-01 00:00:00 Result= URL=)
2022-08-09 16:56:36 [4] Confirmed the "Link Alive Check". (NextTime=1970-01-01 00:00:00 Result= URL=)
2022-08-09 16:56:37 [5] Confirmed the "Link Alive Check". (NextTime=1970-01-01 00:00:00 Result= URL=)
2022-08-09 17:23:09 There were 0 links that passed the next "Check SNS Count" confirmation date and time.
2022-08-09 17:36:42 There were 284 links that passed the next "Link Alive Check" confirmation date and time.
2022-08-09 17:36:42 [1] Confirmed the "Link Alive Check". (NextTime=1970-01-01 00:00:00 Result= URL=)
2022-08-09 17:36:42 [2] Confirmed the "Link Alive Check". (NextTime=1970-01-01 00:00:00 Result= URL=)
2022-08-09 17:36:42 [3] Confirmed the "Link Alive Check". (NextTime=1970-01-01 00:00:00 Result= URL=)
2022-08-09 17:36:43 [4] Confirmed the "Link Alive Check". (NextTime=1970-01-01 00:00:00 Result= URL=)
2022-08-09 17:36:43 [5] Confirmed the "Link Alive Check". (NextTime=1970-01-01 00:00:00 Result= URL=)
2022-08-09 17:49:44 There were 284 links that passed the next "Link Alive Check" confirmation date and time.
2022-08-09 17:49:44 [1] Confirmed the "Link Alive Check". (NextTime=1970-01-01 00:00:00 Result= URL=)
2022-08-09 17:49:44 [2] Confirmed the "Link Alive Check". (NextTime=1970-01-01 00:00:00 Result= URL=)
2022-08-09 17:49:45 [3] Confirmed the "Link Alive Check". (NextTime=1970-01-01 00:00:00 Result= URL=)
2022-08-09 17:49:45 [4] Confirmed the "Link Alive Check". (NextTime=1970-01-01 00:00:00 Result= URL=)
2022-08-09 17:49:45 [5] Confirmed the "Link Alive Check". (NextTime=1970-01-01 00:00:00 Result= URL=)
2022-08-09 17:57:38 There were 284 links that passed the next "Link Alive Check" confirmation date and time.
2022-08-09 17:57:38 [1] Confirmed the "Link Alive Check". (NextTime=1970-01-01 00:00:00 Result= URL=)
2022-08-09 17:57:38 [2] Confirmed the "Link Alive Check". (NextTime=1970-01-01 00:00:00 Result= URL=)
2022-08-09 17:57:38 [3] Confirmed the "Link Alive Check". (NextTime=1970-01-01 00:00:00 Result= URL=)
2022-08-09 17:57:39 [4] Confirmed the "Link Alive Check". (NextTime=1970-01-01 00:00:00 Result= URL=)
2022-08-09 17:57:39 [5] Confirmed the "Link Alive Check". (NextTime=1970-01-01 00:00:00 Result= URL=)
2022-08-09 18:23:27 There were 0 links that passed the next "Check SNS Count" confirmation date and time.
2022-08-09 18:40:22 There were 284 links that passed the next "Link Alive Check" confirmation date and time.
2022-08-09 18:40:22 [1] Confirmed the "Link Alive Check". (NextTime=1970-01-01 00:00:00 Result= URL=)
2022-08-09 18:40:22 [2] Confirmed the "Link Alive Check". (NextTime=1970-01-01 00:00:00 Result= URL=)
2022-08-09 18:40:23 [3] Confirmed the "Link Alive Check". (NextTime=1970-01-01 00:00:00 Result= URL=)
2022-08-09 18:40:23 [4] Confirmed the "Link Alive Check". (NextTime=1970-01-01 00:00:00 Result= URL=)
2022-08-09 18:40:23 [5] Confirmed the "Link Alive Check". (NextTime=1970-01-01 00:00:00 Result= URL=)
2022-08-09 18:52:52 There were 284 links that passed the next "Link Alive Check" confirmation date and time.
2022-08-09 18:52:52 [1] Confirmed the "Link Alive Check". (NextTime=1970-01-01 00:00:00 Result= URL=)
2022-08-09 18:52:53 [2] Confirmed the "Link Alive Check". (NextTime=1970-01-01 00:00:00 Result= URL=)
2022-08-09 18:52:53 [3] Confirmed the "Link Alive Check". (NextTime=1970-01-01 00:00:00 Result= URL=)
2022-08-09 18:52:53 [4] Confirmed the "Link Alive Check". (NextTime=1970-01-01 00:00:00 Result= URL=)
2022-08-09 18:52:53 [5] Confirmed the "Link Alive Check". (NextTime=1970-01-01 00:00:00 Result= URL=)
2022-08-09 19:23:28 There were 2 links that passed the next "Check SNS Count" confirmation date and time.
2022-08-09 19:23:28 [1] Confirmed the "Check SNS Count". (NextTime=2021-03-25 21:56:58 URL=http://www.itmedia.co.jp/pcuser/articles/1809/09/news008.html)
2022-08-09 19:23:28 [2] Confirmed the "Check SNS Count". (NextTime=2021-03-23 04:11:50 URL=https://discussions.apple.com/thread/7022940)
2022-08-09 19:41:07 There were 284 links that passed the next "Link Alive Check" confirmation date and time.
2022-08-09 19:41:07 [1] Confirmed the "Link Alive Check". (NextTime=1970-01-01 00:00:00 Result= URL=)
2022-08-09 19:41:07 [2] Confirmed the "Link Alive Check". (NextTime=1970-01-01 00:00:00 Result= URL=)
2022-08-09 19:41:07 [3] Confirmed the "Link Alive Check". (NextTime=1970-01-01 00:00:00 Result= URL=)
2022-08-09 19:41:08 [4] Confirmed the "Link Alive Check". (NextTime=1970-01-01 00:00:00 Result= URL=)
2022-08-09 19:41:08 [5] Confirmed the "Link Alive Check". (NextTime=1970-01-01 00:00:00 Result= URL=)
2022-08-09 19:53:44 There were 284 links that passed the next "Link Alive Check" confirmation date and time.
2022-08-09 19:53:44 [1] Confirmed the "Link Alive Check". (NextTime=1970-01-01 00:00:00 Result= URL=)
2022-08-09 19:53:44 [2] Confirmed the "Link Alive Check". (NextTime=1970-01-01 00:00:00 Result= URL=)
2022-08-09 19:53:45 [3] Confirmed the "Link Alive Check". (NextTime=1970-01-01 00:00:00 Result= URL=)
2022-08-09 19:53:45 [4] Confirmed the "Link Alive Check". (NextTime=1970-01-01 00:00:00 Result= URL=)
2022-08-09 19:53:45 [5] Confirmed the "Link Alive Check". (NextTime=1970-01-01 00:00:00 Result= URL=)
2022-08-09 20:23:10 There were 1 links that passed the next "Check SNS Count" confirmation date and time.
2022-08-09 20:23:10 [1] Confirmed the "Check SNS Count". (NextTime=2021-03-23 16:13:58 URL=https://colab.research.google.com/github/Drunkar/notebook/blob/master/coursera_machine_learning_2017/WEEK1_memo_Introduction.ipynb)
2022-08-09 20:41:41 There were 284 links that passed the next "Link Alive Check" confirmation date and time.
2022-08-09 20:41:41 [1] Confirmed the "Link Alive Check". (NextTime=1970-01-01 00:00:00 Result= URL=)
2022-08-09 20:41:41 [2] Confirmed the "Link Alive Check". (NextTime=1970-01-01 00:00:00 Result= URL=)
2022-08-09 20:41:42 [3] Confirmed the "Link Alive Check". (NextTime=1970-01-01 00:00:00 Result= URL=)
2022-08-09 20:41:42 [4] Confirmed the "Link Alive Check". (NextTime=1970-01-01 00:00:00 Result= URL=)
2022-08-09 20:41:42 [5] Confirmed the "Link Alive Check". (NextTime=1970-01-01 00:00:00 Result= URL=)
2022-08-09 21:00:50 There were 284 links that passed the next "Link Alive Check" confirmation date and time.
2022-08-09 21:00:50 [1] Confirmed the "Link Alive Check". (NextTime=1970-01-01 00:00:00 Result= URL=)
2022-08-09 21:00:50 [2] Confirmed the "Link Alive Check". (NextTime=1970-01-01 00:00:00 Result= URL=)
2022-08-09 21:00:51 [3] Confirmed the "Link Alive Check". (NextTime=1970-01-01 00:00:00 Result= URL=)
2022-08-09 21:00:51 [4] Confirmed the "Link Alive Check". (NextTime=1970-01-01 00:00:00 Result= URL=)
2022-08-09 21:00:51 [5] Confirmed the "Link Alive Check". (NextTime=1970-01-01 00:00:00 Result= URL=)
2022-08-09 21:23:34 There were 0 links that passed the next "Check SNS Count" confirmation date and time.
2022-08-09 21:44:06 There were 284 links that passed the next "Link Alive Check" confirmation date and time.
2022-08-09 21:44:06 [1] Confirmed the "Link Alive Check". (NextTime=1970-01-01 00:00:00 Result= URL=)
2022-08-09 21:44:07 [2] Confirmed the "Link Alive Check". (NextTime=1970-01-01 00:00:00 Result= URL=)
2022-08-09 21:44:07 [3] Confirmed the "Link Alive Check". (NextTime=1970-01-01 00:00:00 Result= URL=)
2022-08-09 21:44:07 [4] Confirmed the "Link Alive Check". (NextTime=1970-01-01 00:00:00 Result= URL=)
2022-08-09 21:44:07 [5] Confirmed the "Link Alive Check". (NextTime=1970-01-01 00:00:00 Result= URL=)
2022-08-09 22:01:07 There were 284 links that passed the next "Link Alive Check" confirmation date and time.
2022-08-09 22:01:07 [1] Confirmed the "Link Alive Check". (NextTime=1970-01-01 00:00:00 Result= URL=)
2022-08-09 22:01:07 [2] Confirmed the "Link Alive Check". (NextTime=1970-01-01 00:00:00 Result= URL=)
2022-08-09 22:01:07 [3] Confirmed the "Link Alive Check". (NextTime=1970-01-01 00:00:00 Result= URL=)
2022-08-09 22:01:07 [4] Confirmed the "Link Alive Check". (NextTime=1970-01-01 00:00:00 Result= URL=)
2022-08-09 22:01:07 [5] Confirmed the "Link Alive Check". (NextTime=1970-01-01 00:00:00 Result= URL=)
2022-08-09 22:23:06 There were 1 links that passed the next "Check SNS Count" confirmation date and time.
2022-08-09 22:23:06 [1] Confirmed the "Check SNS Count". (NextTime=2021-03-24 08:06:19 URL=https://www.amazon.co.jp/Gold-Standard-100-%E3%82%A8%E3%82%AF%E3%82%B9%E3%83%88%E3%83%AA%E3%83%BC%E3%83%A0%E3%83%81%E3%83%A7%E3%82%B3%E3%83%AC%E3%83%BC%E3%83%88-2-27kg/dp/B01L1NX32Q/ref=as_li_ss_il?ie=UTF8&#038;qid=1483631295&#038;sr=8-2&#038;keywords=Gold+Standard+100%25&#038;linkCode=li2&#038;tag=drunkar-22&#038;linkId=1e8286abc92678776dfd2dfeef1b05e3)
2022-08-09 22:44:32 There were 284 links that passed the next "Link Alive Check" confirmation date and time.
2022-08-09 22:44:33 [1] Confirmed the "Link Alive Check". (NextTime=1970-01-01 00:00:00 Result= URL=)
2022-08-09 22:44:33 [2] Confirmed the "Link Alive Check". (NextTime=1970-01-01 00:00:00 Result= URL=)
2022-08-09 22:44:33 [3] Confirmed the "Link Alive Check". (NextTime=1970-01-01 00:00:00 Result= URL=)
2022-08-09 22:44:33 [4] Confirmed the "Link Alive Check". (NextTime=1970-01-01 00:00:00 Result= URL=)
2022-08-09 22:44:34 [5] Confirmed the "Link Alive Check". (NextTime=1970-01-01 00:00:00 Result= URL=)
2022-08-09 23:01:07 There were 284 links that passed the next "Link Alive Check" confirmation date and time.
2022-08-09 23:01:07 [1] Confirmed the "Link Alive Check". (NextTime=1970-01-01 00:00:00 Result= URL=)
2022-08-09 23:01:08 [2] Confirmed the "Link Alive Check". (NextTime=1970-01-01 00:00:00 Result= URL=)
2022-08-09 23:01:08 [3] Confirmed the "Link Alive Check". (NextTime=1970-01-01 00:00:00 Result= URL=)
2022-08-09 23:01:08 [4] Confirmed the "Link Alive Check". (NextTime=1970-01-01 00:00:00 Result= URL=)
2022-08-09 23:01:08 [5] Confirmed the "Link Alive Check". (NextTime=1970-01-01 00:00:00 Result= URL=)
2022-08-09 23:25:09 There were 0 links that passed the next "Check SNS Count" confirmation date and time.
2022-08-09 23:44:52 There were 284 links that passed the next "Link Alive Check" confirmation date and time.
2022-08-09 23:44:52 [1] Confirmed the "Link Alive Check". (NextTime=1970-01-01 00:00:00 Result= URL=)
2022-08-09 23:44:53 [2] Confirmed the "Link Alive Check". (NextTime=1970-01-01 00:00:00 Result= URL=)
2022-08-09 23:44:53 [3] Confirmed the "Link Alive Check". (NextTime=1970-01-01 00:00:00 Result= URL=)
2022-08-09 23:44:53 [4] Confirmed the "Link Alive Check". (NextTime=1970-01-01 00:00:00 Result= URL=)
2022-08-09 23:44:53 [5] Confirmed the "Link Alive Check". (NextTime=1970-01-01 00:00:00 Result= URL=)
