2022-08-18 00:05:15 There were 284 links that passed the next "Link Alive Check" confirmation date and time.
2022-08-18 00:05:16 [1] Confirmed the "Link Alive Check". (NextTime=1970-01-01 00:00:00 Result= URL=)
2022-08-18 00:05:16 [2] Confirmed the "Link Alive Check". (NextTime=1970-01-01 00:00:00 Result= URL=)
2022-08-18 00:05:16 [3] Confirmed the "Link Alive Check". (NextTime=1970-01-01 00:00:00 Result= URL=)
2022-08-18 00:05:16 [4] Confirmed the "Link Alive Check". (NextTime=1970-01-01 00:00:00 Result= URL=)
2022-08-18 00:05:16 [5] Confirmed the "Link Alive Check". (NextTime=1970-01-01 00:00:00 Result= URL=)
2022-08-18 00:24:54 There were 1 links that passed the next "Check SNS Count" confirmation date and time.
2022-08-18 00:24:55 [1] Confirmed the "Check SNS Count". (NextTime=2021-04-16 03:26:46 URL=https://sekailab.com/wp/2016/11/29/in-this-corner-of-the-world)
2022-08-18 01:07:28 There were 284 links that passed the next "Link Alive Check" confirmation date and time.
2022-08-18 01:07:29 [1] Confirmed the "Link Alive Check". (NextTime=1970-01-01 00:00:00 Result= URL=)
2022-08-18 01:07:29 [2] Confirmed the "Link Alive Check". (NextTime=1970-01-01 00:00:00 Result= URL=)
2022-08-18 01:07:29 [3] Confirmed the "Link Alive Check". (NextTime=1970-01-01 00:00:00 Result= URL=)
2022-08-18 01:07:29 [4] Confirmed the "Link Alive Check". (NextTime=1970-01-01 00:00:00 Result= URL=)
2022-08-18 01:07:29 [5] Confirmed the "Link Alive Check". (NextTime=1970-01-01 00:00:00 Result= URL=)
2022-08-18 01:25:39 There were 2 links that passed the next "Check SNS Count" confirmation date and time.
2022-08-18 01:25:39 [1] Confirmed the "Check SNS Count". (NextTime=2021-03-28 21:34:13 URL=https://sekailab.com/wp/2019/05/08/google-translation-with-kindle-cloud-reader/)
2022-08-18 01:25:39 [2] Confirmed the "Check SNS Count". (NextTime=2021-04-06 12:43:21 URL=https://www.banggood.com/Original-Xiaomi-Airdots-TWS-Bluetooth-5_0-Earphone-Youth-Version-Touch-Control-with-Charging-Box-Mic-p-1389033.html?p=DR062131921252201904&#038;cur_warehouse=CN)
2022-08-18 02:09:39 There were 284 links that passed the next "Link Alive Check" confirmation date and time.
2022-08-18 02:09:39 [1] Confirmed the "Link Alive Check". (NextTime=1970-01-01 00:00:00 Result= URL=)
2022-08-18 02:09:40 [2] Confirmed the "Link Alive Check". (NextTime=1970-01-01 00:00:00 Result= URL=)
2022-08-18 02:09:40 [3] Confirmed the "Link Alive Check". (NextTime=1970-01-01 00:00:00 Result= URL=)
2022-08-18 02:09:40 [4] Confirmed the "Link Alive Check". (NextTime=1970-01-01 00:00:00 Result= URL=)
2022-08-18 02:09:40 [5] Confirmed the "Link Alive Check". (NextTime=1970-01-01 00:00:00 Result= URL=)
2022-08-18 02:24:17 There were 0 links that passed the next "Check SNS Count" confirmation date and time.
2022-08-18 03:14:23 There were 284 links that passed the next "Link Alive Check" confirmation date and time.
2022-08-18 03:14:23 [1] Confirmed the "Link Alive Check". (NextTime=1970-01-01 00:00:00 Result= URL=)
2022-08-18 03:14:23 [2] Confirmed the "Link Alive Check". (NextTime=1970-01-01 00:00:00 Result= URL=)
2022-08-18 03:14:23 [3] Confirmed the "Link Alive Check". (NextTime=1970-01-01 00:00:00 Result= URL=)
2022-08-18 03:14:23 [4] Confirmed the "Link Alive Check". (NextTime=1970-01-01 00:00:00 Result= URL=)
2022-08-18 03:14:24 [5] Confirmed the "Link Alive Check". (NextTime=1970-01-01 00:00:00 Result= URL=)
2022-08-18 03:23:08 There were 1 links that passed the next "Check SNS Count" confirmation date and time.
2022-08-18 03:23:08 [1] Confirmed the "Check SNS Count". (NextTime=2021-03-21 05:02:21 URL=https://www.amazon.co.jp/Taulman3D-PC-Alloy910-Taulman3D-Alloy-910-%E3%82%A2%E3%83%AD%E3%82%A4910-1-75mm/dp/B01AY71K5M/ref=as_li_ss_il?ie=UTF8&#038;qid=1523541968&#038;sr=8-1&#038;keywords=alloy+910&#038;linkCode=li2&#038;tag=drunkar-22&#038;linkId=d8e9041dfc8c404620294b339eb3f493)
2022-08-18 04:17:30 There were 284 links that passed the next "Link Alive Check" confirmation date and time.
2022-08-18 04:17:31 [1] Confirmed the "Link Alive Check". (NextTime=1970-01-01 00:00:00 Result= URL=)
2022-08-18 04:17:31 [2] Confirmed the "Link Alive Check". (NextTime=1970-01-01 00:00:00 Result= URL=)
2022-08-18 04:17:31 [3] Confirmed the "Link Alive Check". (NextTime=1970-01-01 00:00:00 Result= URL=)
2022-08-18 04:17:31 [4] Confirmed the "Link Alive Check". (NextTime=1970-01-01 00:00:00 Result= URL=)
2022-08-18 04:17:32 [5] Confirmed the "Link Alive Check". (NextTime=1970-01-01 00:00:00 Result= URL=)
2022-08-18 04:29:31 There were 0 links that passed the next "Check SNS Count" confirmation date and time.
2022-08-18 05:18:34 There were 284 links that passed the next "Link Alive Check" confirmation date and time.
2022-08-18 05:18:34 [1] Confirmed the "Link Alive Check". (NextTime=1970-01-01 00:00:00 Result= URL=)
2022-08-18 05:18:34 [2] Confirmed the "Link Alive Check". (NextTime=1970-01-01 00:00:00 Result= URL=)
2022-08-18 05:18:35 [3] Confirmed the "Link Alive Check". (NextTime=1970-01-01 00:00:00 Result= URL=)
2022-08-18 05:18:35 [4] Confirmed the "Link Alive Check". (NextTime=1970-01-01 00:00:00 Result= URL=)
2022-08-18 05:18:35 [5] Confirmed the "Link Alive Check". (NextTime=1970-01-01 00:00:00 Result= URL=)
2022-08-18 05:26:23 There were 0 links that passed the next "Check SNS Count" confirmation date and time.
2022-08-18 06:28:25 There were 284 links that passed the next "Link Alive Check" confirmation date and time.
2022-08-18 06:28:25 [1] Confirmed the "Link Alive Check". (NextTime=1970-01-01 00:00:00 Result= URL=)
2022-08-18 06:28:26 [2] Confirmed the "Link Alive Check". (NextTime=1970-01-01 00:00:00 Result= URL=)
2022-08-18 06:28:26 [3] Confirmed the "Link Alive Check". (NextTime=1970-01-01 00:00:00 Result= URL=)
2022-08-18 06:28:26 [4] Confirmed the "Link Alive Check". (NextTime=1970-01-01 00:00:00 Result= URL=)
2022-08-18 06:28:26 [5] Confirmed the "Link Alive Check". (NextTime=1970-01-01 00:00:00 Result= URL=)
2022-08-18 06:28:26 There were 1 links that passed the next "Check SNS Count" confirmation date and time.
2022-08-18 06:28:27 [1] Confirmed the "Check SNS Count". (NextTime=2021-04-16 10:17:04 URL=https://sekailab.com/wp/2012/11/01/c%E3%81%A7%E3%80%8C%E3%81%AF%E3%81%98%E3%82%81%E3%81%A6%E3%81%AE%E6%A9%9F%E6%A2%B0%E5%AD%A6%E7%BF%92%E3%80%8D5%E7%AB%A0)
2022-08-18 07:24:56 There were 2 links that passed the next "Check SNS Count" confirmation date and time.
2022-08-18 07:24:56 [1] Confirmed the "Check SNS Count". (NextTime=2021-04-15 03:44:18 URL=https://sekailab.com/wp/2019/01/08/google-translate-tools-for-english-papers)
2022-08-18 07:24:56 [2] Confirmed the "Check SNS Count". (NextTime=2021-03-21 09:07:53 URL=https://www.amazon.co.jp/gp/product/B003CFKLLS/ref=as_li_ss_il?ie=UTF8&#038;psc=1&#038;linkCode=li2&#038;tag=drunkar-22&#038;linkId=f6daf09c395a2a8368e952ab551ddb08)
2022-08-18 07:30:18 There were 284 links that passed the next "Link Alive Check" confirmation date and time.
2022-08-18 07:30:18 [1] Confirmed the "Link Alive Check". (NextTime=1970-01-01 00:00:00 Result= URL=)
2022-08-18 07:30:18 [2] Confirmed the "Link Alive Check". (NextTime=1970-01-01 00:00:00 Result= URL=)
2022-08-18 07:30:18 [3] Confirmed the "Link Alive Check". (NextTime=1970-01-01 00:00:00 Result= URL=)
2022-08-18 07:30:19 [4] Confirmed the "Link Alive Check". (NextTime=1970-01-01 00:00:00 Result= URL=)
2022-08-18 07:30:19 [5] Confirmed the "Link Alive Check". (NextTime=1970-01-01 00:00:00 Result= URL=)
2022-08-18 08:27:29 There were 0 links that passed the next "Check SNS Count" confirmation date and time.
2022-08-18 08:35:05 There were 284 links that passed the next "Link Alive Check" confirmation date and time.
2022-08-18 08:35:06 [1] Confirmed the "Link Alive Check". (NextTime=1970-01-01 00:00:00 Result= URL=)
2022-08-18 08:35:06 [2] Confirmed the "Link Alive Check". (NextTime=1970-01-01 00:00:00 Result= URL=)
2022-08-18 08:35:06 [3] Confirmed the "Link Alive Check". (NextTime=1970-01-01 00:00:00 Result= URL=)
2022-08-18 08:35:06 [4] Confirmed the "Link Alive Check". (NextTime=1970-01-01 00:00:00 Result= URL=)
2022-08-18 08:35:07 [5] Confirmed the "Link Alive Check". (NextTime=1970-01-01 00:00:00 Result= URL=)
2022-08-18 09:27:13 There were 0 links that passed the next "Check SNS Count" confirmation date and time.
2022-08-18 09:35:59 There were 284 links that passed the next "Link Alive Check" confirmation date and time.
2022-08-18 09:35:59 [1] Confirmed the "Link Alive Check". (NextTime=1970-01-01 00:00:00 Result= URL=)
2022-08-18 09:36:00 [2] Confirmed the "Link Alive Check". (NextTime=1970-01-01 00:00:00 Result= URL=)
2022-08-18 09:36:00 [3] Confirmed the "Link Alive Check". (NextTime=1970-01-01 00:00:00 Result= URL=)
2022-08-18 09:36:00 [4] Confirmed the "Link Alive Check". (NextTime=1970-01-01 00:00:00 Result= URL=)
2022-08-18 09:36:00 [5] Confirmed the "Link Alive Check". (NextTime=1970-01-01 00:00:00 Result= URL=)
2022-08-18 10:23:12 There were 2 links that passed the next "Check SNS Count" confirmation date and time.
2022-08-18 10:23:12 [1] Confirmed the "Check SNS Count". (NextTime=2021-03-20 06:10:49 URL=https://www.amazon.co.jp/gp/product/B077R9R4Y4/ref=as_li_ss_il?ie=UTF8&#038;psc=1&#038;linkCode=li2&#038;tag=drunkar-22&#038;linkId=6b2240196fb9eedbc1594687fc949fc8)
2022-08-18 10:23:12 [2] Confirmed the "Check SNS Count". (NextTime=2021-03-25 10:30:45 URL=https://www.amazon.co.jp/%E6%A4%8D%E7%89%A9%E7%94%9F%E4%BD%93%E9%9B%BB%E4%BD%8D%E3%81%A8%E3%82%B3%E3%83%9F%E3%83%A5%E3%83%8B%E3%82%B1%E3%83%BC%E3%82%B7%E3%83%A7%E3%83%B3-%E5%A4%A7%E8%96%AE-%E5%A4%9A%E5%8F%AF%E5%BF%97/dp/4303710326/ref=as_li_ss_il?ie=UTF8&#038;qid=1516613210&#038;sr=8-1&#038;keywords=%E6%A4%8D%E7%89%A9%E7%94%9F%E4%BD%93%E9%9B%BB%E4%BD%8D%E3%81%A8%E3%82%B3%E3%83%9F%E3%83%A5%E3%83%8B%E3%82%B1%E3%83%BC%E3%82%B7%E3%83%A7%E3%83%B3&#038;linkCode=li2&#038;tag=drunkar-22&#038;linkId=0580e236864f570f594c4cedbeadebd0)
2022-08-18 10:38:27 There were 284 links that passed the next "Link Alive Check" confirmation date and time.
2022-08-18 10:38:27 [1] Confirmed the "Link Alive Check". (NextTime=1970-01-01 00:00:00 Result= URL=)
2022-08-18 10:38:27 [2] Confirmed the "Link Alive Check". (NextTime=1970-01-01 00:00:00 Result= URL=)
2022-08-18 10:38:28 [3] Confirmed the "Link Alive Check". (NextTime=1970-01-01 00:00:00 Result= URL=)
2022-08-18 10:38:28 [4] Confirmed the "Link Alive Check". (NextTime=1970-01-01 00:00:00 Result= URL=)
2022-08-18 10:38:28 [5] Confirmed the "Link Alive Check". (NextTime=1970-01-01 00:00:00 Result= URL=)
2022-08-18 11:23:30 There were 1 links that passed the next "Check SNS Count" confirmation date and time.
2022-08-18 11:23:30 [1] Confirmed the "Check SNS Count". (NextTime=2021-04-06 05:31:05 URL=https://www.amazon.co.jp/%E3%80%90Zortrax-Sidecover%E3%80%91%E3%82%B5%E3%82%A4%E3%83%89%E3%82%AB%E3%83%90%E3%83%BC%E3%82%BB%E3%83%83%E3%83%88-Zortrax%E7%A4%BE-3D%E3%83%97%E3%83%AA%E3%83%B3%E3%82%BF%E3%83%BC-M200-%E7%B4%94%E6%AD%A3%E5%93%81-%E4%B8%A6%E8%A1%8C%E8%BC%B8%E5%85%A5%E5%93%81/dp/B07GYPHDG4/ref=as_li_ss_il?ie=UTF8&#038;qid=1546780995&#038;sr=8-1&#038;keywords=zortrax+%E3%82%B5%E3%82%A4%E3%83%89%E3%82%AB%E3%83%90%E3%83%BC&#038;linkCode=li2&#038;tag=drunkar-22&#038;linkId=1eaf1b07dd0612d0b5f81b0a87515e08&#038;language=ja_JP)
2022-08-18 11:40:23 There were 284 links that passed the next "Link Alive Check" confirmation date and time.
2022-08-18 11:40:23 [1] Confirmed the "Link Alive Check". (NextTime=1970-01-01 00:00:00 Result= URL=)
2022-08-18 11:40:23 [2] Confirmed the "Link Alive Check". (NextTime=1970-01-01 00:00:00 Result= URL=)
2022-08-18 11:40:23 [3] Confirmed the "Link Alive Check". (NextTime=1970-01-01 00:00:00 Result= URL=)
2022-08-18 11:40:24 [4] Confirmed the "Link Alive Check". (NextTime=1970-01-01 00:00:00 Result= URL=)
2022-08-18 11:40:24 [5] Confirmed the "Link Alive Check". (NextTime=1970-01-01 00:00:00 Result= URL=)
2022-08-18 12:23:43 There were 0 links that passed the next "Check SNS Count" confirmation date and time.
2022-08-18 12:40:51 There were 284 links that passed the next "Link Alive Check" confirmation date and time.
2022-08-18 12:40:51 [1] Confirmed the "Link Alive Check". (NextTime=1970-01-01 00:00:00 Result= URL=)
2022-08-18 12:40:52 [2] Confirmed the "Link Alive Check". (NextTime=1970-01-01 00:00:00 Result= URL=)
2022-08-18 12:40:52 [3] Confirmed the "Link Alive Check". (NextTime=1970-01-01 00:00:00 Result= URL=)
2022-08-18 12:40:52 [4] Confirmed the "Link Alive Check". (NextTime=1970-01-01 00:00:00 Result= URL=)
2022-08-18 12:40:52 [5] Confirmed the "Link Alive Check". (NextTime=1970-01-01 00:00:00 Result= URL=)
2022-08-18 13:25:29 There were 2 links that passed the next "Check SNS Count" confirmation date and time.
2022-08-18 13:25:29 [1] Confirmed the "Check SNS Count". (NextTime=2021-03-23 01:47:51 URL=https://www.amazon.co.jp/dp/B07TGKQV2X/ref=as_li_ss_il?_encoding=UTF8&#038;psc=1&#038;linkCode=li2&#038;tag=drunkar-22&#038;linkId=dd7f6044dfb46becb60e273dcabd963c)
2022-08-18 13:25:29 [2] Confirmed the "Check SNS Count". (NextTime=2021-03-22 10:43:45 URL=https://sekailab.com/wp/2016/07/19/python-logging/)
2022-08-18 13:41:34 There were 284 links that passed the next "Link Alive Check" confirmation date and time.
2022-08-18 13:41:34 [1] Confirmed the "Link Alive Check". (NextTime=1970-01-01 00:00:00 Result= URL=)
2022-08-18 13:41:35 [2] Confirmed the "Link Alive Check". (NextTime=1970-01-01 00:00:00 Result= URL=)
2022-08-18 13:41:35 [3] Confirmed the "Link Alive Check". (NextTime=1970-01-01 00:00:00 Result= URL=)
2022-08-18 13:41:35 [4] Confirmed the "Link Alive Check". (NextTime=1970-01-01 00:00:00 Result= URL=)
2022-08-18 13:41:35 [5] Confirmed the "Link Alive Check". (NextTime=1970-01-01 00:00:00 Result= URL=)
2022-08-18 14:24:25 There were 2 links that passed the next "Check SNS Count" confirmation date and time.
2022-08-18 14:24:25 [1] Confirmed the "Check SNS Count". (NextTime=2021-03-25 11:34:23 URL=https://www.amazon.co.jp/dp/B07X37WWV2/ref=as_li_ss_il?_encoding=UTF8&#038;psc=1&#038;linkCode=li2&#038;tag=drunkar-22&#038;linkId=e9c9a5b2ef13df006a8643907b926818&#038;language=ja_JP)
2022-08-18 14:24:25 [2] Confirmed the "Check SNS Count". (NextTime=2021-06-02 09:46:58 URL=https://www.imobie.com/m1-app-checker/)
2022-08-18 14:42:07 There were 284 links that passed the next "Link Alive Check" confirmation date and time.
2022-08-18 14:42:08 [1] Confirmed the "Link Alive Check". (NextTime=1970-01-01 00:00:00 Result= URL=)
2022-08-18 14:42:08 [2] Confirmed the "Link Alive Check". (NextTime=1970-01-01 00:00:00 Result= URL=)
2022-08-18 14:42:08 [3] Confirmed the "Link Alive Check". (NextTime=1970-01-01 00:00:00 Result= URL=)
2022-08-18 14:42:08 [4] Confirmed the "Link Alive Check". (NextTime=1970-01-01 00:00:00 Result= URL=)
2022-08-18 14:42:09 [5] Confirmed the "Link Alive Check". (NextTime=1970-01-01 00:00:00 Result= URL=)
2022-08-18 15:23:34 There were 0 links that passed the next "Check SNS Count" confirmation date and time.
2022-08-18 15:45:14 There were 284 links that passed the next "Link Alive Check" confirmation date and time.
2022-08-18 15:45:14 [1] Confirmed the "Link Alive Check". (NextTime=1970-01-01 00:00:00 Result= URL=)
2022-08-18 15:45:15 [2] Confirmed the "Link Alive Check". (NextTime=1970-01-01 00:00:00 Result= URL=)
2022-08-18 15:45:15 [3] Confirmed the "Link Alive Check". (NextTime=1970-01-01 00:00:00 Result= URL=)
2022-08-18 15:45:15 [4] Confirmed the "Link Alive Check". (NextTime=1970-01-01 00:00:00 Result= URL=)
2022-08-18 15:45:15 [5] Confirmed the "Link Alive Check". (NextTime=1970-01-01 00:00:00 Result= URL=)
2022-08-18 15:53:09 There were 284 links that passed the next "Link Alive Check" confirmation date and time.
2022-08-18 15:53:09 [1] Confirmed the "Link Alive Check". (NextTime=1970-01-01 00:00:00 Result= URL=)
2022-08-18 15:53:09 [2] Confirmed the "Link Alive Check". (NextTime=1970-01-01 00:00:00 Result= URL=)
2022-08-18 15:53:09 [3] Confirmed the "Link Alive Check". (NextTime=1970-01-01 00:00:00 Result= URL=)
2022-08-18 15:53:09 [4] Confirmed the "Link Alive Check". (NextTime=1970-01-01 00:00:00 Result= URL=)
2022-08-18 15:53:09 [5] Confirmed the "Link Alive Check". (NextTime=1970-01-01 00:00:00 Result= URL=)
2022-08-18 16:23:29 There were 0 links that passed the next "Check SNS Count" confirmation date and time.
2022-08-18 16:45:35 There were 284 links that passed the next "Link Alive Check" confirmation date and time.
2022-08-18 16:45:35 [1] Confirmed the "Link Alive Check". (NextTime=1970-01-01 00:00:00 Result= URL=)
2022-08-18 16:45:35 [2] Confirmed the "Link Alive Check". (NextTime=1970-01-01 00:00:00 Result= URL=)
2022-08-18 16:45:35 [3] Confirmed the "Link Alive Check". (NextTime=1970-01-01 00:00:00 Result= URL=)
2022-08-18 16:45:35 [4] Confirmed the "Link Alive Check". (NextTime=1970-01-01 00:00:00 Result= URL=)
2022-08-18 16:45:36 [5] Confirmed the "Link Alive Check". (NextTime=1970-01-01 00:00:00 Result= URL=)
2022-08-18 17:25:18 There were 0 links that passed the next "Check SNS Count" confirmation date and time.
2022-08-18 17:45:47 There were 284 links that passed the next "Link Alive Check" confirmation date and time.
2022-08-18 17:45:48 [1] Confirmed the "Link Alive Check". (NextTime=1970-01-01 00:00:00 Result= URL=)
2022-08-18 17:45:48 [2] Confirmed the "Link Alive Check". (NextTime=1970-01-01 00:00:00 Result= URL=)
2022-08-18 17:45:48 [3] Confirmed the "Link Alive Check". (NextTime=1970-01-01 00:00:00 Result= URL=)
2022-08-18 17:45:48 [4] Confirmed the "Link Alive Check". (NextTime=1970-01-01 00:00:00 Result= URL=)
2022-08-18 17:45:49 [5] Confirmed the "Link Alive Check". (NextTime=1970-01-01 00:00:00 Result= URL=)
2022-08-18 18:23:51 There were 1 links that passed the next "Check SNS Count" confirmation date and time.
2022-08-18 18:23:52 [1] Confirmed the "Check SNS Count". (NextTime=2021-04-15 21:59:51 URL=https://sekailab.com/wp/2018/01/01/crawl-anyway-2018)
2022-08-18 18:47:05 There were 284 links that passed the next "Link Alive Check" confirmation date and time.
2022-08-18 18:47:05 [1] Confirmed the "Link Alive Check". (NextTime=1970-01-01 00:00:00 Result= URL=)
2022-08-18 18:47:06 [2] Confirmed the "Link Alive Check". (NextTime=1970-01-01 00:00:00 Result= URL=)
2022-08-18 18:47:06 [3] Confirmed the "Link Alive Check". (NextTime=1970-01-01 00:00:00 Result= URL=)
2022-08-18 18:47:06 [4] Confirmed the "Link Alive Check". (NextTime=1970-01-01 00:00:00 Result= URL=)
2022-08-18 18:47:06 [5] Confirmed the "Link Alive Check". (NextTime=1970-01-01 00:00:00 Result= URL=)
2022-08-18 19:23:05 There were 2 links that passed the next "Check SNS Count" confirmation date and time.
2022-08-18 19:23:05 [1] Confirmed the "Check SNS Count". (NextTime=2021-04-17 09:58:08 URL=https://www.amazon.co.jp/finum%EF%BC%88%E3%83%95%E3%82%A3%E3%83%8A%E3%83%A0%EF%BC%89-63-422-50-00-coffee-2-%E3%82%B3%E3%83%BC%E3%83%92%E3%83%BC%E3%83%A1%E3%83%BC%E3%82%AB%E3%83%BC%E7%94%A8%E3%82%B9%E3%83%86%E3%83%B3%E3%83%AC%E3%82%B9%E3%83%95%E3%82%A3%E3%83%AB%E3%82%BF%E3%83%BC%EF%BC%AD%E3%82%B5%E3%82%A4%E3%82%BA/dp/B003IHUMFA/ref=as_li_ss_il?_encoding=UTF8&#038;pd_rd_i=B003IHUMFA&#038;pd_rd_r=00fa7bca-cd02-4856-9484-e07801c6450f&#038;pd_rd_w=zzbeq&#038;pd_rd_wg=tXf4x&#038;pf_rd_p=ca22fd73-0f1e-4b39-9917-c84a20b3f3a8&#038;pf_rd_r=FKSBCX6TKWNVJPV25WSF&#038;psc=1&#038;refRID=FKSBCX6TKWNVJPV25WSF&#038;linkCode=li2&#038;tag=drunkar-22&#038;linkId=7e2610e6665c18993bc1e2ee3fa48ca6)
2022-08-18 19:23:06 [2] Confirmed the "Check SNS Count". (NextTime=2021-04-18 05:41:41 URL=https://www.amazon.co.jp/HARIO-%E3%83%8F%E3%83%AA%E3%82%AA-%E3%82%AB%E3%83%95%E3%82%A7%E3%82%AA%E3%83%BC%E3%83%AB-%E3%82%B3%E3%83%BC%E3%83%92%E3%83%BC%E3%83%89%E3%83%AA%E3%83%83%E3%83%97-CFO-1B/dp/B001LROSZ4/ref=as_li_ss_il?__mk_ja_JP=%E3%82%AB%E3%82%BF%E3%82%AB%E3%83%8A&#038;keywords=%E3%82%AB%E3%83%95%E3%82%A7%E3%82%AA%E3%83%BC%E3%83%AB&#038;qid=1585585674&#038;sr=8-2&#038;linkCode=li2&#038;tag=drunkar-22&#038;linkId=f1f43f6cec9554c6f2b4a4e8d5f43619)
2022-08-18 19:53:38 There were 284 links that passed the next "Link Alive Check" confirmation date and time.
2022-08-18 19:53:38 [1] Confirmed the "Link Alive Check". (NextTime=1970-01-01 00:00:00 Result= URL=)
2022-08-18 19:53:38 [2] Confirmed the "Link Alive Check". (NextTime=1970-01-01 00:00:00 Result= URL=)
2022-08-18 19:53:38 [3] Confirmed the "Link Alive Check". (NextTime=1970-01-01 00:00:00 Result= URL=)
2022-08-18 19:53:39 [4] Confirmed the "Link Alive Check". (NextTime=1970-01-01 00:00:00 Result= URL=)
2022-08-18 19:53:39 [5] Confirmed the "Link Alive Check". (NextTime=1970-01-01 00:00:00 Result= URL=)
2022-08-18 20:23:03 There were 2 links that passed the next "Check SNS Count" confirmation date and time.
2022-08-18 20:23:04 [1] Confirmed the "Check SNS Count". (NextTime=2021-04-14 20:50:14 URL=https://www.amazon.co.jp/gp/product/B078YP1ZPX/ref=as_li_ss_il?ie=UTF8&#038;psc=1&#038;linkCode=li2&#038;tag=drunkar-22&#038;linkId=c41bb29efefcf60b0b34aa9e0f826f3a&#038;language=ja_JP)
2022-08-18 20:23:04 [2] Confirmed the "Check SNS Count". (NextTime=2021-04-15 00:25:38 URL=https://learnoutlive.com/german-english-dictionary-kindle-cloud-reader/)
2022-08-18 20:55:58 There were 284 links that passed the next "Link Alive Check" confirmation date and time.
2022-08-18 20:55:58 [1] Confirmed the "Link Alive Check". (NextTime=1970-01-01 00:00:00 Result= URL=)
2022-08-18 20:55:58 [2] Confirmed the "Link Alive Check". (NextTime=1970-01-01 00:00:00 Result= URL=)
2022-08-18 20:55:59 [3] Confirmed the "Link Alive Check". (NextTime=1970-01-01 00:00:00 Result= URL=)
2022-08-18 20:55:59 [4] Confirmed the "Link Alive Check". (NextTime=1970-01-01 00:00:00 Result= URL=)
2022-08-18 20:55:59 [5] Confirmed the "Link Alive Check". (NextTime=1970-01-01 00:00:00 Result= URL=)
2022-08-18 21:23:20 There were 0 links that passed the next "Check SNS Count" confirmation date and time.
2022-08-18 21:56:16 There were 284 links that passed the next "Link Alive Check" confirmation date and time.
2022-08-18 21:56:17 [1] Confirmed the "Link Alive Check". (NextTime=1970-01-01 00:00:00 Result= URL=)
2022-08-18 21:56:17 [2] Confirmed the "Link Alive Check". (NextTime=1970-01-01 00:00:00 Result= URL=)
2022-08-18 21:56:17 [3] Confirmed the "Link Alive Check". (NextTime=1970-01-01 00:00:00 Result= URL=)
2022-08-18 21:56:17 [4] Confirmed the "Link Alive Check". (NextTime=1970-01-01 00:00:00 Result= URL=)
2022-08-18 21:56:17 [5] Confirmed the "Link Alive Check". (NextTime=1970-01-01 00:00:00 Result= URL=)
2022-08-18 22:24:34 There were 3 links that passed the next "Check SNS Count" confirmation date and time.
2022-08-18 22:24:34 [1] Confirmed the "Check SNS Count". (NextTime=2021-03-21 13:10:58 URL=https://sekailab.com/wp/2018/09/04/mistel-barocco-mag-feet/)
2022-08-18 22:24:35 [2] Confirmed the "Check SNS Count". (NextTime=2021-04-15 23:54:28 URL=https://sekailab.com/wp/2018/10/15/mistel-barocco-md650l-case)
2022-08-18 22:24:35 [3] Confirmed the "Check SNS Count". (NextTime=2021-03-28 10:53:38 URL=https://github.com/Drunkar/barocco_md650l_mods)
2022-08-18 23:00:48 There were 284 links that passed the next "Link Alive Check" confirmation date and time.
2022-08-18 23:00:48 [1] Confirmed the "Link Alive Check". (NextTime=1970-01-01 00:00:00 Result= URL=)
2022-08-18 23:00:48 [2] Confirmed the "Link Alive Check". (NextTime=1970-01-01 00:00:00 Result= URL=)
2022-08-18 23:00:49 [3] Confirmed the "Link Alive Check". (NextTime=1970-01-01 00:00:00 Result= URL=)
2022-08-18 23:00:49 [4] Confirmed the "Link Alive Check". (NextTime=1970-01-01 00:00:00 Result= URL=)
2022-08-18 23:00:49 [5] Confirmed the "Link Alive Check". (NextTime=1970-01-01 00:00:00 Result= URL=)
2022-08-18 23:24:06 There were 0 links that passed the next "Check SNS Count" confirmation date and time.
