2022-10-17 00:06:35 There were 284 links that passed the next "Link Alive Check" confirmation date and time.
2022-10-17 00:06:35 [1] Confirmed the "Link Alive Check". (NextTime=1970-01-01 00:00:00 Result= URL=)
2022-10-17 00:06:35 [2] Confirmed the "Link Alive Check". (NextTime=1970-01-01 00:00:00 Result= URL=)
2022-10-17 00:06:36 [3] Confirmed the "Link Alive Check". (NextTime=1970-01-01 00:00:00 Result= URL=)
2022-10-17 00:06:36 [4] Confirmed the "Link Alive Check". (NextTime=1970-01-01 00:00:00 Result= URL=)
2022-10-17 00:06:36 [5] Confirmed the "Link Alive Check". (NextTime=1970-01-01 00:00:00 Result= URL=)
2022-10-17 00:30:01 There were 1 links that passed the next "Check SNS Count" confirmation date and time.
2022-10-17 00:30:01 [1] Confirmed the "Check SNS Count". (NextTime=2021-04-14 03:47:27 URL=https://sekailab.com/wp/2015/11/02/lstm-general-responce-bot/)
2022-10-17 00:30:01 There were 284 links that passed the next "Link Alive Check" confirmation date and time.
2022-10-17 00:30:01 [1] Confirmed the "Link Alive Check". (NextTime=1970-01-01 00:00:00 Result= URL=)
2022-10-17 00:30:01 [2] Confirmed the "Link Alive Check". (NextTime=1970-01-01 00:00:00 Result= URL=)
2022-10-17 00:30:01 [3] Confirmed the "Link Alive Check". (NextTime=1970-01-01 00:00:00 Result= URL=)
2022-10-17 00:30:02 [4] Confirmed the "Link Alive Check". (NextTime=1970-01-01 00:00:00 Result= URL=)
2022-10-17 00:30:02 [5] Confirmed the "Link Alive Check". (NextTime=1970-01-01 00:00:00 Result= URL=)
2022-10-17 00:40:05 There were 284 links that passed the next "Link Alive Check" confirmation date and time.
2022-10-17 00:40:05 [1] Confirmed the "Link Alive Check". (NextTime=1970-01-01 00:00:00 Result= URL=)
2022-10-17 00:40:05 [2] Confirmed the "Link Alive Check". (NextTime=1970-01-01 00:00:00 Result= URL=)
2022-10-17 00:40:05 [3] Confirmed the "Link Alive Check". (NextTime=1970-01-01 00:00:00 Result= URL=)
2022-10-17 00:40:06 [4] Confirmed the "Link Alive Check". (NextTime=1970-01-01 00:00:00 Result= URL=)
2022-10-17 00:40:06 [5] Confirmed the "Link Alive Check". (NextTime=1970-01-01 00:00:00 Result= URL=)
2022-10-17 01:08:44 There were 284 links that passed the next "Link Alive Check" confirmation date and time.
2022-10-17 01:08:44 [1] Confirmed the "Link Alive Check". (NextTime=1970-01-01 00:00:00 Result= URL=)
2022-10-17 01:08:44 [2] Confirmed the "Link Alive Check". (NextTime=1970-01-01 00:00:00 Result= URL=)
2022-10-17 01:08:45 [3] Confirmed the "Link Alive Check". (NextTime=1970-01-01 00:00:00 Result= URL=)
2022-10-17 01:08:45 [4] Confirmed the "Link Alive Check". (NextTime=1970-01-01 00:00:00 Result= URL=)
2022-10-17 01:08:45 [5] Confirmed the "Link Alive Check". (NextTime=1970-01-01 00:00:00 Result= URL=)
2022-10-17 01:24:24 There were 1 links that passed the next "Check SNS Count" confirmation date and time.
2022-10-17 01:24:24 [1] Confirmed the "Check SNS Count". (NextTime=2021-03-23 04:11:50 URL=https://discussions.apple.com/thread/7022940)
2022-10-17 01:30:21 There were 284 links that passed the next "Link Alive Check" confirmation date and time.
2022-10-17 01:30:22 [1] Confirmed the "Link Alive Check". (NextTime=1970-01-01 00:00:00 Result= URL=)
2022-10-17 01:30:22 [2] Confirmed the "Link Alive Check". (NextTime=1970-01-01 00:00:00 Result= URL=)
2022-10-17 01:30:22 [3] Confirmed the "Link Alive Check". (NextTime=1970-01-01 00:00:00 Result= URL=)
2022-10-17 01:30:22 [4] Confirmed the "Link Alive Check". (NextTime=1970-01-01 00:00:00 Result= URL=)
2022-10-17 01:30:23 [5] Confirmed the "Link Alive Check". (NextTime=1970-01-01 00:00:00 Result= URL=)
2022-10-17 01:41:30 There were 284 links that passed the next "Link Alive Check" confirmation date and time.
2022-10-17 01:41:30 [1] Confirmed the "Link Alive Check". (NextTime=1970-01-01 00:00:00 Result= URL=)
2022-10-17 01:41:31 [2] Confirmed the "Link Alive Check". (NextTime=1970-01-01 00:00:00 Result= URL=)
2022-10-17 01:41:31 [3] Confirmed the "Link Alive Check". (NextTime=1970-01-01 00:00:00 Result= URL=)
2022-10-17 01:41:31 [4] Confirmed the "Link Alive Check". (NextTime=1970-01-01 00:00:00 Result= URL=)
2022-10-17 01:41:31 [5] Confirmed the "Link Alive Check". (NextTime=1970-01-01 00:00:00 Result= URL=)
2022-10-17 02:13:19 There were 284 links that passed the next "Link Alive Check" confirmation date and time.
2022-10-17 02:13:19 [1] Confirmed the "Link Alive Check". (NextTime=1970-01-01 00:00:00 Result= URL=)
2022-10-17 02:13:20 [2] Confirmed the "Link Alive Check". (NextTime=1970-01-01 00:00:00 Result= URL=)
2022-10-17 02:13:20 [3] Confirmed the "Link Alive Check". (NextTime=1970-01-01 00:00:00 Result= URL=)
2022-10-17 02:13:20 [4] Confirmed the "Link Alive Check". (NextTime=1970-01-01 00:00:00 Result= URL=)
2022-10-17 02:13:20 [5] Confirmed the "Link Alive Check". (NextTime=1970-01-01 00:00:00 Result= URL=)
2022-10-17 02:24:43 There were 0 links that passed the next "Check SNS Count" confirmation date and time.
2022-10-17 02:31:17 There were 284 links that passed the next "Link Alive Check" confirmation date and time.
2022-10-17 02:31:17 [1] Confirmed the "Link Alive Check". (NextTime=1970-01-01 00:00:00 Result= URL=)
2022-10-17 02:31:17 [2] Confirmed the "Link Alive Check". (NextTime=1970-01-01 00:00:00 Result= URL=)
2022-10-17 02:31:18 [3] Confirmed the "Link Alive Check". (NextTime=1970-01-01 00:00:00 Result= URL=)
2022-10-17 02:31:18 [4] Confirmed the "Link Alive Check". (NextTime=1970-01-01 00:00:00 Result= URL=)
2022-10-17 02:31:18 [5] Confirmed the "Link Alive Check". (NextTime=1970-01-01 00:00:00 Result= URL=)
2022-10-17 02:43:07 There were 284 links that passed the next "Link Alive Check" confirmation date and time.
2022-10-17 02:43:07 [1] Confirmed the "Link Alive Check". (NextTime=1970-01-01 00:00:00 Result= URL=)
2022-10-17 02:43:07 [2] Confirmed the "Link Alive Check". (NextTime=1970-01-01 00:00:00 Result= URL=)
2022-10-17 02:43:07 [3] Confirmed the "Link Alive Check". (NextTime=1970-01-01 00:00:00 Result= URL=)
2022-10-17 02:43:08 [4] Confirmed the "Link Alive Check". (NextTime=1970-01-01 00:00:00 Result= URL=)
2022-10-17 02:43:08 [5] Confirmed the "Link Alive Check". (NextTime=1970-01-01 00:00:00 Result= URL=)
2022-10-17 03:17:26 There were 284 links that passed the next "Link Alive Check" confirmation date and time.
2022-10-17 03:17:26 [1] Confirmed the "Link Alive Check". (NextTime=1970-01-01 00:00:00 Result= URL=)
2022-10-17 03:17:26 [2] Confirmed the "Link Alive Check". (NextTime=1970-01-01 00:00:00 Result= URL=)
2022-10-17 03:17:26 [3] Confirmed the "Link Alive Check". (NextTime=1970-01-01 00:00:00 Result= URL=)
2022-10-17 03:17:27 [4] Confirmed the "Link Alive Check". (NextTime=1970-01-01 00:00:00 Result= URL=)
2022-10-17 03:17:27 [5] Confirmed the "Link Alive Check". (NextTime=1970-01-01 00:00:00 Result= URL=)
2022-10-17 03:25:43 There were 2 links that passed the next "Check SNS Count" confirmation date and time.
2022-10-17 03:25:43 [1] Confirmed the "Check SNS Count". (NextTime=2021-04-06 23:50:43 URL=https://medium.com/@sfujiwara/tensorflow-%E3%81%AE-sessionrunhook-%E3%81%A7-optuna-%E3%81%AE%E6%9E%9D%E5%88%88%E3%82%8A-56efd096cbd3)
2022-10-17 03:25:43 [2] Confirmed the "Check SNS Count". (NextTime=2021-03-23 18:37:33 URL=https://www.banggood.com/Original-Xiaomi-Air-TWS-True-Wireless-bluetooth-Earphone-Active-Noise-Cancelling-Smart-Touch-Bilateral-Call-Headphone-p-1410116.html?p=K226105168701201606R)
2022-10-17 03:34:19 There were 284 links that passed the next "Link Alive Check" confirmation date and time.
2022-10-17 03:34:19 [1] Confirmed the "Link Alive Check". (NextTime=1970-01-01 00:00:00 Result= URL=)
2022-10-17 03:34:20 [2] Confirmed the "Link Alive Check". (NextTime=1970-01-01 00:00:00 Result= URL=)
2022-10-17 03:34:20 [3] Confirmed the "Link Alive Check". (NextTime=1970-01-01 00:00:00 Result= URL=)
2022-10-17 03:34:20 [4] Confirmed the "Link Alive Check". (NextTime=1970-01-01 00:00:00 Result= URL=)
2022-10-17 03:34:20 [5] Confirmed the "Link Alive Check". (NextTime=1970-01-01 00:00:00 Result= URL=)
2022-10-17 03:43:50 There were 284 links that passed the next "Link Alive Check" confirmation date and time.
2022-10-17 03:43:51 [1] Confirmed the "Link Alive Check". (NextTime=1970-01-01 00:00:00 Result= URL=)
2022-10-17 03:43:51 [2] Confirmed the "Link Alive Check". (NextTime=1970-01-01 00:00:00 Result= URL=)
2022-10-17 03:43:51 [3] Confirmed the "Link Alive Check". (NextTime=1970-01-01 00:00:00 Result= URL=)
2022-10-17 03:43:51 [4] Confirmed the "Link Alive Check". (NextTime=1970-01-01 00:00:00 Result= URL=)
2022-10-17 03:43:52 [5] Confirmed the "Link Alive Check". (NextTime=1970-01-01 00:00:00 Result= URL=)
2022-10-17 04:19:23 There were 284 links that passed the next "Link Alive Check" confirmation date and time.
2022-10-17 04:19:24 [1] Confirmed the "Link Alive Check". (NextTime=1970-01-01 00:00:00 Result= URL=)
2022-10-17 04:19:24 [2] Confirmed the "Link Alive Check". (NextTime=1970-01-01 00:00:00 Result= URL=)
2022-10-17 04:19:24 [3] Confirmed the "Link Alive Check". (NextTime=1970-01-01 00:00:00 Result= URL=)
2022-10-17 04:19:24 [4] Confirmed the "Link Alive Check". (NextTime=1970-01-01 00:00:00 Result= URL=)
2022-10-17 04:19:25 [5] Confirmed the "Link Alive Check". (NextTime=1970-01-01 00:00:00 Result= URL=)
2022-10-17 04:23:05 There were 2 links that passed the next "Check SNS Count" confirmation date and time.
2022-10-17 04:23:05 [1] Confirmed the "Check SNS Count". (NextTime=2021-03-25 22:34:38 URL=https://www.amazon.co.jp/gp/product/B00JM2NQBM/ref=as_li_ss_il?ie=UTF8&#038;psc=1&#038;linkCode=li2&#038;tag=drunkar-22&#038;linkId=c7b9134e3fa6e93ab805acb19c5eb756)
2022-10-17 04:23:05 [2] Confirmed the "Check SNS Count". (NextTime=2021-03-24 13:40:40 URL=https://www.amazon.co.jp/gp/product/B01G3ERI6U/ref=as_li_ss_il?ie=UTF8&#038;psc=1&#038;linkCode=li2&#038;tag=drunkar-22&#038;linkId=998da7875e65d27078483f0cfd9852f8)
2022-10-17 04:35:38 There were 284 links that passed the next "Link Alive Check" confirmation date and time.
2022-10-17 04:35:38 [1] Confirmed the "Link Alive Check". (NextTime=1970-01-01 00:00:00 Result= URL=)
2022-10-17 04:35:38 [2] Confirmed the "Link Alive Check". (NextTime=1970-01-01 00:00:00 Result= URL=)
2022-10-17 04:35:38 [3] Confirmed the "Link Alive Check". (NextTime=1970-01-01 00:00:00 Result= URL=)
2022-10-17 04:35:39 [4] Confirmed the "Link Alive Check". (NextTime=1970-01-01 00:00:00 Result= URL=)
2022-10-17 04:35:39 [5] Confirmed the "Link Alive Check". (NextTime=1970-01-01 00:00:00 Result= URL=)
2022-10-17 05:20:14 There were 284 links that passed the next "Link Alive Check" confirmation date and time.
2022-10-17 05:20:14 [1] Confirmed the "Link Alive Check". (NextTime=1970-01-01 00:00:00 Result= URL=)
2022-10-17 05:20:15 [2] Confirmed the "Link Alive Check". (NextTime=1970-01-01 00:00:00 Result= URL=)
2022-10-17 05:20:15 [3] Confirmed the "Link Alive Check". (NextTime=1970-01-01 00:00:00 Result= URL=)
2022-10-17 05:20:15 [4] Confirmed the "Link Alive Check". (NextTime=1970-01-01 00:00:00 Result= URL=)
2022-10-17 05:20:15 [5] Confirmed the "Link Alive Check". (NextTime=1970-01-01 00:00:00 Result= URL=)
2022-10-17 05:23:15 There were 3 links that passed the next "Check SNS Count" confirmation date and time.
2022-10-17 05:23:15 [1] Confirmed the "Check SNS Count". (NextTime=2021-03-22 02:49:43 URL=https://www.amazon.co.jp/%EF%BC%A2%EF%BC%A5%EF%BC%A1%EF%BC%B4%EF%BC%AC%EF%BC%A5%EF%BC%B3%EF%BC%B3-%E9%9B%BB%E5%AD%90%E7%89%B9%E5%88%A5%E7%89%88-%E3%80%8A%E5%89%8D%E3%80%8B-%E8%A7%92%E5%B7%9D%E6%9B%B8%E5%BA%97%E5%8D%98%E8%A1%8C%E6%9C%AC-%E9%95%B7%E8%B0%B7-%E6%95%8F%E5%8F%B8-ebook/dp/B00C7P0AL0/ref=as_li_ss_il?ie=UTF8&#038;qid=1516557419&#038;sr=8-5&#038;keywords=beatless&#038;linkCode=li2&#038;tag=drunkar-22&#038;linkId=e64252b0fdd97c261f7ea9d68856a554)
2022-10-17 05:23:15 [2] Confirmed the "Check SNS Count". (NextTime=2021-04-14 20:57:27 URL=https://sekailab.com/wp/2018/01/06/15w-chinese-laser-cutter-2)
2022-10-17 05:23:15 [3] Confirmed the "Check SNS Count". (NextTime=2021-03-26 20:02:20 URL=https://hub.docker.com/r/drunkar/airflow-alpine/)
2022-10-17 05:35:57 There were 284 links that passed the next "Link Alive Check" confirmation date and time.
2022-10-17 05:35:58 [1] Confirmed the "Link Alive Check". (NextTime=1970-01-01 00:00:00 Result= URL=)
2022-10-17 05:35:58 [2] Confirmed the "Link Alive Check". (NextTime=1970-01-01 00:00:00 Result= URL=)
2022-10-17 05:35:58 [3] Confirmed the "Link Alive Check". (NextTime=1970-01-01 00:00:00 Result= URL=)
2022-10-17 05:35:58 [4] Confirmed the "Link Alive Check". (NextTime=1970-01-01 00:00:00 Result= URL=)
2022-10-17 05:35:58 [5] Confirmed the "Link Alive Check". (NextTime=1970-01-01 00:00:00 Result= URL=)
2022-10-17 06:20:23 There were 284 links that passed the next "Link Alive Check" confirmation date and time.
2022-10-17 06:20:23 [1] Confirmed the "Link Alive Check". (NextTime=1970-01-01 00:00:00 Result= URL=)
2022-10-17 06:20:23 [2] Confirmed the "Link Alive Check". (NextTime=1970-01-01 00:00:00 Result= URL=)
2022-10-17 06:20:24 [3] Confirmed the "Link Alive Check". (NextTime=1970-01-01 00:00:00 Result= URL=)
2022-10-17 06:20:24 [4] Confirmed the "Link Alive Check". (NextTime=1970-01-01 00:00:00 Result= URL=)
2022-10-17 06:20:24 [5] Confirmed the "Link Alive Check". (NextTime=1970-01-01 00:00:00 Result= URL=)
2022-10-17 06:23:33 There were 0 links that passed the next "Check SNS Count" confirmation date and time.
2022-10-17 06:27:32 There were 0 links that passed the next "Check SNS Count" confirmation date and time.
2022-10-17 06:36:11 There were 284 links that passed the next "Link Alive Check" confirmation date and time.
2022-10-17 06:36:12 [1] Confirmed the "Link Alive Check". (NextTime=1970-01-01 00:00:00 Result= URL=)
2022-10-17 06:36:12 [2] Confirmed the "Link Alive Check". (NextTime=1970-01-01 00:00:00 Result= URL=)
2022-10-17 06:36:12 [3] Confirmed the "Link Alive Check". (NextTime=1970-01-01 00:00:00 Result= URL=)
2022-10-17 06:36:12 [4] Confirmed the "Link Alive Check". (NextTime=1970-01-01 00:00:00 Result= URL=)
2022-10-17 06:36:12 [5] Confirmed the "Link Alive Check". (NextTime=1970-01-01 00:00:00 Result= URL=)
2022-10-17 07:28:41 There were 284 links that passed the next "Link Alive Check" confirmation date and time.
2022-10-17 07:28:41 [1] Confirmed the "Link Alive Check". (NextTime=1970-01-01 00:00:00 Result= URL=)
2022-10-17 07:28:41 [2] Confirmed the "Link Alive Check". (NextTime=1970-01-01 00:00:00 Result= URL=)
2022-10-17 07:28:41 [3] Confirmed the "Link Alive Check". (NextTime=1970-01-01 00:00:00 Result= URL=)
2022-10-17 07:28:42 [4] Confirmed the "Link Alive Check". (NextTime=1970-01-01 00:00:00 Result= URL=)
2022-10-17 07:28:42 [5] Confirmed the "Link Alive Check". (NextTime=1970-01-01 00:00:00 Result= URL=)
2022-10-17 07:28:42 There were 1 links that passed the next "Check SNS Count" confirmation date and time.
2022-10-17 07:28:42 [1] Confirmed the "Check SNS Count". (NextTime=2021-03-23 01:47:51 URL=https://www.amazon.co.jp/dp/B07TGKQV2X/ref=as_li_ss_il?_encoding=UTF8&#038;psc=1&#038;linkCode=li2&#038;tag=drunkar-22&#038;linkId=dd7f6044dfb46becb60e273dcabd963c)
2022-10-17 07:38:51 There were 284 links that passed the next "Link Alive Check" confirmation date and time.
2022-10-17 07:38:52 [1] Confirmed the "Link Alive Check". (NextTime=1970-01-01 00:00:00 Result= URL=)
2022-10-17 07:38:52 [2] Confirmed the "Link Alive Check". (NextTime=1970-01-01 00:00:00 Result= URL=)
2022-10-17 07:38:52 [3] Confirmed the "Link Alive Check". (NextTime=1970-01-01 00:00:00 Result= URL=)
2022-10-17 07:38:52 [4] Confirmed the "Link Alive Check". (NextTime=1970-01-01 00:00:00 Result= URL=)
2022-10-17 07:38:53 [5] Confirmed the "Link Alive Check". (NextTime=1970-01-01 00:00:00 Result= URL=)
2022-10-17 08:26:58 There were 1 links that passed the next "Check SNS Count" confirmation date and time.
2022-10-17 08:26:58 [1] Confirmed the "Check SNS Count". (NextTime=2021-03-22 08:07:22 URL=https://www.amazon.co.jp/gp/product/B001D2Z2S4/ref=as_li_ss_il?ie=UTF8&#038;psc=1&#038;linkCode=li2&#038;tag=drunkar-22&#038;linkId=c90ca85b4004d7080a44c2fbf8baa85d)
2022-10-17 08:31:26 There were 284 links that passed the next "Link Alive Check" confirmation date and time.
2022-10-17 08:31:26 [1] Confirmed the "Link Alive Check". (NextTime=1970-01-01 00:00:00 Result= URL=)
2022-10-17 08:31:27 [2] Confirmed the "Link Alive Check". (NextTime=1970-01-01 00:00:00 Result= URL=)
2022-10-17 08:31:27 [3] Confirmed the "Link Alive Check". (NextTime=1970-01-01 00:00:00 Result= URL=)
2022-10-17 08:31:27 [4] Confirmed the "Link Alive Check". (NextTime=1970-01-01 00:00:00 Result= URL=)
2022-10-17 08:31:27 [5] Confirmed the "Link Alive Check". (NextTime=1970-01-01 00:00:00 Result= URL=)
2022-10-17 08:43:46 There were 284 links that passed the next "Link Alive Check" confirmation date and time.
2022-10-17 08:43:46 [1] Confirmed the "Link Alive Check". (NextTime=1970-01-01 00:00:00 Result= URL=)
2022-10-17 08:43:46 [2] Confirmed the "Link Alive Check". (NextTime=1970-01-01 00:00:00 Result= URL=)
2022-10-17 08:43:46 [3] Confirmed the "Link Alive Check". (NextTime=1970-01-01 00:00:00 Result= URL=)
2022-10-17 08:43:47 [4] Confirmed the "Link Alive Check". (NextTime=1970-01-01 00:00:00 Result= URL=)
2022-10-17 08:43:47 [5] Confirmed the "Link Alive Check". (NextTime=1970-01-01 00:00:00 Result= URL=)
2022-10-17 09:23:36 There were 0 links that passed the next "Check SNS Count" confirmation date and time.
2022-10-17 09:32:28 There were 284 links that passed the next "Link Alive Check" confirmation date and time.
2022-10-17 09:32:28 [1] Confirmed the "Link Alive Check". (NextTime=1970-01-01 00:00:00 Result= URL=)
2022-10-17 09:32:29 [2] Confirmed the "Link Alive Check". (NextTime=1970-01-01 00:00:00 Result= URL=)
2022-10-17 09:32:29 [3] Confirmed the "Link Alive Check". (NextTime=1970-01-01 00:00:00 Result= URL=)
2022-10-17 09:32:29 [4] Confirmed the "Link Alive Check". (NextTime=1970-01-01 00:00:00 Result= URL=)
2022-10-17 09:32:29 [5] Confirmed the "Link Alive Check". (NextTime=1970-01-01 00:00:00 Result= URL=)
2022-10-17 09:46:03 There were 284 links that passed the next "Link Alive Check" confirmation date and time.
2022-10-17 09:46:03 [1] Confirmed the "Link Alive Check". (NextTime=1970-01-01 00:00:00 Result= URL=)
2022-10-17 09:46:03 [2] Confirmed the "Link Alive Check". (NextTime=1970-01-01 00:00:00 Result= URL=)
2022-10-17 09:46:04 [3] Confirmed the "Link Alive Check". (NextTime=1970-01-01 00:00:00 Result= URL=)
2022-10-17 09:46:04 [4] Confirmed the "Link Alive Check". (NextTime=1970-01-01 00:00:00 Result= URL=)
2022-10-17 09:46:04 [5] Confirmed the "Link Alive Check". (NextTime=1970-01-01 00:00:00 Result= URL=)
2022-10-17 10:23:14 There were 2 links that passed the next "Check SNS Count" confirmation date and time.
2022-10-17 10:23:14 [1] Confirmed the "Check SNS Count". (NextTime=2021-03-26 00:58:29 URL=https://www.amazon.co.jp/gp/product/B07CG3ZPW3/ref=as_li_ss_il?ie=UTF8&#038;psc=1&#038;linkCode=li2&#038;tag=drunkar-22&#038;linkId=4a2250c8c0c493c44601aa572a1071e8)
2022-10-17 10:23:14 [2] Confirmed the "Check SNS Count". (NextTime=2021-03-26 20:55:33 URL=https://docs.nvidia.com/cuda/wsl-user-guide/index.html#setting-containers)
2022-10-17 10:32:33 There were 284 links that passed the next "Link Alive Check" confirmation date and time.
2022-10-17 10:32:33 [1] Confirmed the "Link Alive Check". (NextTime=1970-01-01 00:00:00 Result= URL=)
2022-10-17 10:32:33 [2] Confirmed the "Link Alive Check". (NextTime=1970-01-01 00:00:00 Result= URL=)
2022-10-17 10:32:33 [3] Confirmed the "Link Alive Check". (NextTime=1970-01-01 00:00:00 Result= URL=)
2022-10-17 10:32:34 [4] Confirmed the "Link Alive Check". (NextTime=1970-01-01 00:00:00 Result= URL=)
2022-10-17 10:32:34 [5] Confirmed the "Link Alive Check". (NextTime=1970-01-01 00:00:00 Result= URL=)
2022-10-17 10:47:55 There were 284 links that passed the next "Link Alive Check" confirmation date and time.
2022-10-17 10:47:55 [1] Confirmed the "Link Alive Check". (NextTime=1970-01-01 00:00:00 Result= URL=)
2022-10-17 10:47:55 [2] Confirmed the "Link Alive Check". (NextTime=1970-01-01 00:00:00 Result= URL=)
2022-10-17 10:47:56 [3] Confirmed the "Link Alive Check". (NextTime=1970-01-01 00:00:00 Result= URL=)
2022-10-17 10:47:56 [4] Confirmed the "Link Alive Check". (NextTime=1970-01-01 00:00:00 Result= URL=)
2022-10-17 10:47:56 [5] Confirmed the "Link Alive Check". (NextTime=1970-01-01 00:00:00 Result= URL=)
2022-10-17 11:23:34 There were 2 links that passed the next "Check SNS Count" confirmation date and time.
2022-10-17 11:23:34 [1] Confirmed the "Check SNS Count". (NextTime=2021-03-20 06:10:49 URL=https://www.amazon.co.jp/gp/product/B077R9R4Y4/ref=as_li_ss_il?ie=UTF8&#038;psc=1&#038;linkCode=li2&#038;tag=drunkar-22&#038;linkId=6b2240196fb9eedbc1594687fc949fc8)
2022-10-17 11:23:34 [2] Confirmed the "Check SNS Count". (NextTime=2021-03-21 09:07:53 URL=https://www.amazon.co.jp/gp/product/B003CFKLLS/ref=as_li_ss_il?ie=UTF8&#038;psc=1&#038;linkCode=li2&#038;tag=drunkar-22&#038;linkId=f6daf09c395a2a8368e952ab551ddb08)
2022-10-17 11:33:51 There were 284 links that passed the next "Link Alive Check" confirmation date and time.
2022-10-17 11:33:52 [1] Confirmed the "Link Alive Check". (NextTime=1970-01-01 00:00:00 Result= URL=)
2022-10-17 11:33:52 [2] Confirmed the "Link Alive Check". (NextTime=1970-01-01 00:00:00 Result= URL=)
2022-10-17 11:33:52 [3] Confirmed the "Link Alive Check". (NextTime=1970-01-01 00:00:00 Result= URL=)
2022-10-17 11:33:52 [4] Confirmed the "Link Alive Check". (NextTime=1970-01-01 00:00:00 Result= URL=)
2022-10-17 11:33:52 [5] Confirmed the "Link Alive Check". (NextTime=1970-01-01 00:00:00 Result= URL=)
2022-10-17 11:49:38 There were 284 links that passed the next "Link Alive Check" confirmation date and time.
2022-10-17 11:49:39 [1] Confirmed the "Link Alive Check". (NextTime=1970-01-01 00:00:00 Result= URL=)
2022-10-17 11:49:39 [2] Confirmed the "Link Alive Check". (NextTime=1970-01-01 00:00:00 Result= URL=)
2022-10-17 11:49:39 [3] Confirmed the "Link Alive Check". (NextTime=1970-01-01 00:00:00 Result= URL=)
2022-10-17 11:49:39 [4] Confirmed the "Link Alive Check". (NextTime=1970-01-01 00:00:00 Result= URL=)
2022-10-17 11:49:39 [5] Confirmed the "Link Alive Check". (NextTime=1970-01-01 00:00:00 Result= URL=)
2022-10-17 12:25:52 There were 3 links that passed the next "Check SNS Count" confirmation date and time.
2022-10-17 12:25:52 [1] Confirmed the "Check SNS Count". (NextTime=2021-04-15 05:42:12 URL=https://sekailab.com/wp/2018/08/14/librealsense-with-armbian-on-orangepi-pc2)
2022-10-17 12:25:53 [2] Confirmed the "Check SNS Count". (NextTime=2021-04-14 17:42:35 URL=https://sekailab.com/wp/2013/02/23/%E5%BB%BA%E7%AF%89%E6%89%B9%E8%A9%95%E7%A9%BA%E9%96%93%E3%82%92%E5%8F%AF%E8%A6%96%E5%8C%96%E3%81%97%E3%81%A6%E3%81%BF%E3%81%9F)
2022-10-17 12:25:53 [3] Confirmed the "Check SNS Count". (NextTime=2021-03-25 11:34:23 URL=https://www.amazon.co.jp/dp/B07X37WWV2/ref=as_li_ss_il?_encoding=UTF8&#038;psc=1&#038;linkCode=li2&#038;tag=drunkar-22&#038;linkId=e9c9a5b2ef13df006a8643907b926818&#038;language=ja_JP)
2022-10-17 12:35:26 There were 284 links that passed the next "Link Alive Check" confirmation date and time.
2022-10-17 12:35:27 [1] Confirmed the "Link Alive Check". (NextTime=1970-01-01 00:00:00 Result= URL=)
2022-10-17 12:35:27 [2] Confirmed the "Link Alive Check". (NextTime=1970-01-01 00:00:00 Result= URL=)
2022-10-17 12:35:27 [3] Confirmed the "Link Alive Check". (NextTime=1970-01-01 00:00:00 Result= URL=)
2022-10-17 12:35:27 [4] Confirmed the "Link Alive Check". (NextTime=1970-01-01 00:00:00 Result= URL=)
2022-10-17 12:35:28 [5] Confirmed the "Link Alive Check". (NextTime=1970-01-01 00:00:00 Result= URL=)
2022-10-17 12:53:40 There were 284 links that passed the next "Link Alive Check" confirmation date and time.
2022-10-17 12:53:41 [1] Confirmed the "Link Alive Check". (NextTime=1970-01-01 00:00:00 Result= URL=)
2022-10-17 12:53:41 [2] Confirmed the "Link Alive Check". (NextTime=1970-01-01 00:00:00 Result= URL=)
2022-10-17 12:53:41 [3] Confirmed the "Link Alive Check". (NextTime=1970-01-01 00:00:00 Result= URL=)
2022-10-17 12:53:41 [4] Confirmed the "Link Alive Check". (NextTime=1970-01-01 00:00:00 Result= URL=)
2022-10-17 12:53:42 [5] Confirmed the "Link Alive Check". (NextTime=1970-01-01 00:00:00 Result= URL=)
2022-10-17 13:24:46 There were 0 links that passed the next "Check SNS Count" confirmation date and time.
2022-10-17 13:38:40 There were 284 links that passed the next "Link Alive Check" confirmation date and time.
2022-10-17 13:38:40 [1] Confirmed the "Link Alive Check". (NextTime=1970-01-01 00:00:00 Result= URL=)
2022-10-17 13:38:40 [2] Confirmed the "Link Alive Check". (NextTime=1970-01-01 00:00:00 Result= URL=)
2022-10-17 13:38:40 [3] Confirmed the "Link Alive Check". (NextTime=1970-01-01 00:00:00 Result= URL=)
2022-10-17 13:38:40 [4] Confirmed the "Link Alive Check". (NextTime=1970-01-01 00:00:00 Result= URL=)
2022-10-17 13:38:41 [5] Confirmed the "Link Alive Check". (NextTime=1970-01-01 00:00:00 Result= URL=)
2022-10-17 13:55:04 There were 284 links that passed the next "Link Alive Check" confirmation date and time.
2022-10-17 13:55:04 [1] Confirmed the "Link Alive Check". (NextTime=1970-01-01 00:00:00 Result= URL=)
2022-10-17 13:55:04 [2] Confirmed the "Link Alive Check". (NextTime=1970-01-01 00:00:00 Result= URL=)
2022-10-17 13:55:05 [3] Confirmed the "Link Alive Check". (NextTime=1970-01-01 00:00:00 Result= URL=)
2022-10-17 13:55:05 [4] Confirmed the "Link Alive Check". (NextTime=1970-01-01 00:00:00 Result= URL=)
2022-10-17 13:55:05 [5] Confirmed the "Link Alive Check". (NextTime=1970-01-01 00:00:00 Result= URL=)
2022-10-17 14:24:23 There were 3 links that passed the next "Check SNS Count" confirmation date and time.
2022-10-17 14:24:23 [1] Confirmed the "Check SNS Count". (NextTime=2021-04-15 03:14:07 URL=https://www.amazon.co.jp/gp/product/B004X4JPBE/ref=as_li_ss_il?ie=UTF8&#038;psc=1&#038;linkCode=li2&#038;tag=drunkar-22&#038;linkId=63f758e8c2595a9e11843e3a4f23b83d)
2022-10-17 14:24:23 [2] Confirmed the "Check SNS Count". (NextTime=2021-03-28 21:34:13 URL=https://sekailab.com/wp/2019/05/08/google-translation-with-kindle-cloud-reader/)
2022-10-17 14:24:23 [3] Confirmed the "Check SNS Count". (NextTime=2021-04-14 02:34:25 URL=https://github.com/Drunkar/japanese_talk_api_transformer)
2022-10-17 14:28:44 There were 0 links that passed the next "Check SNS Count" confirmation date and time.
2022-10-17 14:41:50 There were 284 links that passed the next "Link Alive Check" confirmation date and time.
2022-10-17 14:41:51 [1] Confirmed the "Link Alive Check". (NextTime=1970-01-01 00:00:00 Result= URL=)
2022-10-17 14:41:51 [2] Confirmed the "Link Alive Check". (NextTime=1970-01-01 00:00:00 Result= URL=)
2022-10-17 14:41:51 [3] Confirmed the "Link Alive Check". (NextTime=1970-01-01 00:00:00 Result= URL=)
2022-10-17 14:41:51 [4] Confirmed the "Link Alive Check". (NextTime=1970-01-01 00:00:00 Result= URL=)
2022-10-17 14:41:52 [5] Confirmed the "Link Alive Check". (NextTime=1970-01-01 00:00:00 Result= URL=)
2022-10-17 14:57:14 There were 284 links that passed the next "Link Alive Check" confirmation date and time.
2022-10-17 14:57:15 [1] Confirmed the "Link Alive Check". (NextTime=1970-01-01 00:00:00 Result= URL=)
2022-10-17 14:57:15 [2] Confirmed the "Link Alive Check". (NextTime=1970-01-01 00:00:00 Result= URL=)
2022-10-17 14:57:15 [3] Confirmed the "Link Alive Check". (NextTime=1970-01-01 00:00:00 Result= URL=)
2022-10-17 14:57:16 [4] Confirmed the "Link Alive Check". (NextTime=1970-01-01 00:00:00 Result= URL=)
2022-10-17 14:57:16 [5] Confirmed the "Link Alive Check". (NextTime=1970-01-01 00:00:00 Result= URL=)
2022-10-17 15:24:45 There were 0 links that passed the next "Check SNS Count" confirmation date and time.
2022-10-17 15:42:04 There were 284 links that passed the next "Link Alive Check" confirmation date and time.
2022-10-17 15:42:04 [1] Confirmed the "Link Alive Check". (NextTime=1970-01-01 00:00:00 Result= URL=)
2022-10-17 15:42:04 [2] Confirmed the "Link Alive Check". (NextTime=1970-01-01 00:00:00 Result= URL=)
2022-10-17 15:42:05 [3] Confirmed the "Link Alive Check". (NextTime=1970-01-01 00:00:00 Result= URL=)
2022-10-17 15:42:05 [4] Confirmed the "Link Alive Check". (NextTime=1970-01-01 00:00:00 Result= URL=)
2022-10-17 15:42:05 [5] Confirmed the "Link Alive Check". (NextTime=1970-01-01 00:00:00 Result= URL=)
2022-10-17 15:52:58 There were 284 links that passed the next "Link Alive Check" confirmation date and time.
2022-10-17 15:52:58 [1] Confirmed the "Link Alive Check". (NextTime=1970-01-01 00:00:00 Result= URL=)
2022-10-17 15:52:58 [2] Confirmed the "Link Alive Check". (NextTime=1970-01-01 00:00:00 Result= URL=)
2022-10-17 15:52:58 [3] Confirmed the "Link Alive Check". (NextTime=1970-01-01 00:00:00 Result= URL=)
2022-10-17 15:52:59 [4] Confirmed the "Link Alive Check". (NextTime=1970-01-01 00:00:00 Result= URL=)
2022-10-17 15:52:59 [5] Confirmed the "Link Alive Check". (NextTime=1970-01-01 00:00:00 Result= URL=)
2022-10-17 16:23:35 There were 0 links that passed the next "Check SNS Count" confirmation date and time.
2022-10-17 16:42:37 There were 284 links that passed the next "Link Alive Check" confirmation date and time.
2022-10-17 16:42:38 [1] Confirmed the "Link Alive Check". (NextTime=1970-01-01 00:00:00 Result= URL=)
2022-10-17 16:42:38 [2] Confirmed the "Link Alive Check". (NextTime=1970-01-01 00:00:00 Result= URL=)
2022-10-17 16:42:38 [3] Confirmed the "Link Alive Check". (NextTime=1970-01-01 00:00:00 Result= URL=)
2022-10-17 16:42:38 [4] Confirmed the "Link Alive Check". (NextTime=1970-01-01 00:00:00 Result= URL=)
2022-10-17 16:42:38 [5] Confirmed the "Link Alive Check". (NextTime=1970-01-01 00:00:00 Result= URL=)
2022-10-17 16:55:40 There were 284 links that passed the next "Link Alive Check" confirmation date and time.
2022-10-17 16:55:40 [1] Confirmed the "Link Alive Check". (NextTime=1970-01-01 00:00:00 Result= URL=)
2022-10-17 16:55:40 [2] Confirmed the "Link Alive Check". (NextTime=1970-01-01 00:00:00 Result= URL=)
2022-10-17 16:55:40 [3] Confirmed the "Link Alive Check". (NextTime=1970-01-01 00:00:00 Result= URL=)
2022-10-17 16:55:41 [4] Confirmed the "Link Alive Check". (NextTime=1970-01-01 00:00:00 Result= URL=)
2022-10-17 16:55:41 [5] Confirmed the "Link Alive Check". (NextTime=1970-01-01 00:00:00 Result= URL=)
2022-10-17 17:23:11 There were 1 links that passed the next "Check SNS Count" confirmation date and time.
2022-10-17 17:23:11 [1] Confirmed the "Check SNS Count". (NextTime=2021-03-22 00:13:21 URL=https://www.amazon.co.jp/ZORTRAX-%E3%80%90%E6%AD%A3%E8%A6%8F%E4%BB%A3%E7%90%86%E5%BA%97%E3%80%91ZORTRAX-M200-3D%E3%83%97%E3%83%AA%E3%83%B3%E3%82%BF%E3%83%BC-FDM/dp/B00UWEZ8RE/ref=as_li_ss_il?ie=UTF8&#038;qid=1514638656&#038;sr=8-1&#038;keywords=zortrax+m200&#038;linkCode=li2&#038;tag=drunkar-22&#038;linkId=8b8050f533516d0f9f8e07e71693bd99)
2022-10-17 17:42:39 There were 284 links that passed the next "Link Alive Check" confirmation date and time.
2022-10-17 17:42:39 [1] Confirmed the "Link Alive Check". (NextTime=1970-01-01 00:00:00 Result= URL=)
2022-10-17 17:42:39 [2] Confirmed the "Link Alive Check". (NextTime=1970-01-01 00:00:00 Result= URL=)
2022-10-17 17:42:39 [3] Confirmed the "Link Alive Check". (NextTime=1970-01-01 00:00:00 Result= URL=)
2022-10-17 17:42:40 [4] Confirmed the "Link Alive Check". (NextTime=1970-01-01 00:00:00 Result= URL=)
2022-10-17 17:42:40 [5] Confirmed the "Link Alive Check". (NextTime=1970-01-01 00:00:00 Result= URL=)
2022-10-17 17:55:55 There were 284 links that passed the next "Link Alive Check" confirmation date and time.
2022-10-17 17:55:56 [1] Confirmed the "Link Alive Check". (NextTime=1970-01-01 00:00:00 Result= URL=)
2022-10-17 17:55:56 [2] Confirmed the "Link Alive Check". (NextTime=1970-01-01 00:00:00 Result= URL=)
2022-10-17 17:55:56 [3] Confirmed the "Link Alive Check". (NextTime=1970-01-01 00:00:00 Result= URL=)
2022-10-17 17:55:56 [4] Confirmed the "Link Alive Check". (NextTime=1970-01-01 00:00:00 Result= URL=)
2022-10-17 17:55:56 [5] Confirmed the "Link Alive Check". (NextTime=1970-01-01 00:00:00 Result= URL=)
2022-10-17 18:23:52 There were 1 links that passed the next "Check SNS Count" confirmation date and time.
2022-10-17 18:23:53 [1] Confirmed the "Check SNS Count". (NextTime=2021-04-16 10:17:04 URL=https://sekailab.com/wp/2012/11/01/c%E3%81%A7%E3%80%8C%E3%81%AF%E3%81%98%E3%82%81%E3%81%A6%E3%81%AE%E6%A9%9F%E6%A2%B0%E5%AD%A6%E7%BF%92%E3%80%8D5%E7%AB%A0)
2022-10-17 18:44:20 There were 284 links that passed the next "Link Alive Check" confirmation date and time.
2022-10-17 18:44:20 [1] Confirmed the "Link Alive Check". (NextTime=1970-01-01 00:00:00 Result= URL=)
2022-10-17 18:44:20 [2] Confirmed the "Link Alive Check". (NextTime=1970-01-01 00:00:00 Result= URL=)
2022-10-17 18:44:20 [3] Confirmed the "Link Alive Check". (NextTime=1970-01-01 00:00:00 Result= URL=)
2022-10-17 18:44:21 [4] Confirmed the "Link Alive Check". (NextTime=1970-01-01 00:00:00 Result= URL=)
2022-10-17 18:44:21 [5] Confirmed the "Link Alive Check". (NextTime=1970-01-01 00:00:00 Result= URL=)
2022-10-17 18:56:47 There were 284 links that passed the next "Link Alive Check" confirmation date and time.
2022-10-17 18:56:47 [1] Confirmed the "Link Alive Check". (NextTime=1970-01-01 00:00:00 Result= URL=)
2022-10-17 18:56:47 [2] Confirmed the "Link Alive Check". (NextTime=1970-01-01 00:00:00 Result= URL=)
2022-10-17 18:56:47 [3] Confirmed the "Link Alive Check". (NextTime=1970-01-01 00:00:00 Result= URL=)
2022-10-17 18:56:48 [4] Confirmed the "Link Alive Check". (NextTime=1970-01-01 00:00:00 Result= URL=)
2022-10-17 18:56:48 [5] Confirmed the "Link Alive Check". (NextTime=1970-01-01 00:00:00 Result= URL=)
2022-10-17 19:23:12 There were 0 links that passed the next "Check SNS Count" confirmation date and time.
2022-10-17 19:45:42 There were 284 links that passed the next "Link Alive Check" confirmation date and time.
2022-10-17 19:45:42 [1] Confirmed the "Link Alive Check". (NextTime=1970-01-01 00:00:00 Result= URL=)
2022-10-17 19:45:42 [2] Confirmed the "Link Alive Check". (NextTime=1970-01-01 00:00:00 Result= URL=)
2022-10-17 19:45:43 [3] Confirmed the "Link Alive Check". (NextTime=1970-01-01 00:00:00 Result= URL=)
2022-10-17 19:45:43 [4] Confirmed the "Link Alive Check". (NextTime=1970-01-01 00:00:00 Result= URL=)
2022-10-17 19:45:43 [5] Confirmed the "Link Alive Check". (NextTime=1970-01-01 00:00:00 Result= URL=)
2022-10-17 19:58:08 There were 284 links that passed the next "Link Alive Check" confirmation date and time.
2022-10-17 19:58:08 [1] Confirmed the "Link Alive Check". (NextTime=1970-01-01 00:00:00 Result= URL=)
2022-10-17 19:58:08 [2] Confirmed the "Link Alive Check". (NextTime=1970-01-01 00:00:00 Result= URL=)
2022-10-17 19:58:09 [3] Confirmed the "Link Alive Check". (NextTime=1970-01-01 00:00:00 Result= URL=)
2022-10-17 19:58:09 [4] Confirmed the "Link Alive Check". (NextTime=1970-01-01 00:00:00 Result= URL=)
2022-10-17 19:58:09 [5] Confirmed the "Link Alive Check". (NextTime=1970-01-01 00:00:00 Result= URL=)
2022-10-17 20:23:02 There were 0 links that passed the next "Check SNS Count" confirmation date and time.
2022-10-17 20:45:46 There were 284 links that passed the next "Link Alive Check" confirmation date and time.
2022-10-17 20:45:46 [1] Confirmed the "Link Alive Check". (NextTime=1970-01-01 00:00:00 Result= URL=)
2022-10-17 20:45:46 [2] Confirmed the "Link Alive Check". (NextTime=1970-01-01 00:00:00 Result= URL=)
2022-10-17 20:45:46 [3] Confirmed the "Link Alive Check". (NextTime=1970-01-01 00:00:00 Result= URL=)
2022-10-17 20:45:46 [4] Confirmed the "Link Alive Check". (NextTime=1970-01-01 00:00:00 Result= URL=)
2022-10-17 20:45:47 [5] Confirmed the "Link Alive Check". (NextTime=1970-01-01 00:00:00 Result= URL=)
2022-10-17 20:58:30 There were 284 links that passed the next "Link Alive Check" confirmation date and time.
2022-10-17 20:58:30 [1] Confirmed the "Link Alive Check". (NextTime=1970-01-01 00:00:00 Result= URL=)
2022-10-17 20:58:30 [2] Confirmed the "Link Alive Check". (NextTime=1970-01-01 00:00:00 Result= URL=)
2022-10-17 20:58:30 [3] Confirmed the "Link Alive Check". (NextTime=1970-01-01 00:00:00 Result= URL=)
2022-10-17 20:58:31 [4] Confirmed the "Link Alive Check". (NextTime=1970-01-01 00:00:00 Result= URL=)
2022-10-17 20:58:31 [5] Confirmed the "Link Alive Check". (NextTime=1970-01-01 00:00:00 Result= URL=)
2022-10-17 21:24:11 There were 1 links that passed the next "Check SNS Count" confirmation date and time.
2022-10-17 21:24:11 [1] Confirmed the "Check SNS Count". (NextTime=2021-03-22 10:43:45 URL=https://sekailab.com/wp/2016/07/19/python-logging/)
2022-10-17 21:46:56 There were 284 links that passed the next "Link Alive Check" confirmation date and time.
2022-10-17 21:46:56 [1] Confirmed the "Link Alive Check". (NextTime=1970-01-01 00:00:00 Result= URL=)
2022-10-17 21:46:56 [2] Confirmed the "Link Alive Check". (NextTime=1970-01-01 00:00:00 Result= URL=)
2022-10-17 21:46:56 [3] Confirmed the "Link Alive Check". (NextTime=1970-01-01 00:00:00 Result= URL=)
2022-10-17 21:46:57 [4] Confirmed the "Link Alive Check". (NextTime=1970-01-01 00:00:00 Result= URL=)
2022-10-17 21:46:57 [5] Confirmed the "Link Alive Check". (NextTime=1970-01-01 00:00:00 Result= URL=)
2022-10-17 22:00:52 There were 284 links that passed the next "Link Alive Check" confirmation date and time.
2022-10-17 22:00:52 [1] Confirmed the "Link Alive Check". (NextTime=1970-01-01 00:00:00 Result= URL=)
2022-10-17 22:00:52 [2] Confirmed the "Link Alive Check". (NextTime=1970-01-01 00:00:00 Result= URL=)
2022-10-17 22:00:52 [3] Confirmed the "Link Alive Check". (NextTime=1970-01-01 00:00:00 Result= URL=)
2022-10-17 22:00:53 [4] Confirmed the "Link Alive Check". (NextTime=1970-01-01 00:00:00 Result= URL=)
2022-10-17 22:00:53 [5] Confirmed the "Link Alive Check". (NextTime=1970-01-01 00:00:00 Result= URL=)
2022-10-17 22:24:03 There were 0 links that passed the next "Check SNS Count" confirmation date and time.
2022-10-17 22:25:46 There were 0 links that passed the next "Check SNS Count" confirmation date and time.
2022-10-17 22:47:37 There were 284 links that passed the next "Link Alive Check" confirmation date and time.
2022-10-17 22:47:37 [1] Confirmed the "Link Alive Check". (NextTime=1970-01-01 00:00:00 Result= URL=)
2022-10-17 22:47:37 [2] Confirmed the "Link Alive Check". (NextTime=1970-01-01 00:00:00 Result= URL=)
2022-10-17 22:47:38 [3] Confirmed the "Link Alive Check". (NextTime=1970-01-01 00:00:00 Result= URL=)
2022-10-17 22:47:38 [4] Confirmed the "Link Alive Check". (NextTime=1970-01-01 00:00:00 Result= URL=)
2022-10-17 22:47:38 [5] Confirmed the "Link Alive Check". (NextTime=1970-01-01 00:00:00 Result= URL=)
2022-10-17 23:00:57 There were 284 links that passed the next "Link Alive Check" confirmation date and time.
2022-10-17 23:00:57 [1] Confirmed the "Link Alive Check". (NextTime=1970-01-01 00:00:00 Result= URL=)
2022-10-17 23:00:58 [2] Confirmed the "Link Alive Check". (NextTime=1970-01-01 00:00:00 Result= URL=)
2022-10-17 23:00:58 [3] Confirmed the "Link Alive Check". (NextTime=1970-01-01 00:00:00 Result= URL=)
2022-10-17 23:00:58 [4] Confirmed the "Link Alive Check". (NextTime=1970-01-01 00:00:00 Result= URL=)
2022-10-17 23:00:58 [5] Confirmed the "Link Alive Check". (NextTime=1970-01-01 00:00:00 Result= URL=)
2022-10-17 23:24:37 There were 1 links that passed the next "Check SNS Count" confirmation date and time.
2022-10-17 23:24:37 [1] Confirmed the "Check SNS Count". (NextTime=2021-04-17 09:58:08 URL=https://www.amazon.co.jp/finum%EF%BC%88%E3%83%95%E3%82%A3%E3%83%8A%E3%83%A0%EF%BC%89-63-422-50-00-coffee-2-%E3%82%B3%E3%83%BC%E3%83%92%E3%83%BC%E3%83%A1%E3%83%BC%E3%82%AB%E3%83%BC%E7%94%A8%E3%82%B9%E3%83%86%E3%83%B3%E3%83%AC%E3%82%B9%E3%83%95%E3%82%A3%E3%83%AB%E3%82%BF%E3%83%BC%EF%BC%AD%E3%82%B5%E3%82%A4%E3%82%BA/dp/B003IHUMFA/ref=as_li_ss_il?_encoding=UTF8&#038;pd_rd_i=B003IHUMFA&#038;pd_rd_r=00fa7bca-cd02-4856-9484-e07801c6450f&#038;pd_rd_w=zzbeq&#038;pd_rd_wg=tXf4x&#038;pf_rd_p=ca22fd73-0f1e-4b39-9917-c84a20b3f3a8&#038;pf_rd_r=FKSBCX6TKWNVJPV25WSF&#038;psc=1&#038;refRID=FKSBCX6TKWNVJPV25WSF&#038;linkCode=li2&#038;tag=drunkar-22&#038;linkId=7e2610e6665c18993bc1e2ee3fa48ca6)
2022-10-17 23:48:12 There were 284 links that passed the next "Link Alive Check" confirmation date and time.
2022-10-17 23:48:12 [1] Confirmed the "Link Alive Check". (NextTime=1970-01-01 00:00:00 Result= URL=)
2022-10-17 23:48:12 [2] Confirmed the "Link Alive Check". (NextTime=1970-01-01 00:00:00 Result= URL=)
2022-10-17 23:48:13 [3] Confirmed the "Link Alive Check". (NextTime=1970-01-01 00:00:00 Result= URL=)
2022-10-17 23:48:13 [4] Confirmed the "Link Alive Check". (NextTime=1970-01-01 00:00:00 Result= URL=)
2022-10-17 23:48:13 [5] Confirmed the "Link Alive Check". (NextTime=1970-01-01 00:00:00 Result= URL=)
