2021-07-01 00:31:34 There were 282 links that passed the next "Link Alive Check" confirmation date and time.
2021-07-01 00:31:35 [1] Confirmed the "Link Alive Check". (NextTime=1970-01-01 00:00:00 Result= URL=)
2021-07-01 00:31:35 [2] Confirmed the "Link Alive Check". (NextTime=1970-01-01 00:00:00 Result= URL=)
2021-07-01 00:31:35 [3] Confirmed the "Link Alive Check". (NextTime=1970-01-01 00:00:00 Result= URL=)
2021-07-01 00:31:36 [4] Confirmed the "Link Alive Check". (NextTime=1970-01-01 00:00:00 Result= URL=)
2021-07-01 00:31:36 [5] Confirmed the "Link Alive Check". (NextTime=1970-01-01 00:00:00 Result= URL=)
2021-07-01 00:34:27 There were 4 links that passed the next "Check SNS Count" confirmation date and time.
2021-07-01 00:34:27 [1] Confirmed the "Check SNS Count". (NextTime=2021-04-17 22:34:34 URL=https://www.banggood.com/ja/XIAOMI-Mi-Pad-4-4GB64GB-CN-ROM-WiFi-Original-Box-Snapdragon-660-8-Inch-Tablet-PC-Black-p-1414015.html?p=K226105168701201606R&#038;custlinkid=129858)
2021-07-01 00:34:28 [2] Confirmed the "Check SNS Count". (NextTime=2021-04-15 08:45:47 URL=https://sekailab.com/wp/2015/11/02/lstm-general-responce-bot)
2021-07-01 00:34:28 [3] Confirmed the "Check SNS Count". (NextTime=2021-03-26 12:07:04 URL=https://developer.nvidia.com/cuda/wsl)
2021-07-01 00:34:28 [4] Confirmed the "Check SNS Count". (NextTime=2021-03-27 01:59:09 URL=https://forum.nem.io/t/nem-supernode-rewards-program/1735)
2021-07-01 00:50:48 There were 282 links that passed the next "Link Alive Check" confirmation date and time.
2021-07-01 00:50:48 [1] Confirmed the "Link Alive Check". (NextTime=1970-01-01 00:00:00 Result= URL=)
2021-07-01 00:50:48 [2] Confirmed the "Link Alive Check". (NextTime=1970-01-01 00:00:00 Result= URL=)
2021-07-01 00:50:49 [3] Confirmed the "Link Alive Check". (NextTime=1970-01-01 00:00:00 Result= URL=)
2021-07-01 00:50:49 [4] Confirmed the "Link Alive Check". (NextTime=1970-01-01 00:00:00 Result= URL=)
2021-07-01 00:50:49 [5] Confirmed the "Link Alive Check". (NextTime=1970-01-01 00:00:00 Result= URL=)
2021-07-01 01:31:51 There were 282 links that passed the next "Link Alive Check" confirmation date and time.
2021-07-01 01:31:51 [1] Confirmed the "Link Alive Check". (NextTime=1970-01-01 00:00:00 Result= URL=)
2021-07-01 01:31:52 [2] Confirmed the "Link Alive Check". (NextTime=1970-01-01 00:00:00 Result= URL=)
2021-07-01 01:31:52 [3] Confirmed the "Link Alive Check". (NextTime=1970-01-01 00:00:00 Result= URL=)
2021-07-01 01:31:52 [4] Confirmed the "Link Alive Check". (NextTime=1970-01-01 00:00:00 Result= URL=)
2021-07-01 01:31:52 [5] Confirmed the "Link Alive Check". (NextTime=1970-01-01 00:00:00 Result= URL=)
2021-07-01 01:34:12 There were 0 links that passed the next "Check SNS Count" confirmation date and time.
2021-07-01 01:51:18 There were 282 links that passed the next "Link Alive Check" confirmation date and time.
2021-07-01 01:51:18 [1] Confirmed the "Link Alive Check". (NextTime=1970-01-01 00:00:00 Result= URL=)
2021-07-01 01:51:19 [2] Confirmed the "Link Alive Check". (NextTime=1970-01-01 00:00:00 Result= URL=)
2021-07-01 01:51:19 [3] Confirmed the "Link Alive Check". (NextTime=1970-01-01 00:00:00 Result= URL=)
2021-07-01 01:51:19 [4] Confirmed the "Link Alive Check". (NextTime=1970-01-01 00:00:00 Result= URL=)
2021-07-01 01:51:20 [5] Confirmed the "Link Alive Check". (NextTime=1970-01-01 00:00:00 Result= URL=)
2021-07-01 02:06:34 There were 282 links that passed the next "Link Alive Check" confirmation date and time.
2021-07-01 02:06:34 [1] Confirmed the "Link Alive Check". (NextTime=1970-01-01 00:00:00 Result= URL=)
2021-07-01 02:06:35 [2] Confirmed the "Link Alive Check". (NextTime=1970-01-01 00:00:00 Result= URL=)
2021-07-01 02:06:35 [3] Confirmed the "Link Alive Check". (NextTime=1970-01-01 00:00:00 Result= URL=)
2021-07-01 02:06:35 [4] Confirmed the "Link Alive Check". (NextTime=1970-01-01 00:00:00 Result= URL=)
2021-07-01 02:06:36 [5] Confirmed the "Link Alive Check". (NextTime=1970-01-01 00:00:00 Result= URL=)
2021-07-01 02:32:52 There were 283 links that passed the next "Link Alive Check" confirmation date and time.
2021-07-01 02:32:52 [1] Confirmed the "Link Alive Check". (NextTime=1970-01-01 00:00:00 Result= URL=)
2021-07-01 02:32:52 [2] Confirmed the "Link Alive Check". (NextTime=1970-01-01 00:00:00 Result= URL=)
2021-07-01 02:32:53 [3] Confirmed the "Link Alive Check". (NextTime=1970-01-01 00:00:00 Result= URL=)
2021-07-01 02:32:53 [4] Confirmed the "Link Alive Check". (NextTime=1970-01-01 00:00:00 Result= URL=)
2021-07-01 02:32:53 [5] Confirmed the "Link Alive Check". (NextTime=1970-01-01 00:00:00 Result= URL=)
2021-07-01 02:34:09 There were 2 links that passed the next "Check SNS Count" confirmation date and time.
2021-07-01 02:34:10 [1] Confirmed the "Check SNS Count". (NextTime=2021-04-14 22:22:27 URL=https://www.thingiverse.com/thing:3283620)
2021-07-01 02:34:10 [2] Confirmed the "Check SNS Count". (NextTime=2021-03-21 06:01:15 URL=https://www.banggood.com/RunCam-Nano-2-13-700TVL-1_8mm2_1mm-FOV-155170-Degree-CMOS-FPV-Camera-for-FPV-RC-Drone-p-1469656.html?p=K226105168701201606R)
2021-07-01 02:51:50 There were 283 links that passed the next "Link Alive Check" confirmation date and time.
2021-07-01 02:51:51 [1] Confirmed the "Link Alive Check". (NextTime=1970-01-01 00:00:00 Result= URL=)
2021-07-01 02:51:51 [2] Confirmed the "Link Alive Check". (NextTime=1970-01-01 00:00:00 Result= URL=)
2021-07-01 02:51:51 [3] Confirmed the "Link Alive Check". (NextTime=1970-01-01 00:00:00 Result= URL=)
2021-07-01 02:51:52 [4] Confirmed the "Link Alive Check". (NextTime=1970-01-01 00:00:00 Result= URL=)
2021-07-01 02:51:52 [5] Confirmed the "Link Alive Check". (NextTime=1970-01-01 00:00:00 Result= URL=)
2021-07-01 03:07:14 There were 283 links that passed the next "Link Alive Check" confirmation date and time.
2021-07-01 03:07:14 [1] Confirmed the "Link Alive Check". (NextTime=1970-01-01 00:00:00 Result= URL=)
2021-07-01 03:07:14 [2] Confirmed the "Link Alive Check". (NextTime=1970-01-01 00:00:00 Result= URL=)
2021-07-01 03:07:15 [3] Confirmed the "Link Alive Check". (NextTime=1970-01-01 00:00:00 Result= URL=)
2021-07-01 03:07:15 [4] Confirmed the "Link Alive Check". (NextTime=1970-01-01 00:00:00 Result= URL=)
2021-07-01 03:07:15 [5] Confirmed the "Link Alive Check". (NextTime=1970-01-01 00:00:00 Result= URL=)
2021-07-01 03:35:38 There were 283 links that passed the next "Link Alive Check" confirmation date and time.
2021-07-01 03:35:39 [1] Confirmed the "Link Alive Check". (NextTime=1970-01-01 00:00:00 Result= URL=)
2021-07-01 03:35:39 [2] Confirmed the "Link Alive Check". (NextTime=1970-01-01 00:00:00 Result= URL=)
2021-07-01 03:35:39 [3] Confirmed the "Link Alive Check". (NextTime=1970-01-01 00:00:00 Result= URL=)
2021-07-01 03:35:39 [4] Confirmed the "Link Alive Check". (NextTime=1970-01-01 00:00:00 Result= URL=)
2021-07-01 03:35:40 [5] Confirmed the "Link Alive Check". (NextTime=1970-01-01 00:00:00 Result= URL=)
2021-07-01 03:35:40 There were 3 links that passed the next "Check SNS Count" confirmation date and time.
2021-07-01 03:35:40 [1] Confirmed the "Check SNS Count". (NextTime=2021-04-16 01:38:22 URL=https://sekailab.com/wp/2012/10/27/c%E3%81%A7%E3%80%8C%E3%81%AF%E3%81%98%E3%82%81%E3%81%A6%E3%81%AE%E6%A9%9F%E6%A2%B0%E5%AD%A6%E7%BF%92%E3%80%8D4%E7%AB%A0)
2021-07-01 03:35:41 [2] Confirmed the "Check SNS Count". (NextTime=2021-04-14 15:52:39 URL=https://sekailab.com/wp/2018/08/11/sakura-vps-nem-supernode-3)
2021-07-01 03:35:41 [3] Confirmed the "Check SNS Count". (NextTime=2021-03-26 03:29:39 URL=https://www.amazon.co.jp/aceyoon-%E3%82%BF%E3%83%96%E3%83%AC%E3%83%83%E3%83%88%E3%82%B9%E3%82%BF%E3%83%B3%E3%83%89-4-13%E3%82%A4%E3%83%B3%E3%83%81-%E3%82%B9%E3%83%9E%E3%83%9B%E3%82%B9%E3%82%BF%E3%83%B3%E3%83%89-%E3%82%BF%E3%83%96%E3%83%AC%E3%83%83%E3%83%88%E3%81%AB%E5%AF%BE%E5%BF%9C/dp/B07GZJPW7D/ref=as_li_ss_il?_encoding=UTF8&#038;pd_rd_i=B07GZJPW7D&#038;pd_rd_r=69ac8820-a8ba-4bfe-9fd4-48a8068f1240&#038;pd_rd_w=2EwEV&#038;pd_rd_wg=bOs7O&#038;pf_rd_p=587b16be-0f5e-4017-ba4e-8771a0be2909&#038;pf_rd_r=JEZEJVFX37T038S9MCT6&#038;psc=1&#038;refRID=JEZEJVFX37T038S9MCT6&#038;linkCode=li2&#038;tag=drunkar-22&#038;linkId=529300a58525bc616e80a33d50eb1446&#038;language=ja_JP)
2021-07-01 03:53:53 There were 283 links that passed the next "Link Alive Check" confirmation date and time.
2021-07-01 03:53:53 [1] Confirmed the "Link Alive Check". (NextTime=1970-01-01 00:00:00 Result= URL=)
2021-07-01 03:53:54 [2] Confirmed the "Link Alive Check". (NextTime=1970-01-01 00:00:00 Result= URL=)
2021-07-01 03:53:54 [3] Confirmed the "Link Alive Check". (NextTime=1970-01-01 00:00:00 Result= URL=)
2021-07-01 03:53:54 [4] Confirmed the "Link Alive Check". (NextTime=1970-01-01 00:00:00 Result= URL=)
2021-07-01 03:53:55 [5] Confirmed the "Link Alive Check". (NextTime=1970-01-01 00:00:00 Result= URL=)
2021-07-01 04:07:35 There were 283 links that passed the next "Link Alive Check" confirmation date and time.
2021-07-01 04:07:36 [1] Confirmed the "Link Alive Check". (NextTime=1970-01-01 00:00:00 Result= URL=)
2021-07-01 04:07:36 [2] Confirmed the "Link Alive Check". (NextTime=1970-01-01 00:00:00 Result= URL=)
2021-07-01 04:07:36 [3] Confirmed the "Link Alive Check". (NextTime=1970-01-01 00:00:00 Result= URL=)
2021-07-01 04:07:37 [4] Confirmed the "Link Alive Check". (NextTime=1970-01-01 00:00:00 Result= URL=)
2021-07-01 04:07:37 [5] Confirmed the "Link Alive Check". (NextTime=1970-01-01 00:00:00 Result= URL=)
2021-07-01 04:34:21 There were 4 links that passed the next "Check SNS Count" confirmation date and time.
2021-07-01 04:34:21 [1] Confirmed the "Check SNS Count". (NextTime=2021-03-23 19:07:00 URL=https://www.amazon.co.jp/%E3%81%AF%E3%81%98%E3%82%81%E3%81%A6%E3%81%AE%E6%A9%9F%E6%A2%B0%E5%AD%A6%E7%BF%92-%E5%B0%8F%E9%AB%98-%E7%9F%A5%E5%AE%8F/dp/4274068463/ref=as_li_ss_il?s=books&#038;ie=UTF8&#038;qid=1516557616&#038;sr=1-1&#038;keywords=%E3%81%AF%E3%81%98%E3%82%81%E3%81%A6%E3%81%AE%E6%A9%9F%E6%A2%B0%E5%AD%A6%E7%BF%92&#038;linkCode=li2&#038;tag=drunkar-22&#038;linkId=6695be54c6a85bf00717196c8fe85cea)
2021-07-01 04:34:21 [2] Confirmed the "Check SNS Count". (NextTime=2021-04-15 11:44:32 URL=https://sekailab.com/wp/2018/01/12/15w-chinese-laser-cutter-3)
2021-07-01 04:34:21 [3] Confirmed the "Check SNS Count". (NextTime=2021-04-07 02:02:59 URL=https://www.madopro.net/entry/t2t_seq2seq)
2021-07-01 04:34:21 [4] Confirmed the "Check SNS Count". (NextTime=2021-03-21 15:31:15 URL=https://qiita.com/TomokIshii/items/95c49d5e86f2eae61720)
2021-07-01 04:36:35 There were 283 links that passed the next "Link Alive Check" confirmation date and time.
2021-07-01 04:36:35 [1] Confirmed the "Link Alive Check". (NextTime=1970-01-01 00:00:00 Result= URL=)
2021-07-01 04:36:35 [2] Confirmed the "Link Alive Check". (NextTime=1970-01-01 00:00:00 Result= URL=)
2021-07-01 04:36:36 [3] Confirmed the "Link Alive Check". (NextTime=1970-01-01 00:00:00 Result= URL=)
2021-07-01 04:36:36 [4] Confirmed the "Link Alive Check". (NextTime=1970-01-01 00:00:00 Result= URL=)
2021-07-01 04:36:36 [5] Confirmed the "Link Alive Check". (NextTime=1970-01-01 00:00:00 Result= URL=)
2021-07-01 04:54:29 There were 283 links that passed the next "Link Alive Check" confirmation date and time.
2021-07-01 04:54:30 [1] Confirmed the "Link Alive Check". (NextTime=1970-01-01 00:00:00 Result= URL=)
2021-07-01 04:54:30 [2] Confirmed the "Link Alive Check". (NextTime=1970-01-01 00:00:00 Result= URL=)
2021-07-01 04:54:30 [3] Confirmed the "Link Alive Check". (NextTime=1970-01-01 00:00:00 Result= URL=)
2021-07-01 04:54:31 [4] Confirmed the "Link Alive Check". (NextTime=1970-01-01 00:00:00 Result= URL=)
2021-07-01 04:54:31 [5] Confirmed the "Link Alive Check". (NextTime=1970-01-01 00:00:00 Result= URL=)
2021-07-01 05:07:51 There were 283 links that passed the next "Link Alive Check" confirmation date and time.
2021-07-01 05:07:52 [1] Confirmed the "Link Alive Check". (NextTime=1970-01-01 00:00:00 Result= URL=)
2021-07-01 05:07:52 [2] Confirmed the "Link Alive Check". (NextTime=1970-01-01 00:00:00 Result= URL=)
2021-07-01 05:07:52 [3] Confirmed the "Link Alive Check". (NextTime=1970-01-01 00:00:00 Result= URL=)
2021-07-01 05:07:53 [4] Confirmed the "Link Alive Check". (NextTime=1970-01-01 00:00:00 Result= URL=)
2021-07-01 05:07:53 [5] Confirmed the "Link Alive Check". (NextTime=1970-01-01 00:00:00 Result= URL=)
2021-07-01 05:35:15 There were 1 links that passed the next "Check SNS Count" confirmation date and time.
2021-07-01 05:35:15 [1] Confirmed the "Check SNS Count". (NextTime=2021-03-24 06:32:18 URL=https://sekailab.com/wp/2018/01/13/15w-chinese-laser-cutter-4/)
2021-07-01 05:36:56 There were 283 links that passed the next "Link Alive Check" confirmation date and time.
2021-07-01 05:36:57 [1] Confirmed the "Link Alive Check". (NextTime=1970-01-01 00:00:00 Result= URL=)
2021-07-01 05:36:57 [2] Confirmed the "Link Alive Check". (NextTime=1970-01-01 00:00:00 Result= URL=)
2021-07-01 05:36:58 [3] Confirmed the "Link Alive Check". (NextTime=1970-01-01 00:00:00 Result= URL=)
2021-07-01 05:36:58 [4] Confirmed the "Link Alive Check". (NextTime=1970-01-01 00:00:00 Result= URL=)
2021-07-01 05:36:58 [5] Confirmed the "Link Alive Check". (NextTime=1970-01-01 00:00:00 Result= URL=)
2021-07-01 05:55:13 There were 283 links that passed the next "Link Alive Check" confirmation date and time.
2021-07-01 05:55:13 [1] Confirmed the "Link Alive Check". (NextTime=1970-01-01 00:00:00 Result= URL=)
2021-07-01 05:55:14 [2] Confirmed the "Link Alive Check". (NextTime=1970-01-01 00:00:00 Result= URL=)
2021-07-01 05:55:14 [3] Confirmed the "Link Alive Check". (NextTime=1970-01-01 00:00:00 Result= URL=)
2021-07-01 05:55:14 [4] Confirmed the "Link Alive Check". (NextTime=1970-01-01 00:00:00 Result= URL=)
2021-07-01 05:55:15 [5] Confirmed the "Link Alive Check". (NextTime=1970-01-01 00:00:00 Result= URL=)
2021-07-01 06:08:33 There were 283 links that passed the next "Link Alive Check" confirmation date and time.
2021-07-01 06:08:33 [1] Confirmed the "Link Alive Check". (NextTime=1970-01-01 00:00:00 Result= URL=)
2021-07-01 06:08:33 [2] Confirmed the "Link Alive Check". (NextTime=1970-01-01 00:00:00 Result= URL=)
2021-07-01 06:08:34 [3] Confirmed the "Link Alive Check". (NextTime=1970-01-01 00:00:00 Result= URL=)
2021-07-01 06:08:34 [4] Confirmed the "Link Alive Check". (NextTime=1970-01-01 00:00:00 Result= URL=)
2021-07-01 06:08:34 [5] Confirmed the "Link Alive Check". (NextTime=1970-01-01 00:00:00 Result= URL=)
2021-07-01 06:34:06 There were 0 links that passed the next "Check SNS Count" confirmation date and time.
2021-07-01 06:36:58 There were 283 links that passed the next "Link Alive Check" confirmation date and time.
2021-07-01 06:36:59 [1] Confirmed the "Link Alive Check". (NextTime=1970-01-01 00:00:00 Result= URL=)
2021-07-01 06:36:59 [2] Confirmed the "Link Alive Check". (NextTime=1970-01-01 00:00:00 Result= URL=)
2021-07-01 06:36:59 [3] Confirmed the "Link Alive Check". (NextTime=1970-01-01 00:00:00 Result= URL=)
2021-07-01 06:37:00 [4] Confirmed the "Link Alive Check". (NextTime=1970-01-01 00:00:00 Result= URL=)
2021-07-01 06:37:00 [5] Confirmed the "Link Alive Check". (NextTime=1970-01-01 00:00:00 Result= URL=)
2021-07-01 06:56:19 There were 283 links that passed the next "Link Alive Check" confirmation date and time.
2021-07-01 06:56:19 [1] Confirmed the "Link Alive Check". (NextTime=1970-01-01 00:00:00 Result= URL=)
2021-07-01 06:56:20 [2] Confirmed the "Link Alive Check". (NextTime=1970-01-01 00:00:00 Result= URL=)
2021-07-01 06:56:20 [3] Confirmed the "Link Alive Check". (NextTime=1970-01-01 00:00:00 Result= URL=)
2021-07-01 06:56:20 [4] Confirmed the "Link Alive Check". (NextTime=1970-01-01 00:00:00 Result= URL=)
2021-07-01 06:56:21 [5] Confirmed the "Link Alive Check". (NextTime=1970-01-01 00:00:00 Result= URL=)
2021-07-01 07:09:15 There were 283 links that passed the next "Link Alive Check" confirmation date and time.
2021-07-01 07:09:15 [1] Confirmed the "Link Alive Check". (NextTime=1970-01-01 00:00:00 Result= URL=)
2021-07-01 07:09:16 [2] Confirmed the "Link Alive Check". (NextTime=1970-01-01 00:00:00 Result= URL=)
2021-07-01 07:09:16 [3] Confirmed the "Link Alive Check". (NextTime=1970-01-01 00:00:00 Result= URL=)
2021-07-01 07:09:16 [4] Confirmed the "Link Alive Check". (NextTime=1970-01-01 00:00:00 Result= URL=)
2021-07-01 07:09:17 [5] Confirmed the "Link Alive Check". (NextTime=1970-01-01 00:00:00 Result= URL=)
2021-07-01 07:35:25 There were 3 links that passed the next "Check SNS Count" confirmation date and time.
2021-07-01 07:35:25 [1] Confirmed the "Check SNS Count". (NextTime=2021-04-08 17:49:18 URL=https://www.kamiapp.com)
2021-07-01 07:35:26 [2] Confirmed the "Check SNS Count". (NextTime=2021-04-15 04:30:30 URL=https://sekailab.com/wp/2013/07/29/interaction-wit-massan)
2021-07-01 07:35:26 [3] Confirmed the "Check SNS Count". (NextTime=2021-04-05 01:16:25 URL=https://sekailab.com/wp/2019/02/06/rtx2080ti-i9-9900k-failure-mother-dram/)
2021-07-01 07:37:51 There were 283 links that passed the next "Link Alive Check" confirmation date and time.
2021-07-01 07:37:52 [1] Confirmed the "Link Alive Check". (NextTime=1970-01-01 00:00:00 Result= URL=)
2021-07-01 07:37:52 [2] Confirmed the "Link Alive Check". (NextTime=1970-01-01 00:00:00 Result= URL=)
2021-07-01 07:37:52 [3] Confirmed the "Link Alive Check". (NextTime=1970-01-01 00:00:00 Result= URL=)
2021-07-01 07:37:53 [4] Confirmed the "Link Alive Check". (NextTime=1970-01-01 00:00:00 Result= URL=)
2021-07-01 07:37:53 [5] Confirmed the "Link Alive Check". (NextTime=1970-01-01 00:00:00 Result= URL=)
2021-07-01 07:57:34 There were 283 links that passed the next "Link Alive Check" confirmation date and time.
2021-07-01 07:57:34 [1] Confirmed the "Link Alive Check". (NextTime=1970-01-01 00:00:00 Result= URL=)
2021-07-01 07:57:34 [2] Confirmed the "Link Alive Check". (NextTime=1970-01-01 00:00:00 Result= URL=)
2021-07-01 07:57:35 [3] Confirmed the "Link Alive Check". (NextTime=1970-01-01 00:00:00 Result= URL=)
2021-07-01 07:57:35 [4] Confirmed the "Link Alive Check". (NextTime=1970-01-01 00:00:00 Result= URL=)
2021-07-01 07:57:35 [5] Confirmed the "Link Alive Check". (NextTime=1970-01-01 00:00:00 Result= URL=)
2021-07-01 08:09:34 There were 283 links that passed the next "Link Alive Check" confirmation date and time.
2021-07-01 08:09:34 [1] Confirmed the "Link Alive Check". (NextTime=1970-01-01 00:00:00 Result= URL=)
2021-07-01 08:09:34 [2] Confirmed the "Link Alive Check". (NextTime=1970-01-01 00:00:00 Result= URL=)
2021-07-01 08:09:35 [3] Confirmed the "Link Alive Check". (NextTime=1970-01-01 00:00:00 Result= URL=)
2021-07-01 08:09:35 [4] Confirmed the "Link Alive Check". (NextTime=1970-01-01 00:00:00 Result= URL=)
2021-07-01 08:09:35 [5] Confirmed the "Link Alive Check". (NextTime=1970-01-01 00:00:00 Result= URL=)
2021-07-01 08:34:32 There were 1 links that passed the next "Check SNS Count" confirmation date and time.
2021-07-01 08:34:32 [1] Confirmed the "Check SNS Count". (NextTime=2021-04-14 22:59:04 URL=https://sekailab.com/wp/2018/11/29/chongqing-mansion-currency-exchange)
2021-07-01 08:40:02 There were 283 links that passed the next "Link Alive Check" confirmation date and time.
2021-07-01 08:40:02 [1] Confirmed the "Link Alive Check". (NextTime=1970-01-01 00:00:00 Result= URL=)
2021-07-01 08:40:02 [2] Confirmed the "Link Alive Check". (NextTime=1970-01-01 00:00:00 Result= URL=)
2021-07-01 08:40:02 [3] Confirmed the "Link Alive Check". (NextTime=1970-01-01 00:00:00 Result= URL=)
2021-07-01 08:40:03 [4] Confirmed the "Link Alive Check". (NextTime=1970-01-01 00:00:00 Result= URL=)
2021-07-01 08:40:03 [5] Confirmed the "Link Alive Check". (NextTime=1970-01-01 00:00:00 Result= URL=)
2021-07-01 09:00:05 There were 283 links that passed the next "Link Alive Check" confirmation date and time.
2021-07-01 09:00:06 [1] Confirmed the "Link Alive Check". (NextTime=1970-01-01 00:00:00 Result= URL=)
2021-07-01 09:00:06 [2] Confirmed the "Link Alive Check". (NextTime=1970-01-01 00:00:00 Result= URL=)
2021-07-01 09:00:07 [3] Confirmed the "Link Alive Check". (NextTime=1970-01-01 00:00:00 Result= URL=)
2021-07-01 09:00:07 [4] Confirmed the "Link Alive Check". (NextTime=1970-01-01 00:00:00 Result= URL=)
2021-07-01 09:00:07 [5] Confirmed the "Link Alive Check". (NextTime=1970-01-01 00:00:00 Result= URL=)
2021-07-01 09:10:13 There were 283 links that passed the next "Link Alive Check" confirmation date and time.
2021-07-01 09:10:14 [1] Confirmed the "Link Alive Check". (NextTime=1970-01-01 00:00:00 Result= URL=)
2021-07-01 09:10:14 [2] Confirmed the "Link Alive Check". (NextTime=1970-01-01 00:00:00 Result= URL=)
2021-07-01 09:10:14 [3] Confirmed the "Link Alive Check". (NextTime=1970-01-01 00:00:00 Result= URL=)
2021-07-01 09:10:15 [4] Confirmed the "Link Alive Check". (NextTime=1970-01-01 00:00:00 Result= URL=)
2021-07-01 09:10:15 [5] Confirmed the "Link Alive Check". (NextTime=1970-01-01 00:00:00 Result= URL=)
2021-07-01 09:34:29 There were 2 links that passed the next "Check SNS Count" confirmation date and time.
2021-07-01 09:34:29 [1] Confirmed the "Check SNS Count". (NextTime=2021-03-25 03:48:57 URL=http://yamada.daiji.ro/blog/?p=382)
2021-07-01 09:34:30 [2] Confirmed the "Check SNS Count". (NextTime=2021-04-14 20:57:27 URL=https://sekailab.com/wp/2018/01/06/15w-chinese-laser-cutter-2)
2021-07-01 09:40:37 There were 283 links that passed the next "Link Alive Check" confirmation date and time.
2021-07-01 09:40:37 [1] Confirmed the "Link Alive Check". (NextTime=1970-01-01 00:00:00 Result= URL=)
2021-07-01 09:40:38 [2] Confirmed the "Link Alive Check". (NextTime=1970-01-01 00:00:00 Result= URL=)
2021-07-01 09:40:38 [3] Confirmed the "Link Alive Check". (NextTime=1970-01-01 00:00:00 Result= URL=)
2021-07-01 09:40:38 [4] Confirmed the "Link Alive Check". (NextTime=1970-01-01 00:00:00 Result= URL=)
2021-07-01 09:40:39 [5] Confirmed the "Link Alive Check". (NextTime=1970-01-01 00:00:00 Result= URL=)
2021-07-01 10:00:18 There were 283 links that passed the next "Link Alive Check" confirmation date and time.
2021-07-01 10:00:18 [1] Confirmed the "Link Alive Check". (NextTime=1970-01-01 00:00:00 Result= URL=)
2021-07-01 10:00:19 [2] Confirmed the "Link Alive Check". (NextTime=1970-01-01 00:00:00 Result= URL=)
2021-07-01 10:00:19 [3] Confirmed the "Link Alive Check". (NextTime=1970-01-01 00:00:00 Result= URL=)
2021-07-01 10:00:19 [4] Confirmed the "Link Alive Check". (NextTime=1970-01-01 00:00:00 Result= URL=)
2021-07-01 10:00:20 [5] Confirmed the "Link Alive Check". (NextTime=1970-01-01 00:00:00 Result= URL=)
2021-07-01 10:10:27 There were 283 links that passed the next "Link Alive Check" confirmation date and time.
2021-07-01 10:10:27 [1] Confirmed the "Link Alive Check". (NextTime=1970-01-01 00:00:00 Result= URL=)
2021-07-01 10:10:27 [2] Confirmed the "Link Alive Check". (NextTime=1970-01-01 00:00:00 Result= URL=)
2021-07-01 10:10:27 [3] Confirmed the "Link Alive Check". (NextTime=1970-01-01 00:00:00 Result= URL=)
2021-07-01 10:10:28 [4] Confirmed the "Link Alive Check". (NextTime=1970-01-01 00:00:00 Result= URL=)
2021-07-01 10:10:28 [5] Confirmed the "Link Alive Check". (NextTime=1970-01-01 00:00:00 Result= URL=)
2021-07-01 10:35:22 There were 1 links that passed the next "Check SNS Count" confirmation date and time.
2021-07-01 10:35:22 [1] Confirmed the "Check SNS Count". (NextTime=2021-04-10 11:40:03 URL=https://www.banggood.com/IRangeX-iRX-IR8M-2_4G-8CH-Multi-Protocol-Transmitter-With-PPM-S_BUS-Mini-Receiver-p-1226058.html?p=K226105168701201606R&#038;custlinkid=78514)
2021-07-01 10:41:20 There were 283 links that passed the next "Link Alive Check" confirmation date and time.
2021-07-01 10:41:20 [1] Confirmed the "Link Alive Check". (NextTime=1970-01-01 00:00:00 Result= URL=)
2021-07-01 10:41:21 [2] Confirmed the "Link Alive Check". (NextTime=1970-01-01 00:00:00 Result= URL=)
2021-07-01 10:41:21 [3] Confirmed the "Link Alive Check". (NextTime=1970-01-01 00:00:00 Result= URL=)
2021-07-01 10:41:21 [4] Confirmed the "Link Alive Check". (NextTime=1970-01-01 00:00:00 Result= URL=)
2021-07-01 10:41:21 [5] Confirmed the "Link Alive Check". (NextTime=1970-01-01 00:00:00 Result= URL=)
2021-07-01 11:04:05 There were 283 links that passed the next "Link Alive Check" confirmation date and time.
2021-07-01 11:04:05 [1] Confirmed the "Link Alive Check". (NextTime=1970-01-01 00:00:00 Result= URL=)
2021-07-01 11:04:06 [2] Confirmed the "Link Alive Check". (NextTime=1970-01-01 00:00:00 Result= URL=)
2021-07-01 11:04:06 [3] Confirmed the "Link Alive Check". (NextTime=1970-01-01 00:00:00 Result= URL=)
2021-07-01 11:04:06 [4] Confirmed the "Link Alive Check". (NextTime=1970-01-01 00:00:00 Result= URL=)
2021-07-01 11:04:07 [5] Confirmed the "Link Alive Check". (NextTime=1970-01-01 00:00:00 Result= URL=)
2021-07-01 11:05:13 There were 283 links that passed the next "Link Alive Check" confirmation date and time.
2021-07-01 11:05:13 [1] Confirmed the "Link Alive Check". (NextTime=1970-01-01 00:00:00 Result= URL=)
2021-07-01 11:05:13 [2] Confirmed the "Link Alive Check". (NextTime=1970-01-01 00:00:00 Result= URL=)
2021-07-01 11:05:13 [3] Confirmed the "Link Alive Check". (NextTime=1970-01-01 00:00:00 Result= URL=)
2021-07-01 11:05:13 [4] Confirmed the "Link Alive Check". (NextTime=1970-01-01 00:00:00 Result= URL=)
2021-07-01 11:05:13 [5] Confirmed the "Link Alive Check". (NextTime=1970-01-01 00:00:00 Result= URL=)
2021-07-01 11:10:48 There were 283 links that passed the next "Link Alive Check" confirmation date and time.
2021-07-01 11:10:48 [1] Confirmed the "Link Alive Check". (NextTime=1970-01-01 00:00:00 Result= URL=)
2021-07-01 11:10:48 [2] Confirmed the "Link Alive Check". (NextTime=1970-01-01 00:00:00 Result= URL=)
2021-07-01 11:10:49 [3] Confirmed the "Link Alive Check". (NextTime=1970-01-01 00:00:00 Result= URL=)
2021-07-01 11:10:49 [4] Confirmed the "Link Alive Check". (NextTime=1970-01-01 00:00:00 Result= URL=)
2021-07-01 11:10:49 [5] Confirmed the "Link Alive Check". (NextTime=1970-01-01 00:00:00 Result= URL=)
2021-07-01 11:34:09 There were 2 links that passed the next "Check SNS Count" confirmation date and time.
2021-07-01 11:34:09 [1] Confirmed the "Check SNS Count". (NextTime=2021-04-16 02:20:40 URL=https://sekailab.com/wp/2018/02/03/watch-process-to-send-gmail-with-python3)
2021-07-01 11:34:09 [2] Confirmed the "Check SNS Count". (NextTime=2021-03-22 13:10:32 URL=https://www.banggood.com/Lenovo-Watch-9-Smart-Watch-Sapphire-Glass-5ATM-Sleep-Monitor-Remote-Camera-Constellation-Edition-p-1397778.html?p=K226105168701201606R)
2021-07-01 11:41:27 There were 283 links that passed the next "Link Alive Check" confirmation date and time.
2021-07-01 11:41:28 [1] Confirmed the "Link Alive Check". (NextTime=1970-01-01 00:00:00 Result= URL=)
2021-07-01 11:41:28 [2] Confirmed the "Link Alive Check". (NextTime=1970-01-01 00:00:00 Result= URL=)
2021-07-01 11:41:28 [3] Confirmed the "Link Alive Check". (NextTime=1970-01-01 00:00:00 Result= URL=)
2021-07-01 11:41:29 [4] Confirmed the "Link Alive Check". (NextTime=1970-01-01 00:00:00 Result= URL=)
2021-07-01 11:41:29 [5] Confirmed the "Link Alive Check". (NextTime=1970-01-01 00:00:00 Result= URL=)
2021-07-01 12:05:22 There were 283 links that passed the next "Link Alive Check" confirmation date and time.
2021-07-01 12:05:22 [1] Confirmed the "Link Alive Check". (NextTime=1970-01-01 00:00:00 Result= URL=)
2021-07-01 12:05:22 [2] Confirmed the "Link Alive Check". (NextTime=1970-01-01 00:00:00 Result= URL=)
2021-07-01 12:05:23 [3] Confirmed the "Link Alive Check". (NextTime=1970-01-01 00:00:00 Result= URL=)
2021-07-01 12:05:23 [4] Confirmed the "Link Alive Check". (NextTime=1970-01-01 00:00:00 Result= URL=)
2021-07-01 12:05:23 [5] Confirmed the "Link Alive Check". (NextTime=1970-01-01 00:00:00 Result= URL=)
2021-07-01 12:34:22 There were 0 links that passed the next "Check SNS Count" confirmation date and time.
2021-07-01 12:41:40 There were 283 links that passed the next "Link Alive Check" confirmation date and time.
2021-07-01 12:41:40 [1] Confirmed the "Link Alive Check". (NextTime=1970-01-01 00:00:00 Result= URL=)
2021-07-01 12:41:40 [2] Confirmed the "Link Alive Check". (NextTime=1970-01-01 00:00:00 Result= URL=)
2021-07-01 12:41:41 [3] Confirmed the "Link Alive Check". (NextTime=1970-01-01 00:00:00 Result= URL=)
2021-07-01 12:41:41 [4] Confirmed the "Link Alive Check". (NextTime=1970-01-01 00:00:00 Result= URL=)
2021-07-01 12:41:41 [5] Confirmed the "Link Alive Check". (NextTime=1970-01-01 00:00:00 Result= URL=)
2021-07-01 13:06:36 There were 283 links that passed the next "Link Alive Check" confirmation date and time.
2021-07-01 13:06:37 [1] Confirmed the "Link Alive Check". (NextTime=1970-01-01 00:00:00 Result= URL=)
2021-07-01 13:06:37 [2] Confirmed the "Link Alive Check". (NextTime=1970-01-01 00:00:00 Result= URL=)
2021-07-01 13:06:37 [3] Confirmed the "Link Alive Check". (NextTime=1970-01-01 00:00:00 Result= URL=)
2021-07-01 13:06:37 [4] Confirmed the "Link Alive Check". (NextTime=1970-01-01 00:00:00 Result= URL=)
2021-07-01 13:06:38 [5] Confirmed the "Link Alive Check". (NextTime=1970-01-01 00:00:00 Result= URL=)
2021-07-01 13:35:40 There were 2 links that passed the next "Check SNS Count" confirmation date and time.
2021-07-01 13:35:41 [1] Confirmed the "Check SNS Count". (NextTime=2021-04-15 07:51:20 URL=https://sekailab.com/wp/2019/03/23/white-powder-for-your-health)
2021-07-01 13:35:41 [2] Confirmed the "Check SNS Count". (NextTime=2021-04-14 14:56:32 URL=https://www.amazon.co.jp/gp/product/B088NS4JQZ/ref=as_li_ss_il?ie=UTF8&#038;psc=1&#038;linkCode=li2&#038;tag=drunkar-22&#038;linkId=13d482d10648879823ff86fe77c3ea3e)
2021-07-01 13:41:57 There were 283 links that passed the next "Link Alive Check" confirmation date and time.
2021-07-01 13:41:57 [1] Confirmed the "Link Alive Check". (NextTime=1970-01-01 00:00:00 Result= URL=)
2021-07-01 13:41:58 [2] Confirmed the "Link Alive Check". (NextTime=1970-01-01 00:00:00 Result= URL=)
2021-07-01 13:41:58 [3] Confirmed the "Link Alive Check". (NextTime=1970-01-01 00:00:00 Result= URL=)
2021-07-01 13:41:58 [4] Confirmed the "Link Alive Check". (NextTime=1970-01-01 00:00:00 Result= URL=)
2021-07-01 13:41:58 [5] Confirmed the "Link Alive Check". (NextTime=1970-01-01 00:00:00 Result= URL=)
2021-07-01 14:06:52 There were 283 links that passed the next "Link Alive Check" confirmation date and time.
2021-07-01 14:06:52 [1] Confirmed the "Link Alive Check". (NextTime=1970-01-01 00:00:00 Result= URL=)
2021-07-01 14:06:53 [2] Confirmed the "Link Alive Check". (NextTime=1970-01-01 00:00:00 Result= URL=)
2021-07-01 14:06:53 [3] Confirmed the "Link Alive Check". (NextTime=1970-01-01 00:00:00 Result= URL=)
2021-07-01 14:06:53 [4] Confirmed the "Link Alive Check". (NextTime=1970-01-01 00:00:00 Result= URL=)
2021-07-01 14:06:54 [5] Confirmed the "Link Alive Check". (NextTime=1970-01-01 00:00:00 Result= URL=)
2021-07-01 14:34:12 There were 2 links that passed the next "Check SNS Count" confirmation date and time.
2021-07-01 14:34:12 [1] Confirmed the "Check SNS Count". (NextTime=2021-04-06 07:26:44 URL=https://stackoverflow.com/questions/33225947/can-a-website-detect-when-you-are-using-selenium-with-chromedriver)
2021-07-01 14:34:12 [2] Confirmed the "Check SNS Count". (NextTime=2021-03-22 04:55:13 URL=https://www.armbian.com/orange-pi-pc2/)
2021-07-01 14:42:19 There were 283 links that passed the next "Link Alive Check" confirmation date and time.
2021-07-01 14:42:19 [1] Confirmed the "Link Alive Check". (NextTime=1970-01-01 00:00:00 Result= URL=)
2021-07-01 14:42:19 [2] Confirmed the "Link Alive Check". (NextTime=1970-01-01 00:00:00 Result= URL=)
2021-07-01 14:42:20 [3] Confirmed the "Link Alive Check". (NextTime=1970-01-01 00:00:00 Result= URL=)
2021-07-01 14:42:20 [4] Confirmed the "Link Alive Check". (NextTime=1970-01-01 00:00:00 Result= URL=)
2021-07-01 14:42:20 [5] Confirmed the "Link Alive Check". (NextTime=1970-01-01 00:00:00 Result= URL=)
2021-07-01 15:07:51 There were 283 links that passed the next "Link Alive Check" confirmation date and time.
2021-07-01 15:07:51 [1] Confirmed the "Link Alive Check". (NextTime=1970-01-01 00:00:00 Result= URL=)
2021-07-01 15:07:51 [2] Confirmed the "Link Alive Check". (NextTime=1970-01-01 00:00:00 Result= URL=)
2021-07-01 15:07:52 [3] Confirmed the "Link Alive Check". (NextTime=1970-01-01 00:00:00 Result= URL=)
2021-07-01 15:07:52 [4] Confirmed the "Link Alive Check". (NextTime=1970-01-01 00:00:00 Result= URL=)
2021-07-01 15:07:52 [5] Confirmed the "Link Alive Check". (NextTime=1970-01-01 00:00:00 Result= URL=)
2021-07-01 15:34:06 There were 0 links that passed the next "Check SNS Count" confirmation date and time.
2021-07-01 15:34:27 There were 0 links that passed the next "Check SNS Count" confirmation date and time.
2021-07-01 15:42:27 There were 283 links that passed the next "Link Alive Check" confirmation date and time.
2021-07-01 15:42:27 [1] Confirmed the "Link Alive Check". (NextTime=1970-01-01 00:00:00 Result= URL=)
2021-07-01 15:42:28 [2] Confirmed the "Link Alive Check". (NextTime=1970-01-01 00:00:00 Result= URL=)
2021-07-01 15:42:28 [3] Confirmed the "Link Alive Check". (NextTime=1970-01-01 00:00:00 Result= URL=)
2021-07-01 15:42:28 [4] Confirmed the "Link Alive Check". (NextTime=1970-01-01 00:00:00 Result= URL=)
2021-07-01 15:42:28 [5] Confirmed the "Link Alive Check". (NextTime=1970-01-01 00:00:00 Result= URL=)
2021-07-01 16:08:49 There were 283 links that passed the next "Link Alive Check" confirmation date and time.
2021-07-01 16:08:50 [1] Confirmed the "Link Alive Check". (NextTime=1970-01-01 00:00:00 Result= URL=)
2021-07-01 16:08:50 [2] Confirmed the "Link Alive Check". (NextTime=1970-01-01 00:00:00 Result= URL=)
2021-07-01 16:08:51 [3] Confirmed the "Link Alive Check". (NextTime=1970-01-01 00:00:00 Result= URL=)
2021-07-01 16:08:51 [4] Confirmed the "Link Alive Check". (NextTime=1970-01-01 00:00:00 Result= URL=)
2021-07-01 16:08:51 [5] Confirmed the "Link Alive Check". (NextTime=1970-01-01 00:00:00 Result= URL=)
2021-07-01 16:34:12 There were 2 links that passed the next "Check SNS Count" confirmation date and time.
2021-07-01 16:34:12 [1] Confirmed the "Check SNS Count". (NextTime=2021-04-16 06:53:34 URL=https://sekailab.com/wp/2018/09/04/mistel-barocco-mag-feet)
2021-07-01 16:34:12 [2] Confirmed the "Check SNS Count". (NextTime=2021-03-21 12:12:51 URL=https://www.banggood.com/Original-Box-Xiaomi-Mi-Pad-4-Plus-CN-ROM-Snapdragon-660-4G-RAM-64G-MIUI-9_0-10_1-Inch-Tablet-Black-p-1344444.html?p=K226105168701201606R)
2021-07-01 16:43:16 There were 283 links that passed the next "Link Alive Check" confirmation date and time.
2021-07-01 16:43:16 [1] Confirmed the "Link Alive Check". (NextTime=1970-01-01 00:00:00 Result= URL=)
2021-07-01 16:43:17 [2] Confirmed the "Link Alive Check". (NextTime=1970-01-01 00:00:00 Result= URL=)
2021-07-01 16:43:17 [3] Confirmed the "Link Alive Check". (NextTime=1970-01-01 00:00:00 Result= URL=)
2021-07-01 16:43:17 [4] Confirmed the "Link Alive Check". (NextTime=1970-01-01 00:00:00 Result= URL=)
2021-07-01 16:43:18 [5] Confirmed the "Link Alive Check". (NextTime=1970-01-01 00:00:00 Result= URL=)
2021-07-01 17:08:57 There were 283 links that passed the next "Link Alive Check" confirmation date and time.
2021-07-01 17:08:58 [1] Confirmed the "Link Alive Check". (NextTime=1970-01-01 00:00:00 Result= URL=)
2021-07-01 17:08:58 [2] Confirmed the "Link Alive Check". (NextTime=1970-01-01 00:00:00 Result= URL=)
2021-07-01 17:08:58 [3] Confirmed the "Link Alive Check". (NextTime=1970-01-01 00:00:00 Result= URL=)
2021-07-01 17:08:58 [4] Confirmed the "Link Alive Check". (NextTime=1970-01-01 00:00:00 Result= URL=)
2021-07-01 17:08:59 [5] Confirmed the "Link Alive Check". (NextTime=1970-01-01 00:00:00 Result= URL=)
2021-07-01 17:34:08 There were 2 links that passed the next "Check SNS Count" confirmation date and time.
2021-07-01 17:34:08 [1] Confirmed the "Check SNS Count". (NextTime=2021-03-21 16:59:15 URL=https://www.amazon.co.jp/3M-%E3%82%B9%E3%82%B3%E3%83%83%E3%83%81-%E5%BC%B7%E5%8A%9B%E4%B8%A1%E9%9D%A2%E3%83%86%E3%83%BC%E3%83%97-20mm%C3%9710m-PSD-20/dp/B002YMQILC/ref=as_li_ss_il?ie=UTF8&#038;qid=1523532084&#038;sr=8-6&#038;keywords=scotch+%E5%BC%B7%E5%8A%9B%E4%B8%A1%E9%9D%A2%E3%83%86%E3%83%BC%E3%83%97+20mm&#038;linkCode=li2&#038;tag=drunkar-22&#038;linkId=7d553de20ef02ada7021590e02dc4672)
2021-07-01 17:34:08 [2] Confirmed the "Check SNS Count". (NextTime=2021-04-15 23:54:28 URL=https://sekailab.com/wp/2018/10/15/mistel-barocco-md650l-case)
2021-07-01 17:43:18 There were 283 links that passed the next "Link Alive Check" confirmation date and time.
2021-07-01 17:43:18 [1] Confirmed the "Link Alive Check". (NextTime=1970-01-01 00:00:00 Result= URL=)
2021-07-01 17:43:19 [2] Confirmed the "Link Alive Check". (NextTime=1970-01-01 00:00:00 Result= URL=)
2021-07-01 17:43:19 [3] Confirmed the "Link Alive Check". (NextTime=1970-01-01 00:00:00 Result= URL=)
2021-07-01 17:43:19 [4] Confirmed the "Link Alive Check". (NextTime=1970-01-01 00:00:00 Result= URL=)
2021-07-01 17:43:19 [5] Confirmed the "Link Alive Check". (NextTime=1970-01-01 00:00:00 Result= URL=)
2021-07-01 18:09:33 There were 283 links that passed the next "Link Alive Check" confirmation date and time.
2021-07-01 18:09:34 [1] Confirmed the "Link Alive Check". (NextTime=1970-01-01 00:00:00 Result= URL=)
2021-07-01 18:09:34 [2] Confirmed the "Link Alive Check". (NextTime=1970-01-01 00:00:00 Result= URL=)
2021-07-01 18:09:35 [3] Confirmed the "Link Alive Check". (NextTime=1970-01-01 00:00:00 Result= URL=)
2021-07-01 18:09:35 [4] Confirmed the "Link Alive Check". (NextTime=1970-01-01 00:00:00 Result= URL=)
2021-07-01 18:09:35 [5] Confirmed the "Link Alive Check". (NextTime=1970-01-01 00:00:00 Result= URL=)
2021-07-01 18:34:18 There were 0 links that passed the next "Check SNS Count" confirmation date and time.
2021-07-01 18:43:36 There were 283 links that passed the next "Link Alive Check" confirmation date and time.
2021-07-01 18:43:36 [1] Confirmed the "Link Alive Check". (NextTime=1970-01-01 00:00:00 Result= URL=)
2021-07-01 18:43:37 [2] Confirmed the "Link Alive Check". (NextTime=1970-01-01 00:00:00 Result= URL=)
2021-07-01 18:43:37 [3] Confirmed the "Link Alive Check". (NextTime=1970-01-01 00:00:00 Result= URL=)
2021-07-01 18:43:37 [4] Confirmed the "Link Alive Check". (NextTime=1970-01-01 00:00:00 Result= URL=)
2021-07-01 18:43:38 [5] Confirmed the "Link Alive Check". (NextTime=1970-01-01 00:00:00 Result= URL=)
2021-07-01 19:09:39 There were 283 links that passed the next "Link Alive Check" confirmation date and time.
2021-07-01 19:09:39 [1] Confirmed the "Link Alive Check". (NextTime=1970-01-01 00:00:00 Result= URL=)
2021-07-01 19:09:40 [2] Confirmed the "Link Alive Check". (NextTime=1970-01-01 00:00:00 Result= URL=)
2021-07-01 19:09:40 [3] Confirmed the "Link Alive Check". (NextTime=1970-01-01 00:00:00 Result= URL=)
2021-07-01 19:09:40 [4] Confirmed the "Link Alive Check". (NextTime=1970-01-01 00:00:00 Result= URL=)
2021-07-01 19:09:41 [5] Confirmed the "Link Alive Check". (NextTime=1970-01-01 00:00:00 Result= URL=)
2021-07-01 19:34:12 There were 1 links that passed the next "Check SNS Count" confirmation date and time.
2021-07-01 19:34:12 [1] Confirmed the "Check SNS Count". (NextTime=2021-04-14 14:42:51 URL=https://ja.wikipedia.org/wiki/%E5%BA%83%E6%B7%B1%E6%B8%AF%E9%AB%98%E9%80%9F%E9%89%84%E9%81%93)
2021-07-01 19:43:38 There were 284 links that passed the next "Link Alive Check" confirmation date and time.
2021-07-01 19:43:38 [1] Confirmed the "Link Alive Check". (NextTime=1970-01-01 00:00:00 Result= URL=)
2021-07-01 19:43:39 [2] Confirmed the "Link Alive Check". (NextTime=1970-01-01 00:00:00 Result= URL=)
2021-07-01 19:43:39 [3] Confirmed the "Link Alive Check". (NextTime=1970-01-01 00:00:00 Result= URL=)
2021-07-01 19:43:39 [4] Confirmed the "Link Alive Check". (NextTime=1970-01-01 00:00:00 Result= URL=)
2021-07-01 19:43:39 [5] Confirmed the "Link Alive Check". (NextTime=1970-01-01 00:00:00 Result= URL=)
2021-07-01 20:11:50 There were 284 links that passed the next "Link Alive Check" confirmation date and time.
2021-07-01 20:11:51 [1] Confirmed the "Link Alive Check". (NextTime=1970-01-01 00:00:00 Result= URL=)
2021-07-01 20:11:51 [2] Confirmed the "Link Alive Check". (NextTime=1970-01-01 00:00:00 Result= URL=)
2021-07-01 20:11:51 [3] Confirmed the "Link Alive Check". (NextTime=1970-01-01 00:00:00 Result= URL=)
2021-07-01 20:11:52 [4] Confirmed the "Link Alive Check". (NextTime=1970-01-01 00:00:00 Result= URL=)
2021-07-01 20:11:52 [5] Confirmed the "Link Alive Check". (NextTime=1970-01-01 00:00:00 Result= URL=)
2021-07-01 20:34:14 There were 1 links that passed the next "Check SNS Count" confirmation date and time.
2021-07-01 20:34:14 [1] Confirmed the "Check SNS Count". (NextTime=2021-03-23 10:10:19 URL=https://sekailab.com/wp/2018/05/16/windows10-chainer3-cuda-cudnn/#Chainer)
2021-07-01 20:43:59 There were 284 links that passed the next "Link Alive Check" confirmation date and time.
2021-07-01 20:44:00 [1] Confirmed the "Link Alive Check". (NextTime=1970-01-01 00:00:00 Result= URL=)
2021-07-01 20:44:00 [2] Confirmed the "Link Alive Check". (NextTime=1970-01-01 00:00:00 Result= URL=)
2021-07-01 20:44:00 [3] Confirmed the "Link Alive Check". (NextTime=1970-01-01 00:00:00 Result= URL=)
2021-07-01 20:44:01 [4] Confirmed the "Link Alive Check". (NextTime=1970-01-01 00:00:00 Result= URL=)
2021-07-01 20:44:01 [5] Confirmed the "Link Alive Check". (NextTime=1970-01-01 00:00:00 Result= URL=)
2021-07-01 21:11:53 There were 284 links that passed the next "Link Alive Check" confirmation date and time.
2021-07-01 21:11:53 [1] Confirmed the "Link Alive Check". (NextTime=1970-01-01 00:00:00 Result= URL=)
2021-07-01 21:11:53 [2] Confirmed the "Link Alive Check". (NextTime=1970-01-01 00:00:00 Result= URL=)
2021-07-01 21:11:54 [3] Confirmed the "Link Alive Check". (NextTime=1970-01-01 00:00:00 Result= URL=)
2021-07-01 21:11:54 [4] Confirmed the "Link Alive Check". (NextTime=1970-01-01 00:00:00 Result= URL=)
2021-07-01 21:11:54 [5] Confirmed the "Link Alive Check". (NextTime=1970-01-01 00:00:00 Result= URL=)
2021-07-01 21:34:33 There were 0 links that passed the next "Check SNS Count" confirmation date and time.
2021-07-01 21:44:18 There were 284 links that passed the next "Link Alive Check" confirmation date and time.
2021-07-01 21:44:19 [1] Confirmed the "Link Alive Check". (NextTime=1970-01-01 00:00:00 Result= URL=)
2021-07-01 21:44:19 [2] Confirmed the "Link Alive Check". (NextTime=1970-01-01 00:00:00 Result= URL=)
2021-07-01 21:44:19 [3] Confirmed the "Link Alive Check". (NextTime=1970-01-01 00:00:00 Result= URL=)
2021-07-01 21:44:19 [4] Confirmed the "Link Alive Check". (NextTime=1970-01-01 00:00:00 Result= URL=)
2021-07-01 21:44:20 [5] Confirmed the "Link Alive Check". (NextTime=1970-01-01 00:00:00 Result= URL=)
2021-07-01 22:12:40 There were 284 links that passed the next "Link Alive Check" confirmation date and time.
2021-07-01 22:12:40 [1] Confirmed the "Link Alive Check". (NextTime=1970-01-01 00:00:00 Result= URL=)
2021-07-01 22:12:40 [2] Confirmed the "Link Alive Check". (NextTime=1970-01-01 00:00:00 Result= URL=)
2021-07-01 22:12:41 [3] Confirmed the "Link Alive Check". (NextTime=1970-01-01 00:00:00 Result= URL=)
2021-07-01 22:12:41 [4] Confirmed the "Link Alive Check". (NextTime=1970-01-01 00:00:00 Result= URL=)
2021-07-01 22:12:41 [5] Confirmed the "Link Alive Check". (NextTime=1970-01-01 00:00:00 Result= URL=)
2021-07-01 22:34:11 There were 3 links that passed the next "Check SNS Count" confirmation date and time.
2021-07-01 22:34:11 [1] Confirmed the "Check SNS Count". (NextTime=2021-04-03 04:35:19 URL=https://github.com/thunil/TecoGAN)
2021-07-01 22:34:12 [2] Confirmed the "Check SNS Count". (NextTime=2021-04-14 13:59:20 URL=https://sekailab.com/wp/2016/07/18/python-test)
2021-07-01 22:34:12 [3] Confirmed the "Check SNS Count". (NextTime=2021-03-20 13:30:24 URL=https://sekailab.com/wp/2018/09/05/mistel-barocco-md650l-bluetooth/)
2021-07-01 22:44:47 There were 284 links that passed the next "Link Alive Check" confirmation date and time.
2021-07-01 22:44:47 [1] Confirmed the "Link Alive Check". (NextTime=1970-01-01 00:00:00 Result= URL=)
2021-07-01 22:44:47 [2] Confirmed the "Link Alive Check". (NextTime=1970-01-01 00:00:00 Result= URL=)
2021-07-01 22:44:48 [3] Confirmed the "Link Alive Check". (NextTime=1970-01-01 00:00:00 Result= URL=)
2021-07-01 22:44:48 [4] Confirmed the "Link Alive Check". (NextTime=1970-01-01 00:00:00 Result= URL=)
2021-07-01 22:44:48 [5] Confirmed the "Link Alive Check". (NextTime=1970-01-01 00:00:00 Result= URL=)
2021-07-01 23:14:39 There were 284 links that passed the next "Link Alive Check" confirmation date and time.
2021-07-01 23:14:39 [1] Confirmed the "Link Alive Check". (NextTime=1970-01-01 00:00:00 Result= URL=)
2021-07-01 23:14:40 [2] Confirmed the "Link Alive Check". (NextTime=1970-01-01 00:00:00 Result= URL=)
2021-07-01 23:14:40 [3] Confirmed the "Link Alive Check". (NextTime=1970-01-01 00:00:00 Result= URL=)
2021-07-01 23:14:40 [4] Confirmed the "Link Alive Check". (NextTime=1970-01-01 00:00:00 Result= URL=)
2021-07-01 23:14:40 [5] Confirmed the "Link Alive Check". (NextTime=1970-01-01 00:00:00 Result= URL=)
2021-07-01 23:34:43 There were 2 links that passed the next "Check SNS Count" confirmation date and time.
2021-07-01 23:34:44 [1] Confirmed the "Check SNS Count". (NextTime=2021-04-14 17:31:53 URL=https://sekailab.com/wp/2019/03/10/execute-windows-binary-on-wsl)
2021-07-01 23:34:44 [2] Confirmed the "Check SNS Count". (NextTime=2021-04-16 10:17:04 URL=https://sekailab.com/wp/2012/11/01/c%E3%81%A7%E3%80%8C%E3%81%AF%E3%81%98%E3%82%81%E3%81%A6%E3%81%AE%E6%A9%9F%E6%A2%B0%E5%AD%A6%E7%BF%92%E3%80%8D5%E7%AB%A0)
2021-07-01 23:44:50 There were 284 links that passed the next "Link Alive Check" confirmation date and time.
2021-07-01 23:44:50 [1] Confirmed the "Link Alive Check". (NextTime=1970-01-01 00:00:00 Result= URL=)
2021-07-01 23:44:50 [2] Confirmed the "Link Alive Check". (NextTime=1970-01-01 00:00:00 Result= URL=)
2021-07-01 23:44:50 [3] Confirmed the "Link Alive Check". (NextTime=1970-01-01 00:00:00 Result= URL=)
2021-07-01 23:44:51 [4] Confirmed the "Link Alive Check". (NextTime=1970-01-01 00:00:00 Result= URL=)
2021-07-01 23:44:51 [5] Confirmed the "Link Alive Check". (NextTime=1970-01-01 00:00:00 Result= URL=)
