2022-10-23 00:05:32 There were 284 links that passed the next "Link Alive Check" confirmation date and time.
2022-10-23 00:05:33 [1] Confirmed the "Link Alive Check". (NextTime=1970-01-01 00:00:00 Result= URL=)
2022-10-23 00:05:33 [2] Confirmed the "Link Alive Check". (NextTime=1970-01-01 00:00:00 Result= URL=)
2022-10-23 00:05:33 [3] Confirmed the "Link Alive Check". (NextTime=1970-01-01 00:00:00 Result= URL=)
2022-10-23 00:05:33 [4] Confirmed the "Link Alive Check". (NextTime=1970-01-01 00:00:00 Result= URL=)
2022-10-23 00:05:34 [5] Confirmed the "Link Alive Check". (NextTime=1970-01-01 00:00:00 Result= URL=)
2022-10-23 00:24:22 There were 1 links that passed the next "Check SNS Count" confirmation date and time.
2022-10-23 00:24:22 [1] Confirmed the "Check SNS Count". (NextTime=2021-04-06 23:27:45 URL=https://github.com/Drunkar/tensor2tensor-optuna)
2022-10-23 00:27:39 There were 284 links that passed the next "Link Alive Check" confirmation date and time.
2022-10-23 00:27:39 [1] Confirmed the "Link Alive Check". (NextTime=1970-01-01 00:00:00 Result= URL=)
2022-10-23 00:27:39 [2] Confirmed the "Link Alive Check". (NextTime=1970-01-01 00:00:00 Result= URL=)
2022-10-23 00:27:39 [3] Confirmed the "Link Alive Check". (NextTime=1970-01-01 00:00:00 Result= URL=)
2022-10-23 00:27:40 [4] Confirmed the "Link Alive Check". (NextTime=1970-01-01 00:00:00 Result= URL=)
2022-10-23 00:27:40 [5] Confirmed the "Link Alive Check". (NextTime=1970-01-01 00:00:00 Result= URL=)
2022-10-23 01:06:08 There were 284 links that passed the next "Link Alive Check" confirmation date and time.
2022-10-23 01:06:08 [1] Confirmed the "Link Alive Check". (NextTime=1970-01-01 00:00:00 Result= URL=)
2022-10-23 01:06:09 [2] Confirmed the "Link Alive Check". (NextTime=1970-01-01 00:00:00 Result= URL=)
2022-10-23 01:06:09 [3] Confirmed the "Link Alive Check". (NextTime=1970-01-01 00:00:00 Result= URL=)
2022-10-23 01:06:09 [4] Confirmed the "Link Alive Check". (NextTime=1970-01-01 00:00:00 Result= URL=)
2022-10-23 01:06:09 [5] Confirmed the "Link Alive Check". (NextTime=1970-01-01 00:00:00 Result= URL=)
2022-10-23 01:23:30 There were 1 links that passed the next "Check SNS Count" confirmation date and time.
2022-10-23 01:23:30 [1] Confirmed the "Check SNS Count". (NextTime=2021-03-25 09:08:18 URL=https://www.amazon.co.jp/%E3%83%9C%E3%83%87%E3%82%A3%E3%82%A6%E3%82%A4%E3%83%B3%E3%82%B0-%E3%83%9B%E3%82%A8%E3%82%A4%E3%83%97%E3%83%AD%E3%83%86%E3%82%A4%E3%83%B3-1kg-%E7%84%A1%E6%B7%BB%E5%8A%A0-%E3%83%8A%E3%83%81%E3%83%A5%E3%83%A9%E3%83%AB/dp/B01COZY3VK/ref=as_li_ss_il?s=hpc&#038;ie=UTF8&#038;qid=1483631751&#038;sr=1-11&#038;keywords=%E3%83%97%E3%83%AD%E3%83%86%E3%82%A4%E3%83%B3&#038;linkCode=li2&#038;tag=drunkar-22&#038;linkId=ef06cf2c8c30b70091f64dd4bdd79619)
2022-10-23 01:27:59 There were 284 links that passed the next "Link Alive Check" confirmation date and time.
2022-10-23 01:27:59 [1] Confirmed the "Link Alive Check". (NextTime=1970-01-01 00:00:00 Result= URL=)
2022-10-23 01:27:59 [2] Confirmed the "Link Alive Check". (NextTime=1970-01-01 00:00:00 Result= URL=)
2022-10-23 01:28:00 [3] Confirmed the "Link Alive Check". (NextTime=1970-01-01 00:00:00 Result= URL=)
2022-10-23 01:28:00 [4] Confirmed the "Link Alive Check". (NextTime=1970-01-01 00:00:00 Result= URL=)
2022-10-23 01:28:00 [5] Confirmed the "Link Alive Check". (NextTime=1970-01-01 00:00:00 Result= URL=)
2022-10-23 02:06:53 There were 284 links that passed the next "Link Alive Check" confirmation date and time.
2022-10-23 02:06:54 [1] Confirmed the "Link Alive Check". (NextTime=1970-01-01 00:00:00 Result= URL=)
2022-10-23 02:06:54 [2] Confirmed the "Link Alive Check". (NextTime=1970-01-01 00:00:00 Result= URL=)
2022-10-23 02:06:54 [3] Confirmed the "Link Alive Check". (NextTime=1970-01-01 00:00:00 Result= URL=)
2022-10-23 02:06:54 [4] Confirmed the "Link Alive Check". (NextTime=1970-01-01 00:00:00 Result= URL=)
2022-10-23 02:06:54 [5] Confirmed the "Link Alive Check". (NextTime=1970-01-01 00:00:00 Result= URL=)
2022-10-23 02:23:05 There were 4 links that passed the next "Check SNS Count" confirmation date and time.
2022-10-23 02:23:05 [1] Confirmed the "Check SNS Count". (NextTime=2021-04-05 06:43:56 URL=https://sekailab.com/wp/2018/11/29/chongqing-mansion-currency-exchange/)
2022-10-23 02:23:05 [2] Confirmed the "Check SNS Count". (NextTime=2021-03-23 19:32:51 URL=https://sekailab.com/wp/2016/06/27/100%E5%86%86%E3%81%A7arduino%E3%81%8C%E8%B2%B7%E3%81%88%E3%81%9F%E9%80%81%E6%96%99%E5%88%A5%E3%80%82%E4%BA%92%E6%8F%9B%E6%A9%9F%E3%81%A0%E3%81%91%E3%81%A9/)
2022-10-23 02:23:05 [3] Confirmed the "Check SNS Count". (NextTime=2021-04-17 22:34:34 URL=https://www.banggood.com/ja/XIAOMI-Mi-Pad-4-4GB64GB-CN-ROM-WiFi-Original-Box-Snapdragon-660-8-Inch-Tablet-PC-Black-p-1414015.html?p=K226105168701201606R&#038;custlinkid=129858)
2022-10-23 02:23:05 [4] Confirmed the "Check SNS Count". (NextTime=2021-03-21 06:01:15 URL=https://www.banggood.com/RunCam-Nano-2-13-700TVL-1_8mm2_1mm-FOV-155170-Degree-CMOS-FPV-Camera-for-FPV-RC-Drone-p-1469656.html?p=K226105168701201606R)
2022-10-23 02:28:05 There were 284 links that passed the next "Link Alive Check" confirmation date and time.
2022-10-23 02:28:05 [1] Confirmed the "Link Alive Check". (NextTime=1970-01-01 00:00:00 Result= URL=)
2022-10-23 02:28:06 [2] Confirmed the "Link Alive Check". (NextTime=1970-01-01 00:00:00 Result= URL=)
2022-10-23 02:28:06 [3] Confirmed the "Link Alive Check". (NextTime=1970-01-01 00:00:00 Result= URL=)
2022-10-23 02:28:06 [4] Confirmed the "Link Alive Check". (NextTime=1970-01-01 00:00:00 Result= URL=)
2022-10-23 02:28:06 [5] Confirmed the "Link Alive Check". (NextTime=1970-01-01 00:00:00 Result= URL=)
2022-10-23 03:07:42 There were 284 links that passed the next "Link Alive Check" confirmation date and time.
2022-10-23 03:07:42 [1] Confirmed the "Link Alive Check". (NextTime=1970-01-01 00:00:00 Result= URL=)
2022-10-23 03:07:42 [2] Confirmed the "Link Alive Check". (NextTime=1970-01-01 00:00:00 Result= URL=)
2022-10-23 03:07:42 [3] Confirmed the "Link Alive Check". (NextTime=1970-01-01 00:00:00 Result= URL=)
2022-10-23 03:07:43 [4] Confirmed the "Link Alive Check". (NextTime=1970-01-01 00:00:00 Result= URL=)
2022-10-23 03:07:43 [5] Confirmed the "Link Alive Check". (NextTime=1970-01-01 00:00:00 Result= URL=)
2022-10-23 03:23:21 There were 0 links that passed the next "Check SNS Count" confirmation date and time.
2022-10-23 03:28:12 There were 284 links that passed the next "Link Alive Check" confirmation date and time.
2022-10-23 03:28:12 [1] Confirmed the "Link Alive Check". (NextTime=1970-01-01 00:00:00 Result= URL=)
2022-10-23 03:28:12 [2] Confirmed the "Link Alive Check". (NextTime=1970-01-01 00:00:00 Result= URL=)
2022-10-23 03:28:12 [3] Confirmed the "Link Alive Check". (NextTime=1970-01-01 00:00:00 Result= URL=)
2022-10-23 03:28:13 [4] Confirmed the "Link Alive Check". (NextTime=1970-01-01 00:00:00 Result= URL=)
2022-10-23 03:28:13 [5] Confirmed the "Link Alive Check". (NextTime=1970-01-01 00:00:00 Result= URL=)
2022-10-23 04:08:42 There were 284 links that passed the next "Link Alive Check" confirmation date and time.
2022-10-23 04:08:42 [1] Confirmed the "Link Alive Check". (NextTime=1970-01-01 00:00:00 Result= URL=)
2022-10-23 04:08:43 [2] Confirmed the "Link Alive Check". (NextTime=1970-01-01 00:00:00 Result= URL=)
2022-10-23 04:08:43 [3] Confirmed the "Link Alive Check". (NextTime=1970-01-01 00:00:00 Result= URL=)
2022-10-23 04:08:43 [4] Confirmed the "Link Alive Check". (NextTime=1970-01-01 00:00:00 Result= URL=)
2022-10-23 04:08:43 [5] Confirmed the "Link Alive Check". (NextTime=1970-01-01 00:00:00 Result= URL=)
2022-10-23 04:23:13 There were 3 links that passed the next "Check SNS Count" confirmation date and time.
2022-10-23 04:23:13 [1] Confirmed the "Check SNS Count". (NextTime=2021-03-23 16:13:58 URL=https://colab.research.google.com/github/Drunkar/notebook/blob/master/coursera_machine_learning_2017/WEEK1_memo_Introduction.ipynb)
2022-10-23 04:23:13 [2] Confirmed the "Check SNS Count". (NextTime=2021-03-26 16:53:27 URL=https://sekailab.com/wp/2018/10/15/mistel-barocco-md650l-case/)
2022-10-23 04:23:13 [3] Confirmed the "Check SNS Count". (NextTime=2021-04-10 11:40:03 URL=https://www.banggood.com/IRangeX-iRX-IR8M-2_4G-8CH-Multi-Protocol-Transmitter-With-PPM-S_BUS-Mini-Receiver-p-1226058.html?p=K226105168701201606R&#038;custlinkid=78514)
2022-10-23 04:28:14 There were 284 links that passed the next "Link Alive Check" confirmation date and time.
2022-10-23 04:28:15 [1] Confirmed the "Link Alive Check". (NextTime=1970-01-01 00:00:00 Result= URL=)
2022-10-23 04:28:15 [2] Confirmed the "Link Alive Check". (NextTime=1970-01-01 00:00:00 Result= URL=)
2022-10-23 04:28:15 [3] Confirmed the "Link Alive Check". (NextTime=1970-01-01 00:00:00 Result= URL=)
2022-10-23 04:28:15 [4] Confirmed the "Link Alive Check". (NextTime=1970-01-01 00:00:00 Result= URL=)
2022-10-23 04:28:15 [5] Confirmed the "Link Alive Check". (NextTime=1970-01-01 00:00:00 Result= URL=)
2022-10-23 05:13:53 There were 284 links that passed the next "Link Alive Check" confirmation date and time.
2022-10-23 05:13:53 [1] Confirmed the "Link Alive Check". (NextTime=1970-01-01 00:00:00 Result= URL=)
2022-10-23 05:13:53 [2] Confirmed the "Link Alive Check". (NextTime=1970-01-01 00:00:00 Result= URL=)
2022-10-23 05:13:54 [3] Confirmed the "Link Alive Check". (NextTime=1970-01-01 00:00:00 Result= URL=)
2022-10-23 05:13:54 [4] Confirmed the "Link Alive Check". (NextTime=1970-01-01 00:00:00 Result= URL=)
2022-10-23 05:13:54 [5] Confirmed the "Link Alive Check". (NextTime=1970-01-01 00:00:00 Result= URL=)
2022-10-23 05:23:52 There were 1 links that passed the next "Check SNS Count" confirmation date and time.
2022-10-23 05:23:52 [1] Confirmed the "Check SNS Count". (NextTime=2021-03-21 10:14:03 URL=https://sekailab.com/wp/2012/10/26/c%e3%81%a7%e3%80%8c%e3%81%af%e3%81%98%e3%82%81%e3%81%a6%e3%81%ae%e6%a9%9f%e6%a2%b0%e5%ad%a6%e7%bf%92%e3%80%8d2%e7%ab%a0-3%e7%ab%a0/)
2022-10-23 05:28:56 There were 284 links that passed the next "Link Alive Check" confirmation date and time.
2022-10-23 05:28:57 [1] Confirmed the "Link Alive Check". (NextTime=1970-01-01 00:00:00 Result= URL=)
2022-10-23 05:28:57 [2] Confirmed the "Link Alive Check". (NextTime=1970-01-01 00:00:00 Result= URL=)
2022-10-23 05:28:57 [3] Confirmed the "Link Alive Check". (NextTime=1970-01-01 00:00:00 Result= URL=)
2022-10-23 05:28:57 [4] Confirmed the "Link Alive Check". (NextTime=1970-01-01 00:00:00 Result= URL=)
2022-10-23 05:28:58 [5] Confirmed the "Link Alive Check". (NextTime=1970-01-01 00:00:00 Result= URL=)
2022-10-23 06:16:07 There were 284 links that passed the next "Link Alive Check" confirmation date and time.
2022-10-23 06:16:08 [1] Confirmed the "Link Alive Check". (NextTime=1970-01-01 00:00:00 Result= URL=)
2022-10-23 06:16:08 [2] Confirmed the "Link Alive Check". (NextTime=1970-01-01 00:00:00 Result= URL=)
2022-10-23 06:16:08 [3] Confirmed the "Link Alive Check". (NextTime=1970-01-01 00:00:00 Result= URL=)
2022-10-23 06:16:08 [4] Confirmed the "Link Alive Check". (NextTime=1970-01-01 00:00:00 Result= URL=)
2022-10-23 06:16:09 [5] Confirmed the "Link Alive Check". (NextTime=1970-01-01 00:00:00 Result= URL=)
2022-10-23 06:23:44 There were 4 links that passed the next "Check SNS Count" confirmation date and time.
2022-10-23 06:23:44 [1] Confirmed the "Check SNS Count". (NextTime=2021-03-26 03:29:39 URL=https://www.amazon.co.jp/aceyoon-%E3%82%BF%E3%83%96%E3%83%AC%E3%83%83%E3%83%88%E3%82%B9%E3%82%BF%E3%83%B3%E3%83%89-4-13%E3%82%A4%E3%83%B3%E3%83%81-%E3%82%B9%E3%83%9E%E3%83%9B%E3%82%B9%E3%82%BF%E3%83%B3%E3%83%89-%E3%82%BF%E3%83%96%E3%83%AC%E3%83%83%E3%83%88%E3%81%AB%E5%AF%BE%E5%BF%9C/dp/B07GZJPW7D/ref=as_li_ss_il?_encoding=UTF8&#038;pd_rd_i=B07GZJPW7D&#038;pd_rd_r=69ac8820-a8ba-4bfe-9fd4-48a8068f1240&#038;pd_rd_w=2EwEV&#038;pd_rd_wg=bOs7O&#038;pf_rd_p=587b16be-0f5e-4017-ba4e-8771a0be2909&#038;pf_rd_r=JEZEJVFX37T038S9MCT6&#038;psc=1&#038;refRID=JEZEJVFX37T038S9MCT6&#038;linkCode=li2&#038;tag=drunkar-22&#038;linkId=529300a58525bc616e80a33d50eb1446&#038;language=ja_JP)
2022-10-23 06:23:44 [2] Confirmed the "Check SNS Count". (NextTime=2021-03-22 09:38:25 URL=https://www.amazon.co.jp/gp/product/B00068KUX8/ref=as_li_ss_il?ie=UTF8&#038;psc=1&#038;linkCode=li2&#038;tag=drunkar-22&#038;linkId=8957e9bc35d841131d680de25b42acaf&#038;language=ja_JP)
2022-10-23 06:23:44 [3] Confirmed the "Check SNS Count". (NextTime=2021-03-26 04:20:29 URL=https://www.amazon.co.jp/cocopar-17-3%E3%82%A4%E3%83%B3%E3%83%81-FHD1920x1080-%E3%83%A2%E3%83%90%E3%82%A4%E3%83%AB%E3%83%A2%E3%83%8B%E3%82%BF%E3%83%BC-%E3%83%A2%E3%83%90%E3%82%A4%E3%83%AB%E3%83%87%E3%82%A3%E3%82%B9%E3%83%97%E3%83%AC%E3%82%A4/dp/B07WX7XRR7/ref=as_li_ss_il?__mk_ja_JP=%E3%82%AB%E3%82%BF%E3%82%AB%E3%83%8A&#038;crid=2NYCM0P4V7RPF&#038;keywords=%E3%83%A2%E3%83%90%E3%82%A4%E3%83%AB%E3%83%A2%E3%83%8B%E3%82%BF%E3%83%BC+17.3&#038;qid=1583144641&#038;sprefix=%E3%83%A2%E3%83%90%E3%82%A4%E3%83%AB%E3%83%A2%E3%83%8B%E3%82%BF%E3%83%BC,aps,271&#038;sr=8-10&#038;linkCode=li2&#038;tag=drunkar-22&#038;linkId=a7488d8a6dae8ad4af11c69b0b3dd44d&#038;language=ja_JP)
2022-10-23 06:23:44 [4] Confirmed the "Check SNS Count". (NextTime=2021-04-05 02:04:04 URL=https://sekailab.com/wp/2018/04/10/python-2-79-anaconda-python/)
2022-10-23 06:29:30 There were 284 links that passed the next "Link Alive Check" confirmation date and time.
2022-10-23 06:29:30 [1] Confirmed the "Link Alive Check". (NextTime=1970-01-01 00:00:00 Result= URL=)
2022-10-23 06:29:30 [2] Confirmed the "Link Alive Check". (NextTime=1970-01-01 00:00:00 Result= URL=)
2022-10-23 06:29:31 [3] Confirmed the "Link Alive Check". (NextTime=1970-01-01 00:00:00 Result= URL=)
2022-10-23 06:29:31 [4] Confirmed the "Link Alive Check". (NextTime=1970-01-01 00:00:00 Result= URL=)
2022-10-23 06:29:31 [5] Confirmed the "Link Alive Check". (NextTime=1970-01-01 00:00:00 Result= URL=)
2022-10-23 07:16:14 There were 284 links that passed the next "Link Alive Check" confirmation date and time.
2022-10-23 07:16:14 [1] Confirmed the "Link Alive Check". (NextTime=1970-01-01 00:00:00 Result= URL=)
2022-10-23 07:16:14 [2] Confirmed the "Link Alive Check". (NextTime=1970-01-01 00:00:00 Result= URL=)
2022-10-23 07:16:14 [3] Confirmed the "Link Alive Check". (NextTime=1970-01-01 00:00:00 Result= URL=)
2022-10-23 07:16:14 [4] Confirmed the "Link Alive Check". (NextTime=1970-01-01 00:00:00 Result= URL=)
2022-10-23 07:16:15 [5] Confirmed the "Link Alive Check". (NextTime=1970-01-01 00:00:00 Result= URL=)
2022-10-23 07:24:47 There were 1 links that passed the next "Check SNS Count" confirmation date and time.
2022-10-23 07:24:47 [1] Confirmed the "Check SNS Count". (NextTime=2021-04-06 12:43:21 URL=https://www.banggood.com/Original-Xiaomi-Airdots-TWS-Bluetooth-5_0-Earphone-Youth-Version-Touch-Control-with-Charging-Box-Mic-p-1389033.html?p=DR062131921252201904&#038;cur_warehouse=CN)
2022-10-23 07:34:34 There were 284 links that passed the next "Link Alive Check" confirmation date and time.
2022-10-23 07:34:34 [1] Confirmed the "Link Alive Check". (NextTime=1970-01-01 00:00:00 Result= URL=)
2022-10-23 07:34:34 [2] Confirmed the "Link Alive Check". (NextTime=1970-01-01 00:00:00 Result= URL=)
2022-10-23 07:34:35 [3] Confirmed the "Link Alive Check". (NextTime=1970-01-01 00:00:00 Result= URL=)
2022-10-23 07:34:35 [4] Confirmed the "Link Alive Check". (NextTime=1970-01-01 00:00:00 Result= URL=)
2022-10-23 07:34:35 [5] Confirmed the "Link Alive Check". (NextTime=1970-01-01 00:00:00 Result= URL=)
2022-10-23 08:17:39 There were 284 links that passed the next "Link Alive Check" confirmation date and time.
2022-10-23 08:17:39 [1] Confirmed the "Link Alive Check". (NextTime=1970-01-01 00:00:00 Result= URL=)
2022-10-23 08:17:39 [2] Confirmed the "Link Alive Check". (NextTime=1970-01-01 00:00:00 Result= URL=)
2022-10-23 08:17:40 [3] Confirmed the "Link Alive Check". (NextTime=1970-01-01 00:00:00 Result= URL=)
2022-10-23 08:17:40 [4] Confirmed the "Link Alive Check". (NextTime=1970-01-01 00:00:00 Result= URL=)
2022-10-23 08:17:40 [5] Confirmed the "Link Alive Check". (NextTime=1970-01-01 00:00:00 Result= URL=)
2022-10-23 08:25:05 There were 1 links that passed the next "Check SNS Count" confirmation date and time.
2022-10-23 08:25:05 [1] Confirmed the "Check SNS Count". (NextTime=2021-03-23 10:10:19 URL=https://sekailab.com/wp/2018/05/16/windows10-chainer3-cuda-cudnn/#Chainer)
2022-10-23 08:35:45 There were 284 links that passed the next "Link Alive Check" confirmation date and time.
2022-10-23 08:35:45 [1] Confirmed the "Link Alive Check". (NextTime=1970-01-01 00:00:00 Result= URL=)
2022-10-23 08:35:46 [2] Confirmed the "Link Alive Check". (NextTime=1970-01-01 00:00:00 Result= URL=)
2022-10-23 08:35:46 [3] Confirmed the "Link Alive Check". (NextTime=1970-01-01 00:00:00 Result= URL=)
2022-10-23 08:35:46 [4] Confirmed the "Link Alive Check". (NextTime=1970-01-01 00:00:00 Result= URL=)
2022-10-23 08:35:46 [5] Confirmed the "Link Alive Check". (NextTime=1970-01-01 00:00:00 Result= URL=)
2022-10-23 09:23:35 There were 284 links that passed the next "Link Alive Check" confirmation date and time.
2022-10-23 09:23:35 [1] Confirmed the "Link Alive Check". (NextTime=1970-01-01 00:00:00 Result= URL=)
2022-10-23 09:23:35 [2] Confirmed the "Link Alive Check". (NextTime=1970-01-01 00:00:00 Result= URL=)
2022-10-23 09:23:36 [3] Confirmed the "Link Alive Check". (NextTime=1970-01-01 00:00:00 Result= URL=)
2022-10-23 09:23:36 [4] Confirmed the "Link Alive Check". (NextTime=1970-01-01 00:00:00 Result= URL=)
2022-10-23 09:23:36 [5] Confirmed the "Link Alive Check". (NextTime=1970-01-01 00:00:00 Result= URL=)
2022-10-23 09:23:36 There were 2 links that passed the next "Check SNS Count" confirmation date and time.
2022-10-23 09:23:36 [1] Confirmed the "Check SNS Count". (NextTime=2021-03-26 12:38:31 URL=https://github.com/facebookresearch/detectron2)
2022-10-23 09:23:36 [2] Confirmed the "Check SNS Count". (NextTime=2021-03-24 16:51:48 URL=https://sekailab.com/wp/2018/04/14/sakura-vps-nem-supernode-1/)
2022-10-23 09:37:14 There were 284 links that passed the next "Link Alive Check" confirmation date and time.
2022-10-23 09:37:14 [1] Confirmed the "Link Alive Check". (NextTime=1970-01-01 00:00:00 Result= URL=)
2022-10-23 09:37:14 [2] Confirmed the "Link Alive Check". (NextTime=1970-01-01 00:00:00 Result= URL=)
2022-10-23 09:37:14 [3] Confirmed the "Link Alive Check". (NextTime=1970-01-01 00:00:00 Result= URL=)
2022-10-23 09:37:14 [4] Confirmed the "Link Alive Check". (NextTime=1970-01-01 00:00:00 Result= URL=)
2022-10-23 09:37:15 [5] Confirmed the "Link Alive Check". (NextTime=1970-01-01 00:00:00 Result= URL=)
2022-10-23 10:26:14 There were 4 links that passed the next "Check SNS Count" confirmation date and time.
2022-10-23 10:26:14 [1] Confirmed the "Check SNS Count". (NextTime=2021-04-14 14:42:51 URL=https://ja.wikipedia.org/wiki/%E5%BA%83%E6%B7%B1%E6%B8%AF%E9%AB%98%E9%80%9F%E9%89%84%E9%81%93)
2022-10-23 10:26:15 [2] Confirmed the "Check SNS Count". (NextTime=2021-04-16 02:18:56 URL=https://sekailab.com/wp/2018/09/05/mistel-barocco-md650l-bluetooth)
2022-10-23 10:26:15 [3] Confirmed the "Check SNS Count". (NextTime=2021-04-13 15:49:44 URL=https://www.aliexpress.com/snapshot/0.html?spm=a2g0s.9042647.0.0.78264c4dGESzTn&#038;orderId=95090286259840&#038;productId=32922176062)
2022-10-23 10:26:15 [4] Confirmed the "Check SNS Count". (NextTime=2021-03-20 01:00:20 URL=https://learn.unity.com/tutorial/working-with-the-unity-recorder-2019-3#5e1efe8bedbc2a0029fbc0d6)
2022-10-23 10:33:26 There were 284 links that passed the next "Link Alive Check" confirmation date and time.
2022-10-23 10:33:26 [1] Confirmed the "Link Alive Check". (NextTime=1970-01-01 00:00:00 Result= URL=)
2022-10-23 10:33:26 [2] Confirmed the "Link Alive Check". (NextTime=1970-01-01 00:00:00 Result= URL=)
2022-10-23 10:33:26 [3] Confirmed the "Link Alive Check". (NextTime=1970-01-01 00:00:00 Result= URL=)
2022-10-23 10:33:26 [4] Confirmed the "Link Alive Check". (NextTime=1970-01-01 00:00:00 Result= URL=)
2022-10-23 10:33:27 [5] Confirmed the "Link Alive Check". (NextTime=1970-01-01 00:00:00 Result= URL=)
2022-10-23 10:39:19 There were 284 links that passed the next "Link Alive Check" confirmation date and time.
2022-10-23 10:39:19 [1] Confirmed the "Link Alive Check". (NextTime=1970-01-01 00:00:00 Result= URL=)
2022-10-23 10:39:19 [2] Confirmed the "Link Alive Check". (NextTime=1970-01-01 00:00:00 Result= URL=)
2022-10-23 10:39:20 [3] Confirmed the "Link Alive Check". (NextTime=1970-01-01 00:00:00 Result= URL=)
2022-10-23 10:39:20 [4] Confirmed the "Link Alive Check". (NextTime=1970-01-01 00:00:00 Result= URL=)
2022-10-23 10:39:20 [5] Confirmed the "Link Alive Check". (NextTime=1970-01-01 00:00:00 Result= URL=)
2022-10-23 11:23:14 There were 1 links that passed the next "Check SNS Count" confirmation date and time.
2022-10-23 11:23:14 [1] Confirmed the "Check SNS Count". (NextTime=2021-04-16 03:26:46 URL=https://sekailab.com/wp/2016/11/29/in-this-corner-of-the-world)
2022-10-23 11:39:53 There were 284 links that passed the next "Link Alive Check" confirmation date and time.
2022-10-23 11:39:53 [1] Confirmed the "Link Alive Check". (NextTime=1970-01-01 00:00:00 Result= URL=)
2022-10-23 11:39:54 [2] Confirmed the "Link Alive Check". (NextTime=1970-01-01 00:00:00 Result= URL=)
2022-10-23 11:39:54 [3] Confirmed the "Link Alive Check". (NextTime=1970-01-01 00:00:00 Result= URL=)
2022-10-23 11:39:54 [4] Confirmed the "Link Alive Check". (NextTime=1970-01-01 00:00:00 Result= URL=)
2022-10-23 11:39:54 [5] Confirmed the "Link Alive Check". (NextTime=1970-01-01 00:00:00 Result= URL=)
2022-10-23 12:24:02 There were 1 links that passed the next "Check SNS Count" confirmation date and time.
2022-10-23 12:24:03 [1] Confirmed the "Check SNS Count". (NextTime=2021-04-15 02:00:47 URL=https://sekailab.com/wp/2018/04/16/sakura-vps-nem-supernode-2)
2022-10-23 12:41:41 There were 284 links that passed the next "Link Alive Check" confirmation date and time.
2022-10-23 12:41:41 [1] Confirmed the "Link Alive Check". (NextTime=1970-01-01 00:00:00 Result= URL=)
2022-10-23 12:41:41 [2] Confirmed the "Link Alive Check". (NextTime=1970-01-01 00:00:00 Result= URL=)
2022-10-23 12:41:41 [3] Confirmed the "Link Alive Check". (NextTime=1970-01-01 00:00:00 Result= URL=)
2022-10-23 12:41:41 [4] Confirmed the "Link Alive Check". (NextTime=1970-01-01 00:00:00 Result= URL=)
2022-10-23 12:41:42 [5] Confirmed the "Link Alive Check". (NextTime=1970-01-01 00:00:00 Result= URL=)
2022-10-23 13:23:56 There were 1 links that passed the next "Check SNS Count" confirmation date and time.
2022-10-23 13:23:56 [1] Confirmed the "Check SNS Count". (NextTime=2021-03-23 05:56:56 URL=https://www.banggood.com/Jumper-EZBOOK-3-PRO-13_3-Inch-Notebook-Windows-10-Intel-Apollo-Lake-N3450-Quad-Core-6GB-RAM-64G-eMMC-p-1184679.html?p=K226105168701201606R)
2022-10-23 13:42:09 There were 284 links that passed the next "Link Alive Check" confirmation date and time.
2022-10-23 13:42:09 [1] Confirmed the "Link Alive Check". (NextTime=1970-01-01 00:00:00 Result= URL=)
2022-10-23 13:42:09 [2] Confirmed the "Link Alive Check". (NextTime=1970-01-01 00:00:00 Result= URL=)
2022-10-23 13:42:10 [3] Confirmed the "Link Alive Check". (NextTime=1970-01-01 00:00:00 Result= URL=)
2022-10-23 13:42:10 [4] Confirmed the "Link Alive Check". (NextTime=1970-01-01 00:00:00 Result= URL=)
2022-10-23 13:42:10 [5] Confirmed the "Link Alive Check". (NextTime=1970-01-01 00:00:00 Result= URL=)
2022-10-23 14:23:02 There were 0 links that passed the next "Check SNS Count" confirmation date and time.
2022-10-23 14:42:14 There were 284 links that passed the next "Link Alive Check" confirmation date and time.
2022-10-23 14:42:14 [1] Confirmed the "Link Alive Check". (NextTime=1970-01-01 00:00:00 Result= URL=)
2022-10-23 14:42:15 [2] Confirmed the "Link Alive Check". (NextTime=1970-01-01 00:00:00 Result= URL=)
2022-10-23 14:42:15 [3] Confirmed the "Link Alive Check". (NextTime=1970-01-01 00:00:00 Result= URL=)
2022-10-23 14:42:15 [4] Confirmed the "Link Alive Check". (NextTime=1970-01-01 00:00:00 Result= URL=)
2022-10-23 14:42:15 [5] Confirmed the "Link Alive Check". (NextTime=1970-01-01 00:00:00 Result= URL=)
2022-10-23 15:24:07 There were 1 links that passed the next "Check SNS Count" confirmation date and time.
2022-10-23 15:24:08 [1] Confirmed the "Check SNS Count". (NextTime=2021-04-15 06:45:09 URL=https://sekailab.com/wp/2018/08/14/movidius-neural-compute-stick-with-orangepi-pc2)
2022-10-23 15:43:26 There were 284 links that passed the next "Link Alive Check" confirmation date and time.
2022-10-23 15:43:26 [1] Confirmed the "Link Alive Check". (NextTime=1970-01-01 00:00:00 Result= URL=)
2022-10-23 15:43:27 [2] Confirmed the "Link Alive Check". (NextTime=1970-01-01 00:00:00 Result= URL=)
2022-10-23 15:43:27 [3] Confirmed the "Link Alive Check". (NextTime=1970-01-01 00:00:00 Result= URL=)
2022-10-23 15:43:27 [4] Confirmed the "Link Alive Check". (NextTime=1970-01-01 00:00:00 Result= URL=)
2022-10-23 15:43:27 [5] Confirmed the "Link Alive Check". (NextTime=1970-01-01 00:00:00 Result= URL=)
2022-10-23 15:53:31 There were 284 links that passed the next "Link Alive Check" confirmation date and time.
2022-10-23 15:53:32 [1] Confirmed the "Link Alive Check". (NextTime=1970-01-01 00:00:00 Result= URL=)
2022-10-23 15:53:32 [2] Confirmed the "Link Alive Check". (NextTime=1970-01-01 00:00:00 Result= URL=)
2022-10-23 15:53:32 [3] Confirmed the "Link Alive Check". (NextTime=1970-01-01 00:00:00 Result= URL=)
2022-10-23 15:53:32 [4] Confirmed the "Link Alive Check". (NextTime=1970-01-01 00:00:00 Result= URL=)
2022-10-23 15:53:32 [5] Confirmed the "Link Alive Check". (NextTime=1970-01-01 00:00:00 Result= URL=)
2022-10-23 16:23:32 There were 1 links that passed the next "Check SNS Count" confirmation date and time.
2022-10-23 16:23:32 [1] Confirmed the "Check SNS Count". (NextTime=2021-04-14 13:39:40 URL=https://sekailab.com/wp/2018/01/13/15w-chinese-laser-cutter-4)
2022-10-23 16:47:24 There were 284 links that passed the next "Link Alive Check" confirmation date and time.
2022-10-23 16:47:24 [1] Confirmed the "Link Alive Check". (NextTime=1970-01-01 00:00:00 Result= URL=)
2022-10-23 16:47:25 [2] Confirmed the "Link Alive Check". (NextTime=1970-01-01 00:00:00 Result= URL=)
2022-10-23 16:47:25 [3] Confirmed the "Link Alive Check". (NextTime=1970-01-01 00:00:00 Result= URL=)
2022-10-23 16:47:25 [4] Confirmed the "Link Alive Check". (NextTime=1970-01-01 00:00:00 Result= URL=)
2022-10-23 16:47:25 [5] Confirmed the "Link Alive Check". (NextTime=1970-01-01 00:00:00 Result= URL=)
2022-10-23 16:54:43 There were 284 links that passed the next "Link Alive Check" confirmation date and time.
2022-10-23 16:54:44 [1] Confirmed the "Link Alive Check". (NextTime=1970-01-01 00:00:00 Result= URL=)
2022-10-23 16:54:44 [2] Confirmed the "Link Alive Check". (NextTime=1970-01-01 00:00:00 Result= URL=)
2022-10-23 16:54:44 [3] Confirmed the "Link Alive Check". (NextTime=1970-01-01 00:00:00 Result= URL=)
2022-10-23 16:54:44 [4] Confirmed the "Link Alive Check". (NextTime=1970-01-01 00:00:00 Result= URL=)
2022-10-23 16:54:45 [5] Confirmed the "Link Alive Check". (NextTime=1970-01-01 00:00:00 Result= URL=)
2022-10-23 17:24:40 There were 5 links that passed the next "Check SNS Count" confirmation date and time.
2022-10-23 17:24:40 [1] Confirmed the "Check SNS Count". (NextTime=2021-04-06 18:46:30 URL=https://www.quora.com/How-does-Distil-Networks-Bot-and-Scraper-Detection-work-Are-there-advantages-to-its-technology-as-compared-to-other-competitors)
2022-10-23 17:24:40 [2] Confirmed the "Check SNS Count". (NextTime=2021-03-22 03:43:27 URL=https://sekailab.com/wp/2012/10/27/c%e3%81%a7%e3%80%8c%e3%81%af%e3%81%98%e3%82%81%e3%81%a6%e3%81%ae%e6%a9%9f%e6%a2%b0%e5%ad%a6%e7%bf%92%e3%80%8d4%e7%ab%a0/)
2022-10-23 17:24:40 [3] Confirmed the "Check SNS Count". (NextTime=2021-04-14 14:44:38 URL=https://github.com/binzume/altglyph)
2022-10-23 17:24:40 [4] Confirmed the "Check SNS Count". (NextTime=2021-03-21 05:02:21 URL=https://www.amazon.co.jp/Taulman3D-PC-Alloy910-Taulman3D-Alloy-910-%E3%82%A2%E3%83%AD%E3%82%A4910-1-75mm/dp/B01AY71K5M/ref=as_li_ss_il?ie=UTF8&#038;qid=1523541968&#038;sr=8-1&#038;keywords=alloy+910&#038;linkCode=li2&#038;tag=drunkar-22&#038;linkId=d8e9041dfc8c404620294b339eb3f493)
2022-10-23 17:24:40 [5] Confirmed the "Check SNS Count". (NextTime=2021-04-14 08:33:27 URL=https://www.razer.com/Gaming-System/Razer-Blade-B5/p/RZ09-01952E33-R3U1)
2022-10-23 17:47:54 There were 284 links that passed the next "Link Alive Check" confirmation date and time.
2022-10-23 17:47:54 [1] Confirmed the "Link Alive Check". (NextTime=1970-01-01 00:00:00 Result= URL=)
2022-10-23 17:47:54 [2] Confirmed the "Link Alive Check". (NextTime=1970-01-01 00:00:00 Result= URL=)
2022-10-23 17:47:54 [3] Confirmed the "Link Alive Check". (NextTime=1970-01-01 00:00:00 Result= URL=)
2022-10-23 17:47:54 [4] Confirmed the "Link Alive Check". (NextTime=1970-01-01 00:00:00 Result= URL=)
2022-10-23 17:47:55 [5] Confirmed the "Link Alive Check". (NextTime=1970-01-01 00:00:00 Result= URL=)
2022-10-23 18:23:17 There were 1 links that passed the next "Check SNS Count" confirmation date and time.
2022-10-23 18:23:17 [1] Confirmed the "Check SNS Count". (NextTime=2021-04-06 01:15:34 URL=https://www.kanzen-creditcard.com/knowledge/exchange_rate.html)
2022-10-23 18:24:01 There were 0 links that passed the next "Check SNS Count" confirmation date and time.
2022-10-23 18:49:58 There were 284 links that passed the next "Link Alive Check" confirmation date and time.
2022-10-23 18:49:58 [1] Confirmed the "Link Alive Check". (NextTime=1970-01-01 00:00:00 Result= URL=)
2022-10-23 18:49:58 [2] Confirmed the "Link Alive Check". (NextTime=1970-01-01 00:00:00 Result= URL=)
2022-10-23 18:49:59 [3] Confirmed the "Link Alive Check". (NextTime=1970-01-01 00:00:00 Result= URL=)
2022-10-23 18:49:59 [4] Confirmed the "Link Alive Check". (NextTime=1970-01-01 00:00:00 Result= URL=)
2022-10-23 18:49:59 [5] Confirmed the "Link Alive Check". (NextTime=1970-01-01 00:00:00 Result= URL=)
2022-10-23 19:24:13 There were 0 links that passed the next "Check SNS Count" confirmation date and time.
2022-10-23 19:50:09 There were 284 links that passed the next "Link Alive Check" confirmation date and time.
2022-10-23 19:50:09 [1] Confirmed the "Link Alive Check". (NextTime=1970-01-01 00:00:00 Result= URL=)
2022-10-23 19:50:09 [2] Confirmed the "Link Alive Check". (NextTime=1970-01-01 00:00:00 Result= URL=)
2022-10-23 19:50:09 [3] Confirmed the "Link Alive Check". (NextTime=1970-01-01 00:00:00 Result= URL=)
2022-10-23 19:50:10 [4] Confirmed the "Link Alive Check". (NextTime=1970-01-01 00:00:00 Result= URL=)
2022-10-23 19:50:10 [5] Confirmed the "Link Alive Check". (NextTime=1970-01-01 00:00:00 Result= URL=)
2022-10-23 20:25:00 There were 1 links that passed the next "Check SNS Count" confirmation date and time.
2022-10-23 20:25:00 [1] Confirmed the "Check SNS Count". (NextTime=2021-03-22 14:03:05 URL=https://sekailab.com/wp/2018/06/09/best-practice-of-cooling-razer-blade/)
2022-10-23 20:50:41 There were 284 links that passed the next "Link Alive Check" confirmation date and time.
2022-10-23 20:50:41 [1] Confirmed the "Link Alive Check". (NextTime=1970-01-01 00:00:00 Result= URL=)
2022-10-23 20:50:41 [2] Confirmed the "Link Alive Check". (NextTime=1970-01-01 00:00:00 Result= URL=)
2022-10-23 20:50:41 [3] Confirmed the "Link Alive Check". (NextTime=1970-01-01 00:00:00 Result= URL=)
2022-10-23 20:50:42 [4] Confirmed the "Link Alive Check". (NextTime=1970-01-01 00:00:00 Result= URL=)
2022-10-23 20:50:42 [5] Confirmed the "Link Alive Check". (NextTime=1970-01-01 00:00:00 Result= URL=)
2022-10-23 21:25:56 There were 0 links that passed the next "Check SNS Count" confirmation date and time.
2022-10-23 21:51:43 There were 284 links that passed the next "Link Alive Check" confirmation date and time.
2022-10-23 21:51:43 [1] Confirmed the "Link Alive Check". (NextTime=1970-01-01 00:00:00 Result= URL=)
2022-10-23 21:51:44 [2] Confirmed the "Link Alive Check". (NextTime=1970-01-01 00:00:00 Result= URL=)
2022-10-23 21:51:44 [3] Confirmed the "Link Alive Check". (NextTime=1970-01-01 00:00:00 Result= URL=)
2022-10-23 21:51:44 [4] Confirmed the "Link Alive Check". (NextTime=1970-01-01 00:00:00 Result= URL=)
2022-10-23 21:51:44 [5] Confirmed the "Link Alive Check". (NextTime=1970-01-01 00:00:00 Result= URL=)
2022-10-23 22:23:42 There were 3 links that passed the next "Check SNS Count" confirmation date and time.
2022-10-23 22:23:42 [1] Confirmed the "Check SNS Count". (NextTime=2021-03-21 00:51:18 URL=https://sekailab.com/wp/2018/05/28/4000-yen-bluetooth-earphone-for-bath-time/)
2022-10-23 22:23:42 [2] Confirmed the "Check SNS Count". (NextTime=2021-03-25 22:07:02 URL=https://www.amazon.co.jp/gp/product/B0018O10OW/ref=as_li_ss_il?ie=UTF8&#038;psc=1&#038;linkCode=li2&#038;tag=drunkar-22&#038;linkId=5f8eb590e22ac072f26ba7a6ef60007f)
2022-10-23 22:23:42 [3] Confirmed the "Check SNS Count". (NextTime=2021-04-03 04:35:19 URL=https://github.com/thunil/TecoGAN)
2022-10-23 22:53:55 There were 284 links that passed the next "Link Alive Check" confirmation date and time.
2022-10-23 22:53:55 [1] Confirmed the "Link Alive Check". (NextTime=1970-01-01 00:00:00 Result= URL=)
2022-10-23 22:53:55 [2] Confirmed the "Link Alive Check". (NextTime=1970-01-01 00:00:00 Result= URL=)
2022-10-23 22:53:56 [3] Confirmed the "Link Alive Check". (NextTime=1970-01-01 00:00:00 Result= URL=)
2022-10-23 22:53:56 [4] Confirmed the "Link Alive Check". (NextTime=1970-01-01 00:00:00 Result= URL=)
2022-10-23 22:53:56 [5] Confirmed the "Link Alive Check". (NextTime=1970-01-01 00:00:00 Result= URL=)
2022-10-23 23:23:32 There were 1 links that passed the next "Check SNS Count" confirmation date and time.
2022-10-23 23:23:32 [1] Confirmed the "Check SNS Count". (NextTime=2021-03-24 08:06:19 URL=https://www.amazon.co.jp/Gold-Standard-100-%E3%82%A8%E3%82%AF%E3%82%B9%E3%83%88%E3%83%AA%E3%83%BC%E3%83%A0%E3%83%81%E3%83%A7%E3%82%B3%E3%83%AC%E3%83%BC%E3%83%88-2-27kg/dp/B01L1NX32Q/ref=as_li_ss_il?ie=UTF8&#038;qid=1483631295&#038;sr=8-2&#038;keywords=Gold+Standard+100%25&#038;linkCode=li2&#038;tag=drunkar-22&#038;linkId=1e8286abc92678776dfd2dfeef1b05e3)
2022-10-23 23:56:40 There were 284 links that passed the next "Link Alive Check" confirmation date and time.
2022-10-23 23:56:40 [1] Confirmed the "Link Alive Check". (NextTime=1970-01-01 00:00:00 Result= URL=)
2022-10-23 23:56:40 [2] Confirmed the "Link Alive Check". (NextTime=1970-01-01 00:00:00 Result= URL=)
2022-10-23 23:56:40 [3] Confirmed the "Link Alive Check". (NextTime=1970-01-01 00:00:00 Result= URL=)
2022-10-23 23:56:41 [4] Confirmed the "Link Alive Check". (NextTime=1970-01-01 00:00:00 Result= URL=)
2022-10-23 23:56:41 [5] Confirmed the "Link Alive Check". (NextTime=1970-01-01 00:00:00 Result= URL=)
