2024-03-07 06:25:13 There were 11 links that passed the next "Check SNS Count" confirmation date and time.
2024-03-07 06:25:13 [1] Confirmed the "Check SNS Count". (NextTime=2021-04-06 23:27:45 URL=https://github.com/Drunkar/tensor2tensor-optuna)
2024-03-07 06:25:13 [2] Confirmed the "Check SNS Count". (NextTime=2021-04-08 05:18:25 URL=https://www.banggood.com/D5S-Projector-Android-Wifi-Portable-Mini-Outdoor-Built-in-Battery-DLP-Android-7_1-Smart-Projector-p-1352389.html?p=DR062131921252201904&#038;cur_warehouse=CN)
2024-03-07 06:25:13 [3] Confirmed the "Check SNS Count". (NextTime=2021-03-20 07:05:20 URL=http://mizunashi-rin.hatenablog.jp/entry/2017/02/15/002342)
2024-03-07 06:25:13 [4] Confirmed the "Check SNS Count". (NextTime=2021-03-21 06:01:15 URL=https://www.banggood.com/RunCam-Nano-2-13-700TVL-1_8mm2_1mm-FOV-155170-Degree-CMOS-FPV-Camera-for-FPV-RC-Drone-p-1469656.html?p=K226105168701201606R)
2024-03-07 06:25:13 [5] Confirmed the "Check SNS Count". (NextTime=2021-04-14 14:42:51 URL=https://ja.wikipedia.org/wiki/%E5%BA%83%E6%B7%B1%E6%B8%AF%E9%AB%98%E9%80%9F%E9%89%84%E9%81%93)
2024-03-07 06:25:13 [6] Confirmed the "Check SNS Count". (NextTime=2021-03-22 03:43:27 URL=https://sekailab.com/wp/2012/10/27/c%e3%81%a7%e3%80%8c%e3%81%af%e3%81%98%e3%82%81%e3%81%a6%e3%81%ae%e6%a9%9f%e6%a2%b0%e5%ad%a6%e7%bf%92%e3%80%8d4%e7%ab%a0/)
2024-03-07 06:25:13 [7] Confirmed the "Check SNS Count". (NextTime=2021-04-07 14:47:21 URL=https://www.banggood.com/Vivibright-GP100UP-Android-6_01-WIFI-Smart-LED-Projector-3500-Lumens-1280x800p-1080P-HD-Home-Theater-p-1203164.html?p=YT180431296767201903&#038;cur_warehouse=CN)
2024-03-07 06:25:13 [8] Confirmed the "Check SNS Count". (NextTime=2021-03-21 09:07:53 URL=https://www.amazon.co.jp/gp/product/B003CFKLLS/ref=as_li_ss_il?ie=UTF8&#038;psc=1&#038;linkCode=li2&#038;tag=drunkar-22&#038;linkId=f6daf09c395a2a8368e952ab551ddb08)
2024-03-07 06:25:13 [9] Confirmed the "Check SNS Count". (NextTime=2021-03-23 03:28:45 URL=https://www.banggood.com/International-Version-Xiaomi-AMAZFIT-Huami-Stratos-Sports-Smart-Watch-2-GPS-1_34inch-2_5D-Screen-5ATM-p-1240814.html?p=K226105168701201606R)
2024-03-07 06:25:14 [10] Confirmed the "Check SNS Count". (NextTime=2021-04-14 23:36:28 URL=https://sekailab.com/wp/2020/03/25/deepl-translation-with-kindle-cloud-reader)
2024-03-07 06:25:14 There were 284 links that passed the next "Link Alive Check" confirmation date and time.
2024-03-07 06:25:14 [1] Confirmed the "Link Alive Check". (NextTime=1970-01-01 00:00:00 Result= URL=)
2024-03-07 06:25:14 [2] Confirmed the "Link Alive Check". (NextTime=1970-01-01 00:00:00 Result= URL=)
2024-03-07 06:25:14 [3] Confirmed the "Link Alive Check". (NextTime=1970-01-01 00:00:00 Result= URL=)
2024-03-07 06:25:15 [4] Confirmed the "Link Alive Check". (NextTime=1970-01-01 00:00:00 Result= URL=)
2024-03-07 06:25:23 [5] Confirmed the "Link Alive Check". (NextTime=1970-01-01 00:00:00 Result= URL=)
2024-03-07 06:25:23 There were 284 links that passed the next "Link Alive Check" confirmation date and time.
2024-03-07 06:25:23 [1] Confirmed the "Link Alive Check". (NextTime=1970-01-01 00:00:00 Result= URL=)
2024-03-07 06:25:23 [2] Confirmed the "Link Alive Check". (NextTime=1970-01-01 00:00:00 Result= URL=)
2024-03-07 06:25:23 [3] Confirmed the "Link Alive Check". (NextTime=1970-01-01 00:00:00 Result= URL=)
2024-03-07 06:25:23 [4] Confirmed the "Link Alive Check". (NextTime=1970-01-01 00:00:00 Result= URL=)
2024-03-07 06:25:23 [5] Confirmed the "Link Alive Check". (NextTime=1970-01-01 00:00:00 Result= URL=)
2024-03-07 08:26:48 There were 1 links that passed the next "Check SNS Count" confirmation date and time.
2024-03-07 08:26:48 [1] Confirmed the "Check SNS Count". (NextTime=2021-03-20 01:00:20 URL=https://learn.unity.com/tutorial/working-with-the-unity-recorder-2019-3#5e1efe8bedbc2a0029fbc0d6)
2024-03-07 08:28:22 There were 0 links that passed the next "Check SNS Count" confirmation date and time.
2024-03-07 08:28:22 There were 284 links that passed the next "Link Alive Check" confirmation date and time.
2024-03-07 08:28:22 [1] Confirmed the2024-03-07 12:09:23 There were 2 links that passed the next "Check SNS Count" confirmation date and time.
2024-03-07 12:09:23 [1] Confirmed the "Check SNS Count". (NextTime=2021-04-16 03:26:46 URL=https://sekailab.com/wp/2016/11/29/in-this-corner-of-the-world)
2024-03-07 12:09:23 [2] Confirmed the "Check SNS Count". (NextTime=2021-04-06 19:40:18 URL=https://www.amazon.co.jp/SIGMA-%E5%8D%98%E7%84%A6%E7%82%B9%E8%B6%85%E5%BA%83%E8%A7%92%E3%83%AC%E3%83%B3%E3%82%BA-14mm-%E3%82%AD%E3%83%A4%E3%83%8E%E3%83%B3%E7%94%A8-%E3%83%95%E3%83%AB%E3%82%B5%E3%82%A4%E3%82%BA%E5%AF%BE%E5%BF%9C/dp/B072KTCV4D/ref=as_li_ss_il?__mk_ja_JP=%E3%82%AB%E3%82%BF%E3%82%AB%E3%83%8A&#038;keywords=SIGMA%E3%81%AE14mm+F1.8+DG+HSM&#038;qid=1556022655&#038;s=gateway&#038;sr=8-1-fkmr0&#038;linkCode=li2&#038;tag=drunkar-22&#038;linkId=d92b94824677fb5602d02799be9e75c3)
2024-03-07 12:09:23 There were 284 links that passed the next "Link Alive Check" confirmation date and time.
2024-03-07 12:09:24 [1] Confirmed the "Link Alive Check". (NextTime=1970-01-01 00:00:00 Result= URL=)
2024-03-07 12:09:24 [2] Confirmed the "Link Alive Check". (NextTime=1970-01-01 00:00:00 Result= URL=)
2024-03-07 12:09:24 [3] Confirmed the "Link Alive Check". (NextTime=1970-01-01 00:00:00 Result= URL=)
2024-03-07 12:09:24 [4] Confirmed the "Link Alive Check". (NextTime=1970-01-01 00:00:00 Result= URL=)
2024-03-07 12:09:24 [5] Confirmed the "Link Alive Check". (NextTime=1970-01-01 00:00:00 Result= URL=)
