2023-06-16 00:15:21 There were 284 links that passed the next "Link Alive Check" confirmation date and time.
2023-06-16 00:15:22 [1] Confirmed the "Link Alive Check". (NextTime=1970-01-01 00:00:00 Result= URL=)
2023-06-16 00:15:22 [2] Confirmed the "Link Alive Check". (NextTime=1970-01-01 00:00:00 Result= URL=)
2023-06-16 00:15:22 [3] Confirmed the "Link Alive Check". (NextTime=1970-01-01 00:00:00 Result= URL=)
2023-06-16 00:15:22 [4] Confirmed the "Link Alive Check". (NextTime=1970-01-01 00:00:00 Result= URL=)
2023-06-16 00:15:22 [5] Confirmed the "Link Alive Check". (NextTime=1970-01-01 00:00:00 Result= URL=)
2023-06-16 00:23:39 There were 2 links that passed the next "Check SNS Count" confirmation date and time.
2023-06-16 00:23:39 [1] Confirmed the "Check SNS Count". (NextTime=2021-03-21 00:43:30 URL=https://www.amazon.co.jp/gp/product/B075DCVQC5/ref=as_li_ss_il?ie=UTF8&#038;th=1&#038;linkCode=li2&#038;tag=drunkar-22&#038;linkId=a5e6477cdc20f78703f077db59aabbd2)
2023-06-16 00:23:39 [2] Confirmed the "Check SNS Count". (NextTime=2021-04-14 14:56:32 URL=https://www.amazon.co.jp/gp/product/B088NS4JQZ/ref=as_li_ss_il?ie=UTF8&#038;psc=1&#038;linkCode=li2&#038;tag=drunkar-22&#038;linkId=13d482d10648879823ff86fe77c3ea3e)
2023-06-16 00:34:52 There were 284 links that passed the next "Link Alive Check" confirmation date and time.
2023-06-16 00:34:53 [1] Confirmed the "Link Alive Check". (NextTime=1970-01-01 00:00:00 Result= URL=)
2023-06-16 00:34:53 [2] Confirmed the "Link Alive Check". (NextTime=1970-01-01 00:00:00 Result= URL=)
2023-06-16 00:34:53 [3] Confirmed the "Link Alive Check". (NextTime=1970-01-01 00:00:00 Result= URL=)
2023-06-16 00:34:53 [4] Confirmed the "Link Alive Check". (NextTime=1970-01-01 00:00:00 Result= URL=)
2023-06-16 00:34:54 [5] Confirmed the "Link Alive Check". (NextTime=1970-01-01 00:00:00 Result= URL=)
2023-06-16 00:59:56 There were 284 links that passed the next "Link Alive Check" confirmation date and time.
2023-06-16 00:59:56 [1] Confirmed the "Link Alive Check". (NextTime=1970-01-01 00:00:00 Result= URL=)
2023-06-16 00:59:56 [2] Confirmed the "Link Alive Check". (NextTime=1970-01-01 00:00:00 Result= URL=)
2023-06-16 00:59:56 [3] Confirmed the "Link Alive Check". (NextTime=1970-01-01 00:00:00 Result= URL=)
2023-06-16 00:59:56 [4] Confirmed the "Link Alive Check". (NextTime=1970-01-01 00:00:00 Result= URL=)
2023-06-16 00:59:57 [5] Confirmed the "Link Alive Check". (NextTime=1970-01-01 00:00:00 Result= URL=)
2023-06-16 01:15:36 There were 284 links that passed the next "Link Alive Check" confirmation date and time.
2023-06-16 01:15:36 [1] Confirmed the "Link Alive Check". (NextTime=1970-01-01 00:00:00 Result= URL=)
2023-06-16 01:15:36 [2] Confirmed the "Link Alive Check". (NextTime=1970-01-01 00:00:00 Result= URL=)
2023-06-16 01:15:36 [3] Confirmed the "Link Alive Check". (NextTime=1970-01-01 00:00:00 Result= URL=)
2023-06-16 01:15:37 [4] Confirmed the "Link Alive Check". (NextTime=1970-01-01 00:00:00 Result= URL=)
2023-06-16 01:15:37 [5] Confirmed the "Link Alive Check". (NextTime=1970-01-01 00:00:00 Result= URL=)
2023-06-16 01:24:43 There were 2 links that passed the next "Check SNS Count" confirmation date and time.
2023-06-16 01:24:43 [1] Confirmed the "Check SNS Count". (NextTime=2021-04-12 01:10:45 URL=https://www.amazon.co.jp/%E3%82%AA%E3%83%97%E3%83%86%E3%82%A3%E3%83%9E%E3%83%A0%E3%83%8B%E3%83%A5%E3%83%BC%E3%83%88%E3%83%AA%E3%82%B7%E3%83%A7%E3%83%B3-Optimum-Nutrition-%E3%82%AF%E3%83%AC%E3%82%A2%E3%83%81%E3%83%B3%E3%83%91%E3%82%A6%E3%83%80%E3%83%BC-600g/dp/B000BT8U5W/ref=as_li_ss_il?__mk_ja_JP=%E3%82%AB%E3%82%BF%E3%82%AB%E3%83%8A&#038;keywords=%E3%82%AF%E3%83%AC%E3%82%A2%E3%83%81%E3%83%B3&#038;qid=1553338137&#038;s=gateway&#038;sr=8-3&#038;linkCode=li2&#038;tag=drunkar-22&#038;linkId=63b54101aa4a78f96c6739ec39d86e74&#038;language=ja_JP)
2023-06-16 01:24:43 [2] Confirmed the "Check SNS Count". (NextTime=2021-04-18 05:12:40 URL=https://unity3d.com/jp/get-unity/download/archive)
2023-06-16 01:35:09 There were 284 links that passed the next "Link Alive Check" confirmation date and time.
2023-06-16 01:35:09 [1] Confirmed the "Link Alive Check". (NextTime=1970-01-01 00:00:00 Result= URL=)
2023-06-16 01:35:09 [2] Confirmed the "Link Alive Check". (NextTime=1970-01-01 00:00:00 Result= URL=)
2023-06-16 01:35:10 [3] Confirmed the "Link Alive Check". (NextTime=1970-01-01 00:00:00 Result= URL=)
2023-06-16 01:35:10 [4] Confirmed the "Link Alive Check". (NextTime=1970-01-01 00:00:00 Result= URL=)
2023-06-16 01:35:10 [5] Confirmed the "Link Alive Check". (NextTime=1970-01-01 00:00:00 Result= URL=)
2023-06-16 02:00:08 There were 284 links that passed the next "Link Alive Check" confirmation date and time.
2023-06-16 02:00:08 [1] Confirmed the "Link Alive Check". (NextTime=1970-01-01 00:00:00 Result= URL=)
2023-06-16 02:00:08 [2] Confirmed the "Link Alive Check". (NextTime=1970-01-01 00:00:00 Result= URL=)
2023-06-16 02:00:08 [3] Confirmed the "Link Alive Check". (NextTime=1970-01-01 00:00:00 Result= URL=)
2023-06-16 02:00:08 [4] Confirmed the "Link Alive Check". (NextTime=1970-01-01 00:00:00 Result= URL=)
2023-06-16 02:00:09 [5] Confirmed the "Link Alive Check". (NextTime=1970-01-01 00:00:00 Result= URL=)
2023-06-16 02:16:11 There were 284 links that passed the next "Link Alive Check" confirmation date and time.
2023-06-16 02:16:11 [1] Confirmed the "Link Alive Check". (NextTime=1970-01-01 00:00:00 Result= URL=)
2023-06-16 02:16:11 [2] Confirmed the "Link Alive Check". (NextTime=1970-01-01 00:00:00 Result= URL=)
2023-06-16 02:16:12 [3] Confirmed the "Link Alive Check". (NextTime=1970-01-01 00:00:00 Result= URL=)
2023-06-16 02:16:12 [4] Confirmed the "Link Alive Check". (NextTime=1970-01-01 00:00:00 Result= URL=)
2023-06-16 02:16:12 [5] Confirmed the "Link Alive Check". (NextTime=1970-01-01 00:00:00 Result= URL=)
2023-06-16 02:24:49 There were 3 links that passed the next "Check SNS Count" confirmation date and time.
2023-06-16 02:24:49 [1] Confirmed the "Check SNS Count". (NextTime=2021-04-15 10:00:06 URL=https://sekailab.com/wp/2019/03/31/deep-learning-framworks-windows10)
2023-06-16 02:24:49 [2] Confirmed the "Check SNS Count". (NextTime=2021-03-23 13:11:35 URL=https://developer.nvidia.com/cuda-80-download-archive)
2023-06-16 02:24:49 [3] Confirmed the "Check SNS Count". (NextTime=2021-03-21 03:12:44 URL=https://www.amazon.co.jp/%E3%82%A8%E3%83%AC%E3%82%B3%E3%83%A0-150Mbps-2-4GHz%E5%B0%82%E7%94%A8-%E3%82%B3%E3%83%B3%E3%83%91%E3%82%AF%E3%83%88%E3%83%A2%E3%83%87%E3%83%AB-WDC-150SU2MBK/dp/B00JTSF7DY/ref=as_li_ss_il?ie=UTF8&#038;linkCode=li2&#038;tag=drunkar-22&#038;linkId=68e85a82df1130f6e44bb9e226d4dce6&#038;language=ja_JP)
2023-06-16 02:36:21 There were 284 links that passed the next "Link Alive Check" confirmation date and time.
2023-06-16 02:36:22 [1] Confirmed the "Link Alive Check". (NextTime=1970-01-01 00:00:00 Result= URL=)
2023-06-16 02:36:22 [2] Confirmed the "Link Alive Check". (NextTime=1970-01-01 00:00:00 Result= URL=)
2023-06-16 02:36:22 [3] Confirmed the "Link Alive Check". (NextTime=1970-01-01 00:00:00 Result= URL=)
2023-06-16 02:36:22 [4] Confirmed the "Link Alive Check". (NextTime=1970-01-01 00:00:00 Result= URL=)
2023-06-16 02:36:22 [5] Confirmed the "Link Alive Check". (NextTime=1970-01-01 00:00:00 Result= URL=)
2023-06-16 03:00:17 There were 284 links that passed the next "Link Alive Check" confirmation date and time.
2023-06-16 03:00:17 [1] Confirmed the "Link Alive Check". (NextTime=1970-01-01 00:00:00 Result= URL=)
2023-06-16 03:00:17 [2] Confirmed the "Link Alive Check". (NextTime=1970-01-01 00:00:00 Result= URL=)
2023-06-16 03:00:18 [3] Confirmed the "Link Alive Check". (NextTime=1970-01-01 00:00:00 Result= URL=)
2023-06-16 03:00:18 [4] Confirmed the "Link Alive Check". (NextTime=1970-01-01 00:00:00 Result= URL=)
2023-06-16 03:00:18 [5] Confirmed the "Link Alive Check". (NextTime=1970-01-01 00:00:00 Result= URL=)
2023-06-16 03:16:30 There were 284 links that passed the next "Link Alive Check" confirmation date and time.
2023-06-16 03:16:31 [1] Confirmed the "Link Alive Check". (NextTime=1970-01-01 00:00:00 Result= URL=)
2023-06-16 03:16:31 [2] Confirmed the "Link Alive Check". (NextTime=1970-01-01 00:00:00 Result= URL=)
2023-06-16 03:16:31 [3] Confirmed the "Link Alive Check". (NextTime=1970-01-01 00:00:00 Result= URL=)
2023-06-16 03:16:31 [4] Confirmed the "Link Alive Check". (NextTime=1970-01-01 00:00:00 Result= URL=)
2023-06-16 03:16:32 [5] Confirmed the "Link Alive Check". (NextTime=1970-01-01 00:00:00 Result= URL=)
2023-06-16 03:26:00 There were 0 links that passed the next "Check SNS Count" confirmation date and time.
2023-06-16 03:38:12 There were 284 links that passed the next "Link Alive Check" confirmation date and time.
2023-06-16 03:38:12 [1] Confirmed the "Link Alive Check". (NextTime=1970-01-01 00:00:00 Result= URL=)
2023-06-16 03:38:12 [2] Confirmed the "Link Alive Check". (NextTime=1970-01-01 00:00:00 Result= URL=)
2023-06-16 03:38:12 [3] Confirmed the "Link Alive Check". (NextTime=1970-01-01 00:00:00 Result= URL=)
2023-06-16 03:38:13 [4] Confirmed the "Link Alive Check". (NextTime=1970-01-01 00:00:00 Result= URL=)
2023-06-16 03:38:13 [5] Confirmed the "Link Alive Check". (NextTime=1970-01-01 00:00:00 Result= URL=)
2023-06-16 04:06:34 There were 284 links that passed the next "Link Alive Check" confirmation date and time.
2023-06-16 04:06:35 [1] Confirmed the "Link Alive Check". (NextTime=1970-01-01 00:00:00 Result= URL=)
2023-06-16 04:06:35 [2] Confirmed the "Link Alive Check". (NextTime=1970-01-01 00:00:00 Result= URL=)
2023-06-16 04:06:35 [3] Confirmed the "Link Alive Check". (NextTime=1970-01-01 00:00:00 Result= URL=)
2023-06-16 04:06:35 [4] Confirmed the "Link Alive Check". (NextTime=1970-01-01 00:00:00 Result= URL=)
2023-06-16 04:06:36 [5] Confirmed the "Link Alive Check". (NextTime=1970-01-01 00:00:00 Result= URL=)
2023-06-16 04:16:44 There were 284 links that passed the next "Link Alive Check" confirmation date and time.
2023-06-16 04:16:44 [1] Confirmed the "Link Alive Check". (NextTime=1970-01-01 00:00:00 Result= URL=)
2023-06-16 04:16:44 [2] Confirmed the "Link Alive Check". (NextTime=1970-01-01 00:00:00 Result= URL=)
2023-06-16 04:16:44 [3] Confirmed the "Link Alive Check". (NextTime=1970-01-01 00:00:00 Result= URL=)
2023-06-16 04:16:45 [4] Confirmed the "Link Alive Check". (NextTime=1970-01-01 00:00:00 Result= URL=)
2023-06-16 04:16:45 [5] Confirmed the "Link Alive Check". (NextTime=1970-01-01 00:00:00 Result= URL=)
2023-06-16 04:23:47 There were 0 links that passed the next "Check SNS Count" confirmation date and time.
2023-06-16 04:40:43 There were 284 links that passed the next "Link Alive Check" confirmation date and time.
2023-06-16 04:40:43 [1] Confirmed the "Link Alive Check". (NextTime=1970-01-01 00:00:00 Result= URL=)
2023-06-16 04:40:44 [2] Confirmed the "Link Alive Check". (NextTime=1970-01-01 00:00:00 Result= URL=)
2023-06-16 04:40:44 [3] Confirmed the "Link Alive Check". (NextTime=1970-01-01 00:00:00 Result= URL=)
2023-06-16 04:40:44 [4] Confirmed the "Link Alive Check". (NextTime=1970-01-01 00:00:00 Result= URL=)
2023-06-16 04:40:44 [5] Confirmed the "Link Alive Check". (NextTime=1970-01-01 00:00:00 Result= URL=)
2023-06-16 05:07:16 There were 284 links that passed the next "Link Alive Check" confirmation date and time.
2023-06-16 05:07:16 [1] Confirmed the "Link Alive Check". (NextTime=1970-01-01 00:00:00 Result= URL=)
2023-06-16 05:07:17 [2] Confirmed the "Link Alive Check". (NextTime=1970-01-01 00:00:00 Result= URL=)
2023-06-16 05:07:17 [3] Confirmed the "Link Alive Check". (NextTime=1970-01-01 00:00:00 Result= URL=)
2023-06-16 05:07:17 [4] Confirmed the "Link Alive Check". (NextTime=1970-01-01 00:00:00 Result= URL=)
2023-06-16 05:07:17 [5] Confirmed the "Link Alive Check". (NextTime=1970-01-01 00:00:00 Result= URL=)
2023-06-16 05:18:25 There were 284 links that passed the next "Link Alive Check" confirmation date and time.
2023-06-16 05:18:25 [1] Confirmed the "Link Alive Check". (NextTime=1970-01-01 00:00:00 Result= URL=)
2023-06-16 05:18:25 [2] Confirmed the "Link Alive Check". (NextTime=1970-01-01 00:00:00 Result= URL=)
2023-06-16 05:18:26 [3] Confirmed the "Link Alive Check". (NextTime=1970-01-01 00:00:00 Result= URL=)
2023-06-16 05:18:26 [4] Confirmed the "Link Alive Check". (NextTime=1970-01-01 00:00:00 Result= URL=)
2023-06-16 05:18:26 [5] Confirmed the "Link Alive Check". (NextTime=1970-01-01 00:00:00 Result= URL=)
2023-06-16 05:24:00 There were 1 links that passed the next "Check SNS Count" confirmation date and time.
2023-06-16 05:24:00 [1] Confirmed the "Check SNS Count". (NextTime=2021-03-24 23:08:57 URL=https://amzn.to/2GTEzKk)
2023-06-16 05:42:32 There were 284 links that passed the next "Link Alive Check" confirmation date and time.
2023-06-16 05:42:32 [1] Confirmed the "Link Alive Check". (NextTime=1970-01-01 00:00:00 Result= URL=)
2023-06-16 05:42:33 [2] Confirmed the "Link Alive Check". (NextTime=1970-01-01 00:00:00 Result= URL=)
2023-06-16 05:42:33 [3] Confirmed the "Link Alive Check". (NextTime=1970-01-01 00:00:00 Result= URL=)
2023-06-16 05:42:33 [4] Confirmed the "Link Alive Check". (NextTime=1970-01-01 00:00:00 Result= URL=)
2023-06-16 05:42:33 [5] Confirmed the "Link Alive Check". (NextTime=1970-01-01 00:00:00 Result= URL=)
2023-06-16 06:07:22 There were 284 links that passed the next "Link Alive Check" confirmation date and time.
2023-06-16 06:07:22 [1] Confirmed the "Link Alive Check". (NextTime=1970-01-01 00:00:00 Result= URL=)
2023-06-16 06:07:22 [2] Confirmed the "Link Alive Check". (NextTime=1970-01-01 00:00:00 Result= URL=)
2023-06-16 06:07:23 [3] Confirmed the "Link Alive Check". (NextTime=1970-01-01 00:00:00 Result= URL=)
2023-06-16 06:07:23 [4] Confirmed the "Link Alive Check". (NextTime=1970-01-01 00:00:00 Result= URL=)
2023-06-16 06:07:23 [5] Confirmed the "Link Alive Check". (NextTime=1970-01-01 00:00:00 Result= URL=)
2023-06-16 06:20:15 There were 284 links that passed the next "Link Alive Check" confirmation date and time.
2023-06-16 06:20:15 [1] Confirmed the "Link Alive Check". (NextTime=1970-01-01 00:00:00 Result= URL=)
2023-06-16 06:20:15 [2] Confirmed the "Link Alive Check". (NextTime=1970-01-01 00:00:00 Result= URL=)
2023-06-16 06:20:15 [3] Confirmed the "Link Alive Check". (NextTime=1970-01-01 00:00:00 Result= URL=)
2023-06-16 06:20:16 [4] Confirmed the "Link Alive Check". (NextTime=1970-01-01 00:00:00 Result= URL=)
2023-06-16 06:20:16 [5] Confirmed the "Link Alive Check". (NextTime=1970-01-01 00:00:00 Result= URL=)
2023-06-16 06:24:27 There were 2 links that passed the next "Check SNS Count" confirmation date and time.
2023-06-16 06:24:27 [1] Confirmed the "Check SNS Count". (NextTime=2021-03-22 08:07:22 URL=https://www.amazon.co.jp/gp/product/B001D2Z2S4/ref=as_li_ss_il?ie=UTF8&#038;psc=1&#038;linkCode=li2&#038;tag=drunkar-22&#038;linkId=c90ca85b4004d7080a44c2fbf8baa85d)
2023-06-16 06:24:28 [2] Confirmed the "Check SNS Count". (NextTime=2021-04-18 05:41:41 URL=https://www.amazon.co.jp/HARIO-%E3%83%8F%E3%83%AA%E3%82%AA-%E3%82%AB%E3%83%95%E3%82%A7%E3%82%AA%E3%83%BC%E3%83%AB-%E3%82%B3%E3%83%BC%E3%83%92%E3%83%BC%E3%83%89%E3%83%AA%E3%83%83%E3%83%97-CFO-1B/dp/B001LROSZ4/ref=as_li_ss_il?__mk_ja_JP=%E3%82%AB%E3%82%BF%E3%82%AB%E3%83%8A&#038;keywords=%E3%82%AB%E3%83%95%E3%82%A7%E3%82%AA%E3%83%BC%E3%83%AB&#038;qid=1585585674&#038;sr=8-2&#038;linkCode=li2&#038;tag=drunkar-22&#038;linkId=f1f43f6cec9554c6f2b4a4e8d5f43619)
2023-06-16 06:47:13 There were 284 links that passed the next "Link Alive Check" confirmation date and time.
2023-06-16 06:47:13 [1] Confirmed the "Link Alive Check". (NextTime=1970-01-01 00:00:00 Result= URL=)
2023-06-16 06:47:14 [2] Confirmed the "Link Alive Check". (NextTime=1970-01-01 00:00:00 Result= URL=)
2023-06-16 06:47:14 [3] Confirmed the "Link Alive Check". (NextTime=1970-01-01 00:00:00 Result= URL=)
2023-06-16 06:47:14 [4] Confirmed the "Link Alive Check". (NextTime=1970-01-01 00:00:00 Result= URL=)
2023-06-16 06:47:14 [5] Confirmed the "Link Alive Check". (NextTime=1970-01-01 00:00:00 Result= URL=)
2023-06-16 07:08:23 There were 284 links that passed the next "Link Alive Check" confirmation date and time.
2023-06-16 07:08:23 [1] Confirmed the "Link Alive Check". (NextTime=1970-01-01 00:00:00 Result= URL=)
2023-06-16 07:08:24 [2] Confirmed the "Link Alive Check". (NextTime=1970-01-01 00:00:00 Result= URL=)
2023-06-16 07:08:24 [3] Confirmed the "Link Alive Check". (NextTime=1970-01-01 00:00:00 Result= URL=)
2023-06-16 07:08:24 [4] Confirmed the "Link Alive Check". (NextTime=1970-01-01 00:00:00 Result= URL=)
2023-06-16 07:08:24 [5] Confirmed the "Link Alive Check". (NextTime=1970-01-01 00:00:00 Result= URL=)
2023-06-16 07:20:45 There were 284 links that passed the next "Link Alive Check" confirmation date and time.
2023-06-16 07:20:45 [1] Confirmed the "Link Alive Check". (NextTime=1970-01-01 00:00:00 Result= URL=)
2023-06-16 07:20:45 [2] Confirmed the "Link Alive Check". (NextTime=1970-01-01 00:00:00 Result= URL=)
2023-06-16 07:20:46 [3] Confirmed the "Link Alive Check". (NextTime=1970-01-01 00:00:00 Result= URL=)
2023-06-16 07:20:46 [4] Confirmed the "Link Alive Check". (NextTime=1970-01-01 00:00:00 Result= URL=)
2023-06-16 07:20:46 [5] Confirmed the "Link Alive Check". (NextTime=1970-01-01 00:00:00 Result= URL=)
2023-06-16 07:23:33 There were 3 links that passed the next "Check SNS Count" confirmation date and time.
2023-06-16 07:23:33 [1] Confirmed the "Check SNS Count". (NextTime=2021-04-15 04:14:11 URL=https://sekailab.com/wp/2014/12/07/guggenheim-helsinki-image-processing)
2023-06-16 07:23:33 [2] Confirmed the "Check SNS Count". (NextTime=2021-03-21 09:07:53 URL=https://www.amazon.co.jp/gp/product/B003CFKLLS/ref=as_li_ss_il?ie=UTF8&#038;psc=1&#038;linkCode=li2&#038;tag=drunkar-22&#038;linkId=f6daf09c395a2a8368e952ab551ddb08)
2023-06-16 07:23:33 [3] Confirmed the "Check SNS Count". (NextTime=2021-03-20 09:05:33 URL=https://assetstore.unity.com/packages/essentials/unity-recorder-94079)
2023-06-16 07:47:15 There were 284 links that passed the next "Link Alive Check" confirmation date and time.
2023-06-16 07:47:15 [1] Confirmed the "Link Alive Check". (NextTime=1970-01-01 00:00:00 Result= URL=)
2023-06-16 07:47:16 [2] Confirmed the "Link Alive Check". (NextTime=1970-01-01 00:00:00 Result= URL=)
2023-06-16 07:47:16 [3] Confirmed the "Link Alive Check". (NextTime=1970-01-01 00:00:00 Result= URL=)
2023-06-16 07:47:16 [4] Confirmed the "Link Alive Check". (NextTime=1970-01-01 00:00:00 Result= URL=)
2023-06-16 07:47:16 [5] Confirmed the "Link Alive Check". (NextTime=1970-01-01 00:00:00 Result= URL=)
2023-06-16 08:10:41 There were 284 links that passed the next "Link Alive Check" confirmation date and time.
2023-06-16 08:10:42 [1] Confirmed the "Link Alive Check". (NextTime=1970-01-01 00:00:00 Result= URL=)
2023-06-16 08:10:42 [2] Confirmed the "Link Alive Check". (NextTime=1970-01-01 00:00:00 Result= URL=)
2023-06-16 08:10:42 [3] Confirmed the "Link Alive Check". (NextTime=1970-01-01 00:00:00 Result= URL=)
2023-06-16 08:10:42 [4] Confirmed the "Link Alive Check". (NextTime=1970-01-01 00:00:00 Result= URL=)
2023-06-16 08:10:42 [5] Confirmed the "Link Alive Check". (NextTime=1970-01-01 00:00:00 Result= URL=)
2023-06-16 08:21:13 There were 284 links that passed the next "Link Alive Check" confirmation date and time.
2023-06-16 08:21:13 [1] Confirmed the "Link Alive Check". (NextTime=1970-01-01 00:00:00 Result= URL=)
2023-06-16 08:21:14 [2] Confirmed the "Link Alive Check". (NextTime=1970-01-01 00:00:00 Result= URL=)
2023-06-16 08:21:14 [3] Confirmed the "Link Alive Check". (NextTime=1970-01-01 00:00:00 Result= URL=)
2023-06-16 08:21:14 [4] Confirmed the "Link Alive Check". (NextTime=1970-01-01 00:00:00 Result= URL=)
2023-06-16 08:21:14 [5] Confirmed the "Link Alive Check". (NextTime=1970-01-01 00:00:00 Result= URL=)
2023-06-16 08:23:04 There were 1 links that passed the next "Check SNS Count" confirmation date and time.
2023-06-16 08:23:04 [1] Confirmed the "Check SNS Count". (NextTime=2021-03-23 02:02:23 URL=https://sekailab.com/wp/2018/01/12/15w-chinese-laser-cutter-3/)
2023-06-16 08:48:54 There were 284 links that passed the next "Link Alive Check" confirmation date and time.
2023-06-16 08:48:54 [1] Confirmed the "Link Alive Check". (NextTime=1970-01-01 00:00:00 Result= URL=)
2023-06-16 08:48:54 [2] Confirmed the "Link Alive Check". (NextTime=1970-01-01 00:00:00 Result= URL=)
2023-06-16 08:48:54 [3] Confirmed the "Link Alive Check". (NextTime=1970-01-01 00:00:00 Result= URL=)
2023-06-16 08:48:55 [4] Confirmed the "Link Alive Check". (NextTime=1970-01-01 00:00:00 Result= URL=)
2023-06-16 08:48:55 [5] Confirmed the "Link Alive Check". (NextTime=1970-01-01 00:00:00 Result= URL=)
2023-06-16 09:11:09 There were 284 links that passed the next "Link Alive Check" confirmation date and time.
2023-06-16 09:11:09 [1] Confirmed the "Link Alive Check". (NextTime=1970-01-01 00:00:00 Result= URL=)
2023-06-16 09:11:10 [2] Confirmed the "Link Alive Check". (NextTime=1970-01-01 00:00:00 Result= URL=)
2023-06-16 09:11:10 [3] Confirmed the "Link Alive Check". (NextTime=1970-01-01 00:00:00 Result= URL=)
2023-06-16 09:11:10 [4] Confirmed the "Link Alive Check". (NextTime=1970-01-01 00:00:00 Result= URL=)
2023-06-16 09:11:10 [5] Confirmed the "Link Alive Check". (NextTime=1970-01-01 00:00:00 Result= URL=)
2023-06-16 09:23:13 There were 284 links that passed the next "Link Alive Check" confirmation date and time.
2023-06-16 09:23:13 [1] Confirmed the "Link Alive Check". (NextTime=1970-01-01 00:00:00 Result= URL=)
2023-06-16 09:23:13 [2] Confirmed the "Link Alive Check". (NextTime=1970-01-01 00:00:00 Result= URL=)
2023-06-16 09:23:13 [3] Confirmed the "Link Alive Check". (NextTime=1970-01-01 00:00:00 Result= URL=)
2023-06-16 09:23:13 [4] Confirmed the "Link Alive Check". (NextTime=1970-01-01 00:00:00 Result= URL=)
2023-06-16 09:23:14 [5] Confirmed the "Link Alive Check". (NextTime=1970-01-01 00:00:00 Result= URL=)
2023-06-16 09:23:14 There were 2 links that passed the next "Check SNS Count" confirmation date and time.
2023-06-16 09:23:14 [1] Confirmed the "Check SNS Count". (NextTime=2021-04-06 01:15:34 URL=https://www.kanzen-creditcard.com/knowledge/exchange_rate.html)
2023-06-16 09:23:14 [2] Confirmed the "Check SNS Count". (NextTime=2021-04-14 19:41:24 URL=https://sekailab.com/wp/2018/08/27/review-waterproof-bluetooth-earphone)
2023-06-16 09:49:19 There were 284 links that passed the next "Link Alive Check" confirmation date and time.
2023-06-16 09:49:20 [1] Confirmed the "Link Alive Check". (NextTime=1970-01-01 00:00:00 Result= URL=)
2023-06-16 09:49:20 [2] Confirmed the "Link Alive Check". (NextTime=1970-01-01 00:00:00 Result= URL=)
2023-06-16 09:49:20 [3] Confirmed the "Link Alive Check". (NextTime=1970-01-01 00:00:00 Result= URL=)
2023-06-16 09:49:20 [4] Confirmed the "Link Alive Check". (NextTime=1970-01-01 00:00:00 Result= URL=)
2023-06-16 09:49:20 [5] Confirmed the "Link Alive Check". (NextTime=1970-01-01 00:00:00 Result= URL=)
2023-06-16 10:13:02 There were 284 links that passed the next "Link Alive Check" confirmation date and time.
2023-06-16 10:13:02 [1] Confirmed the "Link Alive Check". (NextTime=1970-01-01 00:00:00 Result= URL=)
2023-06-16 10:13:02 [2] Confirmed the "Link Alive Check". (NextTime=1970-01-01 00:00:00 Result= URL=)
2023-06-16 10:13:02 [3] Confirmed the "Link Alive Check". (NextTime=1970-01-01 00:00:00 Result= URL=)
2023-06-16 10:13:03 [4] Confirmed the "Link Alive Check". (NextTime=1970-01-01 00:00:00 Result= URL=)
2023-06-16 10:13:03 [5] Confirmed the "Link Alive Check". (NextTime=1970-01-01 00:00:00 Result= URL=)
2023-06-16 10:27:04 There were 1 links that passed the next "Check SNS Count" confirmation date and time.
2023-06-16 10:27:04 [1] Confirmed the "Check SNS Count". (NextTime=2021-03-21 23:30:41 URL=https://www.amazon.co.jp/%E3%82%A8%E3%83%AC%E3%82%B3%E3%83%A0-%E3%83%90%E3%83%83%E3%82%B0%E3%82%A4%E3%83%B3%E3%83%90%E3%83%83%E3%82%B0-%E3%82%AC%E3%82%B8%E3%82%A7%E3%83%83%E3%83%88%E5%8F%8E%E7%B4%8D-%E3%82%B9%E3%83%88%E3%83%AC%E3%83%83%E3%83%81%E7%B4%A0%E6%9D%90-BMA-GP10BK/dp/B013J9F684/ref=as_li_ss_il?_encoding=UTF8&#038;pd_rd_i=B013J9F68Y&#038;pd_rd_r=040641d8-8122-11e8-bb0c-dd50569c438f&#038;pd_rd_w=I4EYc&#038;pd_rd_wg=0Wqto&#038;pf_rd_i=desktop-dp-sims&#038;pf_rd_m=AN1VRQENFRJN5&#038;pf_rd_p=3472031948783866574&#038;pf_rd_r=VQKKKEAD2YHT0SNXC6G2&#038;pf_rd_s=desktop-dp-sims&#038;pf_rd_t=40701&#038;refRID=VQKKKEAD2YHT0SNXC6G2&#038;th=1&#038;linkCode=li2&#038;tag=drunkar-22&#038;linkId=7ef50d437e6ccbc5406dae6740defcb5)
2023-06-16 10:27:04 There were 284 links that passed the next "Link Alive Check" confirmation date and time.
2023-06-16 10:27:05 [1] Confirmed the "Link Alive Check". (NextTime=1970-01-01 00:00:00 Result= URL=)
2023-06-16 10:27:05 [2] Confirmed the "Link Alive Check". (NextTime=1970-01-01 00:00:00 Result= URL=)
2023-06-16 10:27:05 [3] Confirmed the "Link Alive Check". (NextTime=1970-01-01 00:00:00 Result= URL=)
2023-06-16 10:27:06 [4] Confirmed the "Link Alive Check". (NextTime=1970-01-01 00:00:00 Result= URL=)
2023-06-16 10:27:06 [5] Confirmed the "Link Alive Check". (NextTime=1970-01-01 00:00:00 Result= URL=)
2023-06-16 10:50:56 There were 284 links that passed the next "Link Alive Check" confirmation date and time.
2023-06-16 10:50:57 [1] Confirmed the "Link Alive Check". (NextTime=1970-01-01 00:00:00 Result= URL=)
2023-06-16 10:50:57 [2] Confirmed the "Link Alive Check". (NextTime=1970-01-01 00:00:00 Result= URL=)
2023-06-16 10:50:57 [3] Confirmed the "Link Alive Check". (NextTime=1970-01-01 00:00:00 Result= URL=)
2023-06-16 10:50:57 [4] Confirmed the "Link Alive Check". (NextTime=1970-01-01 00:00:00 Result= URL=)
2023-06-16 10:50:57 [5] Confirmed the "Link Alive Check". (NextTime=1970-01-01 00:00:00 Result= URL=)
2023-06-16 11:17:13 There were 284 links that passed the next "Link Alive Check" confirmation date and time.
2023-06-16 11:17:14 [1] Confirmed the "Link Alive Check". (NextTime=1970-01-01 00:00:00 Result= URL=)
2023-06-16 11:17:14 [2] Confirmed the "Link Alive Check". (NextTime=1970-01-01 00:00:00 Result= URL=)
2023-06-16 11:17:14 [3] Confirmed the "Link Alive Check". (NextTime=1970-01-01 00:00:00 Result= URL=)
2023-06-16 11:17:14 [4] Confirmed the "Link Alive Check". (NextTime=1970-01-01 00:00:00 Result= URL=)
2023-06-16 11:17:15 [5] Confirmed the "Link Alive Check". (NextTime=1970-01-01 00:00:00 Result= URL=)
2023-06-16 11:25:16 There were 2 links that passed the next "Check SNS Count" confirmation date and time.
2023-06-16 11:25:16 [1] Confirmed the "Check SNS Count". (NextTime=2021-04-14 17:31:53 URL=https://sekailab.com/wp/2019/03/10/execute-windows-binary-on-wsl)
2023-06-16 11:25:16 [2] Confirmed the "Check SNS Count". (NextTime=2021-04-06 16:27:15 URL=https://github.com/Drunkar/crawler-base)
2023-06-16 11:32:17 There were 284 links that passed the next "Link Alive Check" confirmation date and time.
2023-06-16 11:32:18 [1] Confirmed the "Link Alive Check". (NextTime=1970-01-01 00:00:00 Result= URL=)
2023-06-16 11:32:18 [2] Confirmed the "Link Alive Check". (NextTime=1970-01-01 00:00:00 Result= URL=)
2023-06-16 11:32:18 [3] Confirmed the "Link Alive Check". (NextTime=1970-01-01 00:00:00 Result= URL=)
2023-06-16 11:32:18 [4] Confirmed the "Link Alive Check". (NextTime=1970-01-01 00:00:00 Result= URL=)
2023-06-16 11:32:18 [5] Confirmed the "Link Alive Check". (NextTime=1970-01-01 00:00:00 Result= URL=)
2023-06-16 11:52:51 There were 284 links that passed the next "Link Alive Check" confirmation date and time.
2023-06-16 11:52:51 [1] Confirmed the "Link Alive Check". (NextTime=1970-01-01 00:00:00 Result= URL=)
2023-06-16 11:52:52 [2] Confirmed the "Link Alive Check". (NextTime=1970-01-01 00:00:00 Result= URL=)
2023-06-16 11:52:52 [3] Confirmed the "Link Alive Check". (NextTime=1970-01-01 00:00:00 Result= URL=)
2023-06-16 11:52:52 [4] Confirmed the "Link Alive Check". (NextTime=1970-01-01 00:00:00 Result= URL=)
2023-06-16 11:52:52 [5] Confirmed the "Link Alive Check". (NextTime=1970-01-01 00:00:00 Result= URL=)
2023-06-16 12:23:38 There were 284 links that passed the next "Link Alive Check" confirmation date and time.
2023-06-16 12:23:38 [1] Confirmed the "Link Alive Check". (NextTime=1970-01-01 00:00:00 Result= URL=)
2023-06-16 12:23:38 [2] Confirmed the "Link Alive Check". (NextTime=1970-01-01 00:00:00 Result= URL=)
2023-06-16 12:23:38 [3] Confirmed the "Link Alive Check". (NextTime=1970-01-01 00:00:00 Result= URL=)
2023-06-16 12:23:39 [4] Confirmed the "Link Alive Check". (NextTime=1970-01-01 00:00:00 Result= URL=)
2023-06-16 12:23:39 [5] Confirmed the "Link Alive Check". (NextTime=1970-01-01 00:00:00 Result= URL=)
2023-06-16 12:23:39 There were 1 links that passed the next "Check SNS Count" confirmation date and time.
2023-06-16 12:23:39 [1] Confirmed the "Check SNS Count". (NextTime=2021-04-14 16:19:46 URL=https://sekailab.com/wp/2015/01/04/about-the-beauty)
2023-06-16 12:33:22 There were 284 links that passed the next "Link Alive Check" confirmation date and time.
2023-06-16 12:33:22 [1] Confirmed the "Link Alive Check". (NextTime=1970-01-01 00:00:00 Result= URL=)
2023-06-16 12:33:22 [2] Confirmed the "Link Alive Check". (NextTime=1970-01-01 00:00:00 Result= URL=)
2023-06-16 12:33:22 [3] Confirmed the "Link Alive Check". (NextTime=1970-01-01 00:00:00 Result= URL=)
2023-06-16 12:33:23 [4] Confirmed the "Link Alive Check". (NextTime=1970-01-01 00:00:00 Result= URL=)
2023-06-16 12:33:23 [5] Confirmed the "Link Alive Check". (NextTime=1970-01-01 00:00:00 Result= URL=)
2023-06-16 12:54:37 There were 284 links that passed the next "Link Alive Check" confirmation date and time.
2023-06-16 12:54:38 [1] Confirmed the "Link Alive Check". (NextTime=1970-01-01 00:00:00 Result= URL=)
2023-06-16 12:54:38 [2] Confirmed the "Link Alive Check". (NextTime=1970-01-01 00:00:00 Result= URL=)
2023-06-16 12:54:38 [3] Confirmed the "Link Alive Check". (NextTime=1970-01-01 00:00:00 Result= URL=)
2023-06-16 12:54:38 [4] Confirmed the "Link Alive Check". (NextTime=1970-01-01 00:00:00 Result= URL=)
2023-06-16 12:54:39 [5] Confirmed the "Link Alive Check". (NextTime=1970-01-01 00:00:00 Result= URL=)
2023-06-16 13:25:32 There were 1 links that passed the next "Check SNS Count" confirmation date and time.
2023-06-16 13:25:32 [1] Confirmed the "Check SNS Count". (NextTime=2021-04-15 15:59:20 URL=https://sekailab.com/wp/2018/08/31/review-mistel-barocco-md650l)
2023-06-16 13:25:32 There were 284 links that passed the next "Link Alive Check" confirmation date and time.
2023-06-16 13:25:33 [1] Confirmed the "Link Alive Check". (NextTime=1970-01-01 00:00:00 Result= URL=)
2023-06-16 13:25:33 [2] Confirmed the "Link Alive Check". (NextTime=1970-01-01 00:00:00 Result= URL=)
2023-06-16 13:25:33 [3] Confirmed the "Link Alive Check". (NextTime=1970-01-01 00:00:00 Result= URL=)
2023-06-16 13:25:33 [4] Confirmed the "Link Alive Check". (NextTime=1970-01-01 00:00:00 Result= URL=)
2023-06-16 13:25:34 [5] Confirmed the "Link Alive Check". (NextTime=1970-01-01 00:00:00 Result= URL=)
2023-06-16 13:56:37 There were 284 links that passed the next "Link Alive Check" confirmation date and time.
2023-06-16 13:56:37 [1] Confirmed the "Link Alive Check". (NextTime=1970-01-01 00:00:00 Result= URL=)
2023-06-16 13:56:37 [2] Confirmed the "Link Alive Check". (NextTime=1970-01-01 00:00:00 Result= URL=)
2023-06-16 13:56:37 [3] Confirmed the "Link Alive Check". (NextTime=1970-01-01 00:00:00 Result= URL=)
2023-06-16 13:56:37 [4] Confirmed the "Link Alive Check". (NextTime=1970-01-01 00:00:00 Result= URL=)
2023-06-16 13:56:38 [5] Confirmed the "Link Alive Check". (NextTime=1970-01-01 00:00:00 Result= URL=)
2023-06-16 14:23:42 There were 2 links that passed the next "Check SNS Count" confirmation date and time.
2023-06-16 14:23:42 [1] Confirmed the "Check SNS Count". (NextTime=2021-04-17 12:18:52 URL=https://www.amazon.co.jp/%E3%83%84%E3%82%A4%E3%83%B3%E3%83%90%E3%83%BC%E3%83%89%E5%B7%A5%E6%A5%AD-Twinbird-CM-D457B-%E5%85%A8%E8%87%AA%E5%8B%95%E3%82%B3%E3%83%BC%E3%83%92%E3%83%BC%E3%83%A1%E3%83%BC%E3%82%AB%E3%83%BC-%E3%83%96%E3%83%A9%E3%83%83%E3%82%AFTWINBIRD/dp/B07HFP6H3L/ref=as_li_ss_il?__mk_ja_JP=%E3%82%AB%E3%82%BF%E3%82%AB%E3%83%8A&#038;keywords=%E3%83%84%E3%82%A4%E3%83%B3%E3%83%90%E3%83%BC%E3%83%89+%E3%82%B3%E3%83%BC%E3%83%92%E3%83%BC%E3%83%A1%E3%83%BC%E3%82%AB%E3%83%BC&#038;qid=1585585285&#038;sr=8-4&#038;linkCode=li2&#038;tag=drunkar-22&#038;linkId=21fdfffb9a1385593abbf880369e6a7e)
2023-06-16 14:23:42 [2] Confirmed the "Check SNS Count". (NextTime=2021-03-21 15:25:48 URL=https://www.amazon.co.jp/gp/product/B07QXMNF1X/ref=as_li_ss_il?ie=UTF8&#038;psc=1&#038;linkCode=li2&#038;tag=drunkar-22&#038;linkId=537e4ae9eb1c1d73f28520e1f2a9e9b7)
2023-06-16 14:26:35 There were 284 links that passed the next "Link Alive Check" confirmation date and time.
2023-06-16 14:26:36 [1] Confirmed the "Link Alive Check". (NextTime=1970-01-01 00:00:00 Result= URL=)
2023-06-16 14:26:36 [2] Confirmed the "Link Alive Check". (NextTime=1970-01-01 00:00:00 Result= URL=)
2023-06-16 14:26:36 [3] Confirmed the "Link Alive Check". (NextTime=1970-01-01 00:00:00 Result= URL=)
2023-06-16 14:26:36 [4] Confirmed the "Link Alive Check". (NextTime=1970-01-01 00:00:00 Result= URL=)
2023-06-16 14:26:37 [5] Confirmed the "Link Alive Check". (NextTime=1970-01-01 00:00:00 Result= URL=)
2023-06-16 14:56:45 There were 284 links that passed the next "Link Alive Check" confirmation date and time.
2023-06-16 14:56:46 [1] Confirmed the "Link Alive Check". (NextTime=1970-01-01 00:00:00 Result= URL=)
2023-06-16 14:56:46 [2] Confirmed the "Link Alive Check". (NextTime=1970-01-01 00:00:00 Result= URL=)
2023-06-16 14:56:46 [3] Confirmed the "Link Alive Check". (NextTime=1970-01-01 00:00:00 Result= URL=)
2023-06-16 14:56:46 [4] Confirmed the "Link Alive Check". (NextTime=1970-01-01 00:00:00 Result= URL=)
2023-06-16 14:56:47 [5] Confirmed the "Link Alive Check". (NextTime=1970-01-01 00:00:00 Result= URL=)
2023-06-16 15:23:09 There were 2 links that passed the next "Check SNS Count" confirmation date and time.
2023-06-16 15:23:09 [1] Confirmed the "Check SNS Count". (NextTime=2021-03-21 10:30:06 URL=https://medium.com/searce/installing-tensorflow-gpu-with-nvidia-cuda-on-a-google-cloud-platform-vm-instance-b059ea47e55c)
2023-06-16 15:23:09 [2] Confirmed the "Check SNS Count". (NextTime=2021-03-19 21:34:14 URL=https://sekailab.com/wp/2018/01/04/15w-chinese-laser-cutter-1/)
2023-06-16 15:26:56 There were 284 links that passed the next "Link Alive Check" confirmation date and time.
2023-06-16 15:26:57 [1] Confirmed the "Link Alive Check". (NextTime=1970-01-01 00:00:00 Result= URL=)
2023-06-16 15:26:57 [2] Confirmed the "Link Alive Check". (NextTime=1970-01-01 00:00:00 Result= URL=)
2023-06-16 15:26:57 [3] Confirmed the "Link Alive Check". (NextTime=1970-01-01 00:00:00 Result= URL=)
2023-06-16 15:26:58 [4] Confirmed the "Link Alive Check". (NextTime=1970-01-01 00:00:00 Result= URL=)
2023-06-16 15:26:58 [5] Confirmed the "Link Alive Check". (NextTime=1970-01-01 00:00:00 Result= URL=)
2023-06-16 15:53:29 There were 284 links that passed the next "Link Alive Check" confirmation date and time.
2023-06-16 15:53:30 [1] Confirmed the "Link Alive Check". (NextTime=1970-01-01 00:00:00 Result= URL=)
2023-06-16 15:53:30 [2] Confirmed the "Link Alive Check". (NextTime=1970-01-01 00:00:00 Result= URL=)
2023-06-16 15:53:30 [3] Confirmed the "Link Alive Check". (NextTime=1970-01-01 00:00:00 Result= URL=)
2023-06-16 15:53:30 [4] Confirmed the "Link Alive Check". (NextTime=1970-01-01 00:00:00 Result= URL=)
2023-06-16 15:53:31 [5] Confirmed the "Link Alive Check". (NextTime=1970-01-01 00:00:00 Result= URL=)
2023-06-16 16:23:29 There were 1 links that passed the next "Check SNS Count" confirmation date and time.
2023-06-16 16:23:29 [1] Confirmed the "Check SNS Count". (NextTime=2021-04-15 23:54:28 URL=https://sekailab.com/wp/2018/10/15/mistel-barocco-md650l-case)
2023-06-16 16:27:08 There were 284 links that passed the next "Link Alive Check" confirmation date and time.
2023-06-16 16:27:08 [1] Confirmed the "Link Alive Check". (NextTime=1970-01-01 00:00:00 Result= URL=)
2023-06-16 16:27:08 [2] Confirmed the "Link Alive Check". (NextTime=1970-01-01 00:00:00 Result= URL=)
2023-06-16 16:27:08 [3] Confirmed the "Link Alive Check". (NextTime=1970-01-01 00:00:00 Result= URL=)
2023-06-16 16:27:09 [4] Confirmed the "Link Alive Check". (NextTime=1970-01-01 00:00:00 Result= URL=)
2023-06-16 16:27:09 [5] Confirmed the "Link Alive Check". (NextTime=1970-01-01 00:00:00 Result= URL=)
2023-06-16 16:53:37 There were 284 links that passed the next "Link Alive Check" confirmation date and time.
2023-06-16 16:53:37 [1] Confirmed the "Link Alive Check". (NextTime=1970-01-01 00:00:00 Result= URL=)
2023-06-16 16:53:38 [2] Confirmed the "Link Alive Check". (NextTime=1970-01-01 00:00:00 Result= URL=)
2023-06-16 16:53:38 [3] Confirmed the "Link Alive Check". (NextTime=1970-01-01 00:00:00 Result= URL=)
2023-06-16 16:53:38 [4] Confirmed the "Link Alive Check". (NextTime=1970-01-01 00:00:00 Result= URL=)
2023-06-16 16:53:38 [5] Confirmed the "Link Alive Check". (NextTime=1970-01-01 00:00:00 Result= URL=)
2023-06-16 17:23:04 There were 1 links that passed the next "Check SNS Count" confirmation date and time.
2023-06-16 17:23:04 [1] Confirmed the "Check SNS Count". (NextTime=2021-03-22 15:52:44 URL=https://www.banggood.com/Xiaomi-Redmi-Airdots-TWS-Bluetooth-5_0-Earphone-DSP-Noise-Cancelling-Auto-Pairing-Bilateral-Call-Stereo-Headphones-p-1450592.html?p=K226105168701201606R)
2023-06-16 17:28:38 There were 284 links that passed the next "Link Alive Check" confirmation date and time.
2023-06-16 17:28:39 [1] Confirmed the "Link Alive Check". (NextTime=1970-01-01 00:00:00 Result= URL=)
2023-06-16 17:28:39 [2] Confirmed the "Link Alive Check". (NextTime=1970-01-01 00:00:00 Result= URL=)
2023-06-16 17:28:39 [3] Confirmed the "Link Alive Check". (NextTime=1970-01-01 00:00:00 Result= URL=)
2023-06-16 17:28:39 [4] Confirmed the "Link Alive Check". (NextTime=1970-01-01 00:00:00 Result= URL=)
2023-06-16 17:28:40 [5] Confirmed the "Link Alive Check". (NextTime=1970-01-01 00:00:00 Result= URL=)
2023-06-16 17:55:30 There were 284 links that passed the next "Link Alive Check" confirmation date and time.
2023-06-16 17:55:30 [1] Confirmed the "Link Alive Check". (NextTime=1970-01-01 00:00:00 Result= URL=)
2023-06-16 17:55:30 [2] Confirmed the "Link Alive Check". (NextTime=1970-01-01 00:00:00 Result= URL=)
2023-06-16 17:55:31 [3] Confirmed the "Link Alive Check". (NextTime=1970-01-01 00:00:00 Result= URL=)
2023-06-16 17:55:31 [4] Confirmed the "Link Alive Check". (NextTime=1970-01-01 00:00:00 Result= URL=)
2023-06-16 17:55:31 [5] Confirmed the "Link Alive Check". (NextTime=1970-01-01 00:00:00 Result= URL=)
2023-06-16 18:23:03 There were 1 links that passed the next "Check SNS Count" confirmation date and time.
2023-06-16 18:23:03 [1] Confirmed the "Check SNS Count". (NextTime=2021-04-14 22:33:14 URL=https://www.amazon.co.jp/Gold-Standard-100-%E3%82%A8%E3%82%AF%E3%82%B9%E3%83%88%E3%83%AA%E3%83%BC%E3%83%A0%E3%83%81%E3%83%A7%E3%82%B3%E3%83%AC%E3%83%BC%E3%83%88-2-27kg/dp/B01L1NX32Q/ref=as_li_ss_il?ie=UTF8&#038;qid=1483631295&#038;sr=8-2&#038;keywords=Gold+Standard+100%&#038;linkCode=li2&#038;tag=drunkar-22&#038;linkId=1e8286abc92678776dfd2dfeef1b05e3)
2023-06-16 18:28:56 There were 284 links that passed the next "Link Alive Check" confirmation date and time.
2023-06-16 18:28:57 [1] Confirmed the "Link Alive Check". (NextTime=1970-01-01 00:00:00 Result= URL=)
2023-06-16 18:28:57 [2] Confirmed the "Link Alive Check". (NextTime=1970-01-01 00:00:00 Result= URL=)
2023-06-16 18:28:57 [3] Confirmed the "Link Alive Check". (NextTime=1970-01-01 00:00:00 Result= URL=)
2023-06-16 18:28:57 [4] Confirmed the "Link Alive Check". (NextTime=1970-01-01 00:00:00 Result= URL=)
2023-06-16 18:28:58 [5] Confirmed the "Link Alive Check". (NextTime=1970-01-01 00:00:00 Result= URL=)
2023-06-16 18:56:16 There were 284 links that passed the next "Link Alive Check" confirmation date and time.
2023-06-16 18:56:17 [1] Confirmed the "Link Alive Check". (NextTime=1970-01-01 00:00:00 Result= URL=)
2023-06-16 18:56:17 [2] Confirmed the "Link Alive Check". (NextTime=1970-01-01 00:00:00 Result= URL=)
2023-06-16 18:56:17 [3] Confirmed the "Link Alive Check". (NextTime=1970-01-01 00:00:00 Result= URL=)
2023-06-16 18:56:17 [4] Confirmed the "Link Alive Check". (NextTime=1970-01-01 00:00:00 Result= URL=)
2023-06-16 18:56:18 [5] Confirmed the "Link Alive Check". (NextTime=1970-01-01 00:00:00 Result= URL=)
2023-06-16 19:23:38 There were 0 links that passed the next "Check SNS Count" confirmation date and time.
2023-06-16 19:30:07 There were 284 links that passed the next "Link Alive Check" confirmation date and time.
2023-06-16 19:30:07 [1] Confirmed the "Link Alive Check". (NextTime=1970-01-01 00:00:00 Result= URL=)
2023-06-16 19:30:07 [2] Confirmed the "Link Alive Check". (NextTime=1970-01-01 00:00:00 Result= URL=)
2023-06-16 19:30:07 [3] Confirmed the "Link Alive Check". (NextTime=1970-01-01 00:00:00 Result= URL=)
2023-06-16 19:30:08 [4] Confirmed the "Link Alive Check". (NextTime=1970-01-01 00:00:00 Result= URL=)
2023-06-16 19:30:08 [5] Confirmed the "Link Alive Check". (NextTime=1970-01-01 00:00:00 Result= URL=)
2023-06-16 19:56:51 There were 284 links that passed the next "Link Alive Check" confirmation date and time.
2023-06-16 19:56:51 [1] Confirmed the "Link Alive Check". (NextTime=1970-01-01 00:00:00 Result= URL=)
2023-06-16 19:56:51 [2] Confirmed the "Link Alive Check". (NextTime=1970-01-01 00:00:00 Result= URL=)
2023-06-16 19:56:51 [3] Confirmed the "Link Alive Check". (NextTime=1970-01-01 00:00:00 Result= URL=)
2023-06-16 19:56:51 [4] Confirmed the "Link Alive Check". (NextTime=1970-01-01 00:00:00 Result= URL=)
2023-06-16 19:56:52 [5] Confirmed the "Link Alive Check". (NextTime=1970-01-01 00:00:00 Result= URL=)
2023-06-16 20:24:09 There were 3 links that passed the next "Check SNS Count" confirmation date and time.
2023-06-16 20:24:09 [1] Confirmed the "Check SNS Count". (NextTime=2021-03-22 00:13:21 URL=https://www.amazon.co.jp/ZORTRAX-%E3%80%90%E6%AD%A3%E8%A6%8F%E4%BB%A3%E7%90%86%E5%BA%97%E3%80%91ZORTRAX-M200-3D%E3%83%97%E3%83%AA%E3%83%B3%E3%82%BF%E3%83%BC-FDM/dp/B00UWEZ8RE/ref=as_li_ss_il?ie=UTF8&#038;qid=1514638656&#038;sr=8-1&#038;keywords=zortrax+m200&#038;linkCode=li2&#038;tag=drunkar-22&#038;linkId=8b8050f533516d0f9f8e07e71693bd99)
2023-06-16 20:24:09 [2] Confirmed the "Check SNS Count". (NextTime=2021-03-20 16:04:00 URL=https://sekailab.com/wp/2018/11/15/build-1755-mhz-oc-rtx-20180-ti-pc-in-280000-jpy/)
2023-06-16 20:24:09 [3] Confirmed the "Check SNS Count". (NextTime=2021-04-13 14:45:55 URL=https://github.com/Drunkar/docker-alpine-hubot)
2023-06-16 20:31:17 There were 284 links that passed the next "Link Alive Check" confirmation date and time.
2023-06-16 20:31:17 [1] Confirmed the "Link Alive Check". (NextTime=1970-01-01 00:00:00 Result= URL=)
2023-06-16 20:31:18 [2] Confirmed the "Link Alive Check". (NextTime=1970-01-01 00:00:00 Result= URL=)
2023-06-16 20:31:18 [3] Confirmed the "Link Alive Check". (NextTime=1970-01-01 00:00:00 Result= URL=)
2023-06-16 20:31:18 [4] Confirmed the "Link Alive Check". (NextTime=1970-01-01 00:00:00 Result= URL=)
2023-06-16 20:31:18 [5] Confirmed the "Link Alive Check". (NextTime=1970-01-01 00:00:00 Result= URL=)
2023-06-16 20:58:16 There were 284 links that passed the next "Link Alive Check" confirmation date and time.
2023-06-16 20:58:16 [1] Confirmed the "Link Alive Check". (NextTime=1970-01-01 00:00:00 Result= URL=)
2023-06-16 20:58:16 [2] Confirmed the "Link Alive Check". (NextTime=1970-01-01 00:00:00 Result= URL=)
2023-06-16 20:58:16 [3] Confirmed the "Link Alive Check". (NextTime=1970-01-01 00:00:00 Result= URL=)
2023-06-16 20:58:17 [4] Confirmed the "Link Alive Check". (NextTime=1970-01-01 00:00:00 Result= URL=)
2023-06-16 20:58:17 [5] Confirmed the "Link Alive Check". (NextTime=1970-01-01 00:00:00 Result= URL=)
2023-06-16 21:26:32 There were 1 links that passed the next "Check SNS Count" confirmation date and time.
2023-06-16 21:26:33 [1] Confirmed the "Check SNS Count". (NextTime=2021-04-15 07:21:12 URL=https://sekailab.com/wp/2018/08/10/build-opencv-on-orangepi-pc2)
2023-06-16 21:31:58 There were 284 links that passed the next "Link Alive Check" confirmation date and time.
2023-06-16 21:31:58 [1] Confirmed the "Link Alive Check". (NextTime=1970-01-01 00:00:00 Result= URL=)
2023-06-16 21:31:59 [2] Confirmed the "Link Alive Check". (NextTime=1970-01-01 00:00:00 Result= URL=)
2023-06-16 21:31:59 [3] Confirmed the "Link Alive Check". (NextTime=1970-01-01 00:00:00 Result= URL=)
2023-06-16 21:31:59 [4] Confirmed the "Link Alive Check". (NextTime=1970-01-01 00:00:00 Result= URL=)
2023-06-16 21:31:59 [5] Confirmed the "Link Alive Check". (NextTime=1970-01-01 00:00:00 Result= URL=)
2023-06-16 21:58:19 There were 284 links that passed the next "Link Alive Check" confirmation date and time.
2023-06-16 21:58:19 [1] Confirmed the "Link Alive Check". (NextTime=1970-01-01 00:00:00 Result= URL=)
2023-06-16 21:58:20 [2] Confirmed the "Link Alive Check". (NextTime=1970-01-01 00:00:00 Result= URL=)
2023-06-16 21:58:20 [3] Confirmed the "Link Alive Check". (NextTime=1970-01-01 00:00:00 Result= URL=)
2023-06-16 21:58:20 [4] Confirmed the "Link Alive Check". (NextTime=1970-01-01 00:00:00 Result= URL=)
2023-06-16 21:58:20 [5] Confirmed the "Link Alive Check". (NextTime=1970-01-01 00:00:00 Result= URL=)
2023-06-16 22:25:18 There were 1 links that passed the next "Check SNS Count" confirmation date and time.
2023-06-16 22:25:18 [1] Confirmed the "Check SNS Count". (NextTime=2021-03-25 03:48:57 URL=http://yamada.daiji.ro/blog/?p=382)
2023-06-16 22:33:40 There were 284 links that passed the next "Link Alive Check" confirmation date and time.
2023-06-16 22:33:41 [1] Confirmed the "Link Alive Check". (NextTime=1970-01-01 00:00:00 Result= URL=)
2023-06-16 22:33:41 [2] Confirmed the "Link Alive Check". (NextTime=1970-01-01 00:00:00 Result= URL=)
2023-06-16 22:33:41 [3] Confirmed the "Link Alive Check". (NextTime=1970-01-01 00:00:00 Result= URL=)
2023-06-16 22:33:42 [4] Confirmed the "Link Alive Check". (NextTime=1970-01-01 00:00:00 Result= URL=)
2023-06-16 22:33:42 [5] Confirmed the "Link Alive Check". (NextTime=1970-01-01 00:00:00 Result= URL=)
2023-06-16 22:58:37 There were 284 links that passed the next "Link Alive Check" confirmation date and time.
2023-06-16 22:58:37 [1] Confirmed the "Link Alive Check". (NextTime=1970-01-01 00:00:00 Result= URL=)
2023-06-16 22:58:37 [2] Confirmed the "Link Alive Check". (NextTime=1970-01-01 00:00:00 Result= URL=)
2023-06-16 22:58:37 [3] Confirmed the "Link Alive Check". (NextTime=1970-01-01 00:00:00 Result= URL=)
2023-06-16 22:58:38 [4] Confirmed the "Link Alive Check". (NextTime=1970-01-01 00:00:00 Result= URL=)
2023-06-16 22:58:38 [5] Confirmed the "Link Alive Check". (NextTime=1970-01-01 00:00:00 Result= URL=)
2023-06-16 23:23:38 There were 3 links that passed the next "Check SNS Count" confirmation date and time.
2023-06-16 23:23:38 [1] Confirmed the "Check SNS Count". (NextTime=2021-04-15 01:59:14 URL=https://twitter.com/search?q=from%3Agoroman%20since%3A2020-07-06%20until%3A2020-07-07&#038;src=typed_query&#038;f=live)
2023-06-16 23:23:38 [2] Confirmed the "Check SNS Count". (NextTime=2021-03-21 13:10:58 URL=https://sekailab.com/wp/2018/09/04/mistel-barocco-mag-feet/)
2023-06-16 23:23:39 [3] Confirmed the "Check SNS Count". (NextTime=2021-04-18 06:24:07 URL=https://www.amazon.co.jp/%E3%82%B7%E3%83%AA%E3%82%B3%E3%83%B3%E3%83%90%E3%83%AC%E3%83%BC%E5%BC%8F-%E8%87%AA%E5%88%86%E3%82%92%E5%A4%89%E3%81%88%E3%82%8B%E6%9C%80%E5%BC%B7%E3%81%AE%E9%A3%9F%E4%BA%8B-%E3%83%87%E3%82%A4%E3%83%B4%E3%83%BB%E3%82%A2%E3%82%B9%E3%83%97%E3%83%AA%E3%83%BC-ebook/dp/B015S5545W/ref=as_li_ss_il?_encoding=UTF8&#038;qid=1585582879&#038;sr=8-1&#038;linkCode=li2&#038;tag=drunkar-22&#038;linkId=fb2fbcce469bf88077c26ea066860d62)
2023-06-16 23:34:52 There were 284 links that passed the next "Link Alive Check" confirmation date and time.
2023-06-16 23:34:52 [1] Confirmed the "Link Alive Check". (NextTime=1970-01-01 00:00:00 Result= URL=)
2023-06-16 23:34:52 [2] Confirmed the "Link Alive Check". (NextTime=1970-01-01 00:00:00 Result= URL=)
2023-06-16 23:34:53 [3] Confirmed the "Link Alive Check". (NextTime=1970-01-01 00:00:00 Result= URL=)
2023-06-16 23:34:53 [4] Confirmed the "Link Alive Check". (NextTime=1970-01-01 00:00:00 Result= URL=)
2023-06-16 23:34:53 [5] Confirmed the "Link Alive Check". (NextTime=1970-01-01 00:00:00 Result= URL=)
2023-06-16 23:59:26 There were 284 links that passed the next "Link Alive Check" confirmation date and time.
2023-06-16 23:59:26 [1] Confirmed the "Link Alive Check". (NextTime=1970-01-01 00:00:00 Result= URL=)
2023-06-16 23:59:27 [2] Confirmed the "Link Alive Check". (NextTime=1970-01-01 00:00:00 Result= URL=)
2023-06-16 23:59:27 [3] Confirmed the "Link Alive Check". (NextTime=1970-01-01 00:00:00 Result= URL=)
2023-06-16 23:59:27 [4] Confirmed the "Link Alive Check". (NextTime=1970-01-01 00:00:00 Result= URL=)
2023-06-16 23:59:27 [5] Confirmed the "Link Alive Check". (NextTime=1970-01-01 00:00:00 Result= URL=)
