2023-05-23 00:20:01 There were 284 links that passed the next "Link Alive Check" confirmation date and time.
2023-05-23 00:20:02 [1] Confirmed the "Link Alive Check". (NextTime=1970-01-01 00:00:00 Result= URL=)
2023-05-23 00:20:02 [2] Confirmed the "Link Alive Check". (NextTime=1970-01-01 00:00:00 Result= URL=)
2023-05-23 00:20:02 [3] Confirmed the "Link Alive Check". (NextTime=1970-01-01 00:00:00 Result= URL=)
2023-05-23 00:20:02 [4] Confirmed the "Link Alive Check". (NextTime=1970-01-01 00:00:00 Result= URL=)
2023-05-23 00:20:03 [5] Confirmed the "Link Alive Check". (NextTime=1970-01-01 00:00:00 Result= URL=)
2023-05-23 00:24:14 There were 1 links that passed the next "Check SNS Count" confirmation date and time.
2023-05-23 00:24:14 [1] Confirmed the "Check SNS Count". (NextTime=2021-03-26 06:10:30 URL=https://www.amazon.co.jp/gp/product/B071W8KL4F/ref=as_li_ss_il?ie=UTF8&#038;psc=1&#038;linkCode=li2&#038;tag=drunkar-22&#038;linkId=19963b3f4ddfcafbf008707f58e161b0)
2023-05-23 00:31:07 There were 284 links that passed the next "Link Alive Check" confirmation date and time.
2023-05-23 00:31:07 [1] Confirmed the "Link Alive Check". (NextTime=1970-01-01 00:00:00 Result= URL=)
2023-05-23 00:31:07 [2] Confirmed the "Link Alive Check". (NextTime=1970-01-01 00:00:00 Result= URL=)
2023-05-23 00:31:07 [3] Confirmed the "Link Alive Check". (NextTime=1970-01-01 00:00:00 Result= URL=)
2023-05-23 00:31:08 [4] Confirmed the "Link Alive Check". (NextTime=1970-01-01 00:00:00 Result= URL=)
2023-05-23 00:31:08 [5] Confirmed the "Link Alive Check". (NextTime=1970-01-01 00:00:00 Result= URL=)
2023-05-23 01:20:39 There were 284 links that passed the next "Link Alive Check" confirmation date and time.
2023-05-23 01:20:39 [1] Confirmed the "Link Alive Check". (NextTime=1970-01-01 00:00:00 Result= URL=)
2023-05-23 01:20:40 [2] Confirmed the "Link Alive Check". (NextTime=1970-01-01 00:00:00 Result= URL=)
2023-05-23 01:20:40 [3] Confirmed the "Link Alive Check". (NextTime=1970-01-01 00:00:00 Result= URL=)
2023-05-23 01:20:40 [4] Confirmed the "Link Alive Check". (NextTime=1970-01-01 00:00:00 Result= URL=)
2023-05-23 01:20:40 [5] Confirmed the "Link Alive Check". (NextTime=1970-01-01 00:00:00 Result= URL=)
2023-05-23 01:25:08 There were 0 links that passed the next "Check SNS Count" confirmation date and time.
2023-05-23 01:33:15 There were 284 links that passed the next "Link Alive Check" confirmation date and time.
2023-05-23 01:33:16 [1] Confirmed the "Link Alive Check". (NextTime=1970-01-01 00:00:00 Result= URL=)
2023-05-23 01:33:16 [2] Confirmed the "Link Alive Check". (NextTime=1970-01-01 00:00:00 Result= URL=)
2023-05-23 01:33:16 [3] Confirmed the "Link Alive Check". (NextTime=1970-01-01 00:00:00 Result= URL=)
2023-05-23 01:33:16 [4] Confirmed the "Link Alive Check". (NextTime=1970-01-01 00:00:00 Result= URL=)
2023-05-23 01:33:17 [5] Confirmed the "Link Alive Check". (NextTime=1970-01-01 00:00:00 Result= URL=)
2023-05-23 02:22:03 There were 284 links that passed the next "Link Alive Check" confirmation date and time.
2023-05-23 02:22:03 [1] Confirmed the "Link Alive Check". (NextTime=1970-01-01 00:00:00 Result= URL=)
2023-05-23 02:22:03 [2] Confirmed the "Link Alive Check". (NextTime=1970-01-01 00:00:00 Result= URL=)
2023-05-23 02:22:04 [3] Confirmed the "Link Alive Check". (NextTime=1970-01-01 00:00:00 Result= URL=)
2023-05-23 02:22:04 [4] Confirmed the "Link Alive Check". (NextTime=1970-01-01 00:00:00 Result= URL=)
2023-05-23 02:22:04 [5] Confirmed the "Link Alive Check". (NextTime=1970-01-01 00:00:00 Result= URL=)
2023-05-23 02:25:36 There were 2 links that passed the next "Check SNS Count" confirmation date and time.
2023-05-23 02:25:36 [1] Confirmed the "Check SNS Count". (NextTime=2021-03-19 19:02:52 URL=https://www.sbcr.jp/support/48965/)
2023-05-23 02:25:36 [2] Confirmed the "Check SNS Count". (NextTime=2021-04-14 13:40:00 URL=https://sekailab.com/wp/2019/02/06/rtx2080ti-i9-9900k-failure-mother-dram)
2023-05-23 02:33:39 There were 284 links that passed the next "Link Alive Check" confirmation date and time.
2023-05-23 02:33:39 [1] Confirmed the "Link Alive Check". (NextTime=1970-01-01 00:00:00 Result= URL=)
2023-05-23 02:33:40 [2] Confirmed the "Link Alive Check". (NextTime=1970-01-01 00:00:00 Result= URL=)
2023-05-23 02:33:40 [3] Confirmed the "Link Alive Check". (NextTime=1970-01-01 00:00:00 Result= URL=)
2023-05-23 02:33:40 [4] Confirmed the "Link Alive Check". (NextTime=1970-01-01 00:00:00 Result= URL=)
2023-05-23 02:33:40 [5] Confirmed the "Link Alive Check". (NextTime=1970-01-01 00:00:00 Result= URL=)
2023-05-23 03:23:55 There were 284 links that passed the next "Link Alive Check" confirmation date and time.
2023-05-23 03:23:55 [1] Confirmed the "Link Alive Check". (NextTime=1970-01-01 00:00:00 Result= URL=)
2023-05-23 03:23:55 [2] Confirmed the "Link Alive Check". (NextTime=1970-01-01 00:00:00 Result= URL=)
2023-05-23 03:23:55 [3] Confirmed the "Link Alive Check". (NextTime=1970-01-01 00:00:00 Result= URL=)
2023-05-23 03:23:55 [4] Confirmed the "Link Alive Check". (NextTime=1970-01-01 00:00:00 Result= URL=)
2023-05-23 03:23:56 [5] Confirmed the "Link Alive Check". (NextTime=1970-01-01 00:00:00 Result= URL=)
2023-05-23 03:23:56 There were 3 links that passed the next "Check SNS Count" confirmation date and time.
2023-05-23 03:23:56 [1] Confirmed the "Check SNS Count". (NextTime=2021-04-14 17:31:53 URL=https://sekailab.com/wp/2019/03/10/execute-windows-binary-on-wsl)
2023-05-23 03:23:56 [2] Confirmed the "Check SNS Count". (NextTime=2021-03-23 01:55:31 URL=https://www.banggood.com/Original-Xiaomi-WPC01ZM-10W-MAX-Quick-Charge-Qi-Wireless-Charger-Type-C-for-iPhone-for-Samsung-p-1346797.html?p=K226105168701201606R)
2023-05-23 03:23:56 [3] Confirmed the "Check SNS Count". (NextTime=2021-03-24 08:40:48 URL=https://booth.pm/en/items/824607)
2023-05-23 03:35:29 There were 284 links that passed the next "Link Alive Check" confirmation date and time.
2023-05-23 03:35:29 [1] Confirmed the "Link Alive Check". (NextTime=1970-01-01 00:00:00 Result= URL=)
2023-05-23 03:35:29 [2] Confirmed the "Link Alive Check". (NextTime=1970-01-01 00:00:00 Result= URL=)
2023-05-23 03:35:29 [3] Confirmed the "Link Alive Check". (NextTime=1970-01-01 00:00:00 Result= URL=)
2023-05-23 03:35:29 [4] Confirmed the "Link Alive Check". (NextTime=1970-01-01 00:00:00 Result= URL=)
2023-05-23 03:35:30 [5] Confirmed the "Link Alive Check". (NextTime=1970-01-01 00:00:00 Result= URL=)
2023-05-23 04:24:29 There were 0 links that passed the next "Check SNS Count" confirmation date and time.
2023-05-23 04:24:29 There were 284 links that passed the next "Link Alive Check" confirmation date and time.
2023-05-23 04:24:30 [1] Confirmed the "Link Alive Check". (NextTime=1970-01-01 00:00:00 Result= URL=)
2023-05-23 04:24:30 [2] Confirmed the "Link Alive Check". (NextTime=1970-01-01 00:00:00 Result= URL=)
2023-05-23 04:24:30 [3] Confirmed the "Link Alive Check". (NextTime=1970-01-01 00:00:00 Result= URL=)
2023-05-23 04:24:30 [4] Confirmed the "Link Alive Check". (NextTime=1970-01-01 00:00:00 Result= URL=)
2023-05-23 04:24:30 [5] Confirmed the "Link Alive Check". (NextTime=1970-01-01 00:00:00 Result= URL=)
2023-05-23 04:38:58 There were 284 links that passed the next "Link Alive Check" confirmation date and time.
2023-05-23 04:38:58 [1] Confirmed the "Link Alive Check". (NextTime=1970-01-01 00:00:00 Result= URL=)
2023-05-23 04:38:58 [2] Confirmed the "Link Alive Check". (NextTime=1970-01-01 00:00:00 Result= URL=)
2023-05-23 04:38:58 [3] Confirmed the "Link Alive Check". (NextTime=1970-01-01 00:00:00 Result= URL=)
2023-05-23 04:38:59 [4] Confirmed the "Link Alive Check". (NextTime=1970-01-01 00:00:00 Result= URL=)
2023-05-23 04:38:59 [5] Confirmed the "Link Alive Check". (NextTime=1970-01-01 00:00:00 Result= URL=)
2023-05-23 05:23:39 There were 0 links that passed the next "Check SNS Count" confirmation date and time.
2023-05-23 05:25:30 There were 284 links that passed the next "Link Alive Check" confirmation date and time.
2023-05-23 05:25:31 [1] Confirmed the "Link Alive Check". (NextTime=1970-01-01 00:00:00 Result= URL=)
2023-05-23 05:25:31 [2] Confirmed the "Link Alive Check". (NextTime=1970-01-01 00:00:00 Result= URL=)
2023-05-23 05:25:31 [3] Confirmed the "Link Alive Check". (NextTime=1970-01-01 00:00:00 Result= URL=)
2023-05-23 05:25:31 [4] Confirmed the "Link Alive Check". (NextTime=1970-01-01 00:00:00 Result= URL=)
2023-05-23 05:25:32 [5] Confirmed the "Link Alive Check". (NextTime=1970-01-01 00:00:00 Result= URL=)
2023-05-23 05:39:36 There were 284 links that passed the next "Link Alive Check" confirmation date and time.
2023-05-23 05:39:36 [1] Confirmed the "Link Alive Check". (NextTime=1970-01-01 00:00:00 Result= URL=)
2023-05-23 05:39:37 [2] Confirmed the "Link Alive Check". (NextTime=1970-01-01 00:00:00 Result= URL=)
2023-05-23 05:39:37 [3] Confirmed the "Link Alive Check". (NextTime=1970-01-01 00:00:00 Result= URL=)
2023-05-23 05:39:37 [4] Confirmed the "Link Alive Check". (NextTime=1970-01-01 00:00:00 Result= URL=)
2023-05-23 05:39:37 [5] Confirmed the "Link Alive Check". (NextTime=1970-01-01 00:00:00 Result= URL=)
2023-05-23 06:24:47 There were 1 links that passed the next "Check SNS Count" confirmation date and time.
2023-05-23 06:24:47 [1] Confirmed the "Check SNS Count". (NextTime=2021-04-14 20:57:27 URL=https://sekailab.com/wp/2018/01/06/15w-chinese-laser-cutter-2)
2023-05-23 06:28:16 There were 284 links that passed the next "Link Alive Check" confirmation date and time.
2023-05-23 06:28:17 [1] Confirmed the "Link Alive Check". (NextTime=1970-01-01 00:00:00 Result= URL=)
2023-05-23 06:28:17 [2] Confirmed the "Link Alive Check". (NextTime=1970-01-01 00:00:00 Result= URL=)
2023-05-23 06:28:17 [3] Confirmed the "Link Alive Check". (NextTime=1970-01-01 00:00:00 Result= URL=)
2023-05-23 06:28:17 [4] Confirmed the "Link Alive Check". (NextTime=1970-01-01 00:00:00 Result= URL=)
2023-05-23 06:28:18 [5] Confirmed the "Link Alive Check". (NextTime=1970-01-01 00:00:00 Result= URL=)
2023-05-23 06:41:19 There were 284 links that passed the next "Link Alive Check" confirmation date and time.
2023-05-23 06:41:19 [1] Confirmed the "Link Alive Check". (NextTime=1970-01-01 00:00:00 Result= URL=)
2023-05-23 06:41:19 [2] Confirmed the "Link Alive Check". (NextTime=1970-01-01 00:00:00 Result= URL=)
2023-05-23 06:41:20 [3] Confirmed the "Link Alive Check". (NextTime=1970-01-01 00:00:00 Result= URL=)
2023-05-23 06:41:20 [4] Confirmed the "Link Alive Check". (NextTime=1970-01-01 00:00:00 Result= URL=)
2023-05-23 06:41:20 [5] Confirmed the "Link Alive Check". (NextTime=1970-01-01 00:00:00 Result= URL=)
2023-05-23 07:27:41 There were 0 links that passed the next "Check SNS Count" confirmation date and time.
2023-05-23 07:30:21 There were 284 links that passed the next "Link Alive Check" confirmation date and time.
2023-05-23 07:30:22 [1] Confirmed the "Link Alive Check". (NextTime=1970-01-01 00:00:00 Result= URL=)
2023-05-23 07:30:22 [2] Confirmed the "Link Alive Check". (NextTime=1970-01-01 00:00:00 Result= URL=)
2023-05-23 07:30:22 [3] Confirmed the "Link Alive Check". (NextTime=1970-01-01 00:00:00 Result= URL=)
2023-05-23 07:30:22 [4] Confirmed the "Link Alive Check". (NextTime=1970-01-01 00:00:00 Result= URL=)
2023-05-23 07:30:22 [5] Confirmed the "Link Alive Check". (NextTime=1970-01-01 00:00:00 Result= URL=)
2023-05-23 07:43:48 There were 284 links that passed the next "Link Alive Check" confirmation date and time.
2023-05-23 07:43:49 [1] Confirmed the "Link Alive Check". (NextTime=1970-01-01 00:00:00 Result= URL=)
2023-05-23 07:43:49 [2] Confirmed the "Link Alive Check". (NextTime=1970-01-01 00:00:00 Result= URL=)
2023-05-23 07:43:49 [3] Confirmed the "Link Alive Check". (NextTime=1970-01-01 00:00:00 Result= URL=)
2023-05-23 07:43:49 [4] Confirmed the "Link Alive Check". (NextTime=1970-01-01 00:00:00 Result= URL=)
2023-05-23 07:43:49 [5] Confirmed the "Link Alive Check". (NextTime=1970-01-01 00:00:00 Result= URL=)
2023-05-23 08:23:10 There were 1 links that passed the next "Check SNS Count" confirmation date and time.
2023-05-23 08:23:10 [1] Confirmed the "Check SNS Count". (NextTime=2021-03-25 19:52:33 URL=https://mechanicalkeyboards.com/shop/index.php?l=product_detail&#038;p=3519)
2023-05-23 08:31:28 There were 284 links that passed the next "Link Alive Check" confirmation date and time.
2023-05-23 08:31:28 [1] Confirmed the "Link Alive Check". (NextTime=1970-01-01 00:00:00 Result= URL=)
2023-05-23 08:31:29 [2] Confirmed the "Link Alive Check". (NextTime=1970-01-01 00:00:00 Result= URL=)
2023-05-23 08:31:29 [3] Confirmed the "Link Alive Check". (NextTime=1970-01-01 00:00:00 Result= URL=)
2023-05-23 08:31:29 [4] Confirmed the "Link Alive Check". (NextTime=1970-01-01 00:00:00 Result= URL=)
2023-05-23 08:31:29 [5] Confirmed the "Link Alive Check". (NextTime=1970-01-01 00:00:00 Result= URL=)
2023-05-23 08:44:15 There were 284 links that passed the next "Link Alive Check" confirmation date and time.
2023-05-23 08:44:16 [1] Confirmed the "Link Alive Check". (NextTime=1970-01-01 00:00:00 Result= URL=)
2023-05-23 08:44:16 [2] Confirmed the "Link Alive Check". (NextTime=1970-01-01 00:00:00 Result= URL=)
2023-05-23 08:44:16 [3] Confirmed the "Link Alive Check". (NextTime=1970-01-01 00:00:00 Result= URL=)
2023-05-23 08:44:16 [4] Confirmed the "Link Alive Check". (NextTime=1970-01-01 00:00:00 Result= URL=)
2023-05-23 08:44:16 [5] Confirmed the "Link Alive Check". (NextTime=1970-01-01 00:00:00 Result= URL=)
2023-05-23 09:26:07 There were 1 links that passed the next "Check SNS Count" confirmation date and time.
2023-05-23 09:26:08 [1] Confirmed the "Check SNS Count". (NextTime=2021-04-17 01:42:03 URL=https://en.wikipedia.org/wiki/Dom-R%C3%B6mer_Project)
2023-05-23 09:32:29 There were 284 links that passed the next "Link Alive Check" confirmation date and time.
2023-05-23 09:32:29 [1] Confirmed the "Link Alive Check". (NextTime=1970-01-01 00:00:00 Result= URL=)
2023-05-23 09:32:30 [2] Confirmed the "Link Alive Check". (NextTime=1970-01-01 00:00:00 Result= URL=)
2023-05-23 09:32:30 [3] Confirmed the "Link Alive Check". (NextTime=1970-01-01 00:00:00 Result= URL=)
2023-05-23 09:32:30 [4] Confirmed the "Link Alive Check". (NextTime=1970-01-01 00:00:00 Result= URL=)
2023-05-23 09:32:30 [5] Confirmed the "Link Alive Check". (NextTime=1970-01-01 00:00:00 Result= URL=)
2023-05-23 09:52:15 There were 284 links that passed the next "Link Alive Check" confirmation date and time.
2023-05-23 09:52:15 [1] Confirmed the "Link Alive Check". (NextTime=1970-01-01 00:00:00 Result= URL=)
2023-05-23 09:52:15 [2] Confirmed the "Link Alive Check". (NextTime=1970-01-01 00:00:00 Result= URL=)
2023-05-23 09:52:15 [3] Confirmed the "Link Alive Check". (NextTime=1970-01-01 00:00:00 Result= URL=)
2023-05-23 09:52:15 [4] Confirmed the "Link Alive Check". (NextTime=1970-01-01 00:00:00 Result= URL=)
2023-05-23 09:52:16 [5] Confirmed the "Link Alive Check". (NextTime=1970-01-01 00:00:00 Result= URL=)
2023-05-23 10:28:38 There were 2 links that passed the next "Check SNS Count" confirmation date and time.
2023-05-23 10:28:38 [1] Confirmed the "Check SNS Count". (NextTime=2021-04-14 03:47:27 URL=https://sekailab.com/wp/2015/11/02/lstm-general-responce-bot/)
2023-05-23 10:28:38 [2] Confirmed the "Check SNS Count". (NextTime=2021-03-26 03:29:39 URL=https://www.amazon.co.jp/aceyoon-%E3%82%BF%E3%83%96%E3%83%AC%E3%83%83%E3%83%88%E3%82%B9%E3%82%BF%E3%83%B3%E3%83%89-4-13%E3%82%A4%E3%83%B3%E3%83%81-%E3%82%B9%E3%83%9E%E3%83%9B%E3%82%B9%E3%82%BF%E3%83%B3%E3%83%89-%E3%82%BF%E3%83%96%E3%83%AC%E3%83%83%E3%83%88%E3%81%AB%E5%AF%BE%E5%BF%9C/dp/B07GZJPW7D/ref=as_li_ss_il?_encoding=UTF8&#038;pd_rd_i=B07GZJPW7D&#038;pd_rd_r=69ac8820-a8ba-4bfe-9fd4-48a8068f1240&#038;pd_rd_w=2EwEV&#038;pd_rd_wg=bOs7O&#038;pf_rd_p=587b16be-0f5e-4017-ba4e-8771a0be2909&#038;pf_rd_r=JEZEJVFX37T038S9MCT6&#038;psc=1&#038;refRID=JEZEJVFX37T038S9MCT6&#038;linkCode=li2&#038;tag=drunkar-22&#038;linkId=529300a58525bc616e80a33d50eb1446&#038;language=ja_JP)
2023-05-23 10:39:36 There were 284 links that passed the next "Link Alive Check" confirmation date and time.
2023-05-23 10:39:36 [1] Confirmed the "Link Alive Check". (NextTime=1970-01-01 00:00:00 Result= URL=)
2023-05-23 10:39:36 [2] Confirmed the "Link Alive Check". (NextTime=1970-01-01 00:00:00 Result= URL=)
2023-05-23 10:39:37 [3] Confirmed the "Link Alive Check". (NextTime=1970-01-01 00:00:00 Result= URL=)
2023-05-23 10:39:37 [4] Confirmed the "Link Alive Check". (NextTime=1970-01-01 00:00:00 Result= URL=)
2023-05-23 10:39:37 [5] Confirmed the "Link Alive Check". (NextTime=1970-01-01 00:00:00 Result= URL=)
2023-05-23 10:52:17 There were 284 links that passed the next "Link Alive Check" confirmation date and time.
2023-05-23 10:52:17 [1] Confirmed the "Link Alive Check". (NextTime=1970-01-01 00:00:00 Result= URL=)
2023-05-23 10:52:17 [2] Confirmed the "Link Alive Check". (NextTime=1970-01-01 00:00:00 Result= URL=)
2023-05-23 10:52:18 [3] Confirmed the "Link Alive Check". (NextTime=1970-01-01 00:00:00 Result= URL=)
2023-05-23 10:52:18 [4] Confirmed the "Link Alive Check". (NextTime=1970-01-01 00:00:00 Result= URL=)
2023-05-23 10:52:18 [5] Confirmed the "Link Alive Check". (NextTime=1970-01-01 00:00:00 Result= URL=)
2023-05-23 11:23:50 There were 2 links that passed the next "Check SNS Count" confirmation date and time.
2023-05-23 11:23:50 [1] Confirmed the "Check SNS Count". (NextTime=2021-03-26 00:34:32 URL=https://sekailab.com/wp/2018/04/14/sakura-vps-nem-supernode-2/)
2023-05-23 11:23:50 [2] Confirmed the "Check SNS Count". (NextTime=2021-03-21 08:59:01 URL=https://www.amazon.co.jp/gp/product/B06ZYZMCD3/ref=as_li_ss_il?ie=UTF8&#038;psc=1&#038;linkCode=li2&#038;tag=drunkar-22&#038;linkId=c32f160016a1b2922132601ed8f805d2)
2023-05-23 11:39:55 There were 284 links that passed the next "Link Alive Check" confirmation date and time.
2023-05-23 11:39:55 [1] Confirmed the "Link Alive Check". (NextTime=1970-01-01 00:00:00 Result= URL=)
2023-05-23 11:39:56 [2] Confirmed the "Link Alive Check". (NextTime=1970-01-01 00:00:00 Result= URL=)
2023-05-23 11:39:56 [3] Confirmed the "Link Alive Check". (NextTime=1970-01-01 00:00:00 Result= URL=)
2023-05-23 11:39:56 [4] Confirmed the "Link Alive Check". (NextTime=1970-01-01 00:00:00 Result= URL=)
2023-05-23 11:39:56 [5] Confirmed the "Link Alive Check". (NextTime=1970-01-01 00:00:00 Result= URL=)
2023-05-23 11:52:19 There were 284 links that passed the next "Link Alive Check" confirmation date and time.
2023-05-23 11:52:19 [1] Confirmed the "Link Alive Check". (NextTime=1970-01-01 00:00:00 Result= URL=)
2023-05-23 11:52:19 [2] Confirmed the "Link Alive Check". (NextTime=1970-01-01 00:00:00 Result= URL=)
2023-05-23 11:52:20 [3] Confirmed the "Link Alive Check". (NextTime=1970-01-01 00:00:00 Result= URL=)
2023-05-23 11:52:20 [4] Confirmed the "Link Alive Check". (NextTime=1970-01-01 00:00:00 Result= URL=)
2023-05-23 11:52:20 [5] Confirmed the "Link Alive Check". (NextTime=1970-01-01 00:00:00 Result= URL=)
2023-05-23 12:25:21 There were 0 links that passed the next "Check SNS Count" confirmation date and time.
2023-05-23 12:40:29 There were 284 links that passed the next "Link Alive Check" confirmation date and time.
2023-05-23 12:40:29 [1] Confirmed the "Link Alive Check". (NextTime=1970-01-01 00:00:00 Result= URL=)
2023-05-23 12:40:29 [2] Confirmed the "Link Alive Check". (NextTime=1970-01-01 00:00:00 Result= URL=)
2023-05-23 12:40:29 [3] Confirmed the "Link Alive Check". (NextTime=1970-01-01 00:00:00 Result= URL=)
2023-05-23 12:40:30 [4] Confirmed the "Link Alive Check". (NextTime=1970-01-01 00:00:00 Result= URL=)
2023-05-23 12:40:30 [5] Confirmed the "Link Alive Check". (NextTime=1970-01-01 00:00:00 Result= URL=)
2023-05-23 12:52:36 There were 284 links that passed the next "Link Alive Check" confirmation date and time.
2023-05-23 12:52:36 [1] Confirmed the "Link Alive Check". (NextTime=1970-01-01 00:00:00 Result= URL=)
2023-05-23 12:52:36 [2] Confirmed the "Link Alive Check". (NextTime=1970-01-01 00:00:00 Result= URL=)
2023-05-23 12:52:36 [3] Confirmed the "Link Alive Check". (NextTime=1970-01-01 00:00:00 Result= URL=)
2023-05-23 12:52:37 [4] Confirmed the "Link Alive Check". (NextTime=1970-01-01 00:00:00 Result= URL=)
2023-05-23 12:52:37 [5] Confirmed the "Link Alive Check". (NextTime=1970-01-01 00:00:00 Result= URL=)
2023-05-23 13:23:12 There were 2 links that passed the next "Check SNS Count" confirmation date and time.
2023-05-23 13:23:12 [1] Confirmed the "Check SNS Count". (NextTime=2021-04-10 20:08:11 URL=https://github.com/Drunkar/papers)
2023-05-23 13:23:12 [2] Confirmed the "Check SNS Count". (NextTime=2021-03-25 14:52:52 URL=https://www.amazon.co.jp/uxcell-%E8%80%90%E7%86%B1%E3%82%AB%E3%83%97%E3%83%88%E3%83%B3%E3%83%86%E3%83%BC%E3%83%97-%E3%83%9D%E3%83%AA%E3%82%A4%E3%83%9F%E3%83%89-BGA-%E9%AB%98%E6%B8%A9-25mm/dp/B01HTF92YS/ref=as_li_ss_il?ie=UTF8&#038;qid=1527414817&#038;sr=8-2&#038;keywords=%E3%82%AB%E3%83%97%E3%83%88%E3%83%B3%E3%83%86%E3%83%BC%E3%83%97+25mm&#038;linkCode=li2&#038;tag=drunkar-22&#038;linkId=5c160aed08e16dc5d77fb3bb1a348f9a)
2023-05-23 13:42:12 There were 284 links that passed the next "Link Alive Check" confirmation date and time.
2023-05-23 13:42:12 [1] Confirmed the "Link Alive Check". (NextTime=1970-01-01 00:00:00 Result= URL=)
2023-05-23 13:42:12 [2] Confirmed the "Link Alive Check". (NextTime=1970-01-01 00:00:00 Result= URL=)
2023-05-23 13:42:13 [3] Confirmed the "Link Alive Check". (NextTime=1970-01-01 00:00:00 Result= URL=)
2023-05-23 13:42:13 [4] Confirmed the "Link Alive Check". (NextTime=1970-01-01 00:00:00 Result= URL=)
2023-05-23 13:42:13 [5] Confirmed the "Link Alive Check". (NextTime=1970-01-01 00:00:00 Result= URL=)
2023-05-23 13:52:38 There were 284 links that passed the next "Link Alive Check" confirmation date and time.
2023-05-23 13:52:38 [1] Confirmed the "Link Alive Check". (NextTime=1970-01-01 00:00:00 Result= URL=)
2023-05-23 13:52:39 [2] Confirmed the "Link Alive Check". (NextTime=1970-01-01 00:00:00 Result= URL=)
2023-05-23 13:52:39 [3] Confirmed the "Link Alive Check". (NextTime=1970-01-01 00:00:00 Result= URL=)
2023-05-23 13:52:39 [4] Confirmed the "Link Alive Check". (NextTime=1970-01-01 00:00:00 Result= URL=)
2023-05-23 13:52:39 [5] Confirmed the "Link Alive Check". (NextTime=1970-01-01 00:00:00 Result= URL=)
2023-05-23 14:24:14 There were 0 links that passed the next "Check SNS Count" confirmation date and time.
2023-05-23 14:44:11 There were 284 links that passed the next "Link Alive Check" confirmation date and time.
2023-05-23 14:44:11 [1] Confirmed the "Link Alive Check". (NextTime=1970-01-01 00:00:00 Result= URL=)
2023-05-23 14:44:11 [2] Confirmed the "Link Alive Check". (NextTime=1970-01-01 00:00:00 Result= URL=)
2023-05-23 14:44:12 [3] Confirmed the "Link Alive Check". (NextTime=1970-01-01 00:00:00 Result= URL=)
2023-05-23 14:44:12 [4] Confirmed the "Link Alive Check". (NextTime=1970-01-01 00:00:00 Result= URL=)
2023-05-23 14:44:12 [5] Confirmed the "Link Alive Check". (NextTime=1970-01-01 00:00:00 Result= URL=)
2023-05-23 14:52:59 There were 284 links that passed the next "Link Alive Check" confirmation date and time.
2023-05-23 14:53:00 [1] Confirmed the "Link Alive Check". (NextTime=1970-01-01 00:00:00 Result= URL=)
2023-05-23 14:53:00 [2] Confirmed the "Link Alive Check". (NextTime=1970-01-01 00:00:00 Result= URL=)
2023-05-23 14:53:00 [3] Confirmed the "Link Alive Check". (NextTime=1970-01-01 00:00:00 Result= URL=)
2023-05-23 14:53:00 [4] Confirmed the "Link Alive Check". (NextTime=1970-01-01 00:00:00 Result= URL=)
2023-05-23 14:53:01 [5] Confirmed the "Link Alive Check". (NextTime=1970-01-01 00:00:00 Result= URL=)
2023-05-23 15:23:07 There were 0 links that passed the next "Check SNS Count" confirmation date and time.
2023-05-23 15:53:00 There were 284 links that passed the next "Link Alive Check" confirmation date and time.
2023-05-23 15:53:00 [1] Confirmed the "Link Alive Check". (NextTime=1970-01-01 00:00:00 Result= URL=)
2023-05-23 15:53:00 [2] Confirmed the "Link Alive Check". (NextTime=1970-01-01 00:00:00 Result= URL=)
2023-05-23 15:53:01 [3] Confirmed the "Link Alive Check". (NextTime=1970-01-01 00:00:00 Result= URL=)
2023-05-23 15:53:01 [4] Confirmed the "Link Alive Check". (NextTime=1970-01-01 00:00:00 Result= URL=)
2023-05-23 15:53:01 [5] Confirmed the "Link Alive Check". (NextTime=1970-01-01 00:00:00 Result= URL=)
2023-05-23 16:23:04 There were 5 links that passed the next "Check SNS Count" confirmation date and time.
2023-05-23 16:23:04 [1] Confirmed the "Check SNS Count". (NextTime=2021-03-25 13:59:46 URL=https://github.com/Drunkar/USB-PD_Adapter/blob/master/PD_Adapter_Case.stl)
2023-05-23 16:23:04 [2] Confirmed the "Check SNS Count". (NextTime=2021-03-21 09:08:14 URL=https://sekailab.com/wp/2018/08/14/movidius-neural-compute-stick-with-orangepi-pc2/)
2023-05-23 16:23:04 [3] Confirmed the "Check SNS Count". (NextTime=2021-03-21 20:42:31 URL=https://sekailab.com/wp/2013/02/23/%e5%bb%ba%e7%af%89%e6%89%b9%e8%a9%95%e7%a9%ba%e9%96%93%e3%82%92%e5%8f%af%e8%a6%96%e5%8c%96%e3%81%97%e3%81%a6%e3%81%bf%e3%81%9f/)
2023-05-23 16:23:04 [4] Confirmed the "Check SNS Count". (NextTime=2021-03-26 08:44:23 URL=https://www.switch-science.com/catalog/5760/)
2023-05-23 16:23:04 [5] Confirmed the "Check SNS Count". (NextTime=2021-03-28 21:34:13 URL=https://sekailab.com/wp/2019/05/08/google-translation-with-kindle-cloud-reader/)
2023-05-23 16:53:52 There were 284 links that passed the next "Link Alive Check" confirmation date and time.
2023-05-23 16:53:52 [1] Confirmed the "Link Alive Check". (NextTime=1970-01-01 00:00:00 Result= URL=)
2023-05-23 16:53:52 [2] Confirmed the "Link Alive Check". (NextTime=1970-01-01 00:00:00 Result= URL=)
2023-05-23 16:53:52 [3] Confirmed the "Link Alive Check". (NextTime=1970-01-01 00:00:00 Result= URL=)
2023-05-23 16:53:53 [4] Confirmed the "Link Alive Check". (NextTime=1970-01-01 00:00:00 Result= URL=)
2023-05-23 16:53:53 [5] Confirmed the "Link Alive Check". (NextTime=1970-01-01 00:00:00 Result= URL=)
2023-05-23 17:23:06 There were 1 links that passed the next "Check SNS Count" confirmation date and time.
2023-05-23 17:23:06 [1] Confirmed the "Check SNS Count". (NextTime=2021-03-25 21:40:42 URL=https://www.thingiverse.com/thing:2848039)
2023-05-23 17:55:52 There were 284 links that passed the next "Link Alive Check" confirmation date and time.
2023-05-23 17:55:52 [1] Confirmed the "Link Alive Check". (NextTime=1970-01-01 00:00:00 Result= URL=)
2023-05-23 17:55:52 [2] Confirmed the "Link Alive Check". (NextTime=1970-01-01 00:00:00 Result= URL=)
2023-05-23 17:55:52 [3] Confirmed the "Link Alive Check". (NextTime=1970-01-01 00:00:00 Result= URL=)
2023-05-23 17:55:53 [4] Confirmed the "Link Alive Check". (NextTime=1970-01-01 00:00:00 Result= URL=)
2023-05-23 17:55:53 [5] Confirmed the "Link Alive Check". (NextTime=1970-01-01 00:00:00 Result= URL=)
2023-05-23 18:23:55 There were 2 links that passed the next "Check SNS Count" confirmation date and time.
2023-05-23 18:23:56 [1] Confirmed the "Check SNS Count". (NextTime=2021-04-18 05:12:40 URL=https://unity3d.com/jp/get-unity/download/archive)
2023-05-23 18:23:56 [2] Confirmed the "Check SNS Count". (NextTime=2021-04-15 04:30:30 URL=https://sekailab.com/wp/2013/07/29/interaction-wit-massan)
2023-05-23 18:58:09 There were 284 links that passed the next "Link Alive Check" confirmation date and time.
2023-05-23 18:58:09 [1] Confirmed the "Link Alive Check". (NextTime=1970-01-01 00:00:00 Result= URL=)
2023-05-23 18:58:09 [2] Confirmed the "Link Alive Check". (NextTime=1970-01-01 00:00:00 Result= URL=)
2023-05-23 18:58:09 [3] Confirmed the "Link Alive Check". (NextTime=1970-01-01 00:00:00 Result= URL=)
2023-05-23 18:58:10 [4] Confirmed the "Link Alive Check". (NextTime=1970-01-01 00:00:00 Result= URL=)
2023-05-23 18:58:10 [5] Confirmed the "Link Alive Check". (NextTime=1970-01-01 00:00:00 Result= URL=)
2023-05-23 19:23:08 There were 1 links that passed the next "Check SNS Count" confirmation date and time.
2023-05-23 19:23:08 [1] Confirmed the "Check SNS Count". (NextTime=2021-04-14 14:56:32 URL=https://www.amazon.co.jp/gp/product/B088NS4JQZ/ref=as_li_ss_il?ie=UTF8&#038;psc=1&#038;linkCode=li2&#038;tag=drunkar-22&#038;linkId=13d482d10648879823ff86fe77c3ea3e)
2023-05-23 19:58:58 There were 284 links that passed the next "Link Alive Check" confirmation date and time.
2023-05-23 19:58:58 [1] Confirmed the "Link Alive Check". (NextTime=1970-01-01 00:00:00 Result= URL=)
2023-05-23 19:58:58 [2] Confirmed the "Link Alive Check". (NextTime=1970-01-01 00:00:00 Result= URL=)
2023-05-23 19:58:59 [3] Confirmed the "Link Alive Check". (NextTime=1970-01-01 00:00:00 Result= URL=)
2023-05-23 19:58:59 [4] Confirmed the "Link Alive Check". (NextTime=1970-01-01 00:00:00 Result= URL=)
2023-05-23 19:58:59 [5] Confirmed the "Link Alive Check". (NextTime=1970-01-01 00:00:00 Result= URL=)
2023-05-23 20:24:15 There were 0 links that passed the next "Check SNS Count" confirmation date and time.
2023-05-23 20:59:14 There were 284 links that passed the next "Link Alive Check" confirmation date and time.
2023-05-23 20:59:14 [1] Confirmed the "Link Alive Check". (NextTime=1970-01-01 00:00:00 Result= URL=)
2023-05-23 20:59:14 [2] Confirmed the "Link Alive Check". (NextTime=1970-01-01 00:00:00 Result= URL=)
2023-05-23 20:59:15 [3] Confirmed the "Link Alive Check". (NextTime=1970-01-01 00:00:00 Result= URL=)
2023-05-23 20:59:15 [4] Confirmed the "Link Alive Check". (NextTime=1970-01-01 00:00:00 Result= URL=)
2023-05-23 20:59:15 [5] Confirmed the "Link Alive Check". (NextTime=1970-01-01 00:00:00 Result= URL=)
2023-05-23 21:23:22 There were 1 links that passed the next "Check SNS Count" confirmation date and time.
2023-05-23 21:23:22 [1] Confirmed the "Check SNS Count". (NextTime=2021-03-19 21:34:14 URL=https://sekailab.com/wp/2018/01/04/15w-chinese-laser-cutter-1/)
2023-05-23 22:00:26 There were 284 links that passed the next "Link Alive Check" confirmation date and time.
2023-05-23 22:00:26 [1] Confirmed the "Link Alive Check". (NextTime=1970-01-01 00:00:00 Result= URL=)
2023-05-23 22:00:27 [2] Confirmed the "Link Alive Check". (NextTime=1970-01-01 00:00:00 Result= URL=)
2023-05-23 22:00:27 [3] Confirmed the "Link Alive Check". (NextTime=1970-01-01 00:00:00 Result= URL=)
2023-05-23 22:00:27 [4] Confirmed the "Link Alive Check". (NextTime=1970-01-01 00:00:00 Result= URL=)
2023-05-23 22:00:27 [5] Confirmed the "Link Alive Check". (NextTime=1970-01-01 00:00:00 Result= URL=)
2023-05-23 22:25:35 There were 4 links that passed the next "Check SNS Count" confirmation date and time.
2023-05-23 22:25:35 [1] Confirmed the "Check SNS Count". (NextTime=2021-03-28 10:53:38 URL=https://github.com/Drunkar/barocco_md650l_mods)
2023-05-23 22:25:35 [2] Confirmed the "Check SNS Count". (NextTime=2021-03-25 11:34:23 URL=https://www.amazon.co.jp/dp/B07X37WWV2/ref=as_li_ss_il?_encoding=UTF8&#038;psc=1&#038;linkCode=li2&#038;tag=drunkar-22&#038;linkId=e9c9a5b2ef13df006a8643907b926818&#038;language=ja_JP)
2023-05-23 22:25:35 [3] Confirmed the "Check SNS Count". (NextTime=2021-03-25 10:30:45 URL=https://www.amazon.co.jp/%E6%A4%8D%E7%89%A9%E7%94%9F%E4%BD%93%E9%9B%BB%E4%BD%8D%E3%81%A8%E3%82%B3%E3%83%9F%E3%83%A5%E3%83%8B%E3%82%B1%E3%83%BC%E3%82%B7%E3%83%A7%E3%83%B3-%E5%A4%A7%E8%96%AE-%E5%A4%9A%E5%8F%AF%E5%BF%97/dp/4303710326/ref=as_li_ss_il?ie=UTF8&#038;qid=1516613210&#038;sr=8-1&#038;keywords=%E6%A4%8D%E7%89%A9%E7%94%9F%E4%BD%93%E9%9B%BB%E4%BD%8D%E3%81%A8%E3%82%B3%E3%83%9F%E3%83%A5%E3%83%8B%E3%82%B1%E3%83%BC%E3%82%B7%E3%83%A7%E3%83%B3&#038;linkCode=li2&#038;tag=drunkar-22&#038;linkId=0580e236864f570f594c4cedbeadebd0)
2023-05-23 22:25:35 [4] Confirmed the "Check SNS Count". (NextTime=2021-03-22 10:43:45 URL=https://sekailab.com/wp/2016/07/19/python-logging/)
2023-05-23 23:01:55 There were 284 links that passed the next "Link Alive Check" confirmation date and time.
2023-05-23 23:01:56 [1] Confirmed the "Link Alive Check". (NextTime=1970-01-01 00:00:00 Result= URL=)
2023-05-23 23:01:56 [2] Confirmed the "Link Alive Check". (NextTime=1970-01-01 00:00:00 Result= URL=)
2023-05-23 23:01:56 [3] Confirmed the "Link Alive Check". (NextTime=1970-01-01 00:00:00 Result= URL=)
2023-05-23 23:01:56 [4] Confirmed the "Link Alive Check". (NextTime=1970-01-01 00:00:00 Result= URL=)
2023-05-23 23:01:57 [5] Confirmed the "Link Alive Check". (NextTime=1970-01-01 00:00:00 Result= URL=)
2023-05-23 23:23:47 There were 2 links that passed the next "Check SNS Count" confirmation date and time.
2023-05-23 23:23:47 [1] Confirmed the "Check SNS Count". (NextTime=2021-04-15 08:45:47 URL=https://sekailab.com/wp/2015/11/02/lstm-general-responce-bot)
2023-05-23 23:23:47 [2] Confirmed the "Check SNS Count". (NextTime=2021-03-22 14:03:05 URL=https://sekailab.com/wp/2018/06/09/best-practice-of-cooling-razer-blade/)
