2023-06-21 00:01:43 There were 284 links that passed the next "Link Alive Check" confirmation date and time.
2023-06-21 00:01:43 [1] Confirmed the "Link Alive Check". (NextTime=1970-01-01 00:00:00 Result= URL=)
2023-06-21 00:01:44 [2] Confirmed the "Link Alive Check". (NextTime=1970-01-01 00:00:00 Result= URL=)
2023-06-21 00:01:44 [3] Confirmed the "Link Alive Check". (NextTime=1970-01-01 00:00:00 Result= URL=)
2023-06-21 00:01:44 [4] Confirmed the "Link Alive Check". (NextTime=1970-01-01 00:00:00 Result= URL=)
2023-06-21 00:01:44 [5] Confirmed the "Link Alive Check". (NextTime=1970-01-01 00:00:00 Result= URL=)
2023-06-21 00:23:02 There were 1 links that passed the next "Check SNS Count" confirmation date and time.
2023-06-21 00:23:02 [1] Confirmed the "Check SNS Count". (NextTime=2021-04-15 03:14:07 URL=https://www.amazon.co.jp/gp/product/B004X4JPBE/ref=as_li_ss_il?ie=UTF8&#038;psc=1&#038;linkCode=li2&#038;tag=drunkar-22&#038;linkId=63f758e8c2595a9e11843e3a4f23b83d)
2023-06-21 00:28:40 There were 284 links that passed the next "Link Alive Check" confirmation date and time.
2023-06-21 00:28:40 [1] Confirmed the "Link Alive Check". (NextTime=1970-01-01 00:00:00 Result= URL=)
2023-06-21 00:28:40 [2] Confirmed the "Link Alive Check". (NextTime=1970-01-01 00:00:00 Result= URL=)
2023-06-21 00:28:40 [3] Confirmed the "Link Alive Check". (NextTime=1970-01-01 00:00:00 Result= URL=)
2023-06-21 00:28:41 [4] Confirmed the "Link Alive Check". (NextTime=1970-01-01 00:00:00 Result= URL=)
2023-06-21 00:28:41 [5] Confirmed the "Link Alive Check". (NextTime=1970-01-01 00:00:00 Result= URL=)
2023-06-21 01:04:15 There were 284 links that passed the next "Link Alive Check" confirmation date and time.
2023-06-21 01:04:15 [1] Confirmed the "Link Alive Check". (NextTime=1970-01-01 00:00:00 Result= URL=)
2023-06-21 01:04:16 [2] Confirmed the "Link Alive Check". (NextTime=1970-01-01 00:00:00 Result= URL=)
2023-06-21 01:04:16 [3] Confirmed the "Link Alive Check". (NextTime=1970-01-01 00:00:00 Result= URL=)
2023-06-21 01:04:16 [4] Confirmed the "Link Alive Check". (NextTime=1970-01-01 00:00:00 Result= URL=)
2023-06-21 01:04:16 [5] Confirmed the "Link Alive Check". (NextTime=1970-01-01 00:00:00 Result= URL=)
2023-06-21 01:24:11 There were 1 links that passed the next "Check SNS Count" confirmation date and time.
2023-06-21 01:24:11 [1] Confirmed the "Check SNS Count". (NextTime=2021-04-15 01:43:04 URL=https://gumroad.com/l/japanese_talk_api_transformer)
2023-06-21 01:30:12 There were 284 links that passed the next "Link Alive Check" confirmation date and time.
2023-06-21 01:30:12 [1] Confirmed the "Link Alive Check". (NextTime=1970-01-01 00:00:00 Result= URL=)
2023-06-21 01:30:12 [2] Confirmed the "Link Alive Check". (NextTime=1970-01-01 00:00:00 Result= URL=)
2023-06-21 01:30:12 [3] Confirmed the "Link Alive Check". (NextTime=1970-01-01 00:00:00 Result= URL=)
2023-06-21 01:30:13 [4] Confirmed the "Link Alive Check". (NextTime=1970-01-01 00:00:00 Result= URL=)
2023-06-21 01:30:13 [5] Confirmed the "Link Alive Check". (NextTime=1970-01-01 00:00:00 Result= URL=)
2023-06-21 02:04:38 There were 284 links that passed the next "Link Alive Check" confirmation date and time.
2023-06-21 02:04:39 [1] Confirmed the "Link Alive Check". (NextTime=1970-01-01 00:00:00 Result= URL=)
2023-06-21 02:04:39 [2] Confirmed the "Link Alive Check". (NextTime=1970-01-01 00:00:00 Result= URL=)
2023-06-21 02:04:39 [3] Confirmed the "Link Alive Check". (NextTime=1970-01-01 00:00:00 Result= URL=)
2023-06-21 02:04:39 [4] Confirmed the "Link Alive Check". (NextTime=1970-01-01 00:00:00 Result= URL=)
2023-06-21 02:04:40 [5] Confirmed the "Link Alive Check". (NextTime=1970-01-01 00:00:00 Result= URL=)
2023-06-21 02:24:34 There were 1 links that passed the next "Check SNS Count" confirmation date and time.
2023-06-21 02:24:34 [1] Confirmed the "Check SNS Count". (NextTime=2021-03-23 19:32:51 URL=https://sekailab.com/wp/2016/06/27/100%E5%86%86%E3%81%A7arduino%E3%81%8C%E8%B2%B7%E3%81%88%E3%81%9F%E9%80%81%E6%96%99%E5%88%A5%E3%80%82%E4%BA%92%E6%8F%9B%E6%A9%9F%E3%81%A0%E3%81%91%E3%81%A9/)
2023-06-21 02:24:59 There were 0 links that passed the next "Check SNS Count" confirmation date and time.
2023-06-21 02:30:21 There were 284 links that passed the next "Link Alive Check" confirmation date and time.
2023-06-21 02:30:21 [1] Confirmed the "Link Alive Check". (NextTime=1970-01-01 00:00:00 Result= URL=)
2023-06-21 02:30:21 [2] Confirmed the "Link Alive Check". (NextTime=1970-01-01 00:00:00 Result= URL=)
2023-06-21 02:30:22 [3] Confirmed the "Link Alive Check". (NextTime=1970-01-01 00:00:00 Result= URL=)
2023-06-21 02:30:22 [4] Confirmed the "Link Alive Check". (NextTime=1970-01-01 00:00:00 Result= URL=)
2023-06-21 02:30:22 [5] Confirmed the "Link Alive Check". (NextTime=1970-01-01 00:00:00 Result= URL=)
2023-06-21 03:07:28 There were 284 links that passed the next "Link Alive Check" confirmation date and time.
2023-06-21 03:07:28 [1] Confirmed the "Link Alive Check". (NextTime=1970-01-01 00:00:00 Result= URL=)
2023-06-21 03:07:29 [2] Confirmed the "Link Alive Check". (NextTime=1970-01-01 00:00:00 Result= URL=)
2023-06-21 03:07:29 [3] Confirmed the "Link Alive Check". (NextTime=1970-01-01 00:00:00 Result= URL=)
2023-06-21 03:07:29 [4] Confirmed the "Link Alive Check". (NextTime=1970-01-01 00:00:00 Result= URL=)
2023-06-21 03:07:29 [5] Confirmed the "Link Alive Check". (NextTime=1970-01-01 00:00:00 Result= URL=)
2023-06-21 03:23:53 There were 0 links that passed the next "Check SNS Count" confirmation date and time.
2023-06-21 03:31:00 There were 284 links that passed the next "Link Alive Check" confirmation date and time.
2023-06-21 03:31:00 [1] Confirmed the "Link Alive Check". (NextTime=1970-01-01 00:00:00 Result= URL=)
2023-06-21 03:31:00 [2] Confirmed the "Link Alive Check". (NextTime=1970-01-01 00:00:00 Result= URL=)
2023-06-21 03:31:00 [3] Confirmed the "Link Alive Check". (NextTime=1970-01-01 00:00:00 Result= URL=)
2023-06-21 03:31:01 [4] Confirmed the "Link Alive Check". (NextTime=1970-01-01 00:00:00 Result= URL=)
2023-06-21 03:31:01 [5] Confirmed the "Link Alive Check". (NextTime=1970-01-01 00:00:00 Result= URL=)
2023-06-21 04:07:51 There were 284 links that passed the next "Link Alive Check" confirmation date and time.
2023-06-21 04:07:52 [1] Confirmed the "Link Alive Check". (NextTime=1970-01-01 00:00:00 Result= URL=)
2023-06-21 04:07:52 [2] Confirmed the "Link Alive Check". (NextTime=1970-01-01 00:00:00 Result= URL=)
2023-06-21 04:07:52 [3] Confirmed the "Link Alive Check". (NextTime=1970-01-01 00:00:00 Result= URL=)
2023-06-21 04:07:52 [4] Confirmed the "Link Alive Check". (NextTime=1970-01-01 00:00:00 Result= URL=)
2023-06-21 04:07:52 [5] Confirmed the "Link Alive Check". (NextTime=1970-01-01 00:00:00 Result= URL=)
2023-06-21 04:23:14 There were 1 links that passed the next "Check SNS Count" confirmation date and time.
2023-06-21 04:23:14 [1] Confirmed the "Check SNS Count". (NextTime=2021-04-17 22:34:34 URL=https://www.banggood.com/ja/XIAOMI-Mi-Pad-4-4GB64GB-CN-ROM-WiFi-Original-Box-Snapdragon-660-8-Inch-Tablet-PC-Black-p-1414015.html?p=K226105168701201606R&#038;custlinkid=129858)
2023-06-21 04:33:57 There were 284 links that passed the next "Link Alive Check" confirmation date and time.
2023-06-21 04:33:57 [1] Confirmed the "Link Alive Check". (NextTime=1970-01-01 00:00:00 Result= URL=)
2023-06-21 04:33:57 [2] Confirmed the "Link Alive Check". (NextTime=1970-01-01 00:00:00 Result= URL=)
2023-06-21 04:33:57 [3] Confirmed the "Link Alive Check". (NextTime=1970-01-01 00:00:00 Result= URL=)
2023-06-21 04:33:58 [4] Confirmed the "Link Alive Check". (NextTime=1970-01-01 00:00:00 Result= URL=)
2023-06-21 04:33:58 [5] Confirmed the "Link Alive Check". (NextTime=1970-01-01 00:00:00 Result= URL=)
2023-06-21 05:08:05 There were 284 links that passed the next "Link Alive Check" confirmation date and time.
2023-06-21 05:08:05 [1] Confirmed the "Link Alive Check". (NextTime=1970-01-01 00:00:00 Result= URL=)
2023-06-21 05:08:05 [2] Confirmed the "Link Alive Check". (NextTime=1970-01-01 00:00:00 Result= URL=)
2023-06-21 05:08:06 [3] Confirmed the "Link Alive Check". (NextTime=1970-01-01 00:00:00 Result= URL=)
2023-06-21 05:08:06 [4] Confirmed the "Link Alive Check". (NextTime=1970-01-01 00:00:00 Result= URL=)
2023-06-21 05:08:06 [5] Confirmed the "Link Alive Check". (NextTime=1970-01-01 00:00:00 Result= URL=)
2023-06-21 05:23:29 There were 2 links that passed the next "Check SNS Count" confirmation date and time.
2023-06-21 05:23:29 [1] Confirmed the "Check SNS Count". (NextTime=2021-04-10 06:29:38 URL=https://www.amazon.co.jp/%E5%B0%8F%E7%B1%B3%E5%B9%B3%E6%9D%BF4-Xiaomi-wifi%E3%83%A2%E3%83%87%E3%83%AB-Snapdragon660-6000mAh/dp/B07KTCT1Z6/ref=as_li_ss_il?ie=UTF8&#038;qid=1546947388&#038;sr=8-7&#038;keywords=xiaomi+mi+pad+4&#038;linkCode=li2&#038;tag=drunkar-22&#038;linkId=788e60e84b98691d9c2964f3b2600aa8&#038;language=ja_JP)
2023-06-21 05:23:29 [2] Confirmed the "Check SNS Count". (NextTime=2021-04-16 10:17:04 URL=https://sekailab.com/wp/2012/11/01/c%E3%81%A7%E3%80%8C%E3%81%AF%E3%81%98%E3%82%81%E3%81%A6%E3%81%AE%E6%A9%9F%E6%A2%B0%E5%AD%A6%E7%BF%92%E3%80%8D5%E7%AB%A0)
2023-06-21 05:23:33 There were 0 links that passed the next "Check SNS Count" confirmation date and time.
2023-06-21 05:35:15 There were 284 links that passed the next "Link Alive Check" confirmation date and time.
2023-06-21 05:35:15 [1] Confirmed the "Link Alive Check". (NextTime=1970-01-01 00:00:00 Result= URL=)
2023-06-21 05:35:15 [2] Confirmed the "Link Alive Check". (NextTime=1970-01-01 00:00:00 Result= URL=)
2023-06-21 05:35:15 [3] Confirmed the "Link Alive Check". (NextTime=1970-01-01 00:00:00 Result= URL=)
2023-06-21 05:35:15 [4] Confirmed the "Link Alive Check". (NextTime=1970-01-01 00:00:00 Result= URL=)
2023-06-21 05:35:16 [5] Confirmed the "Link Alive Check". (NextTime=1970-01-01 00:00:00 Result= URL=)
2023-06-21 06:08:06 There were 284 links that passed the next "Link Alive Check" confirmation date and time.
2023-06-21 06:08:06 [1] Confirmed the "Link Alive Check". (NextTime=1970-01-01 00:00:00 Result= URL=)
2023-06-21 06:08:06 [2] Confirmed the "Link Alive Check". (NextTime=1970-01-01 00:00:00 Result= URL=)
2023-06-21 06:08:07 [3] Confirmed the "Link Alive Check". (NextTime=1970-01-01 00:00:00 Result= URL=)
2023-06-21 06:08:07 [4] Confirmed the "Link Alive Check". (NextTime=1970-01-01 00:00:00 Result= URL=)
2023-06-21 06:08:07 [5] Confirmed the "Link Alive Check". (NextTime=1970-01-01 00:00:00 Result= URL=)
2023-06-21 06:23:37 There were 2 links that passed the next "Check SNS Count" confirmation date and time.
2023-06-21 06:23:37 [1] Confirmed the "Check SNS Count". (NextTime=2021-03-20 19:27:06 URL=https://sekailab.com/wp/tag/orange_pi/)
2023-06-21 06:23:37 [2] Confirmed the "Check SNS Count". (NextTime=2021-04-06 05:31:05 URL=https://www.amazon.co.jp/%E3%80%90Zortrax-Sidecover%E3%80%91%E3%82%B5%E3%82%A4%E3%83%89%E3%82%AB%E3%83%90%E3%83%BC%E3%82%BB%E3%83%83%E3%83%88-Zortrax%E7%A4%BE-3D%E3%83%97%E3%83%AA%E3%83%B3%E3%82%BF%E3%83%BC-M200-%E7%B4%94%E6%AD%A3%E5%93%81-%E4%B8%A6%E8%A1%8C%E8%BC%B8%E5%85%A5%E5%93%81/dp/B07GYPHDG4/ref=as_li_ss_il?ie=UTF8&#038;qid=1546780995&#038;sr=8-1&#038;keywords=zortrax+%E3%82%B5%E3%82%A4%E3%83%89%E3%82%AB%E3%83%90%E3%83%BC&#038;linkCode=li2&#038;tag=drunkar-22&#038;linkId=1eaf1b07dd0612d0b5f81b0a87515e08&#038;language=ja_JP)
2023-06-21 06:37:36 There were 284 links that passed the next "Link Alive Check" confirmation date and time.
2023-06-21 06:37:37 [1] Confirmed the "Link Alive Check". (NextTime=1970-01-01 00:00:00 Result= URL=)
2023-06-21 06:37:37 [2] Confirmed the "Link Alive Check". (NextTime=1970-01-01 00:00:00 Result= URL=)
2023-06-21 06:37:37 [3] Confirmed the "Link Alive Check". (NextTime=1970-01-01 00:00:00 Result= URL=)
2023-06-21 06:37:37 [4] Confirmed the "Link Alive Check". (NextTime=1970-01-01 00:00:00 Result= URL=)
2023-06-21 06:37:38 [5] Confirmed the "Link Alive Check". (NextTime=1970-01-01 00:00:00 Result= URL=)
2023-06-21 07:08:51 There were 284 links that passed the next "Link Alive Check" confirmation date and time.
2023-06-21 07:08:51 [1] Confirmed the "Link Alive Check". (NextTime=1970-01-01 00:00:00 Result= URL=)
2023-06-21 07:08:51 [2] Confirmed the "Link Alive Check". (NextTime=1970-01-01 00:00:00 Result= URL=)
2023-06-21 07:08:51 [3] Confirmed the "Link Alive Check". (NextTime=1970-01-01 00:00:00 Result= URL=)
2023-06-21 07:08:51 [4] Confirmed the "Link Alive Check". (NextTime=1970-01-01 00:00:00 Result= URL=)
2023-06-21 07:08:52 [5] Confirmed the "Link Alive Check". (NextTime=1970-01-01 00:00:00 Result= URL=)
2023-06-21 07:29:42 There were 0 links that passed the next "Check SNS Count" confirmation date and time.
2023-06-21 07:43:33 There were 284 links that passed the next "Link Alive Check" confirmation date and time.
2023-06-21 07:43:33 [1] Confirmed the "Link Alive Check". (NextTime=1970-01-01 00:00:00 Result= URL=)
2023-06-21 07:43:33 [2] Confirmed the "Link Alive Check". (NextTime=1970-01-01 00:00:00 Result= URL=)
2023-06-21 07:43:33 [3] Confirmed the "Link Alive Check". (NextTime=1970-01-01 00:00:00 Result= URL=)
2023-06-21 07:43:33 [4] Confirmed the "Link Alive Check". (NextTime=1970-01-01 00:00:00 Result= URL=)
2023-06-21 07:43:34 [5] Confirmed the "Link Alive Check". (NextTime=1970-01-01 00:00:00 Result= URL=)
2023-06-21 08:11:48 There were 284 links that passed the next "Link Alive Check" confirmation date and time.
2023-06-21 08:11:48 [1] Confirmed the "Link Alive Check". (NextTime=1970-01-01 00:00:00 Result= URL=)
2023-06-21 08:11:49 [2] Confirmed the "Link Alive Check". (NextTime=1970-01-01 00:00:00 Result= URL=)
2023-06-21 08:11:49 [3] Confirmed the "Link Alive Check". (NextTime=1970-01-01 00:00:00 Result= URL=)
2023-06-21 08:11:49 [4] Confirmed the "Link Alive Check". (NextTime=1970-01-01 00:00:00 Result= URL=)
2023-06-21 08:11:49 [5] Confirmed the "Link Alive Check". (NextTime=1970-01-01 00:00:00 Result= URL=)
2023-06-21 08:23:55 There were 2 links that passed the next "Check SNS Count" confirmation date and time.
2023-06-21 08:23:55 [1] Confirmed the "Check SNS Count". (NextTime=2021-03-22 15:57:50 URL=https://popozure.info)
2023-06-21 08:23:55 [2] Confirmed the "Check SNS Count". (NextTime=2021-03-22 03:43:27 URL=https://sekailab.com/wp/2012/10/27/c%e3%81%a7%e3%80%8c%e3%81%af%e3%81%98%e3%82%81%e3%81%a6%e3%81%ae%e6%a9%9f%e6%a2%b0%e5%ad%a6%e7%bf%92%e3%80%8d4%e7%ab%a0/)
2023-06-21 08:44:05 There were 284 links that passed the next "Link Alive Check" confirmation date and time.
2023-06-21 08:44:05 [1] Confirmed the "Link Alive Check". (NextTime=1970-01-01 00:00:00 Result= URL=)
2023-06-21 08:44:05 [2] Confirmed the "Link Alive Check". (NextTime=1970-01-01 00:00:00 Result= URL=)
2023-06-21 08:44:05 [3] Confirmed the "Link Alive Check". (NextTime=1970-01-01 00:00:00 Result= URL=)
2023-06-21 08:44:06 [4] Confirmed the "Link Alive Check". (NextTime=1970-01-01 00:00:00 Result= URL=)
2023-06-21 08:44:06 [5] Confirmed the "Link Alive Check". (NextTime=1970-01-01 00:00:00 Result= URL=)
2023-06-21 09:14:45 There were 284 links that passed the next "Link Alive Check" confirmation date and time.
2023-06-21 09:14:45 [1] Confirmed the "Link Alive Check". (NextTime=1970-01-01 00:00:00 Result= URL=)
2023-06-21 09:14:46 [2] Confirmed the "Link Alive Check". (NextTime=1970-01-01 00:00:00 Result= URL=)
2023-06-21 09:14:46 [3] Confirmed the "Link Alive Check". (NextTime=1970-01-01 00:00:00 Result= URL=)
2023-06-21 09:14:46 [4] Confirmed the "Link Alive Check". (NextTime=1970-01-01 00:00:00 Result= URL=)
2023-06-21 09:14:46 [5] Confirmed the "Link Alive Check". (NextTime=1970-01-01 00:00:00 Result= URL=)
2023-06-21 09:23:34 There were 2 links that passed the next "Check SNS Count" confirmation date and time.
2023-06-21 09:23:34 [1] Confirmed the "Check SNS Count". (NextTime=2021-03-22 14:11:04 URL=https://www.amazon.co.jp/gp/product/B07734P6SX/ref=as_li_ss_il?ie=UTF8&#038;psc=1&#038;linkCode=li2&#038;tag=drunkar-22&#038;linkId=254598ec2dd11787382140fae995052f&#038;language=ja_JP)
2023-06-21 09:23:34 [2] Confirmed the "Check SNS Count". (NextTime=2021-04-08 05:18:25 URL=https://www.banggood.com/D5S-Projector-Android-Wifi-Portable-Mini-Outdoor-Built-in-Battery-DLP-Android-7_1-Smart-Projector-p-1352389.html?p=DR062131921252201904&#038;cur_warehouse=CN)
2023-06-21 09:47:55 There were 284 links that passed the next "Link Alive Check" confirmation date and time.
2023-06-21 09:47:55 [1] Confirmed the "Link Alive Check". (NextTime=1970-01-01 00:00:00 Result= URL=)
2023-06-21 09:47:55 [2] Confirmed the "Link Alive Check". (NextTime=1970-01-01 00:00:00 Result= URL=)
2023-06-21 09:47:56 [3] Confirmed the "Link Alive Check". (NextTime=1970-01-01 00:00:00 Result= URL=)
2023-06-21 09:47:56 [4] Confirmed the "Link Alive Check". (NextTime=1970-01-01 00:00:00 Result= URL=)
2023-06-21 09:47:56 [5] Confirmed the "Link Alive Check". (NextTime=1970-01-01 00:00:00 Result= URL=)
2023-06-21 10:16:23 There were 284 links that passed the next "Link Alive Check" confirmation date and time.
2023-06-21 10:16:23 [1] Confirmed the "Link Alive Check". (NextTime=1970-01-01 00:00:00 Result= URL=)
2023-06-21 10:16:24 [2] Confirmed the "Link Alive Check". (NextTime=1970-01-01 00:00:00 Result= URL=)
2023-06-21 10:16:24 [3] Confirmed the "Link Alive Check". (NextTime=1970-01-01 00:00:00 Result= URL=)
2023-06-21 10:16:24 [4] Confirmed the "Link Alive Check". (NextTime=1970-01-01 00:00:00 Result= URL=)
2023-06-21 10:16:24 [5] Confirmed the "Link Alive Check". (NextTime=1970-01-01 00:00:00 Result= URL=)
2023-06-21 10:27:40 There were 2 links that passed the next "Check SNS Count" confirmation date and time.
2023-06-21 10:27:40 [1] Confirmed the "Check SNS Count". (NextTime=2021-03-26 16:53:27 URL=https://sekailab.com/wp/2018/10/15/mistel-barocco-md650l-case/)
2023-06-21 10:27:40 [2] Confirmed the "Check SNS Count". (NextTime=2021-03-22 11:39:06 URL=https://www.amazon.co.jp/%E3%80%90Amazon-co-jp%E9%99%90%E5%AE%9A%E3%80%91TRUSCO-%E3%83%88%E3%83%A9%E3%82%B9%E3%82%B3-%E8%96%84%E5%9E%8B%E6%8A%98%E3%82%8A%E3%81%9F%E3%81%9F%E3%81%BF%E3%82%B3%E3%83%B3%E3%83%86%E3%83%8A-%E3%83%AD%E3%83%83%E3%82%AF%E3%83%95%E3%82%BF%E4%BB%98-TR-C50B/dp/B06WGM5851/ref=as_li_ss_il?s=diy&#038;ie=UTF8&#038;qid=1515698630&#038;sr=1-3&#038;keywords=%E6%8A%98%E3%82%8A%E3%81%9F%E3%81%9F%E3%81%BF%E3%82%B3%E3%83%B3%E3%83%86%E3%83%8A&#038;linkCode=li2&#038;tag=drunkar-22&#038;linkId=eb387d804019c9d51cacebc4e24ef7f0)
2023-06-21 10:48:20 There were 284 links that passed the next "Link Alive Check" confirmation date and time.
2023-06-21 10:48:20 [1] Confirmed the "Link Alive Check". (NextTime=1970-01-01 00:00:00 Result= URL=)
2023-06-21 10:48:21 [2] Confirmed the "Link Alive Check". (NextTime=1970-01-01 00:00:00 Result= URL=)
2023-06-21 10:48:21 [3] Confirmed the "Link Alive Check". (NextTime=1970-01-01 00:00:00 Result= URL=)
2023-06-21 10:48:21 [4] Confirmed the "Link Alive Check". (NextTime=1970-01-01 00:00:00 Result= URL=)
2023-06-21 10:48:21 [5] Confirmed the "Link Alive Check". (NextTime=1970-01-01 00:00:00 Result= URL=)
2023-06-21 11:16:29 There were 284 links that passed the next "Link Alive Check" confirmation date and time.
2023-06-21 11:16:29 [1] Confirmed the "Link Alive Check". (NextTime=1970-01-01 00:00:00 Result= URL=)
2023-06-21 11:16:29 [2] Confirmed the "Link Alive Check". (NextTime=1970-01-01 00:00:00 Result= URL=)
2023-06-21 11:16:29 [3] Confirmed the "Link Alive Check". (NextTime=1970-01-01 00:00:00 Result= URL=)
2023-06-21 11:16:30 [4] Confirmed the "Link Alive Check". (NextTime=1970-01-01 00:00:00 Result= URL=)
2023-06-21 11:16:30 [5] Confirmed the "Link Alive Check". (NextTime=1970-01-01 00:00:00 Result= URL=)
2023-06-21 11:28:50 There were 0 links that passed the next "Check SNS Count" confirmation date and time.
2023-06-21 11:50:53 There were 284 links that passed the next "Link Alive Check" confirmation date and time.
2023-06-21 11:50:53 [1] Confirmed the "Link Alive Check". (NextTime=1970-01-01 00:00:00 Result= URL=)
2023-06-21 11:50:53 [2] Confirmed the "Link Alive Check". (NextTime=1970-01-01 00:00:00 Result= URL=)
2023-06-21 11:50:53 [3] Confirmed the "Link Alive Check". (NextTime=1970-01-01 00:00:00 Result= URL=)
2023-06-21 11:50:53 [4] Confirmed the "Link Alive Check". (NextTime=1970-01-01 00:00:00 Result= URL=)
2023-06-21 11:50:54 [5] Confirmed the "Link Alive Check". (NextTime=1970-01-01 00:00:00 Result= URL=)
2023-06-21 12:17:05 There were 284 links that passed the next "Link Alive Check" confirmation date and time.
2023-06-21 12:17:06 [1] Confirmed the "Link Alive Check". (NextTime=1970-01-01 00:00:00 Result= URL=)
2023-06-21 12:17:06 [2] Confirmed the "Link Alive Check". (NextTime=1970-01-01 00:00:00 Result= URL=)
2023-06-21 12:17:06 [3] Confirmed the "Link Alive Check". (NextTime=1970-01-01 00:00:00 Result= URL=)
2023-06-21 12:17:06 [4] Confirmed the "Link Alive Check". (NextTime=1970-01-01 00:00:00 Result= URL=)
2023-06-21 12:17:06 [5] Confirmed the "Link Alive Check". (NextTime=1970-01-01 00:00:00 Result= URL=)
2023-06-21 12:24:44 There were 1 links that passed the next "Check SNS Count" confirmation date and time.
2023-06-21 12:24:44 [1] Confirmed the "Check SNS Count". (NextTime=2021-04-08 15:12:13 URL=https://www.banggood.com/J3-Cub-MinimumRC-Bankyard-Flyer-360mm-Wingspan-RC-Airplane-KITPNP-p-1403039.html?p=DR062131921252201904&#038;ID=556226&#038;cur_warehouse=CN)
2023-06-21 12:50:56 There were 284 links that passed the next "Link Alive Check" confirmation date and time.
2023-06-21 12:50:56 [1] Confirmed the "Link Alive Check". (NextTime=1970-01-01 00:00:00 Result= URL=)
2023-06-21 12:50:56 [2] Confirmed the "Link Alive Check". (NextTime=1970-01-01 00:00:00 Result= URL=)
2023-06-21 12:50:56 [3] Confirmed the "Link Alive Check". (NextTime=1970-01-01 00:00:00 Result= URL=)
2023-06-21 12:50:57 [4] Confirmed the "Link Alive Check". (NextTime=1970-01-01 00:00:00 Result= URL=)
2023-06-21 12:50:57 [5] Confirmed the "Link Alive Check". (NextTime=1970-01-01 00:00:00 Result= URL=)
2023-06-21 13:17:14 There were 284 links that passed the next "Link Alive Check" confirmation date and time.
2023-06-21 13:17:14 [1] Confirmed the "Link Alive Check". (NextTime=1970-01-01 00:00:00 Result= URL=)
2023-06-21 13:17:14 [2] Confirmed the "Link Alive Check". (NextTime=1970-01-01 00:00:00 Result= URL=)
2023-06-21 13:17:15 [3] Confirmed the "Link Alive Check". (NextTime=1970-01-01 00:00:00 Result= URL=)
2023-06-21 13:17:15 [4] Confirmed the "Link Alive Check". (NextTime=1970-01-01 00:00:00 Result= URL=)
2023-06-21 13:17:15 [5] Confirmed the "Link Alive Check". (NextTime=1970-01-01 00:00:00 Result= URL=)
2023-06-21 13:24:11 There were 3 links that passed the next "Check SNS Count" confirmation date and time.
2023-06-21 13:24:11 [1] Confirmed the "Check SNS Count". (NextTime=2021-03-25 09:08:18 URL=https://www.amazon.co.jp/%E3%83%9C%E3%83%87%E3%82%A3%E3%82%A6%E3%82%A4%E3%83%B3%E3%82%B0-%E3%83%9B%E3%82%A8%E3%82%A4%E3%83%97%E3%83%AD%E3%83%86%E3%82%A4%E3%83%B3-1kg-%E7%84%A1%E6%B7%BB%E5%8A%A0-%E3%83%8A%E3%83%81%E3%83%A5%E3%83%A9%E3%83%AB/dp/B01COZY3VK/ref=as_li_ss_il?s=hpc&#038;ie=UTF8&#038;qid=1483631751&#038;sr=1-11&#038;keywords=%E3%83%97%E3%83%AD%E3%83%86%E3%82%A4%E3%83%B3&#038;linkCode=li2&#038;tag=drunkar-22&#038;linkId=ef06cf2c8c30b70091f64dd4bdd79619)
2023-06-21 13:24:11 [2] Confirmed the "Check SNS Count". (NextTime=2021-07-01 02:31:41 URL=https://www.amazon.co.jp/Macks-Pillow-Soft-%E3%82%B7%E3%83%AA%E3%82%B3%E3%83%B3%E8%80%B3%E6%A0%93-6%E3%83%9A%E3%82%A2%C3%972%E3%82%BB%E3%83%83%E3%83%88%E3%80%90%E6%AD%A3%E8%A6%8F%E8%BC%B8%E5%85%A5%E5%93%81%E3%80%91/dp/B01L6KDD0G?__mk_ja_JP=%E3%82%AB%E3%82%BF%E3%82%AB%E3%83%8A&#038;crid=27K0UKD3ZMV3Z&#038;dchild=1&#038;keywords=macks+earplugs&#038;qid=1622629541&#038;sprefix=macks+ea,aps,316&#038;sr=8-5&#038;linkCode=li2&#038;tag=drunkar-22&#038;linkId=b3b035948dd8e7a105298e7c3fde444a&#038;language=ja_JP&#038;ref_=as_li_ss_il)
2023-06-21 13:24:11 [3] Confirmed the "Check SNS Count". (NextTime=2021-03-21 19:06:33 URL=https://www.thingiverse.com/thing:24238)
2023-06-21 13:54:37 There were 284 links that passed the next "Link Alive Check" confirmation date and time.
2023-06-21 13:54:37 [1] Confirmed the "Link Alive Check". (NextTime=1970-01-01 00:00:00 Result= URL=)
2023-06-21 13:54:37 [2] Confirmed the "Link Alive Check". (NextTime=1970-01-01 00:00:00 Result= URL=)
2023-06-21 13:54:38 [3] Confirmed the "Link Alive Check". (NextTime=1970-01-01 00:00:00 Result= URL=)
2023-06-21 13:54:38 [4] Confirmed the "Link Alive Check". (NextTime=1970-01-01 00:00:00 Result= URL=)
2023-06-21 13:54:38 [5] Confirmed the "Link Alive Check". (NextTime=1970-01-01 00:00:00 Result= URL=)
2023-06-21 14:17:53 There were 284 links that passed the next "Link Alive Check" confirmation date and time.
2023-06-21 14:17:54 [1] Confirmed the "Link Alive Check". (NextTime=1970-01-01 00:00:00 Result= URL=)
2023-06-21 14:17:54 [2] Confirmed the "Link Alive Check". (NextTime=1970-01-01 00:00:00 Result= URL=)
2023-06-21 14:17:54 [3] Confirmed the "Link Alive Check". (NextTime=1970-01-01 00:00:00 Result= URL=)
2023-06-21 14:17:54 [4] Confirmed the "Link Alive Check". (NextTime=1970-01-01 00:00:00 Result= URL=)
2023-06-21 14:17:55 [5] Confirmed the "Link Alive Check". (NextTime=1970-01-01 00:00:00 Result= URL=)
2023-06-21 14:27:04 There were 1 links that passed the next "Check SNS Count" confirmation date and time.
2023-06-21 14:27:04 [1] Confirmed the "Check SNS Count". (NextTime=2021-03-24 08:40:48 URL=https://booth.pm/en/items/824607)
2023-06-21 14:55:55 There were 284 links that passed the next "Link Alive Check" confirmation date and time.
2023-06-21 14:55:55 [1] Confirmed the "Link Alive Check". (NextTime=1970-01-01 00:00:00 Result= URL=)
2023-06-21 14:55:55 [2] Confirmed the "Link Alive Check". (NextTime=1970-01-01 00:00:00 Result= URL=)
2023-06-21 14:55:55 [3] Confirmed the "Link Alive Check". (NextTime=1970-01-01 00:00:00 Result= URL=)
2023-06-21 14:55:56 [4] Confirmed the "Link Alive Check". (NextTime=1970-01-01 00:00:00 Result= URL=)
2023-06-21 14:55:56 [5] Confirmed the "Link Alive Check". (NextTime=1970-01-01 00:00:00 Result= URL=)
2023-06-21 15:18:41 There were 284 links that passed the next "Link Alive Check" confirmation date and time.
2023-06-21 15:18:42 [1] Confirmed the "Link Alive Check". (NextTime=1970-01-01 00:00:00 Result= URL=)
2023-06-21 15:18:42 [2] Confirmed the "Link Alive Check". (NextTime=1970-01-01 00:00:00 Result= URL=)
2023-06-21 15:18:42 [3] Confirmed the "Link Alive Check". (NextTime=1970-01-01 00:00:00 Result= URL=)
2023-06-21 15:18:42 [4] Confirmed the "Link Alive Check". (NextTime=1970-01-01 00:00:00 Result= URL=)
2023-06-21 15:18:43 [5] Confirmed the "Link Alive Check". (NextTime=1970-01-01 00:00:00 Result= URL=)
2023-06-21 15:23:20 There were 1 links that passed the next "Check SNS Count" confirmation date and time.
2023-06-21 15:23:20 [1] Confirmed the "Check SNS Count". (NextTime=2021-03-21 00:51:18 URL=https://sekailab.com/wp/2018/05/28/4000-yen-bluetooth-earphone-for-bath-time/)
2023-06-21 15:53:13 There were 284 links that passed the next "Link Alive Check" confirmation date and time.
2023-06-21 15:53:13 [1] Confirmed the "Link Alive Check". (NextTime=1970-01-01 00:00:00 Result= URL=)
2023-06-21 15:53:14 [2] Confirmed the "Link Alive Check". (NextTime=1970-01-01 00:00:00 Result= URL=)
2023-06-21 15:53:14 [3] Confirmed the "Link Alive Check". (NextTime=1970-01-01 00:00:00 Result= URL=)
2023-06-21 15:53:14 [4] Confirmed the "Link Alive Check". (NextTime=1970-01-01 00:00:00 Result= URL=)
2023-06-21 15:53:14 [5] Confirmed the "Link Alive Check". (NextTime=1970-01-01 00:00:00 Result= URL=)
2023-06-21 16:19:15 There were 284 links that passed the next "Link Alive Check" confirmation date and time.
2023-06-21 16:19:16 [1] Confirmed the "Link Alive Check". (NextTime=1970-01-01 00:00:00 Result= URL=)
2023-06-21 16:19:16 [2] Confirmed the "Link Alive Check". (NextTime=1970-01-01 00:00:00 Result= URL=)
2023-06-21 16:19:16 [3] Confirmed the "Link Alive Check". (NextTime=1970-01-01 00:00:00 Result= URL=)
2023-06-21 16:19:16 [4] Confirmed the "Link Alive Check". (NextTime=1970-01-01 00:00:00 Result= URL=)
2023-06-21 16:19:17 [5] Confirmed the "Link Alive Check". (NextTime=1970-01-01 00:00:00 Result= URL=)
2023-06-21 16:24:49 There were 1 links that passed the next "Check SNS Count" confirmation date and time.
2023-06-21 16:24:49 [1] Confirmed the "Check SNS Count". (NextTime=2021-03-22 06:32:20 URL=https://www.amazon.co.jp/gp/product/B01J74UUD6/ref=as_li_ss_il?ie=UTF8&#038;psc=1&#038;linkCode=li2&#038;tag=drunkar-22&#038;linkId=34401a05e76588a8b541312ea31a2a71)
2023-06-21 16:54:59 There were 284 links that passed the next "Link Alive Check" confirmation date and time.
2023-06-21 16:55:00 [1] Confirmed the "Link Alive Check". (NextTime=1970-01-01 00:00:00 Result= URL=)
2023-06-21 16:55:00 [2] Confirmed the "Link Alive Check". (NextTime=1970-01-01 00:00:00 Result= URL=)
2023-06-21 16:55:00 [3] Confirmed the "Link Alive Check". (NextTime=1970-01-01 00:00:00 Result= URL=)
2023-06-21 16:55:00 [4] Confirmed the "Link Alive Check". (NextTime=1970-01-01 00:00:00 Result= URL=)
2023-06-21 16:55:00 [5] Confirmed the "Link Alive Check". (NextTime=1970-01-01 00:00:00 Result= URL=)
2023-06-21 17:19:31 There were 284 links that passed the next "Link Alive Check" confirmation date and time.
2023-06-21 17:19:32 [1] Confirmed the "Link Alive Check". (NextTime=1970-01-01 00:00:00 Result= URL=)
2023-06-21 17:19:32 [2] Confirmed the "Link Alive Check". (NextTime=1970-01-01 00:00:00 Result= URL=)
2023-06-21 17:19:32 [3] Confirmed the "Link Alive Check". (NextTime=1970-01-01 00:00:00 Result= URL=)
2023-06-21 17:19:32 [4] Confirmed the "Link Alive Check". (NextTime=1970-01-01 00:00:00 Result= URL=)
2023-06-21 17:19:33 [5] Confirmed the "Link Alive Check". (NextTime=1970-01-01 00:00:00 Result= URL=)
2023-06-21 17:24:47 There were 2 links that passed the next "Check SNS Count" confirmation date and time.
2023-06-21 17:24:47 [1] Confirmed the "Check SNS Count". (NextTime=2021-03-24 16:50:43 URL=https://akizukidenshi.com/catalog/g/gM-16142/)
2023-06-21 17:24:47 [2] Confirmed the "Check SNS Count". (NextTime=2021-04-06 18:46:30 URL=https://www.quora.com/How-does-Distil-Networks-Bot-and-Scraper-Detection-work-Are-there-advantages-to-its-technology-as-compared-to-other-competitors)
2023-06-21 17:55:48 There were 284 links that passed the next "Link Alive Check" confirmation date and time.
2023-06-21 17:55:49 [1] Confirmed the "Link Alive Check". (NextTime=1970-01-01 00:00:00 Result= URL=)
2023-06-21 17:55:49 [2] Confirmed the "Link Alive Check". (NextTime=1970-01-01 00:00:00 Result= URL=)
2023-06-21 17:55:49 [3] Confirmed the "Link Alive Check". (NextTime=1970-01-01 00:00:00 Result= URL=)
2023-06-21 17:55:49 [4] Confirmed the "Link Alive Check". (NextTime=1970-01-01 00:00:00 Result= URL=)
2023-06-21 17:55:50 [5] Confirmed the "Link Alive Check". (NextTime=1970-01-01 00:00:00 Result= URL=)
2023-06-21 18:21:12 There were 284 links that passed the next "Link Alive Check" confirmation date and time.
2023-06-21 18:21:13 [1] Confirmed the "Link Alive Check". (NextTime=1970-01-01 00:00:00 Result= URL=)
2023-06-21 18:21:13 [2] Confirmed the "Link Alive Check". (NextTime=1970-01-01 00:00:00 Result= URL=)
2023-06-21 18:21:13 [3] Confirmed the "Link Alive Check". (NextTime=1970-01-01 00:00:00 Result= URL=)
2023-06-21 18:21:13 [4] Confirmed the "Link Alive Check". (NextTime=1970-01-01 00:00:00 Result= URL=)
2023-06-21 18:21:13 [5] Confirmed the "Link Alive Check". (NextTime=1970-01-01 00:00:00 Result= URL=)
2023-06-21 18:23:04 There were 1 links that passed the next "Check SNS Count" confirmation date and time.
2023-06-21 18:23:04 [1] Confirmed the "Check SNS Count". (NextTime=2021-03-23 01:47:51 URL=https://www.amazon.co.jp/dp/B07TGKQV2X/ref=as_li_ss_il?_encoding=UTF8&#038;psc=1&#038;linkCode=li2&#038;tag=drunkar-22&#038;linkId=dd7f6044dfb46becb60e273dcabd963c)
2023-06-21 18:58:14 There were 284 links that passed the next "Link Alive Check" confirmation date and time.
2023-06-21 18:58:14 [1] Confirmed the "Link Alive Check". (NextTime=1970-01-01 00:00:00 Result= URL=)
2023-06-21 18:58:14 [2] Confirmed the "Link Alive Check". (NextTime=1970-01-01 00:00:00 Result= URL=)
2023-06-21 18:58:14 [3] Confirmed the "Link Alive Check". (NextTime=1970-01-01 00:00:00 Result= URL=)
2023-06-21 18:58:15 [4] Confirmed the "Link Alive Check". (NextTime=1970-01-01 00:00:00 Result= URL=)
2023-06-21 18:58:15 [5] Confirmed the "Link Alive Check". (NextTime=1970-01-01 00:00:00 Result= URL=)
2023-06-21 19:21:55 There were 284 links that passed the next "Link Alive Check" confirmation date and time.
2023-06-21 19:21:55 [1] Confirmed the "Link Alive Check". (NextTime=1970-01-01 00:00:00 Result= URL=)
2023-06-21 19:21:55 [2] Confirmed the "Link Alive Check". (NextTime=1970-01-01 00:00:00 Result= URL=)
2023-06-21 19:21:56 [3] Confirmed the "Link Alive Check". (NextTime=1970-01-01 00:00:00 Result= URL=)
2023-06-21 19:21:56 [4] Confirmed the "Link Alive Check". (NextTime=1970-01-01 00:00:00 Result= URL=)
2023-06-21 19:21:56 [5] Confirmed the "Link Alive Check". (NextTime=1970-01-01 00:00:00 Result= URL=)
2023-06-21 19:27:08 There were 2 links that passed the next "Check SNS Count" confirmation date and time.
2023-06-21 19:27:08 [1] Confirmed the "Check SNS Count". (NextTime=2021-03-23 16:13:58 URL=https://colab.research.google.com/github/Drunkar/notebook/blob/master/coursera_machine_learning_2017/WEEK1_memo_Introduction.ipynb)
2023-06-21 19:27:08 [2] Confirmed the "Check SNS Count". (NextTime=2021-03-20 07:05:20 URL=http://mizunashi-rin.hatenablog.jp/entry/2017/02/15/002342)
2023-06-21 19:58:26 There were 284 links that passed the next "Link Alive Check" confirmation date and time.
2023-06-21 19:58:26 [1] Confirmed the "Link Alive Check". (NextTime=1970-01-01 00:00:00 Result= URL=)
2023-06-21 19:58:26 [2] Confirmed the "Link Alive Check". (NextTime=1970-01-01 00:00:00 Result= URL=)
2023-06-21 19:58:26 [3] Confirmed the "Link Alive Check". (NextTime=1970-01-01 00:00:00 Result= URL=)
2023-06-21 19:58:26 [4] Confirmed the "Link Alive Check". (NextTime=1970-01-01 00:00:00 Result= URL=)
2023-06-21 19:58:27 [5] Confirmed the "Link Alive Check". (NextTime=1970-01-01 00:00:00 Result= URL=)
2023-06-21 20:24:40 There were 284 links that passed the next "Link Alive Check" confirmation date and time.
2023-06-21 20:24:40 [1] Confirmed the "Link Alive Check". (NextTime=1970-01-01 00:00:00 Result= URL=)
2023-06-21 20:24:40 [2] Confirmed the "Link Alive Check". (NextTime=1970-01-01 00:00:00 Result= URL=)
2023-06-21 20:24:40 [3] Confirmed the "Link Alive Check". (NextTime=1970-01-01 00:00:00 Result= URL=)
2023-06-21 20:24:41 [4] Confirmed the "Link Alive Check". (NextTime=1970-01-01 00:00:00 Result= URL=)
2023-06-21 20:24:41 [5] Confirmed the "Link Alive Check". (NextTime=1970-01-01 00:00:00 Result= URL=)
2023-06-21 20:24:41 There were 1 links that passed the next "Check SNS Count" confirmation date and time.
2023-06-21 20:24:41 [1] Confirmed the "Check SNS Count". (NextTime=2021-03-22 09:38:25 URL=https://www.amazon.co.jp/gp/product/B00068KUX8/ref=as_li_ss_il?ie=UTF8&#038;psc=1&#038;linkCode=li2&#038;tag=drunkar-22&#038;linkId=8957e9bc35d841131d680de25b42acaf&#038;language=ja_JP)
2023-06-21 20:58:41 There were 284 links that passed the next "Link Alive Check" confirmation date and time.
2023-06-21 20:58:41 [1] Confirmed the "Link Alive Check". (NextTime=1970-01-01 00:00:00 Result= URL=)
2023-06-21 20:58:41 [2] Confirmed the "Link Alive Check". (NextTime=1970-01-01 00:00:00 Result= URL=)
2023-06-21 20:58:41 [3] Confirmed the "Link Alive Check". (NextTime=1970-01-01 00:00:00 Result= URL=)
2023-06-21 20:58:42 [4] Confirmed the "Link Alive Check". (NextTime=1970-01-01 00:00:00 Result= URL=)
2023-06-21 20:58:42 [5] Confirmed the "Link Alive Check". (NextTime=1970-01-01 00:00:00 Result= URL=)
2023-06-21 21:23:03 There were 0 links that passed the next "Check SNS Count" confirmation date and time.
2023-06-21 21:25:56 There were 284 links that passed the next "Link Alive Check" confirmation date and time.
2023-06-21 21:25:56 [1] Confirmed the "Link Alive Check". (NextTime=1970-01-01 00:00:00 Result= URL=)
2023-06-21 21:25:56 [2] Confirmed the "Link Alive Check". (NextTime=1970-01-01 00:00:00 Result= URL=)
2023-06-21 21:25:57 [3] Confirmed the "Link Alive Check". (NextTime=1970-01-01 00:00:00 Result= URL=)
2023-06-21 21:25:57 [4] Confirmed the "Link Alive Check". (NextTime=1970-01-01 00:00:00 Result= URL=)
2023-06-21 21:25:57 [5] Confirmed the "Link Alive Check". (NextTime=1970-01-01 00:00:00 Result= URL=)
2023-06-21 21:59:41 There were 284 links that passed the next "Link Alive Check" confirmation date and time.
2023-06-21 21:59:42 [1] Confirmed the "Link Alive Check". (NextTime=1970-01-01 00:00:00 Result= URL=)
2023-06-21 21:59:42 [2] Confirmed the "Link Alive Check". (NextTime=1970-01-01 00:00:00 Result= URL=)
2023-06-21 21:59:42 [3] Confirmed the "Link Alive Check". (NextTime=1970-01-01 00:00:00 Result= URL=)
2023-06-21 21:59:42 [4] Confirmed the "Link Alive Check". (NextTime=1970-01-01 00:00:00 Result= URL=)
2023-06-21 21:59:42 [5] Confirmed the "Link Alive Check". (NextTime=1970-01-01 00:00:00 Result= URL=)
2023-06-21 22:24:00 There were 2 links that passed the next "Check SNS Count" confirmation date and time.
2023-06-21 22:24:01 [1] Confirmed the "Check SNS Count". (NextTime=2021-04-16 02:28:08 URL=https://sekailab.com/wp/2012/10/28/c%E3%81%A7%E3%80%8C%E3%81%AF%E3%81%98%E3%82%81%E3%81%A6%E3%81%AE%E6%A9%9F%E6%A2%B0%E5%AD%A6%E7%BF%92%E3%80%8D6%E7%AB%A0)
2023-06-21 22:24:01 [2] Confirmed the "Check SNS Count". (NextTime=2021-03-26 04:20:29 URL=https://www.amazon.co.jp/cocopar-17-3%E3%82%A4%E3%83%B3%E3%83%81-FHD1920x1080-%E3%83%A2%E3%83%90%E3%82%A4%E3%83%AB%E3%83%A2%E3%83%8B%E3%82%BF%E3%83%BC-%E3%83%A2%E3%83%90%E3%82%A4%E3%83%AB%E3%83%87%E3%82%A3%E3%82%B9%E3%83%97%E3%83%AC%E3%82%A4/dp/B07WX7XRR7/ref=as_li_ss_il?__mk_ja_JP=%E3%82%AB%E3%82%BF%E3%82%AB%E3%83%8A&#038;crid=2NYCM0P4V7RPF&#038;keywords=%E3%83%A2%E3%83%90%E3%82%A4%E3%83%AB%E3%83%A2%E3%83%8B%E3%82%BF%E3%83%BC+17.3&#038;qid=1583144641&#038;sprefix=%E3%83%A2%E3%83%90%E3%82%A4%E3%83%AB%E3%83%A2%E3%83%8B%E3%82%BF%E3%83%BC,aps,271&#038;sr=8-10&#038;linkCode=li2&#038;tag=drunkar-22&#038;linkId=a7488d8a6dae8ad4af11c69b0b3dd44d&#038;language=ja_JP)
2023-06-21 22:27:53 There were 284 links that passed the next "Link Alive Check" confirmation date and time.
2023-06-21 22:27:53 [1] Confirmed the "Link Alive Check". (NextTime=1970-01-01 00:00:00 Result= URL=)
2023-06-21 22:27:53 [2] Confirmed the "Link Alive Check". (NextTime=1970-01-01 00:00:00 Result= URL=)
2023-06-21 22:27:53 [3] Confirmed the "Link Alive Check". (NextTime=1970-01-01 00:00:00 Result= URL=)
2023-06-21 22:27:54 [4] Confirmed the "Link Alive Check". (NextTime=1970-01-01 00:00:00 Result= URL=)
2023-06-21 22:27:54 [5] Confirmed the "Link Alive Check". (NextTime=1970-01-01 00:00:00 Result= URL=)
2023-06-21 22:59:44 There were 284 links that passed the next "Link Alive Check" confirmation date and time.
2023-06-21 22:59:44 [1] Confirmed the "Link Alive Check". (NextTime=1970-01-01 00:00:00 Result= URL=)
2023-06-21 22:59:45 [2] Confirmed the "Link Alive Check". (NextTime=1970-01-01 00:00:00 Result= URL=)
2023-06-21 22:59:45 [3] Confirmed the "Link Alive Check". (NextTime=1970-01-01 00:00:00 Result= URL=)
2023-06-21 22:59:45 [4] Confirmed the "Link Alive Check". (NextTime=1970-01-01 00:00:00 Result= URL=)
2023-06-21 22:59:45 [5] Confirmed the "Link Alive Check". (NextTime=1970-01-01 00:00:00 Result= URL=)
2023-06-21 23:23:31 There were 2 links that passed the next "Check SNS Count" confirmation date and time.
2023-06-21 23:23:31 [1] Confirmed the "Check SNS Count". (NextTime=2021-03-21 08:59:01 URL=https://www.amazon.co.jp/gp/product/B06ZYZMCD3/ref=as_li_ss_il?ie=UTF8&#038;psc=1&#038;linkCode=li2&#038;tag=drunkar-22&#038;linkId=c32f160016a1b2922132601ed8f805d2)
2023-06-21 23:23:31 [2] Confirmed the "Check SNS Count". (NextTime=2021-04-15 11:38:10 URL=https://sekailab.com/wp/2016/06/27/100%E5%86%86%E3%81%A7arduino%E3%81%8C%E8%B2%B7%E3%81%88%E3%81%9F%E9%80%81%E6%96%99%E5%88%A5%E3%80%82%E4%BA%92%E6%8F%9B%E6%A9%9F%E3%81%A0%E3%81%91%E3%81%A9)
2023-06-21 23:28:16 There were 284 links that passed the next "Link Alive Check" confirmation date and time.
2023-06-21 23:28:16 [1] Confirmed the "Link Alive Check". (NextTime=1970-01-01 00:00:00 Result= URL=)
2023-06-21 23:28:17 [2] Confirmed the "Link Alive Check". (NextTime=1970-01-01 00:00:00 Result= URL=)
2023-06-21 23:28:17 [3] Confirmed the "Link Alive Check". (NextTime=1970-01-01 00:00:00 Result= URL=)
2023-06-21 23:28:17 [4] Confirmed the "Link Alive Check". (NextTime=1970-01-01 00:00:00 Result= URL=)
2023-06-21 23:28:17 [5] Confirmed the "Link Alive Check". (NextTime=1970-01-01 00:00:00 Result= URL=)
2023-06-21 23:59:45 There were 284 links that passed the next "Link Alive Check" confirmation date and time.
2023-06-21 23:59:45 [1] Confirmed the "Link Alive Check". (NextTime=1970-01-01 00:00:00 Result= URL=)
2023-06-21 23:59:46 [2] Confirmed the "Link Alive Check". (NextTime=1970-01-01 00:00:00 Result= URL=)
2023-06-21 23:59:46 [3] Confirmed the "Link Alive Check". (NextTime=1970-01-01 00:00:00 Result= URL=)
2023-06-21 23:59:46 [4] Confirmed the "Link Alive Check". (NextTime=1970-01-01 00:00:00 Result= URL=)
2023-06-21 23:59:46 [5] Confirmed the "Link Alive Check". (NextTime=1970-01-01 00:00:00 Result= URL=)
