2024-03-15 00:13:04 There were 284 links that passed the next "Link Alive Check" confirmation date and time.
2024-03-15 00:13:05 [1] Confirmed the "Link Alive Check". (NextTime=1970-01-01 00:00:00 Result= URL=)
2024-03-15 00:13:05 [2] Confirmed the "Link Alive Check". (NextTime=1970-01-01 00:00:00 Result= URL=)
2024-03-15 00:13:05 [3] Confirmed the "Link Alive Check". (NextTime=1970-01-01 00:00:00 Result= URL=)
2024-03-15 00:13:05 [4] Confirmed the "Link Alive Check". (NextTime=1970-01-01 00:00:00 Result= URL=)
2024-03-15 00:13:06 [5] Confirmed the "Link Alive Check". (NextTime=1970-01-01 00:00:00 Result= URL=)
2024-03-15 00:25:50 There were 0 links that passed the next "Check SNS Count" confirmation date and time.
2024-03-15 00:33:36 There were 284 links that passed the next "Link Alive Check" confirmation date and time.
2024-03-15 00:33:36 [1] Confirmed the "Link Alive Check". (NextTime=1970-01-01 00:00:00 Result= URL=)
2024-03-15 00:33:36 [2] Confirmed the "Link Alive Check". (NextTime=1970-01-01 00:00:00 Result= URL=)
2024-03-15 00:33:36 [3] Confirmed the "Link Alive Check". (NextTime=1970-01-01 00:00:00 Result= URL=)
2024-03-15 00:33:37 [4] Confirmed the "Link Alive Check". (NextTime=1970-01-01 00:00:00 Result= URL=)
2024-03-15 00:33:37 [5] Confirmed the "Link Alive Check". (NextTime=1970-01-01 00:00:00 Result= URL=)
2024-03-15 01:13:37 There were 284 links that passed the next "Link Alive Check" confirmation date and time.
2024-03-15 01:13:37 [1] Confirmed the "Link Alive Check". (NextTime=1970-01-01 00:00:00 Result= URL=)
2024-03-15 01:13:37 [2] Confirmed the "Link Alive Check". (NextTime=1970-01-01 00:00:00 Result= URL=)
2024-03-15 01:13:38 [3] Confirmed the "Link Alive Check". (NextTime=1970-01-01 00:00:00 Result= URL=)
2024-03-15 01:13:38 [4] Confirmed the "Link Alive Check". (NextTime=1970-01-01 00:00:00 Result= URL=)
2024-03-15 01:13:38 [5] Confirmed the "Link Alive Check". (NextTime=1970-01-01 00:00:00 Result= URL=)
2024-03-15 01:23:10 There were 0 links that passed the next "Check SNS Count" confirmation date and time.
2024-03-15 01:33:38 There were 284 links that passed the next "Link Alive Check" confirmation date and time.
2024-03-15 01:33:38 [1] Confirmed the "Link Alive Check". (NextTime=1970-01-01 00:00:00 Result= URL=)
2024-03-15 01:33:39 [2] Confirmed the "Link Alive Check". (NextTime=1970-01-01 00:00:00 Result= URL=)
2024-03-15 01:33:39 [3] Confirmed the "Link Alive Check". (NextTime=1970-01-01 00:00:00 Result= URL=)
2024-03-15 01:33:39 [4] Confirmed the "Link Alive Check". (NextTime=1970-01-01 00:00:00 Result= URL=)
2024-03-15 01:33:39 [5] Confirmed the "Link Alive Check". (NextTime=1970-01-01 00:00:00 Result= URL=)
2024-03-15 02:13:52 There were 284 links that passed the next "Link Alive Check" confirmation date and time.
2024-03-15 02:13:52 [1] Confirmed the "Link Alive Check". (NextTime=1970-01-01 00:00:00 Result= URL=)
2024-03-15 02:13:52 [2] Confirmed the "Link Alive Check". (NextTime=1970-01-01 00:00:00 Result= URL=)
2024-03-15 02:13:52 [3] Confirmed the "Link Alive Check". (NextTime=1970-01-01 00:00:00 Result= URL=)
2024-03-15 02:13:52 [4] Confirmed the "Link Alive Check". (NextTime=1970-01-01 00:00:00 Result= URL=)
2024-03-15 02:13:53 [5] Confirmed the "Link Alive Check". (NextTime=1970-01-01 00:00:00 Result= URL=)
2024-03-15 02:24:26 There were 0 links that passed the next "Check SNS Count" confirmation date and time.
2024-03-15 02:25:24 There were 0 links that passed the next "Check SNS Count" confirmation date and time.
2024-03-15 02:39:20 There were 284 links that passed the next "Link Alive Check" confirmation date and time.
2024-03-15 02:39:20 [1] Confirmed the "Link Alive Check". (NextTime=1970-01-01 00:00:00 Result= URL=)
2024-03-15 02:39:21 [2] Confirmed the "Link Alive Check". (NextTime=1970-01-01 00:00:00 Result= URL=)
2024-03-15 02:39:21 [3] Confirmed the "Link Alive Check". (NextTime=1970-01-01 00:00:00 Result= URL=)
2024-03-15 02:39:21 [4] Confirmed the "Link Alive Check". (NextTime=1970-01-01 00:00:00 Result= URL=)
2024-03-15 02:39:21 [5] Confirmed the "Link Alive Check". (NextTime=1970-01-01 00:00:00 Result= URL=)
2024-03-15 03:14:42 There were 284 links that passed the next "Link Alive Check" confirmation date and time.
2024-03-15 03:14:42 [1] Confirmed the "Link Alive Check". (NextTime=1970-01-01 00:00:00 Result= URL=)
2024-03-15 03:14:42 [2] Confirmed the "Link Alive Check". (NextTime=1970-01-01 00:00:00 Result= URL=)
2024-03-15 03:14:42 [3] Confirmed the "Link Alive Check". (NextTime=1970-01-01 00:00:00 Result= URL=)
2024-03-15 03:14:43 [4] Confirmed the "Link Alive Check". (NextTime=1970-01-01 00:00:00 Result= URL=)
2024-03-15 03:14:43 [5] Confirmed the "Link Alive Check". (NextTime=1970-01-01 00:00:00 Result= URL=)
2024-03-15 03:23:19 There were 1 links that passed the next "Check SNS Count" confirmation date and time.
2024-03-15 03:23:19 [1] Confirmed the "Check SNS Count". (NextTime=2021-04-14 14:42:51 URL=https://ja.wikipedia.org/wiki/%E5%BA%83%E6%B7%B1%E6%B8%AF%E9%AB%98%E9%80%9F%E9%89%84%E9%81%93)
2024-03-15 03:41:02 There were 284 links that passed the next "Link Alive Check" confirmation date and time.
2024-03-15 03:41:02 [1] Confirmed the "Link Alive Check". (NextTime=1970-01-01 00:00:00 Result= URL=)
2024-03-15 03:41:02 [2] Confirmed the "Link Alive Check". (NextTime=1970-01-01 00:00:00 Result= URL=)
2024-03-15 03:41:03 [3] Confirmed the "Link Alive Check". (NextTime=1970-01-01 00:00:00 Result= URL=)
2024-03-15 03:41:03 [4] Confirmed the "Link Alive Check". (NextTime=1970-01-01 00:00:00 Result= URL=)
2024-03-15 03:41:03 [5] Confirmed the "Link Alive Check". (NextTime=1970-01-01 00:00:00 Result= URL=)
2024-03-15 04:15:42 There were 284 links that passed the next "Link Alive Check" confirmation date and time.
2024-03-15 04:15:42 [1] Confirmed the "Link Alive Check". (NextTime=1970-01-01 00:00:00 Result= URL=)
2024-03-15 04:15:42 [2] Confirmed the "Link Alive Check". (NextTime=1970-01-01 00:00:00 Result= URL=)
2024-03-15 04:15:42 [3] Confirmed the "Link Alive Check". (NextTime=1970-01-01 00:00:00 Result= URL=)
2024-03-15 04:15:43 [4] Confirmed the "Link Alive Check". (NextTime=1970-01-01 00:00:00 Result= URL=)
2024-03-15 04:15:43 [5] Confirmed the "Link Alive Check". (NextTime=1970-01-01 00:00:00 Result= URL=)
2024-03-15 04:24:30 There were 1 links that passed the next "Check SNS Count" confirmation date and time.
2024-03-15 04:24:30 [1] Confirmed the "Check SNS Count". (NextTime=2021-04-06 23:27:45 URL=https://github.com/Drunkar/tensor2tensor-optuna)
2024-03-15 04:44:40 There were 284 links that passed the next "Link Alive Check" confirmation date and time.
2024-03-15 04:44:40 [1] Confirmed the "Link Alive Check". (NextTime=1970-01-01 00:00:00 Result= URL=)
2024-03-15 04:44:40 [2] Confirmed the "Link Alive Check". (NextTime=1970-01-01 00:00:00 Result= URL=)
2024-03-15 04:44:41 [3] Confirmed the "Link Alive Check". (NextTime=1970-01-01 00:00:00 Result= URL=)
2024-03-15 04:44:41 [4] Confirmed the "Link Alive Check". (NextTime=1970-01-01 00:00:00 Result= URL=)
2024-03-15 04:44:41 [5] Confirmed the "Link Alive Check". (NextTime=1970-01-01 00:00:00 Result= URL=)
2024-03-15 05:22:20 There were 284 links that passed the next "Link Alive Check" confirmation date and time.
2024-03-15 05:22:20 [1] Confirmed the "Link Alive Check". (NextTime=1970-01-01 00:00:00 Result= URL=)
2024-03-15 05:22:20 [2] Confirmed the "Link Alive Check". (NextTime=1970-01-01 00:00:00 Result= URL=)
2024-03-15 05:22:20 [3] Confirmed the "Link Alive Check". (NextTime=1970-01-01 00:00:00 Result= URL=)
2024-03-15 05:22:21 [4] Confirmed the "Link Alive Check". (NextTime=1970-01-01 00:00:00 Result= URL=)
2024-03-15 05:22:21 [5] Confirmed the "Link Alive Check". (NextTime=1970-01-01 00:00:00 Result= URL=)
2024-03-15 05:23:24 There were 1 links that passed the next "Check SNS Count" confirmation date and time.
2024-03-15 05:23:25 [1] Confirmed the "Check SNS Count". (NextTime=2021-04-14 23:36:28 URL=https://sekailab.com/wp/2020/03/25/deepl-translation-with-kindle-cloud-reader)
2024-03-15 05:49:20 There were 284 links that passed the next "Link Alive Check" confirmation date and time.
2024-03-15 05:49:20 [1] Confirmed the "Link Alive Check". (NextTime=1970-01-01 00:00:00 Result= URL=)
2024-03-15 05:49:21 [2] Confirmed the "Link Alive Check". (NextTime=1970-01-01 00:00:00 Result= URL=)
2024-03-15 05:49:21 [3] Confirmed the "Link Alive Check". (NextTime=1970-01-01 00:00:00 Result= URL=)
2024-03-15 05:49:21 [4] Confirmed the "Link Alive Check". (NextTime=1970-01-01 00:00:00 Result= URL=)
2024-03-15 05:49:21 [5] Confirmed the "Link Alive Check". (NextTime=1970-01-01 00:00:00 Result= URL=)
2024-03-15 06:23:37 There were 284 links that passed the next "Link Alive Check" confirmation date and time.
2024-03-15 06:23:37 [1] Confirmed the "Link Alive Check". (NextTime=1970-01-01 00:00:00 Result= URL=)
2024-03-15 06:23:37 [2] Confirmed the "Link Alive Check". (NextTime=1970-01-01 00:00:00 Result= URL=)
2024-03-15 06:23:37 [3] Confirmed the "Link Alive Check". (NextTime=1970-01-01 00:00:00 Result= URL=)
2024-03-15 06:23:38 [4] Confirmed the "Link Alive Check". (NextTime=1970-01-01 00:00:00 Result= URL=)
2024-03-15 06:23:38 [5] Confirmed the "Link Alive Check". (NextTime=1970-01-01 00:00:00 Result= URL=)
2024-03-15 06:23:38 There were 0 links that passed the next "Check SNS Count" confirmation date and time.
2024-03-15 06:50:42 There were 284 links that passed the next "Link Alive Check" confirmation date and time.
2024-03-15 06:50:42 [1] Confirmed the "Link Alive Check". (NextTime=1970-01-01 00:00:00 Result= URL=)
2024-03-15 06:50:42 [2] Confirmed the "Link Alive Check". (NextTime=1970-01-01 00:00:00 Result= URL=)
2024-03-15 06:50:43 [3] Confirmed the "Link Alive Check". (NextTime=1970-01-01 00:00:00 Result= URL=)
2024-03-15 06:50:43 [4] Confirmed the "Link Alive Check". (NextTime=1970-01-01 00:00:00 Result= URL=)
2024-03-15 06:50:43 [5] Confirmed the "Link Alive Check". (NextTime=1970-01-01 00:00:00 Result= URL=)
2024-03-15 07:26:09 There were 0 links that passed the next "Check SNS Count" confirmation date and time.
2024-03-15 07:26:09 There were 284 links that passed the next "Link Alive Check" confirmation date and time.
2024-03-15 07:26:10 [1] Confirmed the "Link Alive Check". (NextTime=1970-01-01 00:00:00 Result= URL=)
2024-03-15 07:26:10 [2] Confirmed the "Link Alive Check". (NextTime=1970-01-01 00:00:00 Result= URL=)
2024-03-15 07:26:10 [3] Confirmed the "Link Alive Check". (NextTime=1970-01-01 00:00:00 Result= URL=)
2024-03-15 07:26:10 [4] Confirmed the "Link Alive Check". (NextTime=1970-01-01 00:00:00 Result= URL=)
2024-03-15 07:26:11 [5] Confirmed the "Link Alive Check". (NextTime=1970-01-01 00:00:00 Result= URL=)
2024-03-15 07:51:25 There were 284 links that passed the next "Link Alive Check" confirmation date and time.
2024-03-15 07:51:25 [1] Confirmed the "Link Alive Check". (NextTime=1970-01-01 00:00:00 Result= URL=)
2024-03-15 07:51:25 [2] Confirmed the "Link Alive Check". (NextTime=1970-01-01 00:00:00 Result= URL=)
2024-03-15 07:51:26 [3] Confirmed the "Link Alive Check". (NextTime=1970-01-01 00:00:00 Result= URL=)
2024-03-15 07:51:26 [4] Confirmed the "Link Alive Check". (NextTime=1970-01-01 00:00:00 Result= URL=)
2024-03-15 07:51:26 [5] Confirmed the "Link Alive Check". (NextTime=1970-01-01 00:00:00 Result= URL=)
2024-03-15 08:23:59 There were 0 links that passed the next "Check SNS Count" confirmation date and time.
2024-03-15 08:29:55 There were 284 links that passed the next "Link Alive Check" confirmation date and time.
2024-03-15 08:29:56 [1] Confirmed the "Link Alive Check". (NextTime=1970-01-01 00:00:00 Result= URL=)
2024-03-15 08:29:56 [2] Confirmed the "Link Alive Check". (NextTime=1970-01-01 00:00:00 Result= URL=)
2024-03-15 08:29:56 [3] Confirmed the "Link Alive Check". (NextTime=1970-01-01 00:00:00 Result= URL=)
2024-03-15 08:29:56 [4] Confirmed the "Link Alive Check". (NextTime=1970-01-01 00:00:00 Result= URL=)
2024-03-15 08:29:57 [5] Confirmed the "Link Alive Check". (NextTime=1970-01-01 00:00:00 Result= URL=)
2024-03-15 08:51:44 There were 284 links that passed the next "Link Alive Check" confirmation date and time.
2024-03-15 08:51:44 [1] Confirmed the "Link Alive Check". (NextTime=1970-01-01 00:00:00 Result= URL=)
2024-03-15 08:51:45 [2] Confirmed the "Link Alive Check". (NextTime=1970-01-01 00:00:00 Result= URL=)
2024-03-15 08:51:45 [3] Confirmed the "Link Alive Check". (NextTime=1970-01-01 00:00:00 Result= URL=)
2024-03-15 08:51:45 [4] Confirmed the "Link Alive Check". (NextTime=1970-01-01 00:00:00 Result= URL=)
2024-03-15 08:51:45 [5] Confirmed the "Link Alive Check". (NextTime=1970-01-01 00:00:00 Result= URL=)
2024-03-15 09:25:09 There were 1 links that passed the next "Check SNS Count" confirmation date and time.
2024-03-15 09:25:09 [1] Confirmed the "Check SNS Count". (NextTime=2021-04-06 07:43:26 URL=https://www.thingiverse.com/thing:2256659)
2024-03-15 09:26:27 There were 0 links that passed the next "Check SNS Count" confirmation date and time.
2024-03-15 09:31:09 There were 284 links that passed the next "Link Alive Check" confirmation date and time.
2024-03-15 09:31:10 [1] Confirmed the "Link Alive Check". (NextTime=1970-01-01 00:00:00 Result= URL=)
2024-03-15 09:31:10 [2] Confirmed the "Link Alive Check". (NextTime=1970-01-01 00:00:00 Result= URL=)
2024-03-15 09:31:10 [3] Confirmed the "Link Alive Check". (NextTime=1970-01-01 00:00:00 Result= URL=)
2024-03-15 09:31:10 [4] Confirmed the "Link Alive Check". (NextTime=1970-01-01 00:00:00 Result= URL=)
2024-03-15 09:31:11 [5] Confirmed the "Link Alive Check". (NextTime=1970-01-01 00:00:00 Result= URL=)
2024-03-15 10:03:03 There were 284 links that passed the next "Link Alive Check" confirmation date and time.
2024-03-15 10:03:03 [1] Confirmed the "Link Alive Check". (NextTime=1970-01-01 00:00:00 Result= URL=)
2024-03-15 10:03:04 [2] Confirmed the "Link Alive Check". (NextTime=1970-01-01 00:00:00 Result= URL=)
2024-03-15 10:03:04 [3] Confirmed the "Link Alive Check". (NextTime=1970-01-01 00:00:00 Result= URL=)
2024-03-15 10:03:04 [4] Confirmed the "Link Alive Check". (NextTime=1970-01-01 00:00:00 Result= URL=)
2024-03-15 10:03:04 [5] Confirmed the "Link Alive Check". (NextTime=1970-01-01 00:00:00 Result= URL=)
2024-03-15 10:24:18 There were 0 links that passed the next "Check SNS Count" confirmation date and time.
2024-03-15 10:25:19 There were 0 links that passed the next "Check SNS Count" confirmation date and time.
2024-03-15 10:33:01 There were 284 links that passed the next "Link Alive Check" confirmation date and time.
2024-03-15 10:33:01 [1] Confirmed the "Link Alive Check". (NextTime=1970-01-01 00:00:00 Result= URL=)
2024-03-15 10:33:01 [2] Confirmed the "Link Alive Check". (NextTime=1970-01-01 00:00:00 Result= URL=)
2024-03-15 10:33:02 [3] Confirmed the "Link Alive Check". (NextTime=1970-01-01 00:00:00 Result= URL=)
2024-03-15 10:33:02 [4] Confirmed the "Link Alive Check". (NextTime=1970-01-01 00:00:00 Result= URL=)
2024-03-15 10:33:02 [5] Confirmed the "Link Alive Check". (NextTime=1970-01-01 00:00:00 Result= URL=)
2024-03-15 11:03:53 There were 284 links that passed the next "Link Alive Check" confirmation date and time.
2024-03-15 11:03:53 [1] Confirmed the "Link Alive Check". (NextTime=1970-01-01 00:00:00 Result= URL=)
2024-03-15 11:03:54 [2] Confirmed the "Link Alive Check". (NextTime=1970-01-01 00:00:00 Result= URL=)
2024-03-15 11:03:54 [3] Confirmed the "Link Alive Check". (NextTime=1970-01-01 00:00:00 Result= URL=)
2024-03-15 11:03:54 [4] Confirmed the "Link Alive Check". (NextTime=1970-01-01 00:00:00 Result= URL=)
2024-03-15 11:03:54 [5] Confirmed the "Link Alive Check". (NextTime=1970-01-01 00:00:00 Result= URL=)
2024-03-15 11:23:45 There were 0 links that passed the next "Check SNS Count" confirmation date and time.
2024-03-15 11:35:11 There were 284 links that passed the next "Link Alive Check" confirmation date and time.
2024-03-15 11:35:11 [1] Confirmed the "Link Alive Check". (NextTime=1970-01-01 00:00:00 Result= URL=)
2024-03-15 11:35:11 [2] Confirmed the "Link Alive Check". (NextTime=1970-01-01 00:00:00 Result= URL=)
2024-03-15 11:35:11 [3] Confirmed the "Link Alive Check". (NextTime=1970-01-01 00:00:00 Result= URL=)
2024-03-15 11:35:12 [4] Confirmed the "Link Alive Check". (NextTime=1970-01-01 00:00:00 Result= URL=)
2024-03-15 11:35:12 [5] Confirmed the "Link Alive Check". (NextTime=1970-01-01 00:00:00 Result= URL=)
2024-03-15 12:03:59 There were 284 links that passed the next "Link Alive Check" confirmation date and time.
2024-03-15 12:04:00 [1] Confirmed the "Link Alive Check". (NextTime=1970-01-01 00:00:00 Result= URL=)
2024-03-15 12:04:00 [2] Confirmed the "Link Alive Check". (NextTime=1970-01-01 00:00:00 Result= URL=)
2024-03-15 12:04:00 [3] Confirmed the "Link Alive Check". (NextTime=1970-01-01 00:00:00 Result= URL=)
2024-03-15 12:04:00 [4] Confirmed the "Link Alive Check". (NextTime=1970-01-01 00:00:00 Result= URL=)
2024-03-15 12:04:01 [5] Confirmed the "Link Alive Check". (NextTime=1970-01-01 00:00:00 Result= URL=)
2024-03-15 12:23:51 There were 1 links that passed the next "Check SNS Count" confirmation date and time.
2024-03-15 12:23:51 [1] Confirmed the "Check SNS Count". (NextTime=2021-03-25 06:59:47 URL=https://yujisoftware.hatenablog.com/entry/2021/01/16/232841)
2024-03-15 12:37:38 There were 284 links that passed the next "Link Alive Check" confirmation date and time.
2024-03-15 12:37:39 [1] Confirmed the "Link Alive Check". (NextTime=1970-01-01 00:00:00 Result= URL=)
2024-03-15 12:37:39 [2] Confirmed the "Link Alive Check". (NextTime=1970-01-01 00:00:00 Result= URL=)
2024-03-15 12:37:39 [3] Confirmed the "Link Alive Check". (NextTime=1970-01-01 00:00:00 Result= URL=)
2024-03-15 12:37:39 [4] Confirmed the "Link Alive Check". (NextTime=1970-01-01 00:00:00 Result= URL=)
2024-03-15 12:37:40 [5] Confirmed the "Link Alive Check". (NextTime=1970-01-01 00:00:00 Result= URL=)
2024-03-15 13:07:16 There were 284 links that passed the next "Link Alive Check" confirmation date and time.
2024-03-15 13:07:16 [1] Confirmed the "Link Alive Check". (NextTime=1970-01-01 00:00:00 Result= URL=)
2024-03-15 13:07:17 [2] Confirmed the "Link Alive Check". (NextTime=1970-01-01 00:00:00 Result= URL=)
2024-03-15 13:07:17 [3] Confirmed the "Link Alive Check". (NextTime=1970-01-01 00:00:00 Result= URL=)
2024-03-15 13:07:17 [4] Confirmed the "Link Alive Check". (NextTime=1970-01-01 00:00:00 Result= URL=)
2024-03-15 13:07:17 [5] Confirmed the "Link Alive Check". (NextTime=1970-01-01 00:00:00 Result= URL=)
2024-03-15 13:24:33 There were 0 links that passed the next "Check SNS Count" confirmation date and time.
2024-03-15 13:24:57 There were 0 links that passed the next "Check SNS Count" confirmation date and time.
2024-03-15 13:40:41 There were 284 links that passed the next "Link Alive Check" confirmation date and time.
2024-03-15 13:40:41 [1] Confirmed the "Link Alive Check". (NextTime=1970-01-01 00:00:00 Result= URL=)
2024-03-15 13:40:42 [2] Confirmed the "Link Alive Check". (NextTime=1970-01-01 00:00:00 Result= URL=)
2024-03-15 13:40:42 [3] Confirmed the "Link Alive Check". (NextTime=1970-01-01 00:00:00 Result= URL=)
2024-03-15 13:40:42 [4] Confirmed the "Link Alive Check". (NextTime=1970-01-01 00:00:00 Result= URL=)
2024-03-15 13:40:42 [5] Confirmed the "Link Alive Check". (NextTime=1970-01-01 00:00:00 Result= URL=)
2024-03-15 14:09:18 There were 284 links that passed the next "Link Alive Check" confirmation date and time.
2024-03-15 14:09:19 [1] Confirmed the "Link Alive Check". (NextTime=1970-01-01 00:00:00 Result= URL=)
2024-03-15 14:09:19 [2] Confirmed the "Link Alive Check". (NextTime=1970-01-01 00:00:00 Result= URL=)
2024-03-15 14:09:19 [3] Confirmed the "Link Alive Check". (NextTime=1970-01-01 00:00:00 Result= URL=)
2024-03-15 14:09:19 [4] Confirmed the "Link Alive Check". (NextTime=1970-01-01 00:00:00 Result= URL=)
2024-03-15 14:09:20 [5] Confirmed the "Link Alive Check". (NextTime=1970-01-01 00:00:00 Result= URL=)
2024-03-15 14:25:02 There were 1 links that passed the next "Check SNS Count" confirmation date and time.
2024-03-15 14:25:02 [1] Confirmed the "Check SNS Count". (NextTime=2021-04-14 13:59:20 URL=https://sekailab.com/wp/2016/07/18/python-test)
2024-03-15 14:41:35 There were 284 links that passed the next "Link Alive Check" confirmation date and time.
2024-03-15 14:41:35 [1] Confirmed the "Link Alive Check". (NextTime=1970-01-01 00:00:00 Result= URL=)
2024-03-15 14:41:36 [2] Confirmed the "Link Alive Check". (NextTime=1970-01-01 00:00:00 Result= URL=)
2024-03-15 14:41:36 [3] Confirmed the "Link Alive Check". (NextTime=1970-01-01 00:00:00 Result= URL=)
2024-03-15 14:41:36 [4] Confirmed the "Link Alive Check". (NextTime=1970-01-01 00:00:00 Result= URL=)
2024-03-15 14:41:36 [5] Confirmed the "Link Alive Check". (NextTime=1970-01-01 00:00:00 Result= URL=)
2024-03-15 15:09:58 There were 284 links that passed the next "Link Alive Check" confirmation date and time.
2024-03-15 15:09:58 [1] Confirmed the "Link Alive Check". (NextTime=1970-01-01 00:00:00 Result= URL=)
2024-03-15 15:09:59 [2] Confirmed the "Link Alive Check". (NextTime=1970-01-01 00:00:00 Result= URL=)
2024-03-15 15:09:59 [3] Confirmed the "Link Alive Check". (NextTime=1970-01-01 00:00:00 Result= URL=)
2024-03-15 15:09:59 [4] Confirmed the "Link Alive Check". (NextTime=1970-01-01 00:00:00 Result= URL=)
2024-03-15 15:09:59 [5] Confirmed the "Link Alive Check". (NextTime=1970-01-01 00:00:00 Result= URL=)
2024-03-15 15:24:53 There were 0 links that passed the next "Check SNS Count" confirmation date and time.
2024-03-15 15:44:13 There were 284 links that passed the next "Link Alive Check" confirmation date and time.
2024-03-15 15:44:13 [1] Confirmed the "Link Alive Check". (NextTime=1970-01-01 00:00:00 Result= URL=)
2024-03-15 15:44:13 [2] Confirmed the "Link Alive Check". (NextTime=1970-01-01 00:00:00 Result= URL=)
2024-03-15 15:44:14 [3] Confirmed the "Link Alive Check". (NextTime=1970-01-01 00:00:00 Result= URL=)
2024-03-15 15:44:14 [4] Confirmed the "Link Alive Check". (NextTime=1970-01-01 00:00:00 Result= URL=)
2024-03-15 15:44:14 [5] Confirmed the "Link Alive Check". (NextTime=1970-01-01 00:00:00 Result= URL=)
2024-03-15 15:53:03 There were 284 links that passed the next "Link Alive Check" confirmation date and time.
2024-03-15 15:53:03 [1] Confirmed the "Link Alive Check". (NextTime=1970-01-01 00:00:00 Result= URL=)
2024-03-15 15:53:04 [2] Confirmed the "Link Alive Check". (NextTime=1970-01-01 00:00:00 Result= URL=)
2024-03-15 15:53:04 [3] Confirmed the "Link Alive Check". (NextTime=1970-01-01 00:00:00 Result= URL=)
2024-03-15 15:53:04 [4] Confirmed the "Link Alive Check". (NextTime=1970-01-01 00:00:00 Result= URL=)
2024-03-15 15:53:04 [5] Confirmed the "Link Alive Check". (NextTime=1970-01-01 00:00:00 Result= URL=)
2024-03-15 16:10:39 There were 284 links that passed the next "Link Alive Check" confirmation date and time.
2024-03-15 16:10:40 [1] Confirmed the "Link Alive Check". (NextTime=1970-01-01 00:00:00 Result= URL=)
2024-03-15 16:10:40 [2] Confirmed the "Link Alive Check". (NextTime=1970-01-01 00:00:00 Result= URL=)
2024-03-15 16:10:40 [3] Confirmed the "Link Alive Check". (NextTime=1970-01-01 00:00:00 Result= URL=)
2024-03-15 16:10:40 [4] Confirmed the "Link Alive Check". (NextTime=1970-01-01 00:00:00 Result= URL=)
2024-03-15 16:10:40 [5] Confirmed the "Link Alive Check". (NextTime=1970-01-01 00:00:00 Result= URL=)
2024-03-15 16:23:18 There were 0 links that passed the next "Check SNS Count" confirmation date and time.
2024-03-15 16:44:41 There were 284 links that passed the next "Link Alive Check" confirmation date and time.
2024-03-15 16:44:41 [1] Confirmed the "Link Alive Check". (NextTime=1970-01-01 00:00:00 Result= URL=)
2024-03-15 16:44:41 [2] Confirmed the "Link Alive Check". (NextTime=1970-01-01 00:00:00 Result= URL=)
2024-03-15 16:44:42 [3] Confirmed the "Link Alive Check". (NextTime=1970-01-01 00:00:00 Result= URL=)
2024-03-15 16:44:42 [4] Confirmed the "Link Alive Check". (NextTime=1970-01-01 00:00:00 Result= URL=)
2024-03-15 16:44:42 [5] Confirmed the "Link Alive Check". (NextTime=1970-01-01 00:00:00 Result= URL=)
2024-03-15 17:10:51 There were 284 links that passed the next "Link Alive Check" confirmation date and time.
2024-03-15 17:10:51 [1] Confirmed the "Link Alive Check". (NextTime=1970-01-01 00:00:00 Result= URL=)
2024-03-15 17:10:51 [2] Confirmed the "Link Alive Check". (NextTime=1970-01-01 00:00:00 Result= URL=)
2024-03-15 17:10:51 [3] Confirmed the "Link Alive Check". (NextTime=1970-01-01 00:00:00 Result= URL=)
2024-03-15 17:10:52 [4] Confirmed the "Link Alive Check". (NextTime=1970-01-01 00:00:00 Result= URL=)
2024-03-15 17:10:52 [5] Confirmed the "Link Alive Check". (NextTime=1970-01-01 00:00:00 Result= URL=)
2024-03-15 17:23:14 There were 0 links that passed the next "Check SNS Count" confirmation date and time.
2024-03-15 17:45:29 There were 284 links that passed the next "Link Alive Check" confirmation date and time.
2024-03-15 17:45:29 [1] Confirmed the "Link Alive Check". (NextTime=1970-01-01 00:00:00 Result= URL=)
2024-03-15 17:45:29 [2] Confirmed the "Link Alive Check". (NextTime=1970-01-01 00:00:00 Result= URL=)
2024-03-15 17:45:30 [3] Confirmed the "Link Alive Check". (NextTime=1970-01-01 00:00:00 Result= URL=)
2024-03-15 17:45:30 [4] Confirmed the "Link Alive Check". (NextTime=1970-01-01 00:00:00 Result= URL=)
2024-03-15 17:45:30 [5] Confirmed the "Link Alive Check". (NextTime=1970-01-01 00:00:00 Result= URL=)
2024-03-15 18:55:48 There were 284 links that passed the next "Link Alive Check" confirmation date and time.
2024-03-15 18:55:49 [1] Confirmed the "Link Alive Check". (NextTime=1970-01-01 00:00:00 Result= URL=)
2024-03-15 18:55:49 [2] Confirmed the "Link Alive Check". (NextTime=1970-01-01 00:00:00 Result= URL=)
2024-03-15 18:55:49 [3] Confirmed the "Link Alive Check". (NextTime=1970-01-01 00:00:00 Result= URL=)
2024-03-15 18:55:49 [4] Confirmed the "Link Alive Check". (NextTime=1970-01-01 00:00:00 Result= URL=)
2024-03-15 18:55:49 [5] Confirmed the "Link Alive Check". (NextTime=1970-01-01 00:00:00 Result= URL=)
2024-03-15 18:55:49 There were 0 links that passed the next "Check SNS Count" confirmation date and time.
2024-03-15 18:57:18 There were 284 links that passed the next "Link Alive Check" confirmation date and time.
2024-03-15 18:57:19 [1] Confirmed the "Link Alive Check". (NextTime=1970-01-01 00:00:00 Result= URL=)
2024-03-15 18:57:19 [2] Confirmed the "Link Alive Check". (NextTime=1970-01-01 00:00:00 Result= URL=)
2024-03-15 18:57:19 [3] Confirmed the "Link Alive Check". (NextTime=1970-01-01 00:00:00 Result= URL=)
2024-03-15 18:57:20 [4] Confirmed the "Link Alive Check". (NextTime=1970-01-01 00:00:00 Result= URL=)
2024-03-15 18:57:20 [5] Confirmed the "Link Alive Check". (NextTime=1970-01-01 00:00:00 Result= URL=)
2024-03-15 19:28:28 There were 284 links that passed the next "Link Alive Check" confirmation date and time.
2024-03-15 19:28:28 [1] Confirmed the "Link Alive Check". (NextTime=1970-01-01 00:00:00 Result= URL=)
2024-03-15 19:28:28 [2] Confirmed the "Link Alive Check". (NextTime=1970-01-01 00:00:00 Result= URL=)
2024-03-15 19:28:29 [3] Confirmed the "Link Alive Check". (NextTime=1970-01-01 00:00:00 Result= URL=)
2024-03-15 19:28:29 [4] Confirmed the "Link Alive Check". (NextTime=1970-01-01 00:00:00 Result= URL=)
2024-03-15 19:28:29 [5] Confirmed the "Link Alive Check". (NextTime=1970-01-01 00:00:00 Result= URL=)
2024-03-15 19:35:34 There were 0 links that passed the next "Check SNS Count" confirmation date and time.
2024-03-15 19:50:08 There were 0 links that passed the next "Check SNS Count" confirmation date and time.
2024-03-15 20:24:10 There were 284 links that passed the next "Link Alive Check" confirmation date and time.
2024-03-15 20:24:10 [1] Confirmed the "Link Alive Check". (NextTime=1970-01-01 00:00:00 Result= URL=)
2024-03-15 20:24:11 [2] Confirmed the "Link Alive Check". (NextTime=1970-01-01 00:00:00 Result= URL=)
2024-03-15 20:24:11 [3] Confirmed the "Link Alive Check". (NextTime=1970-01-01 00:00:00 Result= URL=)
2024-03-15 20:24:11 [4] Confirmed the "Link Alive Check". (NextTime=1970-01-01 00:00:00 Result= URL=)
2024-03-15 20:24:11 [5] Confirmed the "Link Alive Check". (NextTime=1970-01-01 00:00:00 Result= URL=)
2024-03-15 22:24:14 There were 0 links that passed the next "Check SNS Count" confirmation date and time.
2024-03-15 22:24:14 There were 284 links that passed the next "Link Alive Check" confirmation date and time.
2024-03-15 22:24:15 [1] Confirmed the "Link Alive Check". (NextTime=1970-01-01 00:00:00 Result= URL=)
2024-03-15 22:24:15 [2] Confirmed the "Link Alive Check". (NextTime=1970-01-01 00:00:00 Result= URL=)
2024-03-15 22:24:15 [3] Confirmed the "Link Alive Check". (NextTime=1970-01-01 00:00:00 Result= URL=)
2024-03-15 22:24:15 [4] Confirmed the "Link Alive Check". (NextTime=1970-01-01 00:00:00 Result= URL=)
2024-03-15 22:24:15 [5] Confirmed the "Link Alive Check". (NextTime=1970-01-01 00:00:00 Result= URL=)
2024-03-15 23:20:01 There were 284 links that passed the next "Link Alive Check" confirmation date and time.
2024-03-15 23:20:01 [1] Confirmed the "Link Alive Check". (NextTime=1970-01-01 00:00:00 Result= URL=)
2024-03-15 23:20:01 [2] Confirmed the "Link Alive Check". (NextTime=1970-01-01 00:00:00 Result= URL=)
2024-03-15 23:20:01 [3] Confirmed the "Link Alive Check". (NextTime=1970-01-01 00:00:00 Result= URL=)
2024-03-15 23:20:02 [4] Confirmed the "Link Alive Check". (NextTime=1970-01-01 00:00:00 Result= URL=)
2024-03-15 23:20:02 [5] Confirmed the "Link Alive Check". (NextTime=1970-01-01 00:00:00 Result= URL=)
2024-03-15 23:23:29 There were 0 links that passed the next "Check SNS Count" confirmation date and time.
2024-03-15 23:24:19 There were 284 links that passed the next "Link Alive Check" confirmation date and time.
2024-03-15 23:24:20 [1] Confirmed the "Link Alive Check". (NextTime=1970-01-01 00:00:00 Result= URL=)
2024-03-15 23:24:20 [2] Confirmed the "Link Alive Check". (NextTime=1970-01-01 00:00:00 Result= URL=)
2024-03-15 23:24:20 [3] Confirmed the "Link Alive Check". (NextTime=1970-01-01 00:00:00 Result= URL=)
2024-03-15 23:24:21 [4] Confirmed the "Link Alive Check". (NextTime=1970-01-01 00:00:00 Result= URL=)
2024-03-15 23:24:21 [5] Confirmed the "Link Alive Check". (NextTime=1970-01-01 00:00:00 Result= URL=)
