2023-11-11 01:42:25 There were 2 links that passed the next "Check SNS Count" confirmation date and time.
2023-11-11 01:42:26 [1] Confirmed the "Check SNS Count". (NextTime=2021-04-15 06:52:22 URL=https://sekailab.com/wp/2018/04/10/python-2-79-anaconda-python)
2023-11-11 01:42:26 [2] Confirmed the "Check SNS Count". (NextTime=2021-04-14 12:10:29 URL=https://sekailab.com/wp/2019/03/20/vid2vid-on-windows10)
2023-11-11 01:42:26 There were 284 links that passed the next "Link Alive Check" confirmation date and time.
2023-11-11 01:42:26 [1] Confirmed the "Link Alive Check". (NextTime=1970-01-01 00:00:00 Result= URL=)
2023-11-11 01:42:27 [2] Confirmed the "Link Alive Check". (NextTime=1970-01-01 00:00:00 Result= URL=)
2023-11-11 01:42:27 [3] Confirmed the "Link Alive Check". (NextTime=1970-01-01 00:00:00 Result= URL=)
2023-11-11 01:42:27 [4] Confirmed the "Link Alive Check". (NextTime=1970-01-01 00:00:00 Result= URL=)
2023-11-11 01:42:28 [5] Confirmed the "Link Alive Check". (NextTime=1970-01-01 00:00:00 Result= URL=)
2023-11-11 03:45:08 There were 2 links that passed the next "Check SNS Count" confirmation date and time.
2023-11-11 03:45:08 [1] Confirmed the "Check SNS Count". (NextTime=2021-03-24 17:14:03 URL=https://sekailab.com/wp/2014/02/24/gitlab-gitlab_ci-jenkins-in-the-same-server/)
2023-11-11 03:45:08 [2] Confirmed the "Check SNS Count". (NextTime=2021-04-14 14:44:01 URL=https://note.com/mask303/n/nb9149ca2ceda)
2023-11-11 03:45:08 There were 284 links that passed the next "Link Alive Check" confirmation date and time.
2023-11-11 03:45:09 [1] Confirmed the "Link Alive Check". (NextTime=1970-01-01 00:00:00 Result= URL=)
2023-11-11 03:45:09 [2] Confirmed the "Link Alive Check". (NextTime=1970-01-01 00:00:00 Result= URL=)
2023-11-11 03:45:09 [3] Confirmed the "Link Alive Check". (NextTime=1970-01-01 00:00:00 Result= URL=)
2023-11-11 03:45:10 [4] Confirmed the "Link Alive Check". (NextTime=1970-01-01 00:00:00 Result= URL=)
2023-11-11 03:45:10 [5] Confirmed the "Link Alive Check". (NextTime=1970-01-01 00:00:00 Result= URL=)
2023-11-11 03:47:58 There were 2 links that passed the next "Check SNS Count" confirmation date and time.
2023-11-11 03:47:58 [1] Confirmed the "Check SNS Count". (NextTime=2021-03-24 17:14:03 URL=https://sekailab.com/wp/2014/02/24/gitlab-gitlab_ci-jenkins-in-the-same-server/)
2023-11-11 03:47:58 [2] Confirmed the "Check SNS Count". (NextTime=2021-04-14 14:44:01 URL=https://note.com/mask303/n/nb9149ca2ceda)
2023-11-11 03:47:58 There were 284 links that passed the next "Link Alive Check" confirmation date and time.
2023-11-11 03:47:58 [1] Confirmed the "Link Alive Check". (NextTime=1970-01-01 00:00:00 Result= URL=)
2023-11-11 03:47:59 [2] Confirmed the "Link Alive Check". (NextTime=1970-01-01 00:00:00 Result= URL=)
2023-11-11 03:47:59 [3] Confirmed the "Link Alive Check". (NextTime=1970-01-01 00:00:00 Result= URL=)
2023-11-11 03:47:59 [4] Confirmed the "Link Alive Check". (NextTime=1970-01-01 00:00:00 Result= URL=)
2023-11-11 03:47:59 [5] Confirmed the "Link Alive Check". (NextTime=1970-01-01 00:00:00 Result= URL=)
2023-11-11 06:25:45 There were 1 links that passed the next "Check SNS Count" confirmation date and time.
2023-11-11 06:25:45 [1] Confirmed the "Check SNS Count". (NextTime=2021-04-15 06:45:09 URL=https://sekailab.com/wp/2018/08/14/movidius-neural-compute-stick-with-orangepi-pc2)
2023-11-11 07:23:59 There were 3 links that passed the next "Check SNS Count" confirmation date and time.
2023-11-11 07:24:00 [1] Confirmed the "Check SNS Count". (NextTime=2021-04-15 04:16:50 URL=https://sekailab.com/wp/2019/05/08/google-translation-with-kindle-cloud-reader)
2023-11-11 07:24:00 [2] Confirmed the "Check SNS Count". (NextTime=2021-04-06 15:52:33 URL=https://cloud.google.com/blog/products/gcp/cloud-poetry-training-and-hyperparameter-tuning-custom-text-models-on-cloud-ml-engine)
2023-11-11 07:24:00 [3] Confirmed the "Check SNS Count". (NextTime=2021-04-06 07:26:44 URL=https://stackoverflow.com/questions/33225947/can-a-website-detect-when-you-are-using-selenium-with-chromedriver)
2023-11-11 08:25:35 There were 3 links that passed the next "Check SNS Count" confirmation date and time.
2023-11-11 08:25:35 [1] Confirmed the "Check SNS Count". (NextTime=2021-04-09 16:38:23 URL=https://www.banggood.com/IFlight-CineBee-75HD-2-3S-Whoop-RC-FPV-Racing-Drone-W-SucceX-mirco-F4-12A-200mW-Turtle-V2-HD-PNP-BNF-p-1433255.html?akmClientCountry=JP&#038;p=DR062131921252201904&#038;ID=565053&#038;cur_warehouse=CN)
2023-11-11 08:25:35 [2] Confirmed the "Check SNS Count". (NextTime=2021-03-22 09:50:10 URL=https://sekailab.com/wp/2013/12/11/watch-process-to-send-gmail/)
2023-11-11 08:25:35 [3] Confirmed the "Check SNS Count". (NextTime=2021-03-22 04:55:13 URL=https://www.armbian.com/orange-pi-pc2/)
2023-11-11 09:30:16 There were 3 links that passed the next "Check SNS Count" confirmation date and time.
2023-11-11 09:30:16 [1] Confirmed the "Check SNS Count". (NextTime=2021-03-25 06:30:50 URL=https://github.com/nara256/mhz19_uart)
2023-11-11 09:30:17 [2] Confirmed the "Check SNS Count". (NextTime=2021-04-15 03:56:35 URL=https://sekailab.com/wp/2019/03/19/optuna-tensor2tensor)
2023-11-11 09:30:17 [3] Confirmed the "Check SNS Count". (NextTime=2021-03-26 12:07:04 URL=https://developer.nvidia.com/cuda/wsl)
2023-11-11 10:27:04 There were 2 links that passed the next "Check SNS Count" confirmation date and time.
2023-11-11 10:27:04 [1] Confirmed the "Check SNS Count". (NextTime=2021-03-25 15:35:35 URL=https://www.thingiverse.com/thing:3083203)
2023-11-11 10:27:04 [2] Confirmed the "Check SNS Count". (NextTime=2021-03-22 13:10:32 URL=https://www.banggood.com/Lenovo-Watch-9-Smart-Watch-Sapphire-Glass-5ATM-Sleep-Monitor-Remote-Camera-Constellation-Edition-p-1397778.html?p=K226105168701201606R)
2023-11-11 11:42:11 There were 2 links that passed the next "Check SNS Count" confirmation date and time.
2023-11-11 11:42:11 [1] Confirmed the "Check SNS Count". (NextTime=2021-03-20 05:30:55 URL=https://console.cloud.google.com)
2023-11-11 11:42:11 [2] Confirmed the "Check SNS Count". (NextTime=2021-03-26 04:14:37 URL=https://www.atmarkit.co.jp/ait/articles/1812/06/news040.html)
2023-11-11 12:24:42 There were 0 links that passed the next "Check SNS Count" confirmation date and time.
2023-11-11 13:23:53 There were 1 links that passed the next "Check SNS Count" confirmation date and time.
2023-11-11 13:23:53 [1] Confirmed the "Check SNS Count". (NextTime=2021-03-20 12:45:25 URL=http://jikainoyokoku.blog23.fc2.com/blog-entry-729.html)
2023-11-11 14:23:24 There were 0 links that passed the next "Check SNS Count" confirmation date and time.
2023-11-11 15:24:56 There were 2 links that passed the next "Check SNS Count" confirmation date and time.
2023-11-11 15:24:56 [1] Confirmed the "Check SNS Count". (NextTime=2021-03-26 20:55:33 URL=https://docs.nvidia.com/cuda/wsl-user-guide/index.html#setting-containers)
2023-11-11 15:24:56 [2] Confirmed the "Check SNS Count". (NextTime=2021-03-20 13:30:24 URL=https://sekailab.com/wp/2018/09/05/mistel-barocco-md650l-bluetooth/)
2023-11-11 15:53:35 There were 284 links that passed the next "Link Alive Check" confirmation date and time.
2023-11-11 15:53:35 [1] Confirmed the "Link Alive Check". (NextTime=1970-01-01 00:00:00 Result= URL=)
2023-11-11 15:53:35 [2] Confirmed the "Link Alive Check". (NextTime=1970-01-01 00:00:00 Result= URL=)
2023-11-11 15:53:35 [3] Confirmed the "Link Alive Check". (NextTime=1970-01-01 00:00:00 Result= URL=)
2023-11-11 15:53:36 [4] Confirmed the "Link Alive Check". (NextTime=1970-01-01 00:00:00 Result= URL=)
2023-11-11 15:53:36 [5] Confirmed the "Link Alive Check". (NextTime=1970-01-01 00:00:00 Result= URL=)
2023-11-11 16:23:55 There were 1 links that passed the next "Check SNS Count" confirmation date and time.
2023-11-11 16:23:55 [1] Confirmed the "Check SNS Count". (NextTime=2021-03-24 10:51:03 URL=https://sekailab.com/wp/2016/11/29/in-this-corner-of-the-world/)
2023-11-11 16:26:01 There were 1 links that passed the next "Check SNS Count" confirmation date and time.
2023-11-11 16:26:01 [1] Confirmed the "Check SNS Count". (NextTime=2021-03-24 10:51:03 URL=https://sekailab.com/wp/2016/11/29/in-this-corner-of-the-world/)
2023-11-11 16:54:02 There were 284 links that passed the next "Link Alive Check" confirmation date and time.
2023-11-11 16:54:03 [1] Confirmed the "Link Alive Check". (NextTime=1970-01-01 00:00:00 Result= URL=)
2023-11-11 16:54:03 [2] Confirmed the "Link Alive Check". (NextTime=1970-01-01 00:00:00 Result= URL=)
2023-11-11 16:54:03 [3] Confirmed the "Link Alive Check". (NextTime=1970-01-01 00:00:00 Result= URL=)
2023-11-11 16:54:03 [4] Confirmed the "Link Alive Check". (NextTime=1970-01-01 00:00:00 Result= URL=)
2023-11-11 16:54:04 [5] Confirmed the "Link Alive Check". (NextTime=1970-01-01 00:00:00 Result= URL=)
2023-11-11 17:34:49 There were 1 links that passed the next "Check SNS Count" confirmation date and time.
2023-11-11 17:34:49 [1] Confirmed the "Check SNS Count". (NextTime=2021-04-14 21:41:47 URL=https://sekailab.com/wp/2018/11/15/build-1755-mhz-oc-rtx-20180-ti-pc-in-280000-jpy)
2023-11-11 17:35:59 There were 0 links that passed the next "Check SNS Count" confirmation date and time.
2023-11-11 17:55:05 There were 284 links that passed the next "Link Alive Check" confirmation date and time.
2023-11-11 17:55:05 [1] Confirmed the "Link Alive Check". (NextTime=1970-01-01 00:00:00 Result= URL=)
2023-11-11 17:55:06 [2] Confirmed the "Link Alive Check". (NextTime=1970-01-01 00:00:00 Result= URL=)
2023-11-11 17:55:06 [3] Confirmed the "Link Alive Check". (NextTime=1970-01-01 00:00:00 Result= URL=)
2023-11-11 17:55:06 [4] Confirmed the "Link Alive Check". (NextTime=1970-01-01 00:00:00 Result= URL=)
2023-11-11 17:55:06 [5] Confirmed the "Link Alive Check". (NextTime=1970-01-01 00:00:00 Result= URL=)
2023-11-11 18:23:45 There were 1 links that passed the next "Check SNS Count" confirmation date and time.
2023-11-11 18:23:45 [1] Confirmed the "Check SNS Count". (NextTime=2021-04-15 01:59:14 URL=https://twitter.com/search?q=from%3Agoroman%20since%3A2020-07-06%20until%3A2020-07-07&#038;src=typed_query&#038;f=live)
2023-11-11 18:38:50 There were 1 links that passed the next "Check SNS Count" confirmation date and time.
2023-11-11 18:38:50 [1] Confirmed the "Check SNS Count". (NextTime=2021-04-15 01:59:14 URL=https://twitter.com/search?q=from%3Agoroman%20since%3A2020-07-06%20until%3A2020-07-07&#038;src=typed_query&#038;f=live)
2023-11-11 18:59:41 There were 284 links that passed the next "Link Alive Check" confirmation date and time.
2023-11-11 18:59:42 [1] Confirmed the "Link Alive Check". (NextTime=1970-01-01 00:00:00 Result= URL=)
2023-11-11 18:59:42 [2] Confirmed the "Link Alive Check". (NextTime=1970-01-01 00:00:00 Result= URL=)
2023-11-11 18:59:42 [3] Confirmed the "Link Alive Check". (NextTime=1970-01-01 00:00:00 Result= URL=)
2023-11-11 18:59:43 [4] Confirmed the "Link Alive Check". (NextTime=1970-01-01 00:00:00 Result= URL=)
2023-11-11 18:59:43 [5] Confirmed the "Link Alive Check". (NextTime=1970-01-01 00:00:00 Result= URL=)
2023-11-11 19:17:38 There were 284 links that passed the next "Link Alive Check" confirmation date and time.
2023-11-11 19:17:38 [1] Confirmed the "Link Alive Check". (NextTime=1970-01-01 00:00:00 Result= URL=)
2023-11-11 19:17:39 [2] Confirmed the "Link Alive Check". (NextTime=1970-01-01 00:00:00 Result= URL=)
2023-11-11 19:17:39 [3] Confirmed the "Link Alive Check". (NextTime=1970-01-01 00:00:00 Result= URL=)
2023-11-11 19:17:39 [4] Confirmed the "Link Alive Check". (NextTime=1970-01-01 00:00:00 Result= URL=)
2023-11-11 19:17:39 [5] Confirmed the "Link Alive Check". (NextTime=1970-01-01 00:00:00 Result= URL=)
2023-11-11 19:26:08 There were 1 links that passed the next "Check SNS Count" confirmation date and time.
2023-11-11 19:26:08 [1] Confirmed the "Check SNS Count". (NextTime=2021-03-25 06:11:22 URL=https://www.amazon.co.jp/Opolar-LC06%E5%90%B8%E5%BC%95%E5%BC%8F%E3%83%8E%E3%83%BC%E3%83%88PC%E5%86%B7%E5%8D%B4%E3%83%95%E3%82%A1%E3%83%B3-%E4%BB%BB%E5%A4%A9%E5%A0%82-Nintendo-Switch%E5%86%B7%E5%8D%B4%E3%83%8E%E3%83%BC%E3%83%88%E3%82%AF%E3%83%BC%E3%83%A9%E3%83%BC-pc%E3%82%AF%E3%83%BC%E3%83%A9%E3%83%BC%E3%83%95%E3%82%A1%E3%83%B3-%E3%82%B3%E3%83%B3%E3%83%91%E3%82%AF%E3%83%88-%E9%9D%99%E9%9F%B3-%E6%B8%A9%E5%BA%A6%E3%81%8C%E8%A1%A8%E7%A4%BA%E3%81%95%E3%82%8C-%E3%83%95%E3%82%A1%E3%83%B3%E3%82%B9%E3%83%94%E3%83%BC%E3%83%89%E8%AA%BF%E6%95%B4%E3%81%8C%E3%81%A7%E3%81%8D-%E3%83%8E%E3%83%BC%E3%83%88PC%E3%81%AE%E5%86%B7%E5%8D%B4%E5%8F%B0-PS4-%E3%83%8B%E3%83%B3%E3%83%86%E3%83%B3%E3%83%89%E3%83%BC%E3%82%B9%E3%82%A4%E3%83%83%E3%83%81%E3%81%AE%E5%86%B7%E5%8D%B4/dp/B01LWN5LTV/ref=as_li_ss_il?ie=UTF8&#038;qid=1528536509&#038;sr=8-6&#038;keywords=%E3%83%8E%E3%83%BC%E3%83%88pc+%E5%86%B7%E5%8D%B4&#038;linkCode=li2&#038;tag=drunkar-22&#038;linkId=160e8cbd24da9a792e255e7af25be6c7)
2023-11-11 22:44:20 There were 284 links that passed the next "Link Alive Check" confirmation date and time.
2023-11-11 22:44:21 [1] Confirmed the "Link Alive Check". (NextTime=1970-01-01 00:00:00 Result= URL=)
2023-11-11 22:44:21 [2] Confirmed the "Link Alive Check". (NextTime=1970-01-01 00:00:00 Result= URL=)
2023-11-11 22:44:21 [3] Confirmed the "Link Alive Check". (NextTime=1970-01-01 00:00:00 Result= URL=)
2023-11-11 22:44:21 [4] Confirmed the "Link Alive Check". (NextTime=1970-01-01 00:00:00 Result= URL=)
2023-11-11 22:44:22 [5] Confirmed the "Link Alive Check". (NextTime=1970-01-01 00:00:00 Result= URL=)
2023-11-11 22:44:22 There were 5 links that passed the next "Check SNS Count" confirmation date and time.
2023-11-11 22:44:22 [1] Confirmed the "Check SNS Count". (NextTime=2021-03-21 10:49:03 URL=https://gist.github.com/Drunkar/d3be687b0eb03c3f341f5d4b8edfbf07)
2023-11-11 22:44:22 [2] Confirmed the "Check SNS Count". (NextTime=2021-03-26 12:38:31 URL=https://github.com/facebookresearch/detectron2)
2023-11-11 22:44:22 [3] Confirmed the "Check SNS Count". (NextTime=2021-04-15 08:54:57 URL=https://sekailab.com/wp/2018/06/09/best-practice-of-cooling-razer-blade)
2023-11-11 22:44:22 [4] Confirmed the "Check SNS Count". (NextTime=2021-03-23 01:47:51 URL=https://www.amazon.co.jp/dp/B07TGKQV2X/ref=as_li_ss_il?_encoding=UTF8&#038;psc=1&#038;linkCode=li2&#038;tag=drunkar-22&#038;linkId=dd7f6044dfb46becb60e273dcabd963c)
2023-11-11 22:44:22 [5] Confirmed the "Check SNS Count". (NextTime=2021-03-26 03:29:39 URL=https://www.amazon.co.jp/aceyoon-%E3%82%BF%E3%83%96%E3%83%AC%E3%83%83%E3%83%88%E3%82%B9%E3%82%BF%E3%83%B3%E3%83%89-4-13%E3%82%A4%E3%83%B3%E3%83%81-%E3%82%B9%E3%83%9E%E3%83%9B%E3%82%B9%E3%82%BF%E3%83%B3%E3%83%89-%E3%82%BF%E3%83%96%E3%83%AC%E3%83%83%E3%83%88%E3%81%AB%E5%AF%BE%E5%BF%9C/dp/B07GZJPW7D/ref=as_li_ss_il?_encoding=UTF8&#038;pd_rd_i=B07GZJPW7D&#038;pd_rd_r=69ac8820-a8ba-4bfe-9fd4-48a8068f1240&#038;pd_rd_w=2EwEV&#038;pd_rd_wg=bOs7O&#038;pf_rd_p=587b16be-0f5e-4017-ba4e-8771a0be2909&#038;pf_rd_r=JEZEJVFX37T038S9MCT6&#038;psc=1&#038;refRID=JEZEJVFX37T038S9MCT6&#038;linkCode=li2&#038;tag=drunkar-22&#038;linkId=529300a58525bc616e80a33d50eb1446&#038;language=ja_JP)
