2023-12-31 06:28:02 There were 39 links that passed the next "Check SNS Count" confirmation date and time.
2023-12-31 06:28:03 [1] Confirmed the "Check SNS Count". (NextTime=2021-04-17 01:42:03 URL=https://en.wikipedia.org/wiki/Dom-R%C3%B6mer_Project)
2023-12-31 06:28:03 [2] Confirmed the "Check SNS Count". (NextTime=2021-03-22 02:23:08 URL=https://www.amazon.co.jp/Osprey-FlapJack-Backpack-Black-%E4%B8%A6%E8%A1%8C%E8%BC%B8%E5%85%A5%E5%93%81/dp/B07DVXBK8B/ref=as_li_ss_il?s=shoes&#038;ie=UTF8&#038;qid=1530883605&#038;sr=1-2&#038;keywords=Osprey+FlapJack&#038;linkCode=li2&#038;tag=drunkar-22&#038;linkId=4ceda0597cb96866a2e7a9508f4376f5)
2023-12-31 06:28:03 [3] Confirmed the "Check SNS Count". (NextTime=2021-04-15 12:55:42 URL=https://ja.aliexpress.com/item/Wholesale-camera-flash-bracket-L-bracket-bilateral-frame-twin-double-L-bracket-L-bracket/32323286127.html)
2023-12-31 06:28:03 [4] Confirmed the "Check SNS Count". (NextTime=2021-04-08 15:12:13 URL=https://www.banggood.com/J3-Cub-MinimumRC-Bankyard-Flyer-360mm-Wingspan-RC-Airplane-KITPNP-p-1403039.html?p=DR062131921252201904&#038;ID=556226&#038;cur_warehouse=CN)
2023-12-31 06:28:03 [5] Confirmed the "Check SNS Count". (NextTime=2021-03-24 06:32:18 URL=https://sekailab.com/wp/2018/01/13/15w-chinese-laser-cutter-4/)
2023-12-31 06:28:03 [6] Confirmed the "Check SNS Count". (NextTime=2021-03-25 21:40:42 URL=https://www.thingiverse.com/thing:2848039)
2023-12-31 06:28:03 [7] Confirmed the "Check SNS Count". (NextTime=2021-04-15 07:14:24 URL=https://sekailab.com/wp/2018/04/14/python-template-for-cli-applications-and-batch)
2023-12-31 06:28:03 [8] Confirmed the "Check SNS Count". (NextTime=2021-03-22 14:03:05 URL=https://sekailab.com/wp/2018/06/09/best-practice-of-cooling-razer-blade/)
2023-12-31 06:28:03 [9] Confirmed the "Check SNS Count". (NextTime=2021-04-03 04:35:19 URL=https://github.com/thunil/TecoGAN)
2023-12-31 06:28:04 [10] Confirmed the "Check SNS Count". (NextTime=2021-04-15 07:51:20 URL=https://sekailab.com/wp/2019/03/23/white-powder-for-your-health)
2023-12-31 06:28:35 There were 284 links that passed the next "Link Alive Check" confirmation date and time.
2023-12-31 06:28:36 [1] Confirmed the "Link Alive Check". (NextTime=1970-01-01 00:00:00 Result= URL=)
2023-12-31 06:28:36 [2] Confirmed the "Link Alive Check". (NextTime=1970-01-01 00:00:00 Result= URL=)
2023-12-31 06:28:36 [3] Confirmed the "Link Alive Check". (NextTime=1970-01-01 00:00:00 Result= URL=)
2023-12-31 06:28:36 [4] Confirmed the "Link Alive Check". (NextTime=1970-01-01 00:00:00 Result= URL=)
2023-12-31 06:28:36 [5] Confirmed the "Link Alive Check". (NextTime=1970-01-01 00:00:00 Result= URL=)
2023-12-31 06:29:33 There were 284 links that passed the next "Link Alive Check" confirmation date and time.
2023-12-31 06:29:33 [1] Confirmed the "Link Alive Check". (NextTime=1970-01-01 00:00:00 Result= URL=)
2023-12-31 06:29:33 [2] Confirmed the "Link Alive Check". (NextTime=1970-01-01 00:00:00 Result= URL=)
2023-12-31 06:29:33 [3] Confirmed the "Link Alive Check". (NextTime=1970-01-01 00:00:00 Result= URL=)
2023-12-31 06:29:33 [4] Confirmed the "Link Alive Check". (NextTime=1970-01-01 00:00:00 Result= URL=)
2023-12-31 06:29:33 [5] Confirmed the "Link Alive Check". (NextTime=1970-01-01 00:00:00 Result= URL=)
2023-12-31 06:37:15 There were 29 links that passed the next "Check SNS Count" confirmation date and time.
2023-12-31 06:37:16 [1] Confirmed the "Check SNS Count". (NextTime=2021-04-15 17:04:05 URL=https://de.wikipedia.org/wiki/Liste_der_Kulturdenkm%C3%A4ler_in_Frankfurt-Innenstadt)
2023-12-31 06:37:16 [2] Confirmed the "Check SNS Count". (NextTime=2021-04-17 08:51:24 URL=https://www.banggood.com/ja/IRangeX-iRX-IR8M-2_4G-8CH-Multi-Protocol-Transmitter-With-PPM-S_BUS-Mini-Receiver-p-1226058.html?p=K226105168701201606R&#038;custlinkid=129861)
2023-12-31 06:37:16 [3] Confirmed the "Check SNS Count". (NextTime=2021-04-15 07:21:12 URL=https://sekailab.com/wp/2018/08/10/build-opencv-on-orangepi-pc2)
2023-12-31 06:37:16 [4] Confirmed the "Check SNS Count". (NextTime=2021-04-10 20:08:11 URL=https://github.com/Drunkar/papers)
2023-12-31 06:37:16 [5] Confirmed the "Check SNS Count". (NextTime=2021-03-26 00:58:29 URL=https://www.amazon.co.jp/gp/product/B07CG3ZPW3/ref=as_li_ss_il?ie=UTF8&#038;psc=1&#038;linkCode=li2&#038;tag=drunkar-22&#038;linkId=4a2250c8c0c493c44601aa572a1071e8)
2023-12-31 06:37:16 [6] Confirmed the "Check SNS Count". (NextTime=2021-04-15 07:57:07 URL=https://twitter.com/search?q=from:goroman%20since:2020-07-06%20until:2020-07-07&#038;src=typed_query&#038;f=live)
2023-12-31 06:37:17 [7] Confirmed the "Check SNS Count". (NextTime=2021-04-14 13:40:00 URL=https://sekailab.com/wp/2019/02/06/rtx2080ti-i9-9900k-failure-mother-dram)
2023-12-31 06:37:17 [8] Confirmed the "Check SNS Count". (NextTime=2021-03-26 03:41:28 URL=https://www.amazon.co.jp/gp/product/B07GBNVB3D/ref=as_li_ss_il?ie=UTF8&#038;psc=1&#038;linkCode=li2&#038;tag=drunkar-22&#038;linkId=19319dd5b45ac310e71591f655db6199&#038;language=ja_JP)
2023-12-31 06:37:17 [9] Confirmed the "Check SNS Count". (NextTime=2021-03-21 09:08:14 URL=https://sekailab.com/wp/2018/08/14/movidius-neural-compute-stick-with-orangepi-pc2/)
2023-12-31 06:37:17 [10] Confirmed the "Check SNS Count". (NextTime=2021-03-25 00:04:31 URL=https://sekailab.com/wp/2012/10/28/c%e3%81%a7%e3%80%8c%e3%81%af%e3%81%98%e3%82%81%e3%81%a6%e3%81%ae%e6%a9%9f%e6%a2%b0%e5%ad%a6%e7%bf%92%e3%80%8d6%e7%ab%a0/)
2023-12-31 06:43:56 There were 19 links that passed the next "Check SNS Count" confirmation date and time.
2023-12-31 06:43:56 [1] Confirmed the "Check SNS Count". (NextTime=2021-04-14 19:44:58 URL=https://sekailab.com/wp/2018/08/12/sakura-vps-nem-supernode-4)
2023-12-31 06:43:56 [2] Confirmed the "Check SNS Count". (NextTime=2021-03-22 04:39:35 URL=https://www.amazon.co.jp/gp/product/B01DOWUCJO/ref=as_li_ss_il?ie=UTF8&#038;psc=1&#038;linkCode=li2&#038;tag=drunkar-22&#038;linkId=a22e97f7b179135d87b3db4692f871bc)
2023-12-31 06:43:57 [3] Confirmed the "Check SNS Count". (NextTime=2021-04-15 21:59:51 URL=https://sekailab.com/wp/2018/01/01/crawl-anyway-2018)
2023-12-31 06:43:57 [4] Confirmed the "Check SNS Count". (NextTime=2021-03-24 23:08:57 URL=https://amzn.to/2GTEzKk)
2023-12-31 06:43:57 [5] Confirmed the "Check SNS Count". (NextTime=2021-03-22 15:57:50 URL=https://popozure.info)
2023-12-31 06:43:57 [6] Confirmed the "Check SNS Count". (NextTime=2021-04-06 16:27:15 URL=https://github.com/Drunkar/crawler-base)
2023-12-31 06:43:57 [7] Confirmed the "Check SNS Count". (NextTime=2021-03-20 07:01:57 URL=https://www.banggood.com/Caddx-Turtle-V2-1080p-60fps-FOV-155-Degree-Super-WDR-Mini-HD-FPV-Camera-OSD-Mic-for-RC-Drone-p-1360782.html?p=K226105168701201606R)
2023-12-31 06:43:57 [8] Confirmed the "Check SNS Count". (NextTime=2021-03-26 08:44:23 URL=https://www.switch-science.com/catalog/5760/)
2023-12-31 06:43:57 [9] Confirmed the "Check SNS Count". (NextTime=2021-03-21 16:59:15 URL=https://www.amazon.co.jp/3M-%E3%82%B9%E3%82%B3%E3%83%83%E3%83%81-%E5%BC%B7%E5%8A%9B%E4%B8%A1%E9%9D%A2%E3%83%86%E3%83%BC%E3%83%97-20mm%C3%9710m-PSD-20/dp/B002YMQILC/ref=as_li_ss_il?ie=UTF8&#038;qid=1523532084&#038;sr=8-6&#038;keywords=scotch+%E5%BC%B7%E5%8A%9B%E4%B8%A1%E9%9D%A2%E3%83%86%E3%83%BC%E3%83%97+20mm&#038;linkCode=li2&#038;tag=drunkar-22&#038;linkId=7d553de20ef02ada7021590e02dc4672)
2023-12-31 06:43:57 [10] Confirmed the "Check SNS Count". (NextTime=2021-03-21 03:12:44 URL=https://www.amazon.co.jp/%E3%82%A8%E3%83%AC%E3%82%B3%E3%83%A0-150Mbps-2-4GHz%E5%B0%82%E7%94%A8-%E3%82%B3%E3%83%B3%E3%83%91%E3%82%AF%E3%83%88%E3%83%A2%E3%83%87%E3%83%AB-WDC-150SU2MBK/dp/B00JTSF7DY/ref=as_li_ss_il?ie=UTF8&#038;linkCode=li2&#038;tag=drunkar-22&#038;linkId=68e85a82df1130f6e44bb9e226d4dce6&#038;language=ja_JP)
2023-12-31 06:55:22 There were 9 links that passed the next "Check SNS Count" confirmation date and time.
2023-12-31 06:55:23 [1] Confirmed the "Check SNS Count". (NextTime=2021-04-14 17:31:53 URL=https://sekailab.com/wp/2019/03/10/execute-windows-binary-on-wsl)
2023-12-31 06:55:23 [2] Confirmed the "Check SNS Count". (NextTime=2021-03-21 13:10:58 URL=https://sekailab.com/wp/2018/09/04/mistel-barocco-mag-feet/)
2023-12-31 06:55:23 [3] Confirmed the "Check SNS Count". (NextTime=2021-03-25 21:56:58 URL=http://www.itmedia.co.jp/pcuser/articles/1809/09/news008.html)
2023-12-31 06:55:23 [4] Confirmed the "Check SNS Count". (NextTime=2021-03-19 21:34:14 URL=https://sekailab.com/wp/2018/01/04/15w-chinese-laser-cutter-1/)
2023-12-31 06:55:23 [5] Confirmed the "Check SNS Count". (NextTime=2021-04-06 02:32:52 URL=https://sekailab.com/wp/2019/03/10/execute-windows-binary-on-wsl/)
2023-12-31 06:55:23 [6] Confirmed the "Check SNS Count". (NextTime=2021-03-24 04:04:18 URL=https://sourceforge.net/projects/mingw-w64/)
2023-12-31 06:55:23 [7] Confirmed the "Check SNS Count". (NextTime=2021-03-20 18:34:47 URL=https://www.amazon.co.jp/Roost-%E3%83%8E%E3%83%BC%E3%83%88%E3%83%91%E3%82%BD%E3%82%B3%E3%83%B3%E7%94%A8%E3%82%B9%E3%82%BF%E3%83%B3%E3%83%89-MacBook-%E4%BA%BA%E9%96%93%E5%B7%A5%E5%AD%A6%E3%81%AB%E5%9F%BA%E3%81%A5%E3%81%84%E3%81%9F%E3%83%87%E3%82%B6%E3%82%A4%E3%83%B3-%E3%83%A6%E3%83%8B%E3%83%90%E3%83%BC%E3%82%B5%E3%83%AB%E3%83%87%E3%82%B6%E3%82%A4%E3%83%B3/dp/B01C9KG8IG/ref=as_li_ss_il?ie=UTF8&#038;qid=1530874117&#038;sr=8-1&#038;keywords=roost&#038;linkCode=li2&#038;tag=drunkar-22&#038;linkId=100d961f17d3946bcfe8a8e9392f2401)
2023-12-31 06:55:23 [8] Confirmed the "Check SNS Count". (NextTime=2021-03-21 12:12:51 URL=https://www.banggood.com/Original-Box-Xiaomi-Mi-Pad-4-Plus-CN-ROM-Snapdragon-660-4G-RAM-64G-MIUI-9_0-10_1-Inch-Tablet-Black-p-1344444.html?p=K226105168701201606R)
2023-12-31 06:55:23 [9] Confirmed the "Check SNS Count". (NextTime=2021-03-20 09:05:33 URL=https://assetstore.unity.com/packages/essentials/unity-recorder-94079)
2023-12-31 07:25:43 There were 1 links that passed the next "Check SNS Count" confirmation date and time.
2023-12-31 07:25:43 [1] Confirmed the "Check SNS Count". (NextTime=2021-03-22 15:52:44 URL=https://www.banggood.com/Xiaomi-Redmi-Airdots-TWS-Bluetooth-5_0-Earphone-DSP-Noise-Cancelling-Auto-Pairing-Bilateral-Call-Stereo-Headphones-p-1450592.html?p=K226105168701201606R)
2023-12-31 07:29:59 There were 284 links that passed the next "Link Alive Check" confirmation date and time.
2023-12-31 07:30:00 [1] Confirmed the "Link Alive Check". (NextTime=1970-01-01 00:00:00 Result= URL=)
2023-12-31 07:30:00 [2] Confirmed the "Link Alive Check". (NextTime=1970-01-01 00:00:00 Result= URL=)
2023-12-31 07:30:00 [3] Confirmed the "Link Alive Check". (NextTime=1970-01-01 00:00:00 Result= URL=)
2023-12-31 07:30:00 [4] Confirmed the "Link Alive Check". (NextTime=1970-01-01 00:00:00 Result= URL=)
2023-12-31 07:30:01 [5] Confirmed the "Link Alive Check". (NextTime=1970-01-01 00:00:00 Result= URL=)
2023-12-31 08:25:51 There were 4 links that passed the next "Check SNS Count" confirmation date and time.
2023-12-31 08:25:51 [1] Confirmed the "Check SNS Count". (NextTime=2021-04-05 02:04:04 URL=https://sekailab.com/wp/2018/04/10/python-2-79-anaconda-python/)
2023-12-31 08:25:51 [2] Confirmed the "Check SNS Count". (NextTime=2021-04-15 04:30:30 URL=https://sekailab.com/wp/2013/07/29/interaction-wit-massan)
2023-12-31 08:25:51 [3] Confirmed the "Check SNS Count". (NextTime=2021-03-20 19:30:40 URL=https://sekailab.com/wp/2012/11/01/c%e3%81%a7%e3%80%8c%e3%81%af%e3%81%98%e3%82%81%e3%81%a6%e3%81%ae%e6%a9%9f%e6%a2%b0%e5%ad%a6%e7%bf%92%e3%80%8d5%e7%ab%a0/)
2023-12-31 08:25:51 [4] Confirmed the "Check SNS Count". (NextTime=2021-03-25 03:48:57 URL=http://yamada.daiji.ro/blog/?p=382)
2023-12-31 08:30:07 There were 284 links that passed the next "Link Alive Check" confirmation date and time.
2023-12-31 08:30:07 [1] Confirmed the "Link Alive Check". (NextTime=1970-01-01 00:00:00 Result= URL=)
2023-12-31 08:30:07 [2] Confirmed the "Link Alive Check". (NextTime=1970-01-01 00:00:00 Result= URL=)
2023-12-31 08:30:07 [3] Confirmed the "Link Alive Check". (NextTime=1970-01-01 00:00:00 Result= URL=)
2023-12-31 08:30:08 [4] Confirmed the "Link Alive Check". (NextTime=1970-01-01 00:00:00 Result= URL=)
2023-12-31 08:30:08 [5] Confirmed the "Link Alive Check". (NextTime=1970-01-01 00:00:00 Result= URL=)
2023-12-31 09:27:26 There were 4 links that passed the next "Check SNS Count" confirmation date and time.
2023-12-31 09:27:26 [1] Confirmed the "Check SNS Count". (NextTime=2021-04-13 15:49:44 URL=https://www.aliexpress.com/snapshot/0.html?spm=a2g0s.9042647.0.0.78264c4dGESzTn&#038;orderId=95090286259840&#038;productId=32922176062)
2023-12-31 09:27:26 [2] Confirmed the "Check SNS Count". (NextTime=2021-03-25 11:57:49 URL=https://sekailab.com/wp/2013/07/29/interaction-wit-massan/)
2023-12-31 09:27:27 [3] Confirmed the "Check SNS Count". (NextTime=2021-04-17 09:58:08 URL=https://www.amazon.co.jp/finum%EF%BC%88%E3%83%95%E3%82%A3%E3%83%8A%E3%83%A0%EF%BC%89-63-422-50-00-coffee-2-%E3%82%B3%E3%83%BC%E3%83%92%E3%83%BC%E3%83%A1%E3%83%BC%E3%82%AB%E3%83%BC%E7%94%A8%E3%82%B9%E3%83%86%E3%83%B3%E3%83%AC%E3%82%B9%E3%83%95%E3%82%A3%E3%83%AB%E3%82%BF%E3%83%BC%EF%BC%AD%E3%82%B5%E3%82%A4%E3%82%BA/dp/B003IHUMFA/ref=as_li_ss_il?_encoding=UTF8&#038;pd_rd_i=B003IHUMFA&#038;pd_rd_r=00fa7bca-cd02-4856-9484-e07801c6450f&#038;pd_rd_w=zzbeq&#038;pd_rd_wg=tXf4x&#038;pf_rd_p=ca22fd73-0f1e-4b39-9917-c84a20b3f3a8&#038;pf_rd_r=FKSBCX6TKWNVJPV25WSF&#038;psc=1&#038;refRID=FKSBCX6TKWNVJPV25WSF&#038;linkCode=li2&#038;tag=drunkar-22&#038;linkId=7e2610e6665c18993bc1e2ee3fa48ca6)
2023-12-31 09:27:27 [4] Confirmed the "Check SNS Count". (NextTime=2021-06-02 09:46:58 URL=https://www.imobie.com/m1-app-checker/)
2023-12-31 09:30:32 There were 284 links that passed the next "Link Alive Check" confirmation date and time.
2023-12-31 09:30:32 [1] Confirmed the "Link Alive Check". (NextTime=1970-01-01 00:00:00 Result= URL=)
2023-12-31 09:30:33 [2] Confirmed the "Link Alive Check". (NextTime=1970-01-01 00:00:00 Result= URL=)
2023-12-31 09:30:33 [3] Confirmed the "Link Alive Check". (NextTime=1970-01-01 00:00:00 Result= URL=)
2023-12-31 09:30:33 [4] Confirmed the "Link Alive Check". (NextTime=1970-01-01 00:00:00 Result= URL=)
2023-12-31 09:30:33 [5] Confirmed the "Link Alive Check". (NextTime=1970-01-01 00:00:00 Result= URL=)
2023-12-31 10:23:56 There were 5 links that passed the next "Check SNS Count" confirmation date and time.
2023-12-31 10:23:56 [1] Confirmed the "Check SNS Count". (NextTime=2021-03-25 08:40:43 URL=https://sekailab.com/wp/2018/08/11/sakura-vps-nem-supernode-3/)
2023-12-31 10:23:56 [2] Confirmed the "Check SNS Count". (NextTime=2021-04-10 11:40:03 URL=https://www.banggood.com/IRangeX-iRX-IR8M-2_4G-8CH-Multi-Protocol-Transmitter-With-PPM-S_BUS-Mini-Receiver-p-1226058.html?p=K226105168701201606R&#038;custlinkid=78514)
2023-12-31 10:23:56 [3] Confirmed the "Check SNS Count". (NextTime=2021-03-21 05:02:21 URL=https://www.amazon.co.jp/Taulman3D-PC-Alloy910-Taulman3D-Alloy-910-%E3%82%A2%E3%83%AD%E3%82%A4910-1-75mm/dp/B01AY71K5M/ref=as_li_ss_il?ie=UTF8&#038;qid=1523541968&#038;sr=8-1&#038;keywords=alloy+910&#038;linkCode=li2&#038;tag=drunkar-22&#038;linkId=d8e9041dfc8c404620294b339eb3f493)
2023-12-31 10:23:56 [4] Confirmed the "Check SNS Count". (NextTime=2021-03-26 00:34:32 URL=https://sekailab.com/wp/2018/04/14/sakura-vps-nem-supernode-2/)
2023-12-31 10:23:56 [5] Confirmed the "Check SNS Count". (NextTime=2021-03-21 07:05:08 URL=https://sekailab.com/wp/2018/08/31/review-mistel-barocco-md650l/)
2023-12-31 10:32:25 There were 284 links that passed the next "Link Alive Check" confirmation date and time.
2023-12-31 10:32:25 [1] Confirmed the "Link Alive Check". (NextTime=1970-01-01 00:00:00 Result= URL=)
2023-12-31 10:32:25 [2] Confirmed the "Link Alive Check". (NextTime=1970-01-01 00:00:00 Result= URL=)
2023-12-31 10:32:25 [3] Confirmed the "Link Alive Check". (NextTime=1970-01-01 00:00:00 Result= URL=)
2023-12-31 10:32:26 [4] Confirmed the "Link Alive Check". (NextTime=1970-01-01 00:00:00 Result= URL=)
2023-12-31 10:32:26 [5] Confirmed the "Link Alive Check". (NextTime=1970-01-01 00:00:00 Result= URL=)
2023-12-31 11:23:13 There were 4 links that passed the next "Check SNS Count" confirmation date and time.
2023-12-31 11:23:13 [1] Confirmed the "Check SNS Count". (NextTime=2021-04-06 18:46:30 URL=https://www.quora.com/How-does-Distil-Networks-Bot-and-Scraper-Detection-work-Are-there-advantages-to-its-technology-as-compared-to-other-competitors)
2023-12-31 11:23:13 [2] Confirmed the "Check SNS Count". (NextTime=2021-03-25 19:52:33 URL=https://mechanicalkeyboards.com/shop/index.php?l=product_detail&#038;p=3519)
2023-12-31 11:23:13 [3] Confirmed the "Check SNS Count". (NextTime=2021-03-28 10:53:38 URL=https://github.com/Drunkar/barocco_md650l_mods)
2023-12-31 11:23:13 [4] Confirmed the "Check SNS Count". (NextTime=2021-04-18 06:24:07 URL=https://www.amazon.co.jp/%E3%82%B7%E3%83%AA%E3%82%B3%E3%83%B3%E3%83%90%E3%83%AC%E3%83%BC%E5%BC%8F-%E8%87%AA%E5%88%86%E3%82%92%E5%A4%89%E3%81%88%E3%82%8B%E6%9C%80%E5%BC%B7%E3%81%AE%E9%A3%9F%E4%BA%8B-%E3%83%87%E3%82%A4%E3%83%B4%E3%83%BB%E3%82%A2%E3%82%B9%E3%83%97%E3%83%AA%E3%83%BC-ebook/dp/B015S5545W/ref=as_li_ss_il?_encoding=UTF8&#038;qid=1585582879&#038;sr=8-1&#038;linkCode=li2&#038;tag=drunkar-22&#038;linkId=fb2fbcce469bf88077c26ea066860d62)
2023-12-31 11:34:44 There were 284 links that passed the next "Link Alive Check" confirmation date and time.
2023-12-31 11:34:45 [1] Confirmed the "Link Alive Check". (NextTime=1970-01-01 00:00:00 Result= URL=)
2023-12-31 11:34:45 [2] Confirmed the "Link Alive Check". (NextTime=1970-01-01 00:00:00 Result= URL=)
2023-12-31 11:34:45 [3] Confirmed the "Link Alive Check". (NextTime=1970-01-01 00:00:00 Result= URL=)
2023-12-31 11:34:45 [4] Confirmed the "Link Alive Check". (NextTime=1970-01-01 00:00:00 Result= URL=)
2023-12-31 11:34:45 [5] Confirmed the "Link Alive Check". (NextTime=1970-01-01 00:00:00 Result= URL=)
2023-12-31 12:23:03 There were 0 links that passed the next "Check SNS Count" confirmation date and time.
2023-12-31 12:35:51 There were 284 links that passed the next "Link Alive Check" confirmation date and time.
2023-12-31 12:35:51 [1] Confirmed the "Link Alive Check". (NextTime=1970-01-01 00:00:00 Result= URL=)
2023-12-31 12:35:51 [2] Confirmed the "Link Alive Check". (NextTime=1970-01-01 00:00:00 Result= URL=)
2023-12-31 12:35:51 [3] Confirmed the "Link Alive Check". (NextTime=1970-01-01 00:00:00 Result= URL=)
2023-12-31 12:35:52 [4] Confirmed the "Link Alive Check". (NextTime=1970-01-01 00:00:00 Result= URL=)
2023-12-31 12:35:52 [5] Confirmed the "Link Alive Check". (NextTime=1970-01-01 00:00:00 Result= URL=)
2023-12-31 13:23:47 There were 2 links that passed the next "Check SNS Count" confirmation date and time.
2023-12-31 13:23:47 [1] Confirmed the "Check SNS Count". (NextTime=2021-03-27 01:59:09 URL=https://forum.nem.io/t/nem-supernode-rewards-program/1735)
2023-12-31 13:23:48 [2] Confirmed the "Check SNS Count". (NextTime=2021-04-16 02:20:40 URL=https://sekailab.com/wp/2018/02/03/watch-process-to-send-gmail-with-python3)
2023-12-31 13:36:02 There were 284 links that passed the next "Link Alive Check" confirmation date and time.
2023-12-31 13:36:02 [1] Confirmed the "Link Alive Check". (NextTime=1970-01-01 00:00:00 Result= URL=)
2023-12-31 13:36:02 [2] Confirmed the "Link Alive Check". (NextTime=1970-01-01 00:00:00 Result= URL=)
2023-12-31 13:36:02 [3] Confirmed the "Link Alive Check". (NextTime=1970-01-01 00:00:00 Result= URL=)
2023-12-31 13:36:03 [4] Confirmed the "Link Alive Check". (NextTime=1970-01-01 00:00:00 Result= URL=)
2023-12-31 13:36:03 [5] Confirmed the "Link Alive Check". (NextTime=1970-01-01 00:00:00 Result= URL=)
2023-12-31 14:24:41 There were 1 links that passed the next "Check SNS Count" confirmation date and time.
2023-12-31 14:24:41 [1] Confirmed the "Check SNS Count". (NextTime=2021-04-16 01:38:22 URL=https://sekailab.com/wp/2012/10/27/c%E3%81%A7%E3%80%8C%E3%81%AF%E3%81%98%E3%82%81%E3%81%A6%E3%81%AE%E6%A9%9F%E6%A2%B0%E5%AD%A6%E7%BF%92%E3%80%8D4%E7%AB%A0)
2023-12-31 14:38:33 There were 284 links that passed the next "Link Alive Check" confirmation date and time.
2023-12-31 14:38:33 [1] Confirmed the "Link Alive Check". (NextTime=1970-01-01 00:00:00 Result= URL=)
2023-12-31 14:38:33 [2] Confirmed the "Link Alive Check". (NextTime=1970-01-01 00:00:00 Result= URL=)
2023-12-31 14:38:34 [3] Confirmed the "Link Alive Check". (NextTime=1970-01-01 00:00:00 Result= URL=)
2023-12-31 14:38:34 [4] Confirmed the "Link Alive Check". (NextTime=1970-01-01 00:00:00 Result= URL=)
2023-12-31 14:38:34 [5] Confirmed the "Link Alive Check". (NextTime=1970-01-01 00:00:00 Result= URL=)
2023-12-31 15:23:07 There were 2 links that passed the next "Check SNS Count" confirmation date and time.
2023-12-31 15:23:08 [1] Confirmed the "Check SNS Count". (NextTime=2021-04-17 03:50:01 URL=https://www.amazon.co.jp/HARIO-%E3%83%8F%E3%83%AA%E3%82%AA-%E3%83%89%E3%83%AA%E3%83%83%E3%83%91%E3%83%BC-%E3%82%AB%E3%83%95%E3%82%A7%E3%82%AA%E3%83%BC%E3%83%AB-CFOD-02B/dp/B0040VIN18/ref=as_li_ss_il?__mk_ja_JP=%E3%82%AB%E3%82%BF%E3%82%AB%E3%83%8A&#038;keywords=%E3%82%B3%E3%83%BC%E3%83%92%E3%83%BC%E3%83%95%E3%82%A3%E3%83%AB%E3%82%BF%E3%83%BC+%E9%87%91%E5%B1%9E&#038;qid=1585584028&#038;sr=8-7&#038;linkCode=li2&#038;tag=drunkar-22&#038;linkId=c03c53ade732daac257ada12735145a2)
2023-12-31 15:23:08 [2] Confirmed the "Check SNS Count". (NextTime=2021-04-14 17:42:35 URL=https://sekailab.com/wp/2013/02/23/%E5%BB%BA%E7%AF%89%E6%89%B9%E8%A9%95%E7%A9%BA%E9%96%93%E3%82%92%E5%8F%AF%E8%A6%96%E5%8C%96%E3%81%97%E3%81%A6%E3%81%BF%E3%81%9F)
2023-12-31 15:39:48 There were 284 links that passed the next "Link Alive Check" confirmation date and time.
2023-12-31 15:39:48 [1] Confirmed the "Link Alive Check". (NextTime=1970-01-01 00:00:00 Result= URL=)
2023-12-31 15:39:49 [2] Confirmed the "Link Alive Check". (NextTime=1970-01-01 00:00:00 Result= URL=)
2023-12-31 15:39:49 [3] Confirmed the "Link Alive Check". (NextTime=1970-01-01 00:00:00 Result= URL=)
2023-12-31 15:39:49 [4] Confirmed the "Link Alive Check". (NextTime=1970-01-01 00:00:00 Result= URL=)
2023-12-31 15:39:49 [5] Confirmed the "Link Alive Check". (NextTime=1970-01-01 00:00:00 Result= URL=)
2023-12-31 15:55:21 There were 284 links that passed the next "Link Alive Check" confirmation date and time.
2023-12-31 15:55:21 [1] Confirmed the "Link Alive Check". (NextTime=1970-01-01 00:00:00 Result= URL=)
2023-12-31 15:55:21 [2] Confirmed the "Link Alive Check". (NextTime=1970-01-01 00:00:00 Result= URL=)
2023-12-31 15:55:21 [3] Confirmed the "Link Alive Check". (NextTime=1970-01-01 00:00:00 Result= URL=)
2023-12-31 15:55:22 [4] Confirmed the "Link Alive Check". (NextTime=1970-01-01 00:00:00 Result= URL=)
2023-12-31 15:55:22 [5] Confirmed the "Link Alive Check". (NextTime=1970-01-01 00:00:00 Result= URL=)
2023-12-31 16:23:21 There were 1 links that passed the next "Check SNS Count" confirmation date and time.
2023-12-31 16:23:21 [1] Confirmed the "Check SNS Count". (NextTime=2021-03-22 02:16:17 URL=https://sekailab.com/wp/2018/04/14/python-template-for-cli-applications-and-batch/)
2023-12-31 16:42:20 There were 284 links that passed the next "Link Alive Check" confirmation date and time.
2023-12-31 16:42:20 [1] Confirmed the "Link Alive Check". (NextTime=1970-01-01 00:00:00 Result= URL=)
2023-12-31 16:42:21 [2] Confirmed the "Link Alive Check". (NextTime=1970-01-01 00:00:00 Result= URL=)
2023-12-31 16:42:21 [3] Confirmed the "Link Alive Check". (NextTime=1970-01-01 00:00:00 Result= URL=)
2023-12-31 16:42:21 [4] Confirmed the "Link Alive Check". (NextTime=1970-01-01 00:00:00 Result= URL=)
2023-12-31 16:42:22 [5] Confirmed the "Link Alive Check". (NextTime=1970-01-01 00:00:00 Result= URL=)
2023-12-31 16:55:32 There were 284 links that passed the next "Link Alive Check" confirmation date and time.
2023-12-31 16:55:32 [1] Confirmed the "Link Alive Check". (NextTime=1970-01-01 00:00:00 Result= URL=)
2023-12-31 16:55:33 [2] Confirmed the "Link Alive Check". (NextTime=1970-01-01 00:00:00 Result= URL=)
2023-12-31 16:55:33 [3] Confirmed the "Link Alive Check". (NextTime=1970-01-01 00:00:00 Result= URL=)
2023-12-31 16:55:33 [4] Confirmed the "Link Alive Check". (NextTime=1970-01-01 00:00:00 Result= URL=)
2023-12-31 16:55:33 [5] Confirmed the "Link Alive Check". (NextTime=1970-01-01 00:00:00 Result= URL=)
2023-12-31 17:24:58 There were 0 links that passed the next "Check SNS Count" confirmation date and time.
2023-12-31 17:46:45 There were 284 links that passed the next "Link Alive Check" confirmation date and time.
2023-12-31 17:46:45 [1] Confirmed the "Link Alive Check". (NextTime=1970-01-01 00:00:00 Result= URL=)
2023-12-31 17:46:45 [2] Confirmed the "Link Alive Check". (NextTime=1970-01-01 00:00:00 Result= URL=)
2023-12-31 17:46:46 [3] Confirmed the "Link Alive Check". (NextTime=1970-01-01 00:00:00 Result= URL=)
2023-12-31 17:46:46 [4] Confirmed the "Link Alive Check". (NextTime=1970-01-01 00:00:00 Result= URL=)
2023-12-31 17:46:46 [5] Confirmed the "Link Alive Check". (NextTime=1970-01-01 00:00:00 Result= URL=)
2023-12-31 17:56:39 There were 284 links that passed the next "Link Alive Check" confirmation date and time.
2023-12-31 17:56:39 [1] Confirmed the "Link Alive Check". (NextTime=1970-01-01 00:00:00 Result= URL=)
2023-12-31 17:56:39 [2] Confirmed the "Link Alive Check". (NextTime=1970-01-01 00:00:00 Result= URL=)
2023-12-31 17:56:39 [3] Confirmed the "Link Alive Check". (NextTime=1970-01-01 00:00:00 Result= URL=)
2023-12-31 17:56:39 [4] Confirmed the "Link Alive Check". (NextTime=1970-01-01 00:00:00 Result= URL=)
2023-12-31 17:56:40 [5] Confirmed the "Link Alive Check". (NextTime=1970-01-01 00:00:00 Result= URL=)
2023-12-31 18:23:02 There were 3 links that passed the next "Check SNS Count" confirmation date and time.
2023-12-31 18:23:02 [1] Confirmed the "Check SNS Count". (NextTime=2021-04-14 02:34:25 URL=https://github.com/Drunkar/japanese_talk_api_transformer)
2023-12-31 18:23:03 [2] Confirmed the "Check SNS Count". (NextTime=2021-04-17 22:34:34 URL=https://www.banggood.com/ja/XIAOMI-Mi-Pad-4-4GB64GB-CN-ROM-WiFi-Original-Box-Snapdragon-660-8-Inch-Tablet-PC-Black-p-1414015.html?p=K226105168701201606R&#038;custlinkid=129858)
2023-12-31 18:23:03 [3] Confirmed the "Check SNS Count". (NextTime=2021-04-16 06:53:34 URL=https://sekailab.com/wp/2018/09/04/mistel-barocco-mag-feet)
2023-12-31 18:53:34 There were 284 links that passed the next "Link Alive Check" confirmation date and time.
2023-12-31 18:53:34 [1] Confirmed the "Link Alive Check". (NextTime=1970-01-01 00:00:00 Result= URL=)
2023-12-31 18:53:34 [2] Confirmed the "Link Alive Check". (NextTime=1970-01-01 00:00:00 Result= URL=)
2023-12-31 18:53:34 [3] Confirmed the "Link Alive Check". (NextTime=1970-01-01 00:00:00 Result= URL=)
2023-12-31 18:53:35 [4] Confirmed the "Link Alive Check". (NextTime=1970-01-01 00:00:00 Result= URL=)
2023-12-31 18:53:35 [5] Confirmed the "Link Alive Check". (NextTime=1970-01-01 00:00:00 Result= URL=)
2023-12-31 19:23:03 There were 0 links that passed the next "Check SNS Count" confirmation date and time.
2023-12-31 19:53:48 There were 284 links that passed the next "Link Alive Check" confirmation date and time.
2023-12-31 19:53:49 [1] Confirmed the "Link Alive Check". (NextTime=1970-01-01 00:00:00 Result= URL=)
2023-12-31 19:53:49 [2] Confirmed the "Link Alive Check". (NextTime=1970-01-01 00:00:00 Result= URL=)
2023-12-31 19:53:49 [3] Confirmed the "Link Alive Check". (NextTime=1970-01-01 00:00:00 Result= URL=)
2023-12-31 19:53:49 [4] Confirmed the "Link Alive Check". (NextTime=1970-01-01 00:00:00 Result= URL=)
2023-12-31 19:53:49 [5] Confirmed the "Link Alive Check". (NextTime=1970-01-01 00:00:00 Result= URL=)
2023-12-31 20:24:22 There were 0 links that passed the next "Check SNS Count" confirmation date and time.
2023-12-31 20:54:36 There were 284 links that passed the next "Link Alive Check" confirmation date and time.
2023-12-31 20:54:37 [1] Confirmed the "Link Alive Check". (NextTime=1970-01-01 00:00:00 Result= URL=)
2023-12-31 20:54:37 [2] Confirmed the "Link Alive Check". (NextTime=1970-01-01 00:00:00 Result= URL=)
2023-12-31 20:54:37 [3] Confirmed the "Link Alive Check". (NextTime=1970-01-01 00:00:00 Result= URL=)
2023-12-31 20:54:37 [4] Confirmed the "Link Alive Check". (NextTime=1970-01-01 00:00:00 Result= URL=)
2023-12-31 20:54:38 [5] Confirmed the "Link Alive Check". (NextTime=1970-01-01 00:00:00 Result= URL=)
2023-12-31 21:26:14 There were 3 links that passed the next "Check SNS Count" confirmation date and time.
2023-12-31 21:26:14 [1] Confirmed the "Check SNS Count". (NextTime=2021-03-22 09:38:25 URL=https://www.amazon.co.jp/gp/product/B00068KUX8/ref=as_li_ss_il?ie=UTF8&#038;psc=1&#038;linkCode=li2&#038;tag=drunkar-22&#038;linkId=8957e9bc35d841131d680de25b42acaf&#038;language=ja_JP)
2023-12-31 21:26:14 [2] Confirmed the "Check SNS Count". (NextTime=2021-03-24 17:31:08 URL=https://sekailab.com/wp/2018/08/14/librealsense-with-armbian-on-orangepi-pc2/)
2023-12-31 21:26:14 [3] Confirmed the "Check SNS Count". (NextTime=2021-04-14 16:19:46 URL=https://sekailab.com/wp/2015/01/04/about-the-beauty)
2023-12-31 21:28:49 There were 0 links that passed the next "Check SNS Count" confirmation date and time.
2023-12-31 21:56:04 There were 284 links that passed the next "Link Alive Check" confirmation date and time.
2023-12-31 21:56:04 [1] Confirmed the "Link Alive Check". (NextTime=1970-01-01 00:00:00 Result= URL=)
2023-12-31 21:56:05 [2] Confirmed the "Link Alive Check". (NextTime=1970-01-01 00:00:00 Result= URL=)
2023-12-31 21:56:05 [3] Confirmed the "Link Alive Check". (NextTime=1970-01-01 00:00:00 Result= URL=)
2023-12-31 21:56:05 [4] Confirmed the "Link Alive Check". (NextTime=1970-01-01 00:00:00 Result= URL=)
2023-12-31 21:56:05 [5] Confirmed the "Link Alive Check". (NextTime=1970-01-01 00:00:00 Result= URL=)
2023-12-31 22:25:39 There were 0 links that passed the next "Check SNS Count" confirmation date and time.
2023-12-31 22:56:06 There were 284 links that passed the next "Link Alive Check" confirmation date and time.
2023-12-31 22:56:07 [1] Confirmed the "Link Alive Check". (NextTime=1970-01-01 00:00:00 Result= URL=)
2023-12-31 22:56:07 [2] Confirmed the "Link Alive Check". (NextTime=1970-01-01 00:00:00 Result= URL=)
2023-12-31 22:56:07 [3] Confirmed the "Link Alive Check". (NextTime=1970-01-01 00:00:00 Result= URL=)
2023-12-31 22:56:07 [4] Confirmed the "Link Alive Check". (NextTime=1970-01-01 00:00:00 Result= URL=)
2023-12-31 22:56:08 [5] Confirmed the "Link Alive Check". (NextTime=1970-01-01 00:00:00 Result= URL=)
2023-12-31 23:26:00 There were 2 links that passed the next "Check SNS Count" confirmation date and time.
2023-12-31 23:26:00 [1] Confirmed the "Check SNS Count". (NextTime=2021-04-07 02:02:59 URL=https://www.madopro.net/entry/t2t_seq2seq)
2023-12-31 23:26:00 [2] Confirmed the "Check SNS Count". (NextTime=2021-04-18 05:12:40 URL=https://unity3d.com/jp/get-unity/download/archive)
2023-12-31 23:26:49 There were 0 links that passed the next "Check SNS Count" confirmation date and time.
2023-12-31 23:57:46 There were 284 links that passed the next "Link Alive Check" confirmation date and time.
2023-12-31 23:57:46 [1] Confirmed the "Link Alive Check". (NextTime=1970-01-01 00:00:00 Result= URL=)
2023-12-31 23:57:46 [2] Confirmed the "Link Alive Check". (NextTime=1970-01-01 00:00:00 Result= URL=)
2023-12-31 23:57:47 [3] Confirmed the "Link Alive Check". (NextTime=1970-01-01 00:00:00 Result= URL=)
2023-12-31 23:57:47 [4] Confirmed the "Link Alive Check". (NextTime=1970-01-01 00:00:00 Result= URL=)
2023-12-31 23:57:47 [5] Confirmed the "Link Alive Check". (NextTime=1970-01-01 00:00:00 Result= URL=)
