2021-12-18 00:13:33 There were 284 links that passed the next "Link Alive Check" confirmation date and time.
2021-12-18 00:13:33 [1] Confirmed the "Link Alive Check". (NextTime=1970-01-01 00:00:00 Result= URL=)
2021-12-18 00:13:33 [2] Confirmed the "Link Alive Check". (NextTime=1970-01-01 00:00:00 Result= URL=)
2021-12-18 00:13:34 [3] Confirmed the "Link Alive Check". (NextTime=1970-01-01 00:00:00 Result= URL=)
2021-12-18 00:13:34 [4] Confirmed the "Link Alive Check". (NextTime=1970-01-01 00:00:00 Result= URL=)
2021-12-18 00:13:34 [5] Confirmed the "Link Alive Check". (NextTime=1970-01-01 00:00:00 Result= URL=)
2021-12-18 00:23:02 There were 4 links that passed the next "Check SNS Count" confirmation date and time.
2021-12-18 00:23:02 [1] Confirmed the "Check SNS Count". (NextTime=2021-03-19 21:34:14 URL=https://sekailab.com/wp/2018/01/04/15w-chinese-laser-cutter-1/)
2021-12-18 00:23:02 [2] Confirmed the "Check SNS Count". (NextTime=2021-03-24 06:48:50 URL=https://www.amazon.co.jp/Roost-%E3%83%8E%E3%83%BC%E3%83%88%E3%83%91%E3%82%BD%E3%82%B3%E3%83%B3%E7%94%A8%E3%82%B9%E3%82%BF%E3%83%B3%E3%83%89-MacBook-%E4%BA%BA%E9%96%93%E5%B7%A5%E5%AD%A6%E3%81%AB%E5%9F%BA%E3%81%A5%E3%81%84%E3%81%9F%E3%83%87%E3%82%B6%E3%82%A4%E3%83%B3-%E3%83%A6%E3%83%8B%E3%83%90%E3%83%BC%E3%82%B5%E3%83%AB%E3%83%87%E3%82%B6%E3%82%A4%E3%83%B3/dp/B01C9KG8IG/ref=as_li_ss_il?s=computers&#038;ie=UTF8&#038;qid=1528530127&#038;sr=1-1&#038;keywords=roost&#038;linkCode=li2&#038;tag=drunkar-22&#038;linkId=a49e099ec421875d90549a4cbdb3dce3)
2021-12-18 00:23:02 [3] Confirmed the "Check SNS Count". (NextTime=2021-04-10 20:08:11 URL=https://github.com/Drunkar/papers)
2021-12-18 00:23:02 [4] Confirmed the "Check SNS Count". (NextTime=2021-03-21 06:01:15 URL=https://www.banggood.com/RunCam-Nano-2-13-700TVL-1_8mm2_1mm-FOV-155170-Degree-CMOS-FPV-Camera-for-FPV-RC-Drone-p-1469656.html?p=K226105168701201606R)
2021-12-18 00:41:03 There were 284 links that passed the next "Link Alive Check" confirmation date and time.
2021-12-18 00:41:04 [1] Confirmed the "Link Alive Check". (NextTime=1970-01-01 00:00:00 Result= URL=)
2021-12-18 00:41:04 [2] Confirmed the "Link Alive Check". (NextTime=1970-01-01 00:00:00 Result= URL=)
2021-12-18 00:41:04 [3] Confirmed the "Link Alive Check". (NextTime=1970-01-01 00:00:00 Result= URL=)
2021-12-18 00:41:04 [4] Confirmed the "Link Alive Check". (NextTime=1970-01-01 00:00:00 Result= URL=)
2021-12-18 00:41:05 [5] Confirmed the "Link Alive Check". (NextTime=1970-01-01 00:00:00 Result= URL=)
2021-12-18 00:58:31 There were 284 links that passed the next "Link Alive Check" confirmation date and time.
2021-12-18 00:58:31 [1] Confirmed the "Link Alive Check". (NextTime=1970-01-01 00:00:00 Result= URL=)
2021-12-18 00:58:31 [2] Confirmed the "Link Alive Check". (NextTime=1970-01-01 00:00:00 Result= URL=)
2021-12-18 00:58:31 [3] Confirmed the "Link Alive Check". (NextTime=1970-01-01 00:00:00 Result= URL=)
2021-12-18 00:58:32 [4] Confirmed the "Link Alive Check". (NextTime=1970-01-01 00:00:00 Result= URL=)
2021-12-18 00:58:32 [5] Confirmed the "Link Alive Check". (NextTime=1970-01-01 00:00:00 Result= URL=)
2021-12-18 01:13:49 There were 284 links that passed the next "Link Alive Check" confirmation date and time.
2021-12-18 01:13:49 [1] Confirmed the "Link Alive Check". (NextTime=1970-01-01 00:00:00 Result= URL=)
2021-12-18 01:13:49 [2] Confirmed the "Link Alive Check". (NextTime=1970-01-01 00:00:00 Result= URL=)
2021-12-18 01:13:49 [3] Confirmed the "Link Alive Check". (NextTime=1970-01-01 00:00:00 Result= URL=)
2021-12-18 01:13:50 [4] Confirmed the "Link Alive Check". (NextTime=1970-01-01 00:00:00 Result= URL=)
2021-12-18 01:13:50 [5] Confirmed the "Link Alive Check". (NextTime=1970-01-01 00:00:00 Result= URL=)
2021-12-18 01:23:54 There were 7 links that passed the next "Check SNS Count" confirmation date and time.
2021-12-18 01:23:54 [1] Confirmed the "Check SNS Count". (NextTime=2021-04-15 04:16:50 URL=https://sekailab.com/wp/2019/05/08/google-translation-with-kindle-cloud-reader)
2021-12-18 01:23:55 [2] Confirmed the "Check SNS Count". (NextTime=2021-04-15 09:18:59 URL=https://sekailab.com/wp/2020/03/02/17inch-mobile-monitor-usb-c)
2021-12-18 01:23:55 [3] Confirmed the "Check SNS Count". (NextTime=2021-03-23 16:13:58 URL=https://colab.research.google.com/github/Drunkar/notebook/blob/master/coursera_machine_learning_2017/WEEK1_memo_Introduction.ipynb)
2021-12-18 01:23:55 [4] Confirmed the "Check SNS Count". (NextTime=2021-03-25 23:02:13 URL=https://gist.github.com/Drunkar/1773aacfe5e17110973dcd5bf4e25a81)
2021-12-18 01:23:55 [5] Confirmed the "Check SNS Count". (NextTime=2021-03-20 06:10:49 URL=https://www.amazon.co.jp/gp/product/B077R9R4Y4/ref=as_li_ss_il?ie=UTF8&#038;psc=1&#038;linkCode=li2&#038;tag=drunkar-22&#038;linkId=6b2240196fb9eedbc1594687fc949fc8)
2021-12-18 01:23:55 [6] Confirmed the "Check SNS Count". (NextTime=2021-03-21 19:06:33 URL=https://www.thingiverse.com/thing:24238)
2021-12-18 01:23:55 [7] Confirmed the "Check SNS Count". (NextTime=2021-03-23 02:02:23 URL=https://sekailab.com/wp/2018/01/12/15w-chinese-laser-cutter-3/)
2021-12-18 01:41:38 There were 284 links that passed the next "Link Alive Check" confirmation date and time.
2021-12-18 01:41:38 [1] Confirmed the "Link Alive Check". (NextTime=1970-01-01 00:00:00 Result= URL=)
2021-12-18 01:41:39 [2] Confirmed the "Link Alive Check". (NextTime=1970-01-01 00:00:00 Result= URL=)
2021-12-18 01:41:39 [3] Confirmed the "Link Alive Check". (NextTime=1970-01-01 00:00:00 Result= URL=)
2021-12-18 01:41:39 [4] Confirmed the "Link Alive Check". (NextTime=1970-01-01 00:00:00 Result= URL=)
2021-12-18 01:41:39 [5] Confirmed the "Link Alive Check". (NextTime=1970-01-01 00:00:00 Result= URL=)
2021-12-18 01:59:34 There were 284 links that passed the next "Link Alive Check" confirmation date and time.
2021-12-18 01:59:34 [1] Confirmed the "Link Alive Check". (NextTime=1970-01-01 00:00:00 Result= URL=)
2021-12-18 01:59:34 [2] Confirmed the "Link Alive Check". (NextTime=1970-01-01 00:00:00 Result= URL=)
2021-12-18 01:59:34 [3] Confirmed the "Link Alive Check". (NextTime=1970-01-01 00:00:00 Result= URL=)
2021-12-18 01:59:35 [4] Confirmed the "Link Alive Check". (NextTime=1970-01-01 00:00:00 Result= URL=)
2021-12-18 01:59:35 [5] Confirmed the "Link Alive Check". (NextTime=1970-01-01 00:00:00 Result= URL=)
2021-12-18 02:17:01 There were 284 links that passed the next "Link Alive Check" confirmation date and time.
2021-12-18 02:17:02 [1] Confirmed the "Link Alive Check". (NextTime=1970-01-01 00:00:00 Result= URL=)
2021-12-18 02:17:02 [2] Confirmed the "Link Alive Check". (NextTime=1970-01-01 00:00:00 Result= URL=)
2021-12-18 02:17:02 [3] Confirmed the "Link Alive Check". (NextTime=1970-01-01 00:00:00 Result= URL=)
2021-12-18 02:17:02 [4] Confirmed the "Link Alive Check". (NextTime=1970-01-01 00:00:00 Result= URL=)
2021-12-18 02:17:02 [5] Confirmed the "Link Alive Check". (NextTime=1970-01-01 00:00:00 Result= URL=)
2021-12-18 02:24:52 There were 3 links that passed the next "Check SNS Count" confirmation date and time.
2021-12-18 02:24:52 [1] Confirmed the "Check SNS Count". (NextTime=2021-03-22 02:23:08 URL=https://www.amazon.co.jp/Osprey-FlapJack-Backpack-Black-%E4%B8%A6%E8%A1%8C%E8%BC%B8%E5%85%A5%E5%93%81/dp/B07DVXBK8B/ref=as_li_ss_il?s=shoes&#038;ie=UTF8&#038;qid=1530883605&#038;sr=1-2&#038;keywords=Osprey+FlapJack&#038;linkCode=li2&#038;tag=drunkar-22&#038;linkId=4ceda0597cb96866a2e7a9508f4376f5)
2021-12-18 02:24:52 [2] Confirmed the "Check SNS Count". (NextTime=2021-03-26 04:50:27 URL=https://insider.windows.com/ja-jp/)
2021-12-18 02:24:52 [3] Confirmed the "Check SNS Count". (NextTime=2021-04-14 02:34:25 URL=https://github.com/Drunkar/japanese_talk_api_transformer)
2021-12-18 02:41:46 There were 284 links that passed the next "Link Alive Check" confirmation date and time.
2021-12-18 02:41:46 [1] Confirmed the "Link Alive Check". (NextTime=1970-01-01 00:00:00 Result= URL=)
2021-12-18 02:41:46 [2] Confirmed the "Link Alive Check". (NextTime=1970-01-01 00:00:00 Result= URL=)
2021-12-18 02:41:47 [3] Confirmed the "Link Alive Check". (NextTime=1970-01-01 00:00:00 Result= URL=)
2021-12-18 02:41:47 [4] Confirmed the "Link Alive Check". (NextTime=1970-01-01 00:00:00 Result= URL=)
2021-12-18 02:41:47 [5] Confirmed the "Link Alive Check". (NextTime=1970-01-01 00:00:00 Result= URL=)
2021-12-18 03:00:04 There were 284 links that passed the next "Link Alive Check" confirmation date and time.
2021-12-18 03:00:04 [1] Confirmed the "Link Alive Check". (NextTime=1970-01-01 00:00:00 Result= URL=)
2021-12-18 03:00:04 [2] Confirmed the "Link Alive Check". (NextTime=1970-01-01 00:00:00 Result= URL=)
2021-12-18 03:00:05 [3] Confirmed the "Link Alive Check". (NextTime=1970-01-01 00:00:00 Result= URL=)
2021-12-18 03:00:05 [4] Confirmed the "Link Alive Check". (NextTime=1970-01-01 00:00:00 Result= URL=)
2021-12-18 03:00:05 [5] Confirmed the "Link Alive Check". (NextTime=1970-01-01 00:00:00 Result= URL=)
2021-12-18 03:17:10 There were 284 links that passed the next "Link Alive Check" confirmation date and time.
2021-12-18 03:17:10 [1] Confirmed the "Link Alive Check". (NextTime=1970-01-01 00:00:00 Result= URL=)
2021-12-18 03:17:10 [2] Confirmed the "Link Alive Check". (NextTime=1970-01-01 00:00:00 Result= URL=)
2021-12-18 03:17:10 [3] Confirmed the "Link Alive Check". (NextTime=1970-01-01 00:00:00 Result= URL=)
2021-12-18 03:17:10 [4] Confirmed the "Link Alive Check". (NextTime=1970-01-01 00:00:00 Result= URL=)
2021-12-18 03:17:11 [5] Confirmed the "Link Alive Check". (NextTime=1970-01-01 00:00:00 Result= URL=)
2021-12-18 03:23:07 There were 8 links that passed the next "Check SNS Count" confirmation date and time.
2021-12-18 03:23:07 [1] Confirmed the "Check SNS Count". (NextTime=2021-03-21 15:55:19 URL=https://sekailab.com/wp/2018/01/06/15w-chinese-laser-cutter-2/)
2021-12-18 03:23:07 [2] Confirmed the "Check SNS Count". (NextTime=2021-04-14 22:59:04 URL=https://sekailab.com/wp/2018/11/29/chongqing-mansion-currency-exchange)
2021-12-18 03:23:07 [3] Confirmed the "Check SNS Count". (NextTime=2021-04-15 08:54:57 URL=https://sekailab.com/wp/2018/06/09/best-practice-of-cooling-razer-blade)
2021-12-18 03:23:08 [4] Confirmed the "Check SNS Count". (NextTime=2021-04-15 05:42:12 URL=https://sekailab.com/wp/2018/08/14/librealsense-with-armbian-on-orangepi-pc2)
2021-12-18 03:23:08 [5] Confirmed the "Check SNS Count". (NextTime=2021-03-24 23:08:57 URL=https://amzn.to/2GTEzKk)
2021-12-18 03:23:08 [6] Confirmed the "Check SNS Count". (NextTime=2021-04-15 06:52:22 URL=https://sekailab.com/wp/2018/04/10/python-2-79-anaconda-python)
2021-12-18 03:23:08 [7] Confirmed the "Check SNS Count". (NextTime=2021-03-24 10:51:03 URL=https://sekailab.com/wp/2016/11/29/in-this-corner-of-the-world/)
2021-12-18 03:23:08 [8] Confirmed the "Check SNS Count". (NextTime=2021-03-26 04:05:48 URL=https://www.youtube.com/channel/UC3xg6UbFoKFcWcNd7QvbUtw/videos)
2021-12-18 03:44:58 There were 284 links that passed the next "Link Alive Check" confirmation date and time.
2021-12-18 03:44:58 [1] Confirmed the "Link Alive Check". (NextTime=1970-01-01 00:00:00 Result= URL=)
2021-12-18 03:44:59 [2] Confirmed the "Link Alive Check". (NextTime=1970-01-01 00:00:00 Result= URL=)
2021-12-18 03:44:59 [3] Confirmed the "Link Alive Check". (NextTime=1970-01-01 00:00:00 Result= URL=)
2021-12-18 03:44:59 [4] Confirmed the "Link Alive Check". (NextTime=1970-01-01 00:00:00 Result= URL=)
2021-12-18 03:44:59 [5] Confirmed the "Link Alive Check". (NextTime=1970-01-01 00:00:00 Result= URL=)
2021-12-18 04:00:14 There were 284 links that passed the next "Link Alive Check" confirmation date and time.
2021-12-18 04:00:15 [1] Confirmed the "Link Alive Check". (NextTime=1970-01-01 00:00:00 Result= URL=)
2021-12-18 04:00:15 [2] Confirmed the "Link Alive Check". (NextTime=1970-01-01 00:00:00 Result= URL=)
2021-12-18 04:00:15 [3] Confirmed the "Link Alive Check". (NextTime=1970-01-01 00:00:00 Result= URL=)
2021-12-18 04:00:15 [4] Confirmed the "Link Alive Check". (NextTime=1970-01-01 00:00:00 Result= URL=)
2021-12-18 04:00:15 [5] Confirmed the "Link Alive Check". (NextTime=1970-01-01 00:00:00 Result= URL=)
2021-12-18 04:20:58 There were 284 links that passed the next "Link Alive Check" confirmation date and time.
2021-12-18 04:20:58 [1] Confirmed the "Link Alive Check". (NextTime=1970-01-01 00:00:00 Result= URL=)
2021-12-18 04:20:58 [2] Confirmed the "Link Alive Check". (NextTime=1970-01-01 00:00:00 Result= URL=)
2021-12-18 04:20:58 [3] Confirmed the "Link Alive Check". (NextTime=1970-01-01 00:00:00 Result= URL=)
2021-12-18 04:20:59 [4] Confirmed the "Link Alive Check". (NextTime=1970-01-01 00:00:00 Result= URL=)
2021-12-18 04:20:59 [5] Confirmed the "Link Alive Check". (NextTime=1970-01-01 00:00:00 Result= URL=)
2021-12-18 04:25:46 There were 6 links that passed the next "Check SNS Count" confirmation date and time.
2021-12-18 04:25:47 [1] Confirmed the "Check SNS Count". (NextTime=2021-04-14 14:42:51 URL=https://ja.wikipedia.org/wiki/%E5%BA%83%E6%B7%B1%E6%B8%AF%E9%AB%98%E9%80%9F%E9%89%84%E9%81%93)
2021-12-18 04:25:47 [2] Confirmed the "Check SNS Count". (NextTime=2021-03-20 18:34:47 URL=https://www.amazon.co.jp/Roost-%E3%83%8E%E3%83%BC%E3%83%88%E3%83%91%E3%82%BD%E3%82%B3%E3%83%B3%E7%94%A8%E3%82%B9%E3%82%BF%E3%83%B3%E3%83%89-MacBook-%E4%BA%BA%E9%96%93%E5%B7%A5%E5%AD%A6%E3%81%AB%E5%9F%BA%E3%81%A5%E3%81%84%E3%81%9F%E3%83%87%E3%82%B6%E3%82%A4%E3%83%B3-%E3%83%A6%E3%83%8B%E3%83%90%E3%83%BC%E3%82%B5%E3%83%AB%E3%83%87%E3%82%B6%E3%82%A4%E3%83%B3/dp/B01C9KG8IG/ref=as_li_ss_il?ie=UTF8&#038;qid=1530874117&#038;sr=8-1&#038;keywords=roost&#038;linkCode=li2&#038;tag=drunkar-22&#038;linkId=100d961f17d3946bcfe8a8e9392f2401)
2021-12-18 04:25:47 [3] Confirmed the "Check SNS Count". (NextTime=2021-04-14 08:33:27 URL=https://www.razer.com/Gaming-System/Razer-Blade-B5/p/RZ09-01952E33-R3U1)
2021-12-18 04:25:47 [4] Confirmed the "Check SNS Count". (NextTime=2021-03-26 20:55:33 URL=https://docs.nvidia.com/cuda/wsl-user-guide/index.html#setting-containers)
2021-12-18 04:25:47 [5] Confirmed the "Check SNS Count". (NextTime=2021-03-21 04:44:20 URL=https://sekailab.com/wp/2018/08/27/review-waterproof-bluetooth-earphone/)
2021-12-18 04:25:47 [6] Confirmed the "Check SNS Count". (NextTime=2021-03-26 04:14:37 URL=https://www.atmarkit.co.jp/ait/articles/1812/06/news040.html)
2021-12-18 04:45:45 There were 284 links that passed the next "Link Alive Check" confirmation date and time.
2021-12-18 04:45:46 [1] Confirmed the "Link Alive Check". (NextTime=1970-01-01 00:00:00 Result= URL=)
2021-12-18 04:45:46 [2] Confirmed the "Link Alive Check". (NextTime=1970-01-01 00:00:00 Result= URL=)
2021-12-18 04:45:46 [3] Confirmed the "Link Alive Check". (NextTime=1970-01-01 00:00:00 Result= URL=)
2021-12-18 04:45:46 [4] Confirmed the "Link Alive Check". (NextTime=1970-01-01 00:00:00 Result= URL=)
2021-12-18 04:45:46 [5] Confirmed the "Link Alive Check". (NextTime=1970-01-01 00:00:00 Result= URL=)
2021-12-18 05:00:26 There were 284 links that passed the next "Link Alive Check" confirmation date and time.
2021-12-18 05:00:27 [1] Confirmed the "Link Alive Check". (NextTime=1970-01-01 00:00:00 Result= URL=)
2021-12-18 05:00:27 [2] Confirmed the "Link Alive Check". (NextTime=1970-01-01 00:00:00 Result= URL=)
2021-12-18 05:00:27 [3] Confirmed the "Link Alive Check". (NextTime=1970-01-01 00:00:00 Result= URL=)
2021-12-18 05:00:27 [4] Confirmed the "Link Alive Check". (NextTime=1970-01-01 00:00:00 Result= URL=)
2021-12-18 05:00:28 [5] Confirmed the "Link Alive Check". (NextTime=1970-01-01 00:00:00 Result= URL=)
2021-12-18 05:21:30 There were 284 links that passed the next "Link Alive Check" confirmation date and time.
2021-12-18 05:21:30 [1] Confirmed the "Link Alive Check". (NextTime=1970-01-01 00:00:00 Result= URL=)
2021-12-18 05:21:31 [2] Confirmed the "Link Alive Check". (NextTime=1970-01-01 00:00:00 Result= URL=)
2021-12-18 05:21:31 [3] Confirmed the "Link Alive Check". (NextTime=1970-01-01 00:00:00 Result= URL=)
2021-12-18 05:21:31 [4] Confirmed the "Link Alive Check". (NextTime=1970-01-01 00:00:00 Result= URL=)
2021-12-18 05:21:31 [5] Confirmed the "Link Alive Check". (NextTime=1970-01-01 00:00:00 Result= URL=)
2021-12-18 05:24:47 There were 3 links that passed the next "Check SNS Count" confirmation date and time.
2021-12-18 05:24:47 [1] Confirmed the "Check SNS Count". (NextTime=2021-04-17 22:34:34 URL=https://www.banggood.com/ja/XIAOMI-Mi-Pad-4-4GB64GB-CN-ROM-WiFi-Original-Box-Snapdragon-660-8-Inch-Tablet-PC-Black-p-1414015.html?p=K226105168701201606R&#038;custlinkid=129858)
2021-12-18 05:24:47 [2] Confirmed the "Check SNS Count". (NextTime=2021-03-23 19:07:00 URL=https://www.amazon.co.jp/%E3%81%AF%E3%81%98%E3%82%81%E3%81%A6%E3%81%AE%E6%A9%9F%E6%A2%B0%E5%AD%A6%E7%BF%92-%E5%B0%8F%E9%AB%98-%E7%9F%A5%E5%AE%8F/dp/4274068463/ref=as_li_ss_il?s=books&#038;ie=UTF8&#038;qid=1516557616&#038;sr=1-1&#038;keywords=%E3%81%AF%E3%81%98%E3%82%81%E3%81%A6%E3%81%AE%E6%A9%9F%E6%A2%B0%E5%AD%A6%E7%BF%92&#038;linkCode=li2&#038;tag=drunkar-22&#038;linkId=6695be54c6a85bf00717196c8fe85cea)
2021-12-18 05:24:47 [3] Confirmed the "Check SNS Count". (NextTime=2021-04-06 07:26:44 URL=https://stackoverflow.com/questions/33225947/can-a-website-detect-when-you-are-using-selenium-with-chromedriver)
2021-12-18 05:45:57 There were 284 links that passed the next "Link Alive Check" confirmation date and time.
2021-12-18 05:45:57 [1] Confirmed the "Link Alive Check". (NextTime=1970-01-01 00:00:00 Result= URL=)
2021-12-18 05:45:58 [2] Confirmed the "Link Alive Check". (NextTime=1970-01-01 00:00:00 Result= URL=)
2021-12-18 05:45:58 [3] Confirmed the "Link Alive Check". (NextTime=1970-01-01 00:00:00 Result= URL=)
2021-12-18 05:45:58 [4] Confirmed the "Link Alive Check". (NextTime=1970-01-01 00:00:00 Result= URL=)
2021-12-18 05:45:58 [5] Confirmed the "Link Alive Check". (NextTime=1970-01-01 00:00:00 Result= URL=)
2021-12-18 06:01:08 There were 284 links that passed the next "Link Alive Check" confirmation date and time.
2021-12-18 06:01:08 [1] Confirmed the "Link Alive Check". (NextTime=1970-01-01 00:00:00 Result= URL=)
2021-12-18 06:01:08 [2] Confirmed the "Link Alive Check". (NextTime=1970-01-01 00:00:00 Result= URL=)
2021-12-18 06:01:09 [3] Confirmed the "Link Alive Check". (NextTime=1970-01-01 00:00:00 Result= URL=)
2021-12-18 06:01:09 [4] Confirmed the "Link Alive Check". (NextTime=1970-01-01 00:00:00 Result= URL=)
2021-12-18 06:01:09 [5] Confirmed the "Link Alive Check". (NextTime=1970-01-01 00:00:00 Result= URL=)
2021-12-18 06:22:06 There were 284 links that passed the next "Link Alive Check" confirmation date and time.
2021-12-18 06:22:06 [1] Confirmed the "Link Alive Check". (NextTime=1970-01-01 00:00:00 Result= URL=)
2021-12-18 06:22:07 [2] Confirmed the "Link Alive Check". (NextTime=1970-01-01 00:00:00 Result= URL=)
2021-12-18 06:22:07 [3] Confirmed the "Link Alive Check". (NextTime=1970-01-01 00:00:00 Result= URL=)
2021-12-18 06:22:07 [4] Confirmed the "Link Alive Check". (NextTime=1970-01-01 00:00:00 Result= URL=)
2021-12-18 06:22:07 [5] Confirmed the "Link Alive Check". (NextTime=1970-01-01 00:00:00 Result= URL=)
2021-12-18 06:24:04 There were 6 links that passed the next "Check SNS Count" confirmation date and time.
2021-12-18 06:24:05 [1] Confirmed the "Check SNS Count". (NextTime=2021-07-01 02:31:41 URL=https://www.amazon.co.jp/Macks-Pillow-Soft-%E3%82%B7%E3%83%AA%E3%82%B3%E3%83%B3%E8%80%B3%E6%A0%93-6%E3%83%9A%E3%82%A2%C3%972%E3%82%BB%E3%83%83%E3%83%88%E3%80%90%E6%AD%A3%E8%A6%8F%E8%BC%B8%E5%85%A5%E5%93%81%E3%80%91/dp/B01L6KDD0G?__mk_ja_JP=%E3%82%AB%E3%82%BF%E3%82%AB%E3%83%8A&#038;crid=27K0UKD3ZMV3Z&#038;dchild=1&#038;keywords=macks+earplugs&#038;qid=1622629541&#038;sprefix=macks+ea,aps,316&#038;sr=8-5&#038;linkCode=li2&#038;tag=drunkar-22&#038;linkId=b3b035948dd8e7a105298e7c3fde444a&#038;language=ja_JP&#038;ref_=as_li_ss_il)
2021-12-18 06:24:05 [2] Confirmed the "Check SNS Count". (NextTime=2021-04-14 13:59:20 URL=https://sekailab.com/wp/2016/07/18/python-test)
2021-12-18 06:24:05 [3] Confirmed the "Check SNS Count". (NextTime=2021-03-23 01:55:31 URL=https://www.banggood.com/Original-Xiaomi-WPC01ZM-10W-MAX-Quick-Charge-Qi-Wireless-Charger-Type-C-for-iPhone-for-Samsung-p-1346797.html?p=K226105168701201606R)
2021-12-18 06:24:06 [4] Confirmed the "Check SNS Count". (NextTime=2021-04-15 23:54:28 URL=https://sekailab.com/wp/2018/10/15/mistel-barocco-md650l-case)
2021-12-18 06:24:06 [5] Confirmed the "Check SNS Count". (NextTime=2021-04-14 20:50:14 URL=https://www.amazon.co.jp/gp/product/B078YP1ZPX/ref=as_li_ss_il?ie=UTF8&#038;psc=1&#038;linkCode=li2&#038;tag=drunkar-22&#038;linkId=c41bb29efefcf60b0b34aa9e0f826f3a&#038;language=ja_JP)
2021-12-18 06:24:06 [6] Confirmed the "Check SNS Count". (NextTime=2021-04-14 21:41:47 URL=https://sekailab.com/wp/2018/11/15/build-1755-mhz-oc-rtx-20180-ti-pc-in-280000-jpy)
2021-12-18 06:47:06 There were 284 links that passed the next "Link Alive Check" confirmation date and time.
2021-12-18 06:47:06 [1] Confirmed the "Link Alive Check". (NextTime=1970-01-01 00:00:00 Result= URL=)
2021-12-18 06:47:06 [2] Confirmed the "Link Alive Check". (NextTime=1970-01-01 00:00:00 Result= URL=)
2021-12-18 06:47:07 [3] Confirmed the "Link Alive Check". (NextTime=1970-01-01 00:00:00 Result= URL=)
2021-12-18 06:47:07 [4] Confirmed the "Link Alive Check". (NextTime=1970-01-01 00:00:00 Result= URL=)
2021-12-18 06:47:07 [5] Confirmed the "Link Alive Check". (NextTime=1970-01-01 00:00:00 Result= URL=)
2021-12-18 07:01:33 There were 284 links that passed the next "Link Alive Check" confirmation date and time.
2021-12-18 07:01:33 [1] Confirmed the "Link Alive Check". (NextTime=1970-01-01 00:00:00 Result= URL=)
2021-12-18 07:01:33 [2] Confirmed the "Link Alive Check". (NextTime=1970-01-01 00:00:00 Result= URL=)
2021-12-18 07:01:33 [3] Confirmed the "Link Alive Check". (NextTime=1970-01-01 00:00:00 Result= URL=)
2021-12-18 07:01:33 [4] Confirmed the "Link Alive Check". (NextTime=1970-01-01 00:00:00 Result= URL=)
2021-12-18 07:01:34 [5] Confirmed the "Link Alive Check". (NextTime=1970-01-01 00:00:00 Result= URL=)
2021-12-18 07:23:48 There were 284 links that passed the next "Link Alive Check" confirmation date and time.
2021-12-18 07:23:48 [1] Confirmed the "Link Alive Check". (NextTime=1970-01-01 00:00:00 Result= URL=)
2021-12-18 07:23:49 [2] Confirmed the "Link Alive Check". (NextTime=1970-01-01 00:00:00 Result= URL=)
2021-12-18 07:23:49 [3] Confirmed the "Link Alive Check". (NextTime=1970-01-01 00:00:00 Result= URL=)
2021-12-18 07:23:49 [4] Confirmed the "Link Alive Check". (NextTime=1970-01-01 00:00:00 Result= URL=)
2021-12-18 07:23:49 [5] Confirmed the "Link Alive Check". (NextTime=1970-01-01 00:00:00 Result= URL=)
2021-12-18 07:23:49 There were 1 links that passed the next "Check SNS Count" confirmation date and time.
2021-12-18 07:23:49 [1] Confirmed the "Check SNS Count". (NextTime=2021-03-25 08:40:43 URL=https://sekailab.com/wp/2018/08/11/sakura-vps-nem-supernode-3/)
2021-12-18 07:47:18 There were 284 links that passed the next "Link Alive Check" confirmation date and time.
2021-12-18 07:47:19 [1] Confirmed the "Link Alive Check". (NextTime=1970-01-01 00:00:00 Result= URL=)
2021-12-18 07:47:19 [2] Confirmed the "Link Alive Check". (NextTime=1970-01-01 00:00:00 Result= URL=)
2021-12-18 07:47:19 [3] Confirmed the "Link Alive Check". (NextTime=1970-01-01 00:00:00 Result= URL=)
2021-12-18 07:47:20 [4] Confirmed the "Link Alive Check". (NextTime=1970-01-01 00:00:00 Result= URL=)
2021-12-18 07:47:20 [5] Confirmed the "Link Alive Check". (NextTime=1970-01-01 00:00:00 Result= URL=)
2021-12-18 08:02:47 There were 284 links that passed the next "Link Alive Check" confirmation date and time.
2021-12-18 08:02:48 [1] Confirmed the "Link Alive Check". (NextTime=1970-01-01 00:00:00 Result= URL=)
2021-12-18 08:02:48 [2] Confirmed the "Link Alive Check". (NextTime=1970-01-01 00:00:00 Result= URL=)
2021-12-18 08:02:48 [3] Confirmed the "Link Alive Check". (NextTime=1970-01-01 00:00:00 Result= URL=)
2021-12-18 08:02:48 [4] Confirmed the "Link Alive Check". (NextTime=1970-01-01 00:00:00 Result= URL=)
2021-12-18 08:02:48 [5] Confirmed the "Link Alive Check". (NextTime=1970-01-01 00:00:00 Result= URL=)
2021-12-18 08:23:04 There were 4 links that passed the next "Check SNS Count" confirmation date and time.
2021-12-18 08:23:04 [1] Confirmed the "Check SNS Count". (NextTime=2021-04-17 03:50:01 URL=https://www.amazon.co.jp/HARIO-%E3%83%8F%E3%83%AA%E3%82%AA-%E3%83%89%E3%83%AA%E3%83%83%E3%83%91%E3%83%BC-%E3%82%AB%E3%83%95%E3%82%A7%E3%82%AA%E3%83%BC%E3%83%AB-CFOD-02B/dp/B0040VIN18/ref=as_li_ss_il?__mk_ja_JP=%E3%82%AB%E3%82%BF%E3%82%AB%E3%83%8A&#038;keywords=%E3%82%B3%E3%83%BC%E3%83%92%E3%83%BC%E3%83%95%E3%82%A3%E3%83%AB%E3%82%BF%E3%83%BC+%E9%87%91%E5%B1%9E&#038;qid=1585584028&#038;sr=8-7&#038;linkCode=li2&#038;tag=drunkar-22&#038;linkId=c03c53ade732daac257ada12735145a2)
2021-12-18 08:23:04 [2] Confirmed the "Check SNS Count". (NextTime=2021-03-25 11:57:49 URL=https://sekailab.com/wp/2013/07/29/interaction-wit-massan/)
2021-12-18 08:23:04 [3] Confirmed the "Check SNS Count". (NextTime=2021-04-09 16:38:23 URL=https://www.banggood.com/IFlight-CineBee-75HD-2-3S-Whoop-RC-FPV-Racing-Drone-W-SucceX-mirco-F4-12A-200mW-Turtle-V2-HD-PNP-BNF-p-1433255.html?akmClientCountry=JP&#038;p=DR062131921252201904&#038;ID=565053&#038;cur_warehouse=CN)
2021-12-18 08:23:04 [4] Confirmed the "Check SNS Count". (NextTime=2021-04-15 03:14:07 URL=https://www.amazon.co.jp/gp/product/B004X4JPBE/ref=as_li_ss_il?ie=UTF8&#038;psc=1&#038;linkCode=li2&#038;tag=drunkar-22&#038;linkId=63f758e8c2595a9e11843e3a4f23b83d)
2021-12-18 08:23:50 There were 284 links that passed the next "Link Alive Check" confirmation date and time.
2021-12-18 08:23:50 [1] Confirmed the "Link Alive Check". (NextTime=1970-01-01 00:00:00 Result= URL=)
2021-12-18 08:23:51 [2] Confirmed the "Link Alive Check". (NextTime=1970-01-01 00:00:00 Result= URL=)
2021-12-18 08:23:51 [3] Confirmed the "Link Alive Check". (NextTime=1970-01-01 00:00:00 Result= URL=)
2021-12-18 08:23:51 [4] Confirmed the "Link Alive Check". (NextTime=1970-01-01 00:00:00 Result= URL=)
2021-12-18 08:23:51 [5] Confirmed the "Link Alive Check". (NextTime=1970-01-01 00:00:00 Result= URL=)
2021-12-18 08:47:28 There were 284 links that passed the next "Link Alive Check" confirmation date and time.
2021-12-18 08:47:28 [1] Confirmed the "Link Alive Check". (NextTime=1970-01-01 00:00:00 Result= URL=)
2021-12-18 08:47:28 [2] Confirmed the "Link Alive Check". (NextTime=1970-01-01 00:00:00 Result= URL=)
2021-12-18 08:47:28 [3] Confirmed the "Link Alive Check". (NextTime=1970-01-01 00:00:00 Result= URL=)
2021-12-18 08:47:29 [4] Confirmed the "Link Alive Check". (NextTime=1970-01-01 00:00:00 Result= URL=)
2021-12-18 08:47:29 [5] Confirmed the "Link Alive Check". (NextTime=1970-01-01 00:00:00 Result= URL=)
2021-12-18 09:03:11 There were 284 links that passed the next "Link Alive Check" confirmation date and time.
2021-12-18 09:03:12 [1] Confirmed the "Link Alive Check". (NextTime=1970-01-01 00:00:00 Result= URL=)
2021-12-18 09:03:12 [2] Confirmed the "Link Alive Check". (NextTime=1970-01-01 00:00:00 Result= URL=)
2021-12-18 09:03:12 [3] Confirmed the "Link Alive Check". (NextTime=1970-01-01 00:00:00 Result= URL=)
2021-12-18 09:03:12 [4] Confirmed the "Link Alive Check". (NextTime=1970-01-01 00:00:00 Result= URL=)
2021-12-18 09:03:12 [5] Confirmed the "Link Alive Check". (NextTime=1970-01-01 00:00:00 Result= URL=)
2021-12-18 09:23:50 There were 4 links that passed the next "Check SNS Count" confirmation date and time.
2021-12-18 09:23:50 [1] Confirmed the "Check SNS Count". (NextTime=2021-04-15 04:14:11 URL=https://sekailab.com/wp/2014/12/07/guggenheim-helsinki-image-processing)
2021-12-18 09:23:50 [2] Confirmed the "Check SNS Count". (NextTime=2021-03-21 00:51:18 URL=https://sekailab.com/wp/2018/05/28/4000-yen-bluetooth-earphone-for-bath-time/)
2021-12-18 09:23:50 [3] Confirmed the "Check SNS Count". (NextTime=2021-03-25 22:07:02 URL=https://www.amazon.co.jp/gp/product/B0018O10OW/ref=as_li_ss_il?ie=UTF8&#038;psc=1&#038;linkCode=li2&#038;tag=drunkar-22&#038;linkId=5f8eb590e22ac072f26ba7a6ef60007f)
2021-12-18 09:23:51 [4] Confirmed the "Check SNS Count". (NextTime=2021-04-15 07:57:07 URL=https://twitter.com/search?q=from:goroman%20since:2020-07-06%20until:2020-07-07&#038;src=typed_query&#038;f=live)
2021-12-18 09:24:53 There were 284 links that passed the next "Link Alive Check" confirmation date and time.
2021-12-18 09:24:53 [1] Confirmed the "Link Alive Check". (NextTime=1970-01-01 00:00:00 Result= URL=)
2021-12-18 09:24:53 [2] Confirmed the "Link Alive Check". (NextTime=1970-01-01 00:00:00 Result= URL=)
2021-12-18 09:24:53 [3] Confirmed the "Link Alive Check". (NextTime=1970-01-01 00:00:00 Result= URL=)
2021-12-18 09:24:54 [4] Confirmed the "Link Alive Check". (NextTime=1970-01-01 00:00:00 Result= URL=)
2021-12-18 09:24:54 [5] Confirmed the "Link Alive Check". (NextTime=1970-01-01 00:00:00 Result= URL=)
2021-12-18 09:52:50 There were 284 links that passed the next "Link Alive Check" confirmation date and time.
2021-12-18 09:52:51 [1] Confirmed the "Link Alive Check". (NextTime=1970-01-01 00:00:00 Result= URL=)
2021-12-18 09:52:51 [2] Confirmed the "Link Alive Check". (NextTime=1970-01-01 00:00:00 Result= URL=)
2021-12-18 09:52:51 [3] Confirmed the "Link Alive Check". (NextTime=1970-01-01 00:00:00 Result= URL=)
2021-12-18 09:52:51 [4] Confirmed the "Link Alive Check". (NextTime=1970-01-01 00:00:00 Result= URL=)
2021-12-18 09:52:52 [5] Confirmed the "Link Alive Check". (NextTime=1970-01-01 00:00:00 Result= URL=)
2021-12-18 10:03:19 There were 284 links that passed the next "Link Alive Check" confirmation date and time.
2021-12-18 10:03:19 [1] Confirmed the "Link Alive Check". (NextTime=1970-01-01 00:00:00 Result= URL=)
2021-12-18 10:03:20 [2] Confirmed the "Link Alive Check". (NextTime=1970-01-01 00:00:00 Result= URL=)
2021-12-18 10:03:20 [3] Confirmed the "Link Alive Check". (NextTime=1970-01-01 00:00:00 Result= URL=)
2021-12-18 10:03:20 [4] Confirmed the "Link Alive Check". (NextTime=1970-01-01 00:00:00 Result= URL=)
2021-12-18 10:03:20 [5] Confirmed the "Link Alive Check". (NextTime=1970-01-01 00:00:00 Result= URL=)
2021-12-18 10:23:08 There were 4 links that passed the next "Check SNS Count" confirmation date and time.
2021-12-18 10:23:08 [1] Confirmed the "Check SNS Count". (NextTime=2021-04-06 12:43:21 URL=https://www.banggood.com/Original-Xiaomi-Airdots-TWS-Bluetooth-5_0-Earphone-Youth-Version-Touch-Control-with-Charging-Box-Mic-p-1389033.html?p=DR062131921252201904&#038;cur_warehouse=CN)
2021-12-18 10:23:08 [2] Confirmed the "Check SNS Count". (NextTime=2021-04-13 15:49:44 URL=https://www.aliexpress.com/snapshot/0.html?spm=a2g0s.9042647.0.0.78264c4dGESzTn&#038;orderId=95090286259840&#038;productId=32922176062)
2021-12-18 10:23:08 [3] Confirmed the "Check SNS Count". (NextTime=2021-03-23 19:32:51 URL=https://sekailab.com/wp/2016/06/27/100%E5%86%86%E3%81%A7arduino%E3%81%8C%E8%B2%B7%E3%81%88%E3%81%9F%E9%80%81%E6%96%99%E5%88%A5%E3%80%82%E4%BA%92%E6%8F%9B%E6%A9%9F%E3%81%A0%E3%81%91%E3%81%A9/)
2021-12-18 10:23:08 [4] Confirmed the "Check SNS Count". (NextTime=2021-04-07 02:02:59 URL=https://www.madopro.net/entry/t2t_seq2seq)
2021-12-18 10:24:55 There were 284 links that passed the next "Link Alive Check" confirmation date and time.
2021-12-18 10:24:55 [1] Confirmed the "Link Alive Check". (NextTime=1970-01-01 00:00:00 Result= URL=)
2021-12-18 10:24:56 [2] Confirmed the "Link Alive Check". (NextTime=1970-01-01 00:00:00 Result= URL=)
2021-12-18 10:24:56 [3] Confirmed the "Link Alive Check". (NextTime=1970-01-01 00:00:00 Result= URL=)
2021-12-18 10:24:56 [4] Confirmed the "Link Alive Check". (NextTime=1970-01-01 00:00:00 Result= URL=)
2021-12-18 10:24:56 [5] Confirmed the "Link Alive Check". (NextTime=1970-01-01 00:00:00 Result= URL=)
2021-12-18 10:53:45 There were 284 links that passed the next "Link Alive Check" confirmation date and time.
2021-12-18 10:53:45 [1] Confirmed the "Link Alive Check". (NextTime=1970-01-01 00:00:00 Result= URL=)
2021-12-18 10:53:45 [2] Confirmed the "Link Alive Check". (NextTime=1970-01-01 00:00:00 Result= URL=)
2021-12-18 10:53:45 [3] Confirmed the "Link Alive Check". (NextTime=1970-01-01 00:00:00 Result= URL=)
2021-12-18 10:53:46 [4] Confirmed the "Link Alive Check". (NextTime=1970-01-01 00:00:00 Result= URL=)
2021-12-18 10:53:46 [5] Confirmed the "Link Alive Check". (NextTime=1970-01-01 00:00:00 Result= URL=)
2021-12-18 11:04:28 There were 284 links that passed the next "Link Alive Check" confirmation date and time.
2021-12-18 11:04:28 [1] Confirmed the "Link Alive Check". (NextTime=1970-01-01 00:00:00 Result= URL=)
2021-12-18 11:04:28 [2] Confirmed the "Link Alive Check". (NextTime=1970-01-01 00:00:00 Result= URL=)
2021-12-18 11:04:29 [3] Confirmed the "Link Alive Check". (NextTime=1970-01-01 00:00:00 Result= URL=)
2021-12-18 11:04:29 [4] Confirmed the "Link Alive Check". (NextTime=1970-01-01 00:00:00 Result= URL=)
2021-12-18 11:04:29 [5] Confirmed the "Link Alive Check". (NextTime=1970-01-01 00:00:00 Result= URL=)
2021-12-18 11:24:42 There were 1 links that passed the next "Check SNS Count" confirmation date and time.
2021-12-18 11:24:42 [1] Confirmed the "Check SNS Count". (NextTime=2021-04-08 05:18:25 URL=https://www.banggood.com/D5S-Projector-Android-Wifi-Portable-Mini-Outdoor-Built-in-Battery-DLP-Android-7_1-Smart-Projector-p-1352389.html?p=DR062131921252201904&#038;cur_warehouse=CN)
2021-12-18 11:25:53 There were 284 links that passed the next "Link Alive Check" confirmation date and time.
2021-12-18 11:25:53 [1] Confirmed the "Link Alive Check". (NextTime=1970-01-01 00:00:00 Result= URL=)
2021-12-18 11:25:54 [2] Confirmed the "Link Alive Check". (NextTime=1970-01-01 00:00:00 Result= URL=)
2021-12-18 11:25:54 [3] Confirmed the "Link Alive Check". (NextTime=1970-01-01 00:00:00 Result= URL=)
2021-12-18 11:25:54 [4] Confirmed the "Link Alive Check". (NextTime=1970-01-01 00:00:00 Result= URL=)
2021-12-18 11:25:54 [5] Confirmed the "Link Alive Check". (NextTime=1970-01-01 00:00:00 Result= URL=)
2021-12-18 11:53:56 There were 284 links that passed the next "Link Alive Check" confirmation date and time.
2021-12-18 11:53:57 [1] Confirmed the "Link Alive Check". (NextTime=1970-01-01 00:00:00 Result= URL=)
2021-12-18 11:53:57 [2] Confirmed the "Link Alive Check". (NextTime=1970-01-01 00:00:00 Result= URL=)
2021-12-18 11:53:57 [3] Confirmed the "Link Alive Check". (NextTime=1970-01-01 00:00:00 Result= URL=)
2021-12-18 11:53:57 [4] Confirmed the "Link Alive Check". (NextTime=1970-01-01 00:00:00 Result= URL=)
2021-12-18 11:53:58 [5] Confirmed the "Link Alive Check". (NextTime=1970-01-01 00:00:00 Result= URL=)
2021-12-18 12:05:45 There were 284 links that passed the next "Link Alive Check" confirmation date and time.
2021-12-18 12:05:46 [1] Confirmed the "Link Alive Check". (NextTime=1970-01-01 00:00:00 Result= URL=)
2021-12-18 12:05:46 [2] Confirmed the "Link Alive Check". (NextTime=1970-01-01 00:00:00 Result= URL=)
2021-12-18 12:05:46 [3] Confirmed the "Link Alive Check". (NextTime=1970-01-01 00:00:00 Result= URL=)
2021-12-18 12:05:46 [4] Confirmed the "Link Alive Check". (NextTime=1970-01-01 00:00:00 Result= URL=)
2021-12-18 12:05:47 [5] Confirmed the "Link Alive Check". (NextTime=1970-01-01 00:00:00 Result= URL=)
2021-12-18 12:25:54 There were 0 links that passed the next "Check SNS Count" confirmation date and time.
2021-12-18 12:25:54 There were 284 links that passed the next "Link Alive Check" confirmation date and time.
2021-12-18 12:25:54 [1] Confirmed the "Link Alive Check". (NextTime=1970-01-01 00:00:00 Result= URL=)
2021-12-18 12:25:54 [2] Confirmed the "Link Alive Check". (NextTime=1970-01-01 00:00:00 Result= URL=)
2021-12-18 12:25:55 [3] Confirmed the "Link Alive Check". (NextTime=1970-01-01 00:00:00 Result= URL=)
2021-12-18 12:25:55 [4] Confirmed the "Link Alive Check". (NextTime=1970-01-01 00:00:00 Result= URL=)
2021-12-18 12:25:55 [5] Confirmed the "Link Alive Check". (NextTime=1970-01-01 00:00:00 Result= URL=)
2021-12-18 12:54:05 There were 284 links that passed the next "Link Alive Check" confirmation date and time.
2021-12-18 12:54:06 [1] Confirmed the "Link Alive Check". (NextTime=1970-01-01 00:00:00 Result= URL=)
2021-12-18 12:54:06 [2] Confirmed the "Link Alive Check". (NextTime=1970-01-01 00:00:00 Result= URL=)
2021-12-18 12:54:06 [3] Confirmed the "Link Alive Check". (NextTime=1970-01-01 00:00:00 Result= URL=)
2021-12-18 12:54:06 [4] Confirmed the "Link Alive Check". (NextTime=1970-01-01 00:00:00 Result= URL=)
2021-12-18 12:54:06 [5] Confirmed the "Link Alive Check". (NextTime=1970-01-01 00:00:00 Result= URL=)
2021-12-18 13:05:50 There were 284 links that passed the next "Link Alive Check" confirmation date and time.
2021-12-18 13:05:51 [1] Confirmed the "Link Alive Check". (NextTime=1970-01-01 00:00:00 Result= URL=)
2021-12-18 13:05:51 [2] Confirmed the "Link Alive Check". (NextTime=1970-01-01 00:00:00 Result= URL=)
2021-12-18 13:05:51 [3] Confirmed the "Link Alive Check". (NextTime=1970-01-01 00:00:00 Result= URL=)
2021-12-18 13:05:51 [4] Confirmed the "Link Alive Check". (NextTime=1970-01-01 00:00:00 Result= URL=)
2021-12-18 13:05:51 [5] Confirmed the "Link Alive Check". (NextTime=1970-01-01 00:00:00 Result= URL=)
2021-12-18 13:23:54 There were 3 links that passed the next "Check SNS Count" confirmation date and time.
2021-12-18 13:23:54 [1] Confirmed the "Check SNS Count". (NextTime=2021-03-22 04:55:13 URL=https://www.armbian.com/orange-pi-pc2/)
2021-12-18 13:23:54 [2] Confirmed the "Check SNS Count". (NextTime=2021-04-14 03:47:27 URL=https://sekailab.com/wp/2015/11/02/lstm-general-responce-bot/)
2021-12-18 13:23:54 [3] Confirmed the "Check SNS Count". (NextTime=2021-03-26 08:44:23 URL=https://www.switch-science.com/catalog/5760/)
2021-12-18 13:26:57 There were 284 links that passed the next "Link Alive Check" confirmation date and time.
2021-12-18 13:26:58 [1] Confirmed the "Link Alive Check". (NextTime=1970-01-01 00:00:00 Result= URL=)
2021-12-18 13:26:58 [2] Confirmed the "Link Alive Check". (NextTime=1970-01-01 00:00:00 Result= URL=)
2021-12-18 13:26:58 [3] Confirmed the "Link Alive Check". (NextTime=1970-01-01 00:00:00 Result= URL=)
2021-12-18 13:26:58 [4] Confirmed the "Link Alive Check". (NextTime=1970-01-01 00:00:00 Result= URL=)
2021-12-18 13:26:59 [5] Confirmed the "Link Alive Check". (NextTime=1970-01-01 00:00:00 Result= URL=)
2021-12-18 13:54:08 There were 284 links that passed the next "Link Alive Check" confirmation date and time.
2021-12-18 13:54:09 [1] Confirmed the "Link Alive Check". (NextTime=1970-01-01 00:00:00 Result= URL=)
2021-12-18 13:54:09 [2] Confirmed the "Link Alive Check". (NextTime=1970-01-01 00:00:00 Result= URL=)
2021-12-18 13:54:09 [3] Confirmed the "Link Alive Check". (NextTime=1970-01-01 00:00:00 Result= URL=)
2021-12-18 13:54:09 [4] Confirmed the "Link Alive Check". (NextTime=1970-01-01 00:00:00 Result= URL=)
2021-12-18 13:54:09 [5] Confirmed the "Link Alive Check". (NextTime=1970-01-01 00:00:00 Result= URL=)
2021-12-18 14:07:09 There were 284 links that passed the next "Link Alive Check" confirmation date and time.
2021-12-18 14:07:09 [1] Confirmed the "Link Alive Check". (NextTime=1970-01-01 00:00:00 Result= URL=)
2021-12-18 14:07:09 [2] Confirmed the "Link Alive Check". (NextTime=1970-01-01 00:00:00 Result= URL=)
2021-12-18 14:07:10 [3] Confirmed the "Link Alive Check". (NextTime=1970-01-01 00:00:00 Result= URL=)
2021-12-18 14:07:10 [4] Confirmed the "Link Alive Check". (NextTime=1970-01-01 00:00:00 Result= URL=)
2021-12-18 14:07:10 [5] Confirmed the "Link Alive Check". (NextTime=1970-01-01 00:00:00 Result= URL=)
2021-12-18 14:23:14 There were 1 links that passed the next "Check SNS Count" confirmation date and time.
2021-12-18 14:23:14 [1] Confirmed the "Check SNS Count". (NextTime=2021-03-22 09:38:25 URL=https://www.amazon.co.jp/gp/product/B00068KUX8/ref=as_li_ss_il?ie=UTF8&#038;psc=1&#038;linkCode=li2&#038;tag=drunkar-22&#038;linkId=8957e9bc35d841131d680de25b42acaf&#038;language=ja_JP)
2021-12-18 14:27:02 There were 284 links that passed the next "Link Alive Check" confirmation date and time.
2021-12-18 14:27:02 [1] Confirmed the "Link Alive Check". (NextTime=1970-01-01 00:00:00 Result= URL=)
2021-12-18 14:27:02 [2] Confirmed the "Link Alive Check". (NextTime=1970-01-01 00:00:00 Result= URL=)
2021-12-18 14:27:02 [3] Confirmed the "Link Alive Check". (NextTime=1970-01-01 00:00:00 Result= URL=)
2021-12-18 14:27:03 [4] Confirmed the "Link Alive Check". (NextTime=1970-01-01 00:00:00 Result= URL=)
2021-12-18 14:27:03 [5] Confirmed the "Link Alive Check". (NextTime=1970-01-01 00:00:00 Result= URL=)
2021-12-18 14:55:02 There were 284 links that passed the next "Link Alive Check" confirmation date and time.
2021-12-18 14:55:02 [1] Confirmed the "Link Alive Check". (NextTime=1970-01-01 00:00:00 Result= URL=)
2021-12-18 14:55:02 [2] Confirmed the "Link Alive Check". (NextTime=1970-01-01 00:00:00 Result= URL=)
2021-12-18 14:55:02 [3] Confirmed the "Link Alive Check". (NextTime=1970-01-01 00:00:00 Result= URL=)
2021-12-18 14:55:03 [4] Confirmed the "Link Alive Check". (NextTime=1970-01-01 00:00:00 Result= URL=)
2021-12-18 14:55:03 [5] Confirmed the "Link Alive Check". (NextTime=1970-01-01 00:00:00 Result= URL=)
2021-12-18 15:08:01 There were 284 links that passed the next "Link Alive Check" confirmation date and time.
2021-12-18 15:08:01 [1] Confirmed the "Link Alive Check". (NextTime=1970-01-01 00:00:00 Result= URL=)
2021-12-18 15:08:01 [2] Confirmed the "Link Alive Check". (NextTime=1970-01-01 00:00:00 Result= URL=)
2021-12-18 15:08:02 [3] Confirmed the "Link Alive Check". (NextTime=1970-01-01 00:00:00 Result= URL=)
2021-12-18 15:08:02 [4] Confirmed the "Link Alive Check". (NextTime=1970-01-01 00:00:00 Result= URL=)
2021-12-18 15:08:02 [5] Confirmed the "Link Alive Check". (NextTime=1970-01-01 00:00:00 Result= URL=)
2021-12-18 15:23:27 There were 0 links that passed the next "Check SNS Count" confirmation date and time.
2021-12-18 15:27:27 There were 284 links that passed the next "Link Alive Check" confirmation date and time.
2021-12-18 15:27:27 [1] Confirmed the "Link Alive Check". (NextTime=1970-01-01 00:00:00 Result= URL=)
2021-12-18 15:27:28 [2] Confirmed the "Link Alive Check". (NextTime=1970-01-01 00:00:00 Result= URL=)
2021-12-18 15:27:28 [3] Confirmed the "Link Alive Check". (NextTime=1970-01-01 00:00:00 Result= URL=)
2021-12-18 15:27:28 [4] Confirmed the "Link Alive Check". (NextTime=1970-01-01 00:00:00 Result= URL=)
2021-12-18 15:27:28 [5] Confirmed the "Link Alive Check". (NextTime=1970-01-01 00:00:00 Result= URL=)
2021-12-18 15:53:43 There were 284 links that passed the next "Link Alive Check" confirmation date and time.
2021-12-18 15:53:43 [1] Confirmed the "Link Alive Check". (NextTime=1970-01-01 00:00:00 Result= URL=)
2021-12-18 15:53:43 [2] Confirmed the "Link Alive Check". (NextTime=1970-01-01 00:00:00 Result= URL=)
2021-12-18 15:53:43 [3] Confirmed the "Link Alive Check". (NextTime=1970-01-01 00:00:00 Result= URL=)
2021-12-18 15:53:44 [4] Confirmed the "Link Alive Check". (NextTime=1970-01-01 00:00:00 Result= URL=)
2021-12-18 15:53:44 [5] Confirmed the "Link Alive Check". (NextTime=1970-01-01 00:00:00 Result= URL=)
2021-12-18 16:08:23 There were 284 links that passed the next "Link Alive Check" confirmation date and time.
2021-12-18 16:08:23 [1] Confirmed the "Link Alive Check". (NextTime=1970-01-01 00:00:00 Result= URL=)
2021-12-18 16:08:23 [2] Confirmed the "Link Alive Check". (NextTime=1970-01-01 00:00:00 Result= URL=)
2021-12-18 16:08:23 [3] Confirmed the "Link Alive Check". (NextTime=1970-01-01 00:00:00 Result= URL=)
2021-12-18 16:08:24 [4] Confirmed the "Link Alive Check". (NextTime=1970-01-01 00:00:00 Result= URL=)
2021-12-18 16:08:24 [5] Confirmed the "Link Alive Check". (NextTime=1970-01-01 00:00:00 Result= URL=)
2021-12-18 16:23:12 There were 2 links that passed the next "Check SNS Count" confirmation date and time.
2021-12-18 16:23:13 [1] Confirmed the "Check SNS Count". (NextTime=2021-04-15 08:45:47 URL=https://sekailab.com/wp/2015/11/02/lstm-general-responce-bot)
2021-12-18 16:23:13 [2] Confirmed the "Check SNS Count". (NextTime=2021-04-05 06:43:56 URL=https://sekailab.com/wp/2018/11/29/chongqing-mansion-currency-exchange/)
2021-12-18 16:30:24 There were 284 links that passed the next "Link Alive Check" confirmation date and time.
2021-12-18 16:30:24 [1] Confirmed the "Link Alive Check". (NextTime=1970-01-01 00:00:00 Result= URL=)
2021-12-18 16:30:24 [2] Confirmed the "Link Alive Check". (NextTime=1970-01-01 00:00:00 Result= URL=)
2021-12-18 16:30:24 [3] Confirmed the "Link Alive Check". (NextTime=1970-01-01 00:00:00 Result= URL=)
2021-12-18 16:30:25 [4] Confirmed the "Link Alive Check". (NextTime=1970-01-01 00:00:00 Result= URL=)
2021-12-18 16:30:25 [5] Confirmed the "Link Alive Check". (NextTime=1970-01-01 00:00:00 Result= URL=)
2021-12-18 16:55:37 There were 284 links that passed the next "Link Alive Check" confirmation date and time.
2021-12-18 16:55:38 [1] Confirmed the "Link Alive Check". (NextTime=1970-01-01 00:00:00 Result= URL=)
2021-12-18 16:55:38 [2] Confirmed the "Link Alive Check". (NextTime=1970-01-01 00:00:00 Result= URL=)
2021-12-18 16:55:38 [3] Confirmed the "Link Alive Check". (NextTime=1970-01-01 00:00:00 Result= URL=)
2021-12-18 16:55:38 [4] Confirmed the "Link Alive Check". (NextTime=1970-01-01 00:00:00 Result= URL=)
2021-12-18 16:55:38 [5] Confirmed the "Link Alive Check". (NextTime=1970-01-01 00:00:00 Result= URL=)
2021-12-18 17:09:58 There were 284 links that passed the next "Link Alive Check" confirmation date and time.
2021-12-18 17:09:58 [1] Confirmed the "Link Alive Check". (NextTime=1970-01-01 00:00:00 Result= URL=)
2021-12-18 17:09:59 [2] Confirmed the "Link Alive Check". (NextTime=1970-01-01 00:00:00 Result= URL=)
2021-12-18 17:09:59 [3] Confirmed the "Link Alive Check". (NextTime=1970-01-01 00:00:00 Result= URL=)
2021-12-18 17:09:59 [4] Confirmed the "Link Alive Check". (NextTime=1970-01-01 00:00:00 Result= URL=)
2021-12-18 17:09:59 [5] Confirmed the "Link Alive Check". (NextTime=1970-01-01 00:00:00 Result= URL=)
2021-12-18 17:23:29 There were 3 links that passed the next "Check SNS Count" confirmation date and time.
2021-12-18 17:23:29 [1] Confirmed the "Check SNS Count". (NextTime=2021-04-15 00:39:00 URL=https://github.com/Drunkar/hubot-japanese-talk-transformer)
2021-12-18 17:23:29 [2] Confirmed the "Check SNS Count". (NextTime=2021-03-20 01:00:20 URL=https://learn.unity.com/tutorial/working-with-the-unity-recorder-2019-3#5e1efe8bedbc2a0029fbc0d6)
2021-12-18 17:23:30 [3] Confirmed the "Check SNS Count". (NextTime=2021-04-16 03:26:46 URL=https://sekailab.com/wp/2016/11/29/in-this-corner-of-the-world)
2021-12-18 17:31:15 There were 284 links that passed the next "Link Alive Check" confirmation date and time.
2021-12-18 17:31:15 [1] Confirmed the "Link Alive Check". (NextTime=1970-01-01 00:00:00 Result= URL=)
2021-12-18 17:31:15 [2] Confirmed the "Link Alive Check". (NextTime=1970-01-01 00:00:00 Result= URL=)
2021-12-18 17:31:16 [3] Confirmed the "Link Alive Check". (NextTime=1970-01-01 00:00:00 Result= URL=)
2021-12-18 17:31:16 [4] Confirmed the "Link Alive Check". (NextTime=1970-01-01 00:00:00 Result= URL=)
2021-12-18 17:31:16 [5] Confirmed the "Link Alive Check". (NextTime=1970-01-01 00:00:00 Result= URL=)
2021-12-18 17:57:01 There were 284 links that passed the next "Link Alive Check" confirmation date and time.
2021-12-18 17:57:02 [1] Confirmed the "Link Alive Check". (NextTime=1970-01-01 00:00:00 Result= URL=)
2021-12-18 17:57:02 [2] Confirmed the "Link Alive Check". (NextTime=1970-01-01 00:00:00 Result= URL=)
2021-12-18 17:57:02 [3] Confirmed the "Link Alive Check". (NextTime=1970-01-01 00:00:00 Result= URL=)
2021-12-18 17:57:02 [4] Confirmed the "Link Alive Check". (NextTime=1970-01-01 00:00:00 Result= URL=)
2021-12-18 17:57:03 [5] Confirmed the "Link Alive Check". (NextTime=1970-01-01 00:00:00 Result= URL=)
2021-12-18 18:10:29 There were 284 links that passed the next "Link Alive Check" confirmation date and time.
2021-12-18 18:10:30 [1] Confirmed the "Link Alive Check". (NextTime=1970-01-01 00:00:00 Result= URL=)
2021-12-18 18:10:30 [2] Confirmed the "Link Alive Check". (NextTime=1970-01-01 00:00:00 Result= URL=)
2021-12-18 18:10:30 [3] Confirmed the "Link Alive Check". (NextTime=1970-01-01 00:00:00 Result= URL=)
2021-12-18 18:10:30 [4] Confirmed the "Link Alive Check". (NextTime=1970-01-01 00:00:00 Result= URL=)
2021-12-18 18:10:31 [5] Confirmed the "Link Alive Check". (NextTime=1970-01-01 00:00:00 Result= URL=)
2021-12-18 18:23:46 There were 0 links that passed the next "Check SNS Count" confirmation date and time.
2021-12-18 18:32:30 There were 284 links that passed the next "Link Alive Check" confirmation date and time.
2021-12-18 18:32:30 [1] Confirmed the "Link Alive Check". (NextTime=1970-01-01 00:00:00 Result= URL=)
2021-12-18 18:32:30 [2] Confirmed the "Link Alive Check". (NextTime=1970-01-01 00:00:00 Result= URL=)
2021-12-18 18:32:30 [3] Confirmed the "Link Alive Check". (NextTime=1970-01-01 00:00:00 Result= URL=)
2021-12-18 18:32:31 [4] Confirmed the "Link Alive Check". (NextTime=1970-01-01 00:00:00 Result= URL=)
2021-12-18 18:32:31 [5] Confirmed the "Link Alive Check". (NextTime=1970-01-01 00:00:00 Result= URL=)
2021-12-18 18:59:14 There were 284 links that passed the next "Link Alive Check" confirmation date and time.
2021-12-18 18:59:14 [1] Confirmed the "Link Alive Check". (NextTime=1970-01-01 00:00:00 Result= URL=)
2021-12-18 18:59:14 [2] Confirmed the "Link Alive Check". (NextTime=1970-01-01 00:00:00 Result= URL=)
2021-12-18 18:59:15 [3] Confirmed the "Link Alive Check". (NextTime=1970-01-01 00:00:00 Result= URL=)
2021-12-18 18:59:15 [4] Confirmed the "Link Alive Check". (NextTime=1970-01-01 00:00:00 Result= URL=)
2021-12-18 18:59:15 [5] Confirmed the "Link Alive Check". (NextTime=1970-01-01 00:00:00 Result= URL=)
2021-12-18 19:10:54 There were 284 links that passed the next "Link Alive Check" confirmation date and time.
2021-12-18 19:10:54 [1] Confirmed the "Link Alive Check". (NextTime=1970-01-01 00:00:00 Result= URL=)
2021-12-18 19:10:54 [2] Confirmed the "Link Alive Check". (NextTime=1970-01-01 00:00:00 Result= URL=)
2021-12-18 19:10:55 [3] Confirmed the "Link Alive Check". (NextTime=1970-01-01 00:00:00 Result= URL=)
2021-12-18 19:10:55 [4] Confirmed the "Link Alive Check". (NextTime=1970-01-01 00:00:00 Result= URL=)
2021-12-18 19:10:55 [5] Confirmed the "Link Alive Check". (NextTime=1970-01-01 00:00:00 Result= URL=)
2021-12-18 19:24:20 There were 2 links that passed the next "Check SNS Count" confirmation date and time.
2021-12-18 19:24:20 [1] Confirmed the "Check SNS Count". (NextTime=2021-04-14 23:47:04 URL=https://assetstore.unity.com/packages/essentials/asset-packs/standard-assets-for-unity-2017-3-32351)
2021-12-18 19:24:20 [2] Confirmed the "Check SNS Count". (NextTime=2021-04-10 06:29:38 URL=https://www.amazon.co.jp/%E5%B0%8F%E7%B1%B3%E5%B9%B3%E6%9D%BF4-Xiaomi-wifi%E3%83%A2%E3%83%87%E3%83%AB-Snapdragon660-6000mAh/dp/B07KTCT1Z6/ref=as_li_ss_il?ie=UTF8&#038;qid=1546947388&#038;sr=8-7&#038;keywords=xiaomi+mi+pad+4&#038;linkCode=li2&#038;tag=drunkar-22&#038;linkId=788e60e84b98691d9c2964f3b2600aa8&#038;language=ja_JP)
2021-12-18 19:32:49 There were 284 links that passed the next "Link Alive Check" confirmation date and time.
2021-12-18 19:32:49 [1] Confirmed the "Link Alive Check". (NextTime=1970-01-01 00:00:00 Result= URL=)
2021-12-18 19:32:49 [2] Confirmed the "Link Alive Check". (NextTime=1970-01-01 00:00:00 Result= URL=)
2021-12-18 19:32:50 [3] Confirmed the "Link Alive Check". (NextTime=1970-01-01 00:00:00 Result= URL=)
2021-12-18 19:32:50 [4] Confirmed the "Link Alive Check". (NextTime=1970-01-01 00:00:00 Result= URL=)
2021-12-18 19:32:50 [5] Confirmed the "Link Alive Check". (NextTime=1970-01-01 00:00:00 Result= URL=)
2021-12-18 19:59:19 There were 284 links that passed the next "Link Alive Check" confirmation date and time.
2021-12-18 19:59:19 [1] Confirmed the "Link Alive Check". (NextTime=1970-01-01 00:00:00 Result= URL=)
2021-12-18 19:59:20 [2] Confirmed the "Link Alive Check". (NextTime=1970-01-01 00:00:00 Result= URL=)
2021-12-18 19:59:20 [3] Confirmed the "Link Alive Check". (NextTime=1970-01-01 00:00:00 Result= URL=)
2021-12-18 19:59:20 [4] Confirmed the "Link Alive Check". (NextTime=1970-01-01 00:00:00 Result= URL=)
2021-12-18 19:59:20 [5] Confirmed the "Link Alive Check". (NextTime=1970-01-01 00:00:00 Result= URL=)
2021-12-18 20:12:04 There were 284 links that passed the next "Link Alive Check" confirmation date and time.
2021-12-18 20:12:04 [1] Confirmed the "Link Alive Check". (NextTime=1970-01-01 00:00:00 Result= URL=)
2021-12-18 20:12:05 [2] Confirmed the "Link Alive Check". (NextTime=1970-01-01 00:00:00 Result= URL=)
2021-12-18 20:12:05 [3] Confirmed the "Link Alive Check". (NextTime=1970-01-01 00:00:00 Result= URL=)
2021-12-18 20:12:05 [4] Confirmed the "Link Alive Check". (NextTime=1970-01-01 00:00:00 Result= URL=)
2021-12-18 20:12:05 [5] Confirmed the "Link Alive Check". (NextTime=1970-01-01 00:00:00 Result= URL=)
2021-12-18 20:23:57 There were 1 links that passed the next "Check SNS Count" confirmation date and time.
2021-12-18 20:23:57 [1] Confirmed the "Check SNS Count". (NextTime=2021-04-17 09:58:08 URL=https://www.amazon.co.jp/finum%EF%BC%88%E3%83%95%E3%82%A3%E3%83%8A%E3%83%A0%EF%BC%89-63-422-50-00-coffee-2-%E3%82%B3%E3%83%BC%E3%83%92%E3%83%BC%E3%83%A1%E3%83%BC%E3%82%AB%E3%83%BC%E7%94%A8%E3%82%B9%E3%83%86%E3%83%B3%E3%83%AC%E3%82%B9%E3%83%95%E3%82%A3%E3%83%AB%E3%82%BF%E3%83%BC%EF%BC%AD%E3%82%B5%E3%82%A4%E3%82%BA/dp/B003IHUMFA/ref=as_li_ss_il?_encoding=UTF8&#038;pd_rd_i=B003IHUMFA&#038;pd_rd_r=00fa7bca-cd02-4856-9484-e07801c6450f&#038;pd_rd_w=zzbeq&#038;pd_rd_wg=tXf4x&#038;pf_rd_p=ca22fd73-0f1e-4b39-9917-c84a20b3f3a8&#038;pf_rd_r=FKSBCX6TKWNVJPV25WSF&#038;psc=1&#038;refRID=FKSBCX6TKWNVJPV25WSF&#038;linkCode=li2&#038;tag=drunkar-22&#038;linkId=7e2610e6665c18993bc1e2ee3fa48ca6)
2021-12-18 20:34:28 There were 284 links that passed the next "Link Alive Check" confirmation date and time.
2021-12-18 20:34:28 [1] Confirmed the "Link Alive Check". (NextTime=1970-01-01 00:00:00 Result= URL=)
2021-12-18 20:34:29 [2] Confirmed the "Link Alive Check". (NextTime=1970-01-01 00:00:00 Result= URL=)
2021-12-18 20:34:29 [3] Confirmed the "Link Alive Check". (NextTime=1970-01-01 00:00:00 Result= URL=)
2021-12-18 20:34:29 [4] Confirmed the "Link Alive Check". (NextTime=1970-01-01 00:00:00 Result= URL=)
2021-12-18 20:34:29 [5] Confirmed the "Link Alive Check". (NextTime=1970-01-01 00:00:00 Result= URL=)
2021-12-18 20:59:49 There were 284 links that passed the next "Link Alive Check" confirmation date and time.
2021-12-18 20:59:49 [1] Confirmed the "Link Alive Check". (NextTime=1970-01-01 00:00:00 Result= URL=)
2021-12-18 20:59:49 [2] Confirmed the "Link Alive Check". (NextTime=1970-01-01 00:00:00 Result= URL=)
2021-12-18 20:59:49 [3] Confirmed the "Link Alive Check". (NextTime=1970-01-01 00:00:00 Result= URL=)
2021-12-18 20:59:50 [4] Confirmed the "Link Alive Check". (NextTime=1970-01-01 00:00:00 Result= URL=)
2021-12-18 20:59:50 [5] Confirmed the "Link Alive Check". (NextTime=1970-01-01 00:00:00 Result= URL=)
2021-12-18 21:15:19 There were 284 links that passed the next "Link Alive Check" confirmation date and time.
2021-12-18 21:15:19 [1] Confirmed the "Link Alive Check". (NextTime=1970-01-01 00:00:00 Result= URL=)
2021-12-18 21:15:19 [2] Confirmed the "Link Alive Check". (NextTime=1970-01-01 00:00:00 Result= URL=)
2021-12-18 21:15:19 [3] Confirmed the "Link Alive Check". (NextTime=1970-01-01 00:00:00 Result= URL=)
2021-12-18 21:15:20 [4] Confirmed the "Link Alive Check". (NextTime=1970-01-01 00:00:00 Result= URL=)
2021-12-18 21:15:20 [5] Confirmed the "Link Alive Check". (NextTime=1970-01-01 00:00:00 Result= URL=)
2021-12-18 21:23:06 There were 4 links that passed the next "Check SNS Count" confirmation date and time.
2021-12-18 21:23:06 [1] Confirmed the "Check SNS Count". (NextTime=2021-03-28 21:34:13 URL=https://sekailab.com/wp/2019/05/08/google-translation-with-kindle-cloud-reader/)
2021-12-18 21:23:06 [2] Confirmed the "Check SNS Count". (NextTime=2021-03-24 16:51:48 URL=https://sekailab.com/wp/2018/04/14/sakura-vps-nem-supernode-1/)
2021-12-18 21:23:06 [3] Confirmed the "Check SNS Count". (NextTime=2021-03-22 02:16:17 URL=https://sekailab.com/wp/2018/04/14/python-template-for-cli-applications-and-batch/)
2021-12-18 21:23:06 [4] Confirmed the "Check SNS Count". (NextTime=2021-04-14 15:52:39 URL=https://sekailab.com/wp/2018/08/11/sakura-vps-nem-supernode-3)
2021-12-18 21:35:35 There were 284 links that passed the next "Link Alive Check" confirmation date and time.
2021-12-18 21:35:35 [1] Confirmed the "Link Alive Check". (NextTime=1970-01-01 00:00:00 Result= URL=)
2021-12-18 21:35:35 [2] Confirmed the "Link Alive Check". (NextTime=1970-01-01 00:00:00 Result= URL=)
2021-12-18 21:35:35 [3] Confirmed the "Link Alive Check". (NextTime=1970-01-01 00:00:00 Result= URL=)
2021-12-18 21:35:36 [4] Confirmed the "Link Alive Check". (NextTime=1970-01-01 00:00:00 Result= URL=)
2021-12-18 21:35:36 [5] Confirmed the "Link Alive Check". (NextTime=1970-01-01 00:00:00 Result= URL=)
2021-12-18 21:59:55 There were 284 links that passed the next "Link Alive Check" confirmation date and time.
2021-12-18 21:59:55 [1] Confirmed the "Link Alive Check". (NextTime=1970-01-01 00:00:00 Result= URL=)
2021-12-18 21:59:55 [2] Confirmed the "Link Alive Check". (NextTime=1970-01-01 00:00:00 Result= URL=)
2021-12-18 21:59:56 [3] Confirmed the "Link Alive Check". (NextTime=1970-01-01 00:00:00 Result= URL=)
2021-12-18 21:59:56 [4] Confirmed the "Link Alive Check". (NextTime=1970-01-01 00:00:00 Result= URL=)
2021-12-18 21:59:56 [5] Confirmed the "Link Alive Check". (NextTime=1970-01-01 00:00:00 Result= URL=)
2021-12-18 22:15:31 There were 284 links that passed the next "Link Alive Check" confirmation date and time.
2021-12-18 22:15:31 [1] Confirmed the "Link Alive Check". (NextTime=1970-01-01 00:00:00 Result= URL=)
2021-12-18 22:15:31 [2] Confirmed the "Link Alive Check". (NextTime=1970-01-01 00:00:00 Result= URL=)
2021-12-18 22:15:31 [3] Confirmed the "Link Alive Check". (NextTime=1970-01-01 00:00:00 Result= URL=)
2021-12-18 22:15:31 [4] Confirmed the "Link Alive Check". (NextTime=1970-01-01 00:00:00 Result= URL=)
2021-12-18 22:15:32 [5] Confirmed the "Link Alive Check". (NextTime=1970-01-01 00:00:00 Result= URL=)
2021-12-18 22:23:38 There were 3 links that passed the next "Check SNS Count" confirmation date and time.
2021-12-18 22:23:38 [1] Confirmed the "Check SNS Count". (NextTime=2021-03-26 18:50:53 URL=https://docs.microsoft.com/ja-jp/windows/wsl/install-win10)
2021-12-18 22:23:38 [2] Confirmed the "Check SNS Count". (NextTime=2021-03-21 02:41:25 URL=https://www.amazon.co.jp/gp/product/B07BJYR3SZ/ref=as_li_ss_il?ie=UTF8&#038;psc=1&#038;linkCode=li2&#038;tag=drunkar-22&#038;linkId=4133038b601dde9d986c8c0f24b19ec9&#038;language=ja_JP)
2021-12-18 22:23:38 [3] Confirmed the "Check SNS Count". (NextTime=2021-04-13 14:45:55 URL=https://github.com/Drunkar/docker-alpine-hubot)
2021-12-18 22:35:54 There were 284 links that passed the next "Link Alive Check" confirmation date and time.
2021-12-18 22:35:54 [1] Confirmed the "Link Alive Check". (NextTime=1970-01-01 00:00:00 Result= URL=)
2021-12-18 22:35:54 [2] Confirmed the "Link Alive Check". (NextTime=1970-01-01 00:00:00 Result= URL=)
2021-12-18 22:35:54 [3] Confirmed the "Link Alive Check". (NextTime=1970-01-01 00:00:00 Result= URL=)
2021-12-18 22:35:55 [4] Confirmed the "Link Alive Check". (NextTime=1970-01-01 00:00:00 Result= URL=)
2021-12-18 22:35:55 [5] Confirmed the "Link Alive Check". (NextTime=1970-01-01 00:00:00 Result= URL=)
2021-12-18 23:01:05 There were 284 links that passed the next "Link Alive Check" confirmation date and time.
2021-12-18 23:01:05 [1] Confirmed the "Link Alive Check". (NextTime=1970-01-01 00:00:00 Result= URL=)
2021-12-18 23:01:05 [2] Confirmed the "Link Alive Check". (NextTime=1970-01-01 00:00:00 Result= URL=)
2021-12-18 23:01:05 [3] Confirmed the "Link Alive Check". (NextTime=1970-01-01 00:00:00 Result= URL=)
2021-12-18 23:01:06 [4] Confirmed the "Link Alive Check". (NextTime=1970-01-01 00:00:00 Result= URL=)
2021-12-18 23:01:06 [5] Confirmed the "Link Alive Check". (NextTime=1970-01-01 00:00:00 Result= URL=)
2021-12-18 23:17:03 There were 284 links that passed the next "Link Alive Check" confirmation date and time.
2021-12-18 23:17:03 [1] Confirmed the "Link Alive Check". (NextTime=1970-01-01 00:00:00 Result= URL=)
2021-12-18 23:17:03 [2] Confirmed the "Link Alive Check". (NextTime=1970-01-01 00:00:00 Result= URL=)
2021-12-18 23:17:04 [3] Confirmed the "Link Alive Check". (NextTime=1970-01-01 00:00:00 Result= URL=)
2021-12-18 23:17:04 [4] Confirmed the "Link Alive Check". (NextTime=1970-01-01 00:00:00 Result= URL=)
2021-12-18 23:17:04 [5] Confirmed the "Link Alive Check". (NextTime=1970-01-01 00:00:00 Result= URL=)
2021-12-18 23:24:06 There were 3 links that passed the next "Check SNS Count" confirmation date and time.
2021-12-18 23:24:06 [1] Confirmed the "Check SNS Count". (NextTime=2021-03-21 07:05:08 URL=https://sekailab.com/wp/2018/08/31/review-mistel-barocco-md650l/)
2021-12-18 23:24:06 [2] Confirmed the "Check SNS Count". (NextTime=2021-03-22 03:43:27 URL=https://sekailab.com/wp/2012/10/27/c%e3%81%a7%e3%80%8c%e3%81%af%e3%81%98%e3%82%81%e3%81%a6%e3%81%ae%e6%a9%9f%e6%a2%b0%e5%ad%a6%e7%bf%92%e3%80%8d4%e7%ab%a0/)
2021-12-18 23:24:06 [3] Confirmed the "Check SNS Count". (NextTime=2021-03-22 08:07:22 URL=https://www.amazon.co.jp/gp/product/B001D2Z2S4/ref=as_li_ss_il?ie=UTF8&#038;psc=1&#038;linkCode=li2&#038;tag=drunkar-22&#038;linkId=c90ca85b4004d7080a44c2fbf8baa85d)
2021-12-18 23:38:06 There were 284 links that passed the next "Link Alive Check" confirmation date and time.
2021-12-18 23:38:06 [1] Confirmed the "Link Alive Check". (NextTime=1970-01-01 00:00:00 Result= URL=)
2021-12-18 23:38:06 [2] Confirmed the "Link Alive Check". (NextTime=1970-01-01 00:00:00 Result= URL=)
2021-12-18 23:38:07 [3] Confirmed the "Link Alive Check". (NextTime=1970-01-01 00:00:00 Result= URL=)
2021-12-18 23:38:07 [4] Confirmed the "Link Alive Check". (NextTime=1970-01-01 00:00:00 Result= URL=)
2021-12-18 23:38:07 [5] Confirmed the "Link Alive Check". (NextTime=1970-01-01 00:00:00 Result= URL=)
