2023-10-30 00:07:26 There were 284 links that passed the next "Link Alive Check" confirmation date and time.
2023-10-30 00:07:26 [1] Confirmed the "Link Alive Check". (NextTime=1970-01-01 00:00:00 Result= URL=)
2023-10-30 00:07:27 [2] Confirmed the "Link Alive Check". (NextTime=1970-01-01 00:00:00 Result= URL=)
2023-10-30 00:07:27 [3] Confirmed the "Link Alive Check". (NextTime=1970-01-01 00:00:00 Result= URL=)
2023-10-30 00:07:27 [4] Confirmed the "Link Alive Check". (NextTime=1970-01-01 00:00:00 Result= URL=)
2023-10-30 00:07:27 [5] Confirmed the "Link Alive Check". (NextTime=1970-01-01 00:00:00 Result= URL=)
2023-10-30 00:26:57 There were 1 links that passed the next "Check SNS Count" confirmation date and time.
2023-10-30 00:26:57 [1] Confirmed the "Check SNS Count". (NextTime=2021-03-20 07:05:20 URL=http://mizunashi-rin.hatenablog.jp/entry/2017/02/15/002342)
2023-10-30 00:48:45 There were 284 links that passed the next "Link Alive Check" confirmation date and time.
2023-10-30 00:48:45 [1] Confirmed the "Link Alive Check". (NextTime=1970-01-01 00:00:00 Result= URL=)
2023-10-30 00:48:45 [2] Confirmed the "Link Alive Check". (NextTime=1970-01-01 00:00:00 Result= URL=)
2023-10-30 00:48:45 [3] Confirmed the "Link Alive Check". (NextTime=1970-01-01 00:00:00 Result= URL=)
2023-10-30 00:48:46 [4] Confirmed the "Link Alive Check". (NextTime=1970-01-01 00:00:00 Result= URL=)
2023-10-30 00:48:46 [5] Confirmed the "Link Alive Check". (NextTime=1970-01-01 00:00:00 Result= URL=)
2023-10-30 01:11:59 There were 284 links that passed the next "Link Alive Check" confirmation date and time.
2023-10-30 01:12:00 [1] Confirmed the "Link Alive Check". (NextTime=1970-01-01 00:00:00 Result= URL=)
2023-10-30 01:12:00 [2] Confirmed the "Link Alive Check". (NextTime=1970-01-01 00:00:00 Result= URL=)
2023-10-30 01:12:01 [3] Confirmed the "Link Alive Check". (NextTime=1970-01-01 00:00:00 Result= URL=)
2023-10-30 01:12:02 [4] Confirmed the "Link Alive Check". (NextTime=1970-01-01 00:00:00 Result= URL=)
2023-10-30 01:12:02 [5] Confirmed the "Link Alive Check". (NextTime=1970-01-01 00:00:00 Result= URL=)
2023-10-30 01:26:12 There were 1 links that passed the next "Check SNS Count" confirmation date and time.
2023-10-30 01:26:12 [1] Confirmed the "Check SNS Count". (NextTime=2021-03-26 06:10:30 URL=https://www.amazon.co.jp/gp/product/B071W8KL4F/ref=as_li_ss_il?ie=UTF8&#038;psc=1&#038;linkCode=li2&#038;tag=drunkar-22&#038;linkId=19963b3f4ddfcafbf008707f58e161b0)
2023-10-30 01:50:56 There were 284 links that passed the next "Link Alive Check" confirmation date and time.
2023-10-30 01:50:57 [1] Confirmed the "Link Alive Check". (NextTime=1970-01-01 00:00:00 Result= URL=)
2023-10-30 01:50:57 [2] Confirmed the "Link Alive Check". (NextTime=1970-01-01 00:00:00 Result= URL=)
2023-10-30 01:50:57 [3] Confirmed the "Link Alive Check". (NextTime=1970-01-01 00:00:00 Result= URL=)
2023-10-30 01:50:57 [4] Confirmed the "Link Alive Check". (NextTime=1970-01-01 00:00:00 Result= URL=)
2023-10-30 01:50:58 [5] Confirmed the "Link Alive Check". (NextTime=1970-01-01 00:00:00 Result= URL=)
2023-10-30 02:12:45 There were 284 links that passed the next "Link Alive Check" confirmation date and time.
2023-10-30 02:12:45 [1] Confirmed the "Link Alive Check". (NextTime=1970-01-01 00:00:00 Result= URL=)
2023-10-30 02:12:45 [2] Confirmed the "Link Alive Check". (NextTime=1970-01-01 00:00:00 Result= URL=)
2023-10-30 02:12:46 [3] Confirmed the "Link Alive Check". (NextTime=1970-01-01 00:00:00 Result= URL=)
2023-10-30 02:12:46 [4] Confirmed the "Link Alive Check". (NextTime=1970-01-01 00:00:00 Result= URL=)
2023-10-30 02:12:46 [5] Confirmed the "Link Alive Check". (NextTime=1970-01-01 00:00:00 Result= URL=)
2023-10-30 02:25:22 There were 0 links that passed the next "Check SNS Count" confirmation date and time.
2023-10-30 02:51:33 There were 284 links that passed the next "Link Alive Check" confirmation date and time.
2023-10-30 02:51:33 [1] Confirmed the "Link Alive Check". (NextTime=1970-01-01 00:00:00 Result= URL=)
2023-10-30 02:51:34 [2] Confirmed the "Link Alive Check". (NextTime=1970-01-01 00:00:00 Result= URL=)
2023-10-30 02:51:34 [3] Confirmed the "Link Alive Check". (NextTime=1970-01-01 00:00:00 Result= URL=)
2023-10-30 02:51:34 [4] Confirmed the "Link Alive Check". (NextTime=1970-01-01 00:00:00 Result= URL=)
2023-10-30 02:51:34 [5] Confirmed the "Link Alive Check". (NextTime=1970-01-01 00:00:00 Result= URL=)
2023-10-30 03:13:17 There were 284 links that passed the next "Link Alive Check" confirmation date and time.
2023-10-30 03:13:17 [1] Confirmed the "Link Alive Check". (NextTime=1970-01-01 00:00:00 Result= URL=)
2023-10-30 03:13:17 [2] Confirmed the "Link Alive Check". (NextTime=1970-01-01 00:00:00 Result= URL=)
2023-10-30 03:13:18 [3] Confirmed the "Link Alive Check". (NextTime=1970-01-01 00:00:00 Result= URL=)
2023-10-30 03:13:18 [4] Confirmed the "Link Alive Check". (NextTime=1970-01-01 00:00:00 Result= URL=)
2023-10-30 03:13:18 [5] Confirmed the "Link Alive Check". (NextTime=1970-01-01 00:00:00 Result= URL=)
2023-10-30 03:27:33 There were 0 links that passed the next "Check SNS Count" confirmation date and time.
2023-10-30 03:52:41 There were 284 links that passed the next "Link Alive Check" confirmation date and time.
2023-10-30 03:52:42 [1] Confirmed the "Link Alive Check". (NextTime=1970-01-01 00:00:00 Result= URL=)
2023-10-30 03:52:42 [2] Confirmed the "Link Alive Check". (NextTime=1970-01-01 00:00:00 Result= URL=)
2023-10-30 03:52:42 [3] Confirmed the "Link Alive Check". (NextTime=1970-01-01 00:00:00 Result= URL=)
2023-10-30 03:52:42 [4] Confirmed the "Link Alive Check". (NextTime=1970-01-01 00:00:00 Result= URL=)
2023-10-30 03:52:43 [5] Confirmed the "Link Alive Check". (NextTime=1970-01-01 00:00:00 Result= URL=)
2023-10-30 04:23:10 There were 1 links that passed the next "Check SNS Count" confirmation date and time.
2023-10-30 04:23:10 [1] Confirmed the "Check SNS Count". (NextTime=2021-03-20 14:58:34 URL=https://www.tensorflow.org/install/install_sources)
2023-10-30 04:52:45 There were 284 links that passed the next "Link Alive Check" confirmation date and time.
2023-10-30 04:52:45 [1] Confirmed the "Link Alive Check". (NextTime=1970-01-01 00:00:00 Result= URL=)
2023-10-30 04:52:45 [2] Confirmed the "Link Alive Check". (NextTime=1970-01-01 00:00:00 Result= URL=)
2023-10-30 04:52:46 [3] Confirmed the "Link Alive Check". (NextTime=1970-01-01 00:00:00 Result= URL=)
2023-10-30 04:52:46 [4] Confirmed the "Link Alive Check". (NextTime=1970-01-01 00:00:00 Result= URL=)
2023-10-30 04:52:46 [5] Confirmed the "Link Alive Check". (NextTime=1970-01-01 00:00:00 Result= URL=)
2023-10-30 05:24:58 There were 3 links that passed the next "Check SNS Count" confirmation date and time.
2023-10-30 05:24:58 [1] Confirmed the "Check SNS Count". (NextTime=2021-04-15 08:07:35 URL=https://sekailab.com/wp/2014/02/24/gitlab-gitlab_ci-jenkins-in-the-same-server)
2023-10-30 05:24:59 [2] Confirmed the "Check SNS Count". (NextTime=2021-04-15 17:04:05 URL=https://de.wikipedia.org/wiki/Liste_der_Kulturdenkm%C3%A4ler_in_Frankfurt-Innenstadt)
2023-10-30 05:24:59 [3] Confirmed the "Check SNS Count". (NextTime=2021-04-13 15:49:44 URL=https://www.aliexpress.com/snapshot/0.html?spm=a2g0s.9042647.0.0.78264c4dGESzTn&#038;orderId=95090286259840&#038;productId=32922176062)
2023-10-30 05:56:10 There were 284 links that passed the next "Link Alive Check" confirmation date and time.
2023-10-30 05:56:10 [1] Confirmed the "Link Alive Check". (NextTime=1970-01-01 00:00:00 Result= URL=)
2023-10-30 05:56:11 [2] Confirmed the "Link Alive Check". (NextTime=1970-01-01 00:00:00 Result= URL=)
2023-10-30 05:56:11 [3] Confirmed the "Link Alive Check". (NextTime=1970-01-01 00:00:00 Result= URL=)
2023-10-30 05:56:11 [4] Confirmed the "Link Alive Check". (NextTime=1970-01-01 00:00:00 Result= URL=)
2023-10-30 05:56:11 [5] Confirmed the "Link Alive Check". (NextTime=1970-01-01 00:00:00 Result= URL=)
2023-10-30 06:24:30 There were 0 links that passed the next "Check SNS Count" confirmation date and time.
2023-10-30 06:57:15 There were 284 links that passed the next "Link Alive Check" confirmation date and time.
2023-10-30 06:57:16 [1] Confirmed the "Link Alive Check". (NextTime=1970-01-01 00:00:00 Result= URL=)
2023-10-30 06:57:16 [2] Confirmed the "Link Alive Check". (NextTime=1970-01-01 00:00:00 Result= URL=)
2023-10-30 06:57:16 [3] Confirmed the "Link Alive Check". (NextTime=1970-01-01 00:00:00 Result= URL=)
2023-10-30 06:57:16 [4] Confirmed the "Link Alive Check". (NextTime=1970-01-01 00:00:00 Result= URL=)
2023-10-30 06:57:16 [5] Confirmed the "Link Alive Check". (NextTime=1970-01-01 00:00:00 Result= URL=)
2023-10-30 07:24:35 There were 0 links that passed the next "Check SNS Count" confirmation date and time.
2023-10-30 07:57:38 There were 284 links that passed the next "Link Alive Check" confirmation date and time.
2023-10-30 07:57:39 [1] Confirmed the "Link Alive Check". (NextTime=1970-01-01 00:00:00 Result= URL=)
2023-10-30 07:57:39 [2] Confirmed the "Link Alive Check". (NextTime=1970-01-01 00:00:00 Result= URL=)
2023-10-30 07:57:39 [3] Confirmed the "Link Alive Check". (NextTime=1970-01-01 00:00:00 Result= URL=)
2023-10-30 07:57:39 [4] Confirmed the "Link Alive Check". (NextTime=1970-01-01 00:00:00 Result= URL=)
2023-10-30 07:57:40 [5] Confirmed the "Link Alive Check". (NextTime=1970-01-01 00:00:00 Result= URL=)
2023-10-30 08:24:23 There were 1 links that passed the next "Check SNS Count" confirmation date and time.
2023-10-30 08:24:23 [1] Confirmed the "Check SNS Count". (NextTime=2021-03-21 19:06:33 URL=https://www.thingiverse.com/thing:24238)
2023-10-30 08:27:15 There were 0 links that passed the next "Check SNS Count" confirmation date and time.
2023-10-30 08:58:34 There were 284 links that passed the next "Link Alive Check" confirmation date and time.
2023-10-30 08:58:34 [1] Confirmed the "Link Alive Check". (NextTime=1970-01-01 00:00:00 Result= URL=)
2023-10-30 08:58:35 [2] Confirmed the "Link Alive Check". (NextTime=1970-01-01 00:00:00 Result= URL=)
2023-10-30 08:58:35 [3] Confirmed the "Link Alive Check". (NextTime=1970-01-01 00:00:00 Result= URL=)
2023-10-30 08:58:35 [4] Confirmed the "Link Alive Check". (NextTime=1970-01-01 00:00:00 Result= URL=)
2023-10-30 08:58:35 [5] Confirmed the "Link Alive Check". (NextTime=1970-01-01 00:00:00 Result= URL=)
2023-10-30 09:26:14 There were 3 links that passed the next "Check SNS Count" confirmation date and time.
2023-10-30 09:26:14 [1] Confirmed the "Check SNS Count". (NextTime=2021-04-10 06:29:38 URL=https://www.amazon.co.jp/%E5%B0%8F%E7%B1%B3%E5%B9%B3%E6%9D%BF4-Xiaomi-wifi%E3%83%A2%E3%83%87%E3%83%AB-Snapdragon660-6000mAh/dp/B07KTCT1Z6/ref=as_li_ss_il?ie=UTF8&#038;qid=1546947388&#038;sr=8-7&#038;keywords=xiaomi+mi+pad+4&#038;linkCode=li2&#038;tag=drunkar-22&#038;linkId=788e60e84b98691d9c2964f3b2600aa8&#038;language=ja_JP)
2023-10-30 09:26:14 [2] Confirmed the "Check SNS Count". (NextTime=2021-04-16 02:18:56 URL=https://sekailab.com/wp/2018/09/05/mistel-barocco-md650l-bluetooth)
2023-10-30 09:26:15 [3] Confirmed the "Check SNS Count". (NextTime=2021-04-14 20:57:27 URL=https://sekailab.com/wp/2018/01/06/15w-chinese-laser-cutter-2)
2023-10-30 09:59:03 There were 284 links that passed the next "Link Alive Check" confirmation date and time.
2023-10-30 09:59:04 [1] Confirmed the "Link Alive Check". (NextTime=1970-01-01 00:00:00 Result= URL=)
2023-10-30 09:59:04 [2] Confirmed the "Link Alive Check". (NextTime=1970-01-01 00:00:00 Result= URL=)
2023-10-30 09:59:04 [3] Confirmed the "Link Alive Check". (NextTime=1970-01-01 00:00:00 Result= URL=)
2023-10-30 09:59:04 [4] Confirmed the "Link Alive Check". (NextTime=1970-01-01 00:00:00 Result= URL=)
2023-10-30 09:59:05 [5] Confirmed the "Link Alive Check". (NextTime=1970-01-01 00:00:00 Result= URL=)
2023-10-30 10:23:05 There were 2 links that passed the next "Check SNS Count" confirmation date and time.
2023-10-30 10:23:05 [1] Confirmed the "Check SNS Count". (NextTime=2021-04-14 14:56:32 URL=https://www.amazon.co.jp/gp/product/B088NS4JQZ/ref=as_li_ss_il?ie=UTF8&#038;psc=1&#038;linkCode=li2&#038;tag=drunkar-22&#038;linkId=13d482d10648879823ff86fe77c3ea3e)
2023-10-30 10:23:05 [2] Confirmed the "Check SNS Count". (NextTime=2021-03-24 13:40:40 URL=https://www.amazon.co.jp/gp/product/B01G3ERI6U/ref=as_li_ss_il?ie=UTF8&#038;psc=1&#038;linkCode=li2&#038;tag=drunkar-22&#038;linkId=998da7875e65d27078483f0cfd9852f8)
2023-10-30 10:59:10 There were 284 links that passed the next "Link Alive Check" confirmation date and time.
2023-10-30 10:59:11 [1] Confirmed the "Link Alive Check". (NextTime=1970-01-01 00:00:00 Result= URL=)
2023-10-30 10:59:11 [2] Confirmed the "Link Alive Check". (NextTime=1970-01-01 00:00:00 Result= URL=)
2023-10-30 10:59:11 [3] Confirmed the "Link Alive Check". (NextTime=1970-01-01 00:00:00 Result= URL=)
2023-10-30 10:59:11 [4] Confirmed the "Link Alive Check". (NextTime=1970-01-01 00:00:00 Result= URL=)
2023-10-30 10:59:12 [5] Confirmed the "Link Alive Check". (NextTime=1970-01-01 00:00:00 Result= URL=)
2023-10-30 11:23:51 There were 1 links that passed the next "Check SNS Count" confirmation date and time.
2023-10-30 11:23:51 [1] Confirmed the "Check SNS Count". (NextTime=2021-03-22 08:07:22 URL=https://www.amazon.co.jp/gp/product/B001D2Z2S4/ref=as_li_ss_il?ie=UTF8&#038;psc=1&#038;linkCode=li2&#038;tag=drunkar-22&#038;linkId=c90ca85b4004d7080a44c2fbf8baa85d)
2023-10-30 11:25:34 There were 0 links that passed the next "Check SNS Count" confirmation date and time.
2023-10-30 11:59:23 There were 284 links that passed the next "Link Alive Check" confirmation date and time.
2023-10-30 11:59:23 [1] Confirmed the "Link Alive Check". (NextTime=1970-01-01 00:00:00 Result= URL=)
2023-10-30 11:59:23 [2] Confirmed the "Link Alive Check". (NextTime=1970-01-01 00:00:00 Result= URL=)
2023-10-30 11:59:23 [3] Confirmed the "Link Alive Check". (NextTime=1970-01-01 00:00:00 Result= URL=)
2023-10-30 11:59:24 [4] Confirmed the "Link Alive Check". (NextTime=1970-01-01 00:00:00 Result= URL=)
2023-10-30 11:59:24 [5] Confirmed the "Link Alive Check". (NextTime=1970-01-01 00:00:00 Result= URL=)
2023-10-30 12:25:06 There were 1 links that passed the next "Check SNS Count" confirmation date and time.
2023-10-30 12:25:06 [1] Confirmed the "Check SNS Count". (NextTime=2021-03-25 06:59:47 URL=https://yujisoftware.hatenablog.com/entry/2021/01/16/232841)
2023-10-30 13:01:38 There were 284 links that passed the next "Link Alive Check" confirmation date and time.
2023-10-30 13:01:38 [1] Confirmed the "Link Alive Check". (NextTime=1970-01-01 00:00:00 Result= URL=)
2023-10-30 13:01:38 [2] Confirmed the "Link Alive Check". (NextTime=1970-01-01 00:00:00 Result= URL=)
2023-10-30 13:01:39 [3] Confirmed the "Link Alive Check". (NextTime=1970-01-01 00:00:00 Result= URL=)
2023-10-30 13:01:39 [4] Confirmed the "Link Alive Check". (NextTime=1970-01-01 00:00:00 Result= URL=)
2023-10-30 13:01:39 [5] Confirmed the "Link Alive Check". (NextTime=1970-01-01 00:00:00 Result= URL=)
2023-10-30 13:24:26 There were 0 links that passed the next "Check SNS Count" confirmation date and time.
2023-10-30 13:24:36 There were 0 links that passed the next "Check SNS Count" confirmation date and time.
2023-10-30 14:10:25 There were 284 links that passed the next "Link Alive Check" confirmation date and time.
2023-10-30 14:10:26 [1] Confirmed the "Link Alive Check". (NextTime=1970-01-01 00:00:00 Result= URL=)
2023-10-30 14:10:26 [2] Confirmed the "Link Alive Check". (NextTime=1970-01-01 00:00:00 Result= URL=)
2023-10-30 14:10:26 [3] Confirmed the "Link Alive Check". (NextTime=1970-01-01 00:00:00 Result= URL=)
2023-10-30 14:10:26 [4] Confirmed the "Link Alive Check". (NextTime=1970-01-01 00:00:00 Result= URL=)
2023-10-30 14:10:27 [5] Confirmed the "Link Alive Check". (NextTime=1970-01-01 00:00:00 Result= URL=)
2023-10-30 14:25:58 There were 2 links that passed the next "Check SNS Count" confirmation date and time.
2023-10-30 14:25:58 [1] Confirmed the "Check SNS Count". (NextTime=2021-04-07 14:47:21 URL=https://www.banggood.com/Vivibright-GP100UP-Android-6_01-WIFI-Smart-LED-Projector-3500-Lumens-1280x800p-1080P-HD-Home-Theater-p-1203164.html?p=YT180431296767201903&#038;cur_warehouse=CN)
2023-10-30 14:25:58 [2] Confirmed the "Check SNS Count". (NextTime=2021-03-25 22:34:38 URL=https://www.amazon.co.jp/gp/product/B00JM2NQBM/ref=as_li_ss_il?ie=UTF8&#038;psc=1&#038;linkCode=li2&#038;tag=drunkar-22&#038;linkId=c7b9134e3fa6e93ab805acb19c5eb756)
2023-10-30 15:13:31 There were 284 links that passed the next "Link Alive Check" confirmation date and time.
2023-10-30 15:13:31 [1] Confirmed the "Link Alive Check". (NextTime=1970-01-01 00:00:00 Result= URL=)
2023-10-30 15:13:32 [2] Confirmed the "Link Alive Check". (NextTime=1970-01-01 00:00:00 Result= URL=)
2023-10-30 15:13:32 [3] Confirmed the "Link Alive Check". (NextTime=1970-01-01 00:00:00 Result= URL=)
2023-10-30 15:13:32 [4] Confirmed the "Link Alive Check". (NextTime=1970-01-01 00:00:00 Result= URL=)
2023-10-30 15:13:33 [5] Confirmed the "Link Alive Check". (NextTime=1970-01-01 00:00:00 Result= URL=)
2023-10-30 15:24:53 There were 1 links that passed the next "Check SNS Count" confirmation date and time.
2023-10-30 15:24:53 [1] Confirmed the "Check SNS Count". (NextTime=2021-04-14 14:42:51 URL=https://ja.wikipedia.org/wiki/%E5%BA%83%E6%B7%B1%E6%B8%AF%E9%AB%98%E9%80%9F%E9%89%84%E9%81%93)
2023-10-30 15:52:54 There were 284 links that passed the next "Link Alive Check" confirmation date and time.
2023-10-30 15:52:54 [1] Confirmed the "Link Alive Check". (NextTime=1970-01-01 00:00:00 Result= URL=)
2023-10-30 15:52:55 [2] Confirmed the "Link Alive Check". (NextTime=1970-01-01 00:00:00 Result= URL=)
2023-10-30 15:52:55 [3] Confirmed the "Link Alive Check". (NextTime=1970-01-01 00:00:00 Result= URL=)
2023-10-30 15:52:55 [4] Confirmed the "Link Alive Check". (NextTime=1970-01-01 00:00:00 Result= URL=)
2023-10-30 15:52:55 [5] Confirmed the "Link Alive Check". (NextTime=1970-01-01 00:00:00 Result= URL=)
2023-10-30 16:23:11 There were 1 links that passed the next "Check SNS Count" confirmation date and time.
2023-10-30 16:23:11 [1] Confirmed the "Check SNS Count". (NextTime=2021-03-20 01:00:20 URL=https://learn.unity.com/tutorial/working-with-the-unity-recorder-2019-3#5e1efe8bedbc2a0029fbc0d6)
2023-10-30 16:53:55 There were 284 links that passed the next "Link Alive Check" confirmation date and time.
2023-10-30 16:53:55 [1] Confirmed the "Link Alive Check". (NextTime=1970-01-01 00:00:00 Result= URL=)
2023-10-30 16:53:55 [2] Confirmed the "Link Alive Check". (NextTime=1970-01-01 00:00:00 Result= URL=)
2023-10-30 16:53:56 [3] Confirmed the "Link Alive Check". (NextTime=1970-01-01 00:00:00 Result= URL=)
2023-10-30 16:53:56 [4] Confirmed the "Link Alive Check". (NextTime=1970-01-01 00:00:00 Result= URL=)
2023-10-30 16:53:56 [5] Confirmed the "Link Alive Check". (NextTime=1970-01-01 00:00:00 Result= URL=)
2023-10-30 17:23:20 There were 2 links that passed the next "Check SNS Count" confirmation date and time.
2023-10-30 17:23:20 [1] Confirmed the "Check SNS Count". (NextTime=2021-03-21 23:30:41 URL=https://www.amazon.co.jp/%E3%82%A8%E3%83%AC%E3%82%B3%E3%83%A0-%E3%83%90%E3%83%83%E3%82%B0%E3%82%A4%E3%83%B3%E3%83%90%E3%83%83%E3%82%B0-%E3%82%AC%E3%82%B8%E3%82%A7%E3%83%83%E3%83%88%E5%8F%8E%E7%B4%8D-%E3%82%B9%E3%83%88%E3%83%AC%E3%83%83%E3%83%81%E7%B4%A0%E6%9D%90-BMA-GP10BK/dp/B013J9F684/ref=as_li_ss_il?_encoding=UTF8&#038;pd_rd_i=B013J9F68Y&#038;pd_rd_r=040641d8-8122-11e8-bb0c-dd50569c438f&#038;pd_rd_w=I4EYc&#038;pd_rd_wg=0Wqto&#038;pf_rd_i=desktop-dp-sims&#038;pf_rd_m=AN1VRQENFRJN5&#038;pf_rd_p=3472031948783866574&#038;pf_rd_r=VQKKKEAD2YHT0SNXC6G2&#038;pf_rd_s=desktop-dp-sims&#038;pf_rd_t=40701&#038;refRID=VQKKKEAD2YHT0SNXC6G2&#038;th=1&#038;linkCode=li2&#038;tag=drunkar-22&#038;linkId=7ef50d437e6ccbc5406dae6740defcb5)
2023-10-30 17:23:20 [2] Confirmed the "Check SNS Count". (NextTime=2021-03-23 18:26:11 URL=https://www.banggood.com/Eachine-E32HW-WiFi-FPV-With-720P-HD-Camera-Altitude-Hold-RC-Drone-Quadcopter-RTF-p-1293499.html?p=K226105168701201606R)
2023-10-30 17:54:55 There were 284 links that passed the next "Link Alive Check" confirmation date and time.
2023-10-30 17:54:55 [1] Confirmed the "Link Alive Check". (NextTime=1970-01-01 00:00:00 Result= URL=)
2023-10-30 17:54:55 [2] Confirmed the "Link Alive Check". (NextTime=1970-01-01 00:00:00 Result= URL=)
2023-10-30 17:54:55 [3] Confirmed the "Link Alive Check". (NextTime=1970-01-01 00:00:00 Result= URL=)
2023-10-30 17:54:55 [4] Confirmed the "Link Alive Check". (NextTime=1970-01-01 00:00:00 Result= URL=)
2023-10-30 17:54:56 [5] Confirmed the "Link Alive Check". (NextTime=1970-01-01 00:00:00 Result= URL=)
2023-10-30 18:23:10 There were 0 links that passed the next "Check SNS Count" confirmation date and time.
2023-10-30 18:23:54 There were 0 links that passed the next "Check SNS Count" confirmation date and time.
2023-10-30 18:55:17 There were 284 links that passed the next "Link Alive Check" confirmation date and time.
2023-10-30 18:55:17 [1] Confirmed the "Link Alive Check". (NextTime=1970-01-01 00:00:00 Result= URL=)
2023-10-30 18:55:17 [2] Confirmed the "Link Alive Check". (NextTime=1970-01-01 00:00:00 Result= URL=)
2023-10-30 18:55:17 [3] Confirmed the "Link Alive Check". (NextTime=1970-01-01 00:00:00 Result= URL=)
2023-10-30 18:55:17 [4] Confirmed the "Link Alive Check". (NextTime=1970-01-01 00:00:00 Result= URL=)
2023-10-30 18:55:18 [5] Confirmed the "Link Alive Check". (NextTime=1970-01-01 00:00:00 Result= URL=)
2023-10-30 19:23:53 There were 6 links that passed the next "Check SNS Count" confirmation date and time.
2023-10-30 19:23:53 [1] Confirmed the "Check SNS Count". (NextTime=2021-04-06 07:43:26 URL=https://www.thingiverse.com/thing:2256659)
2023-10-30 19:23:53 [2] Confirmed the "Check SNS Count". (NextTime=2021-04-08 05:18:25 URL=https://www.banggood.com/D5S-Projector-Android-Wifi-Portable-Mini-Outdoor-Built-in-Battery-DLP-Android-7_1-Smart-Projector-p-1352389.html?p=DR062131921252201904&#038;cur_warehouse=CN)
2023-10-30 19:23:53 [3] Confirmed the "Check SNS Count". (NextTime=2021-04-13 14:45:55 URL=https://github.com/Drunkar/docker-alpine-hubot)
2023-10-30 19:23:53 [4] Confirmed the "Check SNS Count". (NextTime=2021-03-21 00:51:18 URL=https://sekailab.com/wp/2018/05/28/4000-yen-bluetooth-earphone-for-bath-time/)
2023-10-30 19:23:54 [5] Confirmed the "Check SNS Count". (NextTime=2021-04-17 12:18:52 URL=https://www.amazon.co.jp/%E3%83%84%E3%82%A4%E3%83%B3%E3%83%90%E3%83%BC%E3%83%89%E5%B7%A5%E6%A5%AD-Twinbird-CM-D457B-%E5%85%A8%E8%87%AA%E5%8B%95%E3%82%B3%E3%83%BC%E3%83%92%E3%83%BC%E3%83%A1%E3%83%BC%E3%82%AB%E3%83%BC-%E3%83%96%E3%83%A9%E3%83%83%E3%82%AFTWINBIRD/dp/B07HFP6H3L/ref=as_li_ss_il?__mk_ja_JP=%E3%82%AB%E3%82%BF%E3%82%AB%E3%83%8A&#038;keywords=%E3%83%84%E3%82%A4%E3%83%B3%E3%83%90%E3%83%BC%E3%83%89+%E3%82%B3%E3%83%BC%E3%83%92%E3%83%BC%E3%83%A1%E3%83%BC%E3%82%AB%E3%83%BC&#038;qid=1585585285&#038;sr=8-4&#038;linkCode=li2&#038;tag=drunkar-22&#038;linkId=21fdfffb9a1385593abbf880369e6a7e)
2023-10-30 19:23:54 [6] Confirmed the "Check SNS Count". (NextTime=2021-04-15 12:55:42 URL=https://ja.aliexpress.com/item/Wholesale-camera-flash-bracket-L-bracket-bilateral-frame-twin-double-L-bracket-L-bracket/32323286127.html)
2023-10-30 19:56:28 There were 284 links that passed the next "Link Alive Check" confirmation date and time.
2023-10-30 19:56:28 [1] Confirmed the "Link Alive Check". (NextTime=1970-01-01 00:00:00 Result= URL=)
2023-10-30 19:56:29 [2] Confirmed the "Link Alive Check". (NextTime=1970-01-01 00:00:00 Result= URL=)
2023-10-30 19:56:29 [3] Confirmed the "Link Alive Check". (NextTime=1970-01-01 00:00:00 Result= URL=)
2023-10-30 19:56:29 [4] Confirmed the "Link Alive Check". (NextTime=1970-01-01 00:00:00 Result= URL=)
2023-10-30 19:56:29 [5] Confirmed the "Link Alive Check". (NextTime=1970-01-01 00:00:00 Result= URL=)
2023-10-30 20:23:04 There were 5 links that passed the next "Check SNS Count" confirmation date and time.
2023-10-30 20:23:04 [1] Confirmed the "Check SNS Count". (NextTime=2021-03-26 04:20:29 URL=https://www.amazon.co.jp/cocopar-17-3%E3%82%A4%E3%83%B3%E3%83%81-FHD1920x1080-%E3%83%A2%E3%83%90%E3%82%A4%E3%83%AB%E3%83%A2%E3%83%8B%E3%82%BF%E3%83%BC-%E3%83%A2%E3%83%90%E3%82%A4%E3%83%AB%E3%83%87%E3%82%A3%E3%82%B9%E3%83%97%E3%83%AC%E3%82%A4/dp/B07WX7XRR7/ref=as_li_ss_il?__mk_ja_JP=%E3%82%AB%E3%82%BF%E3%82%AB%E3%83%8A&#038;crid=2NYCM0P4V7RPF&#038;keywords=%E3%83%A2%E3%83%90%E3%82%A4%E3%83%AB%E3%83%A2%E3%83%8B%E3%82%BF%E3%83%BC+17.3&#038;qid=1583144641&#038;sprefix=%E3%83%A2%E3%83%90%E3%82%A4%E3%83%AB%E3%83%A2%E3%83%8B%E3%82%BF%E3%83%BC,aps,271&#038;sr=8-10&#038;linkCode=li2&#038;tag=drunkar-22&#038;linkId=a7488d8a6dae8ad4af11c69b0b3dd44d&#038;language=ja_JP)
2023-10-30 20:23:04 [2] Confirmed the "Check SNS Count". (NextTime=2021-03-21 15:25:48 URL=https://www.amazon.co.jp/gp/product/B07QXMNF1X/ref=as_li_ss_il?ie=UTF8&#038;psc=1&#038;linkCode=li2&#038;tag=drunkar-22&#038;linkId=537e4ae9eb1c1d73f28520e1f2a9e9b7)
2023-10-30 20:23:04 [3] Confirmed the "Check SNS Count". (NextTime=2021-03-25 10:30:45 URL=https://www.amazon.co.jp/%E6%A4%8D%E7%89%A9%E7%94%9F%E4%BD%93%E9%9B%BB%E4%BD%8D%E3%81%A8%E3%82%B3%E3%83%9F%E3%83%A5%E3%83%8B%E3%82%B1%E3%83%BC%E3%82%B7%E3%83%A7%E3%83%B3-%E5%A4%A7%E8%96%AE-%E5%A4%9A%E5%8F%AF%E5%BF%97/dp/4303710326/ref=as_li_ss_il?ie=UTF8&#038;qid=1516613210&#038;sr=8-1&#038;keywords=%E6%A4%8D%E7%89%A9%E7%94%9F%E4%BD%93%E9%9B%BB%E4%BD%8D%E3%81%A8%E3%82%B3%E3%83%9F%E3%83%A5%E3%83%8B%E3%82%B1%E3%83%BC%E3%82%B7%E3%83%A7%E3%83%B3&#038;linkCode=li2&#038;tag=drunkar-22&#038;linkId=0580e236864f570f594c4cedbeadebd0)
2023-10-30 20:23:04 [4] Confirmed the "Check SNS Count". (NextTime=2021-03-25 21:56:58 URL=http://www.itmedia.co.jp/pcuser/articles/1809/09/news008.html)
2023-10-30 20:23:04 [5] Confirmed the "Check SNS Count". (NextTime=2021-03-21 15:27:00 URL=https://sekailab.com/wp/2018/08/10/build-opencv-on-orangepi-pc2/)
2023-10-30 20:59:19 There were 284 links that passed the next "Link Alive Check" confirmation date and time.
2023-10-30 20:59:20 [1] Confirmed the "Link Alive Check". (NextTime=1970-01-01 00:00:00 Result= URL=)
2023-10-30 20:59:20 [2] Confirmed the "Link Alive Check". (NextTime=1970-01-01 00:00:00 Result= URL=)
2023-10-30 20:59:20 [3] Confirmed the "Link Alive Check". (NextTime=1970-01-01 00:00:00 Result= URL=)
2023-10-30 20:59:20 [4] Confirmed the "Link Alive Check". (NextTime=1970-01-01 00:00:00 Result= URL=)
2023-10-30 20:59:21 [5] Confirmed the "Link Alive Check". (NextTime=1970-01-01 00:00:00 Result= URL=)
2023-10-30 21:24:37 There were 2 links that passed the next "Check SNS Count" confirmation date and time.
2023-10-30 21:24:37 [1] Confirmed the "Check SNS Count". (NextTime=2021-04-05 17:53:59 URL=https://github.com/NVIDIA/vid2vid)
2023-10-30 21:24:37 [2] Confirmed the "Check SNS Count". (NextTime=2021-04-14 17:42:35 URL=https://sekailab.com/wp/2013/02/23/%E5%BB%BA%E7%AF%89%E6%89%B9%E8%A9%95%E7%A9%BA%E9%96%93%E3%82%92%E5%8F%AF%E8%A6%96%E5%8C%96%E3%81%97%E3%81%A6%E3%81%BF%E3%81%9F)
2023-10-30 21:59:23 There were 284 links that passed the next "Link Alive Check" confirmation date and time.
2023-10-30 21:59:23 [1] Confirmed the "Link Alive Check". (NextTime=1970-01-01 00:00:00 Result= URL=)
2023-10-30 21:59:24 [2] Confirmed the "Link Alive Check". (NextTime=1970-01-01 00:00:00 Result= URL=)
2023-10-30 21:59:24 [3] Confirmed the "Link Alive Check". (NextTime=1970-01-01 00:00:00 Result= URL=)
2023-10-30 21:59:24 [4] Confirmed the "Link Alive Check". (NextTime=1970-01-01 00:00:00 Result= URL=)
2023-10-30 21:59:24 [5] Confirmed the "Link Alive Check". (NextTime=1970-01-01 00:00:00 Result= URL=)
2023-10-30 22:26:48 There were 2 links that passed the next "Check SNS Count" confirmation date and time.
2023-10-30 22:26:48 [1] Confirmed the "Check SNS Count". (NextTime=2021-03-21 00:43:30 URL=https://www.amazon.co.jp/gp/product/B075DCVQC5/ref=as_li_ss_il?ie=UTF8&#038;th=1&#038;linkCode=li2&#038;tag=drunkar-22&#038;linkId=a5e6477cdc20f78703f077db59aabbd2)
2023-10-30 22:26:48 [2] Confirmed the "Check SNS Count". (NextTime=2021-03-25 06:51:31 URL=https://stackoverflow.com/questions/38156693/is-this-the-wrong-error-message-attributeerror-int-object-has-no-attribute?noredirect=1&#038;lq=1)
2023-10-30 23:02:48 There were 284 links that passed the next "Link Alive Check" confirmation date and time.
2023-10-30 23:02:48 [1] Confirmed the "Link Alive Check". (NextTime=1970-01-01 00:00:00 Result= URL=)
2023-10-30 23:02:48 [2] Confirmed the "Link Alive Check". (NextTime=1970-01-01 00:00:00 Result= URL=)
2023-10-30 23:02:48 [3] Confirmed the "Link Alive Check". (NextTime=1970-01-01 00:00:00 Result= URL=)
2023-10-30 23:02:49 [4] Confirmed the "Link Alive Check". (NextTime=1970-01-01 00:00:00 Result= URL=)
2023-10-30 23:02:49 [5] Confirmed the "Link Alive Check". (NextTime=1970-01-01 00:00:00 Result= URL=)
2023-10-30 23:23:40 There were 4 links that passed the next "Check SNS Count" confirmation date and time.
2023-10-30 23:23:40 [1] Confirmed the "Check SNS Count". (NextTime=2021-04-15 07:14:24 URL=https://sekailab.com/wp/2018/04/14/python-template-for-cli-applications-and-batch)
2023-10-30 23:23:40 [2] Confirmed the "Check SNS Count". (NextTime=2021-03-21 04:44:20 URL=https://sekailab.com/wp/2018/08/27/review-waterproof-bluetooth-earphone/)
2023-10-30 23:23:41 [3] Confirmed the "Check SNS Count". (NextTime=2021-04-14 17:41:07 URL=https://sekailab.com/wp/2019/04/02/15w-chinese-laser-cutter-5)
2023-10-30 23:23:41 [4] Confirmed the "Check SNS Count". (NextTime=2021-04-13 09:35:04 URL=https://www.tensorflow.org/tfx/serving/docker)
