2023-07-05 00:02:23 There were 284 links that passed the next "Link Alive Check" confirmation date and time.
2023-07-05 00:02:23 [1] Confirmed the "Link Alive Check". (NextTime=1970-01-01 00:00:00 Result= URL=)
2023-07-05 00:02:23 [2] Confirmed the "Link Alive Check". (NextTime=1970-01-01 00:00:00 Result= URL=)
2023-07-05 00:02:23 [3] Confirmed the "Link Alive Check". (NextTime=1970-01-01 00:00:00 Result= URL=)
2023-07-05 00:02:24 [4] Confirmed the "Link Alive Check". (NextTime=1970-01-01 00:00:00 Result= URL=)
2023-07-05 00:02:24 [5] Confirmed the "Link Alive Check". (NextTime=1970-01-01 00:00:00 Result= URL=)
2023-07-05 00:24:19 There were 3 links that passed the next "Check SNS Count" confirmation date and time.
2023-07-05 00:24:19 [1] Confirmed the "Check SNS Count". (NextTime=2021-03-25 22:07:02 URL=https://www.amazon.co.jp/gp/product/B0018O10OW/ref=as_li_ss_il?ie=UTF8&#038;psc=1&#038;linkCode=li2&#038;tag=drunkar-22&#038;linkId=5f8eb590e22ac072f26ba7a6ef60007f)
2023-07-05 00:24:19 [2] Confirmed the "Check SNS Count". (NextTime=2021-04-14 13:39:40 URL=https://sekailab.com/wp/2018/01/13/15w-chinese-laser-cutter-4)
2023-07-05 00:24:19 [3] Confirmed the "Check SNS Count". (NextTime=2021-03-25 20:27:24 URL=https://sekailab.com/wp/2018/04/16/sakura-vps-nem-supernode-2/)
2023-07-05 00:38:50 There were 284 links that passed the next "Link Alive Check" confirmation date and time.
2023-07-05 00:38:51 [1] Confirmed the "Link Alive Check". (NextTime=1970-01-01 00:00:00 Result= URL=)
2023-07-05 00:38:51 [2] Confirmed the "Link Alive Check". (NextTime=1970-01-01 00:00:00 Result= URL=)
2023-07-05 00:38:51 [3] Confirmed the "Link Alive Check". (NextTime=1970-01-01 00:00:00 Result= URL=)
2023-07-05 00:38:51 [4] Confirmed the "Link Alive Check". (NextTime=1970-01-01 00:00:00 Result= URL=)
2023-07-05 00:38:52 [5] Confirmed the "Link Alive Check". (NextTime=1970-01-01 00:00:00 Result= URL=)
2023-07-05 01:03:30 There were 284 links that passed the next "Link Alive Check" confirmation date and time.
2023-07-05 01:03:30 [1] Confirmed the "Link Alive Check". (NextTime=1970-01-01 00:00:00 Result= URL=)
2023-07-05 01:03:30 [2] Confirmed the "Link Alive Check". (NextTime=1970-01-01 00:00:00 Result= URL=)
2023-07-05 01:03:30 [3] Confirmed the "Link Alive Check". (NextTime=1970-01-01 00:00:00 Result= URL=)
2023-07-05 01:03:31 [4] Confirmed the "Link Alive Check". (NextTime=1970-01-01 00:00:00 Result= URL=)
2023-07-05 01:03:31 [5] Confirmed the "Link Alive Check". (NextTime=1970-01-01 00:00:00 Result= URL=)
2023-07-05 01:24:33 There were 2 links that passed the next "Check SNS Count" confirmation date and time.
2023-07-05 01:24:33 [1] Confirmed the "Check SNS Count". (NextTime=2021-03-22 15:39:21 URL=http://www.orangepi.org/downloadresources/)
2023-07-05 01:24:33 [2] Confirmed the "Check SNS Count". (NextTime=2021-03-20 11:13:12 URL=https://sekailab.com/wp/2020/03/02/17inch-mobile-monitor-usb-c/)
2023-07-05 01:39:23 There were 284 links that passed the next "Link Alive Check" confirmation date and time.
2023-07-05 01:39:23 [1] Confirmed the "Link Alive Check". (NextTime=1970-01-01 00:00:00 Result= URL=)
2023-07-05 01:39:23 [2] Confirmed the "Link Alive Check". (NextTime=1970-01-01 00:00:00 Result= URL=)
2023-07-05 01:39:23 [3] Confirmed the "Link Alive Check". (NextTime=1970-01-01 00:00:00 Result= URL=)
2023-07-05 01:39:24 [4] Confirmed the "Link Alive Check". (NextTime=1970-01-01 00:00:00 Result= URL=)
2023-07-05 01:39:24 [5] Confirmed the "Link Alive Check". (NextTime=1970-01-01 00:00:00 Result= URL=)
2023-07-05 02:04:38 There were 284 links that passed the next "Link Alive Check" confirmation date and time.
2023-07-05 02:04:38 [1] Confirmed the "Link Alive Check". (NextTime=1970-01-01 00:00:00 Result= URL=)
2023-07-05 02:04:38 [2] Confirmed the "Link Alive Check". (NextTime=1970-01-01 00:00:00 Result= URL=)
2023-07-05 02:04:38 [3] Confirmed the "Link Alive Check". (NextTime=1970-01-01 00:00:00 Result= URL=)
2023-07-05 02:04:39 [4] Confirmed the "Link Alive Check". (NextTime=1970-01-01 00:00:00 Result= URL=)
2023-07-05 02:04:39 [5] Confirmed the "Link Alive Check". (NextTime=1970-01-01 00:00:00 Result= URL=)
2023-07-05 02:23:09 There were 2 links that passed the next "Check SNS Count" confirmation date and time.
2023-07-05 02:23:10 [1] Confirmed the "Check SNS Count". (NextTime=2021-04-15 06:45:09 URL=https://sekailab.com/wp/2018/08/14/movidius-neural-compute-stick-with-orangepi-pc2)
2023-07-05 02:23:10 [2] Confirmed the "Check SNS Count". (NextTime=2021-03-25 23:02:13 URL=https://gist.github.com/Drunkar/1773aacfe5e17110973dcd5bf4e25a81)
2023-07-05 02:39:24 There were 284 links that passed the next "Link Alive Check" confirmation date and time.
2023-07-05 02:39:24 [1] Confirmed the "Link Alive Check". (NextTime=1970-01-01 00:00:00 Result= URL=)
2023-07-05 02:39:25 [2] Confirmed the "Link Alive Check". (NextTime=1970-01-01 00:00:00 Result= URL=)
2023-07-05 02:39:25 [3] Confirmed the "Link Alive Check". (NextTime=1970-01-01 00:00:00 Result= URL=)
2023-07-05 02:39:25 [4] Confirmed the "Link Alive Check". (NextTime=1970-01-01 00:00:00 Result= URL=)
2023-07-05 02:39:25 [5] Confirmed the "Link Alive Check". (NextTime=1970-01-01 00:00:00 Result= URL=)
2023-07-05 03:04:42 There were 284 links that passed the next "Link Alive Check" confirmation date and time.
2023-07-05 03:04:42 [1] Confirmed the "Link Alive Check". (NextTime=1970-01-01 00:00:00 Result= URL=)
2023-07-05 03:04:42 [2] Confirmed the "Link Alive Check". (NextTime=1970-01-01 00:00:00 Result= URL=)
2023-07-05 03:04:43 [3] Confirmed the "Link Alive Check". (NextTime=1970-01-01 00:00:00 Result= URL=)
2023-07-05 03:04:43 [4] Confirmed the "Link Alive Check". (NextTime=1970-01-01 00:00:00 Result= URL=)
2023-07-05 03:04:43 [5] Confirmed the "Link Alive Check". (NextTime=1970-01-01 00:00:00 Result= URL=)
2023-07-05 03:27:06 There were 4 links that passed the next "Check SNS Count" confirmation date and time.
2023-07-05 03:27:06 [1] Confirmed the "Check SNS Count". (NextTime=2021-03-22 13:10:32 URL=https://www.banggood.com/Lenovo-Watch-9-Smart-Watch-Sapphire-Glass-5ATM-Sleep-Monitor-Remote-Camera-Constellation-Edition-p-1397778.html?p=K226105168701201606R)
2023-07-05 03:27:06 [2] Confirmed the "Check SNS Count". (NextTime=2021-03-22 02:49:43 URL=https://www.amazon.co.jp/%EF%BC%A2%EF%BC%A5%EF%BC%A1%EF%BC%B4%EF%BC%AC%EF%BC%A5%EF%BC%B3%EF%BC%B3-%E9%9B%BB%E5%AD%90%E7%89%B9%E5%88%A5%E7%89%88-%E3%80%8A%E5%89%8D%E3%80%8B-%E8%A7%92%E5%B7%9D%E6%9B%B8%E5%BA%97%E5%8D%98%E8%A1%8C%E6%9C%AC-%E9%95%B7%E8%B0%B7-%E6%95%8F%E5%8F%B8-ebook/dp/B00C7P0AL0/ref=as_li_ss_il?ie=UTF8&#038;qid=1516557419&#038;sr=8-5&#038;keywords=beatless&#038;linkCode=li2&#038;tag=drunkar-22&#038;linkId=e64252b0fdd97c261f7ea9d68856a554)
2023-07-05 03:27:06 [3] Confirmed the "Check SNS Count". (NextTime=2021-04-15 04:16:50 URL=https://sekailab.com/wp/2019/05/08/google-translation-with-kindle-cloud-reader)
2023-07-05 03:27:06 [4] Confirmed the "Check SNS Count". (NextTime=2021-04-06 12:43:21 URL=https://www.banggood.com/Original-Xiaomi-Airdots-TWS-Bluetooth-5_0-Earphone-Youth-Version-Touch-Control-with-Charging-Box-Mic-p-1389033.html?p=DR062131921252201904&#038;cur_warehouse=CN)
2023-07-05 03:41:24 There were 284 links that passed the next "Link Alive Check" confirmation date and time.
2023-07-05 03:41:24 [1] Confirmed the "Link Alive Check". (NextTime=1970-01-01 00:00:00 Result= URL=)
2023-07-05 03:41:24 [2] Confirmed the "Link Alive Check". (NextTime=1970-01-01 00:00:00 Result= URL=)
2023-07-05 03:41:25 [3] Confirmed the "Link Alive Check". (NextTime=1970-01-01 00:00:00 Result= URL=)
2023-07-05 03:41:25 [4] Confirmed the "Link Alive Check". (NextTime=1970-01-01 00:00:00 Result= URL=)
2023-07-05 03:41:25 [5] Confirmed the "Link Alive Check". (NextTime=1970-01-01 00:00:00 Result= URL=)
2023-07-05 04:07:38 There were 284 links that passed the next "Link Alive Check" confirmation date and time.
2023-07-05 04:07:38 [1] Confirmed the "Link Alive Check". (NextTime=1970-01-01 00:00:00 Result= URL=)
2023-07-05 04:07:38 [2] Confirmed the "Link Alive Check". (NextTime=1970-01-01 00:00:00 Result= URL=)
2023-07-05 04:07:39 [3] Confirmed the "Link Alive Check". (NextTime=1970-01-01 00:00:00 Result= URL=)
2023-07-05 04:07:39 [4] Confirmed the "Link Alive Check". (NextTime=1970-01-01 00:00:00 Result= URL=)
2023-07-05 04:07:39 [5] Confirmed the "Link Alive Check". (NextTime=1970-01-01 00:00:00 Result= URL=)
2023-07-05 04:24:05 There were 1 links that passed the next "Check SNS Count" confirmation date and time.
2023-07-05 04:24:05 [1] Confirmed the "Check SNS Count". (NextTime=2021-07-01 19:10:11 URL=https://www.amazon.co.jp/gp/product/B075L94Z5H?ie=UTF8&#038;psc=1&#038;linkCode=li2&#038;tag=drunkar-22&#038;linkId=229a03e7eec9f2482057702d957cf06b&#038;language=ja_JP&#038;ref_=as_li_ss_il)
2023-07-05 04:41:33 There were 284 links that passed the next "Link Alive Check" confirmation date and time.
2023-07-05 04:41:34 [1] Confirmed the "Link Alive Check". (NextTime=1970-01-01 00:00:00 Result= URL=)
2023-07-05 04:41:34 [2] Confirmed the "Link Alive Check". (NextTime=1970-01-01 00:00:00 Result= URL=)
2023-07-05 04:41:34 [3] Confirmed the "Link Alive Check". (NextTime=1970-01-01 00:00:00 Result= URL=)
2023-07-05 04:41:34 [4] Confirmed the "Link Alive Check". (NextTime=1970-01-01 00:00:00 Result= URL=)
2023-07-05 04:41:34 [5] Confirmed the "Link Alive Check". (NextTime=1970-01-01 00:00:00 Result= URL=)
2023-07-05 05:09:26 There were 284 links that passed the next "Link Alive Check" confirmation date and time.
2023-07-05 05:09:26 [1] Confirmed the "Link Alive Check". (NextTime=1970-01-01 00:00:00 Result= URL=)
2023-07-05 05:09:26 [2] Confirmed the "Link Alive Check". (NextTime=1970-01-01 00:00:00 Result= URL=)
2023-07-05 05:09:26 [3] Confirmed the "Link Alive Check". (NextTime=1970-01-01 00:00:00 Result= URL=)
2023-07-05 05:09:27 [4] Confirmed the "Link Alive Check". (NextTime=1970-01-01 00:00:00 Result= URL=)
2023-07-05 05:09:27 [5] Confirmed the "Link Alive Check". (NextTime=1970-01-01 00:00:00 Result= URL=)
2023-07-05 05:26:17 There were 2 links that passed the next "Check SNS Count" confirmation date and time.
2023-07-05 05:26:17 [1] Confirmed the "Check SNS Count". (NextTime=2021-04-08 18:54:26 URL=https://sekailab.com/wp/2019/03/23/white-powder-for-your-health/)
2023-07-05 05:26:17 [2] Confirmed the "Check SNS Count". (NextTime=2021-03-26 04:14:37 URL=https://www.atmarkit.co.jp/ait/articles/1812/06/news040.html)
2023-07-05 05:47:06 There were 284 links that passed the next "Link Alive Check" confirmation date and time.
2023-07-05 05:47:06 [1] Confirmed the "Link Alive Check". (NextTime=1970-01-01 00:00:00 Result= URL=)
2023-07-05 05:47:07 [2] Confirmed the "Link Alive Check". (NextTime=1970-01-01 00:00:00 Result= URL=)
2023-07-05 05:47:07 [3] Confirmed the "Link Alive Check". (NextTime=1970-01-01 00:00:00 Result= URL=)
2023-07-05 05:47:07 [4] Confirmed the "Link Alive Check". (NextTime=1970-01-01 00:00:00 Result= URL=)
2023-07-05 05:47:07 [5] Confirmed the "Link Alive Check". (NextTime=1970-01-01 00:00:00 Result= URL=)
2023-07-05 06:10:18 There were 284 links that passed the next "Link Alive Check" confirmation date and time.
2023-07-05 06:10:18 [1] Confirmed the "Link Alive Check". (NextTime=1970-01-01 00:00:00 Result= URL=)
2023-07-05 06:10:18 [2] Confirmed the "Link Alive Check". (NextTime=1970-01-01 00:00:00 Result= URL=)
2023-07-05 06:10:19 [3] Confirmed the "Link Alive Check". (NextTime=1970-01-01 00:00:00 Result= URL=)
2023-07-05 06:10:19 [4] Confirmed the "Link Alive Check". (NextTime=1970-01-01 00:00:00 Result= URL=)
2023-07-05 06:10:19 [5] Confirmed the "Link Alive Check". (NextTime=1970-01-01 00:00:00 Result= URL=)
2023-07-05 06:23:52 There were 3 links that passed the next "Check SNS Count" confirmation date and time.
2023-07-05 06:23:52 [1] Confirmed the "Check SNS Count". (NextTime=2021-04-05 02:04:04 URL=https://sekailab.com/wp/2018/04/10/python-2-79-anaconda-python/)
2023-07-05 06:23:52 [2] Confirmed the "Check SNS Count". (NextTime=2021-03-20 17:57:15 URL=https://github.com/lwfinger/rtl8188eu)
2023-07-05 06:23:52 [3] Confirmed the "Check SNS Count". (NextTime=2021-03-23 20:50:03 URL=https://www.amazon.co.jp/%E3%81%82%E3%81%AA%E3%81%9F%E3%81%AE%E3%81%9F%E3%82%81%E3%81%AE%E7%89%A9%E8%AA%9E-%E3%83%8F%E3%83%A4%E3%82%AB%E3%83%AF%E6%96%87%E5%BA%ABJA-%E9%95%B7%E8%B0%B7-%E6%95%8F%E5%8F%B8/dp/415031036X/ref=as_li_ss_il?ie=UTF8&#038;qid=1516557545&#038;sr=8-1&#038;keywords=%E3%81%82%E3%81%AA%E3%81%9F%E3%81%AE%E3%81%9F%E3%82%81%E3%81%AE%E7%89%A9%E8%AA%9E&#038;linkCode=li2&#038;tag=drunkar-22&#038;linkId=a3359dbac8bebc808a8775a997b0d96d)
2023-07-05 06:47:24 There were 284 links that passed the next "Link Alive Check" confirmation date and time.
2023-07-05 06:47:25 [1] Confirmed the "Link Alive Check". (NextTime=1970-01-01 00:00:00 Result= URL=)
2023-07-05 06:47:25 [2] Confirmed the "Link Alive Check". (NextTime=1970-01-01 00:00:00 Result= URL=)
2023-07-05 06:47:25 [3] Confirmed the "Link Alive Check". (NextTime=1970-01-01 00:00:00 Result= URL=)
2023-07-05 06:47:25 [4] Confirmed the "Link Alive Check". (NextTime=1970-01-01 00:00:00 Result= URL=)
2023-07-05 06:47:26 [5] Confirmed the "Link Alive Check". (NextTime=1970-01-01 00:00:00 Result= URL=)
2023-07-05 07:11:52 There were 284 links that passed the next "Link Alive Check" confirmation date and time.
2023-07-05 07:11:53 [1] Confirmed the "Link Alive Check". (NextTime=1970-01-01 00:00:00 Result= URL=)
2023-07-05 07:11:53 [2] Confirmed the "Link Alive Check". (NextTime=1970-01-01 00:00:00 Result= URL=)
2023-07-05 07:11:53 [3] Confirmed the "Link Alive Check". (NextTime=1970-01-01 00:00:00 Result= URL=)
2023-07-05 07:11:53 [4] Confirmed the "Link Alive Check". (NextTime=1970-01-01 00:00:00 Result= URL=)
2023-07-05 07:11:53 [5] Confirmed the "Link Alive Check". (NextTime=1970-01-01 00:00:00 Result= URL=)
2023-07-05 07:23:48 There were 2 links that passed the next "Check SNS Count" confirmation date and time.
2023-07-05 07:23:48 [1] Confirmed the "Check SNS Count". (NextTime=2021-03-25 10:23:57 URL=https://play.google.com/store/apps/details?id=com.xodo.pdf.reader&#038;hl=ja)
2023-07-05 07:23:48 [2] Confirmed the "Check SNS Count". (NextTime=2021-04-16 18:03:34 URL=https://sekailab.com/wp/2018/05/28/4000-yen-bluetooth-earphone-for-bath-time)
2023-07-05 07:51:09 There were 284 links that passed the next "Link Alive Check" confirmation date and time.
2023-07-05 07:51:09 [1] Confirmed the "Link Alive Check". (NextTime=1970-01-01 00:00:00 Result= URL=)
2023-07-05 07:51:10 [2] Confirmed the "Link Alive Check". (NextTime=1970-01-01 00:00:00 Result= URL=)
2023-07-05 07:51:10 [3] Confirmed the "Link Alive Check". (NextTime=1970-01-01 00:00:00 Result= URL=)
2023-07-05 07:51:10 [4] Confirmed the "Link Alive Check". (NextTime=1970-01-01 00:00:00 Result= URL=)
2023-07-05 07:51:10 [5] Confirmed the "Link Alive Check". (NextTime=1970-01-01 00:00:00 Result= URL=)
2023-07-05 08:19:03 There were 284 links that passed the next "Link Alive Check" confirmation date and time.
2023-07-05 08:19:03 [1] Confirmed the "Link Alive Check". (NextTime=1970-01-01 00:00:00 Result= URL=)
2023-07-05 08:19:04 [2] Confirmed the "Link Alive Check". (NextTime=1970-01-01 00:00:00 Result= URL=)
2023-07-05 08:19:04 [3] Confirmed the "Link Alive Check". (NextTime=1970-01-01 00:00:00 Result= URL=)
2023-07-05 08:19:04 [4] Confirmed the "Link Alive Check". (NextTime=1970-01-01 00:00:00 Result= URL=)
2023-07-05 08:19:04 [5] Confirmed the "Link Alive Check". (NextTime=1970-01-01 00:00:00 Result= URL=)
2023-07-05 08:25:04 There were 1 links that passed the next "Check SNS Count" confirmation date and time.
2023-07-05 08:25:04 [1] Confirmed the "Check SNS Count". (NextTime=2021-03-24 10:51:03 URL=https://sekailab.com/wp/2016/11/29/in-this-corner-of-the-world/)
2023-07-05 08:54:14 There were 284 links that passed the next "Link Alive Check" confirmation date and time.
2023-07-05 08:54:15 [1] Confirmed the "Link Alive Check". (NextTime=1970-01-01 00:00:00 Result= URL=)
2023-07-05 08:54:15 [2] Confirmed the "Link Alive Check". (NextTime=1970-01-01 00:00:00 Result= URL=)
2023-07-05 08:54:15 [3] Confirmed the "Link Alive Check". (NextTime=1970-01-01 00:00:00 Result= URL=)
2023-07-05 08:54:15 [4] Confirmed the "Link Alive Check". (NextTime=1970-01-01 00:00:00 Result= URL=)
2023-07-05 08:54:15 [5] Confirmed the "Link Alive Check". (NextTime=1970-01-01 00:00:00 Result= URL=)
2023-07-05 09:27:09 There were 284 links that passed the next "Link Alive Check" confirmation date and time.
2023-07-05 09:27:09 [1] Confirmed the "Link Alive Check". (NextTime=1970-01-01 00:00:00 Result= URL=)
2023-07-05 09:27:09 [2] Confirmed the "Link Alive Check". (NextTime=1970-01-01 00:00:00 Result= URL=)
2023-07-05 09:27:09 [3] Confirmed the "Link Alive Check". (NextTime=1970-01-01 00:00:00 Result= URL=)
2023-07-05 09:27:10 [4] Confirmed the "Link Alive Check". (NextTime=1970-01-01 00:00:00 Result= URL=)
2023-07-05 09:27:10 [5] Confirmed the "Link Alive Check". (NextTime=1970-01-01 00:00:00 Result= URL=)
2023-07-05 09:27:10 There were 2 links that passed the next "Check SNS Count" confirmation date and time.
2023-07-05 09:27:10 [1] Confirmed the "Check SNS Count". (NextTime=2021-03-21 02:41:25 URL=https://www.amazon.co.jp/gp/product/B07BJYR3SZ/ref=as_li_ss_il?ie=UTF8&#038;psc=1&#038;linkCode=li2&#038;tag=drunkar-22&#038;linkId=4133038b601dde9d986c8c0f24b19ec9&#038;language=ja_JP)
2023-07-05 09:27:10 [2] Confirmed the "Check SNS Count". (NextTime=2021-03-20 01:00:20 URL=https://learn.unity.com/tutorial/working-with-the-unity-recorder-2019-3#5e1efe8bedbc2a0029fbc0d6)
2023-07-05 09:56:11 There were 284 links that passed the next "Link Alive Check" confirmation date and time.
2023-07-05 09:56:11 [1] Confirmed the "Link Alive Check". (NextTime=1970-01-01 00:00:00 Result= URL=)
2023-07-05 09:56:12 [2] Confirmed the "Link Alive Check". (NextTime=1970-01-01 00:00:00 Result= URL=)
2023-07-05 09:56:12 [3] Confirmed the "Link Alive Check". (NextTime=1970-01-01 00:00:00 Result= URL=)
2023-07-05 09:56:12 [4] Confirmed the "Link Alive Check". (NextTime=1970-01-01 00:00:00 Result= URL=)
2023-07-05 09:56:12 [5] Confirmed the "Link Alive Check". (NextTime=1970-01-01 00:00:00 Result= URL=)
2023-07-05 10:27:14 There were 3 links that passed the next "Check SNS Count" confirmation date and time.
2023-07-05 10:27:14 [1] Confirmed the "Check SNS Count". (NextTime=2021-03-23 13:12:07 URL=https://sekailab.com/wp/2014/12/07/guggenheim-helsinki-image-processing/)
2023-07-05 10:27:14 [2] Confirmed the "Check SNS Count". (NextTime=2021-03-20 12:45:25 URL=http://jikainoyokoku.blog23.fc2.com/blog-entry-729.html)
2023-07-05 10:27:15 [3] Confirmed the "Check SNS Count". (NextTime=2021-04-14 20:21:36 URL=https://sekailab.com/wp/2018/04/14/sakura-vps-nem-supernode-1)
2023-07-05 10:27:15 There were 284 links that passed the next "Link Alive Check" confirmation date and time.
2023-07-05 10:27:15 [1] Confirmed the "Link Alive Check". (NextTime=1970-01-01 00:00:00 Result= URL=)
2023-07-05 10:27:15 [2] Confirmed the "Link Alive Check". (NextTime=1970-01-01 00:00:00 Result= URL=)
2023-07-05 10:27:16 [3] Confirmed the "Link Alive Check". (NextTime=1970-01-01 00:00:00 Result= URL=)
2023-07-05 10:27:16 [4] Confirmed the "Link Alive Check". (NextTime=1970-01-01 00:00:00 Result= URL=)
2023-07-05 10:27:16 [5] Confirmed the "Link Alive Check". (NextTime=1970-01-01 00:00:00 Result= URL=)
2023-07-05 10:59:34 There were 284 links that passed the next "Link Alive Check" confirmation date and time.
2023-07-05 10:59:35 [1] Confirmed the "Link Alive Check". (NextTime=1970-01-01 00:00:00 Result= URL=)
2023-07-05 10:59:35 [2] Confirmed the "Link Alive Check". (NextTime=1970-01-01 00:00:00 Result= URL=)
2023-07-05 10:59:35 [3] Confirmed the "Link Alive Check". (NextTime=1970-01-01 00:00:00 Result= URL=)
2023-07-05 10:59:35 [4] Confirmed the "Link Alive Check". (NextTime=1970-01-01 00:00:00 Result= URL=)
2023-07-05 10:59:36 [5] Confirmed the "Link Alive Check". (NextTime=1970-01-01 00:00:00 Result= URL=)
2023-07-05 11:23:11 There were 1 links that passed the next "Check SNS Count" confirmation date and time.
2023-07-05 11:23:12 [1] Confirmed the "Check SNS Count". (NextTime=2021-03-13 21:45:58 URL=https://sekailab.com/wp/2020/03/25/deepl-translation-with-kindle-cloud-reader/)
2023-07-05 11:30:16 There were 284 links that passed the next "Link Alive Check" confirmation date and time.
2023-07-05 11:30:17 [1] Confirmed the "Link Alive Check". (NextTime=1970-01-01 00:00:00 Result= URL=)
2023-07-05 11:30:17 [2] Confirmed the "Link Alive Check". (NextTime=1970-01-01 00:00:00 Result= URL=)
2023-07-05 11:30:17 [3] Confirmed the "Link Alive Check". (NextTime=1970-01-01 00:00:00 Result= URL=)
2023-07-05 11:30:17 [4] Confirmed the "Link Alive Check". (NextTime=1970-01-01 00:00:00 Result= URL=)
2023-07-05 11:30:18 [5] Confirmed the "Link Alive Check". (NextTime=1970-01-01 00:00:00 Result= URL=)
2023-07-05 11:59:47 There were 284 links that passed the next "Link Alive Check" confirmation date and time.
2023-07-05 11:59:47 [1] Confirmed the "Link Alive Check". (NextTime=1970-01-01 00:00:00 Result= URL=)
2023-07-05 11:59:47 [2] Confirmed the "Link Alive Check". (NextTime=1970-01-01 00:00:00 Result= URL=)
2023-07-05 11:59:48 [3] Confirmed the "Link Alive Check". (NextTime=1970-01-01 00:00:00 Result= URL=)
2023-07-05 11:59:48 [4] Confirmed the "Link Alive Check". (NextTime=1970-01-01 00:00:00 Result= URL=)
2023-07-05 11:59:48 [5] Confirmed the "Link Alive Check". (NextTime=1970-01-01 00:00:00 Result= URL=)
2023-07-05 12:25:26 There were 0 links that passed the next "Check SNS Count" confirmation date and time.
2023-07-05 12:31:46 There were 284 links that passed the next "Link Alive Check" confirmation date and time.
2023-07-05 12:31:46 [1] Confirmed the "Link Alive Check". (NextTime=1970-01-01 00:00:00 Result= URL=)
2023-07-05 12:31:46 [2] Confirmed the "Link Alive Check". (NextTime=1970-01-01 00:00:00 Result= URL=)
2023-07-05 12:31:47 [3] Confirmed the "Link Alive Check". (NextTime=1970-01-01 00:00:00 Result= URL=)
2023-07-05 12:31:47 [4] Confirmed the "Link Alive Check". (NextTime=1970-01-01 00:00:00 Result= URL=)
2023-07-05 12:31:47 [5] Confirmed the "Link Alive Check". (NextTime=1970-01-01 00:00:00 Result= URL=)
2023-07-05 13:01:25 There were 284 links that passed the next "Link Alive Check" confirmation date and time.
2023-07-05 13:01:25 [1] Confirmed the "Link Alive Check". (NextTime=1970-01-01 00:00:00 Result= URL=)
2023-07-05 13:01:25 [2] Confirmed the "Link Alive Check". (NextTime=1970-01-01 00:00:00 Result= URL=)
2023-07-05 13:01:26 [3] Confirmed the "Link Alive Check". (NextTime=1970-01-01 00:00:00 Result= URL=)
2023-07-05 13:01:26 [4] Confirmed the "Link Alive Check". (NextTime=1970-01-01 00:00:00 Result= URL=)
2023-07-05 13:01:26 [5] Confirmed the "Link Alive Check". (NextTime=1970-01-01 00:00:00 Result= URL=)
2023-07-05 13:23:55 There were 0 links that passed the next "Check SNS Count" confirmation date and time.
2023-07-05 13:33:19 There were 284 links that passed the next "Link Alive Check" confirmation date and time.
2023-07-05 13:33:19 [1] Confirmed the "Link Alive Check". (NextTime=1970-01-01 00:00:00 Result= URL=)
2023-07-05 13:33:20 [2] Confirmed the "Link Alive Check". (NextTime=1970-01-01 00:00:00 Result= URL=)
2023-07-05 13:33:20 [3] Confirmed the "Link Alive Check". (NextTime=1970-01-01 00:00:00 Result= URL=)
2023-07-05 13:33:20 [4] Confirmed the "Link Alive Check". (NextTime=1970-01-01 00:00:00 Result= URL=)
2023-07-05 13:33:20 [5] Confirmed the "Link Alive Check". (NextTime=1970-01-01 00:00:00 Result= URL=)
2023-07-05 14:01:59 There were 284 links that passed the next "Link Alive Check" confirmation date and time.
2023-07-05 14:01:59 [1] Confirmed the "Link Alive Check". (NextTime=1970-01-01 00:00:00 Result= URL=)
2023-07-05 14:01:59 [2] Confirmed the "Link Alive Check". (NextTime=1970-01-01 00:00:00 Result= URL=)
2023-07-05 14:02:00 [3] Confirmed the "Link Alive Check". (NextTime=1970-01-01 00:00:00 Result= URL=)
2023-07-05 14:02:00 [4] Confirmed the "Link Alive Check". (NextTime=1970-01-01 00:00:00 Result= URL=)
2023-07-05 14:02:01 [5] Confirmed the "Link Alive Check". (NextTime=1970-01-01 00:00:00 Result= URL=)
2023-07-05 14:24:50 There were 1 links that passed the next "Check SNS Count" confirmation date and time.
2023-07-05 14:24:50 [1] Confirmed the "Check SNS Count". (NextTime=2021-03-23 19:07:00 URL=https://www.amazon.co.jp/%E3%81%AF%E3%81%98%E3%82%81%E3%81%A6%E3%81%AE%E6%A9%9F%E6%A2%B0%E5%AD%A6%E7%BF%92-%E5%B0%8F%E9%AB%98-%E7%9F%A5%E5%AE%8F/dp/4274068463/ref=as_li_ss_il?s=books&#038;ie=UTF8&#038;qid=1516557616&#038;sr=1-1&#038;keywords=%E3%81%AF%E3%81%98%E3%82%81%E3%81%A6%E3%81%AE%E6%A9%9F%E6%A2%B0%E5%AD%A6%E7%BF%92&#038;linkCode=li2&#038;tag=drunkar-22&#038;linkId=6695be54c6a85bf00717196c8fe85cea)
2023-07-05 14:25:34 There were 0 links that passed the next "Check SNS Count" confirmation date and time.
2023-07-05 14:34:02 There were 284 links that passed the next "Link Alive Check" confirmation date and time.
2023-07-05 14:34:02 [1] Confirmed the "Link Alive Check". (NextTime=1970-01-01 00:00:00 Result= URL=)
2023-07-05 14:34:02 [2] Confirmed the "Link Alive Check". (NextTime=1970-01-01 00:00:00 Result= URL=)
2023-07-05 14:34:02 [3] Confirmed the "Link Alive Check". (NextTime=1970-01-01 00:00:00 Result= URL=)
2023-07-05 14:34:03 [4] Confirmed the "Link Alive Check". (NextTime=1970-01-01 00:00:00 Result= URL=)
2023-07-05 14:34:03 [5] Confirmed the "Link Alive Check". (NextTime=1970-01-01 00:00:00 Result= URL=)
2023-07-05 15:04:19 There were 284 links that passed the next "Link Alive Check" confirmation date and time.
2023-07-05 15:04:19 [1] Confirmed the "Link Alive Check". (NextTime=1970-01-01 00:00:00 Result= URL=)
2023-07-05 15:04:20 [2] Confirmed the "Link Alive Check". (NextTime=1970-01-01 00:00:00 Result= URL=)
2023-07-05 15:04:20 [3] Confirmed the "Link Alive Check". (NextTime=1970-01-01 00:00:00 Result= URL=)
2023-07-05 15:04:20 [4] Confirmed the "Link Alive Check". (NextTime=1970-01-01 00:00:00 Result= URL=)
2023-07-05 15:04:20 [5] Confirmed the "Link Alive Check". (NextTime=1970-01-01 00:00:00 Result= URL=)
2023-07-05 15:23:27 There were 0 links that passed the next "Check SNS Count" confirmation date and time.
2023-07-05 15:34:36 There were 284 links that passed the next "Link Alive Check" confirmation date and time.
2023-07-05 15:34:36 [1] Confirmed the "Link Alive Check". (NextTime=1970-01-01 00:00:00 Result= URL=)
2023-07-05 15:34:36 [2] Confirmed the "Link Alive Check". (NextTime=1970-01-01 00:00:00 Result= URL=)
2023-07-05 15:34:36 [3] Confirmed the "Link Alive Check". (NextTime=1970-01-01 00:00:00 Result= URL=)
2023-07-05 15:34:37 [4] Confirmed the "Link Alive Check". (NextTime=1970-01-01 00:00:00 Result= URL=)
2023-07-05 15:34:37 [5] Confirmed the "Link Alive Check". (NextTime=1970-01-01 00:00:00 Result= URL=)
2023-07-05 15:55:02 There were 284 links that passed the next "Link Alive Check" confirmation date and time.
2023-07-05 15:55:02 [1] Confirmed the "Link Alive Check". (NextTime=1970-01-01 00:00:00 Result= URL=)
2023-07-05 15:55:03 [2] Confirmed the "Link Alive Check". (NextTime=1970-01-01 00:00:00 Result= URL=)
2023-07-05 15:55:03 [3] Confirmed the "Link Alive Check". (NextTime=1970-01-01 00:00:00 Result= URL=)
2023-07-05 15:55:03 [4] Confirmed the "Link Alive Check". (NextTime=1970-01-01 00:00:00 Result= URL=)
2023-07-05 15:55:03 [5] Confirmed the "Link Alive Check". (NextTime=1970-01-01 00:00:00 Result= URL=)
2023-07-05 16:06:32 There were 284 links that passed the next "Link Alive Check" confirmation date and time.
2023-07-05 16:06:32 [1] Confirmed the "Link Alive Check". (NextTime=1970-01-01 00:00:00 Result= URL=)
2023-07-05 16:06:33 [2] Confirmed the "Link Alive Check". (NextTime=1970-01-01 00:00:00 Result= URL=)
2023-07-05 16:06:33 [3] Confirmed the "Link Alive Check". (NextTime=1970-01-01 00:00:00 Result= URL=)
2023-07-05 16:06:33 [4] Confirmed the "Link Alive Check". (NextTime=1970-01-01 00:00:00 Result= URL=)
2023-07-05 16:06:33 [5] Confirmed the "Link Alive Check". (NextTime=1970-01-01 00:00:00 Result= URL=)
2023-07-05 16:23:05 There were 3 links that passed the next "Check SNS Count" confirmation date and time.
2023-07-05 16:23:05 [1] Confirmed the "Check SNS Count". (NextTime=2021-04-14 18:51:01 URL=http://jikohtei.ciao.jp/drip/swissgold_test.html)
2023-07-05 16:23:05 [2] Confirmed the "Check SNS Count". (NextTime=2021-03-24 06:48:50 URL=https://www.amazon.co.jp/Roost-%E3%83%8E%E3%83%BC%E3%83%88%E3%83%91%E3%82%BD%E3%82%B3%E3%83%B3%E7%94%A8%E3%82%B9%E3%82%BF%E3%83%B3%E3%83%89-MacBook-%E4%BA%BA%E9%96%93%E5%B7%A5%E5%AD%A6%E3%81%AB%E5%9F%BA%E3%81%A5%E3%81%84%E3%81%9F%E3%83%87%E3%82%B6%E3%82%A4%E3%83%B3-%E3%83%A6%E3%83%8B%E3%83%90%E3%83%BC%E3%82%B5%E3%83%AB%E3%83%87%E3%82%B6%E3%82%A4%E3%83%B3/dp/B01C9KG8IG/ref=as_li_ss_il?s=computers&#038;ie=UTF8&#038;qid=1528530127&#038;sr=1-1&#038;keywords=roost&#038;linkCode=li2&#038;tag=drunkar-22&#038;linkId=a49e099ec421875d90549a4cbdb3dce3)
2023-07-05 16:23:05 [3] Confirmed the "Check SNS Count". (NextTime=2021-04-17 22:34:34 URL=https://www.banggood.com/ja/XIAOMI-Mi-Pad-4-4GB64GB-CN-ROM-WiFi-Original-Box-Snapdragon-660-8-Inch-Tablet-PC-Black-p-1414015.html?p=K226105168701201606R&#038;custlinkid=129858)
2023-07-05 16:36:56 There were 284 links that passed the next "Link Alive Check" confirmation date and time.
2023-07-05 16:36:57 [1] Confirmed the "Link Alive Check". (NextTime=1970-01-01 00:00:00 Result= URL=)
2023-07-05 16:36:57 [2] Confirmed the "Link Alive Check". (NextTime=1970-01-01 00:00:00 Result= URL=)
2023-07-05 16:36:57 [3] Confirmed the "Link Alive Check". (NextTime=1970-01-01 00:00:00 Result= URL=)
2023-07-05 16:36:57 [4] Confirmed the "Link Alive Check". (NextTime=1970-01-01 00:00:00 Result= URL=)
2023-07-05 16:36:58 [5] Confirmed the "Link Alive Check". (NextTime=1970-01-01 00:00:00 Result= URL=)
2023-07-05 16:55:32 There were 284 links that passed the next "Link Alive Check" confirmation date and time.
2023-07-05 16:55:32 [1] Confirmed the "Link Alive Check". (NextTime=1970-01-01 00:00:00 Result= URL=)
2023-07-05 16:55:33 [2] Confirmed the "Link Alive Check". (NextTime=1970-01-01 00:00:00 Result= URL=)
2023-07-05 16:55:33 [3] Confirmed the "Link Alive Check". (NextTime=1970-01-01 00:00:00 Result= URL=)
2023-07-05 16:55:33 [4] Confirmed the "Link Alive Check". (NextTime=1970-01-01 00:00:00 Result= URL=)
2023-07-05 16:55:33 [5] Confirmed the "Link Alive Check". (NextTime=1970-01-01 00:00:00 Result= URL=)
2023-07-05 17:24:27 There were 3 links that passed the next "Check SNS Count" confirmation date and time.
2023-07-05 17:24:27 [1] Confirmed the "Check SNS Count". (NextTime=2021-03-21 10:14:03 URL=https://sekailab.com/wp/2012/10/26/c%e3%81%a7%e3%80%8c%e3%81%af%e3%81%98%e3%82%81%e3%81%a6%e3%81%ae%e6%a9%9f%e6%a2%b0%e5%ad%a6%e7%bf%92%e3%80%8d2%e7%ab%a0-3%e7%ab%a0/)
2023-07-05 17:24:27 [2] Confirmed the "Check SNS Count". (NextTime=2021-03-21 05:55:58 URL=https://www.amazon.co.jp/Razer-DeathAdder-Elite-%E3%82%A8%E3%83%AB%E3%82%B4%E3%83%8E%E3%83%9F%E3%83%83%E3%82%AF-%E3%82%B2%E3%83%BC%E3%83%9F%E3%83%B3%E3%82%B0%E3%83%9E%E3%82%A6%E3%82%B9%E3%80%90%E6%97%A5%E6%9C%AC%E6%AD%A3%E8%A6%8F%E4%BB%A3%E7%90%86%E5%BA%97%E4%BF%9D%E8%A8%BC%E5%93%81%E3%80%91RZ01-02010100-R3A1/dp/B01MXVFVJO/ref=as_li_ss_il?ie=UTF8&#038;qid=1530884170&#038;sr=8-1&#038;keywords=razer+deathadder+elite&#038;linkCode=li2&#038;tag=drunkar-22&#038;linkId=b7b39d54dd3488e4a6a5ba54d283ec3f)
2023-07-05 17:24:27 [3] Confirmed the "Check SNS Count". (NextTime=2021-04-15 19:36:32 URL=https://sekailab.com/wp/2012/10/26/c%E3%81%A7%E3%80%8C%E3%81%AF%E3%81%98%E3%82%81%E3%81%A6%E3%81%AE%E6%A9%9F%E6%A2%B0%E5%AD%A6%E7%BF%92%E3%80%8D2%E7%AB%A0-3%E7%AB%A0)
2023-07-05 17:39:05 There were 284 links that passed the next "Link Alive Check" confirmation date and time.
2023-07-05 17:39:06 [1] Confirmed the "Link Alive Check". (NextTime=1970-01-01 00:00:00 Result= URL=)
2023-07-05 17:39:06 [2] Confirmed the "Link Alive Check". (NextTime=1970-01-01 00:00:00 Result= URL=)
2023-07-05 17:39:06 [3] Confirmed the "Link Alive Check". (NextTime=1970-01-01 00:00:00 Result= URL=)
2023-07-05 17:39:07 [4] Confirmed the "Link Alive Check". (NextTime=1970-01-01 00:00:00 Result= URL=)
2023-07-05 17:39:07 [5] Confirmed the "Link Alive Check". (NextTime=1970-01-01 00:00:00 Result= URL=)
2023-07-05 18:00:05 There were 284 links that passed the next "Link Alive Check" confirmation date and time.
2023-07-05 18:00:06 [1] Confirmed the "Link Alive Check". (NextTime=1970-01-01 00:00:00 Result= URL=)
2023-07-05 18:00:06 [2] Confirmed the "Link Alive Check". (NextTime=1970-01-01 00:00:00 Result= URL=)
2023-07-05 18:00:06 [3] Confirmed the "Link Alive Check". (NextTime=1970-01-01 00:00:00 Result= URL=)
2023-07-05 18:00:06 [4] Confirmed the "Link Alive Check". (NextTime=1970-01-01 00:00:00 Result= URL=)
2023-07-05 18:00:07 [5] Confirmed the "Link Alive Check". (NextTime=1970-01-01 00:00:00 Result= URL=)
2023-07-05 18:24:44 There were 1 links that passed the next "Check SNS Count" confirmation date and time.
2023-07-05 18:24:44 [1] Confirmed the "Check SNS Count". (NextTime=2021-04-06 05:31:05 URL=https://www.amazon.co.jp/%E3%80%90Zortrax-Sidecover%E3%80%91%E3%82%B5%E3%82%A4%E3%83%89%E3%82%AB%E3%83%90%E3%83%BC%E3%82%BB%E3%83%83%E3%83%88-Zortrax%E7%A4%BE-3D%E3%83%97%E3%83%AA%E3%83%B3%E3%82%BF%E3%83%BC-M200-%E7%B4%94%E6%AD%A3%E5%93%81-%E4%B8%A6%E8%A1%8C%E8%BC%B8%E5%85%A5%E5%93%81/dp/B07GYPHDG4/ref=as_li_ss_il?ie=UTF8&#038;qid=1546780995&#038;sr=8-1&#038;keywords=zortrax+%E3%82%B5%E3%82%A4%E3%83%89%E3%82%AB%E3%83%90%E3%83%BC&#038;linkCode=li2&#038;tag=drunkar-22&#038;linkId=1eaf1b07dd0612d0b5f81b0a87515e08&#038;language=ja_JP)
2023-07-05 18:25:43 There were 0 links that passed the next "Check SNS Count" confirmation date and time.
2023-07-05 18:39:23 There were 284 links that passed the next "Link Alive Check" confirmation date and time.
2023-07-05 18:39:23 [1] Confirmed the "Link Alive Check". (NextTime=1970-01-01 00:00:00 Result= URL=)
2023-07-05 18:39:24 [2] Confirmed the "Link Alive Check". (NextTime=1970-01-01 00:00:00 Result= URL=)
2023-07-05 18:39:24 [3] Confirmed the "Link Alive Check". (NextTime=1970-01-01 00:00:00 Result= URL=)
2023-07-05 18:39:24 [4] Confirmed the "Link Alive Check". (NextTime=1970-01-01 00:00:00 Result= URL=)
2023-07-05 18:39:24 [5] Confirmed the "Link Alive Check". (NextTime=1970-01-01 00:00:00 Result= URL=)
2023-07-05 19:04:24 There were 284 links that passed the next "Link Alive Check" confirmation date and time.
2023-07-05 19:04:25 [1] Confirmed the "Link Alive Check". (NextTime=1970-01-01 00:00:00 Result= URL=)
2023-07-05 19:04:25 [2] Confirmed the "Link Alive Check". (NextTime=1970-01-01 00:00:00 Result= URL=)
2023-07-05 19:04:25 [3] Confirmed the "Link Alive Check". (NextTime=1970-01-01 00:00:00 Result= URL=)
2023-07-05 19:04:25 [4] Confirmed the "Link Alive Check". (NextTime=1970-01-01 00:00:00 Result= URL=)
2023-07-05 19:04:26 [5] Confirmed the "Link Alive Check". (NextTime=1970-01-01 00:00:00 Result= URL=)
2023-07-05 19:24:08 There were 2 links that passed the next "Check SNS Count" confirmation date and time.
2023-07-05 19:24:08 [1] Confirmed the "Check SNS Count". (NextTime=2021-04-14 08:33:27 URL=https://www.razer.com/Gaming-System/Razer-Blade-B5/p/RZ09-01952E33-R3U1)
2023-07-05 19:24:08 [2] Confirmed the "Check SNS Count". (NextTime=2021-03-22 04:55:13 URL=https://www.armbian.com/orange-pi-pc2/)
2023-07-05 19:41:45 There were 284 links that passed the next "Link Alive Check" confirmation date and time.
2023-07-05 19:41:45 [1] Confirmed the "Link Alive Check". (NextTime=1970-01-01 00:00:00 Result= URL=)
2023-07-05 19:41:45 [2] Confirmed the "Link Alive Check". (NextTime=1970-01-01 00:00:00 Result= URL=)
2023-07-05 19:41:46 [3] Confirmed the "Link Alive Check". (NextTime=1970-01-01 00:00:00 Result= URL=)
2023-07-05 19:41:46 [4] Confirmed the "Link Alive Check". (NextTime=1970-01-01 00:00:00 Result= URL=)
2023-07-05 19:41:46 [5] Confirmed the "Link Alive Check". (NextTime=1970-01-01 00:00:00 Result= URL=)
2023-07-05 20:07:24 There were 284 links that passed the next "Link Alive Check" confirmation date and time.
2023-07-05 20:07:24 [1] Confirmed the "Link Alive Check". (NextTime=1970-01-01 00:00:00 Result= URL=)
2023-07-05 20:07:24 [2] Confirmed the "Link Alive Check". (NextTime=1970-01-01 00:00:00 Result= URL=)
2023-07-05 20:07:24 [3] Confirmed the "Link Alive Check". (NextTime=1970-01-01 00:00:00 Result= URL=)
2023-07-05 20:07:25 [4] Confirmed the "Link Alive Check". (NextTime=1970-01-01 00:00:00 Result= URL=)
2023-07-05 20:07:25 [5] Confirmed the "Link Alive Check". (NextTime=1970-01-01 00:00:00 Result= URL=)
2023-07-05 20:23:29 There were 0 links that passed the next "Check SNS Count" confirmation date and time.
2023-07-05 20:44:29 There were 284 links that passed the next "Link Alive Check" confirmation date and time.
2023-07-05 20:44:30 [1] Confirmed the "Link Alive Check". (NextTime=1970-01-01 00:00:00 Result= URL=)
2023-07-05 20:44:30 [2] Confirmed the "Link Alive Check". (NextTime=1970-01-01 00:00:00 Result= URL=)
2023-07-05 20:44:30 [3] Confirmed the "Link Alive Check". (NextTime=1970-01-01 00:00:00 Result= URL=)
2023-07-05 20:44:31 [4] Confirmed the "Link Alive Check". (NextTime=1970-01-01 00:00:00 Result= URL=)
2023-07-05 20:44:31 [5] Confirmed the "Link Alive Check". (NextTime=1970-01-01 00:00:00 Result= URL=)
2023-07-05 21:08:56 There were 284 links that passed the next "Link Alive Check" confirmation date and time.
2023-07-05 21:08:56 [1] Confirmed the "Link Alive Check". (NextTime=1970-01-01 00:00:00 Result= URL=)
2023-07-05 21:08:56 [2] Confirmed the "Link Alive Check". (NextTime=1970-01-01 00:00:00 Result= URL=)
2023-07-05 21:08:57 [3] Confirmed the "Link Alive Check". (NextTime=1970-01-01 00:00:00 Result= URL=)
2023-07-05 21:08:57 [4] Confirmed the "Link Alive Check". (NextTime=1970-01-01 00:00:00 Result= URL=)
2023-07-05 21:08:57 [5] Confirmed the "Link Alive Check". (NextTime=1970-01-01 00:00:00 Result= URL=)
2023-07-05 21:24:03 There were 3 links that passed the next "Check SNS Count" confirmation date and time.
2023-07-05 21:24:03 [1] Confirmed the "Check SNS Count". (NextTime=2021-03-25 06:11:22 URL=https://www.amazon.co.jp/Opolar-LC06%E5%90%B8%E5%BC%95%E5%BC%8F%E3%83%8E%E3%83%BC%E3%83%88PC%E5%86%B7%E5%8D%B4%E3%83%95%E3%82%A1%E3%83%B3-%E4%BB%BB%E5%A4%A9%E5%A0%82-Nintendo-Switch%E5%86%B7%E5%8D%B4%E3%83%8E%E3%83%BC%E3%83%88%E3%82%AF%E3%83%BC%E3%83%A9%E3%83%BC-pc%E3%82%AF%E3%83%BC%E3%83%A9%E3%83%BC%E3%83%95%E3%82%A1%E3%83%B3-%E3%82%B3%E3%83%B3%E3%83%91%E3%82%AF%E3%83%88-%E9%9D%99%E9%9F%B3-%E6%B8%A9%E5%BA%A6%E3%81%8C%E8%A1%A8%E7%A4%BA%E3%81%95%E3%82%8C-%E3%83%95%E3%82%A1%E3%83%B3%E3%82%B9%E3%83%94%E3%83%BC%E3%83%89%E8%AA%BF%E6%95%B4%E3%81%8C%E3%81%A7%E3%81%8D-%E3%83%8E%E3%83%BC%E3%83%88PC%E3%81%AE%E5%86%B7%E5%8D%B4%E5%8F%B0-PS4-%E3%83%8B%E3%83%B3%E3%83%86%E3%83%B3%E3%83%89%E3%83%BC%E3%82%B9%E3%82%A4%E3%83%83%E3%83%81%E3%81%AE%E5%86%B7%E5%8D%B4/dp/B01LWN5LTV/ref=as_li_ss_il?ie=UTF8&#038;qid=1528536509&#038;sr=8-6&#038;keywords=%E3%83%8E%E3%83%BC%E3%83%88pc+%E5%86%B7%E5%8D%B4&#038;linkCode=li2&#038;tag=drunkar-22&#038;linkId=160e8cbd24da9a792e255e7af25be6c7)
2023-07-05 21:24:03 [2] Confirmed the "Check SNS Count". (NextTime=2021-04-15 03:14:07 URL=https://www.amazon.co.jp/gp/product/B004X4JPBE/ref=as_li_ss_il?ie=UTF8&#038;psc=1&#038;linkCode=li2&#038;tag=drunkar-22&#038;linkId=63f758e8c2595a9e11843e3a4f23b83d)
2023-07-05 21:24:03 [3] Confirmed the "Check SNS Count". (NextTime=2021-04-15 01:43:04 URL=https://gumroad.com/l/japanese_talk_api_transformer)
2023-07-05 21:46:17 There were 284 links that passed the next "Link Alive Check" confirmation date and time.
2023-07-05 21:46:17 [1] Confirmed the "Link Alive Check". (NextTime=1970-01-01 00:00:00 Result= URL=)
2023-07-05 21:46:18 [2] Confirmed the "Link Alive Check". (NextTime=1970-01-01 00:00:00 Result= URL=)
2023-07-05 21:46:18 [3] Confirmed the "Link Alive Check". (NextTime=1970-01-01 00:00:00 Result= URL=)
2023-07-05 21:46:18 [4] Confirmed the "Link Alive Check". (NextTime=1970-01-01 00:00:00 Result= URL=)
2023-07-05 21:46:18 [5] Confirmed the "Link Alive Check". (NextTime=1970-01-01 00:00:00 Result= URL=)
2023-07-05 22:16:31 There were 284 links that passed the next "Link Alive Check" confirmation date and time.
2023-07-05 22:16:31 [1] Confirmed the "Link Alive Check". (NextTime=1970-01-01 00:00:00 Result= URL=)
2023-07-05 22:16:31 [2] Confirmed the "Link Alive Check". (NextTime=1970-01-01 00:00:00 Result= URL=)
2023-07-05 22:16:32 [3] Confirmed the "Link Alive Check". (NextTime=1970-01-01 00:00:00 Result= URL=)
2023-07-05 22:16:32 [4] Confirmed the "Link Alive Check". (NextTime=1970-01-01 00:00:00 Result= URL=)
2023-07-05 22:16:32 [5] Confirmed the "Link Alive Check". (NextTime=1970-01-01 00:00:00 Result= URL=)
2023-07-05 22:23:05 There were 3 links that passed the next "Check SNS Count" confirmation date and time.
2023-07-05 22:23:05 [1] Confirmed the "Check SNS Count". (NextTime=2021-03-22 11:39:06 URL=https://www.amazon.co.jp/%E3%80%90Amazon-co-jp%E9%99%90%E5%AE%9A%E3%80%91TRUSCO-%E3%83%88%E3%83%A9%E3%82%B9%E3%82%B3-%E8%96%84%E5%9E%8B%E6%8A%98%E3%82%8A%E3%81%9F%E3%81%9F%E3%81%BF%E3%82%B3%E3%83%B3%E3%83%86%E3%83%8A-%E3%83%AD%E3%83%83%E3%82%AF%E3%83%95%E3%82%BF%E4%BB%98-TR-C50B/dp/B06WGM5851/ref=as_li_ss_il?s=diy&#038;ie=UTF8&#038;qid=1515698630&#038;sr=1-3&#038;keywords=%E6%8A%98%E3%82%8A%E3%81%9F%E3%81%9F%E3%81%BF%E3%82%B3%E3%83%B3%E3%83%86%E3%83%8A&#038;linkCode=li2&#038;tag=drunkar-22&#038;linkId=eb387d804019c9d51cacebc4e24ef7f0)
2023-07-05 22:23:05 [2] Confirmed the "Check SNS Count". (NextTime=2021-03-26 12:38:31 URL=https://github.com/facebookresearch/detectron2)
2023-07-05 22:23:05 [3] Confirmed the "Check SNS Count". (NextTime=2021-04-13 15:49:44 URL=https://www.aliexpress.com/snapshot/0.html?spm=a2g0s.9042647.0.0.78264c4dGESzTn&#038;orderId=95090286259840&#038;productId=32922176062)
2023-07-05 22:48:43 There were 284 links that passed the next "Link Alive Check" confirmation date and time.
2023-07-05 22:48:43 [1] Confirmed the "Link Alive Check". (NextTime=1970-01-01 00:00:00 Result= URL=)
2023-07-05 22:48:43 [2] Confirmed the "Link Alive Check". (NextTime=1970-01-01 00:00:00 Result= URL=)
2023-07-05 22:48:43 [3] Confirmed the "Link Alive Check". (NextTime=1970-01-01 00:00:00 Result= URL=)
2023-07-05 22:48:44 [4] Confirmed the "Link Alive Check". (NextTime=1970-01-01 00:00:00 Result= URL=)
2023-07-05 22:48:44 [5] Confirmed the "Link Alive Check". (NextTime=1970-01-01 00:00:00 Result= URL=)
2023-07-05 23:17:45 There were 284 links that passed the next "Link Alive Check" confirmation date and time.
2023-07-05 23:17:45 [1] Confirmed the "Link Alive Check". (NextTime=1970-01-01 00:00:00 Result= URL=)
2023-07-05 23:17:46 [2] Confirmed the "Link Alive Check". (NextTime=1970-01-01 00:00:00 Result= URL=)
2023-07-05 23:17:46 [3] Confirmed the "Link Alive Check". (NextTime=1970-01-01 00:00:00 Result= URL=)
2023-07-05 23:17:46 [4] Confirmed the "Link Alive Check". (NextTime=1970-01-01 00:00:00 Result= URL=)
2023-07-05 23:17:46 [5] Confirmed the "Link Alive Check". (NextTime=1970-01-01 00:00:00 Result= URL=)
2023-07-05 23:23:24 There were 2 links that passed the next "Check SNS Count" confirmation date and time.
2023-07-05 23:23:24 [1] Confirmed the "Check SNS Count". (NextTime=2021-03-23 16:13:58 URL=https://colab.research.google.com/github/Drunkar/notebook/blob/master/coursera_machine_learning_2017/WEEK1_memo_Introduction.ipynb)
2023-07-05 23:23:24 [2] Confirmed the "Check SNS Count". (NextTime=2021-03-20 19:27:06 URL=https://sekailab.com/wp/tag/orange_pi/)
2023-07-05 23:24:17 There were 0 links that passed the next "Check SNS Count" confirmation date and time.
2023-07-05 23:49:49 There were 284 links that passed the next "Link Alive Check" confirmation date and time.
2023-07-05 23:49:49 [1] Confirmed the "Link Alive Check". (NextTime=1970-01-01 00:00:00 Result= URL=)
2023-07-05 23:49:49 [2] Confirmed the "Link Alive Check". (NextTime=1970-01-01 00:00:00 Result= URL=)
2023-07-05 23:49:49 [3] Confirmed the "Link Alive Check". (NextTime=1970-01-01 00:00:00 Result= URL=)
2023-07-05 23:49:50 [4] Confirmed the "Link Alive Check". (NextTime=1970-01-01 00:00:00 Result= URL=)
2023-07-05 23:49:50 [5] Confirmed the "Link Alive Check". (NextTime=1970-01-01 00:00:00 Result= URL=)
