2023-10-14 06:26:07 There were 284 links that passed the next "Link Alive Check" confirmation date and time.
2023-10-14 06:26:07 [1] Confirmed the "Link Alive Check". (NextTime=1970-01-01 00:00:00 Result= URL=)
2023-10-14 06:26:07 [2] Confirmed the "Link Alive Check". (NextTime=1970-01-01 00:00:00 Result= URL=)
2023-10-14 06:26:08 [3] Confirmed the "Link Alive Check". (NextTime=1970-01-01 00:00:00 Result= URL=)
2023-10-14 06:26:16 [4] Confirmed the "Link Alive Check". (NextTime=1970-01-01 00:00:00 Result= URL=)
2023-10-14 06:26:16 [5] Confirmed the "Link Alive Check". (NextTime=1970-01-01 00:00:00 Result= URL=)
2023-10-14 06:27:08 There were 89 links that passed the next "Check SNS Count" confirmation date and time.
2023-10-14 06:27:09 [1] Confirmed the "Check SNS Count". (NextTime=2021-04-15 11:38:10 URL=https://sekailab.com/wp/2016/06/27/100%E5%86%86%E3%81%A7arduino%E3%81%8C%E8%B2%B7%E3%81%88%E3%81%9F%E9%80%81%E6%96%99%E5%88%A5%E3%80%82%E4%BA%92%E6%8F%9B%E6%A9%9F%E3%81%A0%E3%81%91%E3%81%A9)
2023-10-14 06:27:09 [2] Confirmed the "Check SNS Count". (NextTime=2021-03-26 16:53:27 URL=https://sekailab.com/wp/2018/10/15/mistel-barocco-md650l-case/)
2023-10-14 06:27:09 [3] Confirmed the "Check SNS Count". (NextTime=2021-04-14 18:51:01 URL=http://jikohtei.ciao.jp/drip/swissgold_test.html)
2023-10-14 06:27:09 [4] Confirmed the "Check SNS Count". (NextTime=2021-03-22 10:43:45 URL=https://sekailab.com/wp/2016/07/19/python-logging/)
2023-10-14 06:27:09 [5] Confirmed the "Check SNS Count". (NextTime=2021-03-26 08:18:19 URL=https://www.amazon.co.jp/gp/product/B072K8HQBC/ref=as_li_ss_il?ie=UTF8&#038;psc=1&#038;linkCode=li2&#038;tag=drunkar-22&#038;linkId=4acbd08e60d33549d73e3f53aba74bf8)
2023-10-14 06:27:09 [6] Confirmed the "Check SNS Count". (NextTime=2021-04-15 01:43:04 URL=https://gumroad.com/l/japanese_talk_api_transformer)
2023-10-14 06:27:09 [7] Confirmed the "Check SNS Count". (NextTime=2021-04-10 20:08:11 URL=https://github.com/Drunkar/papers)
2023-10-14 06:27:09 [8] Confirmed the "Check SNS Count". (NextTime=2021-03-20 22:02:44 URL=https://www.amazon.co.jp/gp/product/B07QNVHMFC/ref=as_li_ss_il?ie=UTF8&#038;psc=1&#038;linkCode=li2&#038;tag=drunkar-22&#038;linkId=d9dcb66a676446c9063f6fa75839ce05)
2023-10-14 06:27:09 [9] Confirmed the "Check SNS Count". (NextTime=2021-03-23 19:07:00 URL=https://www.amazon.co.jp/%E3%81%AF%E3%81%98%E3%82%81%E3%81%A6%E3%81%AE%E6%A9%9F%E6%A2%B0%E5%AD%A6%E7%BF%92-%E5%B0%8F%E9%AB%98-%E7%9F%A5%E5%AE%8F/dp/4274068463/ref=as_li_ss_il?s=books&#038;ie=UTF8&#038;qid=1516557616&#038;sr=1-1&#038;keywords=%E3%81%AF%E3%81%98%E3%82%81%E3%81%A6%E3%81%AE%E6%A9%9F%E6%A2%B0%E5%AD%A6%E7%BF%92&#038;linkCode=li2&#038;tag=drunkar-22&#038;linkId=6695be54c6a85bf00717196c8fe85cea)
2023-10-14 06:27:09 [10] Confirmed the "Check SNS Count". (NextTime=2021-03-26 20:02:20 URL=https://hub.docker.com/r/drunkar/airflow-alpine/)
2023-10-14 08:26:45 There were 83 links that passed the next "Check SNS Count" confirmation date and time.
2023-10-14 08:26:45 [1] Confirmed the "Check SNS Count". (NextTime=2021-03-22 03:43:27 URL=https://sekailab.com/wp/2012/10/27/c%e3%81%a7%e3%80%8c%e3%81%af%e3%81%98%e3%82%81%e3%81%a6%e3%81%ae%e6%a9%9f%e6%a2%b0%e5%ad%a6%e7%bf%92%e3%80%8d4%e7%ab%a0/)
2023-10-14 08:26:45 [2] Confirmed the "Check SNS Count". (NextTime=2021-03-26 06:10:30 URL=https://www.amazon.co.jp/gp/product/B071W8KL4F/ref=as_li_ss_il?ie=UTF8&#038;psc=1&#038;linkCode=li2&#038;tag=drunkar-22&#038;linkId=19963b3f4ddfcafbf008707f58e161b0)
2023-10-14 08:26:45 [3] Confirmed the "Check SNS Count". (NextTime=2021-03-19 16:16:37 URL=https://sekailab.com/wp/2018/08/12/sakura-vps-nem-supernode-4/)
2023-10-14 08:26:45 [4] Confirmed the "Check SNS Count". (NextTime=2021-04-14 23:47:04 URL=https://assetstore.unity.com/packages/essentials/asset-packs/standard-assets-for-unity-2017-3-32351)
2023-10-14 08:26:45 [5] Confirmed the "Check SNS Count". (NextTime=2021-03-23 13:44:56 URL=https://sekailab.com/wp/2016/07/18/python-test/)
2023-10-14 08:26:45 [6] Confirmed the "Check SNS Count". (NextTime=2021-04-14 13:59:20 URL=https://sekailab.com/wp/2016/07/18/python-test)
2023-10-14 08:26:45 [7] Confirmed the "Check SNS Count". (NextTime=2021-03-23 19:32:51 URL=https://sekailab.com/wp/2016/06/27/100%E5%86%86%E3%81%A7arduino%E3%81%8C%E8%B2%B7%E3%81%88%E3%81%9F%E9%80%81%E6%96%99%E5%88%A5%E3%80%82%E4%BA%92%E6%8F%9B%E6%A9%9F%E3%81%A0%E3%81%91%E3%81%A9/)
2023-10-14 08:26:45 [8] Confirmed the "Check SNS Count". (NextTime=2021-04-15 03:14:07 URL=https://www.amazon.co.jp/gp/product/B004X4JPBE/ref=as_li_ss_il?ie=UTF8&#038;psc=1&#038;linkCode=li2&#038;tag=drunkar-22&#038;linkId=63f758e8c2595a9e11843e3a4f23b83d)
2023-10-14 08:26:45 [9] Confirmed the "Check SNS Count". (NextTime=2021-04-14 23:36:28 URL=https://sekailab.com/wp/2020/03/25/deepl-translation-with-kindle-cloud-reader)
2023-10-14 08:26:45 [10] Confirmed the "Check SNS Count". (NextTime=2021-03-22 06:32:20 URL=https://www.amazon.co.jp/gp/product/B01J74UUD6/ref=as_li_ss_il?ie=UTF8&#038;psc=1&#038;linkCode=li2&#038;tag=drunkar-22&#038;linkId=34401a05e76588a8b541312ea31a2a71)
2023-10-14 08:26:45 There were 284 links that passed the next "Link Alive Check" confirmation date and time.
2023-10-14 08:26:46 [1] Confirmed the "Link Alive Check". (NextTime=1970-01-01 00:00:00 Result= URL=)
2023-10-14 08:26:54 [2] Confirmed the "Link Alive Check". (NextTime=1970-01-01 00:00:00 Result= URL=)
2023-10-14 08:26:54 [3] Confirmed the "Link Alive Check". (NextTime=1970-01-01 00:00:00 Result= URL=)
2023-10-14 08:26:54 [4] Confirmed the "Link Alive Check". (NextTime=1970-01-01 00:00:00 Result= URL=)
2023-10-14 08:26:55 [5] Confirmed the "Link Alive Check". (NextTime=1970-01-01 00:00:00 Result= URL=)
2023-10-14 08:27:01 There were 284 links that passed the next "Link Alive Check" confirmation date and time.
2023-10-14 08:27:01 [1] Confirmed the "Link Alive Check". (NextTime=1970-01-01 00:00:00 Result= URL=)
2023-10-14 08:27:02 [2] Confirmed the "Link Alive Check". (NextTime=1970-01-01 00:00:00 Result= URL=)
2023-10-14 08:27:02 [3] Confirmed the "Link Alive Check". (NextTime=1970-01-01 00:00:00 Result= URL=)
2023-10-14 08:27:02 [4] Confirmed the "Link Alive Check". (NextTime=1970-01-01 00:00:00 Result= URL=)
2023-10-14 08:27:03 [5] Confirmed the "Link Alive Check". (NextTime=1970-01-01 00:00:00 Result= URL=)
2023-10-14 10:34:35 There were 284 links that passed the next "Link Alive Check" confirmation date and time.
2023-10-14 10:34:36 There were 78 links that passed the next "Check SNS Count" confirmation date and time.
2023-10-14 10:34:36 [1] Confirmed the "Link Alive Check". (NextTime=1970-01-01 00:00:00 Result= URL=)
2023-10-14 10:34:36 [2] Confirmed the "Link Alive Check". (NextTime=1970-01-01 00:00:00 Result= URL=)
2023-10-14 10:34:36 [1] Confirmed the "Check SNS Count". (NextTime=2021-04-15 02:00:47 URL=https://sekailab.com/wp/2018/04/16/sakura-vps-nem-supernode-2)
2023-10-14 10:34:36 [2] Confirmed the "Check SNS Count". (NextTime=2021-04-13 15:49:44 URL=https://www.aliexpress.com/snapshot/0.html?spm=a2g0s.9042647.0.0.78264c4dGESzTn&#038;orderId=95090286259840&#038;productId=32922176062)
2023-10-14 10:34:36 [3] Confirmed the "Check SNS Count". (NextTime=2021-04-05 06:43:56 URL=https://sekailab.com/wp/2018/11/29/chongqing-mansion-currency-exchange/)
2023-10-14 10:34:36 [4] Confirmed the "Check SNS Count". (NextTime=2021-04-14 13:39:40 URL=https://sekailab.com/wp/2018/01/13/15w-chinese-laser-cutter-4)
2023-10-14 10:34:36 [5] Confirmed the "Check SNS Count". (NextTime=2021-03-20 17:57:15 URL=https://github.com/lwfinger/rtl8188eu)
2023-10-14 10:34:36 [6] Confirmed the "Check SNS Count". (NextTime=2021-03-25 09:08:18 URL=https://www.amazon.co.jp/%E3%83%9C%E3%83%87%E3%82%A3%E3%82%A6%E3%82%A4%E3%83%B3%E3%82%B0-%E3%83%9B%E3%82%A8%E3%82%A4%E3%83%97%E3%83%AD%E3%83%86%E3%82%A4%E3%83%B3-1kg-%E7%84%A1%E6%B7%BB%E5%8A%A0-%E3%83%8A%E3%83%81%E3%83%A5%E3%83%A9%E3%83%AB/dp/B01COZY3VK/ref=as_li_ss_il?s=hpc&#038;ie=UTF8&#038;qid=1483631751&#038;sr=1-11&#038;keywords=%E3%83%97%E3%83%AD%E3%83%86%E3%82%A4%E3%83%B3&#038;linkCode=li2&#038;tag=drunkar-22&#038;linkId=ef06cf2c8c30b70091f64dd4bdd79619)
2023-10-14 10:34:36 [7] Confirmed the "Check SNS Count". (NextTime=202