2024-05-31 00:22:36 There were 8 links that passed the next "Check SNS Count" confirmation date and time.
2024-05-31 00:22:36 [1] Confirmed the "Check SNS Count". (NextTime=2021-03-21 16:59:15 URL=https://www.amazon.co.jp/3M-%E3%82%B9%E3%82%B3%E3%83%83%E3%83%81-%E5%BC%B7%E5%8A%9B%E4%B8%A1%E9%9D%A2%E3%83%86%E3%83%BC%E3%83%97-20mm%C3%9710m-PSD-20/dp/B002YMQILC/ref=as_li_ss_il?ie=UTF8&#038;qid=1523532084&#038;sr=8-6&#038;keywords=scotch+%E5%BC%B7%E5%8A%9B%E4%B8%A1%E9%9D%A2%E3%83%86%E3%83%BC%E3%83%97+20mm&#038;linkCode=li2&#038;tag=drunkar-22&#038;linkId=7d553de20ef02ada7021590e02dc4672)
2024-05-31 00:22:36 [2] Confirmed the "Check SNS Count". (NextTime=2021-04-15 03:44:18 URL=https://sekailab.com/wp/2019/01/08/google-translate-tools-for-english-papers)
2024-05-31 00:22:36 [3] Confirmed the "Check SNS Count". (NextTime=2024-04-22 06:50:05 URL=https://www.amazon.co.jp/HARIO-%E3%83%8F%E3%83%AA%E3%82%AA-%E3%83%89%E3%83%AA%E3%83%83%E3%83%91%E3%83%BC-%E3%82%AB%E3%83%95%E3%82%A7%E3%82%AA%E3%83%BC%E3%83%AB-CFOD-02B/dp/B0040VIN18/ref=as_li_ss_il?__mk_ja_JP=%E3%82%AB%E3%82%BF%E3%82%AB%E3%83%8A&amp;#038;keywords=%E3%82%B3%E3%83%BC%E3%83%92%E3%83%BC%E3%83%95%E3%82%A3%E3%83%AB%E3%82%BF%E3%83%BC+%E9%87%91%E5%B1%9E&amp;#038;qid=1585584028&amp;#038;sr=8-7&amp;#038;linkCode=li2&amp;#038;tag=drunkar-22&amp;#038;linkId=c03c53ade732daac257ada12735145a2)
2024-05-31 00:22:36 [4] Confirmed the "Check SNS Count". (NextTime=2021-03-24 17:31:08 URL=https://sekailab.com/wp/2018/08/14/librealsense-with-armbian-on-orangepi-pc2/)
2024-05-31 00:22:36 [5] Confirmed the "Check SNS Count". (NextTime=2021-04-15 08:07:48 URL=https://sekailab.com/?s=300%E3%83%89%E3%83%AB15W%E4%B8%AD%E8%8F%AF%E5%8D%8A%E5%B0%8E%E4%BD%93%E3%83%AC%E3%83%BC%E3%82%B6%E3%83%BC%E3%82%AB%E3%83%83%E3%82%BF%E3%83%BC)
2024-05-31 00:22:36 [6] Confirmed the "Check SNS Count". (NextTime=2021-03-24 06:32:18 URL=https://sekailab.com/wp/2018/01/13/15w-chinese-laser-cutter-4/)
2024-05-31 00:22:36 [7] Confirmed the "Check SNS Count". (NextTime=2021-04-14 22:59:04 URL=https://sekailab.com/wp/2018/11/29/chongqing-mansion-currency-exchange)
2024-05-31 00:22:36 [8] Confirmed the "Check SNS Count". (NextTime=2021-04-06 18:46:30 URL=https://www.quora.com/How-does-Distil-Networks-Bot-and-Scraper-Detection-work-Are-there-advantages-to-its-technology-as-compared-to-other-competitors)
2024-05-31 00:32:22 There were 318 links that passed the next "Link Alive Check" confirmation date and time.
2024-05-31 00:32:22 [1] Confirmed the "Link Alive Check". (NextTime=1970-01-01 00:00:00 Result= URL=)
2024-05-31 00:32:22 [2] Confirmed the "Link Alive Check". (NextTime=1970-01-01 00:00:00 Result= URL=)
2024-05-31 00:32:23 [3] Confirmed the "Link Alive Check". (NextTime=1970-01-01 00:00:00 Result= URL=)
2024-05-31 00:32:23 [4] Confirmed the "Link Alive Check". (NextTime=1970-01-01 00:00:00 Result= URL=)
2024-05-31 00:32:23 [5] Confirmed the "Link Alive Check". (NextTime=1970-01-01 00:00:00 Result= URL=)
2024-05-31 00:59:07 There were 318 links that passed the next "Link Alive Check" confirmation date and time.
2024-05-31 00:59:07 [1] Confirmed the "Link Alive Check". (NextTime=1970-01-01 00:00:00 Result= URL=)
2024-05-31 00:59:08 [2] Confirmed the "Link Alive Check". (NextTime=1970-01-01 00:00:00 Result= URL=)
2024-05-31 00:59:08 [3] Confirmed the "Link Alive Check". (NextTime=1970-01-01 00:00:00 Result= URL=)
2024-05-31 00:59:08 [4] Confirmed the "Link Alive Check". (NextTime=1970-01-01 00:00:00 Result= URL=)
2024-05-31 00:59:09 [5] Confirmed the "Link Alive Check". (NextTime=1970-01-01 00:00:00 Result= URL=)
2024-05-31 01:25:11 There were 2 links that passed the next "Check SNS Count" confirmation date and time.
2024-05-31 01:25:11 [1] Confirmed the "Check SNS Count". (NextTime=2021-03-21 20:42:31 URL=https://sekailab.com/wp/2013/02/23/%e5%bb%ba%e7%af%89%e6%89%b9%e8%a9%95%e7%a9%ba%e9%96%93%e3%82%92%e5%8f%af%e8%a6%96%e5%8c%96%e3%81%97%e3%81%a6%e3%81%bf%e3%81%9f/)
2024-05-31 01:25:11 [2] Confirmed the "Check SNS Count". (NextTime=2021-03-22 03:43:27 URL=https://sekailab.com/wp/2012/10/27/c%e3%81%a7%e3%80%8c%e3%81%af%e3%81%98%e3%82%81%e3%81%a6%e3%81%ae%e6%a9%9f%e6%a2%b0%e5%ad%a6%e7%bf%92%e3%80%8d4%e7%ab%a0/)
2024-05-31 01:33:30 There were 318 links that passed the next "Link Alive Check" confirmation date and time.
2024-05-31 01:33:31 [1] Confirmed the "Link Alive Check". (NextTime=1970-01-01 00:00:00 Result= URL=)
2024-05-31 01:33:31 [2] Confirmed the "Link Alive Check". (NextTime=1970-01-01 00:00:00 Result= URL=)
2024-05-31 01:33:31 [3] Confirmed the "Link Alive Check". (NextTime=1970-01-01 00:00:00 Result= URL=)
2024-05-31 01:33:32 [4] Confirmed the "Link Alive Check". (NextTime=1970-01-01 00:00:00 Result= URL=)
2024-05-31 01:33:32 [5] Confirmed the "Link Alive Check". (NextTime=1970-01-01 00:00:00 Result= URL=)
2024-05-31 01:51:20 There were 318 links that passed the next "Link Alive Check" confirmation date and time.
2024-05-31 01:51:20 [1] Confirmed the "Link Alive Check". (NextTime=1970-01-01 00:00:00 Result= URL=)
2024-05-31 01:51:20 [2] Confirmed the "Link Alive Check". (NextTime=1970-01-01 00:00:00 Result= URL=)
2024-05-31 01:51:21 [3] Confirmed the "Link Alive Check". (NextTime=1970-01-01 00:00:00 Result= URL=)
2024-05-31 01:51:21 [4] Confirmed the "Link Alive Check". (NextTime=1970-01-01 00:00:00 Result= URL=)
2024-05-31 01:51:21 [5] Confirmed the "Link Alive Check". (NextTime=1970-01-01 00:00:00 Result= URL=)
2024-05-31 02:20:39 There were 2 links that passed the next "Check SNS Count" confirmation date and time.
2024-05-31 02:20:39 [1] Confirmed the "Check SNS Count". (NextTime=2021-03-23 01:47:51 URL=https://www.amazon.co.jp/dp/B07TGKQV2X/ref=as_li_ss_il?_encoding=UTF8&#038;psc=1&#038;linkCode=li2&#038;tag=drunkar-22&#038;linkId=dd7f6044dfb46becb60e273dcabd963c)
2024-05-31 02:20:40 [2] Confirmed the "Check SNS Count". (NextTime=2021-04-16 02:28:08 URL=https://sekailab.com/wp/2012/10/28/c%E3%81%A7%E3%80%8C%E3%81%AF%E3%81%98%E3%82%81%E3%81%A6%E3%81%AE%E6%A9%9F%E6%A2%B0%E5%AD%A6%E7%BF%92%E3%80%8D6%E7%AB%A0)
2024-05-31 02:34:20 There were 318 links that passed the next "Link Alive Check" confirmation date and time.
2024-05-31 02:34:21 [1] Confirmed the "Link Alive Check". (NextTime=1970-01-01 00:00:00 Result= URL=)
2024-05-31 02:34:21 [2] Confirmed the "Link Alive Check". (NextTime=1970-01-01 00:00:00 Result= URL=)
2024-05-31 02:34:22 [3] Confirmed the "Link Alive Check". (NextTime=1970-01-01 00:00:00 Result= URL=)
2024-05-31 02:34:22 [4] Confirmed the "Link Alive Check". (NextTime=1970-01-01 00:00:00 Result= URL=)
2024-05-31 02:34:22 [5] Confirmed the "Link Alive Check". (NextTime=1970-01-01 00:00:00 Result= URL=)
2024-05-31 02:52:22 There were 318 links that passed the next "Link Alive Check" confirmation date and time.
2024-05-31 02:52:22 [1] Confirmed the "Link Alive Check". (NextTime=1970-01-01 00:00:00 Result= URL=)
2024-05-31 02:52:23 [2] Confirmed the "Link Alive Check". (NextTime=1970-01-01 00:00:00 Result= URL=)
2024-05-31 02:52:23 [3] Confirmed the "Link Alive Check". (NextTime=1970-01-01 00:00:00 Result= URL=)
2024-05-31 02:52:23 [4] Confirmed the "Link Alive Check". (NextTime=1970-01-01 00:00:00 Result= URL=)
2024-05-31 02:52:24 [5] Confirmed the "Link Alive Check". (NextTime=1970-01-01 00:00:00 Result= URL=)
2024-05-31 03:21:55 There were 1 links that passed the next "Check SNS Count" confirmation date and time.
2024-05-31 03:21:55 [1] Confirmed the "Check SNS Count". (NextTime=2021-03-23 16:13:58 URL=https://colab.research.google.com/github/Drunkar/notebook/blob/master/coursera_machine_learning_2017/WEEK1_memo_Introduction.ipynb)
2024-05-31 03:34:25 There were 318 links that passed the next "Link Alive Check" confirmation date and time.
2024-05-31 03:34:25 [1] Confirmed the "Link Alive Check". (NextTime=1970-01-01 00:00:00 Result= URL=)
2024-05-31 03:34:26 [2] Confirmed the "Link Alive Check". (NextTime=1970-01-01 00:00:00 Result= URL=)
2024-05-31 03:34:26 [3] Confirmed the "Link Alive Check". (NextTime=1970-01-01 00:00:00 Result= URL=)
2024-05-31 03:34:26 [4] Confirmed the "Link Alive Check". (NextTime=1970-01-01 00:00:00 Result= URL=)
2024-05-31 03:34:26 [5] Confirmed the "Link Alive Check". (NextTime=1970-01-01 00:00:00 Result= URL=)
2024-05-31 03:54:35 There were 318 links that passed the next "Link Alive Check" confirmation date and time.
2024-05-31 03:54:35 [1] Confirmed the "Link Alive Check". (NextTime=1970-01-01 00:00:00 Result= URL=)
2024-05-31 03:54:35 [2] Confirmed the "Link Alive Check". (NextTime=1970-01-01 00:00:00 Result= URL=)
2024-05-31 03:54:35 [3] Confirmed the "Link Alive Check". (NextTime=1970-01-01 00:00:00 Result= URL=)
2024-05-31 03:54:36 [4] Confirmed the "Link Alive Check". (NextTime=1970-01-01 00:00:00 Result= URL=)
2024-05-31 03:54:36 [5] Confirmed the "Link Alive Check". (NextTime=1970-01-01 00:00:00 Result= URL=)
2024-05-31 04:20:34 There were 7 links that passed the next "Check SNS Count" confirmation date and time.
2024-05-31 04:20:34 [1] Confirmed the "Check SNS Count". (NextTime=2021-03-26 04:14:37 URL=https://www.atmarkit.co.jp/ait/articles/1812/06/news040.html)
2024-05-31 04:20:34 [2] Confirmed the "Check SNS Count". (NextTime=2021-04-06 07:26:44 URL=https://stackoverflow.com/questions/33225947/can-a-website-detect-when-you-are-using-selenium-with-chromedriver)
2024-05-31 04:20:34 [3] Confirmed the "Check SNS Count". (NextTime=2021-03-21 02:41:25 URL=https://www.amazon.co.jp/gp/product/B07BJYR3SZ/ref=as_li_ss_il?ie=UTF8&#038;psc=1&#038;linkCode=li2&#038;tag=drunkar-22&#038;linkId=4133038b601dde9d986c8c0f24b19ec9&#038;language=ja_JP)
2024-05-31 04:20:34 [4] Confirmed the "Check SNS Count". (NextTime=2021-03-22 08:07:22 URL=https://www.amazon.co.jp/gp/product/B001D2Z2S4/ref=as_li_ss_il?ie=UTF8&#038;psc=1&#038;linkCode=li2&#038;tag=drunkar-22&#038;linkId=c90ca85b4004d7080a44c2fbf8baa85d)
2024-05-31 04:20:34 [5] Confirmed the "Check SNS Count". (NextTime=2021-03-24 13:40:40 URL=https://www.amazon.co.jp/gp/product/B01G3ERI6U/ref=as_li_ss_il?ie=UTF8&#038;psc=1&#038;linkCode=li2&#038;tag=drunkar-22&#038;linkId=998da7875e65d27078483f0cfd9852f8)
2024-05-31 04:20:34 [6] Confirmed the "Check SNS Count". (NextTime=2021-04-15 03:14:07 URL=https://www.amazon.co.jp/gp/product/B004X4JPBE/ref=as_li_ss_il?ie=UTF8&#038;psc=1&#038;linkCode=li2&#038;tag=drunkar-22&#038;linkId=63f758e8c2595a9e11843e3a4f23b83d)
2024-05-31 04:20:34 [7] Confirmed the "Check SNS Count". (NextTime=2024-04-22 16:53:38 URL=https://www.amazon.co.jp/Macks-Pillow-Soft-%E3%82%B7%E3%83%AA%E3%82%B3%E3%83%B3%E8%80%B3%E6%A0%93-6%E3%83%9A%E3%82%A2%C3%972%E3%82%BB%E3%83%83%E3%83%88%E3%80%90%E6%AD%A3%E8%A6%8F%E8%BC%B8%E5%85%A5%E5%93%81%E3%80%91/dp/B01L6KDD0G?__mk_ja_JP=%E3%82%AB%E3%82%BF%E3%82%AB%E3%83%8A&amp;#038;crid=27K0UKD3ZMV3Z&amp;#038;dchild=1&amp;#038;keywords=macks+earplugs&amp;#038;qid=1622629541&amp;#038;sprefix=macks+ea,aps,316&amp;#038;sr=8-5&amp;#038;linkCode=li2&amp;#038;tag=drunkar-22&amp;#038;linkId=b3b035948dd8e7a105298e7c3fde444a&amp;#038;language=ja_JP&amp;#038;ref_=as_li_ss_il)
2024-05-31 04:34:32 There were 318 links that passed the next "Link Alive Check" confirmation date and time.
2024-05-31 04:34:32 [1] Confirmed the "Link Alive Check". (NextTime=1970-01-01 00:00:00 Result= URL=)
2024-05-31 04:34:32 [2] Confirmed the "Link Alive Check". (NextTime=1970-01-01 00:00:00 Result= URL=)
2024-05-31 04:34:33 [3] Confirmed the "Link Alive Check". (NextTime=1970-01-01 00:00:00 Result= URL=)
2024-05-31 04:34:33 [4] Confirmed the "Link Alive Check". (NextTime=1970-01-01 00:00:00 Result= URL=)
2024-05-31 04:34:33 [5] Confirmed the "Link Alive Check". (NextTime=1970-01-01 00:00:00 Result= URL=)
2024-05-31 04:57:32 There were 318 links that passed the next "Link Alive Check" confirmation date and time.
2024-05-31 04:57:32 [1] Confirmed the "Link Alive Check". (NextTime=1970-01-01 00:00:00 Result= URL=)
2024-05-31 04:57:32 [2] Confirmed the "Link Alive Check". (NextTime=1970-01-01 00:00:00 Result= URL=)
2024-05-31 04:57:33 [3] Confirmed the "Link Alive Check". (NextTime=1970-01-01 00:00:00 Result= URL=)
2024-05-31 04:57:33 [4] Confirmed the "Link Alive Check". (NextTime=1970-01-01 00:00:00 Result= URL=)
2024-05-31 04:57:34 [5] Confirmed the "Link Alive Check". (NextTime=1970-01-01 00:00:00 Result= URL=)
2024-05-31 05:21:06 There were 4 links that passed the next "Check SNS Count" confirmation date and time.
2024-05-31 05:21:06 [1] Confirmed the "Check SNS Count". (NextTime=2021-03-28 10:53:38 URL=https://github.com/Drunkar/barocco_md650l_mods)
2024-05-31 05:21:06 [2] Confirmed the "Check SNS Count". (NextTime=2021-03-21 06:01:15 URL=https://www.banggood.com/RunCam-Nano-2-13-700TVL-1_8mm2_1mm-FOV-155170-Degree-CMOS-FPV-Camera-for-FPV-RC-Drone-p-1469656.html?p=K226105168701201606R)
2024-05-31 05:21:06 [3] Confirmed the "Check SNS Count". (NextTime=2021-03-20 06:10:49 URL=https://www.amazon.co.jp/gp/product/B077R9R4Y4/ref=as_li_ss_il?ie=UTF8&#038;psc=1&#038;linkCode=li2&#038;tag=drunkar-22&#038;linkId=6b2240196fb9eedbc1594687fc949fc8)
2024-05-31 05:21:06 [4] Confirmed the "Check SNS Count". (NextTime=2021-03-25 06:11:22 URL=https://www.amazon.co.jp/Opolar-LC06%E5%90%B8%E5%BC%95%E5%BC%8F%E3%83%8E%E3%83%BC%E3%83%88PC%E5%86%B7%E5%8D%B4%E3%83%95%E3%82%A1%E3%83%B3-%E4%BB%BB%E5%A4%A9%E5%A0%82-Nintendo-Switch%E5%86%B7%E5%8D%B4%E3%83%8E%E3%83%BC%E3%83%88%E3%82%AF%E3%83%BC%E3%83%A9%E3%83%BC-pc%E3%82%AF%E3%83%BC%E3%83%A9%E3%83%BC%E3%83%95%E3%82%A1%E3%83%B3-%E3%82%B3%E3%83%B3%E3%83%91%E3%82%AF%E3%83%88-%E9%9D%99%E9%9F%B3-%E6%B8%A9%E5%BA%A6%E3%81%8C%E8%A1%A8%E7%A4%BA%E3%81%95%E3%82%8C-%E3%83%95%E3%82%A1%E3%83%B3%E3%82%B9%E3%83%94%E3%83%BC%E3%83%89%E8%AA%BF%E6%95%B4%E3%81%8C%E3%81%A7%E3%81%8D-%E3%83%8E%E3%83%BC%E3%83%88PC%E3%81%AE%E5%86%B7%E5%8D%B4%E5%8F%B0-PS4-%E3%83%8B%E3%83%B3%E3%83%86%E3%83%B3%E3%83%89%E3%83%BC%E3%82%B9%E3%82%A4%E3%83%83%E3%83%81%E3%81%AE%E5%86%B7%E5%8D%B4/dp/B01LWN5LTV/ref=as_li_ss_il?ie=UTF8&#038;qid=1528536509&#038;sr=8-6&#038;keywords=%E3%83%8E%E3%83%BC%E3%83%88pc+%E5%86%B7%E5%8D%B4&#038;linkCode=li2&#038;tag=drunkar-22&#038;linkId=160e8cbd24da9a792e255e7af25be6c7)
2024-05-31 05:39:45 There were 318 links that passed the next "Link Alive Check" confirmation date and time.
2024-05-31 05:39:46 [1] Confirmed the "Link Alive Check". (NextTime=1970-01-01 00:00:00 Result= URL=)
2024-05-31 05:39:46 [2] Confirmed the "Link Alive Check". (NextTime=1970-01-01 00:00:00 Result= URL=)
2024-05-31 05:39:46 [3] Confirmed the "Link Alive Check". (NextTime=1970-01-01 00:00:00 Result= URL=)
2024-05-31 05:39:47 [4] Confirmed the "Link Alive Check". (NextTime=1970-01-01 00:00:00 Result= URL=)
2024-05-31 05:39:47 [5] Confirmed the "Link Alive Check". (NextTime=1970-01-01 00:00:00 Result= URL=)
2024-05-31 06:01:21 There were 318 links that passed the next "Link Alive Check" confirmation date and time.
2024-05-31 06:01:22 [1] Confirmed the "Link Alive Check". (NextTime=1970-01-01 00:00:00 Result= URL=)
2024-05-31 06:01:22 [2] Confirmed the "Link Alive Check". (NextTime=1970-01-01 00:00:00 Result= URL=)
2024-05-31 06:01:22 [3] Confirmed the "Link Alive Check". (NextTime=1970-01-01 00:00:00 Result= URL=)
2024-05-31 06:01:23 [4] Confirmed the "Link Alive Check". (NextTime=1970-01-01 00:00:00 Result= URL=)
2024-05-31 06:01:23 [5] Confirmed the "Link Alive Check". (NextTime=1970-01-01 00:00:00 Result= URL=)
2024-05-31 06:22:24 There were 5 links that passed the next "Check SNS Count" confirmation date and time.
2024-05-31 06:22:24 [1] Confirmed the "Check SNS Count". (NextTime=2021-03-20 12:45:25 URL=http://jikainoyokoku.blog23.fc2.com/blog-entry-729.html)
2024-05-31 06:22:24 [2] Confirmed the "Check SNS Count". (NextTime=2021-03-20 18:34:47 URL=https://www.amazon.co.jp/Roost-%E3%83%8E%E3%83%BC%E3%83%88%E3%83%91%E3%82%BD%E3%82%B3%E3%83%B3%E7%94%A8%E3%82%B9%E3%82%BF%E3%83%B3%E3%83%89-MacBook-%E4%BA%BA%E9%96%93%E5%B7%A5%E5%AD%A6%E3%81%AB%E5%9F%BA%E3%81%A5%E3%81%84%E3%81%9F%E3%83%87%E3%82%B6%E3%82%A4%E3%83%B3-%E3%83%A6%E3%83%8B%E3%83%90%E3%83%BC%E3%82%B5%E3%83%AB%E3%83%87%E3%82%B6%E3%82%A4%E3%83%B3/dp/B01C9KG8IG/ref=as_li_ss_il?ie=UTF8&#038;qid=1530874117&#038;sr=8-1&#038;keywords=roost&#038;linkCode=li2&#038;tag=drunkar-22&#038;linkId=100d961f17d3946bcfe8a8e9392f2401)
2024-05-31 06:22:25 [3] Confirmed the "Check SNS Count". (NextTime=2021-04-15 12:55:42 URL=https://ja.aliexpress.com/item/Wholesale-camera-flash-bracket-L-bracket-bilateral-frame-twin-double-L-bracket-L-bracket/32323286127.html)
2024-05-31 06:22:25 [4] Confirmed the "Check SNS Count". (NextTime=2021-03-20 11:13:12 URL=https://sekailab.com/wp/2020/03/02/17inch-mobile-monitor-usb-c/)
2024-05-31 06:22:25 [5] Confirmed the "Check SNS Count". (NextTime=2021-03-26 00:58:29 URL=https://www.amazon.co.jp/gp/product/B07CG3ZPW3/ref=as_li_ss_il?ie=UTF8&#038;psc=1&#038;linkCode=li2&#038;tag=drunkar-22&#038;linkId=4a2250c8c0c493c44601aa572a1071e8)
2024-05-31 06:40:24 There were 318 links that passed the next "Link Alive Check" confirmation date and time.
2024-05-31 06:40:25 [1] Confirmed the "Link Alive Check". (NextTime=1970-01-01 00:00:00 Result= URL=)
2024-05-31 06:40:25 [2] Confirmed the "Link Alive Check". (NextTime=1970-01-01 00:00:00 Result= URL=)
2024-05-31 06:40:25 [3] Confirmed the "Link Alive Check". (NextTime=1970-01-01 00:00:00 Result= URL=)
2024-05-31 06:40:26 [4] Confirmed the "Link Alive Check". (NextTime=1970-01-01 00:00:00 Result= URL=)
2024-05-31 06:40:26 [5] Confirmed the "Link Alive Check". (NextTime=1970-01-01 00:00:00 Result= URL=)
2024-05-31 07:03:37 There were 318 links that passed the next "Link Alive Check" confirmation date and time.
2024-05-31 07:03:38 [1] Confirmed the "Link Alive Check". (NextTime=1970-01-01 00:00:00 Result= URL=)
2024-05-31 07:03:38 [2] Confirmed the "Link Alive Check". (NextTime=1970-01-01 00:00:00 Result= URL=)
2024-05-31 07:03:39 [3] Confirmed the "Link Alive Check". (NextTime=1970-01-01 00:00:00 Result= URL=)
2024-05-31 07:03:39 [4] Confirmed the "Link Alive Check". (NextTime=1970-01-01 00:00:00 Result= URL=)
2024-05-31 07:03:39 [5] Confirmed the "Link Alive Check". (NextTime=1970-01-01 00:00:00 Result= URL=)
2024-05-31 07:21:52 There were 6 links that passed the next "Check SNS Count" confirmation date and time.
2024-05-31 07:21:52 [1] Confirmed the "Check SNS Count". (NextTime=2021-03-25 13:32:55 URL=https://docs.nvidia.com/cuda/wsl-user-guide/index.html#getting-started)
2024-05-31 07:21:52 [2] Confirmed the "Check SNS Count". (NextTime=2021-04-18 05:41:41 URL=https://www.amazon.co.jp/HARIO-%E3%83%8F%E3%83%AA%E3%82%AA-%E3%82%AB%E3%83%95%E3%82%A7%E3%82%AA%E3%83%BC%E3%83%AB-%E3%82%B3%E3%83%BC%E3%83%92%E3%83%BC%E3%83%89%E3%83%AA%E3%83%83%E3%83%97-CFO-1B/dp/B001LROSZ4/ref=as_li_ss_il?__mk_ja_JP=%E3%82%AB%E3%82%BF%E3%82%AB%E3%83%8A&#038;keywords=%E3%82%AB%E3%83%95%E3%82%A7%E3%82%AA%E3%83%BC%E3%83%AB&#038;qid=1585585674&#038;sr=8-2&#038;linkCode=li2&#038;tag=drunkar-22&#038;linkId=f1f43f6cec9554c6f2b4a4e8d5f43619)
2024-05-31 07:21:52 [3] Confirmed the "Check SNS Count". (NextTime=2021-03-20 22:02:44 URL=https://www.amazon.co.jp/gp/product/B07QNVHMFC/ref=as_li_ss_il?ie=UTF8&#038;psc=1&#038;linkCode=li2&#038;tag=drunkar-22&#038;linkId=d9dcb66a676446c9063f6fa75839ce05)
2024-05-31 07:21:53 [4] Confirmed the "Check SNS Count". (NextTime=2021-04-14 17:41:07 URL=https://sekailab.com/wp/2019/04/02/15w-chinese-laser-cutter-5)
2024-05-31 07:21:53 [5] Confirmed the "Check SNS Count". (NextTime=2021-04-16 18:03:34 URL=https://sekailab.com/wp/2018/05/28/4000-yen-bluetooth-earphone-for-bath-time)
2024-05-31 07:21:53 [6] Confirmed the "Check SNS Count". (NextTime=2021-03-30 00:50:19 URL=http://www.erogol.com/using-windows-wsl-for-deep-learning-development/)
2024-05-31 07:24:27 There were 0 links that passed the next "Check SNS Count" confirmation date and time.
2024-05-31 07:41:16 There were 318 links that passed the next "Link Alive Check" confirmation date and time.
2024-05-31 07:41:16 [1] Confirmed the "Link Alive Check". (NextTime=1970-01-01 00:00:00 Result= URL=)
2024-05-31 07:41:17 [2] Confirmed the "Link Alive Check". (NextTime=1970-01-01 00:00:00 Result= URL=)
2024-05-31 07:41:17 [3] Confirmed the "Link Alive Check". (NextTime=1970-01-01 00:00:00 Result= URL=)
2024-05-31 07:41:18 [4] Confirmed the "Link Alive Check". (NextTime=1970-01-01 00:00:00 Result= URL=)
2024-05-31 07:41:18 [5] Confirmed the "Link Alive Check". (NextTime=1970-01-01 00:00:00 Result= URL=)
2024-05-31 08:07:00 There were 318 links that passed the next "Link Alive Check" confirmation date and time.
2024-05-31 08:07:00 [1] Confirmed the "Link Alive Check". (NextTime=1970-01-01 00:00:00 Result= URL=)
2024-05-31 08:07:01 [2] Confirmed the "Link Alive Check". (NextTime=1970-01-01 00:00:00 Result= URL=)
2024-05-31 08:07:02 [3] Confirmed the "Link Alive Check". (NextTime=1970-01-01 00:00:00 Result= URL=)
2024-05-31 08:07:02 [4] Confirmed the "Link Alive Check". (NextTime=1970-01-01 00:00:00 Result= URL=)
2024-05-31 08:07:02 [5] Confirmed the "Link Alive Check". (NextTime=1970-01-01 00:00:00 Result= URL=)
2024-05-31 08:20:35 There were 5 links that passed the next "Check SNS Count" confirmation date and time.
2024-05-31 08:20:35 [1] Confirmed the "Check SNS Count". (NextTime=2021-04-06 23:50:43 URL=https://medium.com/@sfujiwara/tensorflow-%E3%81%AE-sessionrunhook-%E3%81%A7-optuna-%E3%81%AE%E6%9E%9D%E5%88%88%E3%82%8A-56efd096cbd3)
2024-05-31 08:20:35 [2] Confirmed the "Check SNS Count". (NextTime=2021-03-21 17:50:06 URL=https://www.amazon.co.jp/%E3%83%AD%E3%82%B8%E3%82%AF%E3%83%BC%E3%83%AB-USB%E3%83%98%E3%83%83%E3%83%89%E3%82%BB%E3%83%83%E3%83%88Logicool-Headset-H390-H390R/dp/B079WKMMBM/ref=as_li_ss_il?__mk_ja_JP=%E3%82%AB%E3%82%BF%E3%82%AB%E3%83%8A&#038;dchild=1&#038;keywords=%E3%83%AD%E3%82%B8%E3%82%AF%E3%83%BC%E3%83%AB+H390&#038;qid=1598263960&#038;sr=8-2&#038;linkCode=li2&#038;tag=drunkar-22&#038;linkId=986cdeae0b10b04d9002c97aa5382f07)
2024-05-31 08:20:35 [3] Confirmed the "Check SNS Count". (NextTime=2021-03-21 10:14:03 URL=https://sekailab.com/wp/2012/10/26/c%e3%81%a7%e3%80%8c%e3%81%af%e3%81%98%e3%82%81%e3%81%a6%e3%81%ae%e6%a9%9f%e6%a2%b0%e5%ad%a6%e7%bf%92%e3%80%8d2%e7%ab%a0-3%e7%ab%a0/)
2024-05-31 08:20:35 [4] Confirmed the "Check SNS Count". (NextTime=2021-03-26 06:10:30 URL=https://www.amazon.co.jp/gp/product/B071W8KL4F/ref=as_li_ss_il?ie=UTF8&#038;psc=1&#038;linkCode=li2&#038;tag=drunkar-22&#038;linkId=19963b3f4ddfcafbf008707f58e161b0)
2024-05-31 08:20:35 [5] Confirmed the "Check SNS Count". (NextTime=2021-03-25 03:48:57 URL=http://yamada.daiji.ro/blog/?p=382)
2024-05-31 08:45:10 There were 318 links that passed the next "Link Alive Check" confirmation date and time.
2024-05-31 08:45:10 [1] Confirmed the "Link Alive Check". (NextTime=1970-01-01 00:00:00 Result= URL=)
2024-05-31 08:45:11 [2] Confirmed the "Link Alive Check". (NextTime=1970-01-01 00:00:00 Result= URL=)
2024-05-31 08:45:11 [3] Confirmed the "Link Alive Check". (NextTime=1970-01-01 00:00:00 Result= URL=)
2024-05-31 08:45:11 [4] Confirmed the "Link Alive Check". (NextTime=1970-01-01 00:00:00 Result= URL=)
2024-05-31 08:45:12 [5] Confirmed the "Link Alive Check". (NextTime=1970-01-01 00:00:00 Result= URL=)
2024-05-31 09:07:49 There were 318 links that passed the next "Link Alive Check" confirmation date and time.
2024-05-31 09:07:49 [1] Confirmed the "Link Alive Check". (NextTime=1970-01-01 00:00:00 Result= URL=)
2024-05-31 09:07:49 [2] Confirmed the "Link Alive Check". (NextTime=1970-01-01 00:00:00 Result= URL=)
2024-05-31 09:07:50 [3] Confirmed the "Link Alive Check". (NextTime=1970-01-01 00:00:00 Result= URL=)
2024-05-31 09:07:50 [4] Confirmed the "Link Alive Check". (NextTime=1970-01-01 00:00:00 Result= URL=)
2024-05-31 09:07:50 [5] Confirmed the "Link Alive Check". (NextTime=1970-01-01 00:00:00 Result= URL=)
2024-05-31 09:23:24 There were 5 links that passed the next "Check SNS Count" confirmation date and time.
2024-05-31 09:23:24 [1] Confirmed the "Check SNS Count". (NextTime=2021-04-14 03:47:27 URL=https://sekailab.com/wp/2015/11/02/lstm-general-responce-bot/)
2024-05-31 09:23:24 [2] Confirmed the "Check SNS Count". (NextTime=2021-04-17 00:54:55 URL=https://www.amazon.co.jp/gp/product/B079GX3PM1/ref=as_li_ss_il?ie=UTF8&#038;psc=1&#038;linkCode=li2&#038;tag=drunkar-22&#038;linkId=b3816c5362637768e227855bca9515cb&#038;language=ja_JP)
2024-05-31 09:23:24 [3] Confirmed the "Check SNS Count". (NextTime=2021-04-08 15:12:13 URL=https://www.banggood.com/J3-Cub-MinimumRC-Bankyard-Flyer-360mm-Wingspan-RC-Airplane-KITPNP-p-1403039.html?p=DR062131921252201904&#038;ID=556226&#038;cur_warehouse=CN)
2024-05-31 09:23:24 [4] Confirmed the "Check SNS Count". (NextTime=2021-04-14 12:10:29 URL=https://sekailab.com/wp/2019/03/20/vid2vid-on-windows10)
2024-05-31 09:23:25 [5] Confirmed the "Check SNS Count". (NextTime=2021-04-15 00:39:00 URL=https://github.com/Drunkar/hubot-japanese-talk-transformer)
2024-05-31 09:46:31 There were 318 links that passed the next "Link Alive Check" confirmation date and time.
2024-05-31 09:46:31 [1] Confirmed the "Link Alive Check". (NextTime=1970-01-01 00:00:00 Result= URL=)
2024-05-31 09:46:31 [2] Confirmed the "Link Alive Check". (NextTime=1970-01-01 00:00:00 Result= URL=)
2024-05-31 09:46:32 [3] Confirmed the "Link Alive Check". (NextTime=1970-01-01 00:00:00 Result= URL=)
2024-05-31 09:46:32 [4] Confirmed the "Link Alive Check". (NextTime=1970-01-01 00:00:00 Result= URL=)
2024-05-31 09:46:32 [5] Confirmed the "Link Alive Check". (NextTime=1970-01-01 00:00:00 Result= URL=)
2024-05-31 10:07:54 There were 318 links that passed the next "Link Alive Check" confirmation date and time.
2024-05-31 10:07:54 [1] Confirmed the "Link Alive Check". (NextTime=1970-01-01 00:00:00 Result= URL=)
2024-05-31 10:07:54 [2] Confirmed the "Link Alive Check". (NextTime=1970-01-01 00:00:00 Result= URL=)
2024-05-31 10:07:55 [3] Confirmed the "Link Alive Check". (NextTime=1970-01-01 00:00:00 Result= URL=)
2024-05-31 10:07:55 [4] Confirmed the "Link Alive Check". (NextTime=1970-01-01 00:00:00 Result= URL=)
2024-05-31 10:07:55 [5] Confirmed the "Link Alive Check". (NextTime=1970-01-01 00:00:00 Result= URL=)
2024-05-31 10:22:48 There were 2 links that passed the next "Check SNS Count" confirmation date and time.
2024-05-31 10:22:48 [1] Confirmed the "Check SNS Count". (NextTime=2021-03-19 16:16:37 URL=https://sekailab.com/wp/2018/08/12/sakura-vps-nem-supernode-4/)
2024-05-31 10:22:48 [2] Confirmed the "Check SNS Count". (NextTime=2021-03-19 21:34:14 URL=https://sekailab.com/wp/2018/01/04/15w-chinese-laser-cutter-1/)
2024-05-31 10:47:47 There were 318 links that passed the next "Link Alive Check" confirmation date and time.
2024-05-31 10:47:48 [1] Confirmed the "Link Alive Check". (NextTime=1970-01-01 00:00:00 Result= URL=)
2024-05-31 10:47:48 [2] Confirmed the "Link Alive Check". (NextTime=1970-01-01 00:00:00 Result= URL=)
2024-05-31 10:47:48 [3] Confirmed the "Link Alive Check". (NextTime=1970-01-01 00:00:00 Result= URL=)
2024-05-31 10:47:49 [4] Confirmed the "Link Alive Check". (NextTime=1970-01-01 00:00:00 Result= URL=)
2024-05-31 10:47:49 [5] Confirmed the "Link Alive Check". (NextTime=1970-01-01 00:00:00 Result= URL=)
2024-05-31 11:10:44 There were 318 links that passed the next "Link Alive Check" confirmation date and time.
2024-05-31 11:10:44 [1] Confirmed the "Link Alive Check". (NextTime=1970-01-01 00:00:00 Result= URL=)
2024-05-31 11:10:45 [2] Confirmed the "Link Alive Check". (NextTime=1970-01-01 00:00:00 Result= URL=)
2024-05-31 11:10:45 [3] Confirmed the "Link Alive Check". (NextTime=1970-01-01 00:00:00 Result= URL=)
2024-05-31 11:10:45 [4] Confirmed the "Link Alive Check". (NextTime=1970-01-01 00:00:00 Result= URL=)
2024-05-31 11:10:46 [5] Confirmed the "Link Alive Check". (NextTime=1970-01-01 00:00:00 Result= URL=)
2024-05-31 11:21:01 There were 1 links that passed the next "Check SNS Count" confirmation date and time.
2024-05-31 11:21:01 [1] Confirmed the "Check SNS Count". (NextTime=2021-03-20 17:57:15 URL=https://github.com/lwfinger/rtl8188eu)
2024-05-31 11:21:19 There were 0 links that passed the next "Check SNS Count" confirmation date and time.
2024-05-31 11:49:20 There were 318 links that passed the next "Link Alive Check" confirmation date and time.
2024-05-31 11:49:21 [1] Confirmed the "Link Alive Check". (NextTime=1970-01-01 00:00:00 Result= URL=)
2024-05-31 11:49:21 [2] Confirmed the "Link Alive Check". (NextTime=1970-01-01 00:00:00 Result= URL=)
2024-05-31 11:49:21 [3] Confirmed the "Link Alive Check". (NextTime=1970-01-01 00:00:00 Result= URL=)
2024-05-31 11:49:22 [4] Confirmed the "Link Alive Check". (NextTime=1970-01-01 00:00:00 Result= URL=)
2024-05-31 11:49:22 [5] Confirmed the "Link Alive Check". (NextTime=1970-01-01 00:00:00 Result= URL=)
2024-05-31 12:10:46 There were 318 links that passed the next "Link Alive Check" confirmation date and time.
2024-05-31 12:10:47 [1] Confirmed the "Link Alive Check". (NextTime=1970-01-01 00:00:00 Result= URL=)
2024-05-31 12:10:47 [2] Confirmed the "Link Alive Check". (NextTime=1970-01-01 00:00:00 Result= URL=)
2024-05-31 12:10:47 [3] Confirmed the "Link Alive Check". (NextTime=1970-01-01 00:00:00 Result= URL=)
2024-05-31 12:10:48 [4] Confirmed the "Link Alive Check". (NextTime=1970-01-01 00:00:00 Result= URL=)
2024-05-31 12:10:48 [5] Confirmed the "Link Alive Check". (NextTime=1970-01-01 00:00:00 Result= URL=)
2024-05-31 12:20:47 There were 3 links that passed the next "Check SNS Count" confirmation date and time.
2024-05-31 12:20:47 [1] Confirmed the "Check SNS Count". (NextTime=2021-04-07 14:47:21 URL=https://www.banggood.com/Vivibright-GP100UP-Android-6_01-WIFI-Smart-LED-Projector-3500-Lumens-1280x800p-1080P-HD-Home-Theater-p-1203164.html?p=YT180431296767201903&#038;cur_warehouse=CN)
2024-05-31 12:20:47 [2] Confirmed the "Check SNS Count". (NextTime=2021-03-23 03:28:45 URL=https://www.banggood.com/International-Version-Xiaomi-AMAZFIT-Huami-Stratos-Sports-Smart-Watch-2-GPS-1_34inch-2_5D-Screen-5ATM-p-1240814.html?p=K226105168701201606R)
2024-05-31 12:20:47 [3] Confirmed the "Check SNS Count". (NextTime=2021-03-26 20:55:33 URL=https://docs.nvidia.com/cuda/wsl-user-guide/index.html#setting-containers)
2024-05-31 12:49:59 There were 318 links that passed the next "Link Alive Check" confirmation date and time.
2024-05-31 12:50:00 [1] Confirmed the "Link Alive Check". (NextTime=1970-01-01 00:00:00 Result= URL=)
2024-05-31 12:50:00 [2] Confirmed the "Link Alive Check". (NextTime=1970-01-01 00:00:00 Result= URL=)
2024-05-31 12:50:00 [3] Confirmed the "Link Alive Check". (NextTime=1970-01-01 00:00:00 Result= URL=)
2024-05-31 12:50:01 [4] Confirmed the "Link Alive Check". (NextTime=1970-01-01 00:00:00 Result= URL=)
2024-05-31 12:50:01 [5] Confirmed the "Link Alive Check". (NextTime=1970-01-01 00:00:00 Result= URL=)
2024-05-31 13:10:48 There were 318 links that passed the next "Link Alive Check" confirmation date and time.
2024-05-31 13:10:48 [1] Confirmed the "Link Alive Check". (NextTime=1970-01-01 00:00:00 Result= URL=)
2024-05-31 13:10:49 [2] Confirmed the "Link Alive Check". (NextTime=1970-01-01 00:00:00 Result= URL=)
2024-05-31 13:10:49 [3] Confirmed the "Link Alive Check". (NextTime=1970-01-01 00:00:00 Result= URL=)
2024-05-31 13:10:49 [4] Confirmed the "Link Alive Check". (NextTime=1970-01-01 00:00:00 Result= URL=)
2024-05-31 13:10:49 [5] Confirmed the "Link Alive Check". (NextTime=1970-01-01 00:00:00 Result= URL=)
2024-05-31 13:22:28 There were 0 links that passed the next "Check SNS Count" confirmation date and time.
2024-05-31 13:51:07 There were 318 links that passed the next "Link Alive Check" confirmation date and time.
2024-05-31 13:51:07 [1] Confirmed the "Link Alive Check". (NextTime=1970-01-01 00:00:00 Result= URL=)
2024-05-31 13:51:08 [2] Confirmed the "Link Alive Check". (NextTime=1970-01-01 00:00:00 Result= URL=)
2024-05-31 13:51:08 [3] Confirmed the "Link Alive Check". (NextTime=1970-01-01 00:00:00 Result= URL=)
2024-05-31 13:51:08 [4] Confirmed the "Link Alive Check". (NextTime=1970-01-01 00:00:00 Result= URL=)
2024-05-31 13:51:09 [5] Confirmed the "Link Alive Check". (NextTime=1970-01-01 00:00:00 Result= URL=)
2024-05-31 14:11:15 There were 318 links that passed the next "Link Alive Check" confirmation date and time.
2024-05-31 14:11:15 [1] Confirmed the "Link Alive Check". (NextTime=1970-01-01 00:00:00 Result= URL=)
2024-05-31 14:11:16 [2] Confirmed the "Link Alive Check". (NextTime=1970-01-01 00:00:00 Result= URL=)
2024-05-31 14:11:16 [3] Confirmed the "Link Alive Check". (NextTime=1970-01-01 00:00:00 Result= URL=)
2024-05-31 14:11:16 [4] Confirmed the "Link Alive Check". (NextTime=1970-01-01 00:00:00 Result= URL=)
2024-05-31 14:11:16 [5] Confirmed the "Link Alive Check". (NextTime=1970-01-01 00:00:00 Result= URL=)
2024-05-31 14:22:05 There were 3 links that passed the next "Check SNS Count" confirmation date and time.
2024-05-31 14:22:05 [1] Confirmed the "Check SNS Count". (NextTime=2021-03-20 07:05:20 URL=http://mizunashi-rin.hatenablog.jp/entry/2017/02/15/002342)
2024-05-31 14:22:05 [2] Confirmed the "Check SNS Count". (NextTime=2021-04-13 14:45:55 URL=https://github.com/Drunkar/docker-alpine-hubot)
2024-05-31 14:22:05 [3] Confirmed the "Check SNS Count". (NextTime=2024-04-22 01:58:38 URL=https://www.amazon.co.jp/%E3%83%AD%E3%82%B8%E3%82%AF%E3%83%BC%E3%83%AB-USB%E3%83%98%E3%83%83%E3%83%89%E3%82%BB%E3%83%83%E3%83%88Logicool-Headset-H390-H390R/dp/B079WKMMBM/ref=as_li_ss_il?__mk_ja_JP=%E3%82%AB%E3%82%BF%E3%82%AB%E3%83%8A&amp;#038;dchild=1&amp;#038;keywords=%E3%83%AD%E3%82%B8%E3%82%AF%E3%83%BC%E3%83%AB+H390&amp;#038;qid=1598263960&amp;#038;sr=8-2&amp;#038;linkCode=li2&amp;#038;tag=drunkar-22&amp;#038;linkId=986cdeae0b10b04d9002c97aa5382f07)
2024-05-31 14:57:46 There were 318 links that passed the next "Link Alive Check" confirmation date and time.
2024-05-31 14:57:47 [1] Confirmed the "Link Alive Check". (NextTime=1970-01-01 00:00:00 Result= URL=)
2024-05-31 14:57:47 [2] Confirmed the "Link Alive Check". (NextTime=1970-01-01 00:00:00 Result= URL=)
2024-05-31 14:57:47 [3] Confirmed the "Link Alive Check". (NextTime=1970-01-01 00:00:00 Result= URL=)
2024-05-31 14:57:48 [4] Confirmed the "Link Alive Check". (NextTime=1970-01-01 00:00:00 Result= URL=)
2024-05-31 14:57:48 [5] Confirmed the "Link Alive Check". (NextTime=1970-01-01 00:00:00 Result= URL=)
2024-05-31 15:12:49 There were 318 links that passed the next "Link Alive Check" confirmation date and time.
2024-05-31 15:12:49 [1] Confirmed the "Link Alive Check". (NextTime=1970-01-01 00:00:00 Result= URL=)
2024-05-31 15:12:50 [2] Confirmed the "Link Alive Check". (NextTime=1970-01-01 00:00:00 Result= URL=)
2024-05-31 15:12:50 [3] Confirmed the "Link Alive Check". (NextTime=1970-01-01 00:00:00 Result= URL=)
2024-05-31 15:12:51 [4] Confirmed the "Link Alive Check". (NextTime=1970-01-01 00:00:00 Result= URL=)
2024-05-31 15:12:51 [5] Confirmed the "Link Alive Check". (NextTime=1970-01-01 00:00:00 Result= URL=)
2024-05-31 15:21:40 There were 4 links that passed the next "Check SNS Count" confirmation date and time.
2024-05-31 15:21:41 [1] Confirmed the "Check SNS Count". (NextTime=2021-04-14 23:36:28 URL=https://sekailab.com/wp/2020/03/25/deepl-translation-with-kindle-cloud-reader)
2024-05-31 15:21:41 [2] Confirmed the "Check SNS Count". (NextTime=2021-03-23 13:44:56 URL=https://sekailab.com/wp/2016/07/18/python-test/)
2024-05-31 15:21:41 [3] Confirmed the "Check SNS Count". (NextTime=2021-03-23 10:10:19 URL=https://sekailab.com/wp/2018/05/16/windows10-chainer3-cuda-cudnn/#Chainer)
2024-05-31 15:21:41 [4] Confirmed the "Check SNS Count". (NextTime=2021-03-21 10:49:03 URL=https://gist.github.com/Drunkar/d3be687b0eb03c3f341f5d4b8edfbf07)
2024-05-31 15:58:15 There were 318 links that passed the next "Link Alive Check" confirmation date and time.
2024-05-31 15:58:15 [1] Confirmed the "Link Alive Check". (NextTime=1970-01-01 00:00:00 Result= URL=)
2024-05-31 15:58:15 [2] Confirmed the "Link Alive Check". (NextTime=1970-01-01 00:00:00 Result= URL=)
2024-05-31 15:58:16 [3] Confirmed the "Link Alive Check". (NextTime=1970-01-01 00:00:00 Result= URL=)
2024-05-31 15:58:16 [4] Confirmed the "Link Alive Check". (NextTime=1970-01-01 00:00:00 Result= URL=)
2024-05-31 15:58:16 [5] Confirmed the "Link Alive Check". (NextTime=1970-01-01 00:00:00 Result= URL=)
2024-05-31 16:20:02 There were 318 links that passed the next "Link Alive Check" confirmation date and time.
2024-05-31 16:20:02 [1] Confirmed the "Link Alive Check". (NextTime=1970-01-01 00:00:00 Result= URL=)
2024-05-31 16:20:02 [2] Confirmed the "Link Alive Check". (NextTime=1970-01-01 00:00:00 Result= URL=)
2024-05-31 16:20:03 [3] Confirmed the "Link Alive Check". (NextTime=1970-01-01 00:00:00 Result= URL=)
2024-05-31 16:20:03 [4] Confirmed the "Link Alive Check". (NextTime=1970-01-01 00:00:00 Result= URL=)
2024-05-31 16:20:03 [5] Confirmed the "Link Alive Check". (NextTime=1970-01-01 00:00:00 Result= URL=)
2024-05-31 16:22:20 There were 6 links that passed the next "Check SNS Count" confirmation date and time.
2024-05-31 16:22:20 [1] Confirmed the "Check SNS Count". (NextTime=2021-04-15 10:00:06 URL=https://sekailab.com/wp/2019/03/31/deep-learning-framworks-windows10)
2024-05-31 16:22:20 [2] Confirmed the "Check SNS Count". (NextTime=2021-03-21 02:10:55 URL=https://www.amazon.co.jp/gp/product/B00IOCHYSC/ref=as_li_ss_il?ie=UTF8&#038;psc=1&#038;linkCode=li2&#038;tag=drunkar-22&#038;linkId=65d814f38195e71beb65eb99b804b275&#038;language=ja_JP)
2024-05-31 16:22:21 [3] Confirmed the "Check SNS Count". (NextTime=2021-04-14 16:19:46 URL=https://sekailab.com/wp/2015/01/04/about-the-beauty)
2024-05-31 16:22:21 [4] Confirmed the "Check SNS Count". (NextTime=2021-03-22 04:39:35 URL=https://www.amazon.co.jp/gp/product/B01DOWUCJO/ref=as_li_ss_il?ie=UTF8&#038;psc=1&#038;linkCode=li2&#038;tag=drunkar-22&#038;linkId=a22e97f7b179135d87b3db4692f871bc)
2024-05-31 16:22:21 [5] Confirmed the "Check SNS Count". (NextTime=2021-03-26 12:07:04 URL=https://developer.nvidia.com/cuda/wsl)
2024-05-31 16:22:21 [6] Confirmed the "Check SNS Count". (NextTime=2021-03-22 15:52:44 URL=https://www.banggood.com/Xiaomi-Redmi-Airdots-TWS-Bluetooth-5_0-Earphone-DSP-Noise-Cancelling-Auto-Pairing-Bilateral-Call-Stereo-Headphones-p-1450592.html?p=K226105168701201606R)
2024-05-31 17:00:10 There were 318 links that passed the next "Link Alive Check" confirmation date and time.
2024-05-31 17:00:11 [1] Confirmed the "Link Alive Check". (NextTime=1970-01-01 00:00:00 Result= URL=)
2024-05-31 17:00:11 [2] Confirmed the "Link Alive Check". (NextTime=1970-01-01 00:00:00 Result= URL=)
2024-05-31 17:00:11 [3] Confirmed the "Link Alive Check". (NextTime=1970-01-01 00:00:00 Result= URL=)
2024-05-31 17:00:12 [4] Confirmed the "Link Alive Check". (NextTime=1970-01-01 00:00:00 Result= URL=)
2024-05-31 17:00:12 [5] Confirmed the "Link Alive Check". (NextTime=1970-01-01 00:00:00 Result= URL=)
2024-05-31 17:21:48 There were 318 links that passed the next "Link Alive Check" confirmation date and time.
2024-05-31 17:21:48 [1] Confirmed the "Link Alive Check". (NextTime=1970-01-01 00:00:00 Result= URL=)
2024-05-31 17:21:48 [2] Confirmed the "Link Alive Check". (NextTime=1970-01-01 00:00:00 Result= URL=)
2024-05-31 17:21:49 [3] Confirmed the "Link Alive Check". (NextTime=1970-01-01 00:00:00 Result= URL=)
2024-05-31 17:21:49 [4] Confirmed the "Link Alive Check". (NextTime=1970-01-01 00:00:00 Result= URL=)
2024-05-31 17:21:49 [5] Confirmed the "Link Alive Check". (NextTime=1970-01-01 00:00:00 Result= URL=)
2024-05-31 17:21:49 There were 5 links that passed the next "Check SNS Count" confirmation date and time.
2024-05-31 17:21:49 [1] Confirmed the "Check SNS Count". (NextTime=2021-03-24 08:06:19 URL=https://www.amazon.co.jp/Gold-Standard-100-%E3%82%A8%E3%82%AF%E3%82%B9%E3%83%88%E3%83%AA%E3%83%BC%E3%83%A0%E3%83%81%E3%83%A7%E3%82%B3%E3%83%AC%E3%83%BC%E3%83%88-2-27kg/dp/B01L1NX32Q/ref=as_li_ss_il?ie=UTF8&#038;qid=1483631295&#038;sr=8-2&#038;keywords=Gold+Standard+100%25&#038;linkCode=li2&#038;tag=drunkar-22&#038;linkId=1e8286abc92678776dfd2dfeef1b05e3)
2024-05-31 17:21:49 [2] Confirmed the "Check SNS Count". (NextTime=2021-04-10 11:40:03 URL=https://www.banggood.com/IRangeX-iRX-IR8M-2_4G-8CH-Multi-Protocol-Transmitter-With-PPM-S_BUS-Mini-Receiver-p-1226058.html?p=K226105168701201606R&#038;custlinkid=78514)
2024-05-31 17:21:49 [3] Confirmed the "Check SNS Count". (NextTime=2021-04-15 07:57:07 URL=https://twitter.com/search?q=from:goroman%20since:2020-07-06%20until:2020-07-07&#038;src=typed_query&#038;f=live)
2024-05-31 17:21:49 [4] Confirmed the "Check SNS Count". (NextTime=2021-04-10 22:28:01 URL=https://www.banggood.com/Emax-Babyhawk-R-RACER-Edition-112mm-F3-Magnum-Mini-5_8G-FPV-Racing-RC-Drone-3S4S-PNPBNF-p-1237259.html?p=DR062131921252201904&#038;ID=523399&#038;cur_warehouse=CN)
2024-05-31 17:21:49 [5] Confirmed the "Check SNS Count". (NextTime=2021-04-03 04:35:19 URL=https://github.com/thunil/TecoGAN)
2024-05-31 18:01:04 There were 318 links that passed the next "Link Alive Check" confirmation date and time.
2024-05-31 18:01:05 [1] Confirmed the "Link Alive Check". (NextTime=1970-01-01 00:00:00 Result= URL=)
2024-05-31 18:01:05 [2] Confirmed the "Link Alive Check". (NextTime=1970-01-01 00:00:00 Result= URL=)
2024-05-31 18:01:05 [3] Confirmed the "Link Alive Check". (NextTime=1970-01-01 00:00:00 Result= URL=)
2024-05-31 18:01:06 [4] Confirmed the "Link Alive Check". (NextTime=1970-01-01 00:00:00 Result= URL=)
2024-05-31 18:01:06 [5] Confirmed the "Link Alive Check". (NextTime=1970-01-01 00:00:00 Result= URL=)
2024-05-31 19:15:38 There were 6 links that passed the next "Check SNS Count" confirmation date and time.
2024-05-31 19:15:38 [1] Confirmed the "Check SNS Count". (NextTime=2024-04-22 16:14:45 URL=https://twitter.com/search?q=from:goroman%20since:2020-07-06%20until:2020-07-07&amp;#038;src=typed_query&amp;#038;f=live)
2024-05-31 19:15:38 [2] Confirmed the "Check SNS Count". (NextTime=2021-03-25 10:23:57 URL=https://play.google.com/store/apps/details?id=com.xodo.pdf.reader&#038;hl=ja)
2024-05-31 19:15:38 [3] Confirmed the "Check SNS Count". (NextTime=2021-04-14 22:22:27 URL=https://www.thingiverse.com/thing:3283620)
2024-05-31 19:15:38 [4] Confirmed the "Check SNS Count". (NextTime=2021-03-22 02:23:08 URL=https://www.amazon.co.jp/Osprey-FlapJack-Backpack-Black-%E4%B8%A6%E8%A1%8C%E8%BC%B8%E5%85%A5%E5%93%81/dp/B07DVXBK8B/ref=as_li_ss_il?s=shoes&#038;ie=UTF8&#038;qid=1530883605&#038;sr=1-2&#038;keywords=Osprey+FlapJack&#038;linkCode=li2&#038;tag=drunkar-22&#038;linkId=4ceda0597cb96866a2e7a9508f4376f5)
2024-05-31 19:15:39 [5] Confirmed the "Check SNS Count". (NextTime=2021-04-14 13:59:20 URL=https://sekailab.com/wp/2016/07/18/python-test)
2024-05-31 19:15:39 [6] Confirmed the "Check SNS Count". (NextTime=2021-03-23 13:12:07 URL=https://sekailab.com/wp/2014/12/07/guggenheim-helsinki-image-processing/)
2024-05-31 19:15:39 There were 318 links that passed the next "Link Alive Check" confirmation date and time.
2024-05-31 19:15:39 [1] Confirmed the "Link Alive Check". (NextTime=1970-01-01 00:00:00 Result= URL=)
2024-05-31 19:15:39 [2] Confirmed the "Link Alive Check". (NextTime=1970-01-01 00:00:00 Result= URL=)
2024-05-31 19:15:40 [3] Confirmed the "Link Alive Check". (NextTime=1970-01-01 00:00:00 Result= URL=)
2024-05-31 19:15:40 [4] Confirmed the "Link Alive Check". (NextTime=1970-01-01 00:00:00 Result= URL=)
2024-05-31 19:15:40 [5] Confirmed the "Link Alive Check". (NextTime=1970-01-01 00:00:00 Result= URL=)
2024-05-31 19:20:12 There were 318 links that passed the next "Link Alive Check" confirmation date and time.
2024-05-31 19:20:12 [1] Confirmed the "Link Alive Check". (NextTime=1970-01-01 00:00:00 Result= URL=)
2024-05-31 19:20:13 [2] Confirmed the "Link Alive Check". (NextTime=1970-01-01 00:00:00 Result= URL=)
2024-05-31 19:20:13 [3] Confirmed the "Link Alive Check". (NextTime=1970-01-01 00:00:00 Result= URL=)
2024-05-31 19:20:14 [4] Confirmed the "Link Alive Check". (NextTime=1970-01-01 00:00:00 Result= URL=)
2024-05-31 19:20:14 [5] Confirmed the "Link Alive Check". (NextTime=1970-01-01 00:00:00 Result= URL=)
2024-05-31 19:24:16 There were 0 links that passed the next "Check SNS Count" confirmation date and time.
2024-05-31 20:53:38 There were 318 links that passed the next "Link Alive Check" confirmation date and time.
2024-05-31 20:53:38 [1] Confirmed the "Link Alive Check". (NextTime=1970-01-01 00:00:00 Result= URL=)
2024-05-31 20:53:39 [2] Confirmed the "Link Alive Check". (NextTime=1970-01-01 00:00:00 Result= URL=)
2024-05-31 20:53:39 [3] Confirmed the "Link Alive Check". (NextTime=1970-01-01 00:00:00 Result= URL=)
2024-05-31 20:53:39 [4] Confirmed the "Link Alive Check". (NextTime=1970-01-01 00:00:00 Result= URL=)
2024-05-31 20:53:40 [5] Confirmed the "Link Alive Check". (NextTime=1970-01-01 00:00:00 Result= URL=)
2024-05-31 20:53:40 There were 6 links that passed the next "Check SNS Count" confirmation date and time.
2024-05-31 20:53:40 [1] Confirmed the "Check SNS Count". (NextTime=2021-03-21 08:59:01 URL=https://www.amazon.co.jp/gp/product/B06ZYZMCD3/ref=as_li_ss_il?ie=UTF8&#038;psc=1&#038;linkCode=li2&#038;tag=drunkar-22&#038;linkId=c32f160016a1b2922132601ed8f805d2)
2024-05-31 20:53:40 [2] Confirmed the "Check SNS Count". (NextTime=2024-04-22 09:35:27 URL=https://www.amazon.co.jp/%E3%80%90Zortrax-Sidecover%E3%80%91%E3%82%B5%E3%82%A4%E3%83%89%E3%82%AB%E3%83%90%E3%83%BC%E3%82%BB%E3%83%83%E3%83%88-Zortrax%E7%A4%BE-3D%E3%83%97%E3%83%AA%E3%83%B3%E3%82%BF%E3%83%BC-M200-%E7%B4%94%E6%AD%A3%E5%93%81-%E4%B8%A6%E8%A1%8C%E8%BC%B8%E5%85%A5%E5%93%81/dp/B07GYPHDG4/ref=as_li_ss_il?ie=UTF8&amp;#038;qid=1546780995&amp;#038;sr=8-1&amp;#038;keywords=zortrax+%E3%82%B5%E3%82%A4%E3%83%89%E3%82%AB%E3%83%90%E3%83%BC&amp;#038;linkCode=li2&amp;#038;tag=drunkar-22&amp;#038;linkId=1eaf1b07dd0612d0b5f81b0a87515e08&amp;#038;language=ja_JP)
2024-05-31 20:53:40 [3] Confirmed the "Check SNS Count". (NextTime=2021-03-22 02:49:43 URL=https://www.amazon.co.jp/%EF%BC%A2%EF%BC%A5%EF%BC%A1%EF%BC%B4%EF%BC%AC%EF%BC%A5%EF%BC%B3%EF%BC%B3-%E9%9B%BB%E5%AD%90%E7%89%B9%E5%88%A5%E7%89%88-%E3%80%8A%E5%89%8D%E3%80%8B-%E8%A7%92%E5%B7%9D%E6%9B%B8%E5%BA%97%E5%8D%98%E8%A1%8C%E6%9C%AC-%E9%95%B7%E8%B0%B7-%E6%95%8F%E5%8F%B8-ebook/dp/B00C7P0AL0/ref=as_li_ss_il?ie=UTF8&#038;qid=1516557419&#038;sr=8-5&#038;keywords=beatless&#038;linkCode=li2&#038;tag=drunkar-22&#038;linkId=e64252b0fdd97c261f7ea9d68856a554)
2024-05-31 20:53:40 [4] Confirmed the "Check SNS Count". (NextTime=2021-03-21 12:12:51 URL=https://www.banggood.com/Original-Box-Xiaomi-Mi-Pad-4-Plus-CN-ROM-Snapdragon-660-4G-RAM-64G-MIUI-9_0-10_1-Inch-Tablet-Black-p-1344444.html?p=K226105168701201606R)
2024-05-31 20:53:40 [5] Confirmed the "Check SNS Count". (NextTime=2021-03-24 10:51:03 URL=https://sekailab.com/wp/2016/11/29/in-this-corner-of-the-world/)
2024-05-31 20:53:40 [6] Confirmed the "Check SNS Count". (NextTime=2021-04-14 14:44:01 URL=https://note.com/mask303/n/nb9149ca2ceda)
2024-05-31 21:46:27 There were 2 links that passed the next "Check SNS Count" confirmation date and time.
2024-05-31 21:46:27 [1] Confirmed the "Check SNS Count". (NextTime=2021-04-05 17:53:59 URL=https://github.com/NVIDIA/vid2vid)
2024-05-31 21:46:27 [2] Confirmed the "Check SNS Count". (NextTime=2021-03-25 00:04:31 URL=https://sekailab.com/wp/2012/10/28/c%e3%81%a7%e3%80%8c%e3%81%af%e3%81%98%e3%82%81%e3%81%a6%e3%81%ae%e6%a9%9f%e6%a2%b0%e5%ad%a6%e7%bf%92%e3%80%8d6%e7%ab%a0/)
2024-05-31 22:01:17 There were 318 links that passed the next "Link Alive Check" confirmation date and time.
2024-05-31 22:01:18 [1] Confirmed the "Link Alive Check". (NextTime=1970-01-01 00:00:00 Result= URL=)
2024-05-31 22:01:18 [2] Confirmed the "Link Alive Check". (NextTime=1970-01-01 00:00:00 Result= URL=)
2024-05-31 22:01:18 [3] Confirmed the "Link Alive Check". (NextTime=1970-01-01 00:00:00 Result= URL=)
2024-05-31 22:01:19 [4] Confirmed the "Link Alive Check". (NextTime=1970-01-01 00:00:00 Result= URL=)
2024-05-31 22:01:19 [5] Confirmed the "Link Alive Check". (NextTime=1970-01-01 00:00:00 Result= URL=)
