2023-10-09 06:25:36 There were 284 links that passed the next "Link Alive Check" confirmation date and time.
2023-10-09 06:25:36 [1] Confirmed the "Link Alive Check". (NextTime=1970-01-01 00:00:00 Result= URL=)
2023-10-09 06:25:37 [2] Confirmed the "Link Alive Check". (NextTime=1970-01-01 00:00:00 Result= URL=)
2023-10-09 06:25:37 [3] Confirmed the "Link Alive Check". (NextTime=1970-01-01 00:00:00 Result= URL=)
2023-10-09 06:25:37 [4] Confirmed the "Link Alive Check". (NextTime=1970-01-01 00:00:00 Result= URL=)
2023-10-09 06:25:45 [5] Confirmed the "Link Alive Check". (NextTime=1970-01-01 00:00:00 Result= URL=)
2023-10-09 10:16:37 There were 36 links that passed the next "Check SNS Count" confirmation date and time.
2023-10-09 10:16:37 [1] Confirmed the "Check SNS Count". (NextTime=2021-03-24 17:31:08 URL=https://sekailab.com/wp/2018/08/14/librealsense-with-armbian-on-orangepi-pc2/)
2023-10-09 10:16:37 [2] Confirmed the "Check SNS Count". (NextTime=2021-03-25 03:48:57 URL=http://yamada.daiji.ro/blog/?p=382)
2023-10-09 10:16:37 [3] Confirmed the "Check SNS Count". (NextTime=2021-03-22 02:16:17 URL=https://sekailab.com/wp/2018/04/14/python-template-for-cli-applications-and-batch/)
2023-10-09 10:16:37 [4] Confirmed the "Check SNS Count". (NextTime=2021-03-21 16:59:15 URL=https://www.amazon.co.jp/3M-%E3%82%B9%E3%82%B3%E3%83%83%E3%83%81-%E5%BC%B7%E5%8A%9B%E4%B8%A1%E9%9D%A2%E3%83%86%E3%83%BC%E3%83%97-20mm%C3%9710m-PSD-20/dp/B002YMQILC/ref=as_li_ss_il?ie=UTF8&#038;qid=1523532084&#038;sr=8-6&#038;keywords=scotch+%E5%BC%B7%E5%8A%9B%E4%B8%A1%E9%9D%A2%E3%83%86%E3%83%BC%E3%83%97+20mm&#038;linkCode=li2&#038;tag=drunkar-22&#038;linkId=7d553de20ef02ada7021590e02dc4672)
2023-10-09 10:16:37 [5] Confirmed the "Check SNS Count". (NextTime=2021-03-21 07:05:08 URL=https://sekailab.com/wp/2018/08/31/review-mistel-barocco-md650l/)
2023-10-09 10:16:37 [6] Confirmed the "Check SNS Count". (NextTime=2021-06-25 03:04:11 URL=https://www.amazon.co.jp/gp/product/B08SMBN7ZB?ie=UTF8&#038;psc=1&#038;linkCode=li2&#038;tag=drunkar-22&#038;linkId=d793effed22f9dc70b1c21e3f16e0bc8&#038;language=ja_JP&#038;ref_=as_li_ss_il)
2023-10-09 10:16:37 [7] Confirmed the "Check SNS Count". (NextTime=2021-04-15 08:07:48 URL=https://sekailab.com/?s=300%E3%83%89%E3%83%AB15W%E4%B8%AD%E8%8F%AF%E5%8D%8A%E5%B0%8E%E4%BD%93%E3%83%AC%E3%83%BC%E3%82%B6%E3%83%BC%E3%82%AB%E3%83%83%E3%82%BF%E3%83%BC)
2023-10-09 10:16:37 [8] Confirmed the "Check SNS Count". (NextTime=2021-04-10 22:28:01 URL=https://www.banggood.com/Emax-Babyhawk-R-RACER-Edition-112mm-F3-Magnum-Mini-5_8G-FPV-Racing-RC-Drone-3S4S-PNPBNF-p-1237259.html?p=DR062131921252201904&#038;ID=523399&#038;cur_warehouse=CN)
2023-10-09 10:16:37 [9] Confirmed the "Check SNS Count". (NextTime=2021-04-17 08:51:24 URL=https://www.banggood.com/ja/IRangeX-iRX-IR8M-2_4G-8CH-Multi-Protocol-Transmitter-With-PPM-S_BUS-Mini-Receiver-p-1226058.html?p=K226105168701201606R&#038;custlinkid=129861)
2023-10-09 10:16:37 [10] Confirmed the "Check SNS Count". (NextTime=2021-03-25 08:40:43 URL=https://sekailab.com/wp/2018/08/11/sakura-vps-nem-supernode-3/)
2023-10-09 10:16:37 There were 284 links that passed the next "Link Alive Check" confirmation date and time.
2023-10-09 10:16:38 [1] Confirmed the "Link Alive Check". (NextTime=1970-01-01 00:00:00 Result= URL=)
2023-10-09 10:16:38 [2] Confirmed the "Link Alive Check". (NextTime=1970-01-01 00:00:00 Result= URL=)
2023-10-09 10:16:38 [3] Confirmed the "Link Alive Check". (NextTime=1970-01-01 00:00:00 Result= URL=)
2023-10-09 10:16:38 [4] Confirmed the "Link Alive Check". (NextTime=1970-01-01 00:00:00 Result= URL=)
2023-10-09 10:16:39 [5] Confirmed the "Link Alive Check". (NextTime=1970-01-01 00:00:00 Result= URL=)
2023-10-09 19:16:02 There were 284 links that passed the next "Link Alive Check" confirmation date and time.
2023-10-09 19:16:03 [1] Confirmed the "Link Alive Check". (NextTime=1970-01-01 00:00:00 Result= URL=)
2023-10-09 19:16:03 [2] Confirmed the "Link Alive Check". (NextTime=1970-01-01 00:00:00 Result= URL=)
2023-10-09 19:16:03 [3] Confirmed the "Link Alive Check". (NextTime=1970-01-01 00:00:00 Result= URL=)
2023-10-09 19:16:03 [4] Confirmed the "Link Alive Check". (NextTime=1970-01-01 00:00:00 Result= URL=)
2023-10-09 19:16:04 [5] Confirmed the "Link Alive Check". (NextTime=1970-01-01 00:00:00 Result= URL=)
2023-10-09 19:16:04 There were 47 links that passed the next "Check SNS Count" confirmation date and time.
2023-10-09 19:16:04 [1] Confirmed the "Check SNS Count". (NextTime=2021-04-15 07:51:20 URL=https://sekailab.com/wp/2019/03/23/white-powder-for-your-health)
2023-10-09 19:16:04 [2] Confirmed the "Check SNS Count". (NextTime=2021-03-23 20:50:03 URL=https://www.amazon.co.jp/%E3%81%82%E3%81%AA%E3%81%9F%E3%81%AE%E3%81%9F%E3%82%81%E3%81%AE%E7%89%A9%E8%AA%9E-%E3%83%8F%E3%83%A4%E3%82%AB%E3%83%AF%E6%96%87%E5%BA%ABJA-%E9%95%B7%E8%B0%B7-%E6%95%8F%E5%8F%B8/dp/415031036X/ref=as_li_ss_il?ie=UTF8&#038;qid=1516557545&#038;sr=8-1&#038;keywords=%E3%81%82%E3%81%AA%E3%81%9F%E3%81%AE%E3%81%9F%E3%82%81%E3%81%AE%E7%89%A9%E8%AA%9E&#038;linkCode=li2&#038;tag=drunkar-22&#038;linkId=a3359dbac8bebc808a8775a997b0d96d)
2023-10-09 19:16:04 [3] Confirmed the "Check SNS Count". (NextTime=2021-04-15 07:57:07 URL=https://twitter.com/search?q=from:goroman%20since:2020-07-06%20until:2020-07-07&#038;src=typed_query&#038;f=live)
2023-10-09 19:16:05 [4] Confirmed the "Check SNS Count". (NextTime=2021-04-14 23:02:13 URL=http://movidius-neural-compute-stick-with-orangepi-pc2)
2023-10-09 19:16:05 [5] Confirmed the "Check SNS Count". (NextTime=2021-03-22 11:39:06 URL=https://www.amazon.co.jp/%E3%80%90Amazon-co-jp%E9%99%90%E5%AE%9A%E3%80%91TRUSCO-%E3%83%88%E3%83%A9%E3%82%B9%E3%82%B3-%E8%96%84%E5%9E%8B%E6%8A%98%E3%82%8A%E3%81%9F%E3%81%9F%E3%81%BF%E3%82%B3%E3%83%B3%E3%83%86%E3%83%8A-%E3%83%AD%E3%83%83%E3%82%AF%E3%83%95%E3%82%BF%E4%BB%98-TR-C50B/dp/B06WGM5851/ref=as_li_ss_il?s=diy&#038;ie=UTF8&#038;qid=1515698630&#038;sr=1-3&#038;keywords=%E6%8A%98%E3%82%8A%E3%81%9F%E3%81%9F%E3%81%BF%E3%82%B3%E3%83%B3%E3%83%86%E3%83%8A&#038;linkCode=li2&#038;tag=drunkar-22&#038;linkId=eb387d804019c9d51cacebc4e24ef7f0)
2023-10-09 19:16:05 [6] Confirmed the "Check SNS Count". (NextTime=2021-04-16 06:53:34 URL=https://sekailab.com/wp/2018/09/04/mistel-barocco-mag-feet)
2023-10-09 19:16:05 [7] Confirmed the "Check SNS Count". (NextTime=2021-04-07 02:02:59 URL=https://www.madopro.net/entry/t2t_seq2seq)
2023-10-09 19:16:05 [8] Confirmed the "Check SNS Count". (NextTime=2021-04-15 11:01:06 URL=https://sekailab.com/wp/2013/12/11/watch-process-to-send-gmail)
2023-10-09 19:16:05 [9] Confirmed the "Check SNS Count". (NextTime=2021-03-22 04:39:35 URL=https://www.amazon.co.jp/gp/product/B01DOWUCJO/ref=as_li_ss_il?ie=UTF8&#038;psc=1&#038;linkCode=li2&#038;tag=drunkar-22&#038;linkId=a22e97f7b179135d87b3db4692f871bc)
2023-10-09 19:16:06 [10] Confirmed the "Check SNS Count". (NextTime=2021-04-16 03:26:46 URL=https://sekailab.com/wp/2016/11/29/in-this-corner-of-the-world)
2023-10-09 21:14:58 There were 284 links that passed the next "Link Alive Check" confirmation date and time.
2023-10-09 21:15:06 [1] Confirmed the "Link Alive Check". (NextTime=1970-01-01 00:00:00 Result= URL=)
2023-10-09 21:15:06 [2] Confirmed the "Link Alive Check". (NextTime=1970-01-01 00:00:00 Result= URL=)
2023-10-09 21:15:06 [3] Confirmed the "Link Alive Check". (NextTime=1970-01-01 00:00:00 Result= URL=)
2023-10-09 21:15:07 [4] Confirmed the "Link Alive Check". (NextTime=1970-01-01 00:00:00 Result= URL=)
2023-10-09 21:15:07 [5] Confirmed the "Link Alive Check". (NextTime=1970-01-01 00:00:00 Result= URL=)
2023-10-09 21:15:07 There were 284 links that passed the next "Link Alive Check" confirmation date and time.
2023-10-09 21:15:07 [1] Confirmed the "Link Alive Check". (NextTime=1970-01-01 00:00:00 Result= URL=)
2023-10-09 21:15:08 [2] Confirmed the "Link Alive Check". (NextTime=1970-01-01 00:00:00 Result= URL=)
2023-10-09 21:15:08 [3] Confirmed the "Link Alive Check". (NextTime=1970-01-01 00:00:00 Result= URL=)
2023-10-09 21:15:08 [4] Confirmed the "Link Alive Check". (NextTime=1970-01-01 00:00:00 Result= URL=)
2023-10-09 21:15:08 [5] Confirmed the "Link Alive Check". (NextTime=1970-01-01 00:00:00 Result=2023-10-09 23:17:54 There were 43 links that passed the next "Check SNS Count" confirmation date and time.
2023-10-09 23:17:54 [1] Confirmed the "Check SNS Count". (NextTime=2021-04-05 01:16:25 URL=https://sekailab.com/wp/2019/02/06/rtx2080ti-i9-9900k-failure-mother-dram/)
2023-10-09 23:17:54 [2] Confirmed the "Check SNS Count". (NextTime=2021-03-27 01:59:09 URL=https://forum.nem.io/t/nem-supernode-rewards-program/1735)
2023-10-09 23:17:54 [3] Confirmed the "Check SNS Count". (NextTime=2021-03-25 00:04:31 URL=https://sekailab.com/wp/2012/10/28/c%e3%81%a7%e3%80%8c%e3%81%af%e3%81%98%e3%82%81%e3%81%a6%e3%81%ae%e6%a9%9f%e6%a2%b0%e5%ad%a6%e7%bf%92%e3%80%8d6%e7%ab%a0/)
2023-10-09 23:17:54 [4] Confirmed the "Check SNS Count". (NextTime=2021-03-20 07:01:57 URL=https://www.banggood.com/Caddx-Turtle-V2-1080p-60fps-FOV-155-Degree-Super-WDR-Mini-HD-FPV-Camera-OSD-Mic-for-RC-Drone-p-1360782.html?p=K226105168701201606R)
2023-10-09 23:17:55 [5] Confirmed the "Check SNS Count". (NextTime=2021-04-15 11:44:32 URL=https://sekailab.com/wp/2018/01/12/15w-chinese-laser-cutter-3)
2023-10-09 23:17:55 [6] Confirmed the "Check SNS Count". (NextTime=2021-04-14 22:33:14 URL=https://www.amazon.co.jp/Gold-Standard-100-%E3%82%A8%E3%82%AF%E3%82%B9%E3%83%88%E3%83%AA%E3%83%BC%E3%83%A0%E3%83%81%E3%83%A7%E3%82%B3%E3%83%AC%E3%83%BC%E3%83%88-2-27kg/dp/B01L1NX32Q/ref=as_li_ss_il?ie=UTF8&#038;qid=1483631295&#038;sr=8-2&#038;keywords=Gold+Standard+100%&#038;linkCode=li2&#038;tag=drunkar-22&#038;linkId=1e8286abc92678776dfd2dfeef1b05e3)
2023-10-09 23:17:55 [7] Confirmed the "Check SNS Count". (NextTime=2021-03-20 19:30:40 URL=https://sekailab.com/wp/2012/11/01/c%e3%81%a7%e3%80%8c%e3%81%af%e3%81%98%e3%82%81%e3%81%a6%e3%81%ae%e6%a9%9f%e6%a2%b0%e5%ad%a6%e7%bf%92%e3%80%8d5%e7%ab%a0/)
2023-10-09 23:17:55 [8] Confirmed the "Check SNS Count". (NextTime=2021-03-26 20:21:44 URL=https://github.com/Drunkar/dockerfiles/tree/master/airflow-alpine)
2023-10-09 23:17:55 [9] Confirmed the "Check SNS Count". (NextTime=2021-04-15 19:36:32 URL=https://sekailab.com/wp/2012/10/26/c%E3%81%A7%E3%80%8C%E3%81%AF%E3%81%98%E3%82%81%E3%81%A6%E3%81%AE%E6%A9%9F%E6%A2%B0%E5%AD%A6%E7%BF%92%E3%80%8D2%E7%AB%A0-3%E7%AB%A0)
2023-10-09 23:17:55 [10] Confirmed the "Check SNS Count". (NextTime=2021-03-21 15:31:15 URL=https://qiita.com/TomokIshii/items/95c49d5e86f2eae61720)
2023-10-09 23:41:13 There were 284 links that passed the next "Link Alive Check" confirmation date and time.
2023-10-09 23:41:13 [1] Confirmed the "Link Alive Check". (NextTime=1970-01-01 00:00:00 Result= URL=)
2023-10-09 23:41:13 [2] Confirmed the "Link Alive Check". (NextTime=1970-01-01 00:00:00 Result= URL=)
2023-10-09 23:41:14 [3] Confirmed the "Link Alive Check". (NextTime=1970-01-01 00:00:00 Result= URL=)
2023-10-09 23:41:14 [4] Confirmed the "Link Alive Check". (NextTime=1970-01-01 00:00:00 Result= URL=)
2023-10-09 23:41:14 [5] Confirmed the "Link Alive Check". (NextTime=1970-01-01 00:00:00 Result= URL=)
