2022-07-29 00:01:44 There were 284 links that passed the next "Link Alive Check" confirmation date and time.
2022-07-29 00:01:44 [1] Confirmed the "Link Alive Check". (NextTime=1970-01-01 00:00:00 Result= URL=)
2022-07-29 00:01:44 [2] Confirmed the "Link Alive Check". (NextTime=1970-01-01 00:00:00 Result= URL=)
2022-07-29 00:01:45 [3] Confirmed the "Link Alive Check". (NextTime=1970-01-01 00:00:00 Result= URL=)
2022-07-29 00:01:45 [4] Confirmed the "Link Alive Check". (NextTime=1970-01-01 00:00:00 Result= URL=)
2022-07-29 00:01:45 [5] Confirmed the "Link Alive Check". (NextTime=1970-01-01 00:00:00 Result= URL=)
2022-07-29 00:23:07 There were 1 links that passed the next "Check SNS Count" confirmation date and time.
2022-07-29 00:23:07 [1] Confirmed the "Check SNS Count". (NextTime=2021-03-22 06:32:20 URL=https://www.amazon.co.jp/gp/product/B01J74UUD6/ref=as_li_ss_il?ie=UTF8&#038;psc=1&#038;linkCode=li2&#038;tag=drunkar-22&#038;linkId=34401a05e76588a8b541312ea31a2a71)
2022-07-29 00:53:02 There were 284 links that passed the next "Link Alive Check" confirmation date and time.
2022-07-29 00:53:02 [1] Confirmed the "Link Alive Check". (NextTime=1970-01-01 00:00:00 Result= URL=)
2022-07-29 00:53:02 [2] Confirmed the "Link Alive Check". (NextTime=1970-01-01 00:00:00 Result= URL=)
2022-07-29 00:53:03 [3] Confirmed the "Link Alive Check". (NextTime=1970-01-01 00:00:00 Result= URL=)
2022-07-29 00:53:03 [4] Confirmed the "Link Alive Check". (NextTime=1970-01-01 00:00:00 Result= URL=)
2022-07-29 00:53:03 [5] Confirmed the "Link Alive Check". (NextTime=1970-01-01 00:00:00 Result= URL=)
2022-07-29 01:23:04 There were 1 links that passed the next "Check SNS Count" confirmation date and time.
2022-07-29 01:23:04 [1] Confirmed the "Check SNS Count". (NextTime=2021-04-15 17:04:05 URL=https://de.wikipedia.org/wiki/Liste_der_Kulturdenkm%C3%A4ler_in_Frankfurt-Innenstadt)
2022-07-29 01:53:09 There were 284 links that passed the next "Link Alive Check" confirmation date and time.
2022-07-29 01:53:10 [1] Confirmed the "Link Alive Check". (NextTime=1970-01-01 00:00:00 Result= URL=)
2022-07-29 01:53:10 [2] Confirmed the "Link Alive Check". (NextTime=1970-01-01 00:00:00 Result= URL=)
2022-07-29 01:53:10 [3] Confirmed the "Link Alive Check". (NextTime=1970-01-01 00:00:00 Result= URL=)
2022-07-29 01:53:10 [4] Confirmed the "Link Alive Check". (NextTime=1970-01-01 00:00:00 Result= URL=)
2022-07-29 01:53:10 [5] Confirmed the "Link Alive Check". (NextTime=1970-01-01 00:00:00 Result= URL=)
2022-07-29 02:23:08 There were 1 links that passed the next "Check SNS Count" confirmation date and time.
2022-07-29 02:23:08 [1] Confirmed the "Check SNS Count". (NextTime=2021-04-18 05:12:40 URL=https://unity3d.com/jp/get-unity/download/archive)
2022-07-29 02:53:49 There were 284 links that passed the next "Link Alive Check" confirmation date and time.
2022-07-29 02:53:49 [1] Confirmed the "Link Alive Check". (NextTime=1970-01-01 00:00:00 Result= URL=)
2022-07-29 02:53:50 [2] Confirmed the "Link Alive Check". (NextTime=1970-01-01 00:00:00 Result= URL=)
2022-07-29 02:53:50 [3] Confirmed the "Link Alive Check". (NextTime=1970-01-01 00:00:00 Result= URL=)
2022-07-29 02:53:50 [4] Confirmed the "Link Alive Check". (NextTime=1970-01-01 00:00:00 Result= URL=)
2022-07-29 02:53:50 [5] Confirmed the "Link Alive Check". (NextTime=1970-01-01 00:00:00 Result= URL=)
2022-07-29 03:25:16 There were 0 links that passed the next "Check SNS Count" confirmation date and time.
2022-07-29 03:55:36 There were 284 links that passed the next "Link Alive Check" confirmation date and time.
2022-07-29 03:55:37 [1] Confirmed the "Link Alive Check". (NextTime=1970-01-01 00:00:00 Result= URL=)
2022-07-29 03:55:37 [2] Confirmed the "Link Alive Check". (NextTime=1970-01-01 00:00:00 Result= URL=)
2022-07-29 03:55:37 [3] Confirmed the "Link Alive Check". (NextTime=1970-01-01 00:00:00 Result= URL=)
2022-07-29 03:55:37 [4] Confirmed the "Link Alive Check". (NextTime=1970-01-01 00:00:00 Result= URL=)
2022-07-29 03:55:38 [5] Confirmed the "Link Alive Check". (NextTime=1970-01-01 00:00:00 Result= URL=)
2022-07-29 04:23:07 There were 2 links that passed the next "Check SNS Count" confirmation date and time.
2022-07-29 04:23:07 [1] Confirmed the "Check SNS Count". (NextTime=2021-03-26 12:07:04 URL=https://developer.nvidia.com/cuda/wsl)
2022-07-29 04:23:07 [2] Confirmed the "Check SNS Count". (NextTime=2021-03-25 06:30:50 URL=https://github.com/nara256/mhz19_uart)
2022-07-29 04:57:48 There were 284 links that passed the next "Link Alive Check" confirmation date and time.
2022-07-29 04:57:48 [1] Confirmed the "Link Alive Check". (NextTime=1970-01-01 00:00:00 Result= URL=)
2022-07-29 04:57:49 [2] Confirmed the "Link Alive Check". (NextTime=1970-01-01 00:00:00 Result= URL=)
2022-07-29 04:57:49 [3] Confirmed the "Link Alive Check". (NextTime=1970-01-01 00:00:00 Result= URL=)
2022-07-29 04:57:49 [4] Confirmed the "Link Alive Check". (NextTime=1970-01-01 00:00:00 Result= URL=)
2022-07-29 04:57:49 [5] Confirmed the "Link Alive Check". (NextTime=1970-01-01 00:00:00 Result= URL=)
2022-07-29 05:23:22 There were 3 links that passed the next "Check SNS Count" confirmation date and time.
2022-07-29 05:23:22 [1] Confirmed the "Check SNS Count". (NextTime=2021-04-11 22:18:15 URL=http://akizukidenshi.com/catalog/g/gP-07598/)
2022-07-29 05:23:22 [2] Confirmed the "Check SNS Count". (NextTime=2021-04-08 13:43:51 URL=https://www.banggood.com/ViviBright-C80UP-Mini-LED-Projector-Android-WIFI-Bluetooth-Video-Game-Projector-Home-Cinema-Beamer-p-1381618.html?p=DR062131921252201904&#038;cur_warehouse=CN)
2022-07-29 05:23:22 [3] Confirmed the "Check SNS Count". (NextTime=2021-03-22 15:52:44 URL=https://www.banggood.com/Xiaomi-Redmi-Airdots-TWS-Bluetooth-5_0-Earphone-DSP-Noise-Cancelling-Auto-Pairing-Bilateral-Call-Stereo-Headphones-p-1450592.html?p=K226105168701201606R)
2022-07-29 05:26:13 There were 0 links that passed the next "Check SNS Count" confirmation date and time.
2022-07-29 05:58:32 There were 284 links that passed the next "Link Alive Check" confirmation date and time.
2022-07-29 05:58:32 [1] Confirmed the "Link Alive Check". (NextTime=1970-01-01 00:00:00 Result= URL=)
2022-07-29 05:58:32 [2] Confirmed the "Link Alive Check". (NextTime=1970-01-01 00:00:00 Result= URL=)
2022-07-29 05:58:32 [3] Confirmed the "Link Alive Check". (NextTime=1970-01-01 00:00:00 Result= URL=)
2022-07-29 05:58:32 [4] Confirmed the "Link Alive Check". (NextTime=1970-01-01 00:00:00 Result= URL=)
2022-07-29 05:58:33 [5] Confirmed the "Link Alive Check". (NextTime=1970-01-01 00:00:00 Result= URL=)
2022-07-29 06:23:11 There were 0 links that passed the next "Check SNS Count" confirmation date and time.
2022-07-29 07:01:28 There were 284 links that passed the next "Link Alive Check" confirmation date and time.
2022-07-29 07:01:28 [1] Confirmed the "Link Alive Check". (NextTime=1970-01-01 00:00:00 Result= URL=)
2022-07-29 07:01:28 [2] Confirmed the "Link Alive Check". (NextTime=1970-01-01 00:00:00 Result= URL=)
2022-07-29 07:01:29 [3] Confirmed the "Link Alive Check". (NextTime=1970-01-01 00:00:00 Result= URL=)
2022-07-29 07:01:29 [4] Confirmed the "Link Alive Check". (NextTime=1970-01-01 00:00:00 Result= URL=)
2022-07-29 07:01:29 [5] Confirmed the "Link Alive Check". (NextTime=1970-01-01 00:00:00 Result= URL=)
2022-07-29 07:24:42 There were 1 links that passed the next "Check SNS Count" confirmation date and time.
2022-07-29 07:24:42 [1] Confirmed the "Check SNS Count". (NextTime=2021-04-18 06:24:07 URL=https://www.amazon.co.jp/%E3%82%B7%E3%83%AA%E3%82%B3%E3%83%B3%E3%83%90%E3%83%AC%E3%83%BC%E5%BC%8F-%E8%87%AA%E5%88%86%E3%82%92%E5%A4%89%E3%81%88%E3%82%8B%E6%9C%80%E5%BC%B7%E3%81%AE%E9%A3%9F%E4%BA%8B-%E3%83%87%E3%82%A4%E3%83%B4%E3%83%BB%E3%82%A2%E3%82%B9%E3%83%97%E3%83%AA%E3%83%BC-ebook/dp/B015S5545W/ref=as_li_ss_il?_encoding=UTF8&#038;qid=1585582879&#038;sr=8-1&#038;linkCode=li2&#038;tag=drunkar-22&#038;linkId=fb2fbcce469bf88077c26ea066860d62)
2022-07-29 08:02:25 There were 284 links that passed the next "Link Alive Check" confirmation date and time.
2022-07-29 08:02:25 [1] Confirmed the "Link Alive Check". (NextTime=1970-01-01 00:00:00 Result= URL=)
2022-07-29 08:02:25 [2] Confirmed the "Link Alive Check". (NextTime=1970-01-01 00:00:00 Result= URL=)
2022-07-29 08:02:25 [3] Confirmed the "Link Alive Check". (NextTime=1970-01-01 00:00:00 Result= URL=)
2022-07-29 08:02:25 [4] Confirmed the "Link Alive Check". (NextTime=1970-01-01 00:00:00 Result= URL=)
2022-07-29 08:02:26 [5] Confirmed the "Link Alive Check". (NextTime=1970-01-01 00:00:00 Result= URL=)
2022-07-29 08:24:03 There were 1 links that passed the next "Check SNS Count" confirmation date and time.
2022-07-29 08:24:03 [1] Confirmed the "Check SNS Count". (NextTime=2021-03-24 23:08:57 URL=https://amzn.to/2GTEzKk)
2022-07-29 09:02:32 There were 284 links that passed the next "Link Alive Check" confirmation date and time.
2022-07-29 09:02:32 [1] Confirmed the "Link Alive Check". (NextTime=1970-01-01 00:00:00 Result= URL=)
2022-07-29 09:02:32 [2] Confirmed the "Link Alive Check". (NextTime=1970-01-01 00:00:00 Result= URL=)
2022-07-29 09:02:32 [3] Confirmed the "Link Alive Check". (NextTime=1970-01-01 00:00:00 Result= URL=)
2022-07-29 09:02:32 [4] Confirmed the "Link Alive Check". (NextTime=1970-01-01 00:00:00 Result= URL=)
2022-07-29 09:02:33 [5] Confirmed the "Link Alive Check". (NextTime=1970-01-01 00:00:00 Result= URL=)
2022-07-29 09:23:05 There were 1 links that passed the next "Check SNS Count" confirmation date and time.
2022-07-29 09:23:05 [1] Confirmed the "Check SNS Count". (NextTime=2021-03-21 15:27:00 URL=https://sekailab.com/wp/2018/08/10/build-opencv-on-orangepi-pc2/)
2022-07-29 10:03:09 There were 284 links that passed the next "Link Alive Check" confirmation date and time.
2022-07-29 10:03:09 [1] Confirmed the "Link Alive Check". (NextTime=1970-01-01 00:00:00 Result= URL=)
2022-07-29 10:03:10 [2] Confirmed the "Link Alive Check". (NextTime=1970-01-01 00:00:00 Result= URL=)
2022-07-29 10:03:10 [3] Confirmed the "Link Alive Check". (NextTime=1970-01-01 00:00:00 Result= URL=)
2022-07-29 10:03:10 [4] Confirmed the "Link Alive Check". (NextTime=1970-01-01 00:00:00 Result= URL=)
2022-07-29 10:03:10 [5] Confirmed the "Link Alive Check". (NextTime=1970-01-01 00:00:00 Result= URL=)
2022-07-29 10:23:52 There were 1 links that passed the next "Check SNS Count" confirmation date and time.
2022-07-29 10:23:52 [1] Confirmed the "Check SNS Count". (NextTime=2021-03-25 06:11:22 URL=https://www.amazon.co.jp/Opolar-LC06%E5%90%B8%E5%BC%95%E5%BC%8F%E3%83%8E%E3%83%BC%E3%83%88PC%E5%86%B7%E5%8D%B4%E3%83%95%E3%82%A1%E3%83%B3-%E4%BB%BB%E5%A4%A9%E5%A0%82-Nintendo-Switch%E5%86%B7%E5%8D%B4%E3%83%8E%E3%83%BC%E3%83%88%E3%82%AF%E3%83%BC%E3%83%A9%E3%83%BC-pc%E3%82%AF%E3%83%BC%E3%83%A9%E3%83%BC%E3%83%95%E3%82%A1%E3%83%B3-%E3%82%B3%E3%83%B3%E3%83%91%E3%82%AF%E3%83%88-%E9%9D%99%E9%9F%B3-%E6%B8%A9%E5%BA%A6%E3%81%8C%E8%A1%A8%E7%A4%BA%E3%81%95%E3%82%8C-%E3%83%95%E3%82%A1%E3%83%B3%E3%82%B9%E3%83%94%E3%83%BC%E3%83%89%E8%AA%BF%E6%95%B4%E3%81%8C%E3%81%A7%E3%81%8D-%E3%83%8E%E3%83%BC%E3%83%88PC%E3%81%AE%E5%86%B7%E5%8D%B4%E5%8F%B0-PS4-%E3%83%8B%E3%83%B3%E3%83%86%E3%83%B3%E3%83%89%E3%83%BC%E3%82%B9%E3%82%A4%E3%83%83%E3%83%81%E3%81%AE%E5%86%B7%E5%8D%B4/dp/B01LWN5LTV/ref=as_li_ss_il?ie=UTF8&#038;qid=1528536509&#038;sr=8-6&#038;keywords=%E3%83%8E%E3%83%BC%E3%83%88pc+%E5%86%B7%E5%8D%B4&#038;linkCode=li2&#038;tag=drunkar-22&#038;linkId=160e8cbd24da9a792e255e7af25be6c7)
2022-07-29 11:03:30 There were 284 links that passed the next "Link Alive Check" confirmation date and time.
2022-07-29 11:03:30 [1] Confirmed the "Link Alive Check". (NextTime=1970-01-01 00:00:00 Result= URL=)
2022-07-29 11:03:31 [2] Confirmed the "Link Alive Check". (NextTime=1970-01-01 00:00:00 Result= URL=)
2022-07-29 11:03:31 [3] Confirmed the "Link Alive Check". (NextTime=1970-01-01 00:00:00 Result= URL=)
2022-07-29 11:03:31 [4] Confirmed the "Link Alive Check". (NextTime=1970-01-01 00:00:00 Result= URL=)
2022-07-29 11:03:31 [5] Confirmed the "Link Alive Check". (NextTime=1970-01-01 00:00:00 Result= URL=)
2022-07-29 11:23:56 There were 1 links that passed the next "Check SNS Count" confirmation date and time.
2022-07-29 11:23:56 [1] Confirmed the "Check SNS Count". (NextTime=2021-03-23 01:55:31 URL=https://www.banggood.com/Original-Xiaomi-WPC01ZM-10W-MAX-Quick-Charge-Qi-Wireless-Charger-Type-C-for-iPhone-for-Samsung-p-1346797.html?p=K226105168701201606R)
2022-07-29 11:25:48 There were 0 links that passed the next "Check SNS Count" confirmation date and time.
2022-07-29 12:06:49 There were 284 links that passed the next "Link Alive Check" confirmation date and time.
2022-07-29 12:06:49 [1] Confirmed the "Link Alive Check". (NextTime=1970-01-01 00:00:00 Result= URL=)
2022-07-29 12:06:49 [2] Confirmed the "Link Alive Check". (NextTime=1970-01-01 00:00:00 Result= URL=)
2022-07-29 12:06:49 [3] Confirmed the "Link Alive Check". (NextTime=1970-01-01 00:00:00 Result= URL=)
2022-07-29 12:06:49 [4] Confirmed the "Link Alive Check". (NextTime=1970-01-01 00:00:00 Result= URL=)
2022-07-29 12:06:50 [5] Confirmed the "Link Alive Check". (NextTime=1970-01-01 00:00:00 Result= URL=)
2022-07-29 12:26:55 There were 0 links that passed the next "Check SNS Count" confirmation date and time.
2022-07-29 13:09:39 There were 284 links that passed the next "Link Alive Check" confirmation date and time.
2022-07-29 13:09:39 [1] Confirmed the "Link Alive Check". (NextTime=1970-01-01 00:00:00 Result= URL=)
2022-07-29 13:09:39 [2] Confirmed the "Link Alive Check". (NextTime=1970-01-01 00:00:00 Result= URL=)
2022-07-29 13:09:39 [3] Confirmed the "Link Alive Check". (NextTime=1970-01-01 00:00:00 Result= URL=)
2022-07-29 13:09:40 [4] Confirmed the "Link Alive Check". (NextTime=1970-01-01 00:00:00 Result= URL=)
2022-07-29 13:09:40 [5] Confirmed the "Link Alive Check". (NextTime=1970-01-01 00:00:00 Result= URL=)
2022-07-29 13:26:16 There were 1 links that passed the next "Check SNS Count" confirmation date and time.
2022-07-29 13:26:16 [1] Confirmed the "Check SNS Count". (NextTime=2021-03-22 15:57:50 URL=https://popozure.info)
2022-07-29 13:35:53 There were 0 links that passed the next "Check SNS Count" confirmation date and time.
2022-07-29 14:11:12 There were 284 links that passed the next "Link Alive Check" confirmation date and time.
2022-07-29 14:11:13 [1] Confirmed the "Link Alive Check". (NextTime=1970-01-01 00:00:00 Result= URL=)
2022-07-29 14:11:13 [2] Confirmed the "Link Alive Check". (NextTime=1970-01-01 00:00:00 Result= URL=)
2022-07-29 14:11:13 [3] Confirmed the "Link Alive Check". (NextTime=1970-01-01 00:00:00 Result= URL=)
2022-07-29 14:11:13 [4] Confirmed the "Link Alive Check". (NextTime=1970-01-01 00:00:00 Result= URL=)
2022-07-29 14:11:14 [5] Confirmed the "Link Alive Check". (NextTime=1970-01-01 00:00:00 Result= URL=)
2022-07-29 14:23:03 There were 0 links that passed the next "Check SNS Count" confirmation date and time.
2022-07-29 15:15:54 There were 284 links that passed the next "Link Alive Check" confirmation date and time.
2022-07-29 15:15:55 [1] Confirmed the "Link Alive Check". (NextTime=1970-01-01 00:00:00 Result= URL=)
2022-07-29 15:15:55 [2] Confirmed the "Link Alive Check". (NextTime=1970-01-01 00:00:00 Result= URL=)
2022-07-29 15:15:55 [3] Confirmed the "Link Alive Check". (NextTime=1970-01-01 00:00:00 Result= URL=)
2022-07-29 15:15:55 [4] Confirmed the "Link Alive Check". (NextTime=1970-01-01 00:00:00 Result= URL=)
2022-07-29 15:15:55 [5] Confirmed the "Link Alive Check". (NextTime=1970-01-01 00:00:00 Result= URL=)
2022-07-29 15:26:42 There were 0 links that passed the next "Check SNS Count" confirmation date and time.
2022-07-29 15:56:24 There were 284 links that passed the next "Link Alive Check" confirmation date and time.
2022-07-29 15:56:24 [1] Confirmed the "Link Alive Check". (NextTime=1970-01-01 00:00:00 Result= URL=)
2022-07-29 15:56:25 [2] Confirmed the "Link Alive Check". (NextTime=1970-01-01 00:00:00 Result= URL=)
2022-07-29 15:56:25 [3] Confirmed the "Link Alive Check". (NextTime=1970-01-01 00:00:00 Result= URL=)
2022-07-29 15:56:25 [4] Confirmed the "Link Alive Check". (NextTime=1970-01-01 00:00:00 Result= URL=)
2022-07-29 15:56:25 [5] Confirmed the "Link Alive Check". (NextTime=1970-01-01 00:00:00 Result= URL=)
2022-07-29 16:17:06 There were 284 links that passed the next "Link Alive Check" confirmation date and time.
2022-07-29 16:17:06 [1] Confirmed the "Link Alive Check". (NextTime=1970-01-01 00:00:00 Result= URL=)
2022-07-29 16:17:06 [2] Confirmed the "Link Alive Check". (NextTime=1970-01-01 00:00:00 Result= URL=)
2022-07-29 16:17:06 [3] Confirmed the "Link Alive Check". (NextTime=1970-01-01 00:00:00 Result= URL=)
2022-07-29 16:17:07 [4] Confirmed the "Link Alive Check". (NextTime=1970-01-01 00:00:00 Result= URL=)
2022-07-29 16:17:07 [5] Confirmed the "Link Alive Check". (NextTime=1970-01-01 00:00:00 Result= URL=)
2022-07-29 16:23:14 There were 2 links that passed the next "Check SNS Count" confirmation date and time.
2022-07-29 16:23:14 [1] Confirmed the "Check SNS Count". (NextTime=2021-03-25 19:52:33 URL=https://mechanicalkeyboards.com/shop/index.php?l=product_detail&#038;p=3519)
2022-07-29 16:23:15 [2] Confirmed the "Check SNS Count". (NextTime=2021-04-14 14:03:57 URL=https://sekailab.com/wp/2018/01/04/15w-chinese-laser-cutter-1)
2022-07-29 16:56:33 There were 284 links that passed the next "Link Alive Check" confirmation date and time.
2022-07-29 16:56:33 [1] Confirmed the "Link Alive Check". (NextTime=1970-01-01 00:00:00 Result= URL=)
2022-07-29 16:56:33 [2] Confirmed the "Link Alive Check". (NextTime=1970-01-01 00:00:00 Result= URL=)
2022-07-29 16:56:34 [3] Confirmed the "Link Alive Check". (NextTime=1970-01-01 00:00:00 Result= URL=)
2022-07-29 16:56:34 [4] Confirmed the "Link Alive Check". (NextTime=1970-01-01 00:00:00 Result= URL=)
2022-07-29 16:56:34 [5] Confirmed the "Link Alive Check". (NextTime=1970-01-01 00:00:00 Result= URL=)
2022-07-29 17:18:23 There were 284 links that passed the next "Link Alive Check" confirmation date and time.
2022-07-29 17:18:23 [1] Confirmed the "Link Alive Check". (NextTime=1970-01-01 00:00:00 Result= URL=)
2022-07-29 17:18:23 [2] Confirmed the "Link Alive Check". (NextTime=1970-01-01 00:00:00 Result= URL=)
2022-07-29 17:18:24 [3] Confirmed the "Link Alive Check". (NextTime=1970-01-01 00:00:00 Result= URL=)
2022-07-29 17:18:24 [4] Confirmed the "Link Alive Check". (NextTime=1970-01-01 00:00:00 Result= URL=)
2022-07-29 17:18:24 [5] Confirmed the "Link Alive Check". (NextTime=1970-01-01 00:00:00 Result= URL=)
2022-07-29 17:23:54 There were 4 links that passed the next "Check SNS Count" confirmation date and time.
2022-07-29 17:23:54 [1] Confirmed the "Check SNS Count". (NextTime=2021-04-15 04:16:50 URL=https://sekailab.com/wp/2019/05/08/google-translation-with-kindle-cloud-reader)
2022-07-29 17:23:54 [2] Confirmed the "Check SNS Count". (NextTime=2021-03-20 22:02:44 URL=https://www.amazon.co.jp/gp/product/B07QNVHMFC/ref=as_li_ss_il?ie=UTF8&#038;psc=1&#038;linkCode=li2&#038;tag=drunkar-22&#038;linkId=d9dcb66a676446c9063f6fa75839ce05)
2022-07-29 17:23:54 [3] Confirmed the "Check SNS Count". (NextTime=2021-04-16 18:03:34 URL=https://sekailab.com/wp/2018/05/28/4000-yen-bluetooth-earphone-for-bath-time)
2022-07-29 17:23:54 [4] Confirmed the "Check SNS Count". (NextTime=2021-03-23 13:44:56 URL=https://sekailab.com/wp/2016/07/18/python-test/)
2022-07-29 18:00:25 There were 284 links that passed the next "Link Alive Check" confirmation date and time.
2022-07-29 18:00:25 [1] Confirmed the "Link Alive Check". (NextTime=1970-01-01 00:00:00 Result= URL=)
2022-07-29 18:00:25 [2] Confirmed the "Link Alive Check". (NextTime=1970-01-01 00:00:00 Result= URL=)
2022-07-29 18:00:26 [3] Confirmed the "Link Alive Check". (NextTime=1970-01-01 00:00:00 Result= URL=)
2022-07-29 18:00:26 [4] Confirmed the "Link Alive Check". (NextTime=1970-01-01 00:00:00 Result= URL=)
2022-07-29 18:00:26 [5] Confirmed the "Link Alive Check". (NextTime=1970-01-01 00:00:00 Result= URL=)
2022-07-29 18:22:35 There were 284 links that passed the next "Link Alive Check" confirmation date and time.
2022-07-29 18:22:35 [1] Confirmed the "Link Alive Check". (NextTime=1970-01-01 00:00:00 Result= URL=)
2022-07-29 18:22:35 [2] Confirmed the "Link Alive Check". (NextTime=1970-01-01 00:00:00 Result= URL=)
2022-07-29 18:22:36 [3] Confirmed the "Link Alive Check". (NextTime=1970-01-01 00:00:00 Result= URL=)
2022-07-29 18:22:36 [4] Confirmed the "Link Alive Check". (NextTime=1970-01-01 00:00:00 Result= URL=)
2022-07-29 18:22:36 [5] Confirmed the "Link Alive Check". (NextTime=1970-01-01 00:00:00 Result= URL=)
2022-07-29 18:23:19 There were 4 links that passed the next "Check SNS Count" confirmation date and time.
2022-07-29 18:23:19 [1] Confirmed the "Check SNS Count". (NextTime=2021-03-25 09:55:52 URL=https://stackoverflow.com/questions/3230067/numpy-minimum-in-row-column-format)
2022-07-29 18:23:19 [2] Confirmed the "Check SNS Count". (NextTime=2021-03-23 13:47:19 URL=https://www.amazon.co.jp/gp/product/B081PQ7KSL/ref=as_li_ss_il?ie=UTF8&#038;psc=1&#038;linkCode=li2&#038;tag=drunkar-22&#038;linkId=5b39d8bcffa366750b6939e0c6914e0e)
2022-07-29 18:23:19 [3] Confirmed the "Check SNS Count". (NextTime=2021-04-15 08:54:57 URL=https://sekailab.com/wp/2018/06/09/best-practice-of-cooling-razer-blade)
2022-07-29 18:23:19 [4] Confirmed the "Check SNS Count". (NextTime=2021-04-06 16:27:15 URL=https://github.com/Drunkar/crawler-base)
2022-07-29 19:01:21 There were 284 links that passed the next "Link Alive Check" confirmation date and time.
2022-07-29 19:01:21 [1] Confirmed the "Link Alive Check". (NextTime=1970-01-01 00:00:00 Result= URL=)
2022-07-29 19:01:21 [2] Confirmed the "Link Alive Check". (NextTime=1970-01-01 00:00:00 Result= URL=)
2022-07-29 19:01:21 [3] Confirmed the "Link Alive Check". (NextTime=1970-01-01 00:00:00 Result= URL=)
2022-07-29 19:01:22 [4] Confirmed the "Link Alive Check". (NextTime=1970-01-01 00:00:00 Result= URL=)
2022-07-29 19:01:22 [5] Confirmed the "Link Alive Check". (NextTime=1970-01-01 00:00:00 Result= URL=)
2022-07-29 19:23:14 There were 284 links that passed the next "Link Alive Check" confirmation date and time.
2022-07-29 19:23:14 [1] Confirmed the "Link Alive Check". (NextTime=1970-01-01 00:00:00 Result= URL=)
2022-07-29 19:23:14 [2] Confirmed the "Link Alive Check". (NextTime=1970-01-01 00:00:00 Result= URL=)
2022-07-29 19:23:15 [3] Confirmed the "Link Alive Check". (NextTime=1970-01-01 00:00:00 Result= URL=)
2022-07-29 19:23:15 [4] Confirmed the "Link Alive Check". (NextTime=1970-01-01 00:00:00 Result= URL=)
2022-07-29 19:23:15 [5] Confirmed the "Link Alive Check". (NextTime=1970-01-01 00:00:00 Result= URL=)
2022-07-29 19:23:15 There were 2 links that passed the next "Check SNS Count" confirmation date and time.
2022-07-29 19:23:15 [1] Confirmed the "Check SNS Count". (NextTime=2021-04-07 02:02:59 URL=https://www.madopro.net/entry/t2t_seq2seq)
2022-07-29 19:23:15 [2] Confirmed the "Check SNS Count". (NextTime=2021-04-14 16:19:46 URL=https://sekailab.com/wp/2015/01/04/about-the-beauty)
2022-07-29 20:01:24 There were 284 links that passed the next "Link Alive Check" confirmation date and time.
2022-07-29 20:01:24 [1] Confirmed the "Link Alive Check". (NextTime=1970-01-01 00:00:00 Result= URL=)
2022-07-29 20:01:24 [2] Confirmed the "Link Alive Check". (NextTime=1970-01-01 00:00:00 Result= URL=)
2022-07-29 20:01:24 [3] Confirmed the "Link Alive Check". (NextTime=1970-01-01 00:00:00 Result= URL=)
2022-07-29 20:01:25 [4] Confirmed the "Link Alive Check". (NextTime=1970-01-01 00:00:00 Result= URL=)
2022-07-29 20:01:25 [5] Confirmed the "Link Alive Check". (NextTime=1970-01-01 00:00:00 Result= URL=)
2022-07-29 20:23:54 There were 1 links that passed the next "Check SNS Count" confirmation date and time.
2022-07-29 20:23:54 [1] Confirmed the "Check SNS Count". (NextTime=2021-03-24 17:14:03 URL=https://sekailab.com/wp/2014/02/24/gitlab-gitlab_ci-jenkins-in-the-same-server/)
2022-07-29 20:23:54 There were 284 links that passed the next "Link Alive Check" confirmation date and time.
2022-07-29 20:23:54 [1] Confirmed the "Link Alive Check". (NextTime=1970-01-01 00:00:00 Result= URL=)
2022-07-29 20:23:55 [2] Confirmed the "Link Alive Check". (NextTime=1970-01-01 00:00:00 Result= URL=)
2022-07-29 20:23:55 [3] Confirmed the "Link Alive Check". (NextTime=1970-01-01 00:00:00 Result= URL=)
2022-07-29 20:23:55 [4] Confirmed the "Link Alive Check". (NextTime=1970-01-01 00:00:00 Result= URL=)
2022-07-29 20:23:55 [5] Confirmed the "Link Alive Check". (NextTime=1970-01-01 00:00:00 Result= URL=)
2022-07-29 21:02:25 There were 284 links that passed the next "Link Alive Check" confirmation date and time.
2022-07-29 21:02:25 [1] Confirmed the "Link Alive Check". (NextTime=1970-01-01 00:00:00 Result= URL=)
2022-07-29 21:02:25 [2] Confirmed the "Link Alive Check". (NextTime=1970-01-01 00:00:00 Result= URL=)
2022-07-29 21:02:25 [3] Confirmed the "Link Alive Check". (NextTime=1970-01-01 00:00:00 Result= URL=)
2022-07-29 21:02:26 [4] Confirmed the "Link Alive Check". (NextTime=1970-01-01 00:00:00 Result= URL=)
2022-07-29 21:02:26 [5] Confirmed the "Link Alive Check". (NextTime=1970-01-01 00:00:00 Result= URL=)
2022-07-29 21:23:27 There were 3 links that passed the next "Check SNS Count" confirmation date and time.
2022-07-29 21:23:27 [1] Confirmed the "Check SNS Count". (NextTime=2021-04-14 14:44:01 URL=https://note.com/mask303/n/nb9149ca2ceda)
2022-07-29 21:23:27 [2] Confirmed the "Check SNS Count". (NextTime=2021-04-14 22:33:14 URL=https://www.amazon.co.jp/Gold-Standard-100-%E3%82%A8%E3%82%AF%E3%82%B9%E3%83%88%E3%83%AA%E3%83%BC%E3%83%A0%E3%83%81%E3%83%A7%E3%82%B3%E3%83%AC%E3%83%BC%E3%83%88-2-27kg/dp/B01L1NX32Q/ref=as_li_ss_il?ie=UTF8&#038;qid=1483631295&#038;sr=8-2&#038;keywords=Gold+Standard+100%&#038;linkCode=li2&#038;tag=drunkar-22&#038;linkId=1e8286abc92678776dfd2dfeef1b05e3)
2022-07-29 21:23:27 [3] Confirmed the "Check SNS Count". (NextTime=2021-03-21 17:50:06 URL=https://www.amazon.co.jp/%E3%83%AD%E3%82%B8%E3%82%AF%E3%83%BC%E3%83%AB-USB%E3%83%98%E3%83%83%E3%83%89%E3%82%BB%E3%83%83%E3%83%88Logicool-Headset-H390-H390R/dp/B079WKMMBM/ref=as_li_ss_il?__mk_ja_JP=%E3%82%AB%E3%82%BF%E3%82%AB%E3%83%8A&#038;dchild=1&#038;keywords=%E3%83%AD%E3%82%B8%E3%82%AF%E3%83%BC%E3%83%AB+H390&#038;qid=1598263960&#038;sr=8-2&#038;linkCode=li2&#038;tag=drunkar-22&#038;linkId=986cdeae0b10b04d9002c97aa5382f07)
2022-07-29 21:24:28 There were 284 links that passed the next "Link Alive Check" confirmation date and time.
2022-07-29 21:24:28 [1] Confirmed the "Link Alive Check". (NextTime=1970-01-01 00:00:00 Result= URL=)
2022-07-29 21:24:28 [2] Confirmed the "Link Alive Check". (NextTime=1970-01-01 00:00:00 Result= URL=)
2022-07-29 21:24:29 [3] Confirmed the "Link Alive Check". (NextTime=1970-01-01 00:00:00 Result= URL=)
2022-07-29 21:24:29 [4] Confirmed the "Link Alive Check". (NextTime=1970-01-01 00:00:00 Result= URL=)
2022-07-29 21:24:29 [5] Confirmed the "Link Alive Check". (NextTime=1970-01-01 00:00:00 Result= URL=)
2022-07-29 22:02:58 There were 284 links that passed the next "Link Alive Check" confirmation date and time.
2022-07-29 22:02:59 [1] Confirmed the "Link Alive Check". (NextTime=1970-01-01 00:00:00 Result= URL=)
2022-07-29 22:02:59 [2] Confirmed the "Link Alive Check". (NextTime=1970-01-01 00:00:00 Result= URL=)
2022-07-29 22:02:59 [3] Confirmed the "Link Alive Check". (NextTime=1970-01-01 00:00:00 Result= URL=)
2022-07-29 22:02:59 [4] Confirmed the "Link Alive Check". (NextTime=1970-01-01 00:00:00 Result= URL=)
2022-07-29 22:02:59 [5] Confirmed the "Link Alive Check". (NextTime=1970-01-01 00:00:00 Result= URL=)
2022-07-29 22:23:34 There were 2 links that passed the next "Check SNS Count" confirmation date and time.
2022-07-29 22:23:34 [1] Confirmed the "Check SNS Count". (NextTime=2021-04-15 07:21:12 URL=https://sekailab.com/wp/2018/08/10/build-opencv-on-orangepi-pc2)
2022-07-29 22:23:35 [2] Confirmed the "Check SNS Count". (NextTime=2021-04-14 19:44:58 URL=https://sekailab.com/wp/2018/08/12/sakura-vps-nem-supernode-4)
2022-07-29 22:25:33 There were 284 links that passed the next "Link Alive Check" confirmation date and time.
2022-07-29 22:25:33 [1] Confirmed the "Link Alive Check". (NextTime=1970-01-01 00:00:00 Result= URL=)
2022-07-29 22:25:34 [2] Confirmed the "Link Alive Check". (NextTime=1970-01-01 00:00:00 Result= URL=)
2022-07-29 22:25:34 [3] Confirmed the "Link Alive Check". (NextTime=1970-01-01 00:00:00 Result= URL=)
2022-07-29 22:25:34 [4] Confirmed the "Link Alive Check". (NextTime=1970-01-01 00:00:00 Result= URL=)
2022-07-29 22:25:34 [5] Confirmed the "Link Alive Check". (NextTime=1970-01-01 00:00:00 Result= URL=)
2022-07-29 23:03:33 There were 284 links that passed the next "Link Alive Check" confirmation date and time.
2022-07-29 23:03:33 [1] Confirmed the "Link Alive Check". (NextTime=1970-01-01 00:00:00 Result= URL=)
2022-07-29 23:03:34 [2] Confirmed the "Link Alive Check". (NextTime=1970-01-01 00:00:00 Result= URL=)
2022-07-29 23:03:34 [3] Confirmed the "Link Alive Check". (NextTime=1970-01-01 00:00:00 Result= URL=)
2022-07-29 23:03:34 [4] Confirmed the "Link Alive Check". (NextTime=1970-01-01 00:00:00 Result= URL=)
2022-07-29 23:03:34 [5] Confirmed the "Link Alive Check". (NextTime=1970-01-01 00:00:00 Result= URL=)
2022-07-29 23:23:27 There were 1 links that passed the next "Check SNS Count" confirmation date and time.
2022-07-29 23:23:27 [1] Confirmed the "Check SNS Count". (NextTime=2021-03-25 15:35:35 URL=https://www.thingiverse.com/thing:3083203)
2022-07-29 23:25:14 There were 0 links that passed the next "Check SNS Count" confirmation date and time.
2022-07-29 23:29:33 There were 284 links that passed the next "Link Alive Check" confirmation date and time.
2022-07-29 23:29:33 [1] Confirmed the "Link Alive Check". (NextTime=1970-01-01 00:00:00 Result= URL=)
2022-07-29 23:29:34 [2] Confirmed the "Link Alive Check". (NextTime=1970-01-01 00:00:00 Result= URL=)
2022-07-29 23:29:34 [3] Confirmed the "Link Alive Check". (NextTime=1970-01-01 00:00:00 Result= URL=)
2022-07-29 23:29:34 [4] Confirmed the "Link Alive Check". (NextTime=1970-01-01 00:00:00 Result= URL=)
2022-07-29 23:29:34 [5] Confirmed the "Link Alive Check". (NextTime=1970-01-01 00:00:00 Result= URL=)
