2023-09-15 00:07:17 There were 284 links that passed the next "Link Alive Check" confirmation date and time.
2023-09-15 00:07:18 [1] Confirmed the "Link Alive Check". (NextTime=1970-01-01 00:00:00 Result= URL=)
2023-09-15 00:07:18 [2] Confirmed the "Link Alive Check". (NextTime=1970-01-01 00:00:00 Result= URL=)
2023-09-15 00:07:18 [3] Confirmed the "Link Alive Check". (NextTime=1970-01-01 00:00:00 Result= URL=)
2023-09-15 00:07:18 [4] Confirmed the "Link Alive Check". (NextTime=1970-01-01 00:00:00 Result= URL=)
2023-09-15 00:07:18 [5] Confirmed the "Link Alive Check". (NextTime=1970-01-01 00:00:00 Result= URL=)
2023-09-15 00:23:34 There were 2 links that passed the next "Check SNS Count" confirmation date and time.
2023-09-15 00:23:34 [1] Confirmed the "Check SNS Count". (NextTime=2021-04-15 04:14:11 URL=https://sekailab.com/wp/2014/12/07/guggenheim-helsinki-image-processing)
2023-09-15 00:23:34 [2] Confirmed the "Check SNS Count". (NextTime=2021-04-16 01:38:22 URL=https://sekailab.com/wp/2012/10/27/c%E3%81%A7%E3%80%8C%E3%81%AF%E3%81%98%E3%82%81%E3%81%A6%E3%81%AE%E6%A9%9F%E6%A2%B0%E5%AD%A6%E7%BF%92%E3%80%8D4%E7%AB%A0)
2023-09-15 00:37:19 There were 284 links that passed the next "Link Alive Check" confirmation date and time.
2023-09-15 00:37:20 [1] Confirmed the "Link Alive Check". (NextTime=1970-01-01 00:00:00 Result= URL=)
2023-09-15 00:37:20 [2] Confirmed the "Link Alive Check". (NextTime=1970-01-01 00:00:00 Result= URL=)
2023-09-15 00:37:20 [3] Confirmed the "Link Alive Check". (NextTime=1970-01-01 00:00:00 Result= URL=)
2023-09-15 00:37:20 [4] Confirmed the "Link Alive Check". (NextTime=1970-01-01 00:00:00 Result= URL=)
2023-09-15 00:37:21 [5] Confirmed the "Link Alive Check". (NextTime=1970-01-01 00:00:00 Result= URL=)
2023-09-15 01:07:33 There were 284 links that passed the next "Link Alive Check" confirmation date and time.
2023-09-15 01:07:34 [1] Confirmed the "Link Alive Check". (NextTime=1970-01-01 00:00:00 Result= URL=)
2023-09-15 01:07:34 [2] Confirmed the "Link Alive Check". (NextTime=1970-01-01 00:00:00 Result= URL=)
2023-09-15 01:07:34 [3] Confirmed the "Link Alive Check". (NextTime=1970-01-01 00:00:00 Result= URL=)
2023-09-15 01:07:34 [4] Confirmed the "Link Alive Check". (NextTime=1970-01-01 00:00:00 Result= URL=)
2023-09-15 01:07:34 [5] Confirmed the "Link Alive Check". (NextTime=1970-01-01 00:00:00 Result= URL=)
2023-09-15 01:24:10 There were 1 links that passed the next "Check SNS Count" confirmation date and time.
2023-09-15 01:24:10 [1] Confirmed the "Check SNS Count". (NextTime=2021-03-25 23:02:22 URL=https://www.amazon.co.jp/dp/B07C1ZW28H/ref=as_li_ss_il?ie=UTF8&#038;linkCode=li2&#038;tag=drunkar-22&#038;linkId=e7ccaf49fba76116034a2d3086a2d581)
2023-09-15 01:38:22 There were 284 links that passed the next "Link Alive Check" confirmation date and time.
2023-09-15 01:38:22 [1] Confirmed the "Link Alive Check". (NextTime=1970-01-01 00:00:00 Result= URL=)
2023-09-15 01:38:22 [2] Confirmed the "Link Alive Check". (NextTime=1970-01-01 00:00:00 Result= URL=)
2023-09-15 01:38:22 [3] Confirmed the "Link Alive Check". (NextTime=1970-01-01 00:00:00 Result= URL=)
2023-09-15 01:38:23 [4] Confirmed the "Link Alive Check". (NextTime=1970-01-01 00:00:00 Result= URL=)
2023-09-15 01:38:23 [5] Confirmed the "Link Alive Check". (NextTime=1970-01-01 00:00:00 Result= URL=)
2023-09-15 02:08:18 There were 284 links that passed the next "Link Alive Check" confirmation date and time.
2023-09-15 02:08:18 [1] Confirmed the "Link Alive Check". (NextTime=1970-01-01 00:00:00 Result= URL=)
2023-09-15 02:08:18 [2] Confirmed the "Link Alive Check". (NextTime=1970-01-01 00:00:00 Result= URL=)
2023-09-15 02:08:19 [3] Confirmed the "Link Alive Check". (NextTime=1970-01-01 00:00:00 Result= URL=)
2023-09-15 02:08:19 [4] Confirmed the "Link Alive Check". (NextTime=1970-01-01 00:00:00 Result= URL=)
2023-09-15 02:08:19 [5] Confirmed the "Link Alive Check". (NextTime=1970-01-01 00:00:00 Result= URL=)
2023-09-15 02:23:48 There were 2 links that passed the next "Check SNS Count" confirmation date and time.
2023-09-15 02:23:48 [1] Confirmed the "Check SNS Count". (NextTime=2021-03-25 09:55:52 URL=https://stackoverflow.com/questions/3230067/numpy-minimum-in-row-column-format)
2023-09-15 02:23:48 [2] Confirmed the "Check SNS Count". (NextTime=2021-03-22 05:33:24 URL=https://www.amazon.co.jp/gp/product/B00LGAU7WO/ref=as_li_ss_il?ie=UTF8&#038;psc=1&#038;linkCode=li2&#038;tag=drunkar-22&#038;linkId=a24e4f0bb7c42a7c16b11dcd004bcdce&#038;language=ja_JP)
2023-09-15 03:10:56 There were 284 links that passed the next "Link Alive Check" confirmation date and time.
2023-09-15 03:10:57 [1] Confirmed the "Link Alive Check". (NextTime=1970-01-01 00:00:00 Result= URL=)
2023-09-15 03:10:57 [2] Confirmed the "Link Alive Check". (NextTime=1970-01-01 00:00:00 Result= URL=)
2023-09-15 03:10:57 [3] Confirmed the "Link Alive Check". (NextTime=1970-01-01 00:00:00 Result= URL=)
2023-09-15 03:10:57 [4] Confirmed the "Link Alive Check". (NextTime=1970-01-01 00:00:00 Result= URL=)
2023-09-15 03:10:58 [5] Confirmed the "Link Alive Check". (NextTime=1970-01-01 00:00:00 Result= URL=)
2023-09-15 03:23:06 There were 1 links that passed the next "Check SNS Count" confirmation date and time.
2023-09-15 03:23:06 [1] Confirmed the "Check SNS Count". (NextTime=2021-03-19 21:34:14 URL=https://sekailab.com/wp/2018/01/04/15w-chinese-laser-cutter-1/)
2023-09-15 04:11:13 There were 284 links that passed the next "Link Alive Check" confirmation date and time.
2023-09-15 04:11:13 [1] Confirmed the "Link Alive Check". (NextTime=1970-01-01 00:00:00 Result= URL=)
2023-09-15 04:11:13 [2] Confirmed the "Link Alive Check". (NextTime=1970-01-01 00:00:00 Result= URL=)
2023-09-15 04:11:13 [3] Confirmed the "Link Alive Check". (NextTime=1970-01-01 00:00:00 Result= URL=)
2023-09-15 04:11:14 [4] Confirmed the "Link Alive Check". (NextTime=1970-01-01 00:00:00 Result= URL=)
2023-09-15 04:11:14 [5] Confirmed the "Link Alive Check". (NextTime=1970-01-01 00:00:00 Result= URL=)
2023-09-15 04:23:46 There were 2 links that passed the next "Check SNS Count" confirmation date and time.
2023-09-15 04:23:47 [1] Confirmed the "Check SNS Count". (NextTime=2021-04-18 06:24:07 URL=https://www.amazon.co.jp/%E3%82%B7%E3%83%AA%E3%82%B3%E3%83%B3%E3%83%90%E3%83%AC%E3%83%BC%E5%BC%8F-%E8%87%AA%E5%88%86%E3%82%92%E5%A4%89%E3%81%88%E3%82%8B%E6%9C%80%E5%BC%B7%E3%81%AE%E9%A3%9F%E4%BA%8B-%E3%83%87%E3%82%A4%E3%83%B4%E3%83%BB%E3%82%A2%E3%82%B9%E3%83%97%E3%83%AA%E3%83%BC-ebook/dp/B015S5545W/ref=as_li_ss_il?_encoding=UTF8&#038;qid=1585582879&#038;sr=8-1&#038;linkCode=li2&#038;tag=drunkar-22&#038;linkId=fb2fbcce469bf88077c26ea066860d62)
2023-09-15 04:23:47 [2] Confirmed the "Check SNS Count". (NextTime=2021-04-06 18:46:30 URL=https://www.quora.com/How-does-Distil-Networks-Bot-and-Scraper-Detection-work-Are-there-advantages-to-its-technology-as-compared-to-other-competitors)
2023-09-15 05:12:16 There were 284 links that passed the next "Link Alive Check" confirmation date and time.
2023-09-15 05:12:16 [1] Confirmed the "Link Alive Check". (NextTime=1970-01-01 00:00:00 Result= URL=)
2023-09-15 05:12:16 [2] Confirmed the "Link Alive Check". (NextTime=1970-01-01 00:00:00 Result= URL=)
2023-09-15 05:12:16 [3] Confirmed the "Link Alive Check". (NextTime=1970-01-01 00:00:00 Result= URL=)
2023-09-15 05:12:17 [4] Confirmed the "Link Alive Check". (NextTime=1970-01-01 00:00:00 Result= URL=)
2023-09-15 05:12:17 [5] Confirmed the "Link Alive Check". (NextTime=1970-01-01 00:00:00 Result= URL=)
2023-09-15 05:25:03 There were 4 links that passed the next "Check SNS Count" confirmation date and time.
2023-09-15 05:25:03 [1] Confirmed the "Check SNS Count". (NextTime=2021-03-24 06:32:18 URL=https://sekailab.com/wp/2018/01/13/15w-chinese-laser-cutter-4/)
2023-09-15 05:25:03 [2] Confirmed the "Check SNS Count". (NextTime=2021-03-23 02:02:23 URL=https://sekailab.com/wp/2018/01/12/15w-chinese-laser-cutter-3/)
2023-09-15 05:25:03 [3] Confirmed the "Check SNS Count". (NextTime=2021-03-26 08:44:23 URL=https://www.switch-science.com/catalog/5760/)
2023-09-15 05:25:03 [4] Confirmed the "Check SNS Count". (NextTime=2021-04-18 05:12:40 URL=https://unity3d.com/jp/get-unity/download/archive)
2023-09-15 06:13:33 There were 284 links that passed the next "Link Alive Check" confirmation date and time.
2023-09-15 06:13:33 [1] Confirmed the "Link Alive Check". (NextTime=1970-01-01 00:00:00 Result= URL=)
2023-09-15 06:13:33 [2] Confirmed the "Link Alive Check". (NextTime=1970-01-01 00:00:00 Result= URL=)
2023-09-15 06:13:33 [3] Confirmed the "Link Alive Check". (NextTime=1970-01-01 00:00:00 Result= URL=)
2023-09-15 06:13:34 [4] Confirmed the "Link Alive Check". (NextTime=1970-01-01 00:00:00 Result= URL=)
2023-09-15 06:13:34 [5] Confirmed the "Link Alive Check". (NextTime=1970-01-01 00:00:00 Result= URL=)
2023-09-15 06:23:16 There were 1 links that passed the next "Check SNS Count" confirmation date and time.
2023-09-15 06:23:16 [1] Confirmed the "Check SNS Count". (NextTime=2021-03-20 18:34:47 URL=https://www.amazon.co.jp/Roost-%E3%83%8E%E3%83%BC%E3%83%88%E3%83%91%E3%82%BD%E3%82%B3%E3%83%B3%E7%94%A8%E3%82%B9%E3%82%BF%E3%83%B3%E3%83%89-MacBook-%E4%BA%BA%E9%96%93%E5%B7%A5%E5%AD%A6%E3%81%AB%E5%9F%BA%E3%81%A5%E3%81%84%E3%81%9F%E3%83%87%E3%82%B6%E3%82%A4%E3%83%B3-%E3%83%A6%E3%83%8B%E3%83%90%E3%83%BC%E3%82%B5%E3%83%AB%E3%83%87%E3%82%B6%E3%82%A4%E3%83%B3/dp/B01C9KG8IG/ref=as_li_ss_il?ie=UTF8&#038;qid=1530874117&#038;sr=8-1&#038;keywords=roost&#038;linkCode=li2&#038;tag=drunkar-22&#038;linkId=100d961f17d3946bcfe8a8e9392f2401)
2023-09-15 07:14:27 There were 284 links that passed the next "Link Alive Check" confirmation date and time.
2023-09-15 07:14:27 [1] Confirmed the "Link Alive Check". (NextTime=1970-01-01 00:00:00 Result= URL=)
2023-09-15 07:14:28 [2] Confirmed the "Link Alive Check". (NextTime=1970-01-01 00:00:00 Result= URL=)
2023-09-15 07:14:28 [3] Confirmed the "Link Alive Check". (NextTime=1970-01-01 00:00:00 Result= URL=)
2023-09-15 07:14:28 [4] Confirmed the "Link Alive Check". (NextTime=1970-01-01 00:00:00 Result= URL=)
2023-09-15 07:14:28 [5] Confirmed the "Link Alive Check". (NextTime=1970-01-01 00:00:00 Result= URL=)
2023-09-15 07:24:15 There were 0 links that passed the next "Check SNS Count" confirmation date and time.
2023-09-15 08:18:00 There were 284 links that passed the next "Link Alive Check" confirmation date and time.
2023-09-15 08:18:00 [1] Confirmed the "Link Alive Check". (NextTime=1970-01-01 00:00:00 Result= URL=)
2023-09-15 08:18:01 [2] Confirmed the "Link Alive Check". (NextTime=1970-01-01 00:00:00 Result= URL=)
2023-09-15 08:18:01 [3] Confirmed the "Link Alive Check". (NextTime=1970-01-01 00:00:00 Result= URL=)
2023-09-15 08:18:01 [4] Confirmed the "Link Alive Check". (NextTime=1970-01-01 00:00:00 Result= URL=)
2023-09-15 08:18:01 [5] Confirmed the "Link Alive Check". (NextTime=1970-01-01 00:00:00 Result= URL=)
2023-09-15 08:23:20 There were 0 links that passed the next "Check SNS Count" confirmation date and time.
2023-09-15 09:22:26 There were 284 links that passed the next "Link Alive Check" confirmation date and time.
2023-09-15 09:22:26 [1] Confirmed the "Link Alive Check". (NextTime=1970-01-01 00:00:00 Result= URL=)
2023-09-15 09:22:27 [2] Confirmed the "Link Alive Check". (NextTime=1970-01-01 00:00:00 Result= URL=)
2023-09-15 09:22:27 [3] Confirmed the "Link Alive Check". (NextTime=1970-01-01 00:00:00 Result= URL=)
2023-09-15 09:22:27 [4] Confirmed the "Link Alive Check". (NextTime=1970-01-01 00:00:00 Result= URL=)
2023-09-15 09:22:27 [5] Confirmed the "Link Alive Check". (NextTime=1970-01-01 00:00:00 Result= URL=)
2023-09-15 09:28:06 There were 1 links that passed the next "Check SNS Count" confirmation date and time.
2023-09-15 09:28:06 [1] Confirmed the "Check SNS Count". (NextTime=2021-03-23 13:47:19 URL=https://www.amazon.co.jp/gp/product/B081PQ7KSL/ref=as_li_ss_il?ie=UTF8&#038;psc=1&#038;linkCode=li2&#038;tag=drunkar-22&#038;linkId=5b39d8bcffa366750b6939e0c6914e0e)
2023-09-15 10:23:25 There were 284 links that passed the next "Link Alive Check" confirmation date and time.
2023-09-15 10:23:25 [1] Confirmed the "Link Alive Check". (NextTime=1970-01-01 00:00:00 Result= URL=)
2023-09-15 10:23:26 [2] Confirmed the "Link Alive Check". (NextTime=1970-01-01 00:00:00 Result= URL=)
2023-09-15 10:23:26 [3] Confirmed the "Link Alive Check". (NextTime=1970-01-01 00:00:00 Result= URL=)
2023-09-15 10:23:26 [4] Confirmed the "Link Alive Check". (NextTime=1970-01-01 00:00:00 Result= URL=)
2023-09-15 10:23:26 [5] Confirmed the "Link Alive Check". (NextTime=1970-01-01 00:00:00 Result= URL=)
2023-09-15 10:23:26 There were 0 links that passed the next "Check SNS Count" confirmation date and time.
2023-09-15 11:23:51 There were 2 links that passed the next "Check SNS Count" confirmation date and time.
2023-09-15 11:23:51 [1] Confirmed the "Check SNS Count". (NextTime=2021-04-15 07:21:12 URL=https://sekailab.com/wp/2018/08/10/build-opencv-on-orangepi-pc2)
2023-09-15 11:23:51 [2] Confirmed the "Check SNS Count". (NextTime=2021-03-14 18:08:55 URL=https://sekailab.com/wp/2019/01/08/google-translate-tools-for-english-papers/)
2023-09-15 11:23:51 There were 284 links that passed the next "Link Alive Check" confirmation date and time.
2023-09-15 11:23:51 [1] Confirmed the "Link Alive Check". (NextTime=1970-01-01 00:00:00 Result= URL=)
2023-09-15 11:23:52 [2] Confirmed the "Link Alive Check". (NextTime=1970-01-01 00:00:00 Result= URL=)
2023-09-15 11:23:52 [3] Confirmed the "Link Alive Check". (NextTime=1970-01-01 00:00:00 Result= URL=)
2023-09-15 11:23:52 [4] Confirmed the "Link Alive Check". (NextTime=1970-01-01 00:00:00 Result= URL=)
2023-09-15 11:23:52 [5] Confirmed the "Link Alive Check". (NextTime=1970-01-01 00:00:00 Result= URL=)
2023-09-15 12:23:40 There were 0 links that passed the next "Check SNS Count" confirmation date and time.
2023-09-15 12:24:14 There were 284 links that passed the next "Link Alive Check" confirmation date and time.
2023-09-15 12:24:14 [1] Confirmed the "Link Alive Check". (NextTime=1970-01-01 00:00:00 Result= URL=)
2023-09-15 12:24:14 [2] Confirmed the "Link Alive Check". (NextTime=1970-01-01 00:00:00 Result= URL=)
2023-09-15 12:24:15 [3] Confirmed the "Link Alive Check". (NextTime=1970-01-01 00:00:00 Result= URL=)
2023-09-15 12:24:15 [4] Confirmed the "Link Alive Check". (NextTime=1970-01-01 00:00:00 Result= URL=)
2023-09-15 12:24:15 [5] Confirmed the "Link Alive Check". (NextTime=1970-01-01 00:00:00 Result= URL=)
2023-09-15 13:23:22 There were 2 links that passed the next "Check SNS Count" confirmation date and time.
2023-09-15 13:23:22 [1] Confirmed the "Check SNS Count". (NextTime=2021-04-13 09:35:04 URL=https://www.tensorflow.org/tfx/serving/docker)
2023-09-15 13:23:22 [2] Confirmed the "Check SNS Count". (NextTime=2021-03-20 10:53:21 URL=https://sekailab.com/wp/2018/02/03/watch-process-to-send-gmail-with-python3/)
2023-09-15 13:24:33 There were 284 links that passed the next "Link Alive Check" confirmation date and time.
2023-09-15 13:24:34 [1] Confirmed the "Link Alive Check". (NextTime=1970-01-01 00:00:00 Result= URL=)
2023-09-15 13:24:34 [2] Confirmed the "Link Alive Check". (NextTime=1970-01-01 00:00:00 Result= URL=)
2023-09-15 13:24:34 [3] Confirmed the "Link Alive Check". (NextTime=1970-01-01 00:00:00 Result= URL=)
2023-09-15 13:24:34 [4] Confirmed the "Link Alive Check". (NextTime=1970-01-01 00:00:00 Result= URL=)
2023-09-15 13:24:34 [5] Confirmed the "Link Alive Check". (NextTime=1970-01-01 00:00:00 Result= URL=)
2023-09-15 14:23:38 There were 4 links that passed the next "Check SNS Count" confirmation date and time.
2023-09-15 14:23:38 [1] Confirmed the "Check SNS Count". (NextTime=2021-04-06 15:02:23 URL=https://sekailab.com/wp/2018/01/01/crawl-anyway-2018/)
2023-09-15 14:23:38 [2] Confirmed the "Check SNS Count". (NextTime=2021-03-21 13:10:58 URL=https://sekailab.com/wp/2018/09/04/mistel-barocco-mag-feet/)
2023-09-15 14:23:38 [3] Confirmed the "Check SNS Count". (NextTime=2021-04-15 10:00:06 URL=https://sekailab.com/wp/2019/03/31/deep-learning-framworks-windows10)
2023-09-15 14:23:38 [4] Confirmed the "Check SNS Count". (NextTime=2021-04-08 17:49:18 URL=https://www.kamiapp.com)
2023-09-15 14:25:18 There were 284 links that passed the next "Link Alive Check" confirmation date and time.
2023-09-15 14:25:18 [1] Confirmed the "Link Alive Check". (NextTime=1970-01-01 00:00:00 Result= URL=)
2023-09-15 14:25:19 [2] Confirmed the "Link Alive Check". (NextTime=1970-01-01 00:00:00 Result= URL=)
2023-09-15 14:25:19 [3] Confirmed the "Link Alive Check". (NextTime=1970-01-01 00:00:00 Result= URL=)
2023-09-15 14:25:19 [4] Confirmed the "Link Alive Check". (NextTime=1970-01-01 00:00:00 Result= URL=)
2023-09-15 14:25:19 [5] Confirmed the "Link Alive Check". (NextTime=1970-01-01 00:00:00 Result= URL=)
2023-09-15 15:25:59 There were 1 links that passed the next "Check SNS Count" confirmation date and time.
2023-09-15 15:25:59 [1] Confirmed the "Check SNS Count". (NextTime=2021-03-25 21:56:58 URL=http://www.itmedia.co.jp/pcuser/articles/1809/09/news008.html)
2023-09-15 15:25:59 There were 284 links that passed the next "Link Alive Check" confirmation date and time.
2023-09-15 15:25:59 [1] Confirmed the "Link Alive Check". (NextTime=1970-01-01 00:00:00 Result= URL=)
2023-09-15 15:25:59 [2] Confirmed the "Link Alive Check". (NextTime=1970-01-01 00:00:00 Result= URL=)
2023-09-15 15:26:00 [3] Confirmed the "Link Alive Check". (NextTime=1970-01-01 00:00:00 Result= URL=)
2023-09-15 15:26:00 [4] Confirmed the "Link Alive Check". (NextTime=1970-01-01 00:00:00 Result= URL=)
2023-09-15 15:26:00 [5] Confirmed the "Link Alive Check". (NextTime=1970-01-01 00:00:00 Result= URL=)
2023-09-15 15:56:26 There were 284 links that passed the next "Link Alive Check" confirmation date and time.
2023-09-15 15:56:26 [1] Confirmed the "Link Alive Check". (NextTime=1970-01-01 00:00:00 Result= URL=)
2023-09-15 15:56:27 [2] Confirmed the "Link Alive Check". (NextTime=1970-01-01 00:00:00 Result= URL=)
2023-09-15 15:56:27 [3] Confirmed the "Link Alive Check". (NextTime=1970-01-01 00:00:00 Result= URL=)
2023-09-15 15:56:27 [4] Confirmed the "Link Alive Check". (NextTime=1970-01-01 00:00:00 Result= URL=)
2023-09-15 15:56:27 [5] Confirmed the "Link Alive Check". (NextTime=1970-01-01 00:00:00 Result= URL=)
2023-09-15 16:28:11 There were 2 links that passed the next "Check SNS Count" confirmation date and time.
2023-09-15 16:28:11 [1] Confirmed the "Check SNS Count". (NextTime=2021-04-15 08:45:47 URL=https://sekailab.com/wp/2015/11/02/lstm-general-responce-bot)
2023-09-15 16:28:11 [2] Confirmed the "Check SNS Count". (NextTime=2021-03-21 07:05:08 URL=https://sekailab.com/wp/2018/08/31/review-mistel-barocco-md650l/)
2023-09-15 16:28:11 There were 284 links that passed the next "Link Alive Check" confirmation date and time.
2023-09-15 16:28:11 [1] Confirmed the "Link Alive Check". (NextTime=1970-01-01 00:00:00 Result= URL=)
2023-09-15 16:28:12 [2] Confirmed the "Link Alive Check". (NextTime=1970-01-01 00:00:00 Result= URL=)
2023-09-15 16:28:12 [3] Confirmed the "Link Alive Check". (NextTime=1970-01-01 00:00:00 Result= URL=)
2023-09-15 16:28:12 [4] Confirmed the "Link Alive Check". (NextTime=1970-01-01 00:00:00 Result= URL=)
2023-09-15 16:28:12 [5] Confirmed the "Link Alive Check". (NextTime=1970-01-01 00:00:00 Result= URL=)
2023-09-15 16:56:59 There were 284 links that passed the next "Link Alive Check" confirmation date and time.
2023-09-15 16:56:59 [1] Confirmed the "Link Alive Check". (NextTime=1970-01-01 00:00:00 Result= URL=)
2023-09-15 16:57:00 [2] Confirmed the "Link Alive Check". (NextTime=1970-01-01 00:00:00 Result= URL=)
2023-09-15 16:57:00 [3] Confirmed the "Link Alive Check". (NextTime=1970-01-01 00:00:00 Result= URL=)
2023-09-15 16:57:01 [4] Confirmed the "Link Alive Check". (NextTime=1970-01-01 00:00:00 Result= URL=)
2023-09-15 16:57:02 [5] Confirmed the "Link Alive Check". (NextTime=1970-01-01 00:00:00 Result= URL=)
2023-09-15 17:25:48 There were 0 links that passed the next "Check SNS Count" confirmation date and time.
2023-09-15 17:28:49 There were 284 links that passed the next "Link Alive Check" confirmation date and time.
2023-09-15 17:28:49 [1] Confirmed the "Link Alive Check". (NextTime=1970-01-01 00:00:00 Result= URL=)
2023-09-15 17:28:50 [2] Confirmed the "Link Alive Check". (NextTime=1970-01-01 00:00:00 Result= URL=)
2023-09-15 17:28:50 [3] Confirmed the "Link Alive Check". (NextTime=1970-01-01 00:00:00 Result= URL=)
2023-09-15 17:28:50 [4] Confirmed the "Link Alive Check". (NextTime=1970-01-01 00:00:00 Result= URL=)
2023-09-15 17:28:50 [5] Confirmed the "Link Alive Check". (NextTime=1970-01-01 00:00:00 Result= URL=)
2023-09-15 17:59:14 There were 284 links that passed the next "Link Alive Check" confirmation date and time.
2023-09-15 17:59:14 [1] Confirmed the "Link Alive Check". (NextTime=1970-01-01 00:00:00 Result= URL=)
2023-09-15 17:59:15 [2] Confirmed the "Link Alive Check". (NextTime=1970-01-01 00:00:00 Result= URL=)
2023-09-15 17:59:15 [3] Confirmed the "Link Alive Check". (NextTime=1970-01-01 00:00:00 Result= URL=)
2023-09-15 17:59:15 [4] Confirmed the "Link Alive Check". (NextTime=1970-01-01 00:00:00 Result= URL=)
2023-09-15 17:59:15 [5] Confirmed the "Link Alive Check". (NextTime=1970-01-01 00:00:00 Result= URL=)
2023-09-15 18:26:12 There were 1 links that passed the next "Check SNS Count" confirmation date and time.
2023-09-15 18:26:12 [1] Confirmed the "Check SNS Count". (NextTime=2021-04-11 22:18:15 URL=http://akizukidenshi.com/catalog/g/gP-07598/)
2023-09-15 18:29:08 There were 284 links that passed the next "Link Alive Check" confirmation date and time.
2023-09-15 18:29:08 [1] Confirmed the "Link Alive Check". (NextTime=1970-01-01 00:00:00 Result= URL=)
2023-09-15 18:29:08 [2] Confirmed the "Link Alive Check". (NextTime=1970-01-01 00:00:00 Result= URL=)
2023-09-15 18:29:09 [3] Confirmed the "Link Alive Check". (NextTime=1970-01-01 00:00:00 Result= URL=)
2023-09-15 18:29:09 [4] Confirmed the "Link Alive Check". (NextTime=1970-01-01 00:00:00 Result= URL=)
2023-09-15 18:29:09 [5] Confirmed the "Link Alive Check". (NextTime=1970-01-01 00:00:00 Result= URL=)
2023-09-15 19:00:19 There were 284 links that passed the next "Link Alive Check" confirmation date and time.
2023-09-15 19:00:19 [1] Confirmed the "Link Alive Check". (NextTime=1970-01-01 00:00:00 Result= URL=)
2023-09-15 19:00:20 [2] Confirmed the "Link Alive Check". (NextTime=1970-01-01 00:00:00 Result= URL=)
2023-09-15 19:00:20 [3] Confirmed the "Link Alive Check". (NextTime=1970-01-01 00:00:00 Result= URL=)
2023-09-15 19:00:20 [4] Confirmed the "Link Alive Check". (NextTime=1970-01-01 00:00:00 Result= URL=)
2023-09-15 19:00:20 [5] Confirmed the "Link Alive Check". (NextTime=1970-01-01 00:00:00 Result= URL=)
2023-09-15 19:24:19 There were 0 links that passed the next "Check SNS Count" confirmation date and time.
2023-09-15 19:30:42 There were 284 links that passed the next "Link Alive Check" confirmation date and time.
2023-09-15 19:30:42 [1] Confirmed the "Link Alive Check". (NextTime=1970-01-01 00:00:00 Result= URL=)
2023-09-15 19:30:43 [2] Confirmed the "Link Alive Check". (NextTime=1970-01-01 00:00:00 Result= URL=)
2023-09-15 19:30:43 [3] Confirmed the "Link Alive Check". (NextTime=1970-01-01 00:00:00 Result= URL=)
2023-09-15 19:30:43 [4] Confirmed the "Link Alive Check". (NextTime=1970-01-01 00:00:00 Result= URL=)
2023-09-15 19:30:43 [5] Confirmed the "Link Alive Check". (NextTime=1970-01-01 00:00:00 Result= URL=)
2023-09-15 20:01:11 There were 284 links that passed the next "Link Alive Check" confirmation date and time.
2023-09-15 20:01:11 [1] Confirmed the "Link Alive Check". (NextTime=1970-01-01 00:00:00 Result= URL=)
2023-09-15 20:01:11 [2] Confirmed the "Link Alive Check". (NextTime=1970-01-01 00:00:00 Result= URL=)
2023-09-15 20:01:11 [3] Confirmed the "Link Alive Check". (NextTime=1970-01-01 00:00:00 Result= URL=)
2023-09-15 20:01:12 [4] Confirmed the "Link Alive Check". (NextTime=1970-01-01 00:00:00 Result= URL=)
2023-09-15 20:01:12 [5] Confirmed the "Link Alive Check". (NextTime=1970-01-01 00:00:00 Result= URL=)
2023-09-15 20:25:11 There were 3 links that passed the next "Check SNS Count" confirmation date and time.
2023-09-15 20:25:11 [1] Confirmed the "Check SNS Count". (NextTime=2021-03-21 03:12:44 URL=https://www.amazon.co.jp/%E3%82%A8%E3%83%AC%E3%82%B3%E3%83%A0-150Mbps-2-4GHz%E5%B0%82%E7%94%A8-%E3%82%B3%E3%83%B3%E3%83%91%E3%82%AF%E3%83%88%E3%83%A2%E3%83%87%E3%83%AB-WDC-150SU2MBK/dp/B00JTSF7DY/ref=as_li_ss_il?ie=UTF8&#038;linkCode=li2&#038;tag=drunkar-22&#038;linkId=68e85a82df1130f6e44bb9e226d4dce6&#038;language=ja_JP)
2023-09-15 20:25:11 [2] Confirmed the "Check SNS Count". (NextTime=2021-03-26 04:50:27 URL=https://insider.windows.com/ja-jp/)
2023-09-15 20:25:11 [3] Confirmed the "Check SNS Count". (NextTime=2021-06-25 03:04:11 URL=https://www.amazon.co.jp/gp/product/B08SMBN7ZB?ie=UTF8&#038;psc=1&#038;linkCode=li2&#038;tag=drunkar-22&#038;linkId=d793effed22f9dc70b1c21e3f16e0bc8&#038;language=ja_JP&#038;ref_=as_li_ss_il)
2023-09-15 20:31:23 There were 284 links that passed the next "Link Alive Check" confirmation date and time.
2023-09-15 20:31:23 [1] Confirmed the "Link Alive Check". (NextTime=1970-01-01 00:00:00 Result= URL=)
2023-09-15 20:31:24 [2] Confirmed the "Link Alive Check". (NextTime=1970-01-01 00:00:00 Result= URL=)
2023-09-15 20:31:24 [3] Confirmed the "Link Alive Check". (NextTime=1970-01-01 00:00:00 Result= URL=)
2023-09-15 20:31:24 [4] Confirmed the "Link Alive Check". (NextTime=1970-01-01 00:00:00 Result= URL=)
2023-09-15 20:31:24 [5] Confirmed the "Link Alive Check". (NextTime=1970-01-01 00:00:00 Result= URL=)
2023-09-15 21:02:03 There were 284 links that passed the next "Link Alive Check" confirmation date and time.
2023-09-15 21:02:04 [1] Confirmed the "Link Alive Check". (NextTime=1970-01-01 00:00:00 Result= URL=)
2023-09-15 21:02:04 [2] Confirmed the "Link Alive Check". (NextTime=1970-01-01 00:00:00 Result= URL=)
2023-09-15 21:02:04 [3] Confirmed the "Link Alive Check". (NextTime=1970-01-01 00:00:00 Result= URL=)
2023-09-15 21:02:04 [4] Confirmed the "Link Alive Check". (NextTime=1970-01-01 00:00:00 Result= URL=)
2023-09-15 21:02:05 [5] Confirmed the "Link Alive Check". (NextTime=1970-01-01 00:00:00 Result= URL=)
2023-09-15 21:24:07 There were 2 links that passed the next "Check SNS Count" confirmation date and time.
2023-09-15 21:24:07 [1] Confirmed the "Check SNS Count". (NextTime=2021-04-14 22:33:14 URL=https://www.amazon.co.jp/Gold-Standard-100-%E3%82%A8%E3%82%AF%E3%82%B9%E3%83%88%E3%83%AA%E3%83%BC%E3%83%A0%E3%83%81%E3%83%A7%E3%82%B3%E3%83%AC%E3%83%BC%E3%83%88-2-27kg/dp/B01L1NX32Q/ref=as_li_ss_il?ie=UTF8&#038;qid=1483631295&#038;sr=8-2&#038;keywords=Gold+Standard+100%&#038;linkCode=li2&#038;tag=drunkar-22&#038;linkId=1e8286abc92678776dfd2dfeef1b05e3)
2023-09-15 21:24:07 [2] Confirmed the "Check SNS Count". (NextTime=2021-04-15 00:39:00 URL=https://github.com/Drunkar/hubot-japanese-talk-transformer)
2023-09-15 21:33:22 There were 284 links that passed the next "Link Alive Check" confirmation date and time.
2023-09-15 21:33:23 [1] Confirmed the "Link Alive Check". (NextTime=1970-01-01 00:00:00 Result= URL=)
2023-09-15 21:33:23 [2] Confirmed the "Link Alive Check". (NextTime=1970-01-01 00:00:00 Result= URL=)
2023-09-15 21:33:23 [3] Confirmed the "Link Alive Check". (NextTime=1970-01-01 00:00:00 Result= URL=)
2023-09-15 21:33:23 [4] Confirmed the "Link Alive Check". (NextTime=1970-01-01 00:00:00 Result= URL=)
2023-09-15 21:33:24 [5] Confirmed the "Link Alive Check". (NextTime=1970-01-01 00:00:00 Result= URL=)
2023-09-15 22:02:24 There were 284 links that passed the next "Link Alive Check" confirmation date and time.
2023-09-15 22:02:24 [1] Confirmed the "Link Alive Check". (NextTime=1970-01-01 00:00:00 Result= URL=)
2023-09-15 22:02:24 [2] Confirmed the "Link Alive Check". (NextTime=1970-01-01 00:00:00 Result= URL=)
2023-09-15 22:02:25 [3] Confirmed the "Link Alive Check". (NextTime=1970-01-01 00:00:00 Result= URL=)
2023-09-15 22:02:25 [4] Confirmed the "Link Alive Check". (NextTime=1970-01-01 00:00:00 Result= URL=)
2023-09-15 22:02:25 [5] Confirmed the "Link Alive Check". (NextTime=1970-01-01 00:00:00 Result= URL=)
2023-09-15 22:24:30 There were 1 links that passed the next "Check SNS Count" confirmation date and time.
2023-09-15 22:24:30 [1] Confirmed the "Check SNS Count". (NextTime=2021-04-14 17:41:07 URL=https://sekailab.com/wp/2019/04/02/15w-chinese-laser-cutter-5)
2023-09-15 22:33:44 There were 284 links that passed the next "Link Alive Check" confirmation date and time.
2023-09-15 22:33:44 [1] Confirmed the "Link Alive Check". (NextTime=1970-01-01 00:00:00 Result= URL=)
2023-09-15 22:33:45 [2] Confirmed the "Link Alive Check". (NextTime=1970-01-01 00:00:00 Result= URL=)
2023-09-15 22:33:45 [3] Confirmed the "Link Alive Check". (NextTime=1970-01-01 00:00:00 Result= URL=)
2023-09-15 22:33:45 [4] Confirmed the "Link Alive Check". (NextTime=1970-01-01 00:00:00 Result= URL=)
2023-09-15 22:33:45 [5] Confirmed the "Link Alive Check". (NextTime=1970-01-01 00:00:00 Result= URL=)
2023-09-15 23:03:01 There were 284 links that passed the next "Link Alive Check" confirmation date and time.
2023-09-15 23:03:01 [1] Confirmed the "Link Alive Check". (NextTime=1970-01-01 00:00:00 Result= URL=)
2023-09-15 23:03:01 [2] Confirmed the "Link Alive Check". (NextTime=1970-01-01 00:00:00 Result= URL=)
2023-09-15 23:03:02 [3] Confirmed the "Link Alive Check". (NextTime=1970-01-01 00:00:00 Result= URL=)
2023-09-15 23:03:02 [4] Confirmed the "Link Alive Check". (NextTime=1970-01-01 00:00:00 Result= URL=)
2023-09-15 23:03:02 [5] Confirmed the "Link Alive Check". (NextTime=1970-01-01 00:00:00 Result= URL=)
2023-09-15 23:23:35 There were 1 links that passed the next "Check SNS Count" confirmation date and time.
2023-09-15 23:23:35 [1] Confirmed the "Check SNS Count". (NextTime=2021-04-10 11:40:03 URL=https://www.banggood.com/IRangeX-iRX-IR8M-2_4G-8CH-Multi-Protocol-Transmitter-With-PPM-S_BUS-Mini-Receiver-p-1226058.html?p=K226105168701201606R&#038;custlinkid=78514)
2023-09-15 23:35:40 There were 284 links that passed the next "Link Alive Check" confirmation date and time.
2023-09-15 23:35:41 [1] Confirmed the "Link Alive Check". (NextTime=1970-01-01 00:00:00 Result= URL=)
2023-09-15 23:35:41 [2] Confirmed the "Link Alive Check". (NextTime=1970-01-01 00:00:00 Result= URL=)
2023-09-15 23:35:41 [3] Confirmed the "Link Alive Check". (NextTime=1970-01-01 00:00:00 Result= URL=)
2023-09-15 23:35:41 [4] Confirmed the "Link Alive Check". (NextTime=1970-01-01 00:00:00 Result= URL=)
2023-09-15 23:35:41 [5] Confirmed the "Link Alive Check". (NextTime=1970-01-01 00:00:00 Result= URL=)
