2021-03-30 00:21:49 There were 157 links that passed the next "Link Alive Check" confirmation date and time.
2021-03-30 00:21:50 [1] Confirmed the "Link Alive Check". (NextTime=1970-01-01 00:00:00 Result= URL=)
2021-03-30 00:21:50 [2] Confirmed the "Link Alive Check". (NextTime=1970-01-01 00:00:00 Result= URL=)
2021-03-30 00:21:50 [3] Confirmed the "Link Alive Check". (NextTime=1970-01-01 00:00:00 Result= URL=)
2021-03-30 00:21:51 [4] Confirmed the "Link Alive Check". (NextTime=1970-01-01 00:00:00 Result= URL=)
2021-03-30 00:21:51 [5] Confirmed the "Link Alive Check". (NextTime=1970-01-01 00:00:00 Result= URL=)
2021-03-30 00:37:28 There were 1 links that passed the next "Check SNS Count" confirmation date and time.
2021-03-30 00:37:28 [1] Confirmed the "Check SNS Count". (NextTime=2021-03-21 13:10:58 URL=https://sekailab.com/wp/2018/09/04/mistel-barocco-mag-feet/)
2021-03-30 00:53:30 There were 158 links that passed the next "Link Alive Check" confirmation date and time.
2021-03-30 00:53:31 [1] Confirmed the "Link Alive Check". (NextTime=1970-01-01 00:00:00 Result= URL=)
2021-03-30 00:53:31 [2] Confirmed the "Link Alive Check". (NextTime=1970-01-01 00:00:00 Result= URL=)
2021-03-30 00:53:32 [3] Confirmed the "Link Alive Check". (NextTime=1970-01-01 00:00:00 Result= URL=)
2021-03-30 00:53:32 [4] Confirmed the "Link Alive Check". (NextTime=1970-01-01 00:00:00 Result= URL=)
2021-03-30 00:53:32 [5] Confirmed the "Link Alive Check". (NextTime=1970-01-01 00:00:00 Result= URL=)
2021-03-30 01:23:36 There were 158 links that passed the next "Link Alive Check" confirmation date and time.
2021-03-30 01:23:36 [1] Confirmed the "Link Alive Check". (NextTime=1970-01-01 00:00:00 Result= URL=)
2021-03-30 01:23:36 [2] Confirmed the "Link Alive Check". (NextTime=1970-01-01 00:00:00 Result= URL=)
2021-03-30 01:23:37 [3] Confirmed the "Link Alive Check". (NextTime=1970-01-01 00:00:00 Result= URL=)
2021-03-30 01:23:37 [4] Confirmed the "Link Alive Check". (NextTime=1970-01-01 00:00:00 Result= URL=)
2021-03-30 01:23:37 [5] Confirmed the "Link Alive Check". (NextTime=1970-01-01 00:00:00 Result= URL=)
2021-03-30 01:37:29 There were 1 links that passed the next "Check SNS Count" confirmation date and time.
2021-03-30 01:37:29 [1] Confirmed the "Check SNS Count". (NextTime=2021-03-25 15:46:01 URL=https://www.amazon.co.jp/%E3%82%B5%E3%83%B3%E3%82%B3%E3%83%BC-USBWATC2-USB%E6%B0%B4%E5%86%B7%E9%9D%99%E9%9F%B3%E3%82%AF%E3%83%BC%E3%83%AA%E3%83%B3%E3%82%B0%E3%83%9E%E3%83%83%E3%83%88/dp/B01GR6XRIC/ref=as_li_ss_il?ie=UTF8&#038;qid=1528535057&#038;sr=8-11&#038;keywords=%E6%B0%B4%E5%86%B7&#038;linkCode=li2&#038;tag=drunkar-22&#038;linkId=3d0a276dcbde2abf7dd0f82cccbcc9be)
2021-03-30 01:54:24 There were 158 links that passed the next "Link Alive Check" confirmation date and time.
2021-03-30 01:54:24 [1] Confirmed the "Link Alive Check". (NextTime=1970-01-01 00:00:00 Result= URL=)
2021-03-30 01:54:25 [2] Confirmed the "Link Alive Check". (NextTime=1970-01-01 00:00:00 Result= URL=)
2021-03-30 01:54:25 [3] Confirmed the "Link Alive Check". (NextTime=1970-01-01 00:00:00 Result= URL=)
2021-03-30 01:54:25 [4] Confirmed the "Link Alive Check". (NextTime=1970-01-01 00:00:00 Result= URL=)
2021-03-30 01:54:26 [5] Confirmed the "Link Alive Check". (NextTime=1970-01-01 00:00:00 Result= URL=)
2021-03-30 02:24:05 There were 158 links that passed the next "Link Alive Check" confirmation date and time.
2021-03-30 02:24:06 [1] Confirmed the "Link Alive Check". (NextTime=1970-01-01 00:00:00 Result= URL=)
2021-03-30 02:24:06 [2] Confirmed the "Link Alive Check". (NextTime=1970-01-01 00:00:00 Result= URL=)
2021-03-30 02:24:06 [3] Confirmed the "Link Alive Check". (NextTime=1970-01-01 00:00:00 Result= URL=)
2021-03-30 02:24:07 [4] Confirmed the "Link Alive Check". (NextTime=1970-01-01 00:00:00 Result= URL=)
2021-03-30 02:24:07 [5] Confirmed the "Link Alive Check". (NextTime=1970-01-01 00:00:00 Result= URL=)
2021-03-30 02:37:13 There were 3 links that passed the next "Check SNS Count" confirmation date and time.
2021-03-30 02:37:13 [1] Confirmed the "Check SNS Count". (NextTime=2021-03-21 05:02:21 URL=https://www.amazon.co.jp/Taulman3D-PC-Alloy910-Taulman3D-Alloy-910-%E3%82%A2%E3%83%AD%E3%82%A4910-1-75mm/dp/B01AY71K5M/ref=as_li_ss_il?ie=UTF8&#038;qid=1523541968&#038;sr=8-1&#038;keywords=alloy+910&#038;linkCode=li2&#038;tag=drunkar-22&#038;linkId=d8e9041dfc8c404620294b339eb3f493)
2021-03-30 02:37:13 [2] Confirmed the "Check SNS Count". (NextTime=2021-03-25 13:59:46 URL=https://github.com/Drunkar/USB-PD_Adapter/blob/master/PD_Adapter_Case.stl)
2021-03-30 02:37:13 [3] Confirmed the "Check SNS Count". (NextTime=2021-04-07 14:47:21 URL=https://www.banggood.com/Vivibright-GP100UP-Android-6_01-WIFI-Smart-LED-Projector-3500-Lumens-1280x800p-1080P-HD-Home-Theater-p-1203164.html?p=YT180431296767201903&#038;cur_warehouse=CN)
2021-03-30 02:55:21 There were 158 links that passed the next "Link Alive Check" confirmation date and time.
2021-03-30 02:55:22 [1] Confirmed the "Link Alive Check". (NextTime=1970-01-01 00:00:00 Result= URL=)
2021-03-30 02:55:22 [2] Confirmed the "Link Alive Check". (NextTime=1970-01-01 00:00:00 Result= URL=)
2021-03-30 02:55:22 [3] Confirmed the "Link Alive Check". (NextTime=1970-01-01 00:00:00 Result= URL=)
2021-03-30 02:55:23 [4] Confirmed the "Link Alive Check". (NextTime=1970-01-01 00:00:00 Result= URL=)
2021-03-30 02:55:23 [5] Confirmed the "Link Alive Check". (NextTime=1970-01-01 00:00:00 Result= URL=)
2021-03-30 03:26:58 There were 158 links that passed the next "Link Alive Check" confirmation date and time.
2021-03-30 03:26:58 [1] Confirmed the "Link Alive Check". (NextTime=1970-01-01 00:00:00 Result= URL=)
2021-03-30 03:26:59 [2] Confirmed the "Link Alive Check". (NextTime=1970-01-01 00:00:00 Result= URL=)
2021-03-30 03:26:59 [3] Confirmed the "Link Alive Check". (NextTime=1970-01-01 00:00:00 Result= URL=)
2021-03-30 03:26:59 [4] Confirmed the "Link Alive Check". (NextTime=1970-01-01 00:00:00 Result= URL=)
2021-03-30 03:27:00 [5] Confirmed the "Link Alive Check". (NextTime=1970-01-01 00:00:00 Result= URL=)
2021-03-30 03:39:45 There were 0 links that passed the next "Check SNS Count" confirmation date and time.
2021-03-30 03:56:46 There were 158 links that passed the next "Link Alive Check" confirmation date and time.
2021-03-30 03:56:47 [1] Confirmed the "Link Alive Check". (NextTime=1970-01-01 00:00:00 Result= URL=)
2021-03-30 03:56:47 [2] Confirmed the "Link Alive Check". (NextTime=1970-01-01 00:00:00 Result= URL=)
2021-03-30 03:56:47 [3] Confirmed the "Link Alive Check". (NextTime=1970-01-01 00:00:00 Result= URL=)
2021-03-30 03:56:48 [4] Confirmed the "Link Alive Check". (NextTime=1970-01-01 00:00:00 Result= URL=)
2021-03-30 03:56:48 [5] Confirmed the "Link Alive Check". (NextTime=1970-01-01 00:00:00 Result= URL=)
2021-03-30 04:28:20 There were 158 links that passed the next "Link Alive Check" confirmation date and time.
2021-03-30 04:28:21 [1] Confirmed the "Link Alive Check". (NextTime=1970-01-01 00:00:00 Result= URL=)
2021-03-30 04:28:21 [2] Confirmed the "Link Alive Check". (NextTime=1970-01-01 00:00:00 Result= URL=)
2021-03-30 04:28:21 [3] Confirmed the "Link Alive Check". (NextTime=1970-01-01 00:00:00 Result= URL=)
2021-03-30 04:28:22 [4] Confirmed the "Link Alive Check". (NextTime=1970-01-01 00:00:00 Result= URL=)
2021-03-30 04:28:22 [5] Confirmed the "Link Alive Check". (NextTime=1970-01-01 00:00:00 Result= URL=)
2021-03-30 04:37:15 There were 2 links that passed the next "Check SNS Count" confirmation date and time.
2021-03-30 04:37:15 [1] Confirmed the "Check SNS Count". (NextTime=2021-04-14 03:47:27 URL=https://sekailab.com/wp/2015/11/02/lstm-general-responce-bot/)
2021-03-30 04:37:15 [2] Confirmed the "Check SNS Count". (NextTime=2021-03-26 20:21:44 URL=https://github.com/Drunkar/dockerfiles/tree/master/airflow-alpine)
2021-03-30 04:57:22 There were 158 links that passed the next "Link Alive Check" confirmation date and time.
2021-03-30 04:57:22 [1] Confirmed the "Link Alive Check". (NextTime=1970-01-01 00:00:00 Result= URL=)
2021-03-30 04:57:23 [2] Confirmed the "Link Alive Check". (NextTime=1970-01-01 00:00:00 Result= URL=)
2021-03-30 04:57:23 [3] Confirmed the "Link Alive Check". (NextTime=1970-01-01 00:00:00 Result= URL=)
2021-03-30 04:57:23 [4] Confirmed the "Link Alive Check". (NextTime=1970-01-01 00:00:00 Result= URL=)
2021-03-30 04:57:24 [5] Confirmed the "Link Alive Check". (NextTime=1970-01-01 00:00:00 Result= URL=)
2021-03-30 05:29:48 There were 158 links that passed the next "Link Alive Check" confirmation date and time.
2021-03-30 05:29:48 [1] Confirmed the "Link Alive Check". (NextTime=1970-01-01 00:00:00 Result= URL=)
2021-03-30 05:29:48 [2] Confirmed the "Link Alive Check". (NextTime=1970-01-01 00:00:00 Result= URL=)
2021-03-30 05:29:49 [3] Confirmed the "Link Alive Check". (NextTime=1970-01-01 00:00:00 Result= URL=)
2021-03-30 05:29:49 [4] Confirmed the "Link Alive Check". (NextTime=1970-01-01 00:00:00 Result= URL=)
2021-03-30 05:29:49 [5] Confirmed the "Link Alive Check". (NextTime=1970-01-01 00:00:00 Result= URL=)
2021-03-30 05:37:21 There were 2 links that passed the next "Check SNS Count" confirmation date and time.
2021-03-30 05:37:21 [1] Confirmed the "Check SNS Count". (NextTime=2021-03-24 17:14:03 URL=https://sekailab.com/wp/2014/02/24/gitlab-gitlab_ci-jenkins-in-the-same-server/)
2021-03-30 05:37:21 [2] Confirmed the "Check SNS Count". (NextTime=2021-03-21 15:27:00 URL=https://sekailab.com/wp/2018/08/10/build-opencv-on-orangepi-pc2/)
2021-03-30 05:57:50 There were 158 links that passed the next "Link Alive Check" confirmation date and time.
2021-03-30 05:57:50 [1] Confirmed the "Link Alive Check". (NextTime=1970-01-01 00:00:00 Result= URL=)
2021-03-30 05:57:50 [2] Confirmed the "Link Alive Check". (NextTime=1970-01-01 00:00:00 Result= URL=)
2021-03-30 05:57:51 [3] Confirmed the "Link Alive Check". (NextTime=1970-01-01 00:00:00 Result= URL=)
2021-03-30 05:57:51 [4] Confirmed the "Link Alive Check". (NextTime=1970-01-01 00:00:00 Result= URL=)
2021-03-30 05:57:51 [5] Confirmed the "Link Alive Check". (NextTime=1970-01-01 00:00:00 Result= URL=)
2021-03-30 06:30:58 There were 158 links that passed the next "Link Alive Check" confirmation date and time.
2021-03-30 06:30:59 [1] Confirmed the "Link Alive Check". (NextTime=1970-01-01 00:00:00 Result= URL=)
2021-03-30 06:30:59 [2] Confirmed the "Link Alive Check". (NextTime=1970-01-01 00:00:00 Result= URL=)
2021-03-30 06:31:00 [3] Confirmed the "Link Alive Check". (NextTime=1970-01-01 00:00:00 Result= URL=)
2021-03-30 06:31:00 [4] Confirmed the "Link Alive Check". (NextTime=1970-01-01 00:00:00 Result= URL=)
2021-03-30 06:31:01 [5] Confirmed the "Link Alive Check". (NextTime=1970-01-01 00:00:00 Result= URL=)
2021-03-30 06:38:21 There were 3 links that passed the next "Check SNS Count" confirmation date and time.
2021-03-30 06:38:21 [1] Confirmed the "Check SNS Count". (NextTime=2021-03-21 23:30:41 URL=https://www.amazon.co.jp/%E3%82%A8%E3%83%AC%E3%82%B3%E3%83%A0-%E3%83%90%E3%83%83%E3%82%B0%E3%82%A4%E3%83%B3%E3%83%90%E3%83%83%E3%82%B0-%E3%82%AC%E3%82%B8%E3%82%A7%E3%83%83%E3%83%88%E5%8F%8E%E7%B4%8D-%E3%82%B9%E3%83%88%E3%83%AC%E3%83%83%E3%83%81%E7%B4%A0%E6%9D%90-BMA-GP10BK/dp/B013J9F684/ref=as_li_ss_il?_encoding=UTF8&#038;pd_rd_i=B013J9F68Y&#038;pd_rd_r=040641d8-8122-11e8-bb0c-dd50569c438f&#038;pd_rd_w=I4EYc&#038;pd_rd_wg=0Wqto&#038;pf_rd_i=desktop-dp-sims&#038;pf_rd_m=AN1VRQENFRJN5&#038;pf_rd_p=3472031948783866574&#038;pf_rd_r=VQKKKEAD2YHT0SNXC6G2&#038;pf_rd_s=desktop-dp-sims&#038;pf_rd_t=40701&#038;refRID=VQKKKEAD2YHT0SNXC6G2&#038;th=1&#038;linkCode=li2&#038;tag=drunkar-22&#038;linkId=7ef50d437e6ccbc5406dae6740defcb5)
2021-03-30 06:38:21 [2] Confirmed the "Check SNS Count". (NextTime=2021-03-23 05:56:56 URL=https://www.banggood.com/Jumper-EZBOOK-3-PRO-13_3-Inch-Notebook-Windows-10-Intel-Apollo-Lake-N3450-Quad-Core-6GB-RAM-64G-eMMC-p-1184679.html?p=K226105168701201606R)
2021-03-30 06:38:21 [3] Confirmed the "Check SNS Count". (NextTime=2021-04-17 03:50:01 URL=https://www.amazon.co.jp/HARIO-%E3%83%8F%E3%83%AA%E3%82%AA-%E3%83%89%E3%83%AA%E3%83%83%E3%83%91%E3%83%BC-%E3%82%AB%E3%83%95%E3%82%A7%E3%82%AA%E3%83%BC%E3%83%AB-CFOD-02B/dp/B0040VIN18/ref=as_li_ss_il?__mk_ja_JP=%E3%82%AB%E3%82%BF%E3%82%AB%E3%83%8A&#038;keywords=%E3%82%B3%E3%83%BC%E3%83%92%E3%83%BC%E3%83%95%E3%82%A3%E3%83%AB%E3%82%BF%E3%83%BC+%E9%87%91%E5%B1%9E&#038;qid=1585584028&#038;sr=8-7&#038;linkCode=li2&#038;tag=drunkar-22&#038;linkId=c03c53ade732daac257ada12735145a2)
2021-03-30 06:58:56 There were 158 links that passed the next "Link Alive Check" confirmation date and time.
2021-03-30 06:58:56 [1] Confirmed the "Link Alive Check". (NextTime=1970-01-01 00:00:00 Result= URL=)
2021-03-30 06:58:57 [2] Confirmed the "Link Alive Check". (NextTime=1970-01-01 00:00:00 Result= URL=)
2021-03-30 06:58:57 [3] Confirmed the "Link Alive Check". (NextTime=1970-01-01 00:00:00 Result= URL=)
2021-03-30 06:58:57 [4] Confirmed the "Link Alive Check". (NextTime=1970-01-01 00:00:00 Result= URL=)
2021-03-30 06:58:58 [5] Confirmed the "Link Alive Check". (NextTime=1970-01-01 00:00:00 Result= URL=)
2021-03-30 07:31:17 There were 158 links that passed the next "Link Alive Check" confirmation date and time.
2021-03-30 07:31:17 [1] Confirmed the "Link Alive Check". (NextTime=1970-01-01 00:00:00 Result= URL=)
2021-03-30 07:31:17 [2] Confirmed the "Link Alive Check". (NextTime=1970-01-01 00:00:00 Result= URL=)
2021-03-30 07:31:18 [3] Confirmed the "Link Alive Check". (NextTime=1970-01-01 00:00:00 Result= URL=)
2021-03-30 07:31:18 [4] Confirmed the "Link Alive Check". (NextTime=1970-01-01 00:00:00 Result= URL=)
2021-03-30 07:31:18 [5] Confirmed the "Link Alive Check". (NextTime=1970-01-01 00:00:00 Result= URL=)
2021-03-30 07:37:14 There were 3 links that passed the next "Check SNS Count" confirmation date and time.
2021-03-30 07:37:14 [1] Confirmed the "Check SNS Count". (NextTime=2021-03-25 11:57:49 URL=https://sekailab.com/wp/2013/07/29/interaction-wit-massan/)
2021-03-30 07:37:14 [2] Confirmed the "Check SNS Count". (NextTime=2021-04-15 17:04:05 URL=https://de.wikipedia.org/wiki/Liste_der_Kulturdenkm%C3%A4ler_in_Frankfurt-Innenstadt)
2021-03-30 07:37:14 [3] Confirmed the "Check SNS Count". (NextTime=2021-03-21 02:10:55 URL=https://www.amazon.co.jp/gp/product/B00IOCHYSC/ref=as_li_ss_il?ie=UTF8&#038;psc=1&#038;linkCode=li2&#038;tag=drunkar-22&#038;linkId=65d814f38195e71beb65eb99b804b275&#038;language=ja_JP)
2021-03-30 07:59:48 There were 158 links that passed the next "Link Alive Check" confirmation date and time.
2021-03-30 07:59:48 [1] Confirmed the "Link Alive Check". (NextTime=1970-01-01 00:00:00 Result= URL=)
2021-03-30 07:59:48 [2] Confirmed the "Link Alive Check". (NextTime=1970-01-01 00:00:00 Result= URL=)
2021-03-30 07:59:48 [3] Confirmed the "Link Alive Check". (NextTime=1970-01-01 00:00:00 Result= URL=)
2021-03-30 07:59:49 [4] Confirmed the "Link Alive Check". (NextTime=1970-01-01 00:00:00 Result= URL=)
2021-03-30 07:59:49 [5] Confirmed the "Link Alive Check". (NextTime=1970-01-01 00:00:00 Result= URL=)
2021-03-30 08:33:14 There were 158 links that passed the next "Link Alive Check" confirmation date and time.
2021-03-30 08:33:14 [1] Confirmed the "Link Alive Check". (NextTime=1970-01-01 00:00:00 Result= URL=)
2021-03-30 08:33:14 [2] Confirmed the "Link Alive Check". (NextTime=1970-01-01 00:00:00 Result= URL=)
2021-03-30 08:33:15 [3] Confirmed the "Link Alive Check". (NextTime=1970-01-01 00:00:00 Result= URL=)
2021-03-30 08:33:15 [4] Confirmed the "Link Alive Check". (NextTime=1970-01-01 00:00:00 Result= URL=)
2021-03-30 08:33:15 [5] Confirmed the "Link Alive Check". (NextTime=1970-01-01 00:00:00 Result= URL=)
2021-03-30 08:39:55 There were 0 links that passed the next "Check SNS Count" confirmation date and time.
2021-03-30 09:01:13 There were 158 links that passed the next "Link Alive Check" confirmation date and time.
2021-03-30 09:01:13 [1] Confirmed the "Link Alive Check". (NextTime=1970-01-01 00:00:00 Result= URL=)
2021-03-30 09:01:14 [2] Confirmed the "Link Alive Check". (NextTime=1970-01-01 00:00:00 Result= URL=)
2021-03-30 09:01:14 [3] Confirmed the "Link Alive Check". (NextTime=1970-01-01 00:00:00 Result= URL=)
2021-03-30 09:01:14 [4] Confirmed the "Link Alive Check". (NextTime=1970-01-01 00:00:00 Result= URL=)
2021-03-30 09:01:15 [5] Confirmed the "Link Alive Check". (NextTime=1970-01-01 00:00:00 Result= URL=)
2021-03-30 09:33:34 There were 158 links that passed the next "Link Alive Check" confirmation date and time.
2021-03-30 09:33:34 [1] Confirmed the "Link Alive Check". (NextTime=1970-01-01 00:00:00 Result= URL=)
2021-03-30 09:33:34 [2] Confirmed the "Link Alive Check". (NextTime=1970-01-01 00:00:00 Result= URL=)
2021-03-30 09:33:35 [3] Confirmed the "Link Alive Check". (NextTime=1970-01-01 00:00:00 Result= URL=)
2021-03-30 09:33:35 [4] Confirmed the "Link Alive Check". (NextTime=1970-01-01 00:00:00 Result= URL=)
2021-03-30 09:33:36 [5] Confirmed the "Link Alive Check". (NextTime=1970-01-01 00:00:00 Result= URL=)
2021-03-30 09:39:02 There were 1 links that passed the next "Check SNS Count" confirmation date and time.
2021-03-30 09:39:02 [1] Confirmed the "Check SNS Count". (NextTime=2021-04-10 20:08:11 URL=https://github.com/Drunkar/papers)
2021-03-30 10:01:27 There were 158 links that passed the next "Link Alive Check" confirmation date and time.
2021-03-30 10:01:27 [1] Confirmed the "Link Alive Check". (NextTime=1970-01-01 00:00:00 Result= URL=)
2021-03-30 10:01:28 [2] Confirmed the "Link Alive Check". (NextTime=1970-01-01 00:00:00 Result= URL=)
2021-03-30 10:01:28 [3] Confirmed the "Link Alive Check". (NextTime=1970-01-01 00:00:00 Result= URL=)
2021-03-30 10:01:28 [4] Confirmed the "Link Alive Check". (NextTime=1970-01-01 00:00:00 Result= URL=)
2021-03-30 10:01:29 [5] Confirmed the "Link Alive Check". (NextTime=1970-01-01 00:00:00 Result= URL=)
2021-03-30 10:35:23 There were 158 links that passed the next "Link Alive Check" confirmation date and time.
2021-03-30 10:35:23 [1] Confirmed the "Link Alive Check". (NextTime=1970-01-01 00:00:00 Result= URL=)
2021-03-30 10:35:23 [2] Confirmed the "Link Alive Check". (NextTime=1970-01-01 00:00:00 Result= URL=)
2021-03-30 10:35:24 [3] Confirmed the "Link Alive Check". (NextTime=1970-01-01 00:00:00 Result= URL=)
2021-03-30 10:35:24 [4] Confirmed the "Link Alive Check". (NextTime=1970-01-01 00:00:00 Result= URL=)
2021-03-30 10:35:24 [5] Confirmed the "Link Alive Check". (NextTime=1970-01-01 00:00:00 Result= URL=)
2021-03-30 10:37:13 There were 1 links that passed the next "Check SNS Count" confirmation date and time.
2021-03-30 10:37:13 [1] Confirmed the "Check SNS Count". (NextTime=2021-04-14 18:51:01 URL=http://jikohtei.ciao.jp/drip/swissgold_test.html)
2021-03-30 11:03:14 There were 158 links that passed the next "Link Alive Check" confirmation date and time.
2021-03-30 11:03:15 [1] Confirmed the "Link Alive Check". (NextTime=1970-01-01 00:00:00 Result= URL=)
2021-03-30 11:03:15 [2] Confirmed the "Link Alive Check". (NextTime=1970-01-01 00:00:00 Result= URL=)
2021-03-30 11:03:15 [3] Confirmed the "Link Alive Check". (NextTime=1970-01-01 00:00:00 Result= URL=)
2021-03-30 11:03:16 [4] Confirmed the "Link Alive Check". (NextTime=1970-01-01 00:00:00 Result= URL=)
2021-03-30 11:03:16 [5] Confirmed the "Link Alive Check". (NextTime=1970-01-01 00:00:00 Result= URL=)
2021-03-30 11:36:11 There were 158 links that passed the next "Link Alive Check" confirmation date and time.
2021-03-30 11:36:12 [1] Confirmed the "Link Alive Check". (NextTime=1970-01-01 00:00:00 Result= URL=)
2021-03-30 11:36:12 [2] Confirmed the "Link Alive Check". (NextTime=1970-01-01 00:00:00 Result= URL=)
2021-03-30 11:36:13 [3] Confirmed the "Link Alive Check". (NextTime=1970-01-01 00:00:00 Result= URL=)
2021-03-30 11:36:13 [4] Confirmed the "Link Alive Check". (NextTime=1970-01-01 00:00:00 Result= URL=)
2021-03-30 11:36:14 [5] Confirmed the "Link Alive Check". (NextTime=1970-01-01 00:00:00 Result= URL=)
2021-03-30 11:41:50 There were 1 links that passed the next "Check SNS Count" confirmation date and time.
2021-03-30 11:41:50 [1] Confirmed the "Check SNS Count". (NextTime=2021-03-26 04:14:37 URL=https://www.atmarkit.co.jp/ait/articles/1812/06/news040.html)
2021-03-30 12:10:07 There were 158 links that passed the next "Link Alive Check" confirmation date and time.
2021-03-30 12:10:08 [1] Confirmed the "Link Alive Check". (NextTime=1970-01-01 00:00:00 Result= URL=)
2021-03-30 12:10:08 [2] Confirmed the "Link Alive Check". (NextTime=1970-01-01 00:00:00 Result= URL=)
2021-03-30 12:10:08 [3] Confirmed the "Link Alive Check". (NextTime=1970-01-01 00:00:00 Result= URL=)
2021-03-30 12:10:09 [4] Confirmed the "Link Alive Check". (NextTime=1970-01-01 00:00:00 Result= URL=)
2021-03-30 12:10:09 [5] Confirmed the "Link Alive Check". (NextTime=1970-01-01 00:00:00 Result= URL=)
2021-03-30 12:37:41 There were 158 links that passed the next "Link Alive Check" confirmation date and time.
2021-03-30 12:37:41 [1] Confirmed the "Link Alive Check". (NextTime=1970-01-01 00:00:00 Result= URL=)
2021-03-30 12:37:42 [2] Confirmed the "Link Alive Check". (NextTime=1970-01-01 00:00:00 Result= URL=)
2021-03-30 12:37:42 [3] Confirmed the "Link Alive Check". (NextTime=1970-01-01 00:00:00 Result= URL=)
2021-03-30 12:37:42 [4] Confirmed the "Link Alive Check". (NextTime=1970-01-01 00:00:00 Result= URL=)
2021-03-30 12:37:43 [5] Confirmed the "Link Alive Check". (NextTime=1970-01-01 00:00:00 Result= URL=)
2021-03-30 12:37:43 There were 2 links that passed the next "Check SNS Count" confirmation date and time.
2021-03-30 12:37:43 [1] Confirmed the "Check SNS Count". (NextTime=2021-03-22 15:52:44 URL=https://www.banggood.com/Xiaomi-Redmi-Airdots-TWS-Bluetooth-5_0-Earphone-DSP-Noise-Cancelling-Auto-Pairing-Bilateral-Call-Stereo-Headphones-p-1450592.html?p=K226105168701201606R)
2021-03-30 12:37:43 [2] Confirmed the "Check SNS Count". (NextTime=2021-04-18 05:41:41 URL=https://www.amazon.co.jp/HARIO-%E3%83%8F%E3%83%AA%E3%82%AA-%E3%82%AB%E3%83%95%E3%82%A7%E3%82%AA%E3%83%BC%E3%83%AB-%E3%82%B3%E3%83%BC%E3%83%92%E3%83%BC%E3%83%89%E3%83%AA%E3%83%83%E3%83%97-CFO-1B/dp/B001LROSZ4/ref=as_li_ss_il?__mk_ja_JP=%E3%82%AB%E3%82%BF%E3%82%AB%E3%83%8A&#038;keywords=%E3%82%AB%E3%83%95%E3%82%A7%E3%82%AA%E3%83%BC%E3%83%AB&#038;qid=1585585674&#038;sr=8-2&#038;linkCode=li2&#038;tag=drunkar-22&#038;linkId=f1f43f6cec9554c6f2b4a4e8d5f43619)
2021-03-30 13:12:42 There were 158 links that passed the next "Link Alive Check" confirmation date and time.
2021-03-30 13:12:42 [1] Confirmed the "Link Alive Check". (NextTime=1970-01-01 00:00:00 Result= URL=)
2021-03-30 13:12:43 [2] Confirmed the "Link Alive Check". (NextTime=1970-01-01 00:00:00 Result= URL=)
2021-03-30 13:12:43 [3] Confirmed the "Link Alive Check". (NextTime=1970-01-01 00:00:00 Result= URL=)
2021-03-30 13:12:43 [4] Confirmed the "Link Alive Check". (NextTime=1970-01-01 00:00:00 Result= URL=)
2021-03-30 13:12:44 [5] Confirmed the "Link Alive Check". (NextTime=1970-01-01 00:00:00 Result= URL=)
2021-03-30 13:38:28 There were 1 links that passed the next "Check SNS Count" confirmation date and time.
2021-03-30 13:38:28 [1] Confirmed the "Check SNS Count". (NextTime=2021-03-20 09:05:33 URL=https://assetstore.unity.com/packages/essentials/unity-recorder-94079)
2021-03-30 13:38:28 There were 158 links that passed the next "Link Alive Check" confirmation date and time.
2021-03-30 13:38:29 [1] Confirmed the "Link Alive Check". (NextTime=1970-01-01 00:00:00 Result= URL=)
2021-03-30 13:38:29 [2] Confirmed the "Link Alive Check". (NextTime=1970-01-01 00:00:00 Result= URL=)
2021-03-30 13:38:30 [3] Confirmed the "Link Alive Check". (NextTime=1970-01-01 00:00:00 Result= URL=)
2021-03-30 13:38:30 [4] Confirmed the "Link Alive Check". (NextTime=1970-01-01 00:00:00 Result= URL=)
2021-03-30 13:38:30 [5] Confirmed the "Link Alive Check". (NextTime=1970-01-01 00:00:00 Result= URL=)
2021-03-30 14:14:55 There were 158 links that passed the next "Link Alive Check" confirmation date and time.
2021-03-30 14:14:56 [1] Confirmed the "Link Alive Check". (NextTime=1970-01-01 00:00:00 Result= URL=)
2021-03-30 14:14:56 [2] Confirmed the "Link Alive Check". (NextTime=1970-01-01 00:00:00 Result= URL=)
2021-03-30 14:14:57 [3] Confirmed the "Link Alive Check". (NextTime=1970-01-01 00:00:00 Result= URL=)
2021-03-30 14:14:57 [4] Confirmed the "Link Alive Check". (NextTime=1970-01-01 00:00:00 Result= URL=)
2021-03-30 14:14:57 [5] Confirmed the "Link Alive Check". (NextTime=1970-01-01 00:00:00 Result= URL=)
2021-03-30 14:37:46 There were 0 links that passed the next "Check SNS Count" confirmation date and time.
2021-03-30 14:40:10 There were 158 links that passed the next "Link Alive Check" confirmation date and time.
2021-03-30 14:40:10 [1] Confirmed the "Link Alive Check". (NextTime=1970-01-01 00:00:00 Result= URL=)
2021-03-30 14:40:11 [2] Confirmed the "Link Alive Check". (NextTime=1970-01-01 00:00:00 Result= URL=)
2021-03-30 14:40:11 [3] Confirmed the "Link Alive Check". (NextTime=1970-01-01 00:00:00 Result= URL=)
2021-03-30 14:40:12 [4] Confirmed the "Link Alive Check". (NextTime=1970-01-01 00:00:00 Result= URL=)
2021-03-30 14:40:12 [5] Confirmed the "Link Alive Check". (NextTime=1970-01-01 00:00:00 Result= URL=)
2021-03-30 15:16:14 There were 158 links that passed the next "Link Alive Check" confirmation date and time.
2021-03-30 15:16:14 [1] Confirmed the "Link Alive Check". (NextTime=1970-01-01 00:00:00 Result= URL=)
2021-03-30 15:16:14 [2] Confirmed the "Link Alive Check". (NextTime=1970-01-01 00:00:00 Result= URL=)
2021-03-30 15:16:15 [3] Confirmed the "Link Alive Check". (NextTime=1970-01-01 00:00:00 Result= URL=)
2021-03-30 15:16:15 [4] Confirmed the "Link Alive Check". (NextTime=1970-01-01 00:00:00 Result= URL=)
2021-03-30 15:16:16 [5] Confirmed the "Link Alive Check". (NextTime=1970-01-01 00:00:00 Result= URL=)
2021-03-30 15:37:50 There were 0 links that passed the next "Check SNS Count" confirmation date and time.
2021-03-30 15:40:19 There were 158 links that passed the next "Link Alive Check" confirmation date and time.
2021-03-30 15:40:19 [1] Confirmed the "Link Alive Check". (NextTime=1970-01-01 00:00:00 Result= URL=)
2021-03-30 15:40:20 [2] Confirmed the "Link Alive Check". (NextTime=1970-01-01 00:00:00 Result= URL=)
2021-03-30 15:40:20 [3] Confirmed the "Link Alive Check". (NextTime=1970-01-01 00:00:00 Result= URL=)
2021-03-30 15:40:20 [4] Confirmed the "Link Alive Check". (NextTime=1970-01-01 00:00:00 Result= URL=)
2021-03-30 15:40:21 [5] Confirmed the "Link Alive Check". (NextTime=1970-01-01 00:00:00 Result= URL=)
2021-03-30 16:18:11 There were 158 links that passed the next "Link Alive Check" confirmation date and time.
2021-03-30 16:18:12 [1] Confirmed the "Link Alive Check". (NextTime=1970-01-01 00:00:00 Result= URL=)
2021-03-30 16:18:12 [2] Confirmed the "Link Alive Check". (NextTime=1970-01-01 00:00:00 Result= URL=)
2021-03-30 16:18:13 [3] Confirmed the "Link Alive Check". (NextTime=1970-01-01 00:00:00 Result= URL=)
2021-03-30 16:18:13 [4] Confirmed the "Link Alive Check". (NextTime=1970-01-01 00:00:00 Result= URL=)
2021-03-30 16:18:13 [5] Confirmed the "Link Alive Check". (NextTime=1970-01-01 00:00:00 Result= URL=)
2021-03-30 16:38:02 There were 0 links that passed the next "Check SNS Count" confirmation date and time.
2021-03-30 16:40:43 There were 158 links that passed the next "Link Alive Check" confirmation date and time.
2021-03-30 16:40:44 [1] Confirmed the "Link Alive Check". (NextTime=1970-01-01 00:00:00 Result= URL=)
2021-03-30 16:40:44 [2] Confirmed the "Link Alive Check". (NextTime=1970-01-01 00:00:00 Result= URL=)
2021-03-30 16:40:44 [3] Confirmed the "Link Alive Check". (NextTime=1970-01-01 00:00:00 Result= URL=)
2021-03-30 16:40:45 [4] Confirmed the "Link Alive Check". (NextTime=1970-01-01 00:00:00 Result= URL=)
2021-03-30 16:40:45 [5] Confirmed the "Link Alive Check". (NextTime=1970-01-01 00:00:00 Result= URL=)
2021-03-30 17:22:20 There were 158 links that passed the next "Link Alive Check" confirmation date and time.
2021-03-30 17:22:21 [1] Confirmed the "Link Alive Check". (NextTime=1970-01-01 00:00:00 Result= URL=)
2021-03-30 17:22:21 [2] Confirmed the "Link Alive Check". (NextTime=1970-01-01 00:00:00 Result= URL=)
2021-03-30 17:22:22 [3] Confirmed the "Link Alive Check". (NextTime=1970-01-01 00:00:00 Result= URL=)
2021-03-30 17:22:22 [4] Confirmed the "Link Alive Check". (NextTime=1970-01-01 00:00:00 Result= URL=)
2021-03-30 17:22:23 [5] Confirmed the "Link Alive Check". (NextTime=1970-01-01 00:00:00 Result= URL=)
2021-03-30 17:37:17 There were 1 links that passed the next "Check SNS Count" confirmation date and time.
2021-03-30 17:37:17 [1] Confirmed the "Check SNS Count". (NextTime=2021-03-30 00:50:19 URL=http://www.erogol.com/using-windows-wsl-for-deep-learning-development/)
2021-03-30 17:42:25 There were 158 links that passed the next "Link Alive Check" confirmation date and time.
2021-03-30 17:42:26 [1] Confirmed the "Link Alive Check". (NextTime=1970-01-01 00:00:00 Result= URL=)
2021-03-30 17:42:26 [2] Confirmed the "Link Alive Check". (NextTime=1970-01-01 00:00:00 Result= URL=)
2021-03-30 17:42:27 [3] Confirmed the "Link Alive Check". (NextTime=1970-01-01 00:00:00 Result= URL=)
2021-03-30 17:42:27 [4] Confirmed the "Link Alive Check". (NextTime=1970-01-01 00:00:00 Result= URL=)
2021-03-30 17:42:27 [5] Confirmed the "Link Alive Check". (NextTime=1970-01-01 00:00:00 Result= URL=)
2021-03-30 18:22:41 There were 158 links that passed the next "Link Alive Check" confirmation date and time.
2021-03-30 18:22:41 [1] Confirmed the "Link Alive Check". (NextTime=1970-01-01 00:00:00 Result= URL=)
2021-03-30 18:22:42 [2] Confirmed the "Link Alive Check". (NextTime=1970-01-01 00:00:00 Result= URL=)
2021-03-30 18:22:42 [3] Confirmed the "Link Alive Check". (NextTime=1970-01-01 00:00:00 Result= URL=)
2021-03-30 18:22:42 [4] Confirmed the "Link Alive Check". (NextTime=1970-01-01 00:00:00 Result= URL=)
2021-03-30 18:22:43 [5] Confirmed the "Link Alive Check". (NextTime=1970-01-01 00:00:00 Result= URL=)
2021-03-30 18:39:28 There were 0 links that passed the next "Check SNS Count" confirmation date and time.
2021-03-30 18:42:42 There were 158 links that passed the next "Link Alive Check" confirmation date and time.
2021-03-30 18:42:43 [1] Confirmed the "Link Alive Check". (NextTime=1970-01-01 00:00:00 Result= URL=)
2021-03-30 18:42:43 [2] Confirmed the "Link Alive Check". (NextTime=1970-01-01 00:00:00 Result= URL=)
2021-03-30 18:42:43 [3] Confirmed the "Link Alive Check". (NextTime=1970-01-01 00:00:00 Result= URL=)
2021-03-30 18:42:44 [4] Confirmed the "Link Alive Check". (NextTime=1970-01-01 00:00:00 Result= URL=)
2021-03-30 18:42:44 [5] Confirmed the "Link Alive Check". (NextTime=1970-01-01 00:00:00 Result= URL=)
2021-03-30 19:22:46 There were 158 links that passed the next "Link Alive Check" confirmation date and time.
2021-03-30 19:22:46 [1] Confirmed the "Link Alive Check". (NextTime=1970-01-01 00:00:00 Result= URL=)
2021-03-30 19:22:47 [2] Confirmed the "Link Alive Check". (NextTime=1970-01-01 00:00:00 Result= URL=)
2021-03-30 19:22:47 [3] Confirmed the "Link Alive Check". (NextTime=1970-01-01 00:00:00 Result= URL=)
2021-03-30 19:22:47 [4] Confirmed the "Link Alive Check". (NextTime=1970-01-01 00:00:00 Result= URL=)
2021-03-30 19:22:48 [5] Confirmed the "Link Alive Check". (NextTime=1970-01-01 00:00:00 Result= URL=)
2021-03-30 19:41:13 There were 3 links that passed the next "Check SNS Count" confirmation date and time.
2021-03-30 19:41:13 [1] Confirmed the "Check SNS Count". (NextTime=2021-03-20 06:10:49 URL=https://www.amazon.co.jp/gp/product/B077R9R4Y4/ref=as_li_ss_il?ie=UTF8&#038;psc=1&#038;linkCode=li2&#038;tag=drunkar-22&#038;linkId=6b2240196fb9eedbc1594687fc949fc8)
2021-03-30 19:41:13 [2] Confirmed the "Check SNS Count". (NextTime=2021-03-26 03:29:39 URL=https://www.amazon.co.jp/aceyoon-%E3%82%BF%E3%83%96%E3%83%AC%E3%83%83%E3%83%88%E3%82%B9%E3%82%BF%E3%83%B3%E3%83%89-4-13%E3%82%A4%E3%83%B3%E3%83%81-%E3%82%B9%E3%83%9E%E3%83%9B%E3%82%B9%E3%82%BF%E3%83%B3%E3%83%89-%E3%82%BF%E3%83%96%E3%83%AC%E3%83%83%E3%83%88%E3%81%AB%E5%AF%BE%E5%BF%9C/dp/B07GZJPW7D/ref=as_li_ss_il?_encoding=UTF8&#038;pd_rd_i=B07GZJPW7D&#038;pd_rd_r=69ac8820-a8ba-4bfe-9fd4-48a8068f1240&#038;pd_rd_w=2EwEV&#038;pd_rd_wg=bOs7O&#038;pf_rd_p=587b16be-0f5e-4017-ba4e-8771a0be2909&#038;pf_rd_r=JEZEJVFX37T038S9MCT6&#038;psc=1&#038;refRID=JEZEJVFX37T038S9MCT6&#038;linkCode=li2&#038;tag=drunkar-22&#038;linkId=529300a58525bc616e80a33d50eb1446&#038;language=ja_JP)
2021-03-30 19:41:13 [3] Confirmed the "Check SNS Count". (NextTime=2021-03-26 00:58:29 URL=https://www.amazon.co.jp/gp/product/B07CG3ZPW3/ref=as_li_ss_il?ie=UTF8&#038;psc=1&#038;linkCode=li2&#038;tag=drunkar-22&#038;linkId=4a2250c8c0c493c44601aa572a1071e8)
2021-03-30 19:43:13 There were 158 links that passed the next "Link Alive Check" confirmation date and time.
2021-03-30 19:43:14 [1] Confirmed the "Link Alive Check". (NextTime=1970-01-01 00:00:00 Result= URL=)
2021-03-30 19:43:14 [2] Confirmed the "Link Alive Check". (NextTime=1970-01-01 00:00:00 Result= URL=)
2021-03-30 19:43:14 [3] Confirmed the "Link Alive Check". (NextTime=1970-01-01 00:00:00 Result= URL=)
2021-03-30 19:43:15 [4] Confirmed the "Link Alive Check". (NextTime=1970-01-01 00:00:00 Result= URL=)
2021-03-30 19:43:15 [5] Confirmed the "Link Alive Check". (NextTime=1970-01-01 00:00:00 Result= URL=)
2021-03-30 20:23:48 There were 158 links that passed the next "Link Alive Check" confirmation date and time.
2021-03-30 20:23:49 [1] Confirmed the "Link Alive Check". (NextTime=1970-01-01 00:00:00 Result= URL=)
2021-03-30 20:23:49 [2] Confirmed the "Link Alive Check". (NextTime=1970-01-01 00:00:00 Result= URL=)
2021-03-30 20:23:49 [3] Confirmed the "Link Alive Check". (NextTime=1970-01-01 00:00:00 Result= URL=)
2021-03-30 20:23:50 [4] Confirmed the "Link Alive Check". (NextTime=1970-01-01 00:00:00 Result= URL=)
2021-03-30 20:23:50 [5] Confirmed the "Link Alive Check". (NextTime=1970-01-01 00:00:00 Result= URL=)
2021-03-30 20:37:12 There were 1 links that passed the next "Check SNS Count" confirmation date and time.
2021-03-30 20:37:12 [1] Confirmed the "Check SNS Count". (NextTime=2021-03-21 10:49:03 URL=https://gist.github.com/Drunkar/d3be687b0eb03c3f341f5d4b8edfbf07)
2021-03-30 20:44:59 There were 158 links that passed the next "Link Alive Check" confirmation date and time.
2021-03-30 20:45:00 [1] Confirmed the "Link Alive Check". (NextTime=1970-01-01 00:00:00 Result= URL=)
2021-03-30 20:45:00 [2] Confirmed the "Link Alive Check". (NextTime=1970-01-01 00:00:00 Result= URL=)
2021-03-30 20:45:00 [3] Confirmed the "Link Alive Check". (NextTime=1970-01-01 00:00:00 Result= URL=)
2021-03-30 20:45:01 [4] Confirmed the "Link Alive Check". (NextTime=1970-01-01 00:00:00 Result= URL=)
2021-03-30 20:45:01 [5] Confirmed the "Link Alive Check". (NextTime=1970-01-01 00:00:00 Result= URL=)
2021-03-30 21:23:51 There were 158 links that passed the next "Link Alive Check" confirmation date and time.
2021-03-30 21:23:51 [1] Confirmed the "Link Alive Check". (NextTime=1970-01-01 00:00:00 Result= URL=)
2021-03-30 21:23:51 [2] Confirmed the "Link Alive Check". (NextTime=1970-01-01 00:00:00 Result= URL=)
2021-03-30 21:23:52 [3] Confirmed the "Link Alive Check". (NextTime=1970-01-01 00:00:00 Result= URL=)
2021-03-30 21:23:52 [4] Confirmed the "Link Alive Check". (NextTime=1970-01-01 00:00:00 Result= URL=)
2021-03-30 21:23:52 [5] Confirmed the "Link Alive Check". (NextTime=1970-01-01 00:00:00 Result= URL=)
2021-03-30 21:40:24 There were 1 links that passed the next "Check SNS Count" confirmation date and time.
2021-03-30 21:40:24 [1] Confirmed the "Check SNS Count". (NextTime=2021-03-24 17:31:08 URL=https://sekailab.com/wp/2018/08/14/librealsense-with-armbian-on-orangepi-pc2/)
2021-03-30 21:45:37 There were 158 links that passed the next "Link Alive Check" confirmation date and time.
2021-03-30 21:45:37 [1] Confirmed the "Link Alive Check". (NextTime=1970-01-01 00:00:00 Result= URL=)
2021-03-30 21:45:38 [2] Confirmed the "Link Alive Check". (NextTime=1970-01-01 00:00:00 Result= URL=)
2021-03-30 21:45:38 [3] Confirmed the "Link Alive Check". (NextTime=1970-01-01 00:00:00 Result= URL=)
2021-03-30 21:45:38 [4] Confirmed the "Link Alive Check". (NextTime=1970-01-01 00:00:00 Result= URL=)
2021-03-30 21:45:39 [5] Confirmed the "Link Alive Check". (NextTime=1970-01-01 00:00:00 Result= URL=)
2021-03-30 22:24:52 There were 158 links that passed the next "Link Alive Check" confirmation date and time.
2021-03-30 22:24:53 [1] Confirmed the "Link Alive Check". (NextTime=1970-01-01 00:00:00 Result= URL=)
2021-03-30 22:24:53 [2] Confirmed the "Link Alive Check". (NextTime=1970-01-01 00:00:00 Result= URL=)
2021-03-30 22:24:53 [3] Confirmed the "Link Alive Check". (NextTime=1970-01-01 00:00:00 Result= URL=)
2021-03-30 22:24:53 [4] Confirmed the "Link Alive Check". (NextTime=1970-01-01 00:00:00 Result= URL=)
2021-03-30 22:24:54 [5] Confirmed the "Link Alive Check". (NextTime=1970-01-01 00:00:00 Result= URL=)
2021-03-30 22:37:15 There were 4 links that passed the next "Check SNS Count" confirmation date and time.
2021-03-30 22:37:15 [1] Confirmed the "Check SNS Count". (NextTime=2021-03-21 15:55:19 URL=https://sekailab.com/wp/2018/01/06/15w-chinese-laser-cutter-2/)
2021-03-30 22:37:15 [2] Confirmed the "Check SNS Count". (NextTime=2021-03-21 15:25:48 URL=https://www.amazon.co.jp/gp/product/B07QXMNF1X/ref=as_li_ss_il?ie=UTF8&#038;psc=1&#038;linkCode=li2&#038;tag=drunkar-22&#038;linkId=537e4ae9eb1c1d73f28520e1f2a9e9b7)
2021-03-30 22:37:15 [3] Confirmed the "Check SNS Count". (NextTime=2021-03-24 06:48:50 URL=https://www.amazon.co.jp/Roost-%E3%83%8E%E3%83%BC%E3%83%88%E3%83%91%E3%82%BD%E3%82%B3%E3%83%B3%E7%94%A8%E3%82%B9%E3%82%BF%E3%83%B3%E3%83%89-MacBook-%E4%BA%BA%E9%96%93%E5%B7%A5%E5%AD%A6%E3%81%AB%E5%9F%BA%E3%81%A5%E3%81%84%E3%81%9F%E3%83%87%E3%82%B6%E3%82%A4%E3%83%B3-%E3%83%A6%E3%83%8B%E3%83%90%E3%83%BC%E3%82%B5%E3%83%AB%E3%83%87%E3%82%B6%E3%82%A4%E3%83%B3/dp/B01C9KG8IG/ref=as_li_ss_il?s=computers&#038;ie=UTF8&#038;qid=1528530127&#038;sr=1-1&#038;keywords=roost&#038;linkCode=li2&#038;tag=drunkar-22&#038;linkId=a49e099ec421875d90549a4cbdb3dce3)
2021-03-30 22:37:15 [4] Confirmed the "Check SNS Count". (NextTime=2021-04-13 09:35:04 URL=https://www.tensorflow.org/tfx/serving/docker)
2021-03-30 22:45:55 There were 158 links that passed the next "Link Alive Check" confirmation date and time.
2021-03-30 22:45:55 [1] Confirmed the "Link Alive Check". (NextTime=1970-01-01 00:00:00 Result= URL=)
2021-03-30 22:45:55 [2] Confirmed the "Link Alive Check". (NextTime=1970-01-01 00:00:00 Result= URL=)
2021-03-30 22:45:56 [3] Confirmed the "Link Alive Check". (NextTime=1970-01-01 00:00:00 Result= URL=)
2021-03-30 22:45:56 [4] Confirmed the "Link Alive Check". (NextTime=1970-01-01 00:00:00 Result= URL=)
2021-03-30 22:45:56 [5] Confirmed the "Link Alive Check". (NextTime=1970-01-01 00:00:00 Result= URL=)
2021-03-30 23:26:28 There were 158 links that passed the next "Link Alive Check" confirmation date and time.
2021-03-30 23:26:28 [1] Confirmed the "Link Alive Check". (NextTime=1970-01-01 00:00:00 Result= URL=)
2021-03-30 23:26:28 [2] Confirmed the "Link Alive Check". (NextTime=1970-01-01 00:00:00 Result= URL=)
2021-03-30 23:26:29 [3] Confirmed the "Link Alive Check". (NextTime=1970-01-01 00:00:00 Result= URL=)
2021-03-30 23:26:29 [4] Confirmed the "Link Alive Check". (NextTime=1970-01-01 00:00:00 Result= URL=)
2021-03-30 23:26:29 [5] Confirmed the "Link Alive Check". (NextTime=1970-01-01 00:00:00 Result= URL=)
2021-03-30 23:37:36 There were 1 links that passed the next "Check SNS Count" confirmation date and time.
2021-03-30 23:37:36 [1] Confirmed the "Check SNS Count". (NextTime=2021-03-21 05:55:58 URL=https://www.amazon.co.jp/Razer-DeathAdder-Elite-%E3%82%A8%E3%83%AB%E3%82%B4%E3%83%8E%E3%83%9F%E3%83%83%E3%82%AF-%E3%82%B2%E3%83%BC%E3%83%9F%E3%83%B3%E3%82%B0%E3%83%9E%E3%82%A6%E3%82%B9%E3%80%90%E6%97%A5%E6%9C%AC%E6%AD%A3%E8%A6%8F%E4%BB%A3%E7%90%86%E5%BA%97%E4%BF%9D%E8%A8%BC%E5%93%81%E3%80%91RZ01-02010100-R3A1/dp/B01MXVFVJO/ref=as_li_ss_il?ie=UTF8&#038;qid=1530884170&#038;sr=8-1&#038;keywords=razer+deathadder+elite&#038;linkCode=li2&#038;tag=drunkar-22&#038;linkId=b7b39d54dd3488e4a6a5ba54d283ec3f)
2021-03-30 23:45:57 There were 158 links that passed the next "Link Alive Check" confirmation date and time.
2021-03-30 23:45:57 [1] Confirmed the "Link Alive Check". (NextTime=1970-01-01 00:00:00 Result= URL=)
2021-03-30 23:45:58 [2] Confirmed the "Link Alive Check". (NextTime=1970-01-01 00:00:00 Result= URL=)
2021-03-30 23:45:58 [3] Confirmed the "Link Alive Check". (NextTime=1970-01-01 00:00:00 Result= URL=)
2021-03-30 23:45:58 [4] Confirmed the "Link Alive Check". (NextTime=1970-01-01 00:00:00 Result= URL=)
2021-03-30 23:45:59 [5] Confirmed the "Link Alive Check". (NextTime=1970-01-01 00:00:00 Result= URL=)
