2023-11-10 00:10:34 There were 284 links that passed the next "Link Alive Check" confirmation date and time.
2023-11-10 00:10:34 [1] Confirmed the "Link Alive Check". (NextTime=1970-01-01 00:00:00 Result= URL=)
2023-11-10 00:10:35 [2] Confirmed the "Link Alive Check". (NextTime=1970-01-01 00:00:00 Result= URL=)
2023-11-10 00:10:35 [3] Confirmed the "Link Alive Check". (NextTime=1970-01-01 00:00:00 Result= URL=)
2023-11-10 00:10:35 [4] Confirmed the "Link Alive Check". (NextTime=1970-01-01 00:00:00 Result= URL=)
2023-11-10 00:10:35 [5] Confirmed the "Link Alive Check". (NextTime=1970-01-01 00:00:00 Result= URL=)
2023-11-10 00:24:55 There were 1 links that passed the next "Check SNS Count" confirmation date and time.
2023-11-10 00:24:55 [1] Confirmed the "Check SNS Count". (NextTime=2021-03-13 10:55:29 URL=https://sekailab.com/wp/2019/03/20/vid2vid-on-windows10/)
2023-11-10 01:10:40 There were 284 links that passed the next "Link Alive Check" confirmation date and time.
2023-11-10 01:10:40 [1] Confirmed the "Link Alive Check". (NextTime=1970-01-01 00:00:00 Result= URL=)
2023-11-10 01:10:41 [2] Confirmed the "Link Alive Check". (NextTime=1970-01-01 00:00:00 Result= URL=)
2023-11-10 01:10:41 [3] Confirmed the "Link Alive Check". (NextTime=1970-01-01 00:00:00 Result= URL=)
2023-11-10 01:10:41 [4] Confirmed the "Link Alive Check". (NextTime=1970-01-01 00:00:00 Result= URL=)
2023-11-10 01:10:41 [5] Confirmed the "Link Alive Check". (NextTime=1970-01-01 00:00:00 Result= URL=)
2023-11-10 01:27:14 There were 0 links that passed the next "Check SNS Count" confirmation date and time.
2023-11-10 02:11:55 There were 284 links that passed the next "Link Alive Check" confirmation date and time.
2023-11-10 02:11:56 [1] Confirmed the "Link Alive Check". (NextTime=1970-01-01 00:00:00 Result= URL=)
2023-11-10 02:11:56 [2] Confirmed the "Link Alive Check". (NextTime=1970-01-01 00:00:00 Result= URL=)
2023-11-10 02:11:56 [3] Confirmed the "Link Alive Check". (NextTime=1970-01-01 00:00:00 Result= URL=)
2023-11-10 02:11:56 [4] Confirmed the "Link Alive Check". (NextTime=1970-01-01 00:00:00 Result= URL=)
2023-11-10 02:11:56 [5] Confirmed the "Link Alive Check". (NextTime=1970-01-01 00:00:00 Result= URL=)
2023-11-10 02:23:46 There were 0 links that passed the next "Check SNS Count" confirmation date and time.
2023-11-10 03:11:59 There were 284 links that passed the next "Link Alive Check" confirmation date and time.
2023-11-10 03:11:59 [1] Confirmed the "Link Alive Check". (NextTime=1970-01-01 00:00:00 Result= URL=)
2023-11-10 03:11:59 [2] Confirmed the "Link Alive Check". (NextTime=1970-01-01 00:00:00 Result= URL=)
2023-11-10 03:12:00 [3] Confirmed the "Link Alive Check". (NextTime=1970-01-01 00:00:00 Result= URL=)
2023-11-10 03:12:00 [4] Confirmed the "Link Alive Check". (NextTime=1970-01-01 00:00:00 Result= URL=)
2023-11-10 03:12:01 [5] Confirmed the "Link Alive Check". (NextTime=1970-01-01 00:00:00 Result= URL=)
2023-11-10 03:23:06 There were 0 links that passed the next "Check SNS Count" confirmation date and time.
2023-11-10 03:24:08 There were 0 links that passed the next "Check SNS Count" confirmation date and time.
2023-11-10 04:12:31 There were 284 links that passed the next "Link Alive Check" confirmation date and time.
2023-11-10 04:12:31 [1] Confirmed the "Link Alive Check". (NextTime=1970-01-01 00:00:00 Result= URL=)
2023-11-10 04:12:31 [2] Confirmed the "Link Alive Check". (NextTime=1970-01-01 00:00:00 Result= URL=)
2023-11-10 04:12:31 [3] Confirmed the "Link Alive Check". (NextTime=1970-01-01 00:00:00 Result= URL=)
2023-11-10 04:12:32 [4] Confirmed the "Link Alive Check". (NextTime=1970-01-01 00:00:00 Result= URL=)
2023-11-10 04:12:32 [5] Confirmed the "Link Alive Check". (NextTime=1970-01-01 00:00:00 Result= URL=)
2023-11-10 04:26:31 There were 1 links that passed the next "Check SNS Count" confirmation date and time.
2023-11-10 04:26:32 [1] Confirmed the "Check SNS Count". (NextTime=2021-04-15 11:01:06 URL=https://sekailab.com/wp/2013/12/11/watch-process-to-send-gmail)
2023-11-10 05:14:16 There were 284 links that passed the next "Link Alive Check" confirmation date and time.
2023-11-10 05:14:16 [1] Confirmed the "Link Alive Check". (NextTime=1970-01-01 00:00:00 Result= URL=)
2023-11-10 05:14:17 [2] Confirmed the "Link Alive Check". (NextTime=1970-01-01 00:00:00 Result= URL=)
2023-11-10 05:14:17 [3] Confirmed the "Link Alive Check". (NextTime=1970-01-01 00:00:00 Result= URL=)
2023-11-10 05:14:17 [4] Confirmed the "Link Alive Check". (NextTime=1970-01-01 00:00:00 Result= URL=)
2023-11-10 05:14:17 [5] Confirmed the "Link Alive Check". (NextTime=1970-01-01 00:00:00 Result= URL=)
2023-11-10 05:26:31 There were 0 links that passed the next "Check SNS Count" confirmation date and time.
2023-11-10 06:14:18 There were 284 links that passed the next "Link Alive Check" confirmation date and time.
2023-11-10 06:14:19 [1] Confirmed the "Link Alive Check". (NextTime=1970-01-01 00:00:00 Result= URL=)
2023-11-10 06:14:19 [2] Confirmed the "Link Alive Check". (NextTime=1970-01-01 00:00:00 Result= URL=)
2023-11-10 06:14:19 [3] Confirmed the "Link Alive Check". (NextTime=1970-01-01 00:00:00 Result= URL=)
2023-11-10 06:14:19 [4] Confirmed the "Link Alive Check". (NextTime=1970-01-01 00:00:00 Result= URL=)
2023-11-10 06:14:20 [5] Confirmed the "Link Alive Check". (NextTime=1970-01-01 00:00:00 Result= URL=)
2023-11-10 06:23:19 There were 0 links that passed the next "Check SNS Count" confirmation date and time.
2023-11-10 07:14:29 There were 284 links that passed the next "Link Alive Check" confirmation date and time.
2023-11-10 07:14:30 [1] Confirmed the "Link Alive Check". (NextTime=1970-01-01 00:00:00 Result= URL=)
2023-11-10 07:14:30 [2] Confirmed the "Link Alive Check". (NextTime=1970-01-01 00:00:00 Result= URL=)
2023-11-10 07:14:30 [3] Confirmed the "Link Alive Check". (NextTime=1970-01-01 00:00:00 Result= URL=)
2023-11-10 07:14:30 [4] Confirmed the "Link Alive Check". (NextTime=1970-01-01 00:00:00 Result= URL=)
2023-11-10 07:14:31 [5] Confirmed the "Link Alive Check". (NextTime=1970-01-01 00:00:00 Result= URL=)
2023-11-10 07:28:24 There were 0 links that passed the next "Check SNS Count" confirmation date and time.
2023-11-10 08:16:36 There were 284 links that passed the next "Link Alive Check" confirmation date and time.
2023-11-10 08:16:36 [1] Confirmed the "Link Alive Check". (NextTime=1970-01-01 00:00:00 Result= URL=)
2023-11-10 08:16:36 [2] Confirmed the "Link Alive Check". (NextTime=1970-01-01 00:00:00 Result= URL=)
2023-11-10 08:16:37 [3] Confirmed the "Link Alive Check". (NextTime=1970-01-01 00:00:00 Result= URL=)
2023-11-10 08:16:37 [4] Confirmed the "Link Alive Check". (NextTime=1970-01-01 00:00:00 Result= URL=)
2023-11-10 08:16:37 [5] Confirmed the "Link Alive Check". (NextTime=1970-01-01 00:00:00 Result= URL=)
2023-11-10 08:27:08 There were 0 links that passed the next "Check SNS Count" confirmation date and time.
2023-11-10 09:18:10 There were 284 links that passed the next "Link Alive Check" confirmation date and time.
2023-11-10 09:18:10 [1] Confirmed the "Link Alive Check". (NextTime=1970-01-01 00:00:00 Result= URL=)
2023-11-10 09:18:10 [2] Confirmed the "Link Alive Check". (NextTime=1970-01-01 00:00:00 Result= URL=)
2023-11-10 09:18:10 [3] Confirmed the "Link Alive Check". (NextTime=1970-01-01 00:00:00 Result= URL=)
2023-11-10 09:18:11 [4] Confirmed the "Link Alive Check". (NextTime=1970-01-01 00:00:00 Result= URL=)
2023-11-10 09:18:11 [5] Confirmed the "Link Alive Check". (NextTime=1970-01-01 00:00:00 Result= URL=)
2023-11-10 09:28:05 There were 0 links that passed the next "Check SNS Count" confirmation date and time.
2023-11-10 10:19:15 There were 284 links that passed the next "Link Alive Check" confirmation date and time.
2023-11-10 10:19:16 [1] Confirmed the "Link Alive Check". (NextTime=1970-01-01 00:00:00 Result= URL=)
2023-11-10 10:19:16 [2] Confirmed the "Link Alive Check". (NextTime=1970-01-01 00:00:00 Result= URL=)
2023-11-10 10:19:16 [3] Confirmed the "Link Alive Check". (NextTime=1970-01-01 00:00:00 Result= URL=)
2023-11-10 10:19:16 [4] Confirmed the "Link Alive Check". (NextTime=1970-01-01 00:00:00 Result= URL=)
2023-11-10 10:19:16 [5] Confirmed the "Link Alive Check". (NextTime=1970-01-01 00:00:00 Result= URL=)
2023-11-10 10:23:02 There were 1 links that passed the next "Check SNS Count" confirmation date and time.
2023-11-10 10:23:02 [1] Confirmed the "Check SNS Count". (NextTime=2021-03-26 07:11:41 URL=https://docs.microsoft.com/ja-jp/windows/wsl/wsl2-kernel)
2023-11-10 11:19:36 There were 284 links that passed the next "Link Alive Check" confirmation date and time.
2023-11-10 11:19:36 [1] Confirmed the "Link Alive Check". (NextTime=1970-01-01 00:00:00 Result= URL=)
2023-11-10 11:19:36 [2] Confirmed the "Link Alive Check". (NextTime=1970-01-01 00:00:00 Result= URL=)
2023-11-10 11:19:37 [3] Confirmed the "Link Alive Check". (NextTime=1970-01-01 00:00:00 Result= URL=)
2023-11-10 11:19:37 [4] Confirmed the "Link Alive Check". (NextTime=1970-01-01 00:00:00 Result= URL=)
2023-11-10 11:19:37 [5] Confirmed the "Link Alive Check". (NextTime=1970-01-01 00:00:00 Result= URL=)
2023-11-10 11:23:53 There were 0 links that passed the next "Check SNS Count" confirmation date and time.
2023-11-10 12:19:46 There were 284 links that passed the next "Link Alive Check" confirmation date and time.
2023-11-10 12:19:47 [1] Confirmed the "Link Alive Check". (NextTime=1970-01-01 00:00:00 Result= URL=)
2023-11-10 12:19:47 [2] Confirmed the "Link Alive Check". (NextTime=1970-01-01 00:00:00 Result= URL=)
2023-11-10 12:19:47 [3] Confirmed the "Link Alive Check". (NextTime=1970-01-01 00:00:00 Result= URL=)
2023-11-10 12:19:47 [4] Confirmed the "Link Alive Check". (NextTime=1970-01-01 00:00:00 Result= URL=)
2023-11-10 12:19:48 [5] Confirmed the "Link Alive Check". (NextTime=1970-01-01 00:00:00 Result= URL=)
2023-11-10 12:24:43 There were 1 links that passed the next "Check SNS Count" confirmation date and time.
2023-11-10 12:24:43 [1] Confirmed the "Check SNS Count". (NextTime=2021-04-06 11:36:30 URL=https://www.amazon.co.jp/gp/product/B078YP1ZPX/ref=as_li_ss_il?ie=UTF8&#038;psc=1&#038;linkCode=li2&#038;tag=drunkar-22&#038;linkId=1110557b26afd7bba074ac59fbb2936b&#038;language=ja_JP)
2023-11-10 13:20:15 There were 284 links that passed the next "Link Alive Check" confirmation date and time.
2023-11-10 13:20:15 [1] Confirmed the "Link Alive Check". (NextTime=1970-01-01 00:00:00 Result= URL=)
2023-11-10 13:20:15 [2] Confirmed the "Link Alive Check". (NextTime=1970-01-01 00:00:00 Result= URL=)
2023-11-10 13:20:15 [3] Confirmed the "Link Alive Check". (NextTime=1970-01-01 00:00:00 Result= URL=)
2023-11-10 13:20:16 [4] Confirmed the "Link Alive Check". (NextTime=1970-01-01 00:00:00 Result= URL=)
2023-11-10 13:20:16 [5] Confirmed the "Link Alive Check". (NextTime=1970-01-01 00:00:00 Result= URL=)
2023-11-10 13:24:45 There were 1 links that passed the next "Check SNS Count" confirmation date and time.
2023-11-10 13:24:45 [1] Confirmed the "Check SNS Count". (NextTime=2021-04-05 01:16:25 URL=https://sekailab.com/wp/2019/02/06/rtx2080ti-i9-9900k-failure-mother-dram/)
2023-11-10 14:23:46 There were 284 links that passed the next "Link Alive Check" confirmation date and time.
2023-11-10 14:23:46 [1] Confirmed the "Link Alive Check". (NextTime=1970-01-01 00:00:00 Result= URL=)
2023-11-10 14:23:46 [2] Confirmed the "Link Alive Check". (NextTime=1970-01-01 00:00:00 Result= URL=)
2023-11-10 14:23:47 [3] Confirmed the "Link Alive Check". (NextTime=1970-01-01 00:00:00 Result= URL=)
2023-11-10 14:23:47 [4] Confirmed the "Link Alive Check". (NextTime=1970-01-01 00:00:00 Result= URL=)
2023-11-10 14:23:47 [5] Confirmed the "Link Alive Check". (NextTime=1970-01-01 00:00:00 Result= URL=)
2023-11-10 14:23:47 There were 1 links that passed the next "Check SNS Count" confirmation date and time.
2023-11-10 14:23:47 [1] Confirmed the "Check SNS Count". (NextTime=2021-03-25 15:46:01 URL=https://www.amazon.co.jp/%E3%82%B5%E3%83%B3%E3%82%B3%E3%83%BC-USBWATC2-USB%E6%B0%B4%E5%86%B7%E9%9D%99%E9%9F%B3%E3%82%AF%E3%83%BC%E3%83%AA%E3%83%B3%E3%82%B0%E3%83%9E%E3%83%83%E3%83%88/dp/B01GR6XRIC/ref=as_li_ss_il?ie=UTF8&#038;qid=1528535057&#038;sr=8-11&#038;keywords=%E6%B0%B4%E5%86%B7&#038;linkCode=li2&#038;tag=drunkar-22&#038;linkId=3d0a276dcbde2abf7dd0f82cccbcc9be)
2023-11-10 15:26:17 There were 0 links that passed the next "Check SNS Count" confirmation date and time.
2023-11-10 15:26:17 There were 284 links that passed the next "Link Alive Check" confirmation date and time.
2023-11-10 15:26:17 [1] Confirmed the "Link Alive Check". (NextTime=1970-01-01 00:00:00 Result= URL=)
2023-11-10 15:26:17 [2] Confirmed the "Link Alive Check". (NextTime=1970-01-01 00:00:00 Result= URL=)
2023-11-10 15:26:18 [3] Confirmed the "Link Alive Check". (NextTime=1970-01-01 00:00:00 Result= URL=)
2023-11-10 15:26:18 [4] Confirmed the "Link Alive Check". (NextTime=1970-01-01 00:00:00 Result= URL=)
2023-11-10 15:26:18 [5] Confirmed the "Link Alive Check". (NextTime=1970-01-01 00:00:00 Result= URL=)
2023-11-10 15:53:12 There were 284 links that passed the next "Link Alive Check" confirmation date and time.
2023-11-10 15:53:13 [1] Confirmed the "Link Alive Check". (NextTime=1970-01-01 00:00:00 Result= URL=)
2023-11-10 15:53:13 [2] Confirmed the "Link Alive Check". (NextTime=1970-01-01 00:00:00 Result= URL=)
2023-11-10 15:53:13 [3] Confirmed the "Link Alive Check". (NextTime=1970-01-01 00:00:00 Result= URL=)
2023-11-10 15:53:13 [4] Confirmed the "Link Alive Check". (NextTime=1970-01-01 00:00:00 Result= URL=)
2023-11-10 15:53:14 [5] Confirmed the "Link Alive Check". (NextTime=1970-01-01 00:00:00 Result= URL=)
2023-11-10 16:23:17 There were 0 links that passed the next "Check SNS Count" confirmation date and time.
2023-11-10 16:28:00 There were 284 links that passed the next "Link Alive Check" confirmation date and time.
2023-11-10 16:28:00 [1] Confirmed the "Link Alive Check". (NextTime=1970-01-01 00:00:00 Result= URL=)
2023-11-10 16:28:00 [2] Confirmed the "Link Alive Check". (NextTime=1970-01-01 00:00:00 Result= URL=)
2023-11-10 16:28:00 [3] Confirmed the "Link Alive Check". (NextTime=1970-01-01 00:00:00 Result= URL=)
2023-11-10 16:28:01 [4] Confirmed the "Link Alive Check". (NextTime=1970-01-01 00:00:00 Result= URL=)
2023-11-10 16:28:01 [5] Confirmed the "Link Alive Check". (NextTime=1970-01-01 00:00:00 Result= URL=)
2023-11-10 16:55:23 There were 284 links that passed the next "Link Alive Check" confirmation date and time.
2023-11-10 16:55:23 [1] Confirmed the "Link Alive Check". (NextTime=1970-01-01 00:00:00 Result= URL=)
2023-11-10 16:55:23 [2] Confirmed the "Link Alive Check". (NextTime=1970-01-01 00:00:00 Result= URL=)
2023-11-10 16:55:24 [3] Confirmed the "Link Alive Check". (NextTime=1970-01-01 00:00:00 Result= URL=)
2023-11-10 16:55:24 [4] Confirmed the "Link Alive Check". (NextTime=1970-01-01 00:00:00 Result= URL=)
2023-11-10 16:55:24 [5] Confirmed the "Link Alive Check". (NextTime=1970-01-01 00:00:00 Result= URL=)
2023-11-10 17:23:57 There were 0 links that passed the next "Check SNS Count" confirmation date and time.
2023-11-10 17:29:48 There were 284 links that passed the next "Link Alive Check" confirmation date and time.
2023-11-10 17:29:49 [1] Confirmed the "Link Alive Check". (NextTime=1970-01-01 00:00:00 Result= URL=)
2023-11-10 17:29:49 [2] Confirmed the "Link Alive Check". (NextTime=1970-01-01 00:00:00 Result= URL=)
2023-11-10 17:29:49 [3] Confirmed the "Link Alive Check". (NextTime=1970-01-01 00:00:00 Result= URL=)
2023-11-10 17:29:49 [4] Confirmed the "Link Alive Check". (NextTime=1970-01-01 00:00:00 Result= URL=)
2023-11-10 17:29:50 [5] Confirmed the "Link Alive Check". (NextTime=1970-01-01 00:00:00 Result= URL=)
2023-11-10 17:55:26 There were 284 links that passed the next "Link Alive Check" confirmation date and time.
2023-11-10 17:55:27 [1] Confirmed the "Link Alive Check". (NextTime=1970-01-01 00:00:00 Result= URL=)
2023-11-10 17:55:27 [2] Confirmed the "Link Alive Check". (NextTime=1970-01-01 00:00:00 Result= URL=)
2023-11-10 17:55:27 [3] Confirmed the "Link Alive Check". (NextTime=1970-01-01 00:00:00 Result= URL=)
2023-11-10 17:55:27 [4] Confirmed the "Link Alive Check". (NextTime=1970-01-01 00:00:00 Result= URL=)
2023-11-10 17:55:27 [5] Confirmed the "Link Alive Check". (NextTime=1970-01-01 00:00:00 Result= URL=)
2023-11-10 18:26:09 There were 1 links that passed the next "Check SNS Count" confirmation date and time.
2023-11-10 18:26:09 [1] Confirmed the "Check SNS Count". (NextTime=2021-03-26 18:50:53 URL=https://docs.microsoft.com/ja-jp/windows/wsl/install-win10)
2023-11-10 18:43:53 There were 284 links that passed the next "Link Alive Check" confirmation date and time.
2023-11-10 18:44:01 [1] Confirmed the "Link Alive Check". (NextTime=1970-01-01 00:00:00 Result= URL=)
2023-11-10 18:44:01 [2] Confirmed the "Link Alive Check". (NextTime=1970-01-01 00:00:00 Result= URL=)
2023-11-10 18:44:01 [3] Confirmed the "Link Alive Check". (NextTime=1970-01-01 00:00:00 Result= URL=)
2023-11-10 18:44:01 [4] Confirmed the "Link Alive Check". (NextTime=1970-01-01 00:00:00 Result= URL=)
2023-11-10 18:44:01 [5] Confirmed the "Link Alive Check". (NextTime=1970-01-01 00:00:00 Result= URL=)
2023-11-10 18:58:30 There were 284 links that passed the next "Link Alive Check" confirmation date and time.
2023-11-10 18:58:30 [1] Confirmed the "Link Alive Check". (NextTime=1970-01-01 00:00:00 Result= URL=)
2023-11-10 18:58:30 [2] Confirmed the "Link Alive Check". (NextTime=1970-01-01 00:00:00 Result= URL=)
2023-11-10 18:58:31 [3] Confirmed the "Link Alive Check". (NextTime=1970-01-01 00:00:00 Result= URL=)
2023-11-10 18:58:31 [4] Confirmed the "Link Alive Check". (NextTime=1970-01-01 00:00:00 Result= URL=)
2023-11-10 18:58:31 [5] Confirmed the "Link Alive Check". (NextTime=1970-01-01 00:00:00 Result= URL=)
2023-11-10 19:25:50 There were 1 links that passed the next "Check SNS Count" confirmation date and time.
2023-11-10 19:25:50 [1] Confirmed the "Check SNS Count". (NextTime=2021-04-15 10:48:43 URL=https://sekailab.com/wp/2014/02/16/gitlab_ce-6-5_gitlab_ci-4-2)
2023-11-10 19:48:06 There were 284 links that passed the next "Link Alive Check" confirmation date and time.
2023-11-10 19:48:07 [1] Confirmed the "Link Alive Check". (NextTime=1970-01-01 00:00:00 Result= URL=)
2023-11-10 19:48:07 [2] Confirmed the "Link Alive Check". (NextTime=1970-01-01 00:00:00 Result= URL=)
2023-11-10 19:48:07 [3] Confirmed the "Link Alive Check". (NextTime=1970-01-01 00:00:00 Result= URL=)
2023-11-10 19:48:08 [4] Confirmed the "Link Alive Check". (NextTime=1970-01-01 00:00:00 Result= URL=)
2023-11-10 19:48:08 [5] Confirmed the "Link Alive Check". (NextTime=1970-01-01 00:00:00 Result= URL=)
2023-11-10 20:17:02 There were 284 links that passed the next "Link Alive Check" confirmation date and time.
2023-11-10 20:17:02 [1] Confirmed the "Link Alive Check". (NextTime=1970-01-01 00:00:00 Result= URL=)
2023-11-10 20:17:02 [2] Confirmed the "Link Alive Check". (NextTime=1970-01-01 00:00:00 Result= URL=)
2023-11-10 20:17:02 [3] Confirmed the "Link Alive Check". (NextTime=1970-01-01 00:00:00 Result= URL=)
2023-11-10 20:17:03 [4] Confirmed the "Link Alive Check". (NextTime=1970-01-01 00:00:00 Result= URL=)
2023-11-10 20:17:03 [5] Confirmed the "Link Alive Check". (NextTime=1970-01-01 00:00:00 Result= URL=)
2023-11-10 21:24:43 There were 2 links that passed the next "Check SNS Count" confirmation date and time.
2023-11-10 21:24:43 [1] Confirmed the "Check SNS Count". (NextTime=2021-04-15 00:25:38 URL=https://learnoutlive.com/german-english-dictionary-kindle-cloud-reader/)
2023-11-10 21:24:44 [2] Confirmed the "Check SNS Count". (NextTime=2021-04-16 02:28:08 URL=https://sekailab.com/wp/2012/10/28/c%E3%81%A7%E3%80%8C%E3%81%AF%E3%81%98%E3%82%81%E3%81%A6%E3%81%AE%E6%A9%9F%E6%A2%B0%E5%AD%A6%E7%BF%92%E3%80%8D6%E7%AB%A0)
2023-11-10 21:24:44 There were 284 links that passed the next "Link Alive Check" confirmation date and time.
2023-11-10 21:24:44 [1] Confirmed the "Link Alive Check". (NextTime=1970-01-01 00:00:00 Result= URL=)
2023-11-10 21:24:44 [2] Confirmed the "Link Alive Check". (NextTime=1970-01-01 00:00:00 Result= URL=)
2023-11-10 21:24:44 [3] Confirmed the "Link Alive Check". (NextTime=1970-01-01 00:00:00 Result= URL=)
2023-11-10 21:24:45 [4] Confirmed the "Link Alive Check". (NextTime=1970-01-01 00:00:00 Result= URL=)
2023-11-10 21:24:45 [5] Confirmed the "Link Alive Check". (NextTime=1970-01-01 00:00:00 Result= URL=)
2023-11-10 21:39:43 There were 284 links that passed the next "Link Alive Check" confirmation date and time.
2023-11-10 21:39:43 [1] Confirmed the "Link Alive Check". (NextTime=1970-01-01 00:00:00 Result= URL=)
2023-11-10 21:39:43 [2] Confirmed the "Link Alive Check". (NextTime=1970-01-01 00:00:00 Result= URL=)
2023-11-10 21:39:43 [3] Confirmed the "Link Alive Check". (NextTime=1970-01-01 00:00:00 Result= URL=)
2023-11-10 21:39:44 [4] Confirmed the "Link Alive Check". (NextTime=1970-01-01 00:00:00 Result= URL=)
2023-11-10 21:39:44 [5] Confirmed the "Link Alive Check". (NextTime=1970-01-01 00:00:00 Result= URL=)
2023-11-10 23:39:44 There were 2 links that passed the next "Check SNS Count" confirmation date and time.
2023-11-10 23:39:44 [1] Confirmed the "Check SNS Count". (NextTime=2021-03-21 15:55:19 URL=https://sekailab.com/wp/2018/01/06/15w-chinese-laser-cutter-2/)
2023-11-10 23:39:44 [2] Confirmed the "Check SNS Count". (NextTime=2021-03-30 00:50:19 URL=http://www.erogol.com/using-windows-wsl-for-deep-learning-development/)
2023-11-10 23:39:44 There were 284 links that passed the next "Link Alive Check" confirmation date and time.
2023-11-10 23:39:44 [1] Confirmed the "Link Alive Check". (NextTime=1970-01-01 00:00:00 Result= URL=)
2023-11-10 23:39:44 [2] Confirmed the "Link Alive Check". (NextTime=1970-01-01 00:00:00 Result= URL=)
2023-11-10 23:39:44 [3] Confirmed the "Link Alive Check". (NextTime=1970-01-01 00:00:00 Result= URL=)
2023-11-10 23:39:45 [4] Confirmed the "Link Alive Check". (NextTime=1970-01-01 00:00:00 Result= URL=)
2023-11-10 23:39:45 [5] Confirmed the "Link Alive Check". (NextTime=1970-01-01 00:00:00 Result= URL=)
2023-11-10 23:39:45 There were 284 links that passed the next "Link Alive Check" confirmation date and time.
2023-11-10 23:39:45 [1] Confirmed the "Link Alive Check". (NextTime=1970-01-01 00:00:00 Result= URL=)
2023-11-10 23:39:45 [2] Confirmed the "Link Alive Check". (NextTime=1970-01-01 00:00:00 Result= URL=)
2023-11-10 23:39:45 [3] Confirmed the "Link Alive Check". (NextTime=1970-01-01 00:00:00 Result= URL=)
2023-11-10 23:39:45 [4] Confirmed the "Link Alive Check". (NextTime=1970-01-01 00:00:00 Result= URL=)
2023-11-10 23:39:45 [5] Confirmed the "Link Alive Check". (NextTime=1970-01-01 00:00:00 Result= URL=)
