2021-06-16 00:05:01 There were 280 links that passed the next "Link Alive Check" confirmation date and time.
2021-06-16 00:05:02 [1] Confirmed the "Link Alive Check". (NextTime=1970-01-01 00:00:00 Result= URL=)
2021-06-16 00:05:02 [2] Confirmed the "Link Alive Check". (NextTime=1970-01-01 00:00:00 Result= URL=)
2021-06-16 00:05:02 [3] Confirmed the "Link Alive Check". (NextTime=1970-01-01 00:00:00 Result= URL=)
2021-06-16 00:05:02 [4] Confirmed the "Link Alive Check". (NextTime=1970-01-01 00:00:00 Result= URL=)
2021-06-16 00:05:03 [5] Confirmed the "Link Alive Check". (NextTime=1970-01-01 00:00:00 Result= URL=)
2021-06-16 00:21:08 There were 280 links that passed the next "Link Alive Check" confirmation date and time.
2021-06-16 00:21:08 [1] Confirmed the "Link Alive Check". (NextTime=1970-01-01 00:00:00 Result= URL=)
2021-06-16 00:21:09 [2] Confirmed the "Link Alive Check". (NextTime=1970-01-01 00:00:00 Result= URL=)
2021-06-16 00:21:09 [3] Confirmed the "Link Alive Check". (NextTime=1970-01-01 00:00:00 Result= URL=)
2021-06-16 00:21:09 [4] Confirmed the "Link Alive Check". (NextTime=1970-01-01 00:00:00 Result= URL=)
2021-06-16 00:21:09 [5] Confirmed the "Link Alive Check". (NextTime=1970-01-01 00:00:00 Result= URL=)
2021-06-16 00:34:15 There were 1 links that passed the next "Check SNS Count" confirmation date and time.
2021-06-16 00:34:15 [1] Confirmed the "Check SNS Count". (NextTime=2021-04-05 01:16:25 URL=https://sekailab.com/wp/2019/02/06/rtx2080ti-i9-9900k-failure-mother-dram/)
2021-06-16 01:06:19 There were 280 links that passed the next "Link Alive Check" confirmation date and time.
2021-06-16 01:06:19 [1] Confirmed the "Link Alive Check". (NextTime=1970-01-01 00:00:00 Result= URL=)
2021-06-16 01:06:20 [2] Confirmed the "Link Alive Check". (NextTime=1970-01-01 00:00:00 Result= URL=)
2021-06-16 01:06:20 [3] Confirmed the "Link Alive Check". (NextTime=1970-01-01 00:00:00 Result= URL=)
2021-06-16 01:06:20 [4] Confirmed the "Link Alive Check". (NextTime=1970-01-01 00:00:00 Result= URL=)
2021-06-16 01:06:20 [5] Confirmed the "Link Alive Check". (NextTime=1970-01-01 00:00:00 Result= URL=)
2021-06-16 01:21:42 There were 280 links that passed the next "Link Alive Check" confirmation date and time.
2021-06-16 01:21:42 [1] Confirmed the "Link Alive Check". (NextTime=1970-01-01 00:00:00 Result= URL=)
2021-06-16 01:21:42 [2] Confirmed the "Link Alive Check". (NextTime=1970-01-01 00:00:00 Result= URL=)
2021-06-16 01:21:43 [3] Confirmed the "Link Alive Check". (NextTime=1970-01-01 00:00:00 Result= URL=)
2021-06-16 01:21:43 [4] Confirmed the "Link Alive Check". (NextTime=1970-01-01 00:00:00 Result= URL=)
2021-06-16 01:21:43 [5] Confirmed the "Link Alive Check". (NextTime=1970-01-01 00:00:00 Result= URL=)
2021-06-16 01:34:22 There were 3 links that passed the next "Check SNS Count" confirmation date and time.
2021-06-16 01:34:22 [1] Confirmed the "Check SNS Count". (NextTime=2021-04-08 05:18:25 URL=https://www.banggood.com/D5S-Projector-Android-Wifi-Portable-Mini-Outdoor-Built-in-Battery-DLP-Android-7_1-Smart-Projector-p-1352389.html?p=DR062131921252201904&#038;cur_warehouse=CN)
2021-06-16 01:34:22 [2] Confirmed the "Check SNS Count". (NextTime=2021-04-16 10:17:04 URL=https://sekailab.com/wp/2012/11/01/c%E3%81%A7%E3%80%8C%E3%81%AF%E3%81%98%E3%82%81%E3%81%A6%E3%81%AE%E6%A9%9F%E6%A2%B0%E5%AD%A6%E7%BF%92%E3%80%8D5%E7%AB%A0)
2021-06-16 01:34:22 [3] Confirmed the "Check SNS Count". (NextTime=2021-03-22 02:16:17 URL=https://sekailab.com/wp/2018/04/14/python-template-for-cli-applications-and-batch/)
2021-06-16 02:05:45 There were 280 links that passed the next "Link Alive Check" confirmation date and time.
2021-06-16 02:05:45 [1] Confirmed the "Link Alive Check". (NextTime=1970-01-01 00:00:00 Result= URL=)
2021-06-16 02:05:45 [2] Confirmed the "Link Alive Check". (NextTime=1970-01-01 00:00:00 Result= URL=)
2021-06-16 02:05:46 [3] Confirmed the "Link Alive Check". (NextTime=1970-01-01 00:00:00 Result= URL=)
2021-06-16 02:05:46 [4] Confirmed the "Link Alive Check". (NextTime=1970-01-01 00:00:00 Result= URL=)
2021-06-16 02:05:46 [5] Confirmed the "Link Alive Check". (NextTime=1970-01-01 00:00:00 Result= URL=)
2021-06-16 02:22:12 There were 280 links that passed the next "Link Alive Check" confirmation date and time.
2021-06-16 02:22:12 [1] Confirmed the "Link Alive Check". (NextTime=1970-01-01 00:00:00 Result= URL=)
2021-06-16 02:22:13 [2] Confirmed the "Link Alive Check". (NextTime=1970-01-01 00:00:00 Result= URL=)
2021-06-16 02:22:13 [3] Confirmed the "Link Alive Check". (NextTime=1970-01-01 00:00:00 Result= URL=)
2021-06-16 02:22:13 [4] Confirmed the "Link Alive Check". (NextTime=1970-01-01 00:00:00 Result= URL=)
2021-06-16 02:22:14 [5] Confirmed the "Link Alive Check". (NextTime=1970-01-01 00:00:00 Result= URL=)
2021-06-16 02:35:00 There were 0 links that passed the next "Check SNS Count" confirmation date and time.
2021-06-16 03:05:55 There were 280 links that passed the next "Link Alive Check" confirmation date and time.
2021-06-16 03:05:55 [1] Confirmed the "Link Alive Check". (NextTime=1970-01-01 00:00:00 Result= URL=)
2021-06-16 03:05:55 [2] Confirmed the "Link Alive Check". (NextTime=1970-01-01 00:00:00 Result= URL=)
2021-06-16 03:05:56 [3] Confirmed the "Link Alive Check". (NextTime=1970-01-01 00:00:00 Result= URL=)
2021-06-16 03:05:56 [4] Confirmed the "Link Alive Check". (NextTime=1970-01-01 00:00:00 Result= URL=)
2021-06-16 03:05:56 [5] Confirmed the "Link Alive Check". (NextTime=1970-01-01 00:00:00 Result= URL=)
2021-06-16 03:22:24 There were 280 links that passed the next "Link Alive Check" confirmation date and time.
2021-06-16 03:22:24 [1] Confirmed the "Link Alive Check". (NextTime=1970-01-01 00:00:00 Result= URL=)
2021-06-16 03:22:24 [2] Confirmed the "Link Alive Check". (NextTime=1970-01-01 00:00:00 Result= URL=)
2021-06-16 03:22:24 [3] Confirmed the "Link Alive Check". (NextTime=1970-01-01 00:00:00 Result= URL=)
2021-06-16 03:22:25 [4] Confirmed the "Link Alive Check". (NextTime=1970-01-01 00:00:00 Result= URL=)
2021-06-16 03:22:25 [5] Confirmed the "Link Alive Check". (NextTime=1970-01-01 00:00:00 Result= URL=)
2021-06-16 03:34:22 There were 3 links that passed the next "Check SNS Count" confirmation date and time.
2021-06-16 03:34:22 [1] Confirmed the "Check SNS Count". (NextTime=2021-03-22 02:49:43 URL=https://www.amazon.co.jp/%EF%BC%A2%EF%BC%A5%EF%BC%A1%EF%BC%B4%EF%BC%AC%EF%BC%A5%EF%BC%B3%EF%BC%B3-%E9%9B%BB%E5%AD%90%E7%89%B9%E5%88%A5%E7%89%88-%E3%80%8A%E5%89%8D%E3%80%8B-%E8%A7%92%E5%B7%9D%E6%9B%B8%E5%BA%97%E5%8D%98%E8%A1%8C%E6%9C%AC-%E9%95%B7%E8%B0%B7-%E6%95%8F%E5%8F%B8-ebook/dp/B00C7P0AL0/ref=as_li_ss_il?ie=UTF8&#038;qid=1516557419&#038;sr=8-5&#038;keywords=beatless&#038;linkCode=li2&#038;tag=drunkar-22&#038;linkId=e64252b0fdd97c261f7ea9d68856a554)
2021-06-16 03:34:23 [2] Confirmed the "Check SNS Count". (NextTime=2021-04-15 07:51:20 URL=https://sekailab.com/wp/2019/03/23/white-powder-for-your-health)
2021-06-16 03:34:23 [3] Confirmed the "Check SNS Count". (NextTime=2021-04-10 11:40:03 URL=https://www.banggood.com/IRangeX-iRX-IR8M-2_4G-8CH-Multi-Protocol-Transmitter-With-PPM-S_BUS-Mini-Receiver-p-1226058.html?p=K226105168701201606R&#038;custlinkid=78514)
2021-06-16 04:05:56 There were 280 links that passed the next "Link Alive Check" confirmation date and time.
2021-06-16 04:05:57 [1] Confirmed the "Link Alive Check". (NextTime=1970-01-01 00:00:00 Result= URL=)
2021-06-16 04:05:57 [2] Confirmed the "Link Alive Check". (NextTime=1970-01-01 00:00:00 Result= URL=)
2021-06-16 04:05:57 [3] Confirmed the "Link Alive Check". (NextTime=1970-01-01 00:00:00 Result= URL=)
2021-06-16 04:05:57 [4] Confirmed the "Link Alive Check". (NextTime=1970-01-01 00:00:00 Result= URL=)
2021-06-16 04:05:58 [5] Confirmed the "Link Alive Check". (NextTime=1970-01-01 00:00:00 Result= URL=)
2021-06-16 04:22:43 There were 280 links that passed the next "Link Alive Check" confirmation date and time.
2021-06-16 04:22:43 [1] Confirmed the "Link Alive Check". (NextTime=1970-01-01 00:00:00 Result= URL=)
2021-06-16 04:22:43 [2] Confirmed the "Link Alive Check". (NextTime=1970-01-01 00:00:00 Result= URL=)
2021-06-16 04:22:44 [3] Confirmed the "Link Alive Check". (NextTime=1970-01-01 00:00:00 Result= URL=)
2021-06-16 04:22:44 [4] Confirmed the "Link Alive Check". (NextTime=1970-01-01 00:00:00 Result= URL=)
2021-06-16 04:22:44 [5] Confirmed the "Link Alive Check". (NextTime=1970-01-01 00:00:00 Result= URL=)
2021-06-16 04:36:54 There were 1 links that passed the next "Check SNS Count" confirmation date and time.
2021-06-16 04:36:54 [1] Confirmed the "Check SNS Count". (NextTime=2021-03-22 04:55:13 URL=https://www.armbian.com/orange-pi-pc2/)
2021-06-16 05:07:19 There were 280 links that passed the next "Link Alive Check" confirmation date and time.
2021-06-16 05:07:19 [1] Confirmed the "Link Alive Check". (NextTime=1970-01-01 00:00:00 Result= URL=)
2021-06-16 05:07:20 [2] Confirmed the "Link Alive Check". (NextTime=1970-01-01 00:00:00 Result= URL=)
2021-06-16 05:07:20 [3] Confirmed the "Link Alive Check". (NextTime=1970-01-01 00:00:00 Result= URL=)
2021-06-16 05:07:20 [4] Confirmed the "Link Alive Check". (NextTime=1970-01-01 00:00:00 Result= URL=)
2021-06-16 05:07:21 [5] Confirmed the "Link Alive Check". (NextTime=1970-01-01 00:00:00 Result= URL=)
2021-06-16 05:23:21 There were 280 links that passed the next "Link Alive Check" confirmation date and time.
2021-06-16 05:23:21 [1] Confirmed the "Link Alive Check". (NextTime=1970-01-01 00:00:00 Result= URL=)
2021-06-16 05:23:21 [2] Confirmed the "Link Alive Check". (NextTime=1970-01-01 00:00:00 Result= URL=)
2021-06-16 05:23:22 [3] Confirmed the "Link Alive Check". (NextTime=1970-01-01 00:00:00 Result= URL=)
2021-06-16 05:23:22 [4] Confirmed the "Link Alive Check". (NextTime=1970-01-01 00:00:00 Result= URL=)
2021-06-16 05:23:22 [5] Confirmed the "Link Alive Check". (NextTime=1970-01-01 00:00:00 Result= URL=)
2021-06-16 05:34:39 There were 3 links that passed the next "Check SNS Count" confirmation date and time.
2021-06-16 05:34:39 [1] Confirmed the "Check SNS Count". (NextTime=2021-03-24 06:32:18 URL=https://sekailab.com/wp/2018/01/13/15w-chinese-laser-cutter-4/)
2021-06-16 05:34:39 [2] Confirmed the "Check SNS Count". (NextTime=2021-04-15 11:44:32 URL=https://sekailab.com/wp/2018/01/12/15w-chinese-laser-cutter-3)
2021-06-16 05:34:39 [3] Confirmed the "Check SNS Count". (NextTime=2021-03-25 06:30:50 URL=https://github.com/nara256/mhz19_uart)
2021-06-16 06:10:22 There were 280 links that passed the next "Link Alive Check" confirmation date and time.
2021-06-16 06:10:22 [1] Confirmed the "Link Alive Check". (NextTime=1970-01-01 00:00:00 Result= URL=)
2021-06-16 06:10:23 [2] Confirmed the "Link Alive Check". (NextTime=1970-01-01 00:00:00 Result= URL=)
2021-06-16 06:10:23 [3] Confirmed the "Link Alive Check". (NextTime=1970-01-01 00:00:00 Result= URL=)
2021-06-16 06:10:23 [4] Confirmed the "Link Alive Check". (NextTime=1970-01-01 00:00:00 Result= URL=)
2021-06-16 06:10:24 [5] Confirmed the "Link Alive Check". (NextTime=1970-01-01 00:00:00 Result= URL=)
2021-06-16 06:24:28 There were 280 links that passed the next "Link Alive Check" confirmation date and time.
2021-06-16 06:24:29 [1] Confirmed the "Link Alive Check". (NextTime=1970-01-01 00:00:00 Result= URL=)
2021-06-16 06:24:29 [2] Confirmed the "Link Alive Check". (NextTime=1970-01-01 00:00:00 Result= URL=)
2021-06-16 06:24:29 [3] Confirmed the "Link Alive Check". (NextTime=1970-01-01 00:00:00 Result= URL=)
2021-06-16 06:24:30 [4] Confirmed the "Link Alive Check". (NextTime=1970-01-01 00:00:00 Result= URL=)
2021-06-16 06:24:30 [5] Confirmed the "Link Alive Check". (NextTime=1970-01-01 00:00:00 Result= URL=)
2021-06-16 06:34:08 There were 1 links that passed the next "Check SNS Count" confirmation date and time.
2021-06-16 06:34:08 [1] Confirmed the "Check SNS Count". (NextTime=2021-03-21 15:31:15 URL=https://qiita.com/TomokIshii/items/95c49d5e86f2eae61720)
2021-06-16 07:10:31 There were 280 links that passed the next "Link Alive Check" confirmation date and time.
2021-06-16 07:10:32 [1] Confirmed the "Link Alive Check". (NextTime=1970-01-01 00:00:00 Result= URL=)
2021-06-16 07:10:32 [2] Confirmed the "Link Alive Check". (NextTime=1970-01-01 00:00:00 Result= URL=)
2021-06-16 07:10:32 [3] Confirmed the "Link Alive Check". (NextTime=1970-01-01 00:00:00 Result= URL=)
2021-06-16 07:10:32 [4] Confirmed the "Link Alive Check". (NextTime=1970-01-01 00:00:00 Result= URL=)
2021-06-16 07:10:33 [5] Confirmed the "Link Alive Check". (NextTime=1970-01-01 00:00:00 Result= URL=)
2021-06-16 07:25:20 There were 280 links that passed the next "Link Alive Check" confirmation date and time.
2021-06-16 07:25:20 [1] Confirmed the "Link Alive Check". (NextTime=1970-01-01 00:00:00 Result= URL=)
2021-06-16 07:25:20 [2] Confirmed the "Link Alive Check". (NextTime=1970-01-01 00:00:00 Result= URL=)
2021-06-16 07:25:21 [3] Confirmed the "Link Alive Check". (NextTime=1970-01-01 00:00:00 Result= URL=)
2021-06-16 07:25:21 [4] Confirmed the "Link Alive Check". (NextTime=1970-01-01 00:00:00 Result= URL=)
2021-06-16 07:25:21 [5] Confirmed the "Link Alive Check". (NextTime=1970-01-01 00:00:00 Result= URL=)
2021-06-16 07:35:35 There were 2 links that passed the next "Check SNS Count" confirmation date and time.
2021-06-16 07:35:35 [1] Confirmed the "Check SNS Count". (NextTime=2021-04-03 04:35:19 URL=https://github.com/thunil/TecoGAN)
2021-06-16 07:35:35 [2] Confirmed the "Check SNS Count". (NextTime=2021-04-14 14:56:32 URL=https://www.amazon.co.jp/gp/product/B088NS4JQZ/ref=as_li_ss_il?ie=UTF8&#038;psc=1&#038;linkCode=li2&#038;tag=drunkar-22&#038;linkId=13d482d10648879823ff86fe77c3ea3e)
2021-06-16 08:12:35 There were 280 links that passed the next "Link Alive Check" confirmation date and time.
2021-06-16 08:12:36 [1] Confirmed the "Link Alive Check". (NextTime=1970-01-01 00:00:00 Result= URL=)
2021-06-16 08:12:36 [2] Confirmed the "Link Alive Check". (NextTime=1970-01-01 00:00:00 Result= URL=)
2021-06-16 08:12:36 [3] Confirmed the "Link Alive Check". (NextTime=1970-01-01 00:00:00 Result= URL=)
2021-06-16 08:12:36 [4] Confirmed the "Link Alive Check". (NextTime=1970-01-01 00:00:00 Result= URL=)
2021-06-16 08:12:37 [5] Confirmed the "Link Alive Check". (NextTime=1970-01-01 00:00:00 Result= URL=)
2021-06-16 08:26:19 There were 280 links that passed the next "Link Alive Check" confirmation date and time.
2021-06-16 08:26:20 [1] Confirmed the "Link Alive Check". (NextTime=1970-01-01 00:00:00 Result= URL=)
2021-06-16 08:26:20 [2] Confirmed the "Link Alive Check". (NextTime=1970-01-01 00:00:00 Result= URL=)
2021-06-16 08:26:20 [3] Confirmed the "Link Alive Check". (NextTime=1970-01-01 00:00:00 Result= URL=)
2021-06-16 08:26:21 [4] Confirmed the "Link Alive Check". (NextTime=1970-01-01 00:00:00 Result= URL=)
2021-06-16 08:26:21 [5] Confirmed the "Link Alive Check". (NextTime=1970-01-01 00:00:00 Result= URL=)
2021-06-16 08:34:37 There were 3 links that passed the next "Check SNS Count" confirmation date and time.
2021-06-16 08:34:37 [1] Confirmed the "Check SNS Count". (NextTime=2021-03-23 04:11:50 URL=https://discussions.apple.com/thread/7022940)
2021-06-16 08:34:37 [2] Confirmed the "Check SNS Count". (NextTime=2021-04-08 17:49:18 URL=https://www.kamiapp.com)
2021-06-16 08:34:38 [3] Confirmed the "Check SNS Count". (NextTime=2021-04-14 15:52:39 URL=https://sekailab.com/wp/2018/08/11/sakura-vps-nem-supernode-3)
2021-06-16 09:16:22 There were 280 links that passed the next "Link Alive Check" confirmation date and time.
2021-06-16 09:16:23 [1] Confirmed the "Link Alive Check". (NextTime=1970-01-01 00:00:00 Result= URL=)
2021-06-16 09:16:23 [2] Confirmed the "Link Alive Check". (NextTime=1970-01-01 00:00:00 Result= URL=)
2021-06-16 09:16:23 [3] Confirmed the "Link Alive Check". (NextTime=1970-01-01 00:00:00 Result= URL=)
2021-06-16 09:16:24 [4] Confirmed the "Link Alive Check". (NextTime=1970-01-01 00:00:00 Result= URL=)
2021-06-16 09:16:24 [5] Confirmed the "Link Alive Check". (NextTime=1970-01-01 00:00:00 Result= URL=)
2021-06-16 09:29:08 There were 280 links that passed the next "Link Alive Check" confirmation date and time.
2021-06-16 09:29:09 [1] Confirmed the "Link Alive Check". (NextTime=1970-01-01 00:00:00 Result= URL=)
2021-06-16 09:29:09 [2] Confirmed the "Link Alive Check". (NextTime=1970-01-01 00:00:00 Result= URL=)
2021-06-16 09:29:09 [3] Confirmed the "Link Alive Check". (NextTime=1970-01-01 00:00:00 Result= URL=)
2021-06-16 09:29:10 [4] Confirmed the "Link Alive Check". (NextTime=1970-01-01 00:00:00 Result= URL=)
2021-06-16 09:29:10 [5] Confirmed the "Link Alive Check". (NextTime=1970-01-01 00:00:00 Result= URL=)
2021-06-16 09:35:25 There were 2 links that passed the next "Check SNS Count" confirmation date and time.
2021-06-16 09:35:26 [1] Confirmed the "Check SNS Count". (NextTime=2021-04-14 20:21:36 URL=https://sekailab.com/wp/2018/04/14/sakura-vps-nem-supernode-1)
2021-06-16 09:35:26 [2] Confirmed the "Check SNS Count". (NextTime=2021-04-15 06:45:09 URL=https://sekailab.com/wp/2018/08/14/movidius-neural-compute-stick-with-orangepi-pc2)
2021-06-16 10:16:40 There were 280 links that passed the next "Link Alive Check" confirmation date and time.
2021-06-16 10:16:40 [1] Confirmed the "Link Alive Check". (NextTime=1970-01-01 00:00:00 Result= URL=)
2021-06-16 10:16:40 [2] Confirmed the "Link Alive Check". (NextTime=1970-01-01 00:00:00 Result= URL=)
2021-06-16 10:16:40 [3] Confirmed the "Link Alive Check". (NextTime=1970-01-01 00:00:00 Result= URL=)
2021-06-16 10:16:41 [4] Confirmed the "Link Alive Check". (NextTime=1970-01-01 00:00:00 Result= URL=)
2021-06-16 10:16:41 [5] Confirmed the "Link Alive Check". (NextTime=1970-01-01 00:00:00 Result= URL=)
2021-06-16 10:30:50 There were 280 links that passed the next "Link Alive Check" confirmation date and time.
2021-06-16 10:30:50 [1] Confirmed the "Link Alive Check". (NextTime=1970-01-01 00:00:00 Result= URL=)
2021-06-16 10:30:50 [2] Confirmed the "Link Alive Check". (NextTime=1970-01-01 00:00:00 Result= URL=)
2021-06-16 10:30:51 [3] Confirmed the "Link Alive Check". (NextTime=1970-01-01 00:00:00 Result= URL=)
2021-06-16 10:30:51 [4] Confirmed the "Link Alive Check". (NextTime=1970-01-01 00:00:00 Result= URL=)
2021-06-16 10:30:51 [5] Confirmed the "Link Alive Check". (NextTime=1970-01-01 00:00:00 Result= URL=)
2021-06-16 10:34:30 There were 0 links that passed the next "Check SNS Count" confirmation date and time.
2021-06-16 11:19:27 There were 280 links that passed the next "Link Alive Check" confirmation date and time.
2021-06-16 11:19:27 [1] Confirmed the "Link Alive Check". (NextTime=1970-01-01 00:00:00 Result= URL=)
2021-06-16 11:19:28 [2] Confirmed the "Link Alive Check". (NextTime=1970-01-01 00:00:00 Result= URL=)
2021-06-16 11:19:28 [3] Confirmed the "Link Alive Check". (NextTime=1970-01-01 00:00:00 Result= URL=)
2021-06-16 11:19:28 [4] Confirmed the "Link Alive Check". (NextTime=1970-01-01 00:00:00 Result= URL=)
2021-06-16 11:19:29 [5] Confirmed the "Link Alive Check". (NextTime=1970-01-01 00:00:00 Result= URL=)
2021-06-16 11:32:59 There were 280 links that passed the next "Link Alive Check" confirmation date and time.
2021-06-16 11:32:59 [1] Confirmed the "Link Alive Check". (NextTime=1970-01-01 00:00:00 Result= URL=)
2021-06-16 11:32:59 [2] Confirmed the "Link Alive Check". (NextTime=1970-01-01 00:00:00 Result= URL=)
2021-06-16 11:33:00 [3] Confirmed the "Link Alive Check". (NextTime=1970-01-01 00:00:00 Result= URL=)
2021-06-16 11:33:00 [4] Confirmed the "Link Alive Check". (NextTime=1970-01-01 00:00:00 Result= URL=)
2021-06-16 11:33:00 [5] Confirmed the "Link Alive Check". (NextTime=1970-01-01 00:00:00 Result= URL=)
2021-06-16 11:34:13 There were 2 links that passed the next "Check SNS Count" confirmation date and time.
2021-06-16 11:34:14 [1] Confirmed the "Check SNS Count". (NextTime=2021-04-14 22:22:27 URL=https://www.thingiverse.com/thing:3283620)
2021-06-16 11:34:14 [2] Confirmed the "Check SNS Count". (NextTime=2021-04-16 06:53:34 URL=https://sekailab.com/wp/2018/09/04/mistel-barocco-mag-feet)
2021-06-16 12:20:07 There were 280 links that passed the next "Link Alive Check" confirmation date and time.
2021-06-16 12:20:07 [1] Confirmed the "Link Alive Check". (NextTime=1970-01-01 00:00:00 Result= URL=)
2021-06-16 12:20:07 [2] Confirmed the "Link Alive Check". (NextTime=1970-01-01 00:00:00 Result= URL=)
2021-06-16 12:20:07 [3] Confirmed the "Link Alive Check". (NextTime=1970-01-01 00:00:00 Result= URL=)
2021-06-16 12:20:08 [4] Confirmed the "Link Alive Check". (NextTime=1970-01-01 00:00:00 Result= URL=)
2021-06-16 12:20:08 [5] Confirmed the "Link Alive Check". (NextTime=1970-01-01 00:00:00 Result= URL=)
2021-06-16 12:34:11 There were 280 links that passed the next "Link Alive Check" confirmation date and time.
2021-06-16 12:34:11 [1] Confirmed the "Link Alive Check". (NextTime=1970-01-01 00:00:00 Result= URL=)
2021-06-16 12:34:12 [2] Confirmed the "Link Alive Check". (NextTime=1970-01-01 00:00:00 Result= URL=)
2021-06-16 12:34:12 [3] Confirmed the "Link Alive Check". (NextTime=1970-01-01 00:00:00 Result= URL=)
2021-06-16 12:34:12 [4] Confirmed the "Link Alive Check". (NextTime=1970-01-01 00:00:00 Result= URL=)
2021-06-16 12:34:12 [5] Confirmed the "Link Alive Check". (NextTime=1970-01-01 00:00:00 Result= URL=)
2021-06-16 12:34:13 There were 2 links that passed the next "Check SNS Count" confirmation date and time.
2021-06-16 12:34:13 [1] Confirmed the "Check SNS Count". (NextTime=2021-04-15 04:30:30 URL=https://sekailab.com/wp/2013/07/29/interaction-wit-massan)
2021-06-16 12:34:13 [2] Confirmed the "Check SNS Count". (NextTime=2021-04-14 19:44:58 URL=https://sekailab.com/wp/2018/08/12/sakura-vps-nem-supernode-4)
2021-06-16 13:21:11 There were 280 links that passed the next "Link Alive Check" confirmation date and time.
2021-06-16 13:21:11 [1] Confirmed the "Link Alive Check". (NextTime=1970-01-01 00:00:00 Result= URL=)
2021-06-16 13:21:12 [2] Confirmed the "Link Alive Check". (NextTime=1970-01-01 00:00:00 Result= URL=)
2021-06-16 13:21:12 [3] Confirmed the "Link Alive Check". (NextTime=1970-01-01 00:00:00 Result= URL=)
2021-06-16 13:21:12 [4] Confirmed the "Link Alive Check". (NextTime=1970-01-01 00:00:00 Result= URL=)
2021-06-16 13:21:13 [5] Confirmed the "Link Alive Check". (NextTime=1970-01-01 00:00:00 Result= URL=)
2021-06-16 13:34:05 There were 0 links that passed the next "Check SNS Count" confirmation date and time.
2021-06-16 13:34:26 There were 280 links that passed the next "Link Alive Check" confirmation date and time.
2021-06-16 13:34:27 [1] Confirmed the "Link Alive Check". (NextTime=1970-01-01 00:00:00 Result= URL=)
2021-06-16 13:34:27 [2] Confirmed the "Link Alive Check". (NextTime=1970-01-01 00:00:00 Result= URL=)
2021-06-16 13:34:27 [3] Confirmed the "Link Alive Check". (NextTime=1970-01-01 00:00:00 Result= URL=)
2021-06-16 13:34:28 [4] Confirmed the "Link Alive Check". (NextTime=1970-01-01 00:00:00 Result= URL=)
2021-06-16 13:34:28 [5] Confirmed the "Link Alive Check". (NextTime=1970-01-01 00:00:00 Result= URL=)
2021-06-16 14:21:46 There were 280 links that passed the next "Link Alive Check" confirmation date and time.
2021-06-16 14:21:47 [1] Confirmed the "Link Alive Check". (NextTime=1970-01-01 00:00:00 Result= URL=)
2021-06-16 14:21:47 [2] Confirmed the "Link Alive Check". (NextTime=1970-01-01 00:00:00 Result= URL=)
2021-06-16 14:21:47 [3] Confirmed the "Link Alive Check". (NextTime=1970-01-01 00:00:00 Result= URL=)
2021-06-16 14:21:47 [4] Confirmed the "Link Alive Check". (NextTime=1970-01-01 00:00:00 Result= URL=)
2021-06-16 14:21:48 [5] Confirmed the "Link Alive Check". (NextTime=1970-01-01 00:00:00 Result= URL=)
2021-06-16 14:34:06 There were 0 links that passed the next "Check SNS Count" confirmation date and time.
2021-06-16 14:34:36 There were 280 links that passed the next "Link Alive Check" confirmation date and time.
2021-06-16 14:34:36 [1] Confirmed the "Link Alive Check". (NextTime=1970-01-01 00:00:00 Result= URL=)
2021-06-16 14:34:36 [2] Confirmed the "Link Alive Check". (NextTime=1970-01-01 00:00:00 Result= URL=)
2021-06-16 14:34:37 [3] Confirmed the "Link Alive Check". (NextTime=1970-01-01 00:00:00 Result= URL=)
2021-06-16 14:34:37 [4] Confirmed the "Link Alive Check". (NextTime=1970-01-01 00:00:00 Result= URL=)
2021-06-16 14:34:37 [5] Confirmed the "Link Alive Check". (NextTime=1970-01-01 00:00:00 Result= URL=)
2021-06-16 15:21:51 There were 280 links that passed the next "Link Alive Check" confirmation date and time.
2021-06-16 15:21:51 [1] Confirmed the "Link Alive Check". (NextTime=1970-01-01 00:00:00 Result= URL=)
2021-06-16 15:21:51 [2] Confirmed the "Link Alive Check". (NextTime=1970-01-01 00:00:00 Result= URL=)
2021-06-16 15:21:52 [3] Confirmed the "Link Alive Check". (NextTime=1970-01-01 00:00:00 Result= URL=)
2021-06-16 15:21:52 [4] Confirmed the "Link Alive Check". (NextTime=1970-01-01 00:00:00 Result= URL=)
2021-06-16 15:21:52 [5] Confirmed the "Link Alive Check". (NextTime=1970-01-01 00:00:00 Result= URL=)
2021-06-16 15:35:34 There were 2 links that passed the next "Check SNS Count" confirmation date and time.
2021-06-16 15:35:34 [1] Confirmed the "Check SNS Count". (NextTime=2021-03-27 01:59:09 URL=https://forum.nem.io/t/nem-supernode-rewards-program/1735)
2021-06-16 15:35:34 [2] Confirmed the "Check SNS Count". (NextTime=2021-04-16 02:18:56 URL=https://sekailab.com/wp/2018/09/05/mistel-barocco-md650l-bluetooth)
2021-06-16 15:35:34 There were 280 links that passed the next "Link Alive Check" confirmation date and time.
2021-06-16 15:35:35 [1] Confirmed the "Link Alive Check". (NextTime=1970-01-01 00:00:00 Result= URL=)
2021-06-16 15:35:35 [2] Confirmed the "Link Alive Check". (NextTime=1970-01-01 00:00:00 Result= URL=)
2021-06-16 15:35:35 [3] Confirmed the "Link Alive Check". (NextTime=1970-01-01 00:00:00 Result= URL=)
2021-06-16 15:35:35 [4] Confirmed the "Link Alive Check". (NextTime=1970-01-01 00:00:00 Result= URL=)
2021-06-16 15:35:36 [5] Confirmed the "Link Alive Check". (NextTime=1970-01-01 00:00:00 Result= URL=)
2021-06-16 16:21:53 There were 280 links that passed the next "Link Alive Check" confirmation date and time.
2021-06-16 16:21:54 [1] Confirmed the "Link Alive Check". (NextTime=1970-01-01 00:00:00 Result= URL=)
2021-06-16 16:21:54 [2] Confirmed the "Link Alive Check". (NextTime=1970-01-01 00:00:00 Result= URL=)
2021-06-16 16:21:54 [3] Confirmed the "Link Alive Check". (NextTime=1970-01-01 00:00:00 Result= URL=)
2021-06-16 16:21:55 [4] Confirmed the "Link Alive Check". (NextTime=1970-01-01 00:00:00 Result= URL=)
2021-06-16 16:21:55 [5] Confirmed the "Link Alive Check". (NextTime=1970-01-01 00:00:00 Result= URL=)
2021-06-16 16:34:33 There were 2 links that passed the next "Check SNS Count" confirmation date and time.
2021-06-16 16:34:34 [1] Confirmed the "Check SNS Count". (NextTime=2021-04-15 02:00:47 URL=https://sekailab.com/wp/2018/04/16/sakura-vps-nem-supernode-2)
2021-06-16 16:34:34 [2] Confirmed the "Check SNS Count". (NextTime=2021-04-15 04:14:11 URL=https://sekailab.com/wp/2014/12/07/guggenheim-helsinki-image-processing)
2021-06-16 16:35:41 There were 280 links that passed the next "Link Alive Check" confirmation date and time.
2021-06-16 16:35:41 [1] Confirmed the "Link Alive Check". (NextTime=1970-01-01 00:00:00 Result= URL=)
2021-06-16 16:35:41 [2] Confirmed the "Link Alive Check". (NextTime=1970-01-01 00:00:00 Result= URL=)
2021-06-16 16:35:42 [3] Confirmed the "Link Alive Check". (NextTime=1970-01-01 00:00:00 Result= URL=)
2021-06-16 16:35:42 [4] Confirmed the "Link Alive Check". (NextTime=1970-01-01 00:00:00 Result= URL=)
2021-06-16 16:35:42 [5] Confirmed the "Link Alive Check". (NextTime=1970-01-01 00:00:00 Result= URL=)
2021-06-16 17:25:01 There were 280 links that passed the next "Link Alive Check" confirmation date and time.
2021-06-16 17:25:01 [1] Confirmed the "Link Alive Check". (NextTime=1970-01-01 00:00:00 Result= URL=)
2021-06-16 17:25:01 [2] Confirmed the "Link Alive Check". (NextTime=1970-01-01 00:00:00 Result= URL=)
2021-06-16 17:25:02 [3] Confirmed the "Link Alive Check". (NextTime=1970-01-01 00:00:00 Result= URL=)
2021-06-16 17:25:02 [4] Confirmed the "Link Alive Check". (NextTime=1970-01-01 00:00:00 Result= URL=)
2021-06-16 17:25:02 [5] Confirmed the "Link Alive Check". (NextTime=1970-01-01 00:00:00 Result= URL=)
2021-06-16 17:35:18 There were 3 links that passed the next "Check SNS Count" confirmation date and time.
2021-06-16 17:35:19 [1] Confirmed the "Check SNS Count". (NextTime=2021-04-15 10:48:43 URL=https://sekailab.com/wp/2014/02/16/gitlab_ce-6-5_gitlab_ci-4-2)
2021-06-16 17:35:19 [2] Confirmed the "Check SNS Count". (NextTime=2021-04-16 18:03:34 URL=https://sekailab.com/wp/2018/05/28/4000-yen-bluetooth-earphone-for-bath-time)
2021-06-16 17:35:19 [3] Confirmed the "Check SNS Count". (NextTime=2021-03-24 08:40:48 URL=https://booth.pm/en/items/824607)
2021-06-16 17:39:26 There were 280 links that passed the next "Link Alive Check" confirmation date and time.
2021-06-16 17:39:26 [1] Confirmed the "Link Alive Check". (NextTime=1970-01-01 00:00:00 Result= URL=)
2021-06-16 17:39:26 [2] Confirmed the "Link Alive Check". (NextTime=1970-01-01 00:00:00 Result= URL=)
2021-06-16 17:39:26 [3] Confirmed the "Link Alive Check". (NextTime=1970-01-01 00:00:00 Result= URL=)
2021-06-16 17:39:27 [4] Confirmed the "Link Alive Check". (NextTime=1970-01-01 00:00:00 Result= URL=)
2021-06-16 17:39:27 [5] Confirmed the "Link Alive Check". (NextTime=1970-01-01 00:00:00 Result= URL=)
2021-06-16 18:25:37 There were 280 links that passed the next "Link Alive Check" confirmation date and time.
2021-06-16 18:25:38 [1] Confirmed the "Link Alive Check". (NextTime=1970-01-01 00:00:00 Result= URL=)
2021-06-16 18:25:38 [2] Confirmed the "Link Alive Check". (NextTime=1970-01-01 00:00:00 Result= URL=)
2021-06-16 18:25:38 [3] Confirmed the "Link Alive Check". (NextTime=1970-01-01 00:00:00 Result= URL=)
2021-06-16 18:25:38 [4] Confirmed the "Link Alive Check". (NextTime=1970-01-01 00:00:00 Result= URL=)
2021-06-16 18:25:39 [5] Confirmed the "Link Alive Check". (NextTime=1970-01-01 00:00:00 Result= URL=)
2021-06-16 18:34:06 There were 1 links that passed the next "Check SNS Count" confirmation date and time.
2021-06-16 18:34:07 [1] Confirmed the "Check SNS Count". (NextTime=2021-04-14 14:42:51 URL=https://ja.wikipedia.org/wiki/%E5%BA%83%E6%B7%B1%E6%B8%AF%E9%AB%98%E9%80%9F%E9%89%84%E9%81%93)
2021-06-16 18:40:36 There were 280 links that passed the next "Link Alive Check" confirmation date and time.
2021-06-16 18:40:37 [1] Confirmed the "Link Alive Check". (NextTime=1970-01-01 00:00:00 Result= URL=)
2021-06-16 18:40:37 [2] Confirmed the "Link Alive Check". (NextTime=1970-01-01 00:00:00 Result= URL=)
2021-06-16 18:40:37 [3] Confirmed the "Link Alive Check". (NextTime=1970-01-01 00:00:00 Result= URL=)
2021-06-16 18:40:38 [4] Confirmed the "Link Alive Check". (NextTime=1970-01-01 00:00:00 Result= URL=)
2021-06-16 18:40:38 [5] Confirmed the "Link Alive Check". (NextTime=1970-01-01 00:00:00 Result= URL=)
2021-06-16 19:26:13 There were 280 links that passed the next "Link Alive Check" confirmation date and time.
2021-06-16 19:26:13 [1] Confirmed the "Link Alive Check". (NextTime=1970-01-01 00:00:00 Result= URL=)
2021-06-16 19:26:14 [2] Confirmed the "Link Alive Check". (NextTime=1970-01-01 00:00:00 Result= URL=)
2021-06-16 19:26:14 [3] Confirmed the "Link Alive Check". (NextTime=1970-01-01 00:00:00 Result= URL=)
2021-06-16 19:26:14 [4] Confirmed the "Link Alive Check". (NextTime=1970-01-01 00:00:00 Result= URL=)
2021-06-16 19:26:15 [5] Confirmed the "Link Alive Check". (NextTime=1970-01-01 00:00:00 Result= URL=)
2021-06-16 19:35:11 There were 2 links that passed the next "Check SNS Count" confirmation date and time.
2021-06-16 19:35:11 [1] Confirmed the "Check SNS Count". (NextTime=2021-03-23 10:10:19 URL=https://sekailab.com/wp/2018/05/16/windows10-chainer3-cuda-cudnn/#Chainer)
2021-06-16 19:35:11 [2] Confirmed the "Check SNS Count". (NextTime=2021-04-15 23:54:28 URL=https://sekailab.com/wp/2018/10/15/mistel-barocco-md650l-case)
2021-06-16 19:40:55 There were 280 links that passed the next "Link Alive Check" confirmation date and time.
2021-06-16 19:40:55 [1] Confirmed the "Link Alive Check". (NextTime=1970-01-01 00:00:00 Result= URL=)
2021-06-16 19:40:55 [2] Confirmed the "Link Alive Check". (NextTime=1970-01-01 00:00:00 Result= URL=)
2021-06-16 19:40:56 [3] Confirmed the "Link Alive Check". (NextTime=1970-01-01 00:00:00 Result= URL=)
2021-06-16 19:40:56 [4] Confirmed the "Link Alive Check". (NextTime=1970-01-01 00:00:00 Result= URL=)
2021-06-16 19:40:56 [5] Confirmed the "Link Alive Check". (NextTime=1970-01-01 00:00:00 Result= URL=)
2021-06-16 20:26:29 There were 280 links that passed the next "Link Alive Check" confirmation date and time.
2021-06-16 20:26:29 [1] Confirmed the "Link Alive Check". (NextTime=1970-01-01 00:00:00 Result= URL=)
2021-06-16 20:26:29 [2] Confirmed the "Link Alive Check". (NextTime=1970-01-01 00:00:00 Result= URL=)
2021-06-16 20:26:29 [3] Confirmed the "Link Alive Check". (NextTime=1970-01-01 00:00:00 Result= URL=)
2021-06-16 20:26:30 [4] Confirmed the "Link Alive Check". (NextTime=1970-01-01 00:00:00 Result= URL=)
2021-06-16 20:26:30 [5] Confirmed the "Link Alive Check". (NextTime=1970-01-01 00:00:00 Result= URL=)
2021-06-16 20:36:34 There were 4 links that passed the next "Check SNS Count" confirmation date and time.
2021-06-16 20:36:34 [1] Confirmed the "Check SNS Count". (NextTime=2021-03-26 00:34:32 URL=https://sekailab.com/wp/2018/04/14/sakura-vps-nem-supernode-2/)
2021-06-16 20:36:34 [2] Confirmed the "Check SNS Count". (NextTime=2021-04-15 07:14:24 URL=https://sekailab.com/wp/2018/04/14/python-template-for-cli-applications-and-batch)
2021-06-16 20:36:34 [3] Confirmed the "Check SNS Count". (NextTime=2021-03-20 13:30:24 URL=https://sekailab.com/wp/2018/09/05/mistel-barocco-md650l-bluetooth/)
2021-06-16 20:36:34 [4] Confirmed the "Check SNS Count". (NextTime=2021-03-21 12:12:51 URL=https://www.banggood.com/Original-Box-Xiaomi-Mi-Pad-4-Plus-CN-ROM-Snapdragon-660-4G-RAM-64G-MIUI-9_0-10_1-Inch-Tablet-Black-p-1344444.html?p=K226105168701201606R)
2021-06-16 20:42:59 There were 280 links that passed the next "Link Alive Check" confirmation date and time.
2021-06-16 20:42:59 [1] Confirmed the "Link Alive Check". (NextTime=1970-01-01 00:00:00 Result= URL=)
2021-06-16 20:43:00 [2] Confirmed the "Link Alive Check". (NextTime=1970-01-01 00:00:00 Result= URL=)
2021-06-16 20:43:00 [3] Confirmed the "Link Alive Check". (NextTime=1970-01-01 00:00:00 Result= URL=)
2021-06-16 20:43:00 [4] Confirmed the "Link Alive Check". (NextTime=1970-01-01 00:00:00 Result= URL=)
2021-06-16 20:43:01 [5] Confirmed the "Link Alive Check". (NextTime=1970-01-01 00:00:00 Result= URL=)
2021-06-16 21:27:38 There were 280 links that passed the next "Link Alive Check" confirmation date and time.
2021-06-16 21:27:38 [1] Confirmed the "Link Alive Check". (NextTime=1970-01-01 00:00:00 Result= URL=)
2021-06-16 21:27:39 [2] Confirmed the "Link Alive Check". (NextTime=1970-01-01 00:00:00 Result= URL=)
2021-06-16 21:27:39 [3] Confirmed the "Link Alive Check". (NextTime=1970-01-01 00:00:00 Result= URL=)
2021-06-16 21:27:39 [4] Confirmed the "Link Alive Check". (NextTime=1970-01-01 00:00:00 Result= URL=)
2021-06-16 21:27:40 [5] Confirmed the "Link Alive Check". (NextTime=1970-01-01 00:00:00 Result= URL=)
2021-06-16 21:34:14 There were 1 links that passed the next "Check SNS Count" confirmation date and time.
2021-06-16 21:34:14 [1] Confirmed the "Check SNS Count". (NextTime=2021-03-22 13:10:32 URL=https://www.banggood.com/Lenovo-Watch-9-Smart-Watch-Sapphire-Glass-5ATM-Sleep-Monitor-Remote-Camera-Constellation-Edition-p-1397778.html?p=K226105168701201606R)
2021-06-16 21:44:04 There were 280 links that passed the next "Link Alive Check" confirmation date and time.
2021-06-16 21:44:04 [1] Confirmed the "Link Alive Check". (NextTime=1970-01-01 00:00:00 Result= URL=)
2021-06-16 21:44:05 [2] Confirmed the "Link Alive Check". (NextTime=1970-01-01 00:00:00 Result= URL=)
2021-06-16 21:44:05 [3] Confirmed the "Link Alive Check". (NextTime=1970-01-01 00:00:00 Result= URL=)
2021-06-16 21:44:05 [4] Confirmed the "Link Alive Check". (NextTime=1970-01-01 00:00:00 Result= URL=)
2021-06-16 21:44:05 [5] Confirmed the "Link Alive Check". (NextTime=1970-01-01 00:00:00 Result= URL=)
2021-06-16 22:28:58 There were 280 links that passed the next "Link Alive Check" confirmation date and time.
2021-06-16 22:28:58 [1] Confirmed the "Link Alive Check". (NextTime=1970-01-01 00:00:00 Result= URL=)
2021-06-16 22:28:59 [2] Confirmed the "Link Alive Check". (NextTime=1970-01-01 00:00:00 Result= URL=)
2021-06-16 22:28:59 [3] Confirmed the "Link Alive Check". (NextTime=1970-01-01 00:00:00 Result= URL=)
2021-06-16 22:28:59 [4] Confirmed the "Link Alive Check". (NextTime=1970-01-01 00:00:00 Result= URL=)
2021-06-16 22:29:00 [5] Confirmed the "Link Alive Check". (NextTime=1970-01-01 00:00:00 Result= URL=)
2021-06-16 22:34:37 There were 1 links that passed the next "Check SNS Count" confirmation date and time.
2021-06-16 22:34:38 [1] Confirmed the "Check SNS Count". (NextTime=2021-04-14 13:59:20 URL=https://sekailab.com/wp/2016/07/18/python-test)
2021-06-16 22:45:05 There were 280 links that passed the next "Link Alive Check" confirmation date and time.
2021-06-16 22:45:05 [1] Confirmed the "Link Alive Check". (NextTime=1970-01-01 00:00:00 Result= URL=)
2021-06-16 22:45:05 [2] Confirmed the "Link Alive Check". (NextTime=1970-01-01 00:00:00 Result= URL=)
2021-06-16 22:45:06 [3] Confirmed the "Link Alive Check". (NextTime=1970-01-01 00:00:00 Result= URL=)
2021-06-16 22:45:06 [4] Confirmed the "Link Alive Check". (NextTime=1970-01-01 00:00:00 Result= URL=)
2021-06-16 22:45:06 [5] Confirmed the "Link Alive Check". (NextTime=1970-01-01 00:00:00 Result= URL=)
2021-06-16 23:30:03 There were 280 links that passed the next "Link Alive Check" confirmation date and time.
2021-06-16 23:30:03 [1] Confirmed the "Link Alive Check". (NextTime=1970-01-01 00:00:00 Result= URL=)
2021-06-16 23:30:03 [2] Confirmed the "Link Alive Check". (NextTime=1970-01-01 00:00:00 Result= URL=)
2021-06-16 23:30:04 [3] Confirmed the "Link Alive Check". (NextTime=1970-01-01 00:00:00 Result= URL=)
2021-06-16 23:30:04 [4] Confirmed the "Link Alive Check". (NextTime=1970-01-01 00:00:00 Result= URL=)
2021-06-16 23:30:04 [5] Confirmed the "Link Alive Check". (NextTime=1970-01-01 00:00:00 Result= URL=)
2021-06-16 23:34:05 There were 5 links that passed the next "Check SNS Count" confirmation date and time.
2021-06-16 23:34:06 [1] Confirmed the "Check SNS Count". (NextTime=2021-04-17 09:58:08 URL=https://www.amazon.co.jp/finum%EF%BC%88%E3%83%95%E3%82%A3%E3%83%8A%E3%83%A0%EF%BC%89-63-422-50-00-coffee-2-%E3%82%B3%E3%83%BC%E3%83%92%E3%83%BC%E3%83%A1%E3%83%BC%E3%82%AB%E3%83%BC%E7%94%A8%E3%82%B9%E3%83%86%E3%83%B3%E3%83%AC%E3%82%B9%E3%83%95%E3%82%A3%E3%83%AB%E3%82%BF%E3%83%BC%EF%BC%AD%E3%82%B5%E3%82%A4%E3%82%BA/dp/B003IHUMFA/ref=as_li_ss_il?_encoding=UTF8&#038;pd_rd_i=B003IHUMFA&#038;pd_rd_r=00fa7bca-cd02-4856-9484-e07801c6450f&#038;pd_rd_w=zzbeq&#038;pd_rd_wg=tXf4x&#038;pf_rd_p=ca22fd73-0f1e-4b39-9917-c84a20b3f3a8&#038;pf_rd_r=FKSBCX6TKWNVJPV25WSF&#038;psc=1&#038;refRID=FKSBCX6TKWNVJPV25WSF&#038;linkCode=li2&#038;tag=drunkar-22&#038;linkId=7e2610e6665c18993bc1e2ee3fa48ca6)
2021-06-16 23:34:06 [2] Confirmed the "Check SNS Count". (NextTime=2021-03-20 19:27:06 URL=https://sekailab.com/wp/tag/orange_pi/)
2021-06-16 23:34:06 [3] Confirmed the "Check SNS Count". (NextTime=2021-04-15 00:39:00 URL=https://github.com/Drunkar/hubot-japanese-talk-transformer)
2021-06-16 23:34:06 [4] Confirmed the "Check SNS Count". (NextTime=2021-03-20 22:02:44 URL=https://www.amazon.co.jp/gp/product/B07QNVHMFC/ref=as_li_ss_il?ie=UTF8&#038;psc=1&#038;linkCode=li2&#038;tag=drunkar-22&#038;linkId=d9dcb66a676446c9063f6fa75839ce05)
2021-06-16 23:34:07 [5] Confirmed the "Check SNS Count". (NextTime=2021-04-14 17:42:35 URL=https://sekailab.com/wp/2013/02/23/%E5%BB%BA%E7%AF%89%E6%89%B9%E8%A9%95%E7%A9%BA%E9%96%93%E3%82%92%E5%8F%AF%E8%A6%96%E5%8C%96%E3%81%97%E3%81%A6%E3%81%BF%E3%81%9F)
2021-06-16 23:47:14 There were 280 links that passed the next "Link Alive Check" confirmation date and time.
2021-06-16 23:47:14 [1] Confirmed the "Link Alive Check". (NextTime=1970-01-01 00:00:00 Result= URL=)
2021-06-16 23:47:14 [2] Confirmed the "Link Alive Check". (NextTime=1970-01-01 00:00:00 Result= URL=)
2021-06-16 23:47:15 [3] Confirmed the "Link Alive Check". (NextTime=1970-01-01 00:00:00 Result= URL=)
2021-06-16 23:47:15 [4] Confirmed the "Link Alive Check". (NextTime=1970-01-01 00:00:00 Result= URL=)
2021-06-16 23:47:15 [5] Confirmed the "Link Alive Check". (NextTime=1970-01-01 00:00:00 Result= URL=)
