2022-01-08 00:04:50 There were 284 links that passed the next "Link Alive Check" confirmation date and time.
2022-01-08 00:04:50 [1] Confirmed the "Link Alive Check". (NextTime=1970-01-01 00:00:00 Result= URL=)
2022-01-08 00:04:50 [2] Confirmed the "Link Alive Check". (NextTime=1970-01-01 00:00:00 Result= URL=)
2022-01-08 00:04:51 [3] Confirmed the "Link Alive Check". (NextTime=1970-01-01 00:00:00 Result= URL=)
2022-01-08 00:04:51 [4] Confirmed the "Link Alive Check". (NextTime=1970-01-01 00:00:00 Result= URL=)
2022-01-08 00:04:51 [5] Confirmed the "Link Alive Check". (NextTime=1970-01-01 00:00:00 Result= URL=)
2022-01-08 00:23:40 There were 1 links that passed the next "Check SNS Count" confirmation date and time.
2022-01-08 00:23:40 [1] Confirmed the "Check SNS Count". (NextTime=2021-04-14 23:02:13 URL=http://movidius-neural-compute-stick-with-orangepi-pc2)
2022-01-08 00:26:08 There were 284 links that passed the next "Link Alive Check" confirmation date and time.
2022-01-08 00:26:08 [1] Confirmed the "Link Alive Check". (NextTime=1970-01-01 00:00:00 Result= URL=)
2022-01-08 00:26:08 [2] Confirmed the "Link Alive Check". (NextTime=1970-01-01 00:00:00 Result= URL=)
2022-01-08 00:26:08 [3] Confirmed the "Link Alive Check". (NextTime=1970-01-01 00:00:00 Result= URL=)
2022-01-08 00:26:09 [4] Confirmed the "Link Alive Check". (NextTime=1970-01-01 00:00:00 Result= URL=)
2022-01-08 00:26:09 [5] Confirmed the "Link Alive Check". (NextTime=1970-01-01 00:00:00 Result= URL=)
2022-01-08 00:48:03 There were 284 links that passed the next "Link Alive Check" confirmation date and time.
2022-01-08 00:48:03 [1] Confirmed the "Link Alive Check". (NextTime=1970-01-01 00:00:00 Result= URL=)
2022-01-08 00:48:03 [2] Confirmed the "Link Alive Check". (NextTime=1970-01-01 00:00:00 Result= URL=)
2022-01-08 00:48:04 [3] Confirmed the "Link Alive Check". (NextTime=1970-01-01 00:00:00 Result= URL=)
2022-01-08 00:48:04 [4] Confirmed the "Link Alive Check". (NextTime=1970-01-01 00:00:00 Result= URL=)
2022-01-08 00:48:04 [5] Confirmed the "Link Alive Check". (NextTime=1970-01-01 00:00:00 Result= URL=)
2022-01-08 01:05:46 There were 284 links that passed the next "Link Alive Check" confirmation date and time.
2022-01-08 01:05:46 [1] Confirmed the "Link Alive Check". (NextTime=1970-01-01 00:00:00 Result= URL=)
2022-01-08 01:05:46 [2] Confirmed the "Link Alive Check". (NextTime=1970-01-01 00:00:00 Result= URL=)
2022-01-08 01:05:46 [3] Confirmed the "Link Alive Check". (NextTime=1970-01-01 00:00:00 Result= URL=)
2022-01-08 01:05:47 [4] Confirmed the "Link Alive Check". (NextTime=1970-01-01 00:00:00 Result= URL=)
2022-01-08 01:05:47 [5] Confirmed the "Link Alive Check". (NextTime=1970-01-01 00:00:00 Result= URL=)
2022-01-08 01:23:10 There were 5 links that passed the next "Check SNS Count" confirmation date and time.
2022-01-08 01:23:10 [1] Confirmed the "Check SNS Count". (NextTime=2021-04-06 07:43:26 URL=https://www.thingiverse.com/thing:2256659)
2022-01-08 01:23:10 [2] Confirmed the "Check SNS Count". (NextTime=2021-04-15 01:43:04 URL=https://gumroad.com/l/japanese_talk_api_transformer)
2022-01-08 01:23:11 [3] Confirmed the "Check SNS Count". (NextTime=2021-04-15 15:59:20 URL=https://sekailab.com/wp/2018/08/31/review-mistel-barocco-md650l)
2022-01-08 01:23:11 [4] Confirmed the "Check SNS Count". (NextTime=2021-03-26 19:43:34 URL=https://forum.nem.io/t/nem-beta-0-6-96/18726)
2022-01-08 01:23:11 [5] Confirmed the "Check SNS Count". (NextTime=2021-03-21 00:43:30 URL=https://www.amazon.co.jp/gp/product/B075DCVQC5/ref=as_li_ss_il?ie=UTF8&#038;th=1&#038;linkCode=li2&#038;tag=drunkar-22&#038;linkId=a5e6477cdc20f78703f077db59aabbd2)
2022-01-08 01:27:20 There were 284 links that passed the next "Link Alive Check" confirmation date and time.
2022-01-08 01:27:20 [1] Confirmed the "Link Alive Check". (NextTime=1970-01-01 00:00:00 Result= URL=)
2022-01-08 01:27:21 [2] Confirmed the "Link Alive Check". (NextTime=1970-01-01 00:00:00 Result= URL=)
2022-01-08 01:27:21 [3] Confirmed the "Link Alive Check". (NextTime=1970-01-01 00:00:00 Result= URL=)
2022-01-08 01:27:21 [4] Confirmed the "Link Alive Check". (NextTime=1970-01-01 00:00:00 Result= URL=)
2022-01-08 01:27:21 [5] Confirmed the "Link Alive Check". (NextTime=1970-01-01 00:00:00 Result= URL=)
2022-01-08 01:48:05 There were 284 links that passed the next "Link Alive Check" confirmation date and time.
2022-01-08 01:48:06 [1] Confirmed the "Link Alive Check". (NextTime=1970-01-01 00:00:00 Result= URL=)
2022-01-08 01:48:06 [2] Confirmed the "Link Alive Check". (NextTime=1970-01-01 00:00:00 Result= URL=)
2022-01-08 01:48:06 [3] Confirmed the "Link Alive Check". (NextTime=1970-01-01 00:00:00 Result= URL=)
2022-01-08 01:48:06 [4] Confirmed the "Link Alive Check". (NextTime=1970-01-01 00:00:00 Result= URL=)
2022-01-08 01:48:07 [5] Confirmed the "Link Alive Check". (NextTime=1970-01-01 00:00:00 Result= URL=)
2022-01-08 02:06:25 There were 284 links that passed the next "Link Alive Check" confirmation date and time.
2022-01-08 02:06:25 [1] Confirmed the "Link Alive Check". (NextTime=1970-01-01 00:00:00 Result= URL=)
2022-01-08 02:06:25 [2] Confirmed the "Link Alive Check". (NextTime=1970-01-01 00:00:00 Result= URL=)
2022-01-08 02:06:25 [3] Confirmed the "Link Alive Check". (NextTime=1970-01-01 00:00:00 Result= URL=)
2022-01-08 02:06:26 [4] Confirmed the "Link Alive Check". (NextTime=1970-01-01 00:00:00 Result= URL=)
2022-01-08 02:06:26 [5] Confirmed the "Link Alive Check". (NextTime=1970-01-01 00:00:00 Result= URL=)
2022-01-08 02:23:07 There were 3 links that passed the next "Check SNS Count" confirmation date and time.
2022-01-08 02:23:07 [1] Confirmed the "Check SNS Count". (NextTime=2021-03-21 05:55:58 URL=https://www.amazon.co.jp/Razer-DeathAdder-Elite-%E3%82%A8%E3%83%AB%E3%82%B4%E3%83%8E%E3%83%9F%E3%83%83%E3%82%AF-%E3%82%B2%E3%83%BC%E3%83%9F%E3%83%B3%E3%82%B0%E3%83%9E%E3%82%A6%E3%82%B9%E3%80%90%E6%97%A5%E6%9C%AC%E6%AD%A3%E8%A6%8F%E4%BB%A3%E7%90%86%E5%BA%97%E4%BF%9D%E8%A8%BC%E5%93%81%E3%80%91RZ01-02010100-R3A1/dp/B01MXVFVJO/ref=as_li_ss_il?ie=UTF8&#038;qid=1530884170&#038;sr=8-1&#038;keywords=razer+deathadder+elite&#038;linkCode=li2&#038;tag=drunkar-22&#038;linkId=b7b39d54dd3488e4a6a5ba54d283ec3f)
2022-01-08 02:23:08 [2] Confirmed the "Check SNS Count". (NextTime=2021-04-14 22:22:27 URL=https://www.thingiverse.com/thing:3283620)
2022-01-08 02:23:08 [3] Confirmed the "Check SNS Count". (NextTime=2021-04-15 19:36:32 URL=https://sekailab.com/wp/2012/10/26/c%E3%81%A7%E3%80%8C%E3%81%AF%E3%81%98%E3%82%81%E3%81%A6%E3%81%AE%E6%A9%9F%E6%A2%B0%E5%AD%A6%E7%BF%92%E3%80%8D2%E7%AB%A0-3%E7%AB%A0)
2022-01-08 02:29:22 There were 284 links that passed the next "Link Alive Check" confirmation date and time.
2022-01-08 02:29:22 [1] Confirmed the "Link Alive Check". (NextTime=1970-01-01 00:00:00 Result= URL=)
2022-01-08 02:29:22 [2] Confirmed the "Link Alive Check". (NextTime=1970-01-01 00:00:00 Result= URL=)
2022-01-08 02:29:22 [3] Confirmed the "Link Alive Check". (NextTime=1970-01-01 00:00:00 Result= URL=)
2022-01-08 02:29:22 [4] Confirmed the "Link Alive Check". (NextTime=1970-01-01 00:00:00 Result= URL=)
2022-01-08 02:29:23 [5] Confirmed the "Link Alive Check". (NextTime=1970-01-01 00:00:00 Result= URL=)
2022-01-08 02:48:25 There were 284 links that passed the next "Link Alive Check" confirmation date and time.
2022-01-08 02:48:25 [1] Confirmed the "Link Alive Check". (NextTime=1970-01-01 00:00:00 Result= URL=)
2022-01-08 02:48:25 [2] Confirmed the "Link Alive Check". (NextTime=1970-01-01 00:00:00 Result= URL=)
2022-01-08 02:48:26 [3] Confirmed the "Link Alive Check". (NextTime=1970-01-01 00:00:00 Result= URL=)
2022-01-08 02:48:26 [4] Confirmed the "Link Alive Check". (NextTime=1970-01-01 00:00:00 Result= URL=)
2022-01-08 02:48:26 [5] Confirmed the "Link Alive Check". (NextTime=1970-01-01 00:00:00 Result= URL=)
2022-01-08 03:07:18 There were 284 links that passed the next "Link Alive Check" confirmation date and time.
2022-01-08 03:07:18 [1] Confirmed the "Link Alive Check". (NextTime=1970-01-01 00:00:00 Result= URL=)
2022-01-08 03:07:18 [2] Confirmed the "Link Alive Check". (NextTime=1970-01-01 00:00:00 Result= URL=)
2022-01-08 03:07:19 [3] Confirmed the "Link Alive Check". (NextTime=1970-01-01 00:00:00 Result= URL=)
2022-01-08 03:07:19 [4] Confirmed the "Link Alive Check". (NextTime=1970-01-01 00:00:00 Result= URL=)
2022-01-08 03:07:19 [5] Confirmed the "Link Alive Check". (NextTime=1970-01-01 00:00:00 Result= URL=)
2022-01-08 03:23:08 There were 3 links that passed the next "Check SNS Count" confirmation date and time.
2022-01-08 03:23:08 [1] Confirmed the "Check SNS Count". (NextTime=2021-03-22 15:57:50 URL=https://popozure.info)
2022-01-08 03:23:08 [2] Confirmed the "Check SNS Count". (NextTime=2021-03-23 13:44:56 URL=https://sekailab.com/wp/2016/07/18/python-test/)
2022-01-08 03:23:08 [3] Confirmed the "Check SNS Count". (NextTime=2021-03-24 17:14:03 URL=https://sekailab.com/wp/2014/02/24/gitlab-gitlab_ci-jenkins-in-the-same-server/)
2022-01-08 03:29:49 There were 284 links that passed the next "Link Alive Check" confirmation date and time.
2022-01-08 03:29:50 [1] Confirmed the "Link Alive Check". (NextTime=1970-01-01 00:00:00 Result= URL=)
2022-01-08 03:29:50 [2] Confirmed the "Link Alive Check". (NextTime=1970-01-01 00:00:00 Result= URL=)
2022-01-08 03:29:50 [3] Confirmed the "Link Alive Check". (NextTime=1970-01-01 00:00:00 Result= URL=)
2022-01-08 03:29:50 [4] Confirmed the "Link Alive Check". (NextTime=1970-01-01 00:00:00 Result= URL=)
2022-01-08 03:29:51 [5] Confirmed the "Link Alive Check". (NextTime=1970-01-01 00:00:00 Result= URL=)
2022-01-08 03:49:26 There were 284 links that passed the next "Link Alive Check" confirmation date and time.
2022-01-08 03:49:27 [1] Confirmed the "Link Alive Check". (NextTime=1970-01-01 00:00:00 Result= URL=)
2022-01-08 03:49:27 [2] Confirmed the "Link Alive Check". (NextTime=1970-01-01 00:00:00 Result= URL=)
2022-01-08 03:49:27 [3] Confirmed the "Link Alive Check". (NextTime=1970-01-01 00:00:00 Result= URL=)
2022-01-08 03:49:27 [4] Confirmed the "Link Alive Check". (NextTime=1970-01-01 00:00:00 Result= URL=)
2022-01-08 03:49:28 [5] Confirmed the "Link Alive Check". (NextTime=1970-01-01 00:00:00 Result= URL=)
2022-01-08 04:08:08 There were 284 links that passed the next "Link Alive Check" confirmation date and time.
2022-01-08 04:08:08 [1] Confirmed the "Link Alive Check". (NextTime=1970-01-01 00:00:00 Result= URL=)
2022-01-08 04:08:08 [2] Confirmed the "Link Alive Check". (NextTime=1970-01-01 00:00:00 Result= URL=)
2022-01-08 04:08:09 [3] Confirmed the "Link Alive Check". (NextTime=1970-01-01 00:00:00 Result= URL=)
2022-01-08 04:08:09 [4] Confirmed the "Link Alive Check". (NextTime=1970-01-01 00:00:00 Result= URL=)
2022-01-08 04:08:09 [5] Confirmed the "Link Alive Check". (NextTime=1970-01-01 00:00:00 Result= URL=)
2022-01-08 04:23:08 There were 3 links that passed the next "Check SNS Count" confirmation date and time.
2022-01-08 04:23:08 [1] Confirmed the "Check SNS Count". (NextTime=2021-03-23 01:39:12 URL=https://www.banggood.com/Original-Xiaomi-Airdots-TWS-Bluetooth-5_0-Earphone-Youth-Version-Touch-Control-with-Charging-Box-Mic-p-1389033.html?p=K226105168701201606R)
2022-01-08 04:23:08 [2] Confirmed the "Check SNS Count". (NextTime=2021-03-20 07:05:20 URL=http://mizunashi-rin.hatenablog.jp/entry/2017/02/15/002342)
2022-01-08 04:23:08 [3] Confirmed the "Check SNS Count". (NextTime=2021-04-14 17:31:53 URL=https://sekailab.com/wp/2019/03/10/execute-windows-binary-on-wsl)
2022-01-08 04:31:59 There were 284 links that passed the next "Link Alive Check" confirmation date and time.
2022-01-08 04:32:00 [1] Confirmed the "Link Alive Check". (NextTime=1970-01-01 00:00:00 Result= URL=)
2022-01-08 04:32:00 [2] Confirmed the "Link Alive Check". (NextTime=1970-01-01 00:00:00 Result= URL=)
2022-01-08 04:32:01 [3] Confirmed the "Link Alive Check". (NextTime=1970-01-01 00:00:00 Result= URL=)
2022-01-08 04:32:02 [4] Confirmed the "Link Alive Check". (NextTime=1970-01-01 00:00:00 Result= URL=)
2022-01-08 04:32:02 [5] Confirmed the "Link Alive Check". (NextTime=1970-01-01 00:00:00 Result= URL=)
2022-01-08 04:50:28 There were 284 links that passed the next "Link Alive Check" confirmation date and time.
2022-01-08 04:50:29 [1] Confirmed the "Link Alive Check". (NextTime=1970-01-01 00:00:00 Result= URL=)
2022-01-08 04:50:29 [2] Confirmed the "Link Alive Check". (NextTime=1970-01-01 00:00:00 Result= URL=)
2022-01-08 04:50:29 [3] Confirmed the "Link Alive Check". (NextTime=1970-01-01 00:00:00 Result= URL=)
2022-01-08 04:50:29 [4] Confirmed the "Link Alive Check". (NextTime=1970-01-01 00:00:00 Result= URL=)
2022-01-08 04:50:29 [5] Confirmed the "Link Alive Check". (NextTime=1970-01-01 00:00:00 Result= URL=)
2022-01-08 05:08:36 There were 284 links that passed the next "Link Alive Check" confirmation date and time.
2022-01-08 05:08:36 [1] Confirmed the "Link Alive Check". (NextTime=1970-01-01 00:00:00 Result= URL=)
2022-01-08 05:08:37 [2] Confirmed the "Link Alive Check". (NextTime=1970-01-01 00:00:00 Result= URL=)
2022-01-08 05:08:37 [3] Confirmed the "Link Alive Check". (NextTime=1970-01-01 00:00:00 Result= URL=)
2022-01-08 05:08:37 [4] Confirmed the "Link Alive Check". (NextTime=1970-01-01 00:00:00 Result= URL=)
2022-01-08 05:08:37 [5] Confirmed the "Link Alive Check". (NextTime=1970-01-01 00:00:00 Result= URL=)
2022-01-08 05:23:08 There were 3 links that passed the next "Check SNS Count" confirmation date and time.
2022-01-08 05:23:08 [1] Confirmed the "Check SNS Count". (NextTime=2021-03-20 12:45:25 URL=http://jikainoyokoku.blog23.fc2.com/blog-entry-729.html)
2022-01-08 05:23:08 [2] Confirmed the "Check SNS Count". (NextTime=2021-03-24 11:04:11 URL=https://www.amazon.co.jp/%E6%B5%B7%E5%A4%96%E7%9B%B4%E9%80%81%E5%93%81-Supplements-Chocolate-Brownie-2-18kg/dp/B00DCNIGS0/ref=as_li_ss_il?s=hpc&#038;ie=UTF8&#038;qid=1483631751&#038;sr=1-14&#038;keywords=%E3%83%97%E3%83%AD%E3%83%86%E3%82%A4%E3%83%B3&#038;linkCode=li2&#038;tag=drunkar-22&#038;linkId=2e1a1e5a1a859065e9cab108a67a9c6b)
2022-01-08 05:23:08 [3] Confirmed the "Check SNS Count". (NextTime=2021-03-27 01:59:09 URL=https://forum.nem.io/t/nem-supernode-rewards-program/1735)
2022-01-08 05:34:11 There were 284 links that passed the next "Link Alive Check" confirmation date and time.
2022-01-08 05:34:11 [1] Confirmed the "Link Alive Check". (NextTime=1970-01-01 00:00:00 Result= URL=)
2022-01-08 05:34:11 [2] Confirmed the "Link Alive Check". (NextTime=1970-01-01 00:00:00 Result= URL=)
2022-01-08 05:34:12 [3] Confirmed the "Link Alive Check". (NextTime=1970-01-01 00:00:00 Result= URL=)
2022-01-08 05:34:12 [4] Confirmed the "Link Alive Check". (NextTime=1970-01-01 00:00:00 Result= URL=)
2022-01-08 05:34:12 [5] Confirmed the "Link Alive Check". (NextTime=1970-01-01 00:00:00 Result= URL=)
2022-01-08 05:51:06 There were 284 links that passed the next "Link Alive Check" confirmation date and time.
2022-01-08 05:51:06 [1] Confirmed the "Link Alive Check". (NextTime=1970-01-01 00:00:00 Result= URL=)
2022-01-08 05:51:06 [2] Confirmed the "Link Alive Check". (NextTime=1970-01-01 00:00:00 Result= URL=)
2022-01-08 05:51:07 [3] Confirmed the "Link Alive Check". (NextTime=1970-01-01 00:00:00 Result= URL=)
2022-01-08 05:51:07 [4] Confirmed the "Link Alive Check". (NextTime=1970-01-01 00:00:00 Result= URL=)
2022-01-08 05:51:07 [5] Confirmed the "Link Alive Check". (NextTime=1970-01-01 00:00:00 Result= URL=)
2022-01-08 06:08:56 There were 284 links that passed the next "Link Alive Check" confirmation date and time.
2022-01-08 06:08:57 [1] Confirmed the "Link Alive Check". (NextTime=1970-01-01 00:00:00 Result= URL=)
2022-01-08 06:08:57 [2] Confirmed the "Link Alive Check". (NextTime=1970-01-01 00:00:00 Result= URL=)
2022-01-08 06:08:57 [3] Confirmed the "Link Alive Check". (NextTime=1970-01-01 00:00:00 Result= URL=)
2022-01-08 06:08:57 [4] Confirmed the "Link Alive Check". (NextTime=1970-01-01 00:00:00 Result= URL=)
2022-01-08 06:08:57 [5] Confirmed the "Link Alive Check". (NextTime=1970-01-01 00:00:00 Result= URL=)
2022-01-08 06:23:07 There were 1 links that passed the next "Check SNS Count" confirmation date and time.
2022-01-08 06:23:07 [1] Confirmed the "Check SNS Count". (NextTime=2021-03-19 19:02:52 URL=https://www.sbcr.jp/support/48965/)
2022-01-08 06:38:08 There were 284 links that passed the next "Link Alive Check" confirmation date and time.
2022-01-08 06:38:08 [1] Confirmed the "Link Alive Check". (NextTime=1970-01-01 00:00:00 Result= URL=)
2022-01-08 06:38:08 [2] Confirmed the "Link Alive Check". (NextTime=1970-01-01 00:00:00 Result= URL=)
2022-01-08 06:38:08 [3] Confirmed the "Link Alive Check". (NextTime=1970-01-01 00:00:00 Result= URL=)
2022-01-08 06:38:09 [4] Confirmed the "Link Alive Check". (NextTime=1970-01-01 00:00:00 Result= URL=)
2022-01-08 06:38:09 [5] Confirmed the "Link Alive Check". (NextTime=1970-01-01 00:00:00 Result= URL=)
2022-01-08 06:53:08 There were 284 links that passed the next "Link Alive Check" confirmation date and time.
2022-01-08 06:53:08 [1] Confirmed the "Link Alive Check". (NextTime=1970-01-01 00:00:00 Result= URL=)
2022-01-08 06:53:08 [2] Confirmed the "Link Alive Check". (NextTime=1970-01-01 00:00:00 Result= URL=)
2022-01-08 06:53:08 [3] Confirmed the "Link Alive Check". (NextTime=1970-01-01 00:00:00 Result= URL=)
2022-01-08 06:53:08 [4] Confirmed the "Link Alive Check". (NextTime=1970-01-01 00:00:00 Result= URL=)
2022-01-08 06:53:09 [5] Confirmed the "Link Alive Check". (NextTime=1970-01-01 00:00:00 Result= URL=)
2022-01-08 07:09:48 There were 284 links that passed the next "Link Alive Check" confirmation date and time.
2022-01-08 07:09:49 [1] Confirmed the "Link Alive Check". (NextTime=1970-01-01 00:00:00 Result= URL=)
2022-01-08 07:09:49 [2] Confirmed the "Link Alive Check". (NextTime=1970-01-01 00:00:00 Result= URL=)
2022-01-08 07:09:49 [3] Confirmed the "Link Alive Check". (NextTime=1970-01-01 00:00:00 Result= URL=)
2022-01-08 07:09:49 [4] Confirmed the "Link Alive Check". (NextTime=1970-01-01 00:00:00 Result= URL=)
2022-01-08 07:09:50 [5] Confirmed the "Link Alive Check". (NextTime=1970-01-01 00:00:00 Result= URL=)
2022-01-08 07:23:08 There were 1 links that passed the next "Check SNS Count" confirmation date and time.
2022-01-08 07:23:08 [1] Confirmed the "Check SNS Count". (NextTime=2021-03-20 10:53:21 URL=https://sekailab.com/wp/2018/02/03/watch-process-to-send-gmail-with-python3/)
2022-01-08 07:38:31 There were 284 links that passed the next "Link Alive Check" confirmation date and time.
2022-01-08 07:38:31 [1] Confirmed the "Link Alive Check". (NextTime=1970-01-01 00:00:00 Result= URL=)
2022-01-08 07:38:32 [2] Confirmed the "Link Alive Check". (NextTime=1970-01-01 00:00:00 Result= URL=)
2022-01-08 07:38:32 [3] Confirmed the "Link Alive Check". (NextTime=1970-01-01 00:00:00 Result= URL=)
2022-01-08 07:38:32 [4] Confirmed the "Link Alive Check". (NextTime=1970-01-01 00:00:00 Result= URL=)
2022-01-08 07:38:32 [5] Confirmed the "Link Alive Check". (NextTime=1970-01-01 00:00:00 Result= URL=)
2022-01-08 07:58:10 There were 284 links that passed the next "Link Alive Check" confirmation date and time.
2022-01-08 07:58:10 [1] Confirmed the "Link Alive Check". (NextTime=1970-01-01 00:00:00 Result= URL=)
2022-01-08 07:58:11 [2] Confirmed the "Link Alive Check". (NextTime=1970-01-01 00:00:00 Result= URL=)
2022-01-08 07:58:11 [3] Confirmed the "Link Alive Check". (NextTime=1970-01-01 00:00:00 Result= URL=)
2022-01-08 07:58:11 [4] Confirmed the "Link Alive Check". (NextTime=1970-01-01 00:00:00 Result= URL=)
2022-01-08 07:58:11 [5] Confirmed the "Link Alive Check". (NextTime=1970-01-01 00:00:00 Result= URL=)
2022-01-08 08:10:11 There were 284 links that passed the next "Link Alive Check" confirmation date and time.
2022-01-08 08:10:11 [1] Confirmed the "Link Alive Check". (NextTime=1970-01-01 00:00:00 Result= URL=)
2022-01-08 08:10:11 [2] Confirmed the "Link Alive Check". (NextTime=1970-01-01 00:00:00 Result= URL=)
2022-01-08 08:10:12 [3] Confirmed the "Link Alive Check". (NextTime=1970-01-01 00:00:00 Result= URL=)
2022-01-08 08:10:12 [4] Confirmed the "Link Alive Check". (NextTime=1970-01-01 00:00:00 Result= URL=)
2022-01-08 08:10:12 [5] Confirmed the "Link Alive Check". (NextTime=1970-01-01 00:00:00 Result= URL=)
2022-01-08 08:23:23 There were 1 links that passed the next "Check SNS Count" confirmation date and time.
2022-01-08 08:23:23 [1] Confirmed the "Check SNS Count". (NextTime=2021-03-21 23:30:41 URL=https://www.amazon.co.jp/%E3%82%A8%E3%83%AC%E3%82%B3%E3%83%A0-%E3%83%90%E3%83%83%E3%82%B0%E3%82%A4%E3%83%B3%E3%83%90%E3%83%83%E3%82%B0-%E3%82%AC%E3%82%B8%E3%82%A7%E3%83%83%E3%83%88%E5%8F%8E%E7%B4%8D-%E3%82%B9%E3%83%88%E3%83%AC%E3%83%83%E3%83%81%E7%B4%A0%E6%9D%90-BMA-GP10BK/dp/B013J9F684/ref=as_li_ss_il?_encoding=UTF8&#038;pd_rd_i=B013J9F68Y&#038;pd_rd_r=040641d8-8122-11e8-bb0c-dd50569c438f&#038;pd_rd_w=I4EYc&#038;pd_rd_wg=0Wqto&#038;pf_rd_i=desktop-dp-sims&#038;pf_rd_m=AN1VRQENFRJN5&#038;pf_rd_p=3472031948783866574&#038;pf_rd_r=VQKKKEAD2YHT0SNXC6G2&#038;pf_rd_s=desktop-dp-sims&#038;pf_rd_t=40701&#038;refRID=VQKKKEAD2YHT0SNXC6G2&#038;th=1&#038;linkCode=li2&#038;tag=drunkar-22&#038;linkId=7ef50d437e6ccbc5406dae6740defcb5)
2022-01-08 08:39:37 There were 284 links that passed the next "Link Alive Check" confirmation date and time.
2022-01-08 08:39:38 [1] Confirmed the "Link Alive Check". (NextTime=1970-01-01 00:00:00 Result= URL=)
2022-01-08 08:39:38 [2] Confirmed the "Link Alive Check". (NextTime=1970-01-01 00:00:00 Result= URL=)
2022-01-08 08:39:38 [3] Confirmed the "Link Alive Check". (NextTime=1970-01-01 00:00:00 Result= URL=)
2022-01-08 08:39:38 [4] Confirmed the "Link Alive Check". (NextTime=1970-01-01 00:00:00 Result= URL=)
2022-01-08 08:39:38 [5] Confirmed the "Link Alive Check". (NextTime=1970-01-01 00:00:00 Result= URL=)
2022-01-08 08:59:56 There were 284 links that passed the next "Link Alive Check" confirmation date and time.
2022-01-08 08:59:56 [1] Confirmed the "Link Alive Check". (NextTime=1970-01-01 00:00:00 Result= URL=)
2022-01-08 08:59:56 [2] Confirmed the "Link Alive Check". (NextTime=1970-01-01 00:00:00 Result= URL=)
2022-01-08 08:59:56 [3] Confirmed the "Link Alive Check". (NextTime=1970-01-01 00:00:00 Result= URL=)
2022-01-08 08:59:56 [4] Confirmed the "Link Alive Check". (NextTime=1970-01-01 00:00:00 Result= URL=)
2022-01-08 08:59:57 [5] Confirmed the "Link Alive Check". (NextTime=1970-01-01 00:00:00 Result= URL=)
2022-01-08 09:12:06 There were 284 links that passed the next "Link Alive Check" confirmation date and time.
2022-01-08 09:12:07 [1] Confirmed the "Link Alive Check". (NextTime=1970-01-01 00:00:00 Result= URL=)
2022-01-08 09:12:07 [2] Confirmed the "Link Alive Check". (NextTime=1970-01-01 00:00:00 Result= URL=)
2022-01-08 09:12:07 [3] Confirmed the "Link Alive Check". (NextTime=1970-01-01 00:00:00 Result= URL=)
2022-01-08 09:12:07 [4] Confirmed the "Link Alive Check". (NextTime=1970-01-01 00:00:00 Result= URL=)
2022-01-08 09:12:08 [5] Confirmed the "Link Alive Check". (NextTime=1970-01-01 00:00:00 Result= URL=)
2022-01-08 09:24:17 There were 5 links that passed the next "Check SNS Count" confirmation date and time.
2022-01-08 09:24:17 [1] Confirmed the "Check SNS Count". (NextTime=2021-04-06 18:46:30 URL=https://www.quora.com/How-does-Distil-Networks-Bot-and-Scraper-Detection-work-Are-there-advantages-to-its-technology-as-compared-to-other-competitors)
2022-01-08 09:24:18 [2] Confirmed the "Check SNS Count". (NextTime=2021-04-15 00:25:38 URL=https://learnoutlive.com/german-english-dictionary-kindle-cloud-reader/)
2022-01-08 09:24:18 [3] Confirmed the "Check SNS Count". (NextTime=2021-03-21 05:02:21 URL=https://www.amazon.co.jp/Taulman3D-PC-Alloy910-Taulman3D-Alloy-910-%E3%82%A2%E3%83%AD%E3%82%A4910-1-75mm/dp/B01AY71K5M/ref=as_li_ss_il?ie=UTF8&#038;qid=1523541968&#038;sr=8-1&#038;keywords=alloy+910&#038;linkCode=li2&#038;tag=drunkar-22&#038;linkId=d8e9041dfc8c404620294b339eb3f493)
2022-01-08 09:24:18 [4] Confirmed the "Check SNS Count". (NextTime=2021-03-25 06:51:31 URL=https://stackoverflow.com/questions/38156693/is-this-the-wrong-error-message-attributeerror-int-object-has-no-attribute?noredirect=1&#038;lq=1)
2022-01-08 09:24:18 [5] Confirmed the "Check SNS Count". (NextTime=2021-03-21 17:50:06 URL=https://www.amazon.co.jp/%E3%83%AD%E3%82%B8%E3%82%AF%E3%83%BC%E3%83%AB-USB%E3%83%98%E3%83%83%E3%83%89%E3%82%BB%E3%83%83%E3%83%88Logicool-Headset-H390-H390R/dp/B079WKMMBM/ref=as_li_ss_il?__mk_ja_JP=%E3%82%AB%E3%82%BF%E3%82%AB%E3%83%8A&#038;dchild=1&#038;keywords=%E3%83%AD%E3%82%B8%E3%82%AF%E3%83%BC%E3%83%AB+H390&#038;qid=1598263960&#038;sr=8-2&#038;linkCode=li2&#038;tag=drunkar-22&#038;linkId=986cdeae0b10b04d9002c97aa5382f07)
2022-01-08 09:39:38 There were 284 links that passed the next "Link Alive Check" confirmation date and time.
2022-01-08 09:39:39 [1] Confirmed the "Link Alive Check". (NextTime=1970-01-01 00:00:00 Result= URL=)
2022-01-08 09:39:39 [2] Confirmed the "Link Alive Check". (NextTime=1970-01-01 00:00:00 Result= URL=)
2022-01-08 09:39:39 [3] Confirmed the "Link Alive Check". (NextTime=1970-01-01 00:00:00 Result= URL=)
2022-01-08 09:39:39 [4] Confirmed the "Link Alive Check". (NextTime=1970-01-01 00:00:00 Result= URL=)
2022-01-08 09:39:39 [5] Confirmed the "Link Alive Check". (NextTime=1970-01-01 00:00:00 Result= URL=)
2022-01-08 10:00:21 There were 284 links that passed the next "Link Alive Check" confirmation date and time.
2022-01-08 10:00:21 [1] Confirmed the "Link Alive Check". (NextTime=1970-01-01 00:00:00 Result= URL=)
2022-01-08 10:00:21 [2] Confirmed the "Link Alive Check". (NextTime=1970-01-01 00:00:00 Result= URL=)
2022-01-08 10:00:22 [3] Confirmed the "Link Alive Check". (NextTime=1970-01-01 00:00:00 Result= URL=)
2022-01-08 10:00:22 [4] Confirmed the "Link Alive Check". (NextTime=1970-01-01 00:00:00 Result= URL=)
2022-01-08 10:00:22 [5] Confirmed the "Link Alive Check". (NextTime=1970-01-01 00:00:00 Result= URL=)
2022-01-08 10:15:43 There were 284 links that passed the next "Link Alive Check" confirmation date and time.
2022-01-08 10:15:44 [1] Confirmed the "Link Alive Check". (NextTime=1970-01-01 00:00:00 Result= URL=)
2022-01-08 10:15:44 [2] Confirmed the "Link Alive Check". (NextTime=1970-01-01 00:00:00 Result= URL=)
2022-01-08 10:15:44 [3] Confirmed the "Link Alive Check". (NextTime=1970-01-01 00:00:00 Result= URL=)
2022-01-08 10:15:44 [4] Confirmed the "Link Alive Check". (NextTime=1970-01-01 00:00:00 Result= URL=)
2022-01-08 10:15:45 [5] Confirmed the "Link Alive Check". (NextTime=1970-01-01 00:00:00 Result= URL=)
2022-01-08 10:27:12 There were 3 links that passed the next "Check SNS Count" confirmation date and time.
2022-01-08 10:27:12 [1] Confirmed the "Check SNS Count". (NextTime=2021-03-26 12:07:04 URL=https://developer.nvidia.com/cuda/wsl)
2022-01-08 10:27:12 [2] Confirmed the "Check SNS Count". (NextTime=2021-03-22 14:11:04 URL=https://www.amazon.co.jp/gp/product/B07734P6SX/ref=as_li_ss_il?ie=UTF8&#038;psc=1&#038;linkCode=li2&#038;tag=drunkar-22&#038;linkId=254598ec2dd11787382140fae995052f&#038;language=ja_JP)
2022-01-08 10:27:12 [3] Confirmed the "Check SNS Count". (NextTime=2021-03-21 10:14:03 URL=https://sekailab.com/wp/2012/10/26/c%e3%81%a7%e3%80%8c%e3%81%af%e3%81%98%e3%82%81%e3%81%a6%e3%81%ae%e6%a9%9f%e6%a2%b0%e5%ad%a6%e7%bf%92%e3%80%8d2%e7%ab%a0-3%e7%ab%a0/)
2022-01-08 10:41:11 There were 284 links that passed the next "Link Alive Check" confirmation date and time.
2022-01-08 10:41:12 [1] Confirmed the "Link Alive Check". (NextTime=1970-01-01 00:00:00 Result= URL=)
2022-01-08 10:41:12 [2] Confirmed the "Link Alive Check". (NextTime=1970-01-01 00:00:00 Result= URL=)
2022-01-08 10:41:12 [3] Confirmed the "Link Alive Check". (NextTime=1970-01-01 00:00:00 Result= URL=)
2022-01-08 10:41:12 [4] Confirmed the "Link Alive Check". (NextTime=1970-01-01 00:00:00 Result= URL=)
2022-01-08 10:41:13 [5] Confirmed the "Link Alive Check". (NextTime=1970-01-01 00:00:00 Result= URL=)
2022-01-08 11:00:44 There were 284 links that passed the next "Link Alive Check" confirmation date and time.
2022-01-08 11:00:44 [1] Confirmed the "Link Alive Check". (NextTime=1970-01-01 00:00:00 Result= URL=)
2022-01-08 11:00:44 [2] Confirmed the "Link Alive Check". (NextTime=1970-01-01 00:00:00 Result= URL=)
2022-01-08 11:00:45 [3] Confirmed the "Link Alive Check". (NextTime=1970-01-01 00:00:00 Result= URL=)
2022-01-08 11:00:45 [4] Confirmed the "Link Alive Check". (NextTime=1970-01-01 00:00:00 Result= URL=)
2022-01-08 11:00:45 [5] Confirmed the "Link Alive Check". (NextTime=1970-01-01 00:00:00 Result= URL=)
2022-01-08 11:17:52 There were 284 links that passed the next "Link Alive Check" confirmation date and time.
2022-01-08 11:17:52 [1] Confirmed the "Link Alive Check". (NextTime=1970-01-01 00:00:00 Result= URL=)
2022-01-08 11:17:52 [2] Confirmed the "Link Alive Check". (NextTime=1970-01-01 00:00:00 Result= URL=)
2022-01-08 11:17:52 [3] Confirmed the "Link Alive Check". (NextTime=1970-01-01 00:00:00 Result= URL=)
2022-01-08 11:17:53 [4] Confirmed the "Link Alive Check". (NextTime=1970-01-01 00:00:00 Result= URL=)
2022-01-08 11:17:53 [5] Confirmed the "Link Alive Check". (NextTime=1970-01-01 00:00:00 Result= URL=)
2022-01-08 11:23:27 There were 4 links that passed the next "Check SNS Count" confirmation date and time.
2022-01-08 11:23:27 [1] Confirmed the "Check SNS Count". (NextTime=2021-03-20 14:58:34 URL=https://www.tensorflow.org/install/install_sources)
2022-01-08 11:23:27 [2] Confirmed the "Check SNS Count". (NextTime=2021-03-22 06:32:20 URL=https://www.amazon.co.jp/gp/product/B01J74UUD6/ref=as_li_ss_il?ie=UTF8&#038;psc=1&#038;linkCode=li2&#038;tag=drunkar-22&#038;linkId=34401a05e76588a8b541312ea31a2a71)
2022-01-08 11:23:27 [3] Confirmed the "Check SNS Count". (NextTime=2021-04-06 19:40:18 URL=https://www.amazon.co.jp/SIGMA-%E5%8D%98%E7%84%A6%E7%82%B9%E8%B6%85%E5%BA%83%E8%A7%92%E3%83%AC%E3%83%B3%E3%82%BA-14mm-%E3%82%AD%E3%83%A4%E3%83%8E%E3%83%B3%E7%94%A8-%E3%83%95%E3%83%AB%E3%82%B5%E3%82%A4%E3%82%BA%E5%AF%BE%E5%BF%9C/dp/B072KTCV4D/ref=as_li_ss_il?__mk_ja_JP=%E3%82%AB%E3%82%BF%E3%82%AB%E3%83%8A&#038;keywords=SIGMA%E3%81%AE14mm+F1.8+DG+HSM&#038;qid=1556022655&#038;s=gateway&#038;sr=8-1-fkmr0&#038;linkCode=li2&#038;tag=drunkar-22&#038;linkId=d92b94824677fb5602d02799be9e75c3)
2022-01-08 11:23:27 [4] Confirmed the "Check SNS Count". (NextTime=2021-03-13 21:45:58 URL=https://sekailab.com/wp/2020/03/25/deepl-translation-with-kindle-cloud-reader/)
2022-01-08 11:41:59 There were 284 links that passed the next "Link Alive Check" confirmation date and time.
2022-01-08 11:41:59 [1] Confirmed the "Link Alive Check". (NextTime=1970-01-01 00:00:00 Result= URL=)
2022-01-08 11:42:00 [2] Confirmed the "Link Alive Check". (NextTime=1970-01-01 00:00:00 Result= URL=)
2022-01-08 11:42:00 [3] Confirmed the "Link Alive Check". (NextTime=1970-01-01 00:00:00 Result= URL=)
2022-01-08 11:42:01 [4] Confirmed the "Link Alive Check". (NextTime=1970-01-01 00:00:00 Result= URL=)
2022-01-08 11:42:02 [5] Confirmed the "Link Alive Check". (NextTime=1970-01-01 00:00:00 Result= URL=)
2022-01-08 12:01:51 There were 284 links that passed the next "Link Alive Check" confirmation date and time.
2022-01-08 12:01:52 [1] Confirmed the "Link Alive Check". (NextTime=1970-01-01 00:00:00 Result= URL=)
2022-01-08 12:01:52 [2] Confirmed the "Link Alive Check". (NextTime=1970-01-01 00:00:00 Result= URL=)
2022-01-08 12:01:52 [3] Confirmed the "Link Alive Check". (NextTime=1970-01-01 00:00:00 Result= URL=)
2022-01-08 12:01:52 [4] Confirmed the "Link Alive Check". (NextTime=1970-01-01 00:00:00 Result= URL=)
2022-01-08 12:01:53 [5] Confirmed the "Link Alive Check". (NextTime=1970-01-01 00:00:00 Result= URL=)
2022-01-08 12:17:53 There were 284 links that passed the next "Link Alive Check" confirmation date and time.
2022-01-08 12:17:53 [1] Confirmed the "Link Alive Check". (NextTime=1970-01-01 00:00:00 Result= URL=)
2022-01-08 12:17:54 [2] Confirmed the "Link Alive Check". (NextTime=1970-01-01 00:00:00 Result= URL=)
2022-01-08 12:17:54 [3] Confirmed the "Link Alive Check". (NextTime=1970-01-01 00:00:00 Result= URL=)
2022-01-08 12:17:54 [4] Confirmed the "Link Alive Check". (NextTime=1970-01-01 00:00:00 Result= URL=)
2022-01-08 12:17:54 [5] Confirmed the "Link Alive Check". (NextTime=1970-01-01 00:00:00 Result= URL=)
2022-01-08 12:23:34 There were 3 links that passed the next "Check SNS Count" confirmation date and time.
2022-01-08 12:23:34 [1] Confirmed the "Check SNS Count". (NextTime=2021-03-26 12:14:34 URL=https://sekailab.com/wp/2019/03/31/deep-learning-framworks-windows10/)
2022-01-08 12:23:34 [2] Confirmed the "Check SNS Count". (NextTime=2021-03-22 14:03:05 URL=https://sekailab.com/wp/2018/06/09/best-practice-of-cooling-razer-blade/)
2022-01-08 12:23:34 [3] Confirmed the "Check SNS Count". (NextTime=2021-03-22 15:39:21 URL=http://www.orangepi.org/downloadresources/)
2022-01-08 12:45:47 There were 284 links that passed the next "Link Alive Check" confirmation date and time.
2022-01-08 12:45:47 [1] Confirmed the "Link Alive Check". (NextTime=1970-01-01 00:00:00 Result= URL=)
2022-01-08 12:45:47 [2] Confirmed the "Link Alive Check". (NextTime=1970-01-01 00:00:00 Result= URL=)
2022-01-08 12:45:48 [3] Confirmed the "Link Alive Check". (NextTime=1970-01-01 00:00:00 Result= URL=)
2022-01-08 12:45:48 [4] Confirmed the "Link Alive Check". (NextTime=1970-01-01 00:00:00 Result= URL=)
2022-01-08 12:45:48 [5] Confirmed the "Link Alive Check". (NextTime=1970-01-01 00:00:00 Result= URL=)
2022-01-08 13:04:02 There were 284 links that passed the next "Link Alive Check" confirmation date and time.
2022-01-08 13:04:02 [1] Confirmed the "Link Alive Check". (NextTime=1970-01-01 00:00:00 Result= URL=)
2022-01-08 13:04:02 [2] Confirmed the "Link Alive Check". (NextTime=1970-01-01 00:00:00 Result= URL=)
2022-01-08 13:04:02 [3] Confirmed the "Link Alive Check". (NextTime=1970-01-01 00:00:00 Result= URL=)
2022-01-08 13:04:02 [4] Confirmed the "Link Alive Check". (NextTime=1970-01-01 00:00:00 Result= URL=)
2022-01-08 13:04:03 [5] Confirmed the "Link Alive Check". (NextTime=1970-01-01 00:00:00 Result= URL=)
2022-01-08 13:18:23 There were 284 links that passed the next "Link Alive Check" confirmation date and time.
2022-01-08 13:18:23 [1] Confirmed the "Link Alive Check". (NextTime=1970-01-01 00:00:00 Result= URL=)
2022-01-08 13:18:23 [2] Confirmed the "Link Alive Check". (NextTime=1970-01-01 00:00:00 Result= URL=)
2022-01-08 13:18:24 [3] Confirmed the "Link Alive Check". (NextTime=1970-01-01 00:00:00 Result= URL=)
2022-01-08 13:18:24 [4] Confirmed the "Link Alive Check". (NextTime=1970-01-01 00:00:00 Result= URL=)
2022-01-08 13:18:24 [5] Confirmed the "Link Alive Check". (NextTime=1970-01-01 00:00:00 Result= URL=)
2022-01-08 13:23:22 There were 3 links that passed the next "Check SNS Count" confirmation date and time.
2022-01-08 13:23:22 [1] Confirmed the "Check SNS Count". (NextTime=2021-03-20 19:30:40 URL=https://sekailab.com/wp/2012/11/01/c%e3%81%a7%e3%80%8c%e3%81%af%e3%81%98%e3%82%81%e3%81%a6%e3%81%ae%e6%a9%9f%e6%a2%b0%e5%ad%a6%e7%bf%92%e3%80%8d5%e7%ab%a0/)
2022-01-08 13:23:22 [2] Confirmed the "Check SNS Count". (NextTime=2021-03-25 13:32:55 URL=https://docs.nvidia.com/cuda/wsl-user-guide/index.html#getting-started)
2022-01-08 13:23:22 [3] Confirmed the "Check SNS Count". (NextTime=2021-04-06 15:02:23 URL=https://sekailab.com/wp/2018/01/01/crawl-anyway-2018/)
2022-01-08 13:48:57 There were 284 links that passed the next "Link Alive Check" confirmation date and time.
2022-01-08 13:48:58 [1] Confirmed the "Link Alive Check". (NextTime=1970-01-01 00:00:00 Result= URL=)
2022-01-08 13:48:58 [2] Confirmed the "Link Alive Check". (NextTime=1970-01-01 00:00:00 Result= URL=)
2022-01-08 13:48:58 [3] Confirmed the "Link Alive Check". (NextTime=1970-01-01 00:00:00 Result= URL=)
2022-01-08 13:48:58 [4] Confirmed the "Link Alive Check". (NextTime=1970-01-01 00:00:00 Result= URL=)
2022-01-08 13:48:58 [5] Confirmed the "Link Alive Check". (NextTime=1970-01-01 00:00:00 Result= URL=)
2022-01-08 14:05:05 There were 284 links that passed the next "Link Alive Check" confirmation date and time.
2022-01-08 14:05:05 [1] Confirmed the "Link Alive Check". (NextTime=1970-01-01 00:00:00 Result= URL=)
2022-01-08 14:05:06 [2] Confirmed the "Link Alive Check". (NextTime=1970-01-01 00:00:00 Result= URL=)
2022-01-08 14:05:06 [3] Confirmed the "Link Alive Check". (NextTime=1970-01-01 00:00:00 Result= URL=)
2022-01-08 14:05:06 [4] Confirmed the "Link Alive Check". (NextTime=1970-01-01 00:00:00 Result= URL=)
2022-01-08 14:05:06 [5] Confirmed the "Link Alive Check". (NextTime=1970-01-01 00:00:00 Result= URL=)
2022-01-08 14:19:24 There were 284 links that passed the next "Link Alive Check" confirmation date and time.
2022-01-08 14:19:25 [1] Confirmed the "Link Alive Check". (NextTime=1970-01-01 00:00:00 Result= URL=)
2022-01-08 14:19:25 [2] Confirmed the "Link Alive Check". (NextTime=1970-01-01 00:00:00 Result= URL=)
2022-01-08 14:19:25 [3] Confirmed the "Link Alive Check". (NextTime=1970-01-01 00:00:00 Result= URL=)
2022-01-08 14:19:25 [4] Confirmed the "Link Alive Check". (NextTime=1970-01-01 00:00:00 Result= URL=)
2022-01-08 14:19:25 [5] Confirmed the "Link Alive Check". (NextTime=1970-01-01 00:00:00 Result= URL=)
2022-01-08 14:24:37 There were 3 links that passed the next "Check SNS Count" confirmation date and time.
2022-01-08 14:24:38 [1] Confirmed the "Check SNS Count". (NextTime=2021-04-15 04:30:30 URL=https://sekailab.com/wp/2013/07/29/interaction-wit-massan)
2022-01-08 14:24:38 [2] Confirmed the "Check SNS Count". (NextTime=2021-03-25 09:08:18 URL=https://www.amazon.co.jp/%E3%83%9C%E3%83%87%E3%82%A3%E3%82%A6%E3%82%A4%E3%83%B3%E3%82%B0-%E3%83%9B%E3%82%A8%E3%82%A4%E3%83%97%E3%83%AD%E3%83%86%E3%82%A4%E3%83%B3-1kg-%E7%84%A1%E6%B7%BB%E5%8A%A0-%E3%83%8A%E3%83%81%E3%83%A5%E3%83%A9%E3%83%AB/dp/B01COZY3VK/ref=as_li_ss_il?s=hpc&#038;ie=UTF8&#038;qid=1483631751&#038;sr=1-11&#038;keywords=%E3%83%97%E3%83%AD%E3%83%86%E3%82%A4%E3%83%B3&#038;linkCode=li2&#038;tag=drunkar-22&#038;linkId=ef06cf2c8c30b70091f64dd4bdd79619)
2022-01-08 14:24:38 [3] Confirmed the "Check SNS Count". (NextTime=2021-04-12 01:10:45 URL=https://www.amazon.co.jp/%E3%82%AA%E3%83%97%E3%83%86%E3%82%A3%E3%83%9E%E3%83%A0%E3%83%8B%E3%83%A5%E3%83%BC%E3%83%88%E3%83%AA%E3%82%B7%E3%83%A7%E3%83%B3-Optimum-Nutrition-%E3%82%AF%E3%83%AC%E3%82%A2%E3%83%81%E3%83%B3%E3%83%91%E3%82%A6%E3%83%80%E3%83%BC-600g/dp/B000BT8U5W/ref=as_li_ss_il?__mk_ja_JP=%E3%82%AB%E3%82%BF%E3%82%AB%E3%83%8A&#038;keywords=%E3%82%AF%E3%83%AC%E3%82%A2%E3%83%81%E3%83%B3&#038;qid=1553338137&#038;s=gateway&#038;sr=8-3&#038;linkCode=li2&#038;tag=drunkar-22&#038;linkId=63b54101aa4a78f96c6739ec39d86e74&#038;language=ja_JP)
2022-01-08 14:49:43 There were 284 links that passed the next "Link Alive Check" confirmation date and time.
2022-01-08 14:49:43 [1] Confirmed the "Link Alive Check". (NextTime=1970-01-01 00:00:00 Result= URL=)
2022-01-08 14:49:43 [2] Confirmed the "Link Alive Check". (NextTime=1970-01-01 00:00:00 Result= URL=)
2022-01-08 14:49:44 [3] Confirmed the "Link Alive Check". (NextTime=1970-01-01 00:00:00 Result= URL=)
2022-01-08 14:49:44 [4] Confirmed the "Link Alive Check". (NextTime=1970-01-01 00:00:00 Result= URL=)
2022-01-08 14:49:44 [5] Confirmed the "Link Alive Check". (NextTime=1970-01-01 00:00:00 Result= URL=)
2022-01-08 15:05:45 There were 284 links that passed the next "Link Alive Check" confirmation date and time.
2022-01-08 15:05:45 [1] Confirmed the "Link Alive Check". (NextTime=1970-01-01 00:00:00 Result= URL=)
2022-01-08 15:05:45 [2] Confirmed the "Link Alive Check". (NextTime=1970-01-01 00:00:00 Result= URL=)
2022-01-08 15:05:45 [3] Confirmed the "Link Alive Check". (NextTime=1970-01-01 00:00:00 Result= URL=)
2022-01-08 15:05:46 [4] Confirmed the "Link Alive Check". (NextTime=1970-01-01 00:00:00 Result= URL=)
2022-01-08 15:05:46 [5] Confirmed the "Link Alive Check". (NextTime=1970-01-01 00:00:00 Result= URL=)
2022-01-08 15:20:11 There were 284 links that passed the next "Link Alive Check" confirmation date and time.
2022-01-08 15:20:11 [1] Confirmed the "Link Alive Check". (NextTime=1970-01-01 00:00:00 Result= URL=)
2022-01-08 15:20:12 [2] Confirmed the "Link Alive Check". (NextTime=1970-01-01 00:00:00 Result= URL=)
2022-01-08 15:20:12 [3] Confirmed the "Link Alive Check". (NextTime=1970-01-01 00:00:00 Result= URL=)
2022-01-08 15:20:12 [4] Confirmed the "Link Alive Check". (NextTime=1970-01-01 00:00:00 Result= URL=)
2022-01-08 15:20:12 [5] Confirmed the "Link Alive Check". (NextTime=1970-01-01 00:00:00 Result= URL=)
2022-01-08 15:23:10 There were 4 links that passed the next "Check SNS Count" confirmation date and time.
2022-01-08 15:23:10 [1] Confirmed the "Check SNS Count". (NextTime=2021-04-05 02:04:04 URL=https://sekailab.com/wp/2018/04/10/python-2-79-anaconda-python/)
2022-01-08 15:23:10 [2] Confirmed the "Check SNS Count". (NextTime=2021-04-16 18:03:34 URL=https://sekailab.com/wp/2018/05/28/4000-yen-bluetooth-earphone-for-bath-time)
2022-01-08 15:23:10 [3] Confirmed the "Check SNS Count". (NextTime=2021-03-25 00:04:31 URL=https://sekailab.com/wp/2012/10/28/c%e3%81%a7%e3%80%8c%e3%81%af%e3%81%98%e3%82%81%e3%81%a6%e3%81%ae%e6%a9%9f%e6%a2%b0%e5%ad%a6%e7%bf%92%e3%80%8d6%e7%ab%a0/)
2022-01-08 15:23:10 [4] Confirmed the "Check SNS Count". (NextTime=2021-04-15 01:59:14 URL=https://twitter.com/search?q=from%3Agoroman%20since%3A2020-07-06%20until%3A2020-07-07&#038;src=typed_query&#038;f=live)
2022-01-08 15:54:57 There were 284 links that passed the next "Link Alive Check" confirmation date and time.
2022-01-08 15:54:58 [1] Confirmed the "Link Alive Check". (NextTime=1970-01-01 00:00:00 Result= URL=)
2022-01-08 15:54:58 [2] Confirmed the "Link Alive Check". (NextTime=1970-01-01 00:00:00 Result= URL=)
2022-01-08 15:54:58 [3] Confirmed the "Link Alive Check". (NextTime=1970-01-01 00:00:00 Result= URL=)
2022-01-08 15:54:58 [4] Confirmed the "Link Alive Check". (NextTime=1970-01-01 00:00:00 Result= URL=)
2022-01-08 15:54:59 [5] Confirmed the "Link Alive Check". (NextTime=1970-01-01 00:00:00 Result= URL=)
2022-01-08 16:08:58 There were 284 links that passed the next "Link Alive Check" confirmation date and time.
2022-01-08 16:08:59 [1] Confirmed the "Link Alive Check". (NextTime=1970-01-01 00:00:00 Result= URL=)
2022-01-08 16:08:59 [2] Confirmed the "Link Alive Check". (NextTime=1970-01-01 00:00:00 Result= URL=)
2022-01-08 16:08:59 [3] Confirmed the "Link Alive Check". (NextTime=1970-01-01 00:00:00 Result= URL=)
2022-01-08 16:08:59 [4] Confirmed the "Link Alive Check". (NextTime=1970-01-01 00:00:00 Result= URL=)
2022-01-08 16:09:00 [5] Confirmed the "Link Alive Check". (NextTime=1970-01-01 00:00:00 Result= URL=)
2022-01-08 16:20:23 There were 284 links that passed the next "Link Alive Check" confirmation date and time.
2022-01-08 16:20:23 [1] Confirmed the "Link Alive Check". (NextTime=1970-01-01 00:00:00 Result= URL=)
2022-01-08 16:20:23 [2] Confirmed the "Link Alive Check". (NextTime=1970-01-01 00:00:00 Result= URL=)
2022-01-08 16:20:24 [3] Confirmed the "Link Alive Check". (NextTime=1970-01-01 00:00:00 Result= URL=)
2022-01-08 16:20:24 [4] Confirmed the "Link Alive Check". (NextTime=1970-01-01 00:00:00 Result= URL=)
2022-01-08 16:20:24 [5] Confirmed the "Link Alive Check". (NextTime=1970-01-01 00:00:00 Result= URL=)
2022-01-08 16:23:18 There were 2 links that passed the next "Check SNS Count" confirmation date and time.
2022-01-08 16:23:18 [1] Confirmed the "Check SNS Count". (NextTime=2021-03-25 11:34:23 URL=https://www.amazon.co.jp/dp/B07X37WWV2/ref=as_li_ss_il?_encoding=UTF8&#038;psc=1&#038;linkCode=li2&#038;tag=drunkar-22&#038;linkId=e9c9a5b2ef13df006a8643907b926818&#038;language=ja_JP)
2022-01-08 16:23:18 [2] Confirmed the "Check SNS Count". (NextTime=2021-03-26 00:34:32 URL=https://sekailab.com/wp/2018/04/14/sakura-vps-nem-supernode-2/)
2022-01-08 16:55:48 There were 284 links that passed the next "Link Alive Check" confirmation date and time.
2022-01-08 16:55:48 [1] Confirmed the "Link Alive Check". (NextTime=1970-01-01 00:00:00 Result= URL=)
2022-01-08 16:55:48 [2] Confirmed the "Link Alive Check". (NextTime=1970-01-01 00:00:00 Result= URL=)
2022-01-08 16:55:49 [3] Confirmed the "Link Alive Check". (NextTime=1970-01-01 00:00:00 Result= URL=)
2022-01-08 16:55:49 [4] Confirmed the "Link Alive Check". (NextTime=1970-01-01 00:00:00 Result= URL=)
2022-01-08 16:55:49 [5] Confirmed the "Link Alive Check". (NextTime=1970-01-01 00:00:00 Result= URL=)
2022-01-08 17:10:43 There were 284 links that passed the next "Link Alive Check" confirmation date and time.
2022-01-08 17:10:43 [1] Confirmed the "Link Alive Check". (NextTime=1970-01-01 00:00:00 Result= URL=)
2022-01-08 17:10:43 [2] Confirmed the "Link Alive Check". (NextTime=1970-01-01 00:00:00 Result= URL=)
2022-01-08 17:10:43 [3] Confirmed the "Link Alive Check". (NextTime=1970-01-01 00:00:00 Result= URL=)
2022-01-08 17:10:43 [4] Confirmed the "Link Alive Check". (NextTime=1970-01-01 00:00:00 Result= URL=)
2022-01-08 17:10:44 [5] Confirmed the "Link Alive Check". (NextTime=1970-01-01 00:00:00 Result= URL=)
2022-01-08 17:20:55 There were 284 links that passed the next "Link Alive Check" confirmation date and time.
2022-01-08 17:20:55 [1] Confirmed the "Link Alive Check". (NextTime=1970-01-01 00:00:00 Result= URL=)
2022-01-08 17:20:55 [2] Confirmed the "Link Alive Check". (NextTime=1970-01-01 00:00:00 Result= URL=)
2022-01-08 17:20:55 [3] Confirmed the "Link Alive Check". (NextTime=1970-01-01 00:00:00 Result= URL=)
2022-01-08 17:20:56 [4] Confirmed the "Link Alive Check". (NextTime=1970-01-01 00:00:00 Result= URL=)
2022-01-08 17:20:56 [5] Confirmed the "Link Alive Check". (NextTime=1970-01-01 00:00:00 Result= URL=)
2022-01-08 17:23:31 There were 2 links that passed the next "Check SNS Count" confirmation date and time.
2022-01-08 17:23:31 [1] Confirmed the "Check SNS Count". (NextTime=2021-04-16 06:53:34 URL=https://sekailab.com/wp/2018/09/04/mistel-barocco-mag-feet)
2022-01-08 17:23:31 [2] Confirmed the "Check SNS Count". (NextTime=2021-03-26 04:14:37 URL=https://www.atmarkit.co.jp/ait/articles/1812/06/news040.html)
2022-01-08 17:58:04 There were 284 links that passed the next "Link Alive Check" confirmation date and time.
2022-01-08 17:58:05 [1] Confirmed the "Link Alive Check". (NextTime=1970-01-01 00:00:00 Result= URL=)
2022-01-08 17:58:05 [2] Confirmed the "Link Alive Check". (NextTime=1970-01-01 00:00:00 Result= URL=)
2022-01-08 17:58:05 [3] Confirmed the "Link Alive Check". (NextTime=1970-01-01 00:00:00 Result= URL=)
2022-01-08 17:58:06 [4] Confirmed the "Link Alive Check". (NextTime=1970-01-01 00:00:00 Result= URL=)
2022-01-08 17:58:06 [5] Confirmed the "Link Alive Check". (NextTime=1970-01-01 00:00:00 Result= URL=)
2022-01-08 18:10:52 There were 284 links that passed the next "Link Alive Check" confirmation date and time.
2022-01-08 18:10:52 [1] Confirmed the "Link Alive Check". (NextTime=1970-01-01 00:00:00 Result= URL=)
2022-01-08 18:10:53 [2] Confirmed the "Link Alive Check". (NextTime=1970-01-01 00:00:00 Result= URL=)
2022-01-08 18:10:53 [3] Confirmed the "Link Alive Check". (NextTime=1970-01-01 00:00:00 Result= URL=)
2022-01-08 18:10:53 [4] Confirmed the "Link Alive Check". (NextTime=1970-01-01 00:00:00 Result= URL=)
2022-01-08 18:10:53 [5] Confirmed the "Link Alive Check". (NextTime=1970-01-01 00:00:00 Result= URL=)
2022-01-08 18:21:43 There were 284 links that passed the next "Link Alive Check" confirmation date and time.
2022-01-08 18:21:44 [1] Confirmed the "Link Alive Check". (NextTime=1970-01-01 00:00:00 Result= URL=)
2022-01-08 18:21:44 [2] Confirmed the "Link Alive Check". (NextTime=1970-01-01 00:00:00 Result= URL=)
2022-01-08 18:21:44 [3] Confirmed the "Link Alive Check". (NextTime=1970-01-01 00:00:00 Result= URL=)
2022-01-08 18:21:44 [4] Confirmed the "Link Alive Check". (NextTime=1970-01-01 00:00:00 Result= URL=)
2022-01-08 18:21:44 [5] Confirmed the "Link Alive Check". (NextTime=1970-01-01 00:00:00 Result= URL=)
2022-01-08 18:25:06 There were 3 links that passed the next "Check SNS Count" confirmation date and time.
2022-01-08 18:25:06 [1] Confirmed the "Check SNS Count". (NextTime=2021-04-17 08:51:24 URL=https://www.banggood.com/ja/IRangeX-iRX-IR8M-2_4G-8CH-Multi-Protocol-Transmitter-With-PPM-S_BUS-Mini-Receiver-p-1226058.html?p=K226105168701201606R&#038;custlinkid=129861)
2022-01-08 18:25:06 [2] Confirmed the "Check SNS Count". (NextTime=2021-03-20 16:04:00 URL=https://sekailab.com/wp/2018/11/15/build-1755-mhz-oc-rtx-20180-ti-pc-in-280000-jpy/)
2022-01-08 18:25:06 [3] Confirmed the "Check SNS Count". (NextTime=2021-04-15 10:00:06 URL=https://sekailab.com/wp/2019/03/31/deep-learning-framworks-windows10)
2022-01-08 18:58:14 There were 284 links that passed the next "Link Alive Check" confirmation date and time.
2022-01-08 18:58:14 [1] Confirmed the "Link Alive Check". (NextTime=1970-01-01 00:00:00 Result= URL=)
2022-01-08 18:58:14 [2] Confirmed the "Link Alive Check". (NextTime=1970-01-01 00:00:00 Result= URL=)
2022-01-08 18:58:15 [3] Confirmed the "Link Alive Check". (NextTime=1970-01-01 00:00:00 Result= URL=)
2022-01-08 18:58:15 [4] Confirmed the "Link Alive Check". (NextTime=1970-01-01 00:00:00 Result= URL=)
2022-01-08 18:58:15 [5] Confirmed the "Link Alive Check". (NextTime=1970-01-01 00:00:00 Result= URL=)
2022-01-08 19:11:19 There were 284 links that passed the next "Link Alive Check" confirmation date and time.
2022-01-08 19:11:20 [1] Confirmed the "Link Alive Check". (NextTime=1970-01-01 00:00:00 Result= URL=)
2022-01-08 19:11:20 [2] Confirmed the "Link Alive Check". (NextTime=1970-01-01 00:00:00 Result= URL=)
2022-01-08 19:11:20 [3] Confirmed the "Link Alive Check". (NextTime=1970-01-01 00:00:00 Result= URL=)
2022-01-08 19:11:20 [4] Confirmed the "Link Alive Check". (NextTime=1970-01-01 00:00:00 Result= URL=)
2022-01-08 19:11:21 [5] Confirmed the "Link Alive Check". (NextTime=1970-01-01 00:00:00 Result= URL=)
2022-01-08 19:23:23 There were 284 links that passed the next "Link Alive Check" confirmation date and time.
2022-01-08 19:23:23 [1] Confirmed the "Link Alive Check". (NextTime=1970-01-01 00:00:00 Result= URL=)
2022-01-08 19:23:24 [2] Confirmed the "Link Alive Check". (NextTime=1970-01-01 00:00:00 Result= URL=)
2022-01-08 19:23:24 [3] Confirmed the "Link Alive Check". (NextTime=1970-01-01 00:00:00 Result= URL=)
2022-01-08 19:23:24 [4] Confirmed the "Link Alive Check". (NextTime=1970-01-01 00:00:00 Result= URL=)
2022-01-08 19:23:24 [5] Confirmed the "Link Alive Check". (NextTime=1970-01-01 00:00:00 Result= URL=)
2022-01-08 19:23:24 There were 2 links that passed the next "Check SNS Count" confirmation date and time.
2022-01-08 19:23:25 [1] Confirmed the "Check SNS Count". (NextTime=2021-04-14 19:41:24 URL=https://sekailab.com/wp/2018/08/27/review-waterproof-bluetooth-earphone)
2022-01-08 19:23:25 [2] Confirmed the "Check SNS Count". (NextTime=2021-03-24 04:04:18 URL=https://sourceforge.net/projects/mingw-w64/)
2022-01-08 19:59:51 There were 284 links that passed the next "Link Alive Check" confirmation date and time.
2022-01-08 19:59:51 [1] Confirmed the "Link Alive Check". (NextTime=1970-01-01 00:00:00 Result= URL=)
2022-01-08 19:59:51 [2] Confirmed the "Link Alive Check". (NextTime=1970-01-01 00:00:00 Result= URL=)
2022-01-08 19:59:52 [3] Confirmed the "Link Alive Check". (NextTime=1970-01-01 00:00:00 Result= URL=)
2022-01-08 19:59:52 [4] Confirmed the "Link Alive Check". (NextTime=1970-01-01 00:00:00 Result= URL=)
2022-01-08 19:59:52 [5] Confirmed the "Link Alive Check". (NextTime=1970-01-01 00:00:00 Result= URL=)
2022-01-08 20:13:29 There were 284 links that passed the next "Link Alive Check" confirmation date and time.
2022-01-08 20:13:29 [1] Confirmed the "Link Alive Check". (NextTime=1970-01-01 00:00:00 Result= URL=)
2022-01-08 20:13:29 [2] Confirmed the "Link Alive Check". (NextTime=1970-01-01 00:00:00 Result= URL=)
2022-01-08 20:13:29 [3] Confirmed the "Link Alive Check". (NextTime=1970-01-01 00:00:00 Result= URL=)
2022-01-08 20:13:30 [4] Confirmed the "Link Alive Check". (NextTime=1970-01-01 00:00:00 Result= URL=)
2022-01-08 20:13:30 [5] Confirmed the "Link Alive Check". (NextTime=1970-01-01 00:00:00 Result= URL=)
2022-01-08 20:23:13 There were 6 links that passed the next "Check SNS Count" confirmation date and time.
2022-01-08 20:23:14 [1] Confirmed the "Check SNS Count". (NextTime=2021-04-14 12:10:29 URL=https://sekailab.com/wp/2019/03/20/vid2vid-on-windows10)
2022-01-08 20:23:14 [2] Confirmed the "Check SNS Count". (NextTime=2021-04-15 11:44:32 URL=https://sekailab.com/wp/2018/01/12/15w-chinese-laser-cutter-3)
2022-01-08 20:23:14 [3] Confirmed the "Check SNS Count". (NextTime=2021-03-20 17:57:15 URL=https://github.com/lwfinger/rtl8188eu)
2022-01-08 20:23:14 [4] Confirmed the "Check SNS Count". (NextTime=2021-03-20 22:02:44 URL=https://www.amazon.co.jp/gp/product/B07QNVHMFC/ref=as_li_ss_il?ie=UTF8&#038;psc=1&#038;linkCode=li2&#038;tag=drunkar-22&#038;linkId=d9dcb66a676446c9063f6fa75839ce05)
2022-01-08 20:23:14 [5] Confirmed the "Check SNS Count". (NextTime=2021-03-25 21:40:42 URL=https://www.thingiverse.com/thing:2848039)
2022-01-08 20:23:14 [6] Confirmed the "Check SNS Count". (NextTime=2021-03-25 21:47:36 URL=https://www.pyimagesearch.com/2017/09/11/object-detection-with-deep-learning-and-opencv/)
2022-01-08 20:23:31 There were 284 links that passed the next "Link Alive Check" confirmation date and time.
2022-01-08 20:23:32 [1] Confirmed the "Link Alive Check". (NextTime=1970-01-01 00:00:00 Result= URL=)
2022-01-08 20:23:32 [2] Confirmed the "Link Alive Check". (NextTime=1970-01-01 00:00:00 Result= URL=)
2022-01-08 20:23:32 [3] Confirmed the "Link Alive Check". (NextTime=1970-01-01 00:00:00 Result= URL=)
2022-01-08 20:23:32 [4] Confirmed the "Link Alive Check". (NextTime=1970-01-01 00:00:00 Result= URL=)
2022-01-08 20:23:33 [5] Confirmed the "Link Alive Check". (NextTime=1970-01-01 00:00:00 Result= URL=)
2022-01-08 21:00:56 There were 284 links that passed the next "Link Alive Check" confirmation date and time.
2022-01-08 21:00:56 [1] Confirmed the "Link Alive Check". (NextTime=1970-01-01 00:00:00 Result= URL=)
2022-01-08 21:00:56 [2] Confirmed the "Link Alive Check". (NextTime=1970-01-01 00:00:00 Result= URL=)
2022-01-08 21:00:56 [3] Confirmed the "Link Alive Check". (NextTime=1970-01-01 00:00:00 Result= URL=)
2022-01-08 21:00:57 [4] Confirmed the "Link Alive Check". (NextTime=1970-01-01 00:00:00 Result= URL=)
2022-01-08 21:00:57 [5] Confirmed the "Link Alive Check". (NextTime=1970-01-01 00:00:00 Result= URL=)
2022-01-08 21:13:37 There were 284 links that passed the next "Link Alive Check" confirmation date and time.
2022-01-08 21:13:37 [1] Confirmed the "Link Alive Check". (NextTime=1970-01-01 00:00:00 Result= URL=)
2022-01-08 21:13:37 [2] Confirmed the "Link Alive Check". (NextTime=1970-01-01 00:00:00 Result= URL=)
2022-01-08 21:13:37 [3] Confirmed the "Link Alive Check". (NextTime=1970-01-01 00:00:00 Result= URL=)
2022-01-08 21:13:37 [4] Confirmed the "Link Alive Check". (NextTime=1970-01-01 00:00:00 Result= URL=)
2022-01-08 21:13:38 [5] Confirmed the "Link Alive Check". (NextTime=1970-01-01 00:00:00 Result= URL=)
2022-01-08 21:24:46 There were 6 links that passed the next "Check SNS Count" confirmation date and time.
2022-01-08 21:24:46 [1] Confirmed the "Check SNS Count". (NextTime=2021-04-06 16:27:15 URL=https://github.com/Drunkar/crawler-base)
2022-01-08 21:24:46 [2] Confirmed the "Check SNS Count". (NextTime=2021-04-11 22:18:15 URL=http://akizukidenshi.com/catalog/g/gP-07598/)
2022-01-08 21:24:46 [3] Confirmed the "Check SNS Count". (NextTime=2021-03-25 06:30:50 URL=https://github.com/nara256/mhz19_uart)
2022-01-08 21:24:46 [4] Confirmed the "Check SNS Count". (NextTime=2021-03-23 03:28:45 URL=https://www.banggood.com/International-Version-Xiaomi-AMAZFIT-Huami-Stratos-Sports-Smart-Watch-2-GPS-1_34inch-2_5D-Screen-5ATM-p-1240814.html?p=K226105168701201606R)
2022-01-08 21:24:46 [5] Confirmed the "Check SNS Count". (NextTime=2021-03-25 14:52:52 URL=https://www.amazon.co.jp/uxcell-%E8%80%90%E7%86%B1%E3%82%AB%E3%83%97%E3%83%88%E3%83%B3%E3%83%86%E3%83%BC%E3%83%97-%E3%83%9D%E3%83%AA%E3%82%A4%E3%83%9F%E3%83%89-BGA-%E9%AB%98%E6%B8%A9-25mm/dp/B01HTF92YS/ref=as_li_ss_il?ie=UTF8&#038;qid=1527414817&#038;sr=8-2&#038;keywords=%E3%82%AB%E3%83%97%E3%83%88%E3%83%B3%E3%83%86%E3%83%BC%E3%83%97+25mm&#038;linkCode=li2&#038;tag=drunkar-22&#038;linkId=5c160aed08e16dc5d77fb3bb1a348f9a)
2022-01-08 21:24:46 [6] Confirmed the "Check SNS Count". (NextTime=2021-03-22 00:13:21 URL=https://www.amazon.co.jp/ZORTRAX-%E3%80%90%E6%AD%A3%E8%A6%8F%E4%BB%A3%E7%90%86%E5%BA%97%E3%80%91ZORTRAX-M200-3D%E3%83%97%E3%83%AA%E3%83%B3%E3%82%BF%E3%83%BC-FDM/dp/B00UWEZ8RE/ref=as_li_ss_il?ie=UTF8&#038;qid=1514638656&#038;sr=8-1&#038;keywords=zortrax+m200&#038;linkCode=li2&#038;tag=drunkar-22&#038;linkId=8b8050f533516d0f9f8e07e71693bd99)
2022-01-08 21:24:46 There were 284 links that passed the next "Link Alive Check" confirmation date and time.
2022-01-08 21:24:47 [1] Confirmed the "Link Alive Check". (NextTime=1970-01-01 00:00:00 Result= URL=)
2022-01-08 21:24:47 [2] Confirmed the "Link Alive Check". (NextTime=1970-01-01 00:00:00 Result= URL=)
2022-01-08 21:24:47 [3] Confirmed the "Link Alive Check". (NextTime=1970-01-01 00:00:00 Result= URL=)
2022-01-08 21:24:47 [4] Confirmed the "Link Alive Check". (NextTime=1970-01-01 00:00:00 Result= URL=)
2022-01-08 21:24:48 [5] Confirmed the "Link Alive Check". (NextTime=1970-01-01 00:00:00 Result= URL=)
2022-01-08 22:01:33 There were 284 links that passed the next "Link Alive Check" confirmation date and time.
2022-01-08 22:01:33 [1] Confirmed the "Link Alive Check". (NextTime=1970-01-01 00:00:00 Result= URL=)
2022-01-08 22:01:33 [2] Confirmed the "Link Alive Check". (NextTime=1970-01-01 00:00:00 Result= URL=)
2022-01-08 22:01:34 [3] Confirmed the "Link Alive Check". (NextTime=1970-01-01 00:00:00 Result= URL=)
2022-01-08 22:01:34 [4] Confirmed the "Link Alive Check". (NextTime=1970-01-01 00:00:00 Result= URL=)
2022-01-08 22:01:34 [5] Confirmed the "Link Alive Check". (NextTime=1970-01-01 00:00:00 Result= URL=)
2022-01-08 22:14:47 There were 284 links that passed the next "Link Alive Check" confirmation date and time.
2022-01-08 22:14:48 [1] Confirmed the "Link Alive Check". (NextTime=1970-01-01 00:00:00 Result= URL=)
2022-01-08 22:14:48 [2] Confirmed the "Link Alive Check". (NextTime=1970-01-01 00:00:00 Result= URL=)
2022-01-08 22:14:48 [3] Confirmed the "Link Alive Check". (NextTime=1970-01-01 00:00:00 Result= URL=)
2022-01-08 22:14:48 [4] Confirmed the "Link Alive Check". (NextTime=1970-01-01 00:00:00 Result= URL=)
2022-01-08 22:14:48 [5] Confirmed the "Link Alive Check". (NextTime=1970-01-01 00:00:00 Result= URL=)
2022-01-08 22:24:24 There were 4 links that passed the next "Check SNS Count" confirmation date and time.
2022-01-08 22:24:24 [1] Confirmed the "Check SNS Count". (NextTime=2021-04-14 18:51:01 URL=http://jikohtei.ciao.jp/drip/swissgold_test.html)
2022-01-08 22:24:24 [2] Confirmed the "Check SNS Count". (NextTime=2021-04-15 05:42:12 URL=https://sekailab.com/wp/2018/08/14/librealsense-with-armbian-on-orangepi-pc2)
2022-01-08 22:24:24 [3] Confirmed the "Check SNS Count". (NextTime=2021-03-25 15:46:01 URL=https://www.amazon.co.jp/%E3%82%B5%E3%83%B3%E3%82%B3%E3%83%BC-USBWATC2-USB%E6%B0%B4%E5%86%B7%E9%9D%99%E9%9F%B3%E3%82%AF%E3%83%BC%E3%83%AA%E3%83%B3%E3%82%B0%E3%83%9E%E3%83%83%E3%83%88/dp/B01GR6XRIC/ref=as_li_ss_il?ie=UTF8&#038;qid=1528535057&#038;sr=8-11&#038;keywords=%E6%B0%B4%E5%86%B7&#038;linkCode=li2&#038;tag=drunkar-22&#038;linkId=3d0a276dcbde2abf7dd0f82cccbcc9be)
2022-01-08 22:24:24 [4] Confirmed the "Check SNS Count". (NextTime=2021-03-14 18:08:55 URL=https://sekailab.com/wp/2019/01/08/google-translate-tools-for-english-papers/)
2022-01-08 22:25:23 There were 284 links that passed the next "Link Alive Check" confirmation date and time.
2022-01-08 22:25:23 [1] Confirmed the "Link Alive Check". (NextTime=1970-01-01 00:00:00 Result= URL=)
2022-01-08 22:25:23 [2] Confirmed the "Link Alive Check". (NextTime=1970-01-01 00:00:00 Result= URL=)
2022-01-08 22:25:23 [3] Confirmed the "Link Alive Check". (NextTime=1970-01-01 00:00:00 Result= URL=)
2022-01-08 22:25:23 [4] Confirmed the "Link Alive Check". (NextTime=1970-01-01 00:00:00 Result= URL=)
2022-01-08 22:25:24 [5] Confirmed the "Link Alive Check". (NextTime=1970-01-01 00:00:00 Result= URL=)
2022-01-08 23:02:16 There were 284 links that passed the next "Link Alive Check" confirmation date and time.
2022-01-08 23:02:16 [1] Confirmed the "Link Alive Check". (NextTime=1970-01-01 00:00:00 Result= URL=)
2022-01-08 23:02:17 [2] Confirmed the "Link Alive Check". (NextTime=1970-01-01 00:00:00 Result= URL=)
2022-01-08 23:02:17 [3] Confirmed the "Link Alive Check". (NextTime=1970-01-01 00:00:00 Result= URL=)
2022-01-08 23:02:17 [4] Confirmed the "Link Alive Check". (NextTime=1970-01-01 00:00:00 Result= URL=)
2022-01-08 23:02:17 [5] Confirmed the "Link Alive Check". (NextTime=1970-01-01 00:00:00 Result= URL=)
2022-01-08 23:15:05 There were 284 links that passed the next "Link Alive Check" confirmation date and time.
2022-01-08 23:15:06 [1] Confirmed the "Link Alive Check". (NextTime=1970-01-01 00:00:00 Result= URL=)
2022-01-08 23:15:06 [2] Confirmed the "Link Alive Check". (NextTime=1970-01-01 00:00:00 Result= URL=)
2022-01-08 23:15:06 [3] Confirmed the "Link Alive Check". (NextTime=1970-01-01 00:00:00 Result= URL=)
2022-01-08 23:15:06 [4] Confirmed the "Link Alive Check". (NextTime=1970-01-01 00:00:00 Result= URL=)
2022-01-08 23:15:07 [5] Confirmed the "Link Alive Check". (NextTime=1970-01-01 00:00:00 Result= URL=)
2022-01-08 23:26:16 There were 3 links that passed the next "Check SNS Count" confirmation date and time.
2022-01-08 23:26:16 [1] Confirmed the "Check SNS Count". (NextTime=2021-03-25 10:23:57 URL=https://play.google.com/store/apps/details?id=com.xodo.pdf.reader&#038;hl=ja)
2022-01-08 23:26:16 [2] Confirmed the "Check SNS Count". (NextTime=2021-03-22 04:55:13 URL=https://www.armbian.com/orange-pi-pc2/)
2022-01-08 23:26:16 [3] Confirmed the "Check SNS Count". (NextTime=2021-04-15 11:01:06 URL=https://sekailab.com/wp/2013/12/11/watch-process-to-send-gmail)
2022-01-08 23:26:16 There were 284 links that passed the next "Link Alive Check" confirmation date and time.
2022-01-08 23:26:16 [1] Confirmed the "Link Alive Check". (NextTime=1970-01-01 00:00:00 Result= URL=)
2022-01-08 23:26:17 [2] Confirmed the "Link Alive Check". (NextTime=1970-01-01 00:00:00 Result= URL=)
2022-01-08 23:26:17 [3] Confirmed the "Link Alive Check". (NextTime=1970-01-01 00:00:00 Result= URL=)
2022-01-08 23:26:17 [4] Confirmed the "Link Alive Check". (NextTime=1970-01-01 00:00:00 Result= URL=)
2022-01-08 23:26:17 [5] Confirmed the "Link Alive Check". (NextTime=1970-01-01 00:00:00 Result= URL=)
