2023-12-08 00:30:05 There were 284 links that passed the next "Link Alive Check" confirmation date and time.
2023-12-08 00:30:05 [1] Confirmed the "Link Alive Check". (NextTime=1970-01-01 00:00:00 Result= URL=)
2023-12-08 00:30:05 [2] Confirmed the "Link Alive Check". (NextTime=1970-01-01 00:00:00 Result= URL=)
2023-12-08 00:30:05 [3] Confirmed the "Link Alive Check". (NextTime=1970-01-01 00:00:00 Result= URL=)
2023-12-08 00:30:06 [4] Confirmed the "Link Alive Check". (NextTime=1970-01-01 00:00:00 Result= URL=)
2023-12-08 00:30:06 [5] Confirmed the "Link Alive Check". (NextTime=1970-01-01 00:00:00 Result= URL=)
2023-12-08 02:35:15 There were 16 links that passed the next "Check SNS Count" confirmation date and time.
2023-12-08 02:35:15 [1] Confirmed the "Check SNS Count". (NextTime=2021-03-22 15:57:50 URL=https://popozure.info)
2023-12-08 02:35:15 [2] Confirmed the "Check SNS Count". (NextTime=2021-03-21 00:43:30 URL=https://www.amazon.co.jp/gp/product/B075DCVQC5/ref=as_li_ss_il?ie=UTF8&#038;th=1&#038;linkCode=li2&#038;tag=drunkar-22&#038;linkId=a5e6477cdc20f78703f077db59aabbd2)
2023-12-08 02:35:16 [3] Confirmed the "Check SNS Count". (NextTime=2021-04-15 07:51:20 URL=https://sekailab.com/wp/2019/03/23/white-powder-for-your-health)
2023-12-08 02:35:16 [4] Confirmed the "Check SNS Count". (NextTime=2021-03-21 17:50:06 URL=https://www.amazon.co.jp/%E3%83%AD%E3%82%B8%E3%82%AF%E3%83%BC%E3%83%AB-USB%E3%83%98%E3%83%83%E3%83%89%E3%82%BB%E3%83%83%E3%83%88Logicool-Headset-H390-H390R/dp/B079WKMMBM/ref=as_li_ss_il?__mk_ja_JP=%E3%82%AB%E3%82%BF%E3%82%AB%E3%83%8A&#038;dchild=1&#038;keywords=%E3%83%AD%E3%82%B8%E3%82%AF%E3%83%BC%E3%83%AB+H390&#038;qid=1598263960&#038;sr=8-2&#038;linkCode=li2&#038;tag=drunkar-22&#038;linkId=986cdeae0b10b04d9002c97aa5382f07)
2023-12-08 02:35:16 [5] Confirmed the "Check SNS Count". (NextTime=2021-03-23 02:02:23 URL=https://sekailab.com/wp/2018/01/12/15w-chinese-laser-cutter-3/)
2023-12-08 02:35:16 [6] Confirmed the "Check SNS Count". (NextTime=2021-04-15 08:07:48 URL=https://sekailab.com/?s=300%E3%83%89%E3%83%AB15W%E4%B8%AD%E8%8F%AF%E5%8D%8A%E5%B0%8E%E4%BD%93%E3%83%AC%E3%83%BC%E3%82%B6%E3%83%BC%E3%82%AB%E3%83%83%E3%82%BF%E3%83%BC)
2023-12-08 02:35:16 [7] Confirmed the "Check SNS Count". (NextTime=2021-03-22 14:03:05 URL=https://sekailab.com/wp/2018/06/09/best-practice-of-cooling-razer-blade/)
2023-12-08 02:35:16 [8] Confirmed the "Check SNS Count". (NextTime=2021-03-25 20:27:24 URL=https://sekailab.com/wp/2018/04/16/sakura-vps-nem-supernode-2/)
2023-12-08 02:35:16 [9] Confirmed the "Check SNS Count". (NextTime=2021-04-06 16:27:15 URL=https://github.com/Drunkar/crawler-base)
2023-12-08 02:35:16 [10] Confirmed the "Check SNS Count". (NextTime=2021-04-12 01:10:45 URL=https://www.amazon.co.jp/%E3%82%AA%E3%83%97%E3%83%86%E3%82%A3%E3%83%9E%E3%83%A0%E3%83%8B%E3%83%A5%E3%83%BC%E3%83%88%E3%83%AA%E3%82%B7%E3%83%A7%E3%83%B3-Optimum-Nutrition-%E3%82%AF%E3%83%AC%E3%82%A2%E3%83%81%E3%83%B3%E3%83%91%E3%82%A6%E3%83%80%E3%83%BC-600g/dp/B000BT8U5W/ref=as_li_ss_il?__mk_ja_JP=%E3%82%AB%E3%82%BF%E3%82%AB%E3%83%8A&#038;keywords=%E3%82%AF%E3%83%AC%E3%82%A2%E3%83%81%E3%83%B3&#038;qid=1553338137&#038;s=gateway&#038;sr=8-3&#038;linkCode=li2&#038;tag=drunkar-22&#038;linkId=63b54101aa4a78f96c6739ec39d86e74&#038;language=ja_JP)
2023-12-08 02:35:16 There were 284 links that passed the next "Link Alive Check" confirmation date and time.
2023-12-08 02:35:16 [1] Confirmed the "Link Alive Check". (NextTime=1970-01-01 00:00:00 Result= URL=)
2023-12-08 02:35:17 [2] Confirmed the "Link Alive Check". (NextTime=1970-01-01 00:00:00 Result= URL=)
2023-12-08 02:35:17 [3] Confirmed the "Link Alive Check". (NextTime=1970-01-01 00:00:00 Result= URL=)
2023-12-08 02:35:17 [4] Confirmed the "Link Alive Check". (NextTime=1970-01-01 00:00:00 Result= URL=)
2023-12-08 02:35:17 [5] Confirmed the "Link Alive Check". (NextTime=1970-01-01 00:00:00 Result= URL=)
2023-12-08 04:37:38 There were 284 links that passed the next "Link Alive Check" confirmation date and time.
2023-12-08 04:37:38 [1] Confirmed the "Link Alive Check". (NextTime=1970-01-01 00:00:00 Result= URL=)
2023-12-08 04:37:38 [2] Confirmed the "Link Alive Check". (NextTime=1970-01-01 00:00:00 Result= URL=)
2023-12-08 04:37:38 [3] Confirmed the "Link Alive Check". (NextTime=1970-01-01 00:00:00 Result= URL=)
2023-12-08 04:37:39 [4] Confirmed the "Link Alive Check". (NextTime=1970-01-01 00:00:00 Result= URL=)
2023-12-08 04:37:39 [5] Confirmed the "Link Alive Check". (NextTime=1970-01-01 00:00:00 Result= URL=)
2023-12-08 06:27:23 There were 22 links that passed the next "Check SNS Count" confirmation date and time.
2023-12-08 06:27:23 [1] Confirmed the "Check SNS Count". (NextTime=2021-03-25 21:56:58 URL=http://www.itmedia.co.jp/pcuser/articles/1809/09/news008.html)
2023-12-08 06:27:23 [2] Confirmed the "Check SNS Count". (NextTime=2021-04-17 12:18:52 URL=https://www.amazon.co.jp/%E3%83%84%E3%82%A4%E3%83%B3%E3%83%90%E3%83%BC%E3%83%89%E5%B7%A5%E6%A5%AD-Twinbird-CM-D457B-%E5%85%A8%E8%87%AA%E5%8B%95%E3%82%B3%E3%83%BC%E3%83%92%E3%83%BC%E3%83%A1%E3%83%BC%E3%82%AB%E3%83%BC-%E3%83%96%E3%83%A9%E3%83%83%E3%82%AFTWINBIRD/dp/B07HFP6H3L/ref=as_li_ss_il?__mk_ja_JP=%E3%82%AB%E3%82%BF%E3%82%AB%E3%83%8A&#038;keywords=%E3%83%84%E3%82%A4%E3%83%B3%E3%83%90%E3%83%BC%E3%83%89+%E3%82%B3%E3%83%BC%E3%83%92%E3%83%BC%E3%83%A1%E3%83%BC%E3%82%AB%E3%83%BC&#038;qid=1585585285&#038;sr=8-4&#038;linkCode=li2&#038;tag=drunkar-22&#038;linkId=21fdfffb9a1385593abbf880369e6a7e)
2023-12-08 06:27:24 [3] Confirmed the "Check SNS Count". (NextTime=2021-04-15 07:21:12 URL=https://sekailab.com/wp/2018/08/10/build-opencv-on-orangepi-pc2)
2023-12-08 06:27:24 [4] Confirmed the "Check SNS Count". (NextTime=2021-03-22 15:52:44 URL=https://www.banggood.com/Xiaomi-Redmi-Airdots-TWS-Bluetooth-5_0-Earphone-DSP-Noise-Cancelling-Auto-Pairing-Bilateral-Call-Stereo-Headphones-p-1450592.html?p=K226105168701201606R)
2023-12-08 06:27:24 [5] Confirmed the "Check SNS Count". (NextTime=2021-04-14 14:56:32 URL=https://www.amazon.co.jp/gp/product/B088NS4JQZ/ref=as_li_ss_il?ie=UTF8&#038;psc=1&#038;linkCode=li2&#038;tag=drunkar-22&#038;linkId=13d482d10648879823ff86fe77c3ea3e)
2023-12-08 06:27:24 [6] Confirmed the "Check SNS Count". (NextTime=2021-03-22 04:39:35 URL=https://www.amazon.co.jp/gp/product/B01DOWUCJO/ref=as_li_ss_il?ie=UTF8&#038;psc=1&#038;linkCode=li2&#038;tag=drunkar-22&#038;linkId=a22e97f7b179135d87b3db4692f871bc)
2023-12-08 06:27:24 [7] Confirmed the "Check SNS Count". (NextTime=2021-03-21 03:12:44 URL=https://www.amazon.co.jp/%E3%82%A8%E3%83%AC%E3%82%B3%E3%83%A0-150Mbps-2-4GHz%E5%B0%82%E7%94%A8-%E3%82%B3%E3%83%B3%E3%83%91%E3%82%AF%E3%83%88%E3%83%A2%E3%83%87%E3%83%AB-WDC-150SU2MBK/dp/B00JTSF7DY/ref=as_li_ss_il?ie=UTF8&#038;linkCode=li2&#038;tag=drunkar-22&#038;linkId=68e85a82df1130f6e44bb9e226d4dce6&#038;language=ja_JP)
2023-12-08 06:27:24 [8] Confirmed the "Check SNS Count". (NextTime=2021-03-26 00:34:32 URL=https://sekailab.com/wp/2018/04/14/sakura-vps-nem-supernode-2/)
2023-12-08 06:27:24 [9] Confirmed the "Check SNS Count". (NextTime=2021-03-25 19:52:33 URL=https://mechanicalkeyboards.com/shop/index.php?l=product_detail&#038;p=3519)
2023-12-08 06:27:24 [10] Confirmed the "Check SNS Count". (NextTime=2021-04-15 05:42:12 URL=https://sekailab.com/wp/2018/08/14/librealsense-with-armbian-on-orangepi-pc2)
2023-12-08 06:27:24 There were 12 links that passed the next "Check SNS Count" confirmation date and time.
2023-12-08 06:27:24 [1] Confirmed the "Check SNS Count". (NextTime=2021-04-11 22:18:15 URL=http://akizukidenshi.com/catalog/g/gP-07598/)
2023-12-08 06:27:24 [2] Confirmed the "Check SNS Count". (NextTime=2021-03-22 00:13:21 URL=https://www.amazon.co.jp/ZORTRAX-%E3%80%90%E6%AD%A3%E8%A6%8F%E4%BB%A3%E7%90%86%E5%BA%97%E3%80%91ZORTRAX-M200-3D%E3%83%97%E3%83%AA%E3%83%B3%E3%82%BF%E3%83%BC-FDM/dp/B00UWEZ8RE/ref=as_li_ss_il?ie=UTF8&#038;qid=1514638656&#038;sr=8-1&#038;keywords=zortrax+m200&#038;linkCode=li2&#038;tag=drunkar-22&#038;linkId=8b8050f533516d0f9f8e07e71693bd99)
2023-12-08 06:27:24 [3] Confirmed the "Check SNS Count". (NextTime=2021-04-13 09:35:04 URL=https://www.tensorflow.org/tfx/serving/docker)
2023-12-08 06:27:24 [4] Confirmed the "Check SNS Count". (NextTime=2021-03-25 23:02:22 URL=https://www.amazon.co.jp/dp/B07C1ZW28H/ref=as_li_ss_il?ie=UTF8&#038;linkCode=li2&#038;tag=drunkar-22&#038;linkId=e7ccaf49fba76116034a2d3086a2d581)
2023-12-08 06:27:24 [5] Confirmed the "Check SNS Count". (NextTime=2021-03-23 20:50:03 URL=https://www.amazon.co.jp/%E3%81%82%E3%81%AA%E3%81%9F%E3%81%AE%E3%81%9F%E3%82%81%E3%81%AE%E7%89%A9%E8%AA%9E-%E3%83%8F%E3%83%A4%E3%82%AB%E3%83%AF%E6%96%87%E5%BA%ABJA-%E9%95%B7%E8%B0%B7-%E6%95%8F%E5%8F%B8/dp/415031036X/ref=as_li_ss_il?ie=UTF8&#038;qid=1516557545&#038;sr=8-1&#038;keywords=%E3%81%82%E3%81%AA%E3%81%9F%E3%81%AE%E3%81%9F%E3%82%81%E3%81%AE%E7%89%A9%E8%AA%9E&#038;linkCode=li2&#038;tag=drunkar-22&#038;linkId=a3359dbac8bebc808a8775a997b0d96d)
2023-12-08 06:27:24 [6] Confirmed the "Check SNS Count". (NextTime=2021-03-26 04:50:27 URL=https://insider.windows.com/ja-jp/)
2023-12-08 06:27:24 [7] Confirmed the "Check SNS Count". (NextTime=2021-04-17 03:50:01 URL=https://www.amazon.co.jp/HARIO-%E3%83%8F%E3%83%AA%E3%82%AA-%E3%83%89%E3%83%AA%E3%83%83%E3%83%91%E3%83%BC-%E3%82%AB%E3%83%95%E3%82%A7%E3%82%AA%E3%83%BC%E3%83%AB-CFOD-02B/dp/B0040VIN18/ref=as_li_ss_il?__mk_ja_JP=%E3%82%AB%E3%82%BF%E3%82%AB%E3%83%8A&#038;keywords=%E3%82%B3%E3%83%BC%E3%83%92%E3%83%BC%E3%83%95%E3%82%A3%E3%83%AB%E3%82%BF%E3%83%BC+%E9%87%91%E5%B1%9E&#038;qid=1585584028&#038;sr=8-7&#038;linkCode=li2&#038;tag=drunkar-22&#038;linkId=c03c53ade732daac257ada12735145a2)
2023-12-08 06:27:25 [8] Confirmed the "Check SNS Count". (NextTime=2021-04-15 00:39:00 URL=https://github.com/Drunkar/hubot-japanese-talk-transformer)
2023-12-08 06:27:25 [9] Confirmed the "Check SNS Count". (NextTime=2021-03-26 03:41:28 URL=https://www.amazon.co.jp/gp/product/B07GBNVB3D/ref=as_li_ss_il?ie=UTF8&#038;psc=1&#038;linkCode=li2&#038;tag=drunkar-22&#038;linkId=19319dd5b45ac310e71591f655db6199&#038;language=ja_JP)
2023-12-08 06:27:25 [10] Confirmed the "Check SNS Count". (NextTime=2021-04-15 12:55:42 URL=https://ja.aliexpress.com/item/Wholesale-camera-flash-bracket-L-bracket-bilateral-frame-twin-double-L-bracket-L-bracket/32323286127.html)
2023-12-08 06:27:25 There were 284 links that passed the next "Link Alive Check" confirmation date and time.
2023-12-08 06:27:25 [1] Confirmed the "Link Alive Check". (NextTime=1970-01-01 00:00:00 Result= URL=)
2023-12-08 06:27:26 [2] Confirmed the "Link Alive Check". (NextTime=1970-01-01 00:00:00 Result= URL=)
2023-12-08 06:27:26 [3] Confirmed the "Link Alive Check". (NextTime=1970-01-01 00:00:00 Result= URL=)
2023-12-08 06:27:26 [4] Confirmed the "Link Alive Check". (NextTime=1970-01-01 00:00:00 Result= URL=)
2023-12-08 06:27:26 [5] Confirmed the "Link Alive Check". (NextTime=1970-01-01 00:00:00 Result= URL=)
2023-12-08 08:28:31 There were 284 links that passed the next "Link Alive Check" confirmation date and time.
2023-12-08 08:28:32 [1] Confirmed the "Link Alive Check". (NextTime=1970-01-01 00:00:00 Result= URL=)
2023-12-08 08:28:32 [2] Confirmed the "Link Alive Check". (NextTime=1970-01-01 00:00:00 Result= URL=)
2023-12-08 08:28:32 [3] Confirmed the "Link Alive Check". (NextTime=1970-01-01 00:00:00 Result= URL=)
2023-12-08 08:28:32 [4] Confirmed the "Link Alive Check". (NextTime=1970-01-01 00:00:00 Result= URL=)
2023-12-08 08:28:33 [5] Confirmed the "Link Alive Check". (NextTime=1970-01-01 00:00:00 Result= URL=)
2023-12-08 10:32:59 There were 11 links that passed the next "Check SNS Count" confirmation date and time.
2023-12-08 10:32:59 [1] Confirmed the "Check SNS Count". (NextTime=2021-03-22 02:23:08 URL=https://www.amazon.co.jp/Osprey-FlapJack-Backpack-Black-%E4%B8%A6%E8%A1%8C%E8%BC%B8%E5%85%A5%E5%93%81/dp/B07DVXBK8B/ref=as_li_ss_il?s=shoes&#038;ie=UTF8&#038;qid=1530883605&#038;sr=1-2&#038;keywords=Osprey+FlapJack&#038;linkCode=li2&#038;tag=drunkar-22&#038;linkId=4ceda0597cb96866a2e7a9508f4376f5)
2023-12-08 10:32:59 [2] Confirmed the "Check SNS Count". (NextTime=2021-03-21 05:02:21 URL=https://www.amazon.co.jp/Taulman3D-PC-Alloy910-Taulman3D-Alloy-910-%E3%82%A2%E3%83%AD%E3%82%A4910-1-75mm/dp/B01AY71K5M/ref=as_li_ss_il?ie=UTF8&#038;qid=1523541968&#038;sr=8-1&#038;keywords=alloy+910&#038;linkCode=li2&#038;tag=drunkar-22&#038;linkId=d8e9041dfc8c404620294b339eb3f493)
2023-12-08 10:33:00 [3] Confirmed the "Check SNS Count". (NextTime=2021-04-17 08:51:24 URL=https://www.banggood.com/ja/IRangeX-iRX-IR8M-2_4G-8CH-Multi-Protocol-Transmitter-With-PPM-S_BUS-Mini-Receiver-p-1226058.html?p=K226105168701201606R&#038;custlinkid=129861)
2023-12-08 10:33:00 [4] Confirmed the "Check SNS Count". (NextTime=2021-03-20 18:34:47 URL=https://www.amazon.co.jp/Roost-%E3%83%8E%E3%83%BC%E3%83%88%E3%83%91%E3%82%BD%E3%82%B3%E3%83%B3%E7%94%A8%E3%82%B9%E3%82%BF%E3%83%B3%E3%83%89-MacBook-%E4%BA%BA%E9%96%93%E5%B7%A5%E5%AD%A6%E3%81%AB%E5%9F%BA%E3%81%A5%E3%81%84%E3%81%9F%E3%83%87%E3%82%B6%E3%82%A4%E3%83%B3-%E3%83%A6%E3%83%8B%E3%83%90%E3%83%BC%E3%82%B5%E3%83%AB%E3%83%87%E3%82%B6%E3%82%A4%E3%83%B3/dp/B01C9KG8IG/ref=as_li_ss_il?ie=UTF8&#038;qid=1530874117&#038;sr=8-1&#038;keywords=roost&#038;linkCode=li2&#038;tag=drunkar-22&#038;linkId=100d961f17d3946bcfe8a8e9392f2401)
2023-12-08 10:33:00 [5] Confirmed the "Check SNS Count". (NextTime=2021-04-14 13:40:00 URL=https://sekailab.com/wp/2019/02/06/rtx2080ti-i9-9900k-failure-mother-dram)
2023-12-08 10:33:00 [6] Confirmed the "Check SNS Count". (NextTime=2021-03-20 07:01:57 URL=https://www.banggood.com/Caddx-Turtle-V2-1080p-60fps-FOV-155-Degree-Super-WDR-Mini-HD-FPV-Camera-OSD-Mic-for-RC-Drone-p-1360782.html?p=K226105168701201606R)
2023-12-08 10:33:00 [7] Confirmed the "Check SNS Count". (NextTime=2021-03-21 10:30:06 URL=https://medium.com/searce/installing-tensorflow-gpu-with-nvidia-cuda-on-a-google-cloud-platform-vm-instance-b059ea47e55c)
2023-12-08 10:33:00 [8] Confirmed the "Check SNS Count". (NextTime=2021-04-15 07:57:07 URL=https://twitter.com/search?q=from:goroman%20since:2020-07-06%20until:2020-07-07&#038;src=typed_query&#038;f=live)
2023-12-08 10:33:00 [9] Confirmed the "Check SNS Count". (NextTime=2021-03-21 12:12:51 URL=https://www.banggood.com/Original-Box-Xiaomi-Mi-Pad-4-Plus-CN-ROM-Snapdragon-660-4G-RAM-64G-MIUI-9_0-10_1-Inch-Tablet-Black-p-1344444.html?p=K226105168701201606R)
2023-12-08 10:33:00 [10] Confirmed the "Check SNS Count". (NextTime=2021-03-28 10:53:38 URL=https://github.com/Drunkar/barocco_md650l_mods)
2023-12-08 10:33:00 There were 1 links that passed the next "Check SNS Count" confirmation date and time.
2023-12-08 10:33:00 [1] Confirmed the "Check SNS Count". (NextTime=2021-03-22 09:38:25 URL=https://www.amazon.co.jp/gp/product/B00068KUX8/ref=as_li_ss_il?ie=UTF8&#038;psc=1&#038;linkCode=li2&#038;tag=drunkar-22&#038;linkId=8957e9bc35d841131d680de25b42acaf&#038;language=ja_JP)
2023-12-08 10:33:00 There were 284 links that passed the next "Link Alive Check" confirmation date and time.
2023-12-08 10:33:01 [1] Confirmed the "Link Alive Check". (NextTime=1970-01-01 00:00:00 Result= URL=)
2023-12-08 10:33:01 [2] Confirmed the "Link Alive Check". (NextTime=1970-01-01 00:00:00 Result= URL=)
2023-12-08 10:33:01 [3] Confirmed the "Link Alive Check". (NextTime=1970-01-01 00:00:00 Result= URL=)
2023-12-08 10:33:01 [4] Confirmed the "Link Alive Check". (NextTime=1970-01-01 00:00:00 Result= URL=)
2023-12-08 10:33:09 [5] Confirmed the "Link Alive Check". (NextTime=1970-01-01 00:00:00 Result= URL=)
2023-12-08 10:34:12 There were 284 links that passed the next "Link Alive Check" confirmation date and time.
2023-12-08 10:34:12 [1] Confirmed the "Link Alive Check". (NextTime=1970-01-01 00:00:00 Result= URL=)
2023-12-08 10:34:12 [2] Confirmed the "Link Alive Check". (NextTime=1970-01-01 00:00:00 Result= URL=)
2023-12-08 10:34:12 [3] Confirmed the "Link Alive Check". (NextTime=1970-01-01 00:00:00 Result= URL=)
2023-12-08 10:34:12 [4] Confirmed the "Link Alive Check". (NextTime=1970-01-01 00:00:00 Result= URL=)
2023-12-08 10:34:12 [5] Confirmed the "Link Alive Check". (NextTime=1970-01-01 00:00:00 Result= URL=)
2023-12-08 12:36:18 There were 4 links that passed the next "Check SNS Count" confirmation date and time.
2023-12-08 12:36:18 [1] Confirmed the "Check SNS Count". (NextTime=2021-04-14 02:34:25 URL=https://github.com/Drunkar/japanese_talk_api_transformer)
2023-12-08 12:36:18 [2] Confirmed the "Check SNS Count". (NextTime=2021-03-22 02:16:17 URL=https://sekailab.com/wp/2018/04/14/python-template-for-cli-applications-and-batch/)
2023-12-08 12:36:18 [3] Confirmed the "Check SNS Count". (NextTime=2021-04-06 02:32:52 URL=https://sekailab.com/wp/2019/03/10/execute-windows-binary-on-wsl/)
2023-12-08 12:36:18 [4] Confirmed the "Check SNS Count". (NextTime=2021-03-24 04:04:18 URL=https://sourceforge.net/projects/mingw-w64/)
2023-12-08 12:36:18 There were 284 links that passed the next "Link Alive Check" confirmation date and time.
2023-12-08 12:36:18 [1] Confirmed the "Link Alive Check". (NextTime=1970-01-01 00:00:00 Result= URL=)
2023-12-08 12:36:18 [2] Confirmed the "Link Alive Check". (NextTime=1970-01-01 00:00:00 Result= URL=)
2023-12-08 12:36:19 [3] Confirmed the "Link Alive Check". (NextTime=1970-01-01 00:00:00 Result= URL=)
2023-12-08 12:36:19 [4] Confirmed the "Link Alive Check". (NextTime=1970-01-01 00:00:00 Result= URL=)
2023-12-08 12:36:19 [5] Confirmed the "Link Alive Check". (NextTime=1970-01-01 00:00:00 Result= URL=)
2023-12-08 14:37:48 There were 7 links that passed the next "Check SNS Count" confirmation date and time.
2023-12-08 14:37:49 [1] Confirmed the "Check SNS Count". (NextTime=2021-04-15 08:45:47 URL=https://sekailab.com/wp/2015/11/02/lstm-general-responce-bot)
2023-12-08 14:37:49 [2] Confirmed the "Check SNS Count". (NextTime=2021-04-15 08:07:35 URL=https://sekailab.com/wp/2014/02/24/gitlab-gitlab_ci-jenkins-in-the-same-server)
2023-12-08 14:37:49 [3] Confirmed the "Check SNS Count". (NextTime=2021-03-21 13:10:58 URL=https://sekailab.com/wp/2018/09/04/mistel-barocco-mag-feet/)
2023-12-08 14:37:49 [4] Confirmed the "Check SNS Count". (NextTime=2021-04-15 21:59:51 URL=https://sekailab.com/wp/2018/01/01/crawl-anyway-2018)
2023-12-08 14:37:49 [5] Confirmed the "Check SNS Count". (NextTime=2021-04-05 02:04:04 URL=https://sekailab.com/wp/2018/04/10/python-2-79-anaconda-python/)
2023-12-08 14:37:49 [6] Confirmed the "Check SNS Count". (NextTime=2021-04-08 15:12:13 URL=https://www.banggood.com/J3-Cub-MinimumRC-Bankyard-Flyer-360mm-Wingspan-RC-Airplane-KITPNP-p-1403039.html?p=DR062131921252201904&#038;ID=556226&#038;cur_warehouse=CN)
2023-12-08 14:37:50 [7] Confirmed the "Check SNS Count". (NextTime=2021-04-15 07:14:24 URL=https://sekailab.com/wp/2018/04/14/python-template-for-cli-applications-and-batch)
2023-12-08 14:37:50 There were 284 links that passed the next "Link Alive Check" confirmation date and time.
2023-12-08 14:37:50 [1] Confirmed the "Link Alive Check". (NextTime=1970-01-01 00:00:00 Result= URL=)
2023-12-08 14:37:50 [2] Confirmed the "Link Alive Check". (NextTime=1970-01-01 00:00:00 Result= URL=)
2023-12-08 14:37:51 [3] Confirmed the "Link Alive Check". (NextTime=1970-01-01 00:00:00 Result= URL=)
2023-12-08 14:37:51 [4] Confirmed the "Link Alive Check". (NextTime=1970-01-01 00:00:00 Result= URL=)
2023-12-08 14:37:51 [5] Confirmed the "Link Alive Check". (NextTime=1970-01-01 00:00:00 Result= URL=)
2023-12-08 16:40:13 There were 8 links that passed the next "Check SNS Count" confirmation date and time.
2023-12-08 16:40:13 [1] Confirmed the "Check SNS Count". (NextTime=2021-03-25 00:04:31 URL=https://sekailab.com/wp/2012/10/28/c%e3%81%a7%e3%80%8c%e3%81%af%e3%81%98%e3%82%81%e3%81%a6%e3%81%ae%e6%a9%9f%e6%a2%b0%e5%ad%a6%e7%bf%92%e3%80%8d6%e7%ab%a0/)
2023-12-08 16:40:13 [2] Confirmed the "Check SNS Count". (NextTime=2021-03-23 18:37:33 URL=https://www.banggood.com/Original-Xiaomi-Air-TWS-True-Wireless-bluetooth-Earphone-Active-Noise-Cancelling-Smart-Touch-Bilateral-Call-Headphone-p-1410116.html?p=K226105168701201606R)
2023-12-08 16:40:13 [3] Confirmed the "Check SNS Count". (NextTime=2021-03-25 08:40:43 URL=https://sekailab.com/wp/2018/08/11/sakura-vps-nem-supernode-3/)
2023-12-08 16:40:14 [4] Confirmed the "Check SNS Count". (NextTime=2021-04-14 17:31:53 URL=https://sekailab.com/wp/2019/03/10/execute-windows-binary-on-wsl)
2023-12-08 16:40:14 [5] Confirmed the "Check SNS Count". (NextTime=2021-04-06 15:02:23 URL=https://sekailab.com/wp/2018/01/01/crawl-anyway-2018/)
2023-12-08 16:40:14 [6] Confirmed the "Check SNS Count". (NextTime=2021-04-15 04:14:11 URL=https://sekailab.com/wp/2014/12/07/guggenheim-helsinki-image-processing)
2023-12-08 16:40:14 [7] Confirmed the "Check SNS Count". (NextTime=2021-03-21 09:08:14 URL=https://sekailab.com/wp/2018/08/14/movidius-neural-compute-stick-with-orangepi-pc2/)
2023-12-08 16:40:14 [8] Confirmed the "Check SNS Count". (NextTime=2021-04-08 13:43:51 URL=https://www.banggood.com/ViviBright-C80UP-Mini-LED-Projector-Android-WIFI-Bluetooth-Video-Game-Projector-Home-Cinema-Beamer-p-1381618.html?p=DR062131921252201904&#038;cur_warehouse=CN)
2023-12-08 16:40:14 There were 284 links that passed the next "Link Alive Check" confirmation date and time.
2023-12-08 16:40:14 [1] Confirmed the "Link Alive Check". (NextTime=1970-01-01 00:00:00 Result= URL=)
2023-12-08 16:40:15 [2] Confirmed the "Link Alive Check". (NextTime=1970-01-01 00:00:00 Result= URL=)
2023-12-08 16:40:15 [3] Confirmed the "Link Alive Check". (NextTime=1970-01-01 00:00:00 Result= URL=)
2023-12-08 16:40:15 [4] Confirmed the "Link Alive Check". (NextTime=1970-01-01 00:00:00 Result= URL=)
2023-12-08 16:40:15 [5] Confirmed the "Link Alive Check". (NextTime=1970-01-01 00:00:00 Result= URL=)
2023-12-08 16:40:15 There were 284 links that passed the next "Link Alive Check" confirmation date and time.
2023-12-08 16:40:16 [1] Confirmed the "Link Alive Check". (NextTime=1970-01-01 00:00:00 Result= URL=)
2023-12-08 16:40:16 [2] Confirmed the "Link Alive Check". (NextTime=1970-01-01 00:00:00 Result= URL=)
2023-12-08 16:40:16 [3] Confirmed the "Link Alive Check". (NextTime=1970-01-01 00:00:00 Result= URL=)
2023-12-08 16:40:16 [4] Confirmed the "Link Alive Check". (NextTime=1970-01-01 00:00:00 Result= URL=)
2023-12-08 16:40:16 [5] Confirmed the "Link Alive Check". (NextTime=1970-01-01 00:00:00 Result= URL=)
2023-12-08 18:42:07 There were 3 links that passed the next "Check SNS Count" confirmation date and time.
2023-12-08 18:42:07 [1] Confirmed the "Check SNS Count". (NextTime=2021-04-15 04:30:30 URL=https://sekailab.com/wp/2013/07/29/interaction-wit-massan)
2023-12-08 18:42:07 [2] Confirmed the "Check SNS Count". (NextTime=2021-04-03 04:35:19 URL=https://github.com/thunil/TecoGAN)
2023-12-08 18:42:07 [3] Confirmed the "Check SNS Count". (NextTime=2021-03-22 11:39:06 URL=https://www.amazon.co.jp/%E3%80%90Amazon-co-jp%E9%99%90%E5%AE%9A%E3%80%91TRUSCO-%E3%83%88%E3%83%A9%E3%82%B9%E3%82%B3-%E8%96%84%E5%9E%8B%E6%8A%98%E3%82%8A%E3%81%9F%E3%81%9F%E3%81%BF%E3%82%B3%E3%83%B3%E3%83%86%E3%83%8A-%E3%83%AD%E3%83%83%E3%82%AF%E3%83%95%E3%82%BF%E4%BB%98-TR-C50B/dp/B06WGM5851/ref=as_li_ss_il?s=diy&#038;ie=UTF8&#038;qid=1515698630&#038;sr=1-3&#038;keywords=%E6%8A%98%E3%82%8A%E3%81%9F%E3%81%9F%E3%81%BF%E3%82%B3%E3%83%B3%E3%83%86%E3%83%8A&#038;linkCode=li2&#038;tag=drunkar-22&#038;linkId=eb387d804019c9d51cacebc4e24ef7f0)
2023-12-08 18:42:07 There were 284 links that passed the next "Link Alive Check" confirmation date and time.
2023-12-08 18:42:08 [1] Confirmed the "Link Alive Check". (NextTime=1970-01-01 00:00:00 Result= URL=)
2023-12-08 18:42:08 [2] Confirmed the "Link Alive Check". (NextTime=1970-01-01 00:00:00 Result= URL=)
2023-12-08 18:42:08 [3] Confirmed the "Link Alive Check". (NextTime=1970-01-01 00:00:00 Result= URL=)
2023-12-08 18:42:08 [4] Confirmed the "Link Alive Check". (NextTime=1970-01-01 00:00:00 Result= URL=)
2023-12-08 18:42:08 [5] Confirmed the "Link Alive Check". (NextTime=1970-01-01 00:00:00 Result= URL=)
2023-12-08 20:42:34 There were 4 links that passed the next "Check SNS Count" confirmation date and time.
2023-12-08 20:42:34 [1] Confirmed the "Check SNS Count". (NextTime=2021-04-16 01:38:22 URL=https://sekailab.com/wp/2012/10/27/c%E3%81%A7%E3%80%8C%E3%81%AF%E3%81%98%E3%82%81%E3%81%A6%E3%81%AE%E6%A9%9F%E6%A2%B0%E5%AD%A6%E7%BF%92%E3%80%8D4%E7%AB%A0)
2023-12-08 20:42:34 [2] Confirmed the "Check SNS Count". (NextTime=2021-04-07 02:02:59 URL=https://www.madopro.net/entry/t2t_seq2seq)
2023-12-08 20:42:34 [3] Confirmed the "Check SNS Count". (NextTime=2021-03-20 19:30:40 URL=https://sekailab.com/wp/2012/11/01/c%e3%81%a7%e3%80%8c%e3%81%af%e3%81%98%e3%82%81%e3%81%a6%e3%81%ae%e6%a9%9f%e6%a2%b0%e5%ad%a6%e7%bf%92%e3%80%8d5%e7%ab%a0/)
2023-12-08 20:42:34 [4] Confirmed the "Check SNS Count". (NextTime=2021-03-25 03:48:57 URL=http://yamada.daiji.ro/blog/?p=382)
2023-12-08 20:42:34 There were 284 links that passed the next "Link Alive Check" confirmation date and time.
2023-12-08 20:42:35 [1] Confirmed the "Link Alive Check". (NextTime=1970-01-01 00:00:00 Result= URL=)
2023-12-08 20:42:35 [2] Confirmed the "Link Alive Check". (NextTime=1970-01-01 00:00:00 Result= URL=)
2023-12-08 20:42:35 [3] Confirmed the "Link Alive Check". (NextTime=1970-01-01 00:00:00 Result= URL=)
2023-12-08 20:42:35 [4] Confirmed the "Link Alive Check". (NextTime=1970-01-01 00:00:00 Result= URL=)
2023-12-08 20:42:36 [5] Confirmed the "Link Alive Check". (NextTime=1970-01-01 00:00:00 Result= URL=)
2023-12-08 22:43:20 There were 3 links that passed the next "Check SNS Count" confirmation date and time.
2023-12-08 22:43:21 [1] Confirmed the "Check SNS Count". (NextTime=2021-04-14 16:19:46 URL=https://sekailab.com/wp/2015/01/04/about-the-beauty)
2023-12-08 22:43:21 [2] Confirmed the "Check SNS Count". (NextTime=2021-04-16 02:20:40 URL=https://sekailab.com/wp/2018/02/03/watch-process-to-send-gmail-with-python3)
2023-12-08 22:43:21 [3] Confirmed the "Check SNS Count". (NextTime=2021-03-24 17:31:08 URL=https://sekailab.com/wp/2018/08/14/librealsense-with-armbian-on-orangepi-pc2/)
2023-12-08 22:43:21 There were 284 links that passed the next "Link Alive Check" confirmation date and time.
2023-12-08 22:43:21 [1] Confirmed the "Link Alive Check". (NextTime=1970-01-01 00:00:00 Result= URL=)
2023-12-08 22:43:21 [2] Confirmed the "Link Alive Check". (NextTime=1970-01-01 00:00:00 Result= URL=)
2023-12-08 22:43:22 [3] Confirmed the "Link Alive Check". (NextTime=1970-01-01 00:00:00 Result= URL=)
2023-12-08 22:43:22 [4] Confirmed the "Link Alive Check". (NextTime=1970-01-01 00:00:00 Result= URL=)
2023-12-08 22:43:22 [5] Confirmed the "Link Alive Check". (NextTime=1970-01-01 00:00:00 Result= URL=)
