2023-07-16 00:22:24 There were 284 links that passed the next "Link Alive Check" confirmation date and time.
2023-07-16 00:22:24 [1] Confirmed the "Link Alive Check". (NextTime=1970-01-01 00:00:00 Result= URL=)
2023-07-16 00:22:25 [2] Confirmed the "Link Alive Check". (NextTime=1970-01-01 00:00:00 Result= URL=)
2023-07-16 00:22:25 [3] Confirmed the "Link Alive Check". (NextTime=1970-01-01 00:00:00 Result= URL=)
2023-07-16 00:22:25 [4] Confirmed the "Link Alive Check". (NextTime=1970-01-01 00:00:00 Result= URL=)
2023-07-16 00:22:25 [5] Confirmed the "Link Alive Check". (NextTime=1970-01-01 00:00:00 Result= URL=)
2023-07-16 00:25:11 There were 2 links that passed the next "Check SNS Count" confirmation date and time.
2023-07-16 00:25:12 [1] Confirmed the "Check SNS Count". (NextTime=2021-04-18 06:24:07 URL=https://www.amazon.co.jp/%E3%82%B7%E3%83%AA%E3%82%B3%E3%83%B3%E3%83%90%E3%83%AC%E3%83%BC%E5%BC%8F-%E8%87%AA%E5%88%86%E3%82%92%E5%A4%89%E3%81%88%E3%82%8B%E6%9C%80%E5%BC%B7%E3%81%AE%E9%A3%9F%E4%BA%8B-%E3%83%87%E3%82%A4%E3%83%B4%E3%83%BB%E3%82%A2%E3%82%B9%E3%83%97%E3%83%AA%E3%83%BC-ebook/dp/B015S5545W/ref=as_li_ss_il?_encoding=UTF8&#038;qid=1585582879&#038;sr=8-1&#038;linkCode=li2&#038;tag=drunkar-22&#038;linkId=fb2fbcce469bf88077c26ea066860d62)
2023-07-16 00:25:12 [2] Confirmed the "Check SNS Count". (NextTime=2021-03-28 10:53:38 URL=https://github.com/Drunkar/barocco_md650l_mods)
2023-07-16 00:48:33 There were 284 links that passed the next "Link Alive Check" confirmation date and time.
2023-07-16 00:48:33 [1] Confirmed the "Link Alive Check". (NextTime=1970-01-01 00:00:00 Result= URL=)
2023-07-16 00:48:34 [2] Confirmed the "Link Alive Check". (NextTime=1970-01-01 00:00:00 Result= URL=)
2023-07-16 00:48:34 [3] Confirmed the "Link Alive Check". (NextTime=1970-01-01 00:00:00 Result= URL=)
2023-07-16 00:48:34 [4] Confirmed the "Link Alive Check". (NextTime=1970-01-01 00:00:00 Result= URL=)
2023-07-16 00:48:34 [5] Confirmed the "Link Alive Check". (NextTime=1970-01-01 00:00:00 Result= URL=)
2023-07-16 00:58:29 There were 284 links that passed the next "Link Alive Check" confirmation date and time.
2023-07-16 00:58:29 [1] Confirmed the "Link Alive Check". (NextTime=1970-01-01 00:00:00 Result= URL=)
2023-07-16 00:58:29 [2] Confirmed the "Link Alive Check". (NextTime=1970-01-01 00:00:00 Result= URL=)
2023-07-16 00:58:30 [3] Confirmed the "Link Alive Check". (NextTime=1970-01-01 00:00:00 Result= URL=)
2023-07-16 00:58:30 [4] Confirmed the "Link Alive Check". (NextTime=1970-01-01 00:00:00 Result= URL=)
2023-07-16 00:58:30 [5] Confirmed the "Link Alive Check". (NextTime=1970-01-01 00:00:00 Result= URL=)
2023-07-16 01:22:31 There were 284 links that passed the next "Link Alive Check" confirmation date and time.
2023-07-16 01:22:31 [1] Confirmed the "Link Alive Check". (NextTime=1970-01-01 00:00:00 Result= URL=)
2023-07-16 01:22:31 [2] Confirmed the "Link Alive Check". (NextTime=1970-01-01 00:00:00 Result= URL=)
2023-07-16 01:22:31 [3] Confirmed the "Link Alive Check". (NextTime=1970-01-01 00:00:00 Result= URL=)
2023-07-16 01:22:32 [4] Confirmed the "Link Alive Check". (NextTime=1970-01-01 00:00:00 Result= URL=)
2023-07-16 01:22:32 [5] Confirmed the "Link Alive Check". (NextTime=1970-01-01 00:00:00 Result= URL=)
2023-07-16 01:24:31 There were 0 links that passed the next "Check SNS Count" confirmation date and time.
2023-07-16 01:48:45 There were 284 links that passed the next "Link Alive Check" confirmation date and time.
2023-07-16 01:48:45 [1] Confirmed the "Link Alive Check". (NextTime=1970-01-01 00:00:00 Result= URL=)
2023-07-16 01:48:46 [2] Confirmed the "Link Alive Check". (NextTime=1970-01-01 00:00:00 Result= URL=)
2023-07-16 01:48:46 [3] Confirmed the "Link Alive Check". (NextTime=1970-01-01 00:00:00 Result= URL=)
2023-07-16 01:48:46 [4] Confirmed the "Link Alive Check". (NextTime=1970-01-01 00:00:00 Result= URL=)
2023-07-16 01:48:46 [5] Confirmed the "Link Alive Check". (NextTime=1970-01-01 00:00:00 Result= URL=)
2023-07-16 02:24:03 There were 284 links that passed the next "Link Alive Check" confirmation date and time.
2023-07-16 02:24:03 [1] Confirmed the "Link Alive Check". (NextTime=1970-01-01 00:00:00 Result= URL=)
2023-07-16 02:24:03 [2] Confirmed the "Link Alive Check". (NextTime=1970-01-01 00:00:00 Result= URL=)
2023-07-16 02:24:04 [3] Confirmed the "Link Alive Check". (NextTime=1970-01-01 00:00:00 Result= URL=)
2023-07-16 02:24:04 [4] Confirmed the "Link Alive Check". (NextTime=1970-01-01 00:00:00 Result= URL=)
2023-07-16 02:24:04 [5] Confirmed the "Link Alive Check". (NextTime=1970-01-01 00:00:00 Result= URL=)
2023-07-16 02:24:04 There were 2 links that passed the next "Check SNS Count" confirmation date and time.
2023-07-16 02:24:04 [1] Confirmed the "Check SNS Count". (NextTime=2021-03-25 10:30:45 URL=https://www.amazon.co.jp/%E6%A4%8D%E7%89%A9%E7%94%9F%E4%BD%93%E9%9B%BB%E4%BD%8D%E3%81%A8%E3%82%B3%E3%83%9F%E3%83%A5%E3%83%8B%E3%82%B1%E3%83%BC%E3%82%B7%E3%83%A7%E3%83%B3-%E5%A4%A7%E8%96%AE-%E5%A4%9A%E5%8F%AF%E5%BF%97/dp/4303710326/ref=as_li_ss_il?ie=UTF8&#038;qid=1516613210&#038;sr=8-1&#038;keywords=%E6%A4%8D%E7%89%A9%E7%94%9F%E4%BD%93%E9%9B%BB%E4%BD%8D%E3%81%A8%E3%82%B3%E3%83%9F%E3%83%A5%E3%83%8B%E3%82%B1%E3%83%BC%E3%82%B7%E3%83%A7%E3%83%B3&#038;linkCode=li2&#038;tag=drunkar-22&#038;linkId=0580e236864f570f594c4cedbeadebd0)
2023-07-16 02:24:04 [2] Confirmed the "Check SNS Count". (NextTime=2021-03-24 23:08:57 URL=https://amzn.to/2GTEzKk)
2023-07-16 02:48:49 There were 284 links that passed the next "Link Alive Check" confirmation date and time.
2023-07-16 02:48:49 [1] Confirmed the "Link Alive Check". (NextTime=1970-01-01 00:00:00 Result= URL=)
2023-07-16 02:48:50 [2] Confirmed the "Link Alive Check". (NextTime=1970-01-01 00:00:00 Result= URL=)
2023-07-16 02:48:50 [3] Confirmed the "Link Alive Check". (NextTime=1970-01-01 00:00:00 Result= URL=)
2023-07-16 02:48:50 [4] Confirmed the "Link Alive Check". (NextTime=1970-01-01 00:00:00 Result= URL=)
2023-07-16 02:48:50 [5] Confirmed the "Link Alive Check". (NextTime=1970-01-01 00:00:00 Result= URL=)
2023-07-16 03:23:16 There were 0 links that passed the next "Check SNS Count" confirmation date and time.
2023-07-16 03:24:13 There were 284 links that passed the next "Link Alive Check" confirmation date and time.
2023-07-16 03:24:14 [1] Confirmed the "Link Alive Check". (NextTime=1970-01-01 00:00:00 Result= URL=)
2023-07-16 03:24:14 [2] Confirmed the "Link Alive Check". (NextTime=1970-01-01 00:00:00 Result= URL=)
2023-07-16 03:24:14 [3] Confirmed the "Link Alive Check". (NextTime=1970-01-01 00:00:00 Result= URL=)
2023-07-16 03:24:14 [4] Confirmed the "Link Alive Check". (NextTime=1970-01-01 00:00:00 Result= URL=)
2023-07-16 03:24:15 [5] Confirmed the "Link Alive Check". (NextTime=1970-01-01 00:00:00 Result= URL=)
2023-07-16 03:50:04 There were 284 links that passed the next "Link Alive Check" confirmation date and time.
2023-07-16 03:50:04 [1] Confirmed the "Link Alive Check". (NextTime=1970-01-01 00:00:00 Result= URL=)
2023-07-16 03:50:04 [2] Confirmed the "Link Alive Check". (NextTime=1970-01-01 00:00:00 Result= URL=)
2023-07-16 03:50:05 [3] Confirmed the "Link Alive Check". (NextTime=1970-01-01 00:00:00 Result= URL=)
2023-07-16 03:50:05 [4] Confirmed the "Link Alive Check". (NextTime=1970-01-01 00:00:00 Result= URL=)
2023-07-16 03:50:05 [5] Confirmed the "Link Alive Check". (NextTime=1970-01-01 00:00:00 Result= URL=)
2023-07-16 04:27:11 There were 2 links that passed the next "Check SNS Count" confirmation date and time.
2023-07-16 04:27:11 [1] Confirmed the "Check SNS Count". (NextTime=2021-04-17 01:42:03 URL=https://en.wikipedia.org/wiki/Dom-R%C3%B6mer_Project)
2023-07-16 04:27:11 [2] Confirmed the "Check SNS Count". (NextTime=2021-04-14 14:56:32 URL=https://www.amazon.co.jp/gp/product/B088NS4JQZ/ref=as_li_ss_il?ie=UTF8&#038;psc=1&#038;linkCode=li2&#038;tag=drunkar-22&#038;linkId=13d482d10648879823ff86fe77c3ea3e)
2023-07-16 04:27:11 There were 284 links that passed the next "Link Alive Check" confirmation date and time.
2023-07-16 04:27:11 [1] Confirmed the "Link Alive Check". (NextTime=1970-01-01 00:00:00 Result= URL=)
2023-07-16 04:27:11 [2] Confirmed the "Link Alive Check". (NextTime=1970-01-01 00:00:00 Result= URL=)
2023-07-16 04:27:12 [3] Confirmed the "Link Alive Check". (NextTime=1970-01-01 00:00:00 Result= URL=)
2023-07-16 04:27:12 [4] Confirmed the "Link Alive Check". (NextTime=1970-01-01 00:00:00 Result= URL=)
2023-07-16 04:27:12 [5] Confirmed the "Link Alive Check". (NextTime=1970-01-01 00:00:00 Result= URL=)
2023-07-16 04:50:19 There were 284 links that passed the next "Link Alive Check" confirmation date and time.
2023-07-16 04:50:20 [1] Confirmed the "Link Alive Check". (NextTime=1970-01-01 00:00:00 Result= URL=)
2023-07-16 04:50:20 [2] Confirmed the "Link Alive Check". (NextTime=1970-01-01 00:00:00 Result= URL=)
2023-07-16 04:50:20 [3] Confirmed the "Link Alive Check". (NextTime=1970-01-01 00:00:00 Result= URL=)
2023-07-16 04:50:20 [4] Confirmed the "Link Alive Check". (NextTime=1970-01-01 00:00:00 Result= URL=)
2023-07-16 04:50:20 [5] Confirmed the "Link Alive Check". (NextTime=1970-01-01 00:00:00 Result= URL=)
2023-07-16 05:23:13 There were 3 links that passed the next "Check SNS Count" confirmation date and time.
2023-07-16 05:23:13 [1] Confirmed the "Check SNS Count". (NextTime=2021-03-20 09:05:33 URL=https://assetstore.unity.com/packages/essentials/unity-recorder-94079)
2023-07-16 05:23:13 [2] Confirmed the "Check SNS Count". (NextTime=2021-04-06 16:27:15 URL=https://github.com/Drunkar/crawler-base)
2023-07-16 05:23:13 [3] Confirmed the "Check SNS Count". (NextTime=2021-03-23 13:44:56 URL=https://sekailab.com/wp/2016/07/18/python-test/)
2023-07-16 05:27:20 There were 284 links that passed the next "Link Alive Check" confirmation date and time.
2023-07-16 05:27:20 [1] Confirmed the "Link Alive Check". (NextTime=1970-01-01 00:00:00 Result= URL=)
2023-07-16 05:27:21 [2] Confirmed the "Link Alive Check". (NextTime=1970-01-01 00:00:00 Result= URL=)
2023-07-16 05:27:21 [3] Confirmed the "Link Alive Check". (NextTime=1970-01-01 00:00:00 Result= URL=)
2023-07-16 05:27:21 [4] Confirmed the "Link Alive Check". (NextTime=1970-01-01 00:00:00 Result= URL=)
2023-07-16 05:27:21 [5] Confirmed the "Link Alive Check". (NextTime=1970-01-01 00:00:00 Result= URL=)
2023-07-16 05:52:39 There were 284 links that passed the next "Link Alive Check" confirmation date and time.
2023-07-16 05:52:39 [1] Confirmed the "Link Alive Check". (NextTime=1970-01-01 00:00:00 Result= URL=)
2023-07-16 05:52:39 [2] Confirmed the "Link Alive Check". (NextTime=1970-01-01 00:00:00 Result= URL=)
2023-07-16 05:52:39 [3] Confirmed the "Link Alive Check". (NextTime=1970-01-01 00:00:00 Result= URL=)
2023-07-16 05:52:39 [4] Confirmed the "Link Alive Check". (NextTime=1970-01-01 00:00:00 Result= URL=)
2023-07-16 05:52:40 [5] Confirmed the "Link Alive Check". (NextTime=1970-01-01 00:00:00 Result= URL=)
2023-07-16 06:23:22 There were 2 links that passed the next "Check SNS Count" confirmation date and time.
2023-07-16 06:23:22 [1] Confirmed the "Check SNS Count". (NextTime=2021-03-21 12:12:51 URL=https://www.banggood.com/Original-Box-Xiaomi-Mi-Pad-4-Plus-CN-ROM-Snapdragon-660-4G-RAM-64G-MIUI-9_0-10_1-Inch-Tablet-Black-p-1344444.html?p=K226105168701201606R)
2023-07-16 06:23:22 [2] Confirmed the "Check SNS Count". (NextTime=2021-04-12 01:10:45 URL=https://www.amazon.co.jp/%E3%82%AA%E3%83%97%E3%83%86%E3%82%A3%E3%83%9E%E3%83%A0%E3%83%8B%E3%83%A5%E3%83%BC%E3%83%88%E3%83%AA%E3%82%B7%E3%83%A7%E3%83%B3-Optimum-Nutrition-%E3%82%AF%E3%83%AC%E3%82%A2%E3%83%81%E3%83%B3%E3%83%91%E3%82%A6%E3%83%80%E3%83%BC-600g/dp/B000BT8U5W/ref=as_li_ss_il?__mk_ja_JP=%E3%82%AB%E3%82%BF%E3%82%AB%E3%83%8A&#038;keywords=%E3%82%AF%E3%83%AC%E3%82%A2%E3%83%81%E3%83%B3&#038;qid=1553338137&#038;s=gateway&#038;sr=8-3&#038;linkCode=li2&#038;tag=drunkar-22&#038;linkId=63b54101aa4a78f96c6739ec39d86e74&#038;language=ja_JP)
2023-07-16 06:27:40 There were 284 links that passed the next "Link Alive Check" confirmation date and time.
2023-07-16 06:27:41 [1] Confirmed the "Link Alive Check". (NextTime=1970-01-01 00:00:00 Result= URL=)
2023-07-16 06:27:41 [2] Confirmed the "Link Alive Check". (NextTime=1970-01-01 00:00:00 Result= URL=)
2023-07-16 06:27:41 [3] Confirmed the "Link Alive Check". (NextTime=1970-01-01 00:00:00 Result= URL=)
2023-07-16 06:27:41 [4] Confirmed the "Link Alive Check". (NextTime=1970-01-01 00:00:00 Result= URL=)
2023-07-16 06:27:42 [5] Confirmed the "Link Alive Check". (NextTime=1970-01-01 00:00:00 Result= URL=)
2023-07-16 06:53:42 There were 284 links that passed the next "Link Alive Check" confirmation date and time.
2023-07-16 06:53:42 [1] Confirmed the "Link Alive Check". (NextTime=1970-01-01 00:00:00 Result= URL=)
2023-07-16 06:53:42 [2] Confirmed the "Link Alive Check". (NextTime=1970-01-01 00:00:00 Result= URL=)
2023-07-16 06:53:43 [3] Confirmed the "Link Alive Check". (NextTime=1970-01-01 00:00:00 Result= URL=)
2023-07-16 06:53:43 [4] Confirmed the "Link Alive Check". (NextTime=1970-01-01 00:00:00 Result= URL=)
2023-07-16 06:53:43 [5] Confirmed the "Link Alive Check". (NextTime=1970-01-01 00:00:00 Result= URL=)
2023-07-16 07:23:26 There were 4 links that passed the next "Check SNS Count" confirmation date and time.
2023-07-16 07:23:26 [1] Confirmed the "Check SNS Count". (NextTime=2021-03-21 05:02:21 URL=https://www.amazon.co.jp/Taulman3D-PC-Alloy910-Taulman3D-Alloy-910-%E3%82%A2%E3%83%AD%E3%82%A4910-1-75mm/dp/B01AY71K5M/ref=as_li_ss_il?ie=UTF8&#038;qid=1523541968&#038;sr=8-1&#038;keywords=alloy+910&#038;linkCode=li2&#038;tag=drunkar-22&#038;linkId=d8e9041dfc8c404620294b339eb3f493)
2023-07-16 07:23:26 [2] Confirmed the "Check SNS Count". (NextTime=2021-04-14 02:34:25 URL=https://github.com/Drunkar/japanese_talk_api_transformer)
2023-07-16 07:23:26 [3] Confirmed the "Check SNS Count". (NextTime=2021-04-15 03:44:18 URL=https://sekailab.com/wp/2019/01/08/google-translate-tools-for-english-papers)
2023-07-16 07:23:26 [4] Confirmed the "Check SNS Count". (NextTime=2021-03-22 14:03:05 URL=https://sekailab.com/wp/2018/06/09/best-practice-of-cooling-razer-blade/)
2023-07-16 07:27:50 There were 284 links that passed the next "Link Alive Check" confirmation date and time.
2023-07-16 07:27:50 [1] Confirmed the "Link Alive Check". (NextTime=1970-01-01 00:00:00 Result= URL=)
2023-07-16 07:27:50 [2] Confirmed the "Link Alive Check". (NextTime=1970-01-01 00:00:00 Result= URL=)
2023-07-16 07:27:50 [3] Confirmed the "Link Alive Check". (NextTime=1970-01-01 00:00:00 Result= URL=)
2023-07-16 07:27:51 [4] Confirmed the "Link Alive Check". (NextTime=1970-01-01 00:00:00 Result= URL=)
2023-07-16 07:27:51 [5] Confirmed the "Link Alive Check". (NextTime=1970-01-01 00:00:00 Result= URL=)
2023-07-16 07:54:54 There were 284 links that passed the next "Link Alive Check" confirmation date and time.
2023-07-16 07:54:54 [1] Confirmed the "Link Alive Check". (NextTime=1970-01-01 00:00:00 Result= URL=)
2023-07-16 07:54:55 [2] Confirmed the "Link Alive Check". (NextTime=1970-01-01 00:00:00 Result= URL=)
2023-07-16 07:54:55 [3] Confirmed the "Link Alive Check". (NextTime=1970-01-01 00:00:00 Result= URL=)
2023-07-16 07:54:55 [4] Confirmed the "Link Alive Check". (NextTime=1970-01-01 00:00:00 Result= URL=)
2023-07-16 07:54:55 [5] Confirmed the "Link Alive Check". (NextTime=1970-01-01 00:00:00 Result= URL=)
2023-07-16 08:23:45 There were 5 links that passed the next "Check SNS Count" confirmation date and time.
2023-07-16 08:23:45 [1] Confirmed the "Check SNS Count". (NextTime=2021-03-25 22:34:38 URL=https://www.amazon.co.jp/gp/product/B00JM2NQBM/ref=as_li_ss_il?ie=UTF8&#038;psc=1&#038;linkCode=li2&#038;tag=drunkar-22&#038;linkId=c7b9134e3fa6e93ab805acb19c5eb756)
2023-07-16 08:23:45 [2] Confirmed the "Check SNS Count". (NextTime=2021-03-26 08:44:23 URL=https://www.switch-science.com/catalog/5760/)
2023-07-16 08:23:45 [3] Confirmed the "Check SNS Count". (NextTime=2021-03-23 13:11:35 URL=https://developer.nvidia.com/cuda-80-download-archive)
2023-07-16 08:23:45 [4] Confirmed the "Check SNS Count". (NextTime=2021-03-25 11:34:23 URL=https://www.amazon.co.jp/dp/B07X37WWV2/ref=as_li_ss_il?_encoding=UTF8&#038;psc=1&#038;linkCode=li2&#038;tag=drunkar-22&#038;linkId=e9c9a5b2ef13df006a8643907b926818&#038;language=ja_JP)
2023-07-16 08:23:45 [5] Confirmed the "Check SNS Count". (NextTime=2021-03-25 06:59:47 URL=https://yujisoftware.hatenablog.com/entry/2021/01/16/232841)
2023-07-16 08:27:27 There were 0 links that passed the next "Check SNS Count" confirmation date and time.
2023-07-16 08:30:28 There were 284 links that passed the next "Link Alive Check" confirmation date and time.
2023-07-16 08:30:28 [1] Confirmed the "Link Alive Check". (NextTime=1970-01-01 00:00:00 Result= URL=)
2023-07-16 08:30:28 [2] Confirmed the "Link Alive Check". (NextTime=1970-01-01 00:00:00 Result= URL=)
2023-07-16 08:30:28 [3] Confirmed the "Link Alive Check". (NextTime=1970-01-01 00:00:00 Result= URL=)
2023-07-16 08:30:29 [4] Confirmed the "Link Alive Check". (NextTime=1970-01-01 00:00:00 Result= URL=)
2023-07-16 08:30:29 [5] Confirmed the "Link Alive Check". (NextTime=1970-01-01 00:00:00 Result= URL=)
2023-07-16 08:55:08 There were 284 links that passed the next "Link Alive Check" confirmation date and time.
2023-07-16 08:55:08 [1] Confirmed the "Link Alive Check". (NextTime=1970-01-01 00:00:00 Result= URL=)
2023-07-16 08:55:08 [2] Confirmed the "Link Alive Check". (NextTime=1970-01-01 00:00:00 Result= URL=)
2023-07-16 08:55:09 [3] Confirmed the "Link Alive Check". (NextTime=1970-01-01 00:00:00 Result= URL=)
2023-07-16 08:55:09 [4] Confirmed the "Link Alive Check". (NextTime=1970-01-01 00:00:00 Result= URL=)
2023-07-16 08:55:09 [5] Confirmed the "Link Alive Check". (NextTime=1970-01-01 00:00:00 Result= URL=)
2023-07-16 09:28:07 There were 1 links that passed the next "Check SNS Count" confirmation date and time.
2023-07-16 09:28:07 [1] Confirmed the "Check SNS Count". (NextTime=2021-04-06 07:43:26 URL=https://www.thingiverse.com/thing:2256659)
2023-07-16 09:31:53 There were 284 links that passed the next "Link Alive Check" confirmation date and time.
2023-07-16 09:31:53 [1] Confirmed the "Link Alive Check". (NextTime=1970-01-01 00:00:00 Result= URL=)
2023-07-16 09:31:54 [2] Confirmed the "Link Alive Check". (NextTime=1970-01-01 00:00:00 Result= URL=)
2023-07-16 09:31:54 [3] Confirmed the "Link Alive Check". (NextTime=1970-01-01 00:00:00 Result= URL=)
2023-07-16 09:31:54 [4] Confirmed the "Link Alive Check". (NextTime=1970-01-01 00:00:00 Result= URL=)
2023-07-16 09:31:54 [5] Confirmed the "Link Alive Check". (NextTime=1970-01-01 00:00:00 Result= URL=)
2023-07-16 09:56:41 There were 284 links that passed the next "Link Alive Check" confirmation date and time.
2023-07-16 09:56:42 [1] Confirmed the "Link Alive Check". (NextTime=1970-01-01 00:00:00 Result= URL=)
2023-07-16 09:56:42 [2] Confirmed the "Link Alive Check". (NextTime=1970-01-01 00:00:00 Result= URL=)
2023-07-16 09:56:42 [3] Confirmed the "Link Alive Check". (NextTime=1970-01-01 00:00:00 Result= URL=)
2023-07-16 09:56:42 [4] Confirmed the "Link Alive Check". (NextTime=1970-01-01 00:00:00 Result= URL=)
2023-07-16 09:56:43 [5] Confirmed the "Link Alive Check". (NextTime=1970-01-01 00:00:00 Result= URL=)
2023-07-16 10:23:09 There were 0 links that passed the next "Check SNS Count" confirmation date and time.
2023-07-16 10:34:35 There were 284 links that passed the next "Link Alive Check" confirmation date and time.
2023-07-16 10:34:36 [1] Confirmed the "Link Alive Check". (NextTime=1970-01-01 00:00:00 Result= URL=)
2023-07-16 10:34:36 [2] Confirmed the "Link Alive Check". (NextTime=1970-01-01 00:00:00 Result= URL=)
2023-07-16 10:34:36 [3] Confirmed the "Link Alive Check". (NextTime=1970-01-01 00:00:00 Result= URL=)
2023-07-16 10:34:36 [4] Confirmed the "Link Alive Check". (NextTime=1970-01-01 00:00:00 Result= URL=)
2023-07-16 10:34:37 [5] Confirmed the "Link Alive Check". (NextTime=1970-01-01 00:00:00 Result= URL=)
2023-07-16 11:02:01 There were 284 links that passed the next "Link Alive Check" confirmation date and time.
2023-07-16 11:02:02 [1] Confirmed the "Link Alive Check". (NextTime=1970-01-01 00:00:00 Result= URL=)
2023-07-16 11:02:02 [2] Confirmed the "Link Alive Check". (NextTime=1970-01-01 00:00:00 Result= URL=)
2023-07-16 11:02:02 [3] Confirmed the "Link Alive Check". (NextTime=1970-01-01 00:00:00 Result= URL=)
2023-07-16 11:02:02 [4] Confirmed the "Link Alive Check". (NextTime=1970-01-01 00:00:00 Result= URL=)
2023-07-16 11:02:03 [5] Confirmed the "Link Alive Check". (NextTime=1970-01-01 00:00:00 Result= URL=)
2023-07-16 11:26:32 There were 0 links that passed the next "Check SNS Count" confirmation date and time.
2023-07-16 11:36:58 There were 284 links that passed the next "Link Alive Check" confirmation date and time.
2023-07-16 11:36:59 [1] Confirmed the "Link Alive Check". (NextTime=1970-01-01 00:00:00 Result= URL=)
2023-07-16 11:36:59 [2] Confirmed the "Link Alive Check". (NextTime=1970-01-01 00:00:00 Result= URL=)
2023-07-16 11:36:59 [3] Confirmed the "Link Alive Check". (NextTime=1970-01-01 00:00:00 Result= URL=)
2023-07-16 11:36:59 [4] Confirmed the "Link Alive Check". (NextTime=1970-01-01 00:00:00 Result= URL=)
2023-07-16 11:37:00 [5] Confirmed the "Link Alive Check". (NextTime=1970-01-01 00:00:00 Result= URL=)
2023-07-16 12:03:23 There were 284 links that passed the next "Link Alive Check" confirmation date and time.
2023-07-16 12:03:23 [1] Confirmed the "Link Alive Check". (NextTime=1970-01-01 00:00:00 Result= URL=)
2023-07-16 12:03:24 [2] Confirmed the "Link Alive Check". (NextTime=1970-01-01 00:00:00 Result= URL=)
2023-07-16 12:03:24 [3] Confirmed the "Link Alive Check". (NextTime=1970-01-01 00:00:00 Result= URL=)
2023-07-16 12:03:24 [4] Confirmed the "Link Alive Check". (NextTime=1970-01-01 00:00:00 Result= URL=)
2023-07-16 12:03:24 [5] Confirmed the "Link Alive Check". (NextTime=1970-01-01 00:00:00 Result= URL=)
2023-07-16 12:23:14 There were 1 links that passed the next "Check SNS Count" confirmation date and time.
2023-07-16 12:23:14 [1] Confirmed the "Check SNS Count". (NextTime=2021-03-22 00:13:21 URL=https://www.amazon.co.jp/ZORTRAX-%E3%80%90%E6%AD%A3%E8%A6%8F%E4%BB%A3%E7%90%86%E5%BA%97%E3%80%91ZORTRAX-M200-3D%E3%83%97%E3%83%AA%E3%83%B3%E3%82%BF%E3%83%BC-FDM/dp/B00UWEZ8RE/ref=as_li_ss_il?ie=UTF8&#038;qid=1514638656&#038;sr=8-1&#038;keywords=zortrax+m200&#038;linkCode=li2&#038;tag=drunkar-22&#038;linkId=8b8050f533516d0f9f8e07e71693bd99)
2023-07-16 12:38:34 There were 284 links that passed the next "Link Alive Check" confirmation date and time.
2023-07-16 12:38:34 [1] Confirmed the "Link Alive Check". (NextTime=1970-01-01 00:00:00 Result= URL=)
2023-07-16 12:38:34 [2] Confirmed the "Link Alive Check". (NextTime=1970-01-01 00:00:00 Result= URL=)
2023-07-16 12:38:35 [3] Confirmed the "Link Alive Check". (NextTime=1970-01-01 00:00:00 Result= URL=)
2023-07-16 12:38:35 [4] Confirmed the "Link Alive Check". (NextTime=1970-01-01 00:00:00 Result= URL=)
2023-07-16 12:38:35 [5] Confirmed the "Link Alive Check". (NextTime=1970-01-01 00:00:00 Result= URL=)
2023-07-16 13:03:24 There were 284 links that passed the next "Link Alive Check" confirmation date and time.
2023-07-16 13:03:24 [1] Confirmed the "Link Alive Check". (NextTime=1970-01-01 00:00:00 Result= URL=)
2023-07-16 13:03:25 [2] Confirmed the "Link Alive Check". (NextTime=1970-01-01 00:00:00 Result= URL=)
2023-07-16 13:03:25 [3] Confirmed the "Link Alive Check". (NextTime=1970-01-01 00:00:00 Result= URL=)
2023-07-16 13:03:25 [4] Confirmed the "Link Alive Check". (NextTime=1970-01-01 00:00:00 Result= URL=)
2023-07-16 13:03:25 [5] Confirmed the "Link Alive Check". (NextTime=1970-01-01 00:00:00 Result= URL=)
2023-07-16 13:28:13 There were 1 links that passed the next "Check SNS Count" confirmation date and time.
2023-07-16 13:28:13 [1] Confirmed the "Check SNS Count". (NextTime=2021-03-21 20:42:31 URL=https://sekailab.com/wp/2013/02/23/%e5%bb%ba%e7%af%89%e6%89%b9%e8%a9%95%e7%a9%ba%e9%96%93%e3%82%92%e5%8f%af%e8%a6%96%e5%8c%96%e3%81%97%e3%81%a6%e3%81%bf%e3%81%9f/)
2023-07-16 13:38:37 There were 284 links that passed the next "Link Alive Check" confirmation date and time.
2023-07-16 13:38:37 [1] Confirmed the "Link Alive Check". (NextTime=1970-01-01 00:00:00 Result= URL=)
2023-07-16 13:38:37 [2] Confirmed the "Link Alive Check". (NextTime=1970-01-01 00:00:00 Result= URL=)
2023-07-16 13:38:38 [3] Confirmed the "Link Alive Check". (NextTime=1970-01-01 00:00:00 Result= URL=)
2023-07-16 13:38:38 [4] Confirmed the "Link Alive Check". (NextTime=1970-01-01 00:00:00 Result= URL=)
2023-07-16 13:38:38 [5] Confirmed the "Link Alive Check". (NextTime=1970-01-01 00:00:00 Result= URL=)
2023-07-16 14:04:16 There were 284 links that passed the next "Link Alive Check" confirmation date and time.
2023-07-16 14:04:16 [1] Confirmed the "Link Alive Check". (NextTime=1970-01-01 00:00:00 Result= URL=)
2023-07-16 14:04:17 [2] Confirmed the "Link Alive Check". (NextTime=1970-01-01 00:00:00 Result= URL=)
2023-07-16 14:04:17 [3] Confirmed the "Link Alive Check". (NextTime=1970-01-01 00:00:00 Result= URL=)
2023-07-16 14:04:17 [4] Confirmed the "Link Alive Check". (NextTime=1970-01-01 00:00:00 Result= URL=)
2023-07-16 14:04:17 [5] Confirmed the "Link Alive Check". (NextTime=1970-01-01 00:00:00 Result= URL=)
2023-07-16 14:23:06 There were 2 links that passed the next "Check SNS Count" confirmation date and time.
2023-07-16 14:23:06 [1] Confirmed the "Check SNS Count". (NextTime=2021-04-15 15:59:20 URL=https://sekailab.com/wp/2018/08/31/review-mistel-barocco-md650l)
2023-07-16 14:23:06 [2] Confirmed the "Check SNS Count". (NextTime=2021-04-15 12:55:42 URL=https://ja.aliexpress.com/item/Wholesale-camera-flash-bracket-L-bracket-bilateral-frame-twin-double-L-bracket-L-bracket/32323286127.html)
2023-07-16 14:38:39 There were 284 links that passed the next "Link Alive Check" confirmation date and time.
2023-07-16 14:38:40 [1] Confirmed the "Link Alive Check". (NextTime=1970-01-01 00:00:00 Result= URL=)
2023-07-16 14:38:40 [2] Confirmed the "Link Alive Check". (NextTime=1970-01-01 00:00:00 Result= URL=)
2023-07-16 14:38:40 [3] Confirmed the "Link Alive Check". (NextTime=1970-01-01 00:00:00 Result= URL=)
2023-07-16 14:38:41 [4] Confirmed the "Link Alive Check". (NextTime=1970-01-01 00:00:00 Result= URL=)
2023-07-16 14:38:41 [5] Confirmed the "Link Alive Check". (NextTime=1970-01-01 00:00:00 Result= URL=)
2023-07-16 15:05:21 There were 284 links that passed the next "Link Alive Check" confirmation date and time.
2023-07-16 15:05:22 [1] Confirmed the "Link Alive Check". (NextTime=1970-01-01 00:00:00 Result= URL=)
2023-07-16 15:05:22 [2] Confirmed the "Link Alive Check". (NextTime=1970-01-01 00:00:00 Result= URL=)
2023-07-16 15:05:22 [3] Confirmed the "Link Alive Check". (NextTime=1970-01-01 00:00:00 Result= URL=)
2023-07-16 15:05:22 [4] Confirmed the "Link Alive Check". (NextTime=1970-01-01 00:00:00 Result= URL=)
2023-07-16 15:05:22 [5] Confirmed the "Link Alive Check". (NextTime=1970-01-01 00:00:00 Result= URL=)
2023-07-16 15:23:04 There were 1 links that passed the next "Check SNS Count" confirmation date and time.
2023-07-16 15:23:04 [1] Confirmed the "Check SNS Count". (NextTime=2021-04-06 01:15:34 URL=https://www.kanzen-creditcard.com/knowledge/exchange_rate.html)
2023-07-16 15:23:18 There were 0 links that passed the next "Check SNS Count" confirmation date and time.
2023-07-16 15:38:53 There were 284 links that passed the next "Link Alive Check" confirmation date and time.
2023-07-16 15:38:53 [1] Confirmed the "Link Alive Check". (NextTime=1970-01-01 00:00:00 Result= URL=)
2023-07-16 15:38:54 [2] Confirmed the "Link Alive Check". (NextTime=1970-01-01 00:00:00 Result= URL=)
2023-07-16 15:38:54 [3] Confirmed the "Link Alive Check". (NextTime=1970-01-01 00:00:00 Result= URL=)
2023-07-16 15:38:54 [4] Confirmed the "Link Alive Check". (NextTime=1970-01-01 00:00:00 Result= URL=)
2023-07-16 15:38:54 [5] Confirmed the "Link Alive Check". (NextTime=1970-01-01 00:00:00 Result= URL=)
2023-07-16 15:53:42 There were 284 links that passed the next "Link Alive Check" confirmation date and time.
2023-07-16 15:53:42 [1] Confirmed the "Link Alive Check". (NextTime=1970-01-01 00:00:00 Result= URL=)
2023-07-16 15:53:42 [2] Confirmed the "Link Alive Check". (NextTime=1970-01-01 00:00:00 Result= URL=)
2023-07-16 15:53:43 [3] Confirmed the "Link Alive Check". (NextTime=1970-01-01 00:00:00 Result= URL=)
2023-07-16 15:53:43 [4] Confirmed the "Link Alive Check". (NextTime=1970-01-01 00:00:00 Result= URL=)
2023-07-16 15:53:43 [5] Confirmed the "Link Alive Check". (NextTime=1970-01-01 00:00:00 Result= URL=)
2023-07-16 16:06:24 There were 284 links that passed the next "Link Alive Check" confirmation date and time.
2023-07-16 16:06:24 [1] Confirmed the "Link Alive Check". (NextTime=1970-01-01 00:00:00 Result= URL=)
2023-07-16 16:06:24 [2] Confirmed the "Link Alive Check". (NextTime=1970-01-01 00:00:00 Result= URL=)
2023-07-16 16:06:24 [3] Confirmed the "Link Alive Check". (NextTime=1970-01-01 00:00:00 Result= URL=)
2023-07-16 16:06:25 [4] Confirmed the "Link Alive Check". (NextTime=1970-01-01 00:00:00 Result= URL=)
2023-07-16 16:06:25 [5] Confirmed the "Link Alive Check". (NextTime=1970-01-01 00:00:00 Result= URL=)
2023-07-16 16:24:45 There were 1 links that passed the next "Check SNS Count" confirmation date and time.
2023-07-16 16:24:45 [1] Confirmed the "Check SNS Count". (NextTime=2021-03-24 11:04:11 URL=https://www.amazon.co.jp/%E6%B5%B7%E5%A4%96%E7%9B%B4%E9%80%81%E5%93%81-Supplements-Chocolate-Brownie-2-18kg/dp/B00DCNIGS0/ref=as_li_ss_il?s=hpc&#038;ie=UTF8&#038;qid=1483631751&#038;sr=1-14&#038;keywords=%E3%83%97%E3%83%AD%E3%83%86%E3%82%A4%E3%83%B3&#038;linkCode=li2&#038;tag=drunkar-22&#038;linkId=2e1a1e5a1a859065e9cab108a67a9c6b)
2023-07-16 16:39:19 There were 284 links that passed the next "Link Alive Check" confirmation date and time.
2023-07-16 16:39:19 [1] Confirmed the "Link Alive Check". (NextTime=1970-01-01 00:00:00 Result= URL=)
2023-07-16 16:39:19 [2] Confirmed the "Link Alive Check". (NextTime=1970-01-01 00:00:00 Result= URL=)
2023-07-16 16:39:19 [3] Confirmed the "Link Alive Check". (NextTime=1970-01-01 00:00:00 Result= URL=)
2023-07-16 16:39:19 [4] Confirmed the "Link Alive Check". (NextTime=1970-01-01 00:00:00 Result= URL=)
2023-07-16 16:39:20 [5] Confirmed the "Link Alive Check". (NextTime=1970-01-01 00:00:00 Result= URL=)
2023-07-16 16:55:38 There were 284 links that passed the next "Link Alive Check" confirmation date and time.
2023-07-16 16:55:38 [1] Confirmed the "Link Alive Check". (NextTime=1970-01-01 00:00:00 Result= URL=)
2023-07-16 16:55:39 [2] Confirmed the "Link Alive Check". (NextTime=1970-01-01 00:00:00 Result= URL=)
2023-07-16 16:55:39 [3] Confirmed the "Link Alive Check". (NextTime=1970-01-01 00:00:00 Result= URL=)
2023-07-16 16:55:39 [4] Confirmed the "Link Alive Check". (NextTime=1970-01-01 00:00:00 Result= URL=)
2023-07-16 16:55:39 [5] Confirmed the "Link Alive Check". (NextTime=1970-01-01 00:00:00 Result= URL=)
2023-07-16 17:06:43 There were 284 links that passed the next "Link Alive Check" confirmation date and time.
2023-07-16 17:06:43 [1] Confirmed the "Link Alive Check". (NextTime=1970-01-01 00:00:00 Result= URL=)
2023-07-16 17:06:44 [2] Confirmed the "Link Alive Check". (NextTime=1970-01-01 00:00:00 Result= URL=)
2023-07-16 17:06:44 [3] Confirmed the "Link Alive Check". (NextTime=1970-01-01 00:00:00 Result= URL=)
2023-07-16 17:06:44 [4] Confirmed the "Link Alive Check". (NextTime=1970-01-01 00:00:00 Result= URL=)
2023-07-16 17:06:44 [5] Confirmed the "Link Alive Check". (NextTime=1970-01-01 00:00:00 Result= URL=)
2023-07-16 17:26:39 There were 3 links that passed the next "Check SNS Count" confirmation date and time.
2023-07-16 17:26:39 [1] Confirmed the "Check SNS Count". (NextTime=2021-03-20 16:04:00 URL=https://sekailab.com/wp/2018/11/15/build-1755-mhz-oc-rtx-20180-ti-pc-in-280000-jpy/)
2023-07-16 17:26:39 [2] Confirmed the "Check SNS Count". (NextTime=2021-03-22 05:33:24 URL=https://www.amazon.co.jp/gp/product/B00LGAU7WO/ref=as_li_ss_il?ie=UTF8&#038;psc=1&#038;linkCode=li2&#038;tag=drunkar-22&#038;linkId=a24e4f0bb7c42a7c16b11dcd004bcdce&#038;language=ja_JP)
2023-07-16 17:26:40 [3] Confirmed the "Check SNS Count". (NextTime=2021-04-15 10:00:06 URL=https://sekailab.com/wp/2019/03/31/deep-learning-framworks-windows10)
2023-07-16 17:39:46 There were 284 links that passed the next "Link Alive Check" confirmation date and time.
2023-07-16 17:39:46 [1] Confirmed the "Link Alive Check". (NextTime=1970-01-01 00:00:00 Result= URL=)
2023-07-16 17:39:46 [2] Confirmed the "Link Alive Check". (NextTime=1970-01-01 00:00:00 Result= URL=)
2023-07-16 17:39:47 [3] Confirmed the "Link Alive Check". (NextTime=1970-01-01 00:00:00 Result= URL=)
2023-07-16 17:39:47 [4] Confirmed the "Link Alive Check". (NextTime=1970-01-01 00:00:00 Result= URL=)
2023-07-16 17:39:47 [5] Confirmed the "Link Alive Check". (NextTime=1970-01-01 00:00:00 Result= URL=)
2023-07-16 17:55:45 There were 284 links that passed the next "Link Alive Check" confirmation date and time.
2023-07-16 17:55:45 [1] Confirmed the "Link Alive Check". (NextTime=1970-01-01 00:00:00 Result= URL=)
2023-07-16 17:55:45 [2] Confirmed the "Link Alive Check". (NextTime=1970-01-01 00:00:00 Result= URL=)
2023-07-16 17:55:45 [3] Confirmed the "Link Alive Check". (NextTime=1970-01-01 00:00:00 Result= URL=)
2023-07-16 17:55:46 [4] Confirmed the "Link Alive Check". (NextTime=1970-01-01 00:00:00 Result= URL=)
2023-07-16 17:55:46 [5] Confirmed the "Link Alive Check". (NextTime=1970-01-01 00:00:00 Result= URL=)
2023-07-16 18:07:01 There were 284 links that passed the next "Link Alive Check" confirmation date and time.
2023-07-16 18:07:02 [1] Confirmed the "Link Alive Check". (NextTime=1970-01-01 00:00:00 Result= URL=)
2023-07-16 18:07:02 [2] Confirmed the "Link Alive Check". (NextTime=1970-01-01 00:00:00 Result= URL=)
2023-07-16 18:07:02 [3] Confirmed the "Link Alive Check". (NextTime=1970-01-01 00:00:00 Result= URL=)
2023-07-16 18:07:03 [4] Confirmed the "Link Alive Check". (NextTime=1970-01-01 00:00:00 Result= URL=)
2023-07-16 18:07:03 [5] Confirmed the "Link Alive Check". (NextTime=1970-01-01 00:00:00 Result= URL=)
2023-07-16 18:26:00 There were 3 links that passed the next "Check SNS Count" confirmation date and time.
2023-07-16 18:26:01 [1] Confirmed the "Check SNS Count". (NextTime=2021-04-14 22:33:14 URL=https://www.amazon.co.jp/Gold-Standard-100-%E3%82%A8%E3%82%AF%E3%82%B9%E3%83%88%E3%83%AA%E3%83%BC%E3%83%A0%E3%83%81%E3%83%A7%E3%82%B3%E3%83%AC%E3%83%BC%E3%83%88-2-27kg/dp/B01L1NX32Q/ref=as_li_ss_il?ie=UTF8&#038;qid=1483631295&#038;sr=8-2&#038;keywords=Gold+Standard+100%&#038;linkCode=li2&#038;tag=drunkar-22&#038;linkId=1e8286abc92678776dfd2dfeef1b05e3)
2023-07-16 18:26:01 [2] Confirmed the "Check SNS Count". (NextTime=2021-03-21 17:50:06 URL=https://www.amazon.co.jp/%E3%83%AD%E3%82%B8%E3%82%AF%E3%83%BC%E3%83%AB-USB%E3%83%98%E3%83%83%E3%83%89%E3%82%BB%E3%83%83%E3%83%88Logicool-Headset-H390-H390R/dp/B079WKMMBM/ref=as_li_ss_il?__mk_ja_JP=%E3%82%AB%E3%82%BF%E3%82%AB%E3%83%8A&#038;dchild=1&#038;keywords=%E3%83%AD%E3%82%B8%E3%82%AF%E3%83%BC%E3%83%AB+H390&#038;qid=1598263960&#038;sr=8-2&#038;linkCode=li2&#038;tag=drunkar-22&#038;linkId=986cdeae0b10b04d9002c97aa5382f07)
2023-07-16 18:26:01 [3] Confirmed the "Check SNS Count". (NextTime=2021-04-15 21:59:51 URL=https://sekailab.com/wp/2018/01/01/crawl-anyway-2018)
2023-07-16 18:39:53 There were 284 links that passed the next "Link Alive Check" confirmation date and time.
2023-07-16 18:39:53 [1] Confirmed the "Link Alive Check". (NextTime=1970-01-01 00:00:00 Result= URL=)
2023-07-16 18:39:53 [2] Confirmed the "Link Alive Check". (NextTime=1970-01-01 00:00:00 Result= URL=)
2023-07-16 18:39:53 [3] Confirmed the "Link Alive Check". (NextTime=1970-01-01 00:00:00 Result= URL=)
2023-07-16 18:39:54 [4] Confirmed the "Link Alive Check". (NextTime=1970-01-01 00:00:00 Result= URL=)
2023-07-16 18:39:54 [5] Confirmed the "Link Alive Check". (NextTime=1970-01-01 00:00:00 Result= URL=)
2023-07-16 18:56:02 There were 284 links that passed the next "Link Alive Check" confirmation date and time.
2023-07-16 18:56:02 [1] Confirmed the "Link Alive Check". (NextTime=1970-01-01 00:00:00 Result= URL=)
2023-07-16 18:56:02 [2] Confirmed the "Link Alive Check". (NextTime=1970-01-01 00:00:00 Result= URL=)
2023-07-16 18:56:03 [3] Confirmed the "Link Alive Check". (NextTime=1970-01-01 00:00:00 Result= URL=)
2023-07-16 18:56:03 [4] Confirmed the "Link Alive Check". (NextTime=1970-01-01 00:00:00 Result= URL=)
2023-07-16 18:56:03 [5] Confirmed the "Link Alive Check". (NextTime=1970-01-01 00:00:00 Result= URL=)
2023-07-16 19:07:31 There were 284 links that passed the next "Link Alive Check" confirmation date and time.
2023-07-16 19:07:31 [1] Confirmed the "Link Alive Check". (NextTime=1970-01-01 00:00:00 Result= URL=)
2023-07-16 19:07:32 [2] Confirmed the "Link Alive Check". (NextTime=1970-01-01 00:00:00 Result= URL=)
2023-07-16 19:07:32 [3] Confirmed the "Link Alive Check". (NextTime=1970-01-01 00:00:00 Result= URL=)
2023-07-16 19:07:32 [4] Confirmed the "Link Alive Check". (NextTime=1970-01-01 00:00:00 Result= URL=)
2023-07-16 19:07:32 [5] Confirmed the "Link Alive Check". (NextTime=1970-01-01 00:00:00 Result= URL=)
2023-07-16 19:25:02 There were 2 links that passed the next "Check SNS Count" confirmation date and time.
2023-07-16 19:25:02 [1] Confirmed the "Check SNS Count". (NextTime=2021-04-14 14:42:51 URL=https://ja.wikipedia.org/wiki/%E5%BA%83%E6%B7%B1%E6%B8%AF%E9%AB%98%E9%80%9F%E9%89%84%E9%81%93)
2023-07-16 19:25:02 [2] Confirmed the "Check SNS Count". (NextTime=2021-03-21 15:25:48 URL=https://www.amazon.co.jp/gp/product/B07QXMNF1X/ref=as_li_ss_il?ie=UTF8&#038;psc=1&#038;linkCode=li2&#038;tag=drunkar-22&#038;linkId=537e4ae9eb1c1d73f28520e1f2a9e9b7)
2023-07-16 19:40:26 There were 284 links that passed the next "Link Alive Check" confirmation date and time.
2023-07-16 19:40:27 [1] Confirmed the "Link Alive Check". (NextTime=1970-01-01 00:00:00 Result= URL=)
2023-07-16 19:40:27 [2] Confirmed the "Link Alive Check". (NextTime=1970-01-01 00:00:00 Result= URL=)
2023-07-16 19:40:27 [3] Confirmed the "Link Alive Check". (NextTime=1970-01-01 00:00:00 Result= URL=)
2023-07-16 19:40:27 [4] Confirmed the "Link Alive Check". (NextTime=1970-01-01 00:00:00 Result= URL=)
2023-07-16 19:40:28 [5] Confirmed the "Link Alive Check". (NextTime=1970-01-01 00:00:00 Result= URL=)
2023-07-16 19:56:19 There were 284 links that passed the next "Link Alive Check" confirmation date and time.
2023-07-16 19:56:19 [1] Confirmed the "Link Alive Check". (NextTime=1970-01-01 00:00:00 Result= URL=)
2023-07-16 19:56:19 [2] Confirmed the "Link Alive Check". (NextTime=1970-01-01 00:00:00 Result= URL=)
2023-07-16 19:56:19 [3] Confirmed the "Link Alive Check". (NextTime=1970-01-01 00:00:00 Result= URL=)
2023-07-16 19:56:20 [4] Confirmed the "Link Alive Check". (NextTime=1970-01-01 00:00:00 Result= URL=)
2023-07-16 19:56:20 [5] Confirmed the "Link Alive Check". (NextTime=1970-01-01 00:00:00 Result= URL=)
2023-07-16 20:08:05 There were 284 links that passed the next "Link Alive Check" confirmation date and time.
2023-07-16 20:08:05 [1] Confirmed the "Link Alive Check". (NextTime=1970-01-01 00:00:00 Result= URL=)
2023-07-16 20:08:05 [2] Confirmed the "Link Alive Check". (NextTime=1970-01-01 00:00:00 Result= URL=)
2023-07-16 20:08:06 [3] Confirmed the "Link Alive Check". (NextTime=1970-01-01 00:00:00 Result= URL=)
2023-07-16 20:08:06 [4] Confirmed the "Link Alive Check". (NextTime=1970-01-01 00:00:00 Result= URL=)
2023-07-16 20:08:06 [5] Confirmed the "Link Alive Check". (NextTime=1970-01-01 00:00:00 Result= URL=)
2023-07-16 20:24:53 There were 3 links that passed the next "Check SNS Count" confirmation date and time.
2023-07-16 20:24:53 [1] Confirmed the "Check SNS Count". (NextTime=2021-04-07 14:47:21 URL=https://www.banggood.com/Vivibright-GP100UP-Android-6_01-WIFI-Smart-LED-Projector-3500-Lumens-1280x800p-1080P-HD-Home-Theater-p-1203164.html?p=YT180431296767201903&#038;cur_warehouse=CN)
2023-07-16 20:24:53 [2] Confirmed the "Check SNS Count". (NextTime=2021-04-05 01:16:25 URL=https://sekailab.com/wp/2019/02/06/rtx2080ti-i9-9900k-failure-mother-dram/)
2023-07-16 20:24:53 [3] Confirmed the "Check SNS Count". (NextTime=2021-03-23 02:02:23 URL=https://sekailab.com/wp/2018/01/12/15w-chinese-laser-cutter-3/)
2023-07-16 20:41:03 There were 284 links that passed the next "Link Alive Check" confirmation date and time.
2023-07-16 20:41:04 [1] Confirmed the "Link Alive Check". (NextTime=1970-01-01 00:00:00 Result= URL=)
2023-07-16 20:41:04 [2] Confirmed the "Link Alive Check". (NextTime=1970-01-01 00:00:00 Result= URL=)
2023-07-16 20:41:04 [3] Confirmed the "Link Alive Check". (NextTime=1970-01-01 00:00:00 Result= URL=)
2023-07-16 20:41:04 [4] Confirmed the "Link Alive Check". (NextTime=1970-01-01 00:00:00 Result= URL=)
2023-07-16 20:41:05 [5] Confirmed the "Link Alive Check". (NextTime=1970-01-01 00:00:00 Result= URL=)
2023-07-16 20:56:22 There were 284 links that passed the next "Link Alive Check" confirmation date and time.
2023-07-16 20:56:22 [1] Confirmed the "Link Alive Check". (NextTime=1970-01-01 00:00:00 Result= URL=)
2023-07-16 20:56:22 [2] Confirmed the "Link Alive Check". (NextTime=1970-01-01 00:00:00 Result= URL=)
2023-07-16 20:56:22 [3] Confirmed the "Link Alive Check". (NextTime=1970-01-01 00:00:00 Result= URL=)
2023-07-16 20:56:23 [4] Confirmed the "Link Alive Check". (NextTime=1970-01-01 00:00:00 Result= URL=)
2023-07-16 20:56:23 [5] Confirmed the "Link Alive Check". (NextTime=1970-01-01 00:00:00 Result= URL=)
2023-07-16 21:08:39 There were 284 links that passed the next "Link Alive Check" confirmation date and time.
2023-07-16 21:08:39 [1] Confirmed the "Link Alive Check". (NextTime=1970-01-01 00:00:00 Result= URL=)
2023-07-16 21:08:40 [2] Confirmed the "Link Alive Check". (NextTime=1970-01-01 00:00:00 Result= URL=)
2023-07-16 21:08:40 [3] Confirmed the "Link Alive Check". (NextTime=1970-01-01 00:00:00 Result= URL=)
2023-07-16 21:08:40 [4] Confirmed the "Link Alive Check". (NextTime=1970-01-01 00:00:00 Result= URL=)
2023-07-16 21:08:40 [5] Confirmed the "Link Alive Check". (NextTime=1970-01-01 00:00:00 Result= URL=)
2023-07-16 21:23:17 There were 0 links that passed the next "Check SNS Count" confirmation date and time.
2023-07-16 21:42:22 There were 284 links that passed the next "Link Alive Check" confirmation date and time.
2023-07-16 21:42:22 [1] Confirmed the "Link Alive Check". (NextTime=1970-01-01 00:00:00 Result= URL=)
2023-07-16 21:42:22 [2] Confirmed the "Link Alive Check". (NextTime=1970-01-01 00:00:00 Result= URL=)
2023-07-16 21:42:22 [3] Confirmed the "Link Alive Check". (NextTime=1970-01-01 00:00:00 Result= URL=)
2023-07-16 21:42:23 [4] Confirmed the "Link Alive Check". (NextTime=1970-01-01 00:00:00 Result= URL=)
2023-07-16 21:42:23 [5] Confirmed the "Link Alive Check". (NextTime=1970-01-01 00:00:00 Result= URL=)
2023-07-16 21:56:47 There were 284 links that passed the next "Link Alive Check" confirmation date and time.
2023-07-16 21:56:47 [1] Confirmed the "Link Alive Check". (NextTime=1970-01-01 00:00:00 Result= URL=)
2023-07-16 21:56:47 [2] Confirmed the "Link Alive Check". (NextTime=1970-01-01 00:00:00 Result= URL=)
2023-07-16 21:56:48 [3] Confirmed the "Link Alive Check". (NextTime=1970-01-01 00:00:00 Result= URL=)
2023-07-16 21:56:48 [4] Confirmed the "Link Alive Check". (NextTime=1970-01-01 00:00:00 Result= URL=)
2023-07-16 21:56:48 [5] Confirmed the "Link Alive Check". (NextTime=1970-01-01 00:00:00 Result= URL=)
2023-07-16 22:08:55 There were 284 links that passed the next "Link Alive Check" confirmation date and time.
2023-07-16 22:08:55 [1] Confirmed the "Link Alive Check". (NextTime=1970-01-01 00:00:00 Result= URL=)
2023-07-16 22:08:55 [2] Confirmed the "Link Alive Check". (NextTime=1970-01-01 00:00:00 Result= URL=)
2023-07-16 22:08:56 [3] Confirmed the "Link Alive Check". (NextTime=1970-01-01 00:00:00 Result= URL=)
2023-07-16 22:08:56 [4] Confirmed the "Link Alive Check". (NextTime=1970-01-01 00:00:00 Result= URL=)
2023-07-16 22:08:56 [5] Confirmed the "Link Alive Check". (NextTime=1970-01-01 00:00:00 Result= URL=)
2023-07-16 22:24:14 There were 1 links that passed the next "Check SNS Count" confirmation date and time.
2023-07-16 22:24:15 [1] Confirmed the "Check SNS Count". (NextTime=2021-04-14 16:19:46 URL=https://sekailab.com/wp/2015/01/04/about-the-beauty)
2023-07-16 22:42:40 There were 284 links that passed the next "Link Alive Check" confirmation date and time.
2023-07-16 22:42:41 [1] Confirmed the "Link Alive Check". (NextTime=1970-01-01 00:00:00 Result= URL=)
2023-07-16 22:42:41 [2] Confirmed the "Link Alive Check". (NextTime=1970-01-01 00:00:00 Result= URL=)
2023-07-16 22:42:41 [3] Confirmed the "Link Alive Check". (NextTime=1970-01-01 00:00:00 Result= URL=)
2023-07-16 22:42:41 [4] Confirmed the "Link Alive Check". (NextTime=1970-01-01 00:00:00 Result= URL=)
2023-07-16 22:42:42 [5] Confirmed the "Link Alive Check". (NextTime=1970-01-01 00:00:00 Result= URL=)
2023-07-16 22:56:49 There were 284 links that passed the next "Link Alive Check" confirmation date and time.
2023-07-16 22:56:49 [1] Confirmed the "Link Alive Check". (NextTime=1970-01-01 00:00:00 Result= URL=)
2023-07-16 22:56:50 [2] Confirmed the "Link Alive Check". (NextTime=1970-01-01 00:00:00 Result= URL=)
2023-07-16 22:56:50 [3] Confirmed the "Link Alive Check". (NextTime=1970-01-01 00:00:00 Result= URL=)
2023-07-16 22:56:50 [4] Confirmed the "Link Alive Check". (NextTime=1970-01-01 00:00:00 Result= URL=)
2023-07-16 22:56:50 [5] Confirmed the "Link Alive Check". (NextTime=1970-01-01 00:00:00 Result= URL=)
2023-07-16 23:10:28 There were 284 links that passed the next "Link Alive Check" confirmation date and time.
2023-07-16 23:10:28 [1] Confirmed the "Link Alive Check". (NextTime=1970-01-01 00:00:00 Result= URL=)
2023-07-16 23:10:28 [2] Confirmed the "Link Alive Check". (NextTime=1970-01-01 00:00:00 Result= URL=)
2023-07-16 23:10:28 [3] Confirmed the "Link Alive Check". (NextTime=1970-01-01 00:00:00 Result= URL=)
2023-07-16 23:10:29 [4] Confirmed the "Link Alive Check". (NextTime=1970-01-01 00:00:00 Result= URL=)
2023-07-16 23:10:29 [5] Confirmed the "Link Alive Check". (NextTime=1970-01-01 00:00:00 Result= URL=)
2023-07-16 23:23:15 There were 2 links that passed the next "Check SNS Count" confirmation date and time.
2023-07-16 23:23:15 [1] Confirmed the "Check SNS Count". (NextTime=2021-03-21 13:10:58 URL=https://sekailab.com/wp/2018/09/04/mistel-barocco-mag-feet/)
2023-07-16 23:23:15 [2] Confirmed the "Check SNS Count". (NextTime=2021-04-17 03:50:01 URL=https://www.amazon.co.jp/HARIO-%E3%83%8F%E3%83%AA%E3%82%AA-%E3%83%89%E3%83%AA%E3%83%83%E3%83%91%E3%83%BC-%E3%82%AB%E3%83%95%E3%82%A7%E3%82%AA%E3%83%BC%E3%83%AB-CFOD-02B/dp/B0040VIN18/ref=as_li_ss_il?__mk_ja_JP=%E3%82%AB%E3%82%BF%E3%82%AB%E3%83%8A&#038;keywords=%E3%82%B3%E3%83%BC%E3%83%92%E3%83%BC%E3%83%95%E3%82%A3%E3%83%AB%E3%82%BF%E3%83%BC+%E9%87%91%E5%B1%9E&#038;qid=1585584028&#038;sr=8-7&#038;linkCode=li2&#038;tag=drunkar-22&#038;linkId=c03c53ade732daac257ada12735145a2)
2023-07-16 23:44:05 There were 284 links that passed the next "Link Alive Check" confirmation date and time.
2023-07-16 23:44:05 [1] Confirmed the "Link Alive Check". (NextTime=1970-01-01 00:00:00 Result= URL=)
2023-07-16 23:44:05 [2] Confirmed the "Link Alive Check". (NextTime=1970-01-01 00:00:00 Result= URL=)
2023-07-16 23:44:05 [3] Confirmed the "Link Alive Check". (NextTime=1970-01-01 00:00:00 Result= URL=)
2023-07-16 23:44:06 [4] Confirmed the "Link Alive Check". (NextTime=1970-01-01 00:00:00 Result= URL=)
2023-07-16 23:44:06 [5] Confirmed the "Link Alive Check". (NextTime=1970-01-01 00:00:00 Result= URL=)
2023-07-16 23:57:31 There were 284 links that passed the next "Link Alive Check" confirmation date and time.
2023-07-16 23:57:32 [1] Confirmed the "Link Alive Check". (NextTime=1970-01-01 00:00:00 Result= URL=)
2023-07-16 23:57:32 [2] Confirmed the "Link Alive Check". (NextTime=1970-01-01 00:00:00 Result= URL=)
2023-07-16 23:57:32 [3] Confirmed the "Link Alive Check". (NextTime=1970-01-01 00:00:00 Result= URL=)
2023-07-16 23:57:32 [4] Confirmed the "Link Alive Check". (NextTime=1970-01-01 00:00:00 Result= URL=)
2023-07-16 23:57:32 [5] Confirmed the "Link Alive Check". (NextTime=1970-01-01 00:00:00 Result= URL=)
